<?xml version="1.0" encoding="UTF-8"?>
<testsuites name="TS001 - Verify Landing Page" time="9.827" tests="1" failures="0" errors="0">
   <testsuite name="TS001 - Verify Landing Page" tests="1" failures="0" errors="0" time="9.827" skipped="0" timestamp="13-07-2024T23:01:09" hostname="Lenovo - LAPTOP-7QB5JFLU" id="Test Suites/Eklipse Test suite/TS001 - Verify Landing Page">
      <properties>
         <property name="deviceName" value=""/>
         <property name="devicePlatform"/>
         <property name="logFolder" value="C:\\Users\\Lenovo\\git\\KatalonPractitionerLevel\\Reports\\20240713_230102\\Eklipse Test suite\\TS001 - Verify Landing Page\\20240713_230103"/>
         <property name="logFiles" value="C:\\Users\\Lenovo\\git\\KatalonPractitionerLevel\\Reports\\20240713_230102\\Eklipse Test suite\\TS001 - Verify Landing Page\\20240713_230103\\execution0.log"/>
         <property name="attachments" value=""/>
         <property name="hostName" value="Lenovo - LAPTOP-7QB5JFLU"/>
         <property name="os" value="Windows 11 64bit"/>
         <property name="katalonVersion" value="9.6.0.217"/>
         <property name="browser" value="Chrome 126.0.0.0"/>
         <property name="hostAddress" value="192.168.1.12"/>
         <property name="sessionId" value="7fae923fcf35ba18c1e5d5410c29503a"/>
         <property name="seleniumVersion" value="3.141.59"/>
         <property name="proxyInformation" value="ProxyInformation { proxyOption=NO_PROXY, proxyServerType=HTTP, username=, password=********, proxyServerAddress=, proxyServerPort=0, executionList=&quot;&quot;, isApplyToDesiredCapabilities=true }"/>
         <property name="platform" value="Windows 11"/>
      </properties>
      <testcase name="Test Cases/Eklipse Test/Landing page/TC003 - Verify web title" time="9.672" classname="Test Cases/Eklipse Test/Landing page/TC003 - Verify web title" status="PASSED">
         <system-out><![CDATA[13-07-2024T23:01:09 - [TEST_CASE][PASSED] - Test Cases/Eklipse Test/Landing page/TC003 - Verify web title: Test Cases/Eklipse Test/Landing page/TC003 - Verify web title

13-07-2024T23:01:09 - [TEST_STEP][PASSED] - openBrowser(""): Browser is opened with url: ''

13-07-2024T23:01:10 - [MESSAGE][INFO] - Starting 'Chrome' driver

13-07-2024T23:01:10 - [MESSAGE][INFO] - Action delay is set to 0 milliseconds

13-07-2024T23:01:11 - [MESSAGE][PASSED] - Browser is opened with url: ''

13-07-2024T23:01:11 - [TEST_STEP][PASSED] - navigateToUrl("https://eklipse.gg/"): Navigate to 'https://eklipse.gg/' successfully

13-07-2024T23:01:19 - [MESSAGE][PASSED] - Navigate to 'https://eklipse.gg/' successfully

13-07-2024T23:01:19 - [TEST_STEP][NOT_RUN] - waitForImagePresent(findTestObject("Eklipse Landing Page/Page_Eklipse/img_Features_logo-desktop"), 3): NOT_RUN: waitForImagePresent(findTestObject("Eklipse Landing Page/Page_Eklipse/img_Features_logo-desktop"), 3)

13-07-2024T23:01:19 - [MESSAGE][NOT_RUN] - NOT_RUN: waitForImagePresent(findTestObject("Eklipse Landing Page/Page_Eklipse/img_Features_logo-desktop"), 3)

13-07-2024T23:01:19 - [TEST_STEP][NOT_RUN] - takeFullPageScreenshot(): NOT_RUN: takeFullPageScreenshot()

13-07-2024T23:01:19 - [MESSAGE][NOT_RUN] - NOT_RUN: takeFullPageScreenshot()

13-07-2024T23:01:19 - [TEST_STEP][PASSED] - title1 = getWindowTitle(): Current window's title is: 'Eklipse - Convert Twitch Clip To TikTok, Reels, & Shorts For Free'

13-07-2024T23:01:19 - [MESSAGE][PASSED] - Current window's title is: 'Eklipse - Convert Twitch Clip To TikTok, Reels, & Shorts For Free'

13-07-2024T23:01:19 - [TEST_STEP][PASSED] - title2 = "Eklipse - Convert Twitch Clip To TikTok, Reels, & Shorts For Free": null

13-07-2024T23:01:19 - [TEST_STEP][PASSED] - verifyEqual(title1, title2): Actual object 'Eklipse - Convert Twitch Clip To TikTok, Reels, & Shorts For Free' and expected object 'Eklipse - Convert Twitch Clip To TikTok, Reels, & Shorts For Free' are equal

13-07-2024T23:01:19 - [MESSAGE][PASSED] - Actual object 'Eklipse - Convert Twitch Clip To TikTok, Reels, & Shorts For Free' and expected object 'Eklipse - Convert Twitch Clip To TikTok, Reels, & Shorts For Free' are equal

13-07-2024T23:01:19 - [TEST_STEP][PASSED] - if (title1.equals(title2)): Execute JavaScript 'alert('PAGE TITLE MATCHED')' successfully

13-07-2024T23:01:19 - [TEST_STEP][PASSED] - comment("PAGE TITLE MATCHED"): PAGE TITLE MATCHED

13-07-2024T23:01:19 - [MESSAGE][INFO] - PAGE TITLE MATCHED

13-07-2024T23:01:19 - [TEST_STEP][PASSED] - executeJavaScript("alert('PAGE TITLE MATCHED')", null): Execute JavaScript 'alert('PAGE TITLE MATCHED')' successfully

13-07-2024T23:01:19 - [MESSAGE][PASSED] - Execute JavaScript 'alert('PAGE TITLE MATCHED')' successfully

13-07-2024T23:01:19 - [TEST_STEP][PASSED] - closeBrowser(): Browser is closed

13-07-2024T23:01:19 - [MESSAGE][PASSED] - Browser is closed]]></system-out>
         <system-err><![CDATA[]]></system-err>
      </testcase>
      <system-out><![CDATA[13-07-2024T23:01:09 - [TEST_SUITE][PASSED] - TS001 - Verify Landing Page: Test Cases/Eklipse Test/Landing page/TC003 - Verify web title]]></system-out>
      <system-err><![CDATA[]]></system-err>
   </testsuite>
</testsuites>
