<?xml version="1.0" encoding="UTF-8"?>
<testsuites name="TS011 - Verify Edited Clips" time="53.953" tests="1" failures="0" errors="0">
   <testsuite name="TS011 - Verify Edited Clips" tests="1" failures="0" errors="0" time="53.953" skipped="0" timestamp="17-07-2024T21:17:19" hostname="Lenovo - LAPTOP-7QB5JFLU" id="Test Suites/Eklipse Test suite/TS011 - Verify Edited Clips">
      <properties>
         <property name="deviceName" value=""/>
         <property name="devicePlatform"/>
         <property name="logFolder" value="C:\\Users\\Lenovo\\git\\KatalonPractitionerLevel\\Reports\\20240717_211710\\Eklipse Test suite\\TS011 - Verify Edited Clips\\20240717_211710"/>
         <property name="logFiles" value="C:\\Users\\Lenovo\\git\\KatalonPractitionerLevel\\Reports\\20240717_211710\\Eklipse Test suite\\TS011 - Verify Edited Clips\\20240717_211710\\execution0.log"/>
         <property name="attachments" value=""/>
         <property name="hostName" value="Lenovo - LAPTOP-7QB5JFLU"/>
         <property name="os" value="Windows 11 64bit"/>
         <property name="katalonVersion" value="9.6.0.217"/>
         <property name="browser" value="Chrome 126.0.0.0"/>
         <property name="hostAddress" value="192.168.1.12"/>
         <property name="sessionId" value="796bcbb4f62b79f7ee6b248d2b3140ba"/>
         <property name="seleniumVersion" value="3.141.59"/>
         <property name="proxyInformation" value="ProxyInformation { proxyOption=NO_PROXY, proxyServerType=HTTP, username=, password=********, proxyServerAddress=, proxyServerPort=0, executionList=&quot;&quot;, isApplyToDesiredCapabilities=true }"/>
         <property name="platform" value="Windows 11"/>
      </properties>
      <testcase name="Test Cases/Eklipse Test/Edited Clips/TC01 - Verify text" time="53.656" classname="Test Cases/Eklipse Test/Edited Clips/TC01 - Verify text" status="PASSED">
         <system-out><![CDATA[17-07-2024T21:17:19 - [TEST_CASE][PASSED] - Test Cases/Eklipse Test/Edited Clips/TC01 - Verify text: Test Cases/Eklipse Test/Edited Clips/TC01 - Verify text

17-07-2024T21:17:20 - [TEST_STEP][PASSED] - callTestCase(findTestCase("Eklipse Test/Landing page/TC001 - Open browser"), [:], STOP_ON_FAILURE): Call Test Case 'Test Cases/Eklipse Test/Landing page/TC001 - Open browser' successfully

17-07-2024T21:17:20 - [TEST_CASE][PASSED] - Test Cases/Eklipse Test/Landing page/TC001 - Open browser: Test Cases/Eklipse Test/Landing page/TC001 - Open browser

17-07-2024T21:17:20 - [TEST_STEP][PASSED] - openBrowser(""): Browser is opened with url: ''

17-07-2024T21:17:20 - [MESSAGE][INFO] - Starting 'Chrome' driver

17-07-2024T21:17:20 - [MESSAGE][INFO] - Action delay is set to 0 milliseconds

17-07-2024T21:17:22 - [MESSAGE][PASSED] - Browser is opened with url: ''

17-07-2024T21:17:22 - [TEST_STEP][PASSED] - navigateToUrl("https://eklipse.gg/"): Navigate to 'https://eklipse.gg/' successfully

17-07-2024T21:17:31 - [MESSAGE][PASSED] - Navigate to 'https://eklipse.gg/' successfully

17-07-2024T21:17:31 - [TEST_STEP][NOT_RUN] - maximizeWindow(): NOT_RUN: maximizeWindow()

17-07-2024T21:17:31 - [MESSAGE][NOT_RUN] - NOT_RUN: maximizeWindow()

17-07-2024T21:17:32 - [MESSAGE][PASSED] - Call Test Case 'Test Cases/Eklipse Test/Landing page/TC001 - Open browser' successfully

17-07-2024T21:17:32 - [TEST_STEP][PASSED] - click(findTestObject("Eklipse Landing Page/Page_Eklipse/Sign In")): Object: 'Object Repository/Eklipse Landing Page/Page_Eklipse/Sign In' is clicked on

17-07-2024T21:17:35 - [MESSAGE][PASSED] - Object: 'Object Repository/Eklipse Landing Page/Page_Eklipse/Sign In' is clicked on

17-07-2024T21:17:35 - [TEST_STEP][PASSED] - setText(findTestObject("Sign in page/Page_Eklipse/Username Eklipse"), "tita71@gmail.com"): Text 'tita71@gmail.com' is set on object 'Object Repository/Sign in page/Page_Eklipse/Username Eklipse'

17-07-2024T21:17:36 - [MESSAGE][PASSED] - Text 'tita71@gmail.com' is set on object 'Object Repository/Sign in page/Page_Eklipse/Username Eklipse'

17-07-2024T21:17:36 - [TEST_STEP][PASSED] - click(findTestObject("Sign in page/Page_Eklipse/Password_Eklipse")): Object: 'Object Repository/Sign in page/Page_Eklipse/Password_Eklipse' is clicked on

17-07-2024T21:17:37 - [MESSAGE][PASSED] - Object: 'Object Repository/Sign in page/Page_Eklipse/Password_Eklipse' is clicked on

17-07-2024T21:17:37 - [TEST_STEP][PASSED] - setText(findTestObject("Sign in page/Page_Eklipse/Password_Eklipse"), "tita123."): Text 'tita123.' is set on object 'Object Repository/Sign in page/Page_Eklipse/Password_Eklipse'

17-07-2024T21:17:38 - [MESSAGE][PASSED] - Text 'tita123.' is set on object 'Object Repository/Sign in page/Page_Eklipse/Password_Eklipse'

17-07-2024T21:17:38 - [TEST_STEP][PASSED] - click(findTestObject("Sign in page/Page_Eklipse/button_Sign In")): Object: 'Object Repository/Sign in page/Page_Eklipse/button_Sign In' is clicked on

17-07-2024T21:17:38 - [MESSAGE][PASSED] - Object: 'Object Repository/Sign in page/Page_Eklipse/button_Sign In' is clicked on

17-07-2024T21:17:38 - [TEST_STEP][PASSED] - scrollToElement(findTestObject("Eklipse Edited Clips/Page_Eklipse/a_Edited Clips"), 0): Scroll to object 'Object Repository/Eklipse Edited Clips/Page_Eklipse/a_Edited Clips' successfully

17-07-2024T21:17:38 - [MESSAGE][WARNING] - Timeout '0' is invalid. Using default page load timeout: '30'

17-07-2024T21:18:02 - [MESSAGE][PASSED] - Scroll to object 'Object Repository/Eklipse Edited Clips/Page_Eklipse/a_Edited Clips' successfully

17-07-2024T21:18:02 - [TEST_STEP][PASSED] - click(findTestObject("Eklipse Edited Clips/Page_Eklipse/a_Edited Clips")): Object: 'Object Repository/Eklipse Edited Clips/Page_Eklipse/a_Edited Clips' is clicked on

17-07-2024T21:18:03 - [MESSAGE][PASSED] - Object: 'Object Repository/Eklipse Edited Clips/Page_Eklipse/a_Edited Clips' is clicked on

17-07-2024T21:18:03 - [TEST_STEP][PASSED] - deleteAllCookies(): Delete all cookies successfully

17-07-2024T21:18:03 - [MESSAGE][PASSED] - Delete all cookies successfully

17-07-2024T21:18:03 - [TEST_STEP][PASSED] - verifyElementPresent(findTestObject("Eklipse Edited Clips/Page_Eklipse/h2_Edited Clips"), 0): Object 'Object Repository/Eklipse Edited Clips/Page_Eklipse/h2_Edited Clips' is present

17-07-2024T21:18:03 - [MESSAGE][WARNING] - Timeout '0' is invalid. Using default page load timeout: '30'

17-07-2024T21:18:06 - [MESSAGE][PASSED] - Object 'Object Repository/Eklipse Edited Clips/Page_Eklipse/h2_Edited Clips' is present

17-07-2024T21:18:06 - [TEST_STEP][PASSED] - verifyElementClickable(findTestObject("Eklipse Edited Clips/Page_Eklipse/div_Create Montage"), STOP_ON_FAILURE): Object 'Object Repository/Eklipse Edited Clips/Page_Eklipse/div_Create Montage' is clickable

17-07-2024T21:18:06 - [MESSAGE][PASSED] - Object 'Object Repository/Eklipse Edited Clips/Page_Eklipse/div_Create Montage' is clickable

17-07-2024T21:18:06 - [TEST_STEP][PASSED] - verifyElementClickable(findTestObject("Eklipse Edited Clips/Page_Eklipse/li_Convert to TikTok"), STOP_ON_FAILURE): Object 'Object Repository/Eklipse Edited Clips/Page_Eklipse/li_Convert to TikTok' is clickable

17-07-2024T21:18:06 - [MESSAGE][PASSED] - Object 'Object Repository/Eklipse Edited Clips/Page_Eklipse/li_Convert to TikTok' is clickable

17-07-2024T21:18:06 - [TEST_STEP][PASSED] - verifyElementPresent(findTestObject("Eklipse Edited Clips/Page_Eklipse/div_Your AI-edited"), 0): Object 'Object Repository/Eklipse Edited Clips/Page_Eklipse/div_Your AI-edited' is present

17-07-2024T21:18:06 - [MESSAGE][WARNING] - Timeout '0' is invalid. Using default page load timeout: '30'

17-07-2024T21:18:07 - [MESSAGE][PASSED] - Object 'Object Repository/Eklipse Edited Clips/Page_Eklipse/div_Your AI-edited' is present

17-07-2024T21:18:07 - [TEST_STEP][PASSED] - verifyElementPresent(findTestObject("Eklipse Edited Clips/Page_Eklipse/span_Sort by"), 0): Object 'Object Repository/Eklipse Edited Clips/Page_Eklipse/span_Sort by' is present

17-07-2024T21:18:07 - [MESSAGE][WARNING] - Timeout '0' is invalid. Using default page load timeout: '30'

17-07-2024T21:18:07 - [MESSAGE][PASSED] - Object 'Object Repository/Eklipse Edited Clips/Page_Eklipse/span_Sort by' is present

17-07-2024T21:18:07 - [TEST_STEP][PASSED] - verifyElementClickable(findTestObject("Eklipse Edited Clips/Page_Eklipse/select_NEWEST TO OLDEST"), STOP_ON_FAILURE): Object 'Object Repository/Eklipse Edited Clips/Page_Eklipse/select_NEWEST TO OLDEST' is clickable

17-07-2024T21:18:07 - [MESSAGE][PASSED] - Object 'Object Repository/Eklipse Edited Clips/Page_Eklipse/select_NEWEST TO OLDEST' is clickable

17-07-2024T21:18:07 - [TEST_STEP][PASSED] - verifyElementPresent(findTestObject("Eklipse Edited Clips/Page_Eklipse/select_ALLIN"), 0): Object 'Object Repository/Eklipse Edited Clips/Page_Eklipse/select_ALLIN' is present

17-07-2024T21:18:07 - [MESSAGE][WARNING] - Timeout '0' is invalid. Using default page load timeout: '30'

17-07-2024T21:18:08 - [MESSAGE][PASSED] - Object 'Object Repository/Eklipse Edited Clips/Page_Eklipse/select_ALLIN' is present

17-07-2024T21:18:08 - [TEST_STEP][PASSED] - scrollToElement(findTestObject("Eklipse Edited Clips/Page_Eklipse/span_No Edited Clip Yet"), 0): Scroll to object 'Object Repository/Eklipse Edited Clips/Page_Eklipse/span_No Edited Clip Yet' successfully

17-07-2024T21:18:08 - [MESSAGE][WARNING] - Timeout '0' is invalid. Using default page load timeout: '30'

17-07-2024T21:18:08 - [MESSAGE][PASSED] - Scroll to object 'Object Repository/Eklipse Edited Clips/Page_Eklipse/span_No Edited Clip Yet' successfully

17-07-2024T21:18:08 - [TEST_STEP][PASSED] - verifyElementPresent(findTestObject("Eklipse Edited Clips/Page_Eklipse/span_No Edited Clip Yet"), 0): Object 'Object Repository/Eklipse Edited Clips/Page_Eklipse/span_No Edited Clip Yet' is present

17-07-2024T21:18:08 - [MESSAGE][WARNING] - Timeout '0' is invalid. Using default page load timeout: '30'

17-07-2024T21:18:08 - [MESSAGE][PASSED] - Object 'Object Repository/Eklipse Edited Clips/Page_Eklipse/span_No Edited Clip Yet' is present

17-07-2024T21:18:08 - [TEST_STEP][PASSED] - verifyElementClickable(findTestObject("Eklipse Edited Clips/Page_Eklipse/button_Convert to TikTok")): Object 'Object Repository/Eklipse Edited Clips/Page_Eklipse/button_Convert to TikTok' is clickable

17-07-2024T21:18:09 - [MESSAGE][PASSED] - Object 'Object Repository/Eklipse Edited Clips/Page_Eklipse/button_Convert to TikTok' is clickable

17-07-2024T21:18:09 - [TEST_STEP][PASSED] - scrollToElement(findTestObject("Eklipse Edited Clips/Page_Eklipse/li_Extended  Trimmed Clip"), 0): Scroll to object 'Object Repository/Eklipse Edited Clips/Page_Eklipse/li_Extended  Trimmed Clip' successfully

17-07-2024T21:18:09 - [MESSAGE][WARNING] - Timeout '0' is invalid. Using default page load timeout: '30'

17-07-2024T21:18:09 - [MESSAGE][PASSED] - Scroll to object 'Object Repository/Eklipse Edited Clips/Page_Eklipse/li_Extended  Trimmed Clip' successfully

17-07-2024T21:18:09 - [TEST_STEP][PASSED] - verifyElementClickable(findTestObject("Eklipse Edited Clips/Page_Eklipse/li_Extended  Trimmed Clip")): Object 'Object Repository/Eklipse Edited Clips/Page_Eklipse/li_Extended  Trimmed Clip' is clickable

17-07-2024T21:18:10 - [MESSAGE][PASSED] - Object 'Object Repository/Eklipse Edited Clips/Page_Eklipse/li_Extended  Trimmed Clip' is clickable

17-07-2024T21:18:10 - [TEST_STEP][PASSED] - click(findTestObject("Eklipse Edited Clips/Page_Eklipse/li_Extended  Trimmed Clip")): Object: 'Object Repository/Eklipse Edited Clips/Page_Eklipse/li_Extended  Trimmed Clip' is clicked on

17-07-2024T21:18:10 - [MESSAGE][PASSED] - Object: 'Object Repository/Eklipse Edited Clips/Page_Eklipse/li_Extended  Trimmed Clip' is clicked on

17-07-2024T21:18:10 - [TEST_STEP][PASSED] - scrollToElement(findTestObject("Eklipse Edited Clips/Page_Eklipse/div_Import Facebook Video"), 0): Scroll to object 'Object Repository/Eklipse Edited Clips/Page_Eklipse/div_Import Facebook Video' successfully

17-07-2024T21:18:10 - [MESSAGE][WARNING] - Timeout '0' is invalid. Using default page load timeout: '30'

17-07-2024T21:18:11 - [MESSAGE][PASSED] - Scroll to object 'Object Repository/Eklipse Edited Clips/Page_Eklipse/div_Import Facebook Video' successfully

17-07-2024T21:18:11 - [TEST_STEP][PASSED] - verifyElementClickable(findTestObject("Eklipse Edited Clips/Page_Eklipse/div_Import Facebook Video")): Object 'Object Repository/Eklipse Edited Clips/Page_Eklipse/div_Import Facebook Video' is clickable

17-07-2024T21:18:11 - [MESSAGE][PASSED] - Object 'Object Repository/Eklipse Edited Clips/Page_Eklipse/div_Import Facebook Video' is clickable

17-07-2024T21:18:11 - [TEST_STEP][PASSED] - verifyElementClickable(findTestObject("Eklipse Edited Clips/Page_Eklipse/div_Import Twitch Video")): Object 'Object Repository/Eklipse Edited Clips/Page_Eklipse/div_Import Twitch Video' is clickable

17-07-2024T21:18:12 - [MESSAGE][PASSED] - Object 'Object Repository/Eklipse Edited Clips/Page_Eklipse/div_Import Twitch Video' is clickable

17-07-2024T21:18:12 - [TEST_STEP][PASSED] - verifyElementClickable(findTestObject("Eklipse Edited Clips/Page_Eklipse/div_Import YouTube Video")): Object 'Object Repository/Eklipse Edited Clips/Page_Eklipse/div_Import YouTube Video' is clickable

17-07-2024T21:18:12 - [MESSAGE][PASSED] - Object 'Object Repository/Eklipse Edited Clips/Page_Eklipse/div_Import YouTube Video' is clickable

17-07-2024T21:18:12 - [TEST_STEP][PASSED] - closeBrowser(): Browser is closed

17-07-2024T21:18:13 - [MESSAGE][PASSED] - Browser is closed]]></system-out>
         <system-err><![CDATA[]]></system-err>
      </testcase>
      <system-out><![CDATA[17-07-2024T21:17:19 - [TEST_SUITE][PASSED] - TS011 - Verify Edited Clips: Test Cases/Eklipse Test/Edited Clips/TC01 - Verify text]]></system-out>
      <system-err><![CDATA[]]></system-err>
   </testsuite>
</testsuites>
