<?xml version="1.0" encoding="UTF-8"?>
<testsuites name="TS12 - Hongkong appointment using data driven" time="42.659" tests="7" failures="0" errors="0">
   <testsuite name="TS12 - Hongkong appointment using data driven" tests="7" failures="0" errors="0" time="42.659" skipped="0" timestamp="03-07-2024T09:15:23" hostname="Lenovo - LAPTOP-7QB5JFLU" id="Test Suites/TS12 - Hongkong appointment using data driven">
      <properties>
         <property name="deviceName" value=""/>
         <property name="devicePlatform"/>
         <property name="logFolder" value="C:\\Users\\Lenovo\\git\\KatalonPractitionerLevel\\Reports\\20240703_091519\\TS12 - Hongkong appointment using data driven\\20240703_091519"/>
         <property name="logFiles" value="C:\\Users\\Lenovo\\git\\KatalonPractitionerLevel\\Reports\\20240703_091519\\TS12 - Hongkong appointment using data driven\\20240703_091519\\execution0.log"/>
         <property name="attachments" value=""/>
         <property name="hostName" value="Lenovo - LAPTOP-7QB5JFLU"/>
         <property name="os" value="Windows 11 64bit"/>
         <property name="katalonVersion" value="9.6.0.217"/>
         <property name="browser" value="Chrome 126.0.0.0"/>
         <property name="hostAddress" value="192.168.1.12"/>
         <property name="sessionId" value="6ca80152d526d88e5d45fcefe475a49f"/>
         <property name="seleniumVersion" value="3.141.59"/>
         <property name="proxyInformation" value="ProxyInformation { proxyOption=NO_PROXY, proxyServerType=HTTP, username=, password=********, proxyServerAddress=, proxyServerPort=0, executionList=&quot;&quot;, isApplyToDesiredCapabilities=true }"/>
         <property name="platform" value="Windows 11"/>
      </properties>
      <testcase name="Test Cases/Test Case Properties/TCP01 - Open browser" time="4.571" classname="Test Cases/Test Case Properties/TCP01 - Open browser" status="PASSED">
         <system-out><![CDATA[03-07-2024T09:15:23 - [TEST_CASE][PASSED] - Test Cases/Test Case Properties/TCP01 - Open browser: Test Cases/Test Case Properties/TCP01 - Open browser

03-07-2024T09:15:24 - [TEST_STEP][PASSED] - openBrowser(""): Browser is opened with url: ''

03-07-2024T09:15:24 - [MESSAGE][INFO] - Starting 'Chrome' driver

03-07-2024T09:15:24 - [MESSAGE][INFO] - Action delay is set to 0 milliseconds

03-07-2024T09:15:25 - [MESSAGE][PASSED] - Browser is opened with url: ''

03-07-2024T09:15:25 - [TEST_STEP][PASSED] - navigateToUrl("https://katalon-demo-cura.herokuapp.com/"): Navigate to 'https://katalon-demo-cura.herokuapp.com/' successfully

03-07-2024T09:15:28 - [MESSAGE][PASSED] - Navigate to 'https://katalon-demo-cura.herokuapp.com/' successfully]]></system-out>
         <system-err><![CDATA[]]></system-err>
      </testcase>
      <testcase name="Test Cases/Test Case Properties/TCP02 - Login" time="4.091" classname="Test Cases/Test Case Properties/TCP02 - Login" status="PASSED">
         <system-out><![CDATA[03-07-2024T09:15:28 - [TEST_CASE][PASSED] - Test Cases/Test Case Properties/TCP02 - Login: Test Cases/Test Case Properties/TCP02 - Login

03-07-2024T09:15:28 - [TEST_STEP][PASSED] - click(findTestObject("1. CURA Test Object (Click, Set, Dropdown)/Make Appointment")): Object: 'Object Repository/1. CURA Test Object (Click, Set, Dropdown)/Make Appointment' is clicked on

03-07-2024T09:15:29 - [MESSAGE][PASSED] - Object: 'Object Repository/1. CURA Test Object (Click, Set, Dropdown)/Make Appointment' is clicked on

03-07-2024T09:15:29 - [TEST_STEP][PASSED] - verifyElementText(findTestObject("2. CURA Test Object (Verify parameter)/Login Text"), "Login"): Actual text and expected text of test object 'Object Repository/2. CURA Test Object (Verify parameter)/Login Text' are matched.

03-07-2024T09:15:29 - [MESSAGE][PASSED] - Actual text and expected text of test object 'Object Repository/2. CURA Test Object (Verify parameter)/Login Text' are matched.

03-07-2024T09:15:29 - [TEST_STEP][PASSED] - setText(findTestObject("1. CURA Test Object (Click, Set, Dropdown)/Username"), "John Doe"): Text 'John Doe' is set on object 'Object Repository/1. CURA Test Object (Click, Set, Dropdown)/Username'

03-07-2024T09:15:30 - [MESSAGE][PASSED] - Text 'John Doe' is set on object 'Object Repository/1. CURA Test Object (Click, Set, Dropdown)/Username'

03-07-2024T09:15:30 - [TEST_STEP][PASSED] - setText(findTestObject("1. CURA Test Object (Click, Set, Dropdown)/Password"), "ThisIsNotAPassword"): Text 'ThisIsNotAPassword' is set on object 'Object Repository/1. CURA Test Object (Click, Set, Dropdown)/Password'

03-07-2024T09:15:31 - [MESSAGE][PASSED] - Text 'ThisIsNotAPassword' is set on object 'Object Repository/1. CURA Test Object (Click, Set, Dropdown)/Password'

03-07-2024T09:15:31 - [TEST_STEP][PASSED] - click(findTestObject("1. CURA Test Object (Click, Set, Dropdown)/Login Button")): Object: 'Object Repository/1. CURA Test Object (Click, Set, Dropdown)/Login Button' is clicked on

03-07-2024T09:15:32 - [MESSAGE][PASSED] - Object: 'Object Repository/1. CURA Test Object (Click, Set, Dropdown)/Login Button' is clicked on]]></system-out>
         <system-err><![CDATA[]]></system-err>
      </testcase>
      <testcase name="Test Cases/TC20 - Hongkong Appointment using data driven" time="7.278" classname="Test Cases/TC20 - Hongkong Appointment using data driven" status="PASSED">
         <system-out><![CDATA[03-07-2024T09:15:32 - [TEST_CASE][PASSED] - Test Cases/TC20 - Hongkong Appointment using data driven: Test Cases/TC20 - Hongkong Appointment using data driven

03-07-2024T09:15:32 - [TEST_STEP][PASSED] - selectOptionByValue(findTestObject("1. CURA Test Object (Click, Set, Dropdown)/Facility"), facilityBook, true, CONTINUE_ON_FAILURE): All options with value 'Hongkong CURA Healthcare Center' are selected in object 'Object Repository/1. CURA Test Object (Click, Set, Dropdown)/Facility'  using regular expression

03-07-2024T09:15:33 - [MESSAGE][PASSED] - All options with value 'Hongkong CURA Healthcare Center' are selected in object 'Object Repository/1. CURA Test Object (Click, Set, Dropdown)/Facility'  using regular expression

03-07-2024T09:15:33 - [TEST_STEP][PASSED] - click(findTestObject("1. CURA Test Object (Click, Set, Dropdown)/Apply for Hospital Readmission")): Object: 'Object Repository/1. CURA Test Object (Click, Set, Dropdown)/Apply for Hospital Readmission' is clicked on

03-07-2024T09:15:34 - [MESSAGE][PASSED] - Object: 'Object Repository/1. CURA Test Object (Click, Set, Dropdown)/Apply for Hospital Readmission' is clicked on

03-07-2024T09:15:34 - [TEST_STEP][PASSED] - click(findTestObject("1. CURA Test Object (Click, Set, Dropdown)/Medicare")): Object: 'Object Repository/1. CURA Test Object (Click, Set, Dropdown)/Medicare' is clicked on

03-07-2024T09:15:34 - [MESSAGE][PASSED] - Object: 'Object Repository/1. CURA Test Object (Click, Set, Dropdown)/Medicare' is clicked on

03-07-2024T09:15:34 - [TEST_STEP][PASSED] - click(findTestObject("1. CURA Test Object (Click, Set, Dropdown)/Visit Date")): Object: 'Object Repository/1. CURA Test Object (Click, Set, Dropdown)/Visit Date' is clicked on

03-07-2024T09:15:34 - [MESSAGE][WARNING] - [SELF-HEALING] Failed to find element with id 'Object Repository/1. CURA Test Object (Click, Set, Dropdown)/Visit Date'. Try using Self-healing.

03-07-2024T09:15:35 - [MESSAGE][WARNING] - [SELF-HEALING] The current locator of test object 'Object Repository/1. CURA Test Object (Click, Set, Dropdown)/Visit Date' was broken. Propose an alternative one: '//*[@id = 'txt_visit_date' and @name = 'visit_date' and @type = 'text' and @placeholder = 'dd/mm/yyyy']'.

03-07-2024T09:15:35 - [MESSAGE][PASSED] - Object: 'Object Repository/1. CURA Test Object (Click, Set, Dropdown)/Visit Date' is clicked on

03-07-2024T09:15:35 - [TEST_STEP][PASSED] - setText(findTestObject("1. CURA Test Object (Click, Set, Dropdown)/Visit Date"), visitDateBook): Text '09/07/2024' is set on object 'Object Repository/1. CURA Test Object (Click, Set, Dropdown)/Visit Date'

03-07-2024T09:15:35 - [MESSAGE][WARNING] - [SELF-HEALING] Failed to find element with id 'Object Repository/1. CURA Test Object (Click, Set, Dropdown)/Visit Date'. Try using Self-healing.

03-07-2024T09:15:36 - [MESSAGE][WARNING] - [SELF-HEALING] The current locator of test object 'Object Repository/1. CURA Test Object (Click, Set, Dropdown)/Visit Date' was broken. Propose an alternative one: '//*[@id = 'txt_visit_date' and @name = 'visit_date' and @type = 'text' and @placeholder = 'dd/mm/yyyy']'.

03-07-2024T09:15:36 - [MESSAGE][WARNING] - [SELF-HEALING] Failed to find element with id 'Object Repository/1. CURA Test Object (Click, Set, Dropdown)/Visit Date'. Try using Self-healing.

03-07-2024T09:15:36 - [MESSAGE][WARNING] - [SELF-HEALING] The current locator of test object 'Object Repository/1. CURA Test Object (Click, Set, Dropdown)/Visit Date' was broken. Propose an alternative one: '//*[@id = 'txt_visit_date' and @name = 'visit_date' and @type = 'text' and @placeholder = 'dd/mm/yyyy']'.

03-07-2024T09:15:36 - [MESSAGE][PASSED] - Text '09/07/2024' is set on object 'Object Repository/1. CURA Test Object (Click, Set, Dropdown)/Visit Date'

03-07-2024T09:15:36 - [TEST_STEP][PASSED] - setText(findTestObject("1. CURA Test Object (Click, Set, Dropdown)/Comment"), commentBook): Text '9:00 AM with dr. Abi' is set on object 'Object Repository/1. CURA Test Object (Click, Set, Dropdown)/Comment'

03-07-2024T09:15:37 - [MESSAGE][PASSED] - Text '9:00 AM with dr. Abi' is set on object 'Object Repository/1. CURA Test Object (Click, Set, Dropdown)/Comment'

03-07-2024T09:15:37 - [TEST_STEP][PASSED] - click(findTestObject("1. CURA Test Object (Click, Set, Dropdown)/Book Appointment")): Object: 'Object Repository/1. CURA Test Object (Click, Set, Dropdown)/Book Appointment' is clicked on

03-07-2024T09:15:38 - [MESSAGE][PASSED] - Object: 'Object Repository/1. CURA Test Object (Click, Set, Dropdown)/Book Appointment' is clicked on

03-07-2024T09:15:38 - [TEST_STEP][PASSED] - click(findTestObject("1. CURA Test Object (Click, Set, Dropdown)/Menu")): Object: 'Object Repository/1. CURA Test Object (Click, Set, Dropdown)/Menu' is clicked on

03-07-2024T09:15:38 - [MESSAGE][PASSED] - Object: 'Object Repository/1. CURA Test Object (Click, Set, Dropdown)/Menu' is clicked on

03-07-2024T09:15:38 - [TEST_STEP][PASSED] - click(findTestObject("1. CURA Test Object (Click, Set, Dropdown)/Home")): Object: 'Object Repository/1. CURA Test Object (Click, Set, Dropdown)/Home' is clicked on

03-07-2024T09:15:39 - [MESSAGE][PASSED] - Object: 'Object Repository/1. CURA Test Object (Click, Set, Dropdown)/Home' is clicked on

03-07-2024T09:15:39 - [TEST_STEP][PASSED] - click(findTestObject("1. CURA Test Object (Click, Set, Dropdown)/Make Appointment")): Object: 'Object Repository/1. CURA Test Object (Click, Set, Dropdown)/Make Appointment' is clicked on

03-07-2024T09:15:39 - [MESSAGE][PASSED] - Object: 'Object Repository/1. CURA Test Object (Click, Set, Dropdown)/Make Appointment' is clicked on]]></system-out>
         <system-err><![CDATA[]]></system-err>
      </testcase>
      <testcase name="Test Cases/TC20 - Hongkong Appointment using data driven" time="7.621" classname="Test Cases/TC20 - Hongkong Appointment using data driven" status="PASSED">
         <system-out><![CDATA[03-07-2024T09:15:39 - [TEST_CASE][PASSED] - Test Cases/TC20 - Hongkong Appointment using data driven: Test Cases/TC20 - Hongkong Appointment using data driven

03-07-2024T09:15:39 - [TEST_STEP][PASSED] - selectOptionByValue(findTestObject("1. CURA Test Object (Click, Set, Dropdown)/Facility"), facilityBook, true, CONTINUE_ON_FAILURE): All options with value 'Hongkong CURA Healthcare Center' are selected in object 'Object Repository/1. CURA Test Object (Click, Set, Dropdown)/Facility'  using regular expression

03-07-2024T09:15:41 - [MESSAGE][PASSED] - All options with value 'Hongkong CURA Healthcare Center' are selected in object 'Object Repository/1. CURA Test Object (Click, Set, Dropdown)/Facility'  using regular expression

03-07-2024T09:15:41 - [TEST_STEP][PASSED] - click(findTestObject("1. CURA Test Object (Click, Set, Dropdown)/Apply for Hospital Readmission")): Object: 'Object Repository/1. CURA Test Object (Click, Set, Dropdown)/Apply for Hospital Readmission' is clicked on

03-07-2024T09:15:41 - [MESSAGE][PASSED] - Object: 'Object Repository/1. CURA Test Object (Click, Set, Dropdown)/Apply for Hospital Readmission' is clicked on

03-07-2024T09:15:41 - [TEST_STEP][PASSED] - click(findTestObject("1. CURA Test Object (Click, Set, Dropdown)/Medicare")): Object: 'Object Repository/1. CURA Test Object (Click, Set, Dropdown)/Medicare' is clicked on

03-07-2024T09:15:41 - [MESSAGE][PASSED] - Object: 'Object Repository/1. CURA Test Object (Click, Set, Dropdown)/Medicare' is clicked on

03-07-2024T09:15:41 - [TEST_STEP][PASSED] - click(findTestObject("1. CURA Test Object (Click, Set, Dropdown)/Visit Date")): Object: 'Object Repository/1. CURA Test Object (Click, Set, Dropdown)/Visit Date' is clicked on

03-07-2024T09:15:42 - [MESSAGE][WARNING] - [SELF-HEALING] Failed to find element with id 'Object Repository/1. CURA Test Object (Click, Set, Dropdown)/Visit Date'. Try using Self-healing.

03-07-2024T09:15:42 - [MESSAGE][WARNING] - [SELF-HEALING] The current locator of test object 'Object Repository/1. CURA Test Object (Click, Set, Dropdown)/Visit Date' was broken. Propose an alternative one: '//*[@id = 'txt_visit_date' and @name = 'visit_date' and @type = 'text' and @placeholder = 'dd/mm/yyyy']'.

03-07-2024T09:15:42 - [MESSAGE][PASSED] - Object: 'Object Repository/1. CURA Test Object (Click, Set, Dropdown)/Visit Date' is clicked on

03-07-2024T09:15:42 - [TEST_STEP][PASSED] - setText(findTestObject("1. CURA Test Object (Click, Set, Dropdown)/Visit Date"), visitDateBook): Text '02/01/2025' is set on object 'Object Repository/1. CURA Test Object (Click, Set, Dropdown)/Visit Date'

03-07-2024T09:15:43 - [MESSAGE][WARNING] - [SELF-HEALING] Failed to find element with id 'Object Repository/1. CURA Test Object (Click, Set, Dropdown)/Visit Date'. Try using Self-healing.

03-07-2024T09:15:43 - [MESSAGE][WARNING] - [SELF-HEALING] The current locator of test object 'Object Repository/1. CURA Test Object (Click, Set, Dropdown)/Visit Date' was broken. Propose an alternative one: '//*[@id = 'txt_visit_date' and @name = 'visit_date' and @type = 'text' and @placeholder = 'dd/mm/yyyy']'.

03-07-2024T09:15:43 - [MESSAGE][WARNING] - [SELF-HEALING] Failed to find element with id 'Object Repository/1. CURA Test Object (Click, Set, Dropdown)/Visit Date'. Try using Self-healing.

03-07-2024T09:15:44 - [MESSAGE][WARNING] - [SELF-HEALING] The current locator of test object 'Object Repository/1. CURA Test Object (Click, Set, Dropdown)/Visit Date' was broken. Propose an alternative one: '//*[@id = 'txt_visit_date' and @name = 'visit_date' and @type = 'text' and @placeholder = 'dd/mm/yyyy']'.

03-07-2024T09:15:44 - [MESSAGE][PASSED] - Text '02/01/2025' is set on object 'Object Repository/1. CURA Test Object (Click, Set, Dropdown)/Visit Date'

03-07-2024T09:15:44 - [TEST_STEP][PASSED] - setText(findTestObject("1. CURA Test Object (Click, Set, Dropdown)/Comment"), commentBook): Text '7:00 PM with dr. Azka' is set on object 'Object Repository/1. CURA Test Object (Click, Set, Dropdown)/Comment'

03-07-2024T09:15:45 - [MESSAGE][PASSED] - Text '7:00 PM with dr. Azka' is set on object 'Object Repository/1. CURA Test Object (Click, Set, Dropdown)/Comment'

03-07-2024T09:15:45 - [TEST_STEP][PASSED] - click(findTestObject("1. CURA Test Object (Click, Set, Dropdown)/Book Appointment")): Object: 'Object Repository/1. CURA Test Object (Click, Set, Dropdown)/Book Appointment' is clicked on

03-07-2024T09:15:45 - [MESSAGE][PASSED] - Object: 'Object Repository/1. CURA Test Object (Click, Set, Dropdown)/Book Appointment' is clicked on

03-07-2024T09:15:45 - [TEST_STEP][PASSED] - click(findTestObject("1. CURA Test Object (Click, Set, Dropdown)/Menu")): Object: 'Object Repository/1. CURA Test Object (Click, Set, Dropdown)/Menu' is clicked on

03-07-2024T09:15:46 - [MESSAGE][PASSED] - Object: 'Object Repository/1. CURA Test Object (Click, Set, Dropdown)/Menu' is clicked on

03-07-2024T09:15:46 - [TEST_STEP][PASSED] - click(findTestObject("1. CURA Test Object (Click, Set, Dropdown)/Home")): Object: 'Object Repository/1. CURA Test Object (Click, Set, Dropdown)/Home' is clicked on

03-07-2024T09:15:47 - [MESSAGE][PASSED] - Object: 'Object Repository/1. CURA Test Object (Click, Set, Dropdown)/Home' is clicked on

03-07-2024T09:15:47 - [TEST_STEP][PASSED] - click(findTestObject("1. CURA Test Object (Click, Set, Dropdown)/Make Appointment")): Object: 'Object Repository/1. CURA Test Object (Click, Set, Dropdown)/Make Appointment' is clicked on

03-07-2024T09:15:47 - [MESSAGE][PASSED] - Object: 'Object Repository/1. CURA Test Object (Click, Set, Dropdown)/Make Appointment' is clicked on]]></system-out>
         <system-err><![CDATA[]]></system-err>
      </testcase>
      <testcase name="Test Cases/TC20 - Hongkong Appointment using data driven" time="8.114" classname="Test Cases/TC20 - Hongkong Appointment using data driven" status="PASSED">
         <system-out><![CDATA[03-07-2024T09:15:47 - [TEST_CASE][PASSED] - Test Cases/TC20 - Hongkong Appointment using data driven: Test Cases/TC20 - Hongkong Appointment using data driven

03-07-2024T09:15:47 - [TEST_STEP][PASSED] - selectOptionByValue(findTestObject("1. CURA Test Object (Click, Set, Dropdown)/Facility"), facilityBook, true, CONTINUE_ON_FAILURE): All options with value 'Hongkong CURA Healthcare Center' are selected in object 'Object Repository/1. CURA Test Object (Click, Set, Dropdown)/Facility'  using regular expression

03-07-2024T09:15:48 - [MESSAGE][PASSED] - All options with value 'Hongkong CURA Healthcare Center' are selected in object 'Object Repository/1. CURA Test Object (Click, Set, Dropdown)/Facility'  using regular expression

03-07-2024T09:15:48 - [TEST_STEP][PASSED] - click(findTestObject("1. CURA Test Object (Click, Set, Dropdown)/Apply for Hospital Readmission")): Object: 'Object Repository/1. CURA Test Object (Click, Set, Dropdown)/Apply for Hospital Readmission' is clicked on

03-07-2024T09:15:49 - [MESSAGE][PASSED] - Object: 'Object Repository/1. CURA Test Object (Click, Set, Dropdown)/Apply for Hospital Readmission' is clicked on

03-07-2024T09:15:49 - [TEST_STEP][PASSED] - click(findTestObject("1. CURA Test Object (Click, Set, Dropdown)/Medicare")): Object: 'Object Repository/1. CURA Test Object (Click, Set, Dropdown)/Medicare' is clicked on

03-07-2024T09:15:49 - [MESSAGE][PASSED] - Object: 'Object Repository/1. CURA Test Object (Click, Set, Dropdown)/Medicare' is clicked on

03-07-2024T09:15:49 - [TEST_STEP][PASSED] - click(findTestObject("1. CURA Test Object (Click, Set, Dropdown)/Visit Date")): Object: 'Object Repository/1. CURA Test Object (Click, Set, Dropdown)/Visit Date' is clicked on

03-07-2024T09:15:50 - [MESSAGE][WARNING] - [SELF-HEALING] Failed to find element with id 'Object Repository/1. CURA Test Object (Click, Set, Dropdown)/Visit Date'. Try using Self-healing.

03-07-2024T09:15:50 - [MESSAGE][WARNING] - [SELF-HEALING] The current locator of test object 'Object Repository/1. CURA Test Object (Click, Set, Dropdown)/Visit Date' was broken. Propose an alternative one: '//*[@id = 'txt_visit_date' and @name = 'visit_date' and @type = 'text' and @placeholder = 'dd/mm/yyyy']'.

03-07-2024T09:15:50 - [MESSAGE][PASSED] - Object: 'Object Repository/1. CURA Test Object (Click, Set, Dropdown)/Visit Date' is clicked on

03-07-2024T09:15:50 - [TEST_STEP][PASSED] - setText(findTestObject("1. CURA Test Object (Click, Set, Dropdown)/Visit Date"), visitDateBook): Text '19/07/2024' is set on object 'Object Repository/1. CURA Test Object (Click, Set, Dropdown)/Visit Date'

03-07-2024T09:15:51 - [MESSAGE][WARNING] - [SELF-HEALING] Failed to find element with id 'Object Repository/1. CURA Test Object (Click, Set, Dropdown)/Visit Date'. Try using Self-healing.

03-07-2024T09:15:51 - [MESSAGE][WARNING] - [SELF-HEALING] The current locator of test object 'Object Repository/1. CURA Test Object (Click, Set, Dropdown)/Visit Date' was broken. Propose an alternative one: '//*[@id = 'txt_visit_date' and @name = 'visit_date' and @type = 'text' and @placeholder = 'dd/mm/yyyy']'.

03-07-2024T09:15:51 - [MESSAGE][WARNING] - [SELF-HEALING] Failed to find element with id 'Object Repository/1. CURA Test Object (Click, Set, Dropdown)/Visit Date'. Try using Self-healing.

03-07-2024T09:15:51 - [MESSAGE][WARNING] - [SELF-HEALING] The current locator of test object 'Object Repository/1. CURA Test Object (Click, Set, Dropdown)/Visit Date' was broken. Propose an alternative one: '//*[@id = 'txt_visit_date' and @name = 'visit_date' and @type = 'text' and @placeholder = 'dd/mm/yyyy']'.

03-07-2024T09:15:52 - [MESSAGE][PASSED] - Text '19/07/2024' is set on object 'Object Repository/1. CURA Test Object (Click, Set, Dropdown)/Visit Date'

03-07-2024T09:15:52 - [TEST_STEP][PASSED] - setText(findTestObject("1. CURA Test Object (Click, Set, Dropdown)/Comment"), commentBook): Text '1:00 PM with dr. Sabrina' is set on object 'Object Repository/1. CURA Test Object (Click, Set, Dropdown)/Comment'

03-07-2024T09:15:53 - [MESSAGE][PASSED] - Text '1:00 PM with dr. Sabrina' is set on object 'Object Repository/1. CURA Test Object (Click, Set, Dropdown)/Comment'

03-07-2024T09:15:53 - [TEST_STEP][PASSED] - click(findTestObject("1. CURA Test Object (Click, Set, Dropdown)/Book Appointment")): Object: 'Object Repository/1. CURA Test Object (Click, Set, Dropdown)/Book Appointment' is clicked on

03-07-2024T09:15:53 - [MESSAGE][PASSED] - Object: 'Object Repository/1. CURA Test Object (Click, Set, Dropdown)/Book Appointment' is clicked on

03-07-2024T09:15:53 - [TEST_STEP][PASSED] - click(findTestObject("1. CURA Test Object (Click, Set, Dropdown)/Menu")): Object: 'Object Repository/1. CURA Test Object (Click, Set, Dropdown)/Menu' is clicked on

03-07-2024T09:15:54 - [MESSAGE][PASSED] - Object: 'Object Repository/1. CURA Test Object (Click, Set, Dropdown)/Menu' is clicked on

03-07-2024T09:15:54 - [TEST_STEP][PASSED] - click(findTestObject("1. CURA Test Object (Click, Set, Dropdown)/Home")): Object: 'Object Repository/1. CURA Test Object (Click, Set, Dropdown)/Home' is clicked on

03-07-2024T09:15:55 - [MESSAGE][PASSED] - Object: 'Object Repository/1. CURA Test Object (Click, Set, Dropdown)/Home' is clicked on

03-07-2024T09:15:55 - [TEST_STEP][PASSED] - click(findTestObject("1. CURA Test Object (Click, Set, Dropdown)/Make Appointment")): Object: 'Object Repository/1. CURA Test Object (Click, Set, Dropdown)/Make Appointment' is clicked on

03-07-2024T09:15:55 - [MESSAGE][PASSED] - Object: 'Object Repository/1. CURA Test Object (Click, Set, Dropdown)/Make Appointment' is clicked on]]></system-out>
         <system-err><![CDATA[]]></system-err>
      </testcase>
      <testcase name="Test Cases/TC20 - Hongkong Appointment using data driven" time="7.704" classname="Test Cases/TC20 - Hongkong Appointment using data driven" status="PASSED">
         <system-out><![CDATA[03-07-2024T09:15:55 - [TEST_CASE][PASSED] - Test Cases/TC20 - Hongkong Appointment using data driven: Test Cases/TC20 - Hongkong Appointment using data driven

03-07-2024T09:15:55 - [TEST_STEP][PASSED] - selectOptionByValue(findTestObject("1. CURA Test Object (Click, Set, Dropdown)/Facility"), facilityBook, true, CONTINUE_ON_FAILURE): All options with value 'Hongkong CURA Healthcare Center' are selected in object 'Object Repository/1. CURA Test Object (Click, Set, Dropdown)/Facility'  using regular expression

03-07-2024T09:15:57 - [MESSAGE][PASSED] - All options with value 'Hongkong CURA Healthcare Center' are selected in object 'Object Repository/1. CURA Test Object (Click, Set, Dropdown)/Facility'  using regular expression

03-07-2024T09:15:57 - [TEST_STEP][PASSED] - click(findTestObject("1. CURA Test Object (Click, Set, Dropdown)/Apply for Hospital Readmission")): Object: 'Object Repository/1. CURA Test Object (Click, Set, Dropdown)/Apply for Hospital Readmission' is clicked on

03-07-2024T09:15:57 - [MESSAGE][PASSED] - Object: 'Object Repository/1. CURA Test Object (Click, Set, Dropdown)/Apply for Hospital Readmission' is clicked on

03-07-2024T09:15:57 - [TEST_STEP][PASSED] - click(findTestObject("1. CURA Test Object (Click, Set, Dropdown)/Medicare")): Object: 'Object Repository/1. CURA Test Object (Click, Set, Dropdown)/Medicare' is clicked on

03-07-2024T09:15:57 - [MESSAGE][PASSED] - Object: 'Object Repository/1. CURA Test Object (Click, Set, Dropdown)/Medicare' is clicked on

03-07-2024T09:15:57 - [TEST_STEP][PASSED] - click(findTestObject("1. CURA Test Object (Click, Set, Dropdown)/Visit Date")): Object: 'Object Repository/1. CURA Test Object (Click, Set, Dropdown)/Visit Date' is clicked on

03-07-2024T09:15:58 - [MESSAGE][WARNING] - [SELF-HEALING] Failed to find element with id 'Object Repository/1. CURA Test Object (Click, Set, Dropdown)/Visit Date'. Try using Self-healing.

03-07-2024T09:15:58 - [MESSAGE][WARNING] - [SELF-HEALING] The current locator of test object 'Object Repository/1. CURA Test Object (Click, Set, Dropdown)/Visit Date' was broken. Propose an alternative one: '//*[@id = 'txt_visit_date' and @name = 'visit_date' and @type = 'text' and @placeholder = 'dd/mm/yyyy']'.

03-07-2024T09:15:58 - [MESSAGE][PASSED] - Object: 'Object Repository/1. CURA Test Object (Click, Set, Dropdown)/Visit Date' is clicked on

03-07-2024T09:15:58 - [TEST_STEP][PASSED] - setText(findTestObject("1. CURA Test Object (Click, Set, Dropdown)/Visit Date"), visitDateBook): Text '30/08/2024' is set on object 'Object Repository/1. CURA Test Object (Click, Set, Dropdown)/Visit Date'

03-07-2024T09:15:59 - [MESSAGE][WARNING] - [SELF-HEALING] Failed to find element with id 'Object Repository/1. CURA Test Object (Click, Set, Dropdown)/Visit Date'. Try using Self-healing.

03-07-2024T09:15:59 - [MESSAGE][WARNING] - [SELF-HEALING] The current locator of test object 'Object Repository/1. CURA Test Object (Click, Set, Dropdown)/Visit Date' was broken. Propose an alternative one: '//*[@id = 'txt_visit_date' and @name = 'visit_date' and @type = 'text' and @placeholder = 'dd/mm/yyyy']'.

03-07-2024T09:15:59 - [MESSAGE][WARNING] - [SELF-HEALING] Failed to find element with id 'Object Repository/1. CURA Test Object (Click, Set, Dropdown)/Visit Date'. Try using Self-healing.

03-07-2024T09:15:59 - [MESSAGE][WARNING] - [SELF-HEALING] The current locator of test object 'Object Repository/1. CURA Test Object (Click, Set, Dropdown)/Visit Date' was broken. Propose an alternative one: '//*[@id = 'txt_visit_date' and @name = 'visit_date' and @type = 'text' and @placeholder = 'dd/mm/yyyy']'.

03-07-2024T09:16:00 - [MESSAGE][PASSED] - Text '30/08/2024' is set on object 'Object Repository/1. CURA Test Object (Click, Set, Dropdown)/Visit Date'

03-07-2024T09:16:00 - [TEST_STEP][PASSED] - setText(findTestObject("1. CURA Test Object (Click, Set, Dropdown)/Comment"), commentBook): Text '8:00 AM with dr. Alexa' is set on object 'Object Repository/1. CURA Test Object (Click, Set, Dropdown)/Comment'

03-07-2024T09:16:01 - [MESSAGE][PASSED] - Text '8:00 AM with dr. Alexa' is set on object 'Object Repository/1. CURA Test Object (Click, Set, Dropdown)/Comment'

03-07-2024T09:16:01 - [TEST_STEP][PASSED] - click(findTestObject("1. CURA Test Object (Click, Set, Dropdown)/Book Appointment")): Object: 'Object Repository/1. CURA Test Object (Click, Set, Dropdown)/Book Appointment' is clicked on

03-07-2024T09:16:01 - [MESSAGE][PASSED] - Object: 'Object Repository/1. CURA Test Object (Click, Set, Dropdown)/Book Appointment' is clicked on

03-07-2024T09:16:01 - [TEST_STEP][PASSED] - click(findTestObject("1. CURA Test Object (Click, Set, Dropdown)/Menu")): Object: 'Object Repository/1. CURA Test Object (Click, Set, Dropdown)/Menu' is clicked on

03-07-2024T09:16:02 - [MESSAGE][PASSED] - Object: 'Object Repository/1. CURA Test Object (Click, Set, Dropdown)/Menu' is clicked on

03-07-2024T09:16:02 - [TEST_STEP][PASSED] - click(findTestObject("1. CURA Test Object (Click, Set, Dropdown)/Home")): Object: 'Object Repository/1. CURA Test Object (Click, Set, Dropdown)/Home' is clicked on

03-07-2024T09:16:03 - [MESSAGE][PASSED] - Object: 'Object Repository/1. CURA Test Object (Click, Set, Dropdown)/Home' is clicked on

03-07-2024T09:16:03 - [TEST_STEP][PASSED] - click(findTestObject("1. CURA Test Object (Click, Set, Dropdown)/Make Appointment")): Object: 'Object Repository/1. CURA Test Object (Click, Set, Dropdown)/Make Appointment' is clicked on

03-07-2024T09:16:03 - [MESSAGE][PASSED] - Object: 'Object Repository/1. CURA Test Object (Click, Set, Dropdown)/Make Appointment' is clicked on]]></system-out>
         <system-err><![CDATA[]]></system-err>
      </testcase>
      <testcase name="Test Cases/Test Case Properties/TCP03 - Logout" time="2.787" classname="Test Cases/Test Case Properties/TCP03 - Logout" status="PASSED">
         <system-out><![CDATA[03-07-2024T09:16:03 - [TEST_CASE][PASSED] - Test Cases/Test Case Properties/TCP03 - Logout: Test Cases/Test Case Properties/TCP03 - Logout

03-07-2024T09:16:03 - [TEST_STEP][PASSED] - verifyElementText(findTestObject("2. CURA Test Object (Verify parameter)/Make Appointment Text"), "Make Appointment"): Actual text and expected text of test object 'Object Repository/2. CURA Test Object (Verify parameter)/Make Appointment Text' are matched.

03-07-2024T09:16:03 - [MESSAGE][PASSED] - Actual text and expected text of test object 'Object Repository/2. CURA Test Object (Verify parameter)/Make Appointment Text' are matched.

03-07-2024T09:16:03 - [TEST_STEP][PASSED] - click(findTestObject("1. CURA Test Object (Click, Set, Dropdown)/Menu")): Object: 'Object Repository/1. CURA Test Object (Click, Set, Dropdown)/Menu' is clicked on

03-07-2024T09:16:04 - [MESSAGE][PASSED] - Object: 'Object Repository/1. CURA Test Object (Click, Set, Dropdown)/Menu' is clicked on

03-07-2024T09:16:04 - [TEST_STEP][PASSED] - click(findTestObject("1. CURA Test Object (Click, Set, Dropdown)/Logout")): Object: 'Object Repository/1. CURA Test Object (Click, Set, Dropdown)/Logout' is clicked on

03-07-2024T09:16:05 - [MESSAGE][PASSED] - Object: 'Object Repository/1. CURA Test Object (Click, Set, Dropdown)/Logout' is clicked on

03-07-2024T09:16:05 - [TEST_STEP][PASSED] - closeBrowser(): Browser is closed

03-07-2024T09:16:06 - [MESSAGE][PASSED] - Browser is closed]]></system-out>
         <system-err><![CDATA[]]></system-err>
      </testcase>
      <system-out><![CDATA[03-07-2024T09:15:23 - [TEST_SUITE][PASSED] - TS12 - Hongkong appointment using data driven: Test Cases/Test Case Properties/TCP03 - Logout]]></system-out>
      <system-err><![CDATA[]]></system-err>
   </testsuite>
</testsuites>
