<?xml version="1.0" encoding="UTF-8"?>
<testsuites name="TS001 - Verify Landing Page" time="11.163" tests="1" failures="0" errors="0">
   <testsuite name="TS001 - Verify Landing Page" tests="1" failures="0" errors="0" time="11.163" skipped="0" timestamp="05-07-2024T21:01:04" hostname="Lenovo - LAPTOP-7QB5JFLU" id="Test Suites/Eklipse Test suite/TS001 - Verify Landing Page">
      <properties>
         <property name="deviceName" value=""/>
         <property name="devicePlatform"/>
         <property name="logFolder" value="C:\\Users\\Lenovo\\git\\KatalonPractitionerLevel\\Reports\\20240705_210057\\Eklipse Test suite\\TS001 - Verify Landing Page\\20240705_210057"/>
         <property name="logFiles" value="C:\\Users\\Lenovo\\git\\KatalonPractitionerLevel\\Reports\\20240705_210057\\Eklipse Test suite\\TS001 - Verify Landing Page\\20240705_210057\\execution0.log"/>
         <property name="attachments" value=""/>
         <property name="hostName" value="Lenovo - LAPTOP-7QB5JFLU"/>
         <property name="os" value="Windows 11 64bit"/>
         <property name="katalonVersion" value="9.6.0.217"/>
         <property name="browser" value="Chrome 126.0.0.0"/>
         <property name="hostAddress" value="192.168.1.12"/>
         <property name="sessionId" value="afa6cc337032693267220b0b533d9094"/>
         <property name="seleniumVersion" value="3.141.59"/>
         <property name="proxyInformation" value="ProxyInformation { proxyOption=NO_PROXY, proxyServerType=HTTP, username=, password=********, proxyServerAddress=, proxyServerPort=0, executionList=&quot;&quot;, isApplyToDesiredCapabilities=true }"/>
         <property name="platform" value="Windows 11"/>
      </properties>
      <testcase name="Test Cases/Eklipse Test/Landing page/TC001 - Verify main page display" time="10.979" classname="Test Cases/Eklipse Test/Landing page/TC001 - Verify main page display" status="PASSED">
         <system-out><![CDATA[05-07-2024T21:01:05 - [TEST_CASE][PASSED] - Test Cases/Eklipse Test/Landing page/TC001 - Verify main page display: Test Cases/Eklipse Test/Landing page/TC001 - Verify main page display

05-07-2024T21:01:05 - [TEST_STEP][PASSED] - openBrowser(""): Browser is opened with url: ''

05-07-2024T21:01:05 - [MESSAGE][INFO] - Starting 'Chrome' driver

05-07-2024T21:01:05 - [MESSAGE][INFO] - Action delay is set to 0 milliseconds

05-07-2024T21:01:07 - [MESSAGE][PASSED] - Browser is opened with url: ''

05-07-2024T21:01:07 - [TEST_STEP][PASSED] - navigateToUrl("https://eklipse.gg/"): Navigate to 'https://eklipse.gg/' successfully

05-07-2024T21:01:15 - [MESSAGE][PASSED] - Navigate to 'https://eklipse.gg/' successfully

05-07-2024T21:01:15 - [TEST_STEP][NOT_RUN] - waitForImagePresent(findTestObject("Eklipse Object/Page_Eklipse - Convert Twitch Clip To TikTok, Reels,  Shorts For Free/Eklipse gg Logo"), 3): NOT_RUN: waitForImagePresent(findTestObject("Eklipse Object/Page_Eklipse - Convert Twitch Clip To TikTok, Reels,  Shorts For Free/Eklipse gg Logo"), 3)

05-07-2024T21:01:15 - [MESSAGE][NOT_RUN] - NOT_RUN: waitForImagePresent(findTestObject("Eklipse Object/Page_Eklipse - Convert Twitch Clip To TikTok, Reels,  Shorts For Free/Eklipse gg Logo"), 3)

05-07-2024T21:01:15 - [TEST_STEP][NOT_RUN] - takeFullPageScreenshot(): NOT_RUN: takeFullPageScreenshot()

05-07-2024T21:01:15 - [MESSAGE][NOT_RUN] - NOT_RUN: takeFullPageScreenshot()

05-07-2024T21:01:15 - [TEST_STEP][PASSED] - title = getWindowTitle(): Current window's title is: 'Eklipse - Convert Twitch Clip To TikTok, Reels, & Shorts For Free'

05-07-2024T21:01:15 - [MESSAGE][PASSED] - Current window's title is: 'Eklipse - Convert Twitch Clip To TikTok, Reels, & Shorts For Free'

05-07-2024T21:01:15 - [TEST_STEP][PASSED] - title2 = "Eklipse.gg": null

05-07-2024T21:01:15 - [TEST_STEP][PASSED] - if (title.equals(title2)): null

05-07-2024T21:01:16 - [TEST_STEP][PASSED] - else: Execute JavaScript 'alert('Page title not matched')' successfully

05-07-2024T21:01:16 - [TEST_STEP][PASSED] - executeJavaScript("alert('Page title not matched')", null): Execute JavaScript 'alert('Page title not matched')' successfully

05-07-2024T21:01:16 - [MESSAGE][PASSED] - Execute JavaScript 'alert('Page title not matched')' successfully]]></system-out>
         <system-err><![CDATA[]]></system-err>
      </testcase>
      <system-out><![CDATA[05-07-2024T21:01:04 - [TEST_SUITE][PASSED] - TS001 - Verify Landing Page: Test Cases/Eklipse Test/Landing page/TC001 - Verify main page display]]></system-out>
      <system-err><![CDATA[]]></system-err>
   </testsuite>
</testsuites>
