<?xml version="1.0" encoding="UTF-8"?>
<testsuites name="TS03 - Coba" time="72.281" tests="2" failures="0" errors="0">
   <testsuite name="TS03 - Coba" tests="2" failures="0" errors="0" time="72.281" skipped="0" timestamp="27-06-2024T15:52:28" hostname="Lenovo - LAPTOP-7QB5JFLU" id="Test Suites/TS03 - Coba">
      <properties>
         <property name="deviceName" value=""/>
         <property name="devicePlatform"/>
         <property name="logFolder" value="C:\\Users\\Lenovo\\git\\KatalonPractitionerLevel\\Reports\\20240627_155224\\TS03 - Coba\\20240627_155225"/>
         <property name="logFiles" value="C:\\Users\\Lenovo\\git\\KatalonPractitionerLevel\\Reports\\20240627_155224\\TS03 - Coba\\20240627_155225\\execution0.log"/>
         <property name="attachments" value=""/>
         <property name="hostName" value="Lenovo - LAPTOP-7QB5JFLU"/>
         <property name="os" value="Windows 11 64bit"/>
         <property name="katalonVersion" value="9.6.0.217"/>
         <property name="browser" value="Chrome 126.0.0.0"/>
         <property name="hostAddress" value="192.168.1.12"/>
         <property name="sessionId" value="8cbdd02823f27b4d4d626c1f0048ce05"/>
         <property name="seleniumVersion" value="3.141.59"/>
         <property name="proxyInformation" value="ProxyInformation { proxyOption=NO_PROXY, proxyServerType=HTTP, username=, password=********, proxyServerAddress=, proxyServerPort=0, executionList=&quot;&quot;, isApplyToDesiredCapabilities=true }"/>
         <property name="platform" value="Windows 11"/>
      </properties>
      <testcase name="Test Cases/Test Case Properties/TCP01 - Open Browser" time="4.708" classname="Test Cases/Test Case Properties/TCP01 - Open Browser" status="PASSED">
         <system-out><![CDATA[27-06-2024T15:52:29 - [TEST_CASE][PASSED] - Test Cases/Test Case Properties/TCP01 - Open Browser: Test Cases/Test Case Properties/TCP01 - Open Browser

27-06-2024T15:52:29 - [TEST_STEP][PASSED] - openBrowser(""): Browser is opened with url: ''

27-06-2024T15:52:29 - [MESSAGE][INFO] - Starting 'Chrome' driver

27-06-2024T15:52:29 - [MESSAGE][INFO] - Action delay is set to 0 milliseconds

27-06-2024T15:52:31 - [MESSAGE][PASSED] - Browser is opened with url: ''

27-06-2024T15:52:31 - [TEST_STEP][PASSED] - maximizeWindow(STOP_ON_FAILURE): Current window maximized

27-06-2024T15:52:31 - [MESSAGE][PASSED] - Current window maximized

27-06-2024T15:52:31 - [TEST_STEP][PASSED] - navigateToUrl("https://katalon-demo-cura.herokuapp.com/"): Navigate to 'https://katalon-demo-cura.herokuapp.com/' successfully

27-06-2024T15:52:33 - [MESSAGE][PASSED] - Navigate to 'https://katalon-demo-cura.herokuapp.com/' successfully]]></system-out>
         <system-err><![CDATA[]]></system-err>
      </testcase>
      <testcase name="Test Cases/Test Case Properties/TCP02 - Login" time="67.451" classname="Test Cases/Test Case Properties/TCP02 - Login" status="PASSED">
         <system-out><![CDATA[27-06-2024T15:52:33 - [TEST_CASE][PASSED] - Test Cases/Test Case Properties/TCP02 - Login: Test Cases/Test Case Properties/TCP02 - Login

27-06-2024T15:52:33 - [TEST_STEP][PASSED] - click(findTestObject("Login page/Page_CURA Healthcare Service/a_Make Appointment")): Object: 'Object Repository/Login page/Page_CURA Healthcare Service/a_Make Appointment' is clicked on

27-06-2024T15:52:34 - [MESSAGE][PASSED] - Object: 'Object Repository/Login page/Page_CURA Healthcare Service/a_Make Appointment' is clicked on

27-06-2024T15:52:34 - [TEST_STEP][PASSED] - setText(findTestObject("Login page/Page_CURA Healthcare Service/input_Username_username"), "John Doe"): Text 'John Doe' is set on object 'Object Repository/Login page/Page_CURA Healthcare Service/input_Username_username'

27-06-2024T15:53:06 - [MESSAGE][INFO] - Unable to find the element located by 'By.xpath: John'. Please recheck the objects properties to make sure the desired element is located. 

27-06-2024T15:53:06 - [MESSAGE][WARNING] - [SELF-HEALING] Failed to find element with id 'Object Repository/Login page/Page_CURA Healthcare Service/input_Username_username'. Try using Self-healing.

27-06-2024T15:53:06 - [MESSAGE][WARNING] - [SELF-HEALING] The current locator of test object 'Object Repository/Login page/Page_CURA Healthcare Service/input_Username_username' was broken. Propose an alternative one: '//input[@id='txt-username']'.

27-06-2024T15:53:37 - [MESSAGE][INFO] - Unable to find the element located by 'By.xpath: John'. Please recheck the objects properties to make sure the desired element is located. 

27-06-2024T15:53:37 - [MESSAGE][WARNING] - [SELF-HEALING] Failed to find element with id 'Object Repository/Login page/Page_CURA Healthcare Service/input_Username_username'. Try using Self-healing.

27-06-2024T15:53:38 - [MESSAGE][WARNING] - [SELF-HEALING] The current locator of test object 'Object Repository/Login page/Page_CURA Healthcare Service/input_Username_username' was broken. Propose an alternative one: '//input[@id='txt-username']'.

27-06-2024T15:53:38 - [MESSAGE][PASSED] - Text 'John Doe' is set on object 'Object Repository/Login page/Page_CURA Healthcare Service/input_Username_username'

27-06-2024T15:53:38 - [TEST_STEP][PASSED] - setText(findTestObject("Login page/Page_CURA Healthcare Service/input_Password_password"), "ThisIsNotAPassword"): Text 'ThisIsNotAPassword' is set on object 'Object Repository/Login page/Page_CURA Healthcare Service/input_Password_password'

27-06-2024T15:53:39 - [MESSAGE][PASSED] - Text 'ThisIsNotAPassword' is set on object 'Object Repository/Login page/Page_CURA Healthcare Service/input_Password_password'

27-06-2024T15:53:39 - [TEST_STEP][PASSED] - click(findTestObject("Login page/Page_CURA Healthcare Service/button_Login")): Object: 'Object Repository/Login page/Page_CURA Healthcare Service/button_Login' is clicked on

27-06-2024T15:53:41 - [MESSAGE][PASSED] - Object: 'Object Repository/Login page/Page_CURA Healthcare Service/button_Login' is clicked on]]></system-out>
         <system-err><![CDATA[]]></system-err>
      </testcase>
      <system-out><![CDATA[27-06-2024T15:52:28 - [TEST_SUITE][PASSED] - TS03 - Coba: Test Cases/Test Case Properties/TCP02 - Login]]></system-out>
      <system-err><![CDATA[]]></system-err>
   </testsuite>
</testsuites>
