<?xml version="1.0" encoding="UTF-8"?>
<testsuites name="TS04 - Appointment check" time="53.233" tests="4" failures="0" errors="0">
   <testsuite name="TS04 - Appointment check" tests="4" failures="0" errors="0" time="53.233" skipped="0" timestamp="12-07-2024T13:19:48" hostname="Lenovo - LAPTOP-7QB5JFLU" id="Test Suites/CURA Test suites/TS04 - Appointment check">
      <properties>
         <property name="deviceName" value=""/>
         <property name="devicePlatform"/>
         <property name="logFolder" value="C:\\Users\\Lenovo\\git\\KatalonPractitionerLevel\\Reports\\20240712_131943\\CURA Test suites\\TS04 - Appointment check\\20240712_131943"/>
         <property name="logFiles" value="C:\\Users\\Lenovo\\git\\KatalonPractitionerLevel\\Reports\\20240712_131943\\CURA Test suites\\TS04 - Appointment check\\20240712_131943\\execution0.log"/>
         <property name="attachments" value="keyes\keyes-CURA Homepage.png, keyes\keyes-Tokyo Appointment Confirmation.png, keyes\keyes-Hongkong Appointment Confirmation.png, keyes\keyes-History Hongkong Appointment.png"/>
         <property name="hostName" value="Lenovo - LAPTOP-7QB5JFLU"/>
         <property name="os" value="Windows 11 64bit"/>
         <property name="katalonVersion" value="9.6.0.217"/>
         <property name="browser" value="Chrome 126.0.0.0"/>
         <property name="hostAddress" value="192.168.1.12"/>
         <property name="sessionId" value="2f6da44bfb4f73e17cfe483ccc8a3749"/>
         <property name="seleniumVersion" value="3.141.59"/>
         <property name="proxyInformation" value="ProxyInformation { proxyOption=NO_PROXY, proxyServerType=HTTP, username=, password=********, proxyServerAddress=, proxyServerPort=0, executionList=&quot;&quot;, isApplyToDesiredCapabilities=true }"/>
         <property name="platform" value="Windows 11"/>
      </properties>
      <testcase name="Test Cases/CURA Web Test/TC01 - Verify homepage of CURA" time="9.138" classname="Test Cases/CURA Web Test/TC01 - Verify homepage of CURA" status="PASSED">
         <system-out><![CDATA[12-07-2024T13:19:48 - [TEST_CASE][PASSED] - Test Cases/CURA Web Test/TC01 - Verify homepage of CURA: Test Cases/CURA Web Test/TC01 - Verify homepage of CURA

12-07-2024T13:19:48 - [TEST_STEP][PASSED] - openBrowser(""): Browser is opened with url: ''

12-07-2024T13:19:48 - [MESSAGE][INFO] - Starting 'Chrome' driver

12-07-2024T13:19:48 - [MESSAGE][INFO] - Action delay is set to 0 milliseconds

12-07-2024T13:19:50 - [MESSAGE][PASSED] - Browser is opened with url: ''

12-07-2024T13:19:50 - [TEST_STEP][PASSED] - navigateToUrl("https://katalon-demo-cura.herokuapp.com/"): Navigate to 'https://katalon-demo-cura.herokuapp.com/' successfully

12-07-2024T13:19:53 - [MESSAGE][PASSED] - Navigate to 'https://katalon-demo-cura.herokuapp.com/' successfully

12-07-2024T13:19:53 - [TEST_STEP][PASSED] - takeScreenshotAsCheckpoint("CURA Homepage"): Taking screenshot successfully

12-07-2024T13:19:54 - [MESSAGE][INFO] - 0 hidden object(s)

12-07-2024T13:19:54 - [MESSAGE][PASSED] - Taking screenshot successfully
[[ATTACHMENT|keyes\keyes-CURA Homepage.png]]

12-07-2024T13:19:54 - [TEST_STEP][PASSED] - verifyElementText(findTestObject("Object Repository/9. Homepage of CURA/Page_CURA Healthcare Service/h1_CURA Healthcare Service"), "CURA Healthcare Service"): Actual text and expected text of test object 'Object Repository/9. Homepage of CURA/Page_CURA Healthcare Service/h1_CURA Healthcare Service' are matched.

12-07-2024T13:19:54 - [MESSAGE][PASSED] - Actual text and expected text of test object 'Object Repository/9. Homepage of CURA/Page_CURA Healthcare Service/h1_CURA Healthcare Service' are matched.

12-07-2024T13:19:54 - [TEST_STEP][PASSED] - verifyElementText(findTestObject("Object Repository/9. Homepage of CURA/Page_CURA Healthcare Service/h3_We Care About Your Health"), "We Care About Your Health"): Actual text and expected text of test object 'Object Repository/9. Homepage of CURA/Page_CURA Healthcare Service/h3_We Care About Your Health' are matched.

12-07-2024T13:19:55 - [MESSAGE][PASSED] - Actual text and expected text of test object 'Object Repository/9. Homepage of CURA/Page_CURA Healthcare Service/h3_We Care About Your Health' are matched.

12-07-2024T13:19:55 - [TEST_STEP][PASSED] - verifyElementText(findTestObject("Object Repository/9. Homepage of CURA/Page_CURA Healthcare Service/strong_CURA Healthcare Service"), "CURA Healthcare Service"): Actual text and expected text of test object 'Object Repository/9. Homepage of CURA/Page_CURA Healthcare Service/strong_CURA Healthcare Service' are matched.

12-07-2024T13:19:55 - [MESSAGE][PASSED] - Actual text and expected text of test object 'Object Repository/9. Homepage of CURA/Page_CURA Healthcare Service/strong_CURA Healthcare Service' are matched.

12-07-2024T13:19:55 - [TEST_STEP][PASSED] - ExpectedValue = "Atlanta 550 Pharr Road NE Suite 525
Atlanta, GA 30305": null

12-07-2024T13:19:55 - [TEST_STEP][PASSED] - verifyElementText(findTestObject("Object Repository/9. Homepage of CURA/Page_CURA Healthcare Service/p_Atlanta 550 Pharr Road NE Suite 525Atlant_8f4c85"), ExpectedValue): Actual text and expected text of test object 'Object Repository/9. Homepage of CURA/Page_CURA Healthcare Service/p_Atlanta 550 Pharr Road NE Suite 525Atlant_8f4c85' are matched.

12-07-2024T13:19:55 - [MESSAGE][PASSED] - Actual text and expected text of test object 'Object Repository/9. Homepage of CURA/Page_CURA Healthcare Service/p_Atlanta 550 Pharr Road NE Suite 525Atlant_8f4c85' are matched.

12-07-2024T13:19:55 - [TEST_STEP][PASSED] - verifyElementText(findTestObject("Object Repository/9. Homepage of CURA/Page_CURA Healthcare Service/li_(678) 813-1KMS"), "(678) 813-1KMS"): Actual text and expected text of test object 'Object Repository/9. Homepage of CURA/Page_CURA Healthcare Service/li_(678) 813-1KMS' are matched.

12-07-2024T13:19:55 - [MESSAGE][PASSED] - Actual text and expected text of test object 'Object Repository/9. Homepage of CURA/Page_CURA Healthcare Service/li_(678) 813-1KMS' are matched.

12-07-2024T13:19:55 - [TEST_STEP][PASSED] - verifyElementText(findTestObject("Object Repository/9. Homepage of CURA/Page_CURA Healthcare Service/li_infokatalon.com"), "info@katalon.com"): Actual text and expected text of test object 'Object Repository/9. Homepage of CURA/Page_CURA Healthcare Service/li_infokatalon.com' are matched.

12-07-2024T13:19:56 - [MESSAGE][PASSED] - Actual text and expected text of test object 'Object Repository/9. Homepage of CURA/Page_CURA Healthcare Service/li_infokatalon.com' are matched.

12-07-2024T13:19:56 - [TEST_STEP][PASSED] - verifyElementClickable(findTestObject("Object Repository/9. Homepage of CURA/Page_CURA Healthcare Service/i_infokatalon.com_fa fa-facebook fa-fw fa-3x")): Object 'Object Repository/9. Homepage of CURA/Page_CURA Healthcare Service/i_infokatalon.com_fa fa-facebook fa-fw fa-3x' is clickable

12-07-2024T13:19:56 - [MESSAGE][PASSED] - Object 'Object Repository/9. Homepage of CURA/Page_CURA Healthcare Service/i_infokatalon.com_fa fa-facebook fa-fw fa-3x' is clickable

12-07-2024T13:19:56 - [TEST_STEP][PASSED] - verifyElementClickable(findTestObject("Object Repository/9. Homepage of CURA/Page_CURA Healthcare Service/i_infokatalon.com_fa fa-twitter fa-fw fa-3x")): Object 'Object Repository/9. Homepage of CURA/Page_CURA Healthcare Service/i_infokatalon.com_fa fa-twitter fa-fw fa-3x' is clickable

12-07-2024T13:19:56 - [MESSAGE][PASSED] - Object 'Object Repository/9. Homepage of CURA/Page_CURA Healthcare Service/i_infokatalon.com_fa fa-twitter fa-fw fa-3x' is clickable

12-07-2024T13:19:56 - [TEST_STEP][PASSED] - verifyElementClickable(findTestObject("Object Repository/9. Homepage of CURA/Page_CURA Healthcare Service/i_infokatalon.com_fa fa-dribbble fa-fw fa-3x")): Object 'Object Repository/9. Homepage of CURA/Page_CURA Healthcare Service/i_infokatalon.com_fa fa-dribbble fa-fw fa-3x' is clickable

12-07-2024T13:19:57 - [MESSAGE][PASSED] - Object 'Object Repository/9. Homepage of CURA/Page_CURA Healthcare Service/i_infokatalon.com_fa fa-dribbble fa-fw fa-3x' is clickable

12-07-2024T13:19:57 - [TEST_STEP][PASSED] - verifyElementText(findTestObject("Object Repository/9. Homepage of CURA/Page_CURA Healthcare Service/p_Copyright  CURA Healthcare Service 2024"), "Copyright Â© CURA Healthcare Service 2024"): Actual text and expected text of test object 'Object Repository/9. Homepage of CURA/Page_CURA Healthcare Service/p_Copyright  CURA Healthcare Service 2024' are matched.

12-07-2024T13:19:57 - [MESSAGE][PASSED] - Actual text and expected text of test object 'Object Repository/9. Homepage of CURA/Page_CURA Healthcare Service/p_Copyright  CURA Healthcare Service 2024' are matched.

12-07-2024T13:19:57 - [TEST_STEP][PASSED] - verifyElementClickable(findTestObject("Object Repository/9. Homepage of CURA/Page_CURA Healthcare Service/a_Make Appointment")): Object 'Object Repository/9. Homepage of CURA/Page_CURA Healthcare Service/a_Make Appointment' is clickable

12-07-2024T13:19:57 - [MESSAGE][PASSED] - Object 'Object Repository/9. Homepage of CURA/Page_CURA Healthcare Service/a_Make Appointment' is clickable]]></system-out>
         <system-err><![CDATA[]]></system-err>
      </testcase>
      <testcase name="Test Cases/CURA Web Test/TC08 - Appointment Tokyo" time="15.698" classname="Test Cases/CURA Web Test/TC08 - Appointment Tokyo" status="PASSED">
         <system-out><![CDATA[12-07-2024T13:19:57 - [TEST_CASE][PASSED] - Test Cases/CURA Web Test/TC08 - Appointment Tokyo: Test Cases/CURA Web Test/TC08 - Appointment Tokyo

12-07-2024T13:19:57 - [TEST_STEP][PASSED] - openBrowser(""): Browser is opened with url: ''

12-07-2024T13:19:57 - [MESSAGE][WARNING] - A browser is already opened. Closing browser and opening a new one

12-07-2024T13:19:57 - [MESSAGE][INFO] - Starting 'Chrome' driver

12-07-2024T13:19:57 - [MESSAGE][INFO] - Action delay is set to 0 milliseconds

12-07-2024T13:19:58 - [MESSAGE][PASSED] - Browser is opened with url: ''

12-07-2024T13:19:58 - [TEST_STEP][PASSED] - navigateToUrl("https://katalon-demo-cura.herokuapp.com/"): Navigate to 'https://katalon-demo-cura.herokuapp.com/' successfully

12-07-2024T13:20:01 - [MESSAGE][PASSED] - Navigate to 'https://katalon-demo-cura.herokuapp.com/' successfully

12-07-2024T13:20:01 - [TEST_STEP][PASSED] - click(findTestObject("1. CURA Test Object (Click, Set, Dropdown)/Make Appointment")): Object: 'Object Repository/1. CURA Test Object (Click, Set, Dropdown)/Make Appointment' is clicked on

12-07-2024T13:20:02 - [MESSAGE][PASSED] - Object: 'Object Repository/1. CURA Test Object (Click, Set, Dropdown)/Make Appointment' is clicked on

12-07-2024T13:20:02 - [TEST_STEP][PASSED] - setText(findTestObject("1. CURA Test Object (Click, Set, Dropdown)/Username"), "John Doe"): Text 'John Doe' is set on object 'Object Repository/1. CURA Test Object (Click, Set, Dropdown)/Username'

12-07-2024T13:20:02 - [MESSAGE][PASSED] - Text 'John Doe' is set on object 'Object Repository/1. CURA Test Object (Click, Set, Dropdown)/Username'

12-07-2024T13:20:02 - [TEST_STEP][PASSED] - setEncryptedText(findTestObject("1. CURA Test Object (Click, Set, Dropdown)/Password"), "g3/DOGG74jC3Flrr3yH+3D/yKbOqqUNM"): Text ****** has been set on object 'Object Repository/1. CURA Test Object (Click, Set, Dropdown)/Password'

12-07-2024T13:20:03 - [MESSAGE][PASSED] - Text ****** has been set on object 'Object Repository/1. CURA Test Object (Click, Set, Dropdown)/Password'

12-07-2024T13:20:03 - [TEST_STEP][PASSED] - click(findTestObject("1. CURA Test Object (Click, Set, Dropdown)/Login Button")): Object: 'Object Repository/1. CURA Test Object (Click, Set, Dropdown)/Login Button' is clicked on

12-07-2024T13:20:04 - [MESSAGE][PASSED] - Object: 'Object Repository/1. CURA Test Object (Click, Set, Dropdown)/Login Button' is clicked on

12-07-2024T13:20:04 - [TEST_STEP][PASSED] - selectOptionByValue(findTestObject("1. CURA Test Object (Click, Set, Dropdown)/Facility"), "Hongkong CURA Healthcare Center", true): All options with value 'Hongkong CURA Healthcare Center' are selected in object 'Object Repository/1. CURA Test Object (Click, Set, Dropdown)/Facility'  using regular expression

12-07-2024T13:20:05 - [MESSAGE][PASSED] - All options with value 'Hongkong CURA Healthcare Center' are selected in object 'Object Repository/1. CURA Test Object (Click, Set, Dropdown)/Facility'  using regular expression

12-07-2024T13:20:05 - [TEST_STEP][PASSED] - selectOptionByValue(findTestObject("1. CURA Test Object (Click, Set, Dropdown)/Facility"), "Tokyo CURA Healthcare Center", true): All options with value 'Tokyo CURA Healthcare Center' are selected in object 'Object Repository/1. CURA Test Object (Click, Set, Dropdown)/Facility'  using regular expression

12-07-2024T13:20:05 - [MESSAGE][PASSED] - All options with value 'Tokyo CURA Healthcare Center' are selected in object 'Object Repository/1. CURA Test Object (Click, Set, Dropdown)/Facility'  using regular expression

12-07-2024T13:20:05 - [TEST_STEP][PASSED] - click(findTestObject("1. CURA Test Object (Click, Set, Dropdown)/Apply for Hospital Readmission")): Object: 'Object Repository/1. CURA Test Object (Click, Set, Dropdown)/Apply for Hospital Readmission' is clicked on

12-07-2024T13:20:06 - [MESSAGE][PASSED] - Object: 'Object Repository/1. CURA Test Object (Click, Set, Dropdown)/Apply for Hospital Readmission' is clicked on

12-07-2024T13:20:06 - [TEST_STEP][PASSED] - uncheck(findTestObject("1. CURA Test Object (Click, Set, Dropdown)/Apply for Hospital Readmission")): Object 'Object Repository/1. CURA Test Object (Click, Set, Dropdown)/Apply for Hospital Readmission' is un-checked

12-07-2024T13:20:06 - [MESSAGE][PASSED] - Object 'Object Repository/1. CURA Test Object (Click, Set, Dropdown)/Apply for Hospital Readmission' is un-checked

12-07-2024T13:20:06 - [TEST_STEP][PASSED] - click(findTestObject("1. CURA Test Object (Click, Set, Dropdown)/None"), CONTINUE_ON_FAILURE): Object: 'Object Repository/1. CURA Test Object (Click, Set, Dropdown)/None' is clicked on

12-07-2024T13:20:06 - [MESSAGE][PASSED] - Object: 'Object Repository/1. CURA Test Object (Click, Set, Dropdown)/None' is clicked on

12-07-2024T13:20:06 - [TEST_STEP][PASSED] - click(findTestObject("1. CURA Test Object (Click, Set, Dropdown)/Medicare"), CONTINUE_ON_FAILURE): Object: 'Object Repository/1. CURA Test Object (Click, Set, Dropdown)/Medicare' is clicked on

12-07-2024T13:20:07 - [MESSAGE][PASSED] - Object: 'Object Repository/1. CURA Test Object (Click, Set, Dropdown)/Medicare' is clicked on

12-07-2024T13:20:07 - [TEST_STEP][PASSED] - click(findTestObject("1. CURA Test Object (Click, Set, Dropdown)/Medicaid")): Object: 'Object Repository/1. CURA Test Object (Click, Set, Dropdown)/Medicaid' is clicked on

12-07-2024T13:20:07 - [MESSAGE][PASSED] - Object: 'Object Repository/1. CURA Test Object (Click, Set, Dropdown)/Medicaid' is clicked on

12-07-2024T13:20:07 - [TEST_STEP][PASSED] - click(findTestObject("1. CURA Test Object (Click, Set, Dropdown)/Medicare")): Object: 'Object Repository/1. CURA Test Object (Click, Set, Dropdown)/Medicare' is clicked on

12-07-2024T13:20:07 - [MESSAGE][PASSED] - Object: 'Object Repository/1. CURA Test Object (Click, Set, Dropdown)/Medicare' is clicked on

12-07-2024T13:20:07 - [TEST_STEP][PASSED] - setText(findTestObject("1. CURA Test Object (Click, Set, Dropdown)/Visit Date"), "30/06/2024"): Text '30/06/2024' is set on object 'Object Repository/1. CURA Test Object (Click, Set, Dropdown)/Visit Date'

12-07-2024T13:20:08 - [MESSAGE][PASSED] - Text '30/06/2024' is set on object 'Object Repository/1. CURA Test Object (Click, Set, Dropdown)/Visit Date'

12-07-2024T13:20:08 - [TEST_STEP][PASSED] - click(findTestObject("1. CURA Test Object (Click, Set, Dropdown)/Book Appointment")): Object: 'Object Repository/1. CURA Test Object (Click, Set, Dropdown)/Book Appointment' is clicked on

12-07-2024T13:20:09 - [MESSAGE][PASSED] - Object: 'Object Repository/1. CURA Test Object (Click, Set, Dropdown)/Book Appointment' is clicked on

12-07-2024T13:20:09 - [TEST_STEP][PASSED] - takeScreenshotAsCheckpoint("Tokyo Appointment Confirmation"): Taking screenshot successfully

12-07-2024T13:20:09 - [MESSAGE][INFO] - 0 hidden object(s)

12-07-2024T13:20:09 - [MESSAGE][PASSED] - Taking screenshot successfully
[[ATTACHMENT|keyes\keyes-Tokyo Appointment Confirmation.png]]

12-07-2024T13:20:09 - [TEST_STEP][PASSED] - verifyElementText(findTestObject("Object Repository/5. Appointment Tokyo/Page_CURA Healthcare Service/h2_Appointment Confirmation"), "Appointment Confirmation"): Actual text and expected text of test object 'Object Repository/5. Appointment Tokyo/Page_CURA Healthcare Service/h2_Appointment Confirmation' are matched.

12-07-2024T13:20:09 - [MESSAGE][PASSED] - Actual text and expected text of test object 'Object Repository/5. Appointment Tokyo/Page_CURA Healthcare Service/h2_Appointment Confirmation' are matched.

12-07-2024T13:20:09 - [TEST_STEP][PASSED] - verifyElementText(findTestObject("Object Repository/5. Appointment Tokyo/Page_CURA Healthcare Service/p_Please be informed that your appointment _11813a"), "Please be informed that your appointment has been booked as following:"): Actual text and expected text of test object 'Object Repository/5. Appointment Tokyo/Page_CURA Healthcare Service/p_Please be informed that your appointment _11813a' are matched.

12-07-2024T13:20:09 - [MESSAGE][PASSED] - Actual text and expected text of test object 'Object Repository/5. Appointment Tokyo/Page_CURA Healthcare Service/p_Please be informed that your appointment _11813a' are matched.

12-07-2024T13:20:09 - [TEST_STEP][PASSED] - verifyElementText(findTestObject("Object Repository/5. Appointment Tokyo/Page_CURA Healthcare Service/p_Tokyo CURA Healthcare Center"), "Tokyo CURA Healthcare Center"): Actual text and expected text of test object 'Object Repository/5. Appointment Tokyo/Page_CURA Healthcare Service/p_Tokyo CURA Healthcare Center' are matched.

12-07-2024T13:20:10 - [MESSAGE][PASSED] - Actual text and expected text of test object 'Object Repository/5. Appointment Tokyo/Page_CURA Healthcare Service/p_Tokyo CURA Healthcare Center' are matched.

12-07-2024T13:20:10 - [TEST_STEP][PASSED] - verifyElementText(findTestObject("Object Repository/5. Appointment Tokyo/Page_CURA Healthcare Service/p_Yes"), "No"): Actual text and expected text of test object 'Object Repository/5. Appointment Tokyo/Page_CURA Healthcare Service/p_Yes' are matched.

12-07-2024T13:20:10 - [MESSAGE][PASSED] - Actual text and expected text of test object 'Object Repository/5. Appointment Tokyo/Page_CURA Healthcare Service/p_Yes' are matched.

12-07-2024T13:20:10 - [TEST_STEP][PASSED] - verifyElementText(findTestObject("Object Repository/5. Appointment Tokyo/Page_CURA Healthcare Service/p_Medicare"), "Medicare"): Actual text and expected text of test object 'Object Repository/5. Appointment Tokyo/Page_CURA Healthcare Service/p_Medicare' are matched.

12-07-2024T13:20:10 - [MESSAGE][PASSED] - Actual text and expected text of test object 'Object Repository/5. Appointment Tokyo/Page_CURA Healthcare Service/p_Medicare' are matched.

12-07-2024T13:20:10 - [TEST_STEP][PASSED] - verifyElementText(findTestObject("Object Repository/5. Appointment Tokyo/Page_CURA Healthcare Service/p_30062024"), "30/06/2024"): Actual text and expected text of test object 'Object Repository/5. Appointment Tokyo/Page_CURA Healthcare Service/p_30062024' are matched.

12-07-2024T13:20:11 - [MESSAGE][PASSED] - Actual text and expected text of test object 'Object Repository/5. Appointment Tokyo/Page_CURA Healthcare Service/p_30062024' are matched.

12-07-2024T13:20:11 - [TEST_STEP][PASSED] - verifyElementText(findTestObject("Object Repository/5. Appointment Tokyo/Page_CURA Healthcare Service/div_Comment_col-xs-8"), ""): Actual text and expected text of test object 'Object Repository/5. Appointment Tokyo/Page_CURA Healthcare Service/div_Comment_col-xs-8' are matched.

12-07-2024T13:20:11 - [MESSAGE][PASSED] - Actual text and expected text of test object 'Object Repository/5. Appointment Tokyo/Page_CURA Healthcare Service/div_Comment_col-xs-8' are matched.

12-07-2024T13:20:11 - [TEST_STEP][PASSED] - click(findTestObject("Object Repository/5. Appointment Tokyo/Page_CURA Healthcare Service/a_Go to Homepage")): Object: 'Object Repository/5. Appointment Tokyo/Page_CURA Healthcare Service/a_Go to Homepage' is clicked on

12-07-2024T13:20:11 - [MESSAGE][PASSED] - Object: 'Object Repository/5. Appointment Tokyo/Page_CURA Healthcare Service/a_Go to Homepage' is clicked on

12-07-2024T13:20:11 - [TEST_STEP][PASSED] - verifyElementText(findTestObject("Object Repository/5. Appointment Tokyo/Page_CURA Healthcare Service/h1_CURA Healthcare Service"), "CURA Healthcare Service"): Actual text and expected text of test object 'Object Repository/5. Appointment Tokyo/Page_CURA Healthcare Service/h1_CURA Healthcare Service' are matched.

12-07-2024T13:20:12 - [MESSAGE][PASSED] - Actual text and expected text of test object 'Object Repository/5. Appointment Tokyo/Page_CURA Healthcare Service/h1_CURA Healthcare Service' are matched.

12-07-2024T13:20:12 - [TEST_STEP][PASSED] - closeBrowser(): Browser is closed

12-07-2024T13:20:13 - [MESSAGE][PASSED] - Browser is closed]]></system-out>
         <system-err><![CDATA[]]></system-err>
      </testcase>
      <testcase name="Test Cases/CURA Web Test/TC06 - Appointment Hongkong" time="14.836" classname="Test Cases/CURA Web Test/TC06 - Appointment Hongkong" status="PASSED">
         <system-out><![CDATA[12-07-2024T13:20:13 - [TEST_CASE][PASSED] - Test Cases/CURA Web Test/TC06 - Appointment Hongkong: Test Cases/CURA Web Test/TC06 - Appointment Hongkong

12-07-2024T13:20:13 - [TEST_STEP][PASSED] - openBrowser(""): Browser is opened with url: ''

12-07-2024T13:20:13 - [MESSAGE][INFO] - Starting 'Chrome' driver

12-07-2024T13:20:13 - [MESSAGE][INFO] - Action delay is set to 0 milliseconds

12-07-2024T13:20:13 - [MESSAGE][PASSED] - Browser is opened with url: ''

12-07-2024T13:20:13 - [TEST_STEP][PASSED] - navigateToUrl("https://katalon-demo-cura.herokuapp.com/"): Navigate to 'https://katalon-demo-cura.herokuapp.com/' successfully

12-07-2024T13:20:16 - [MESSAGE][PASSED] - Navigate to 'https://katalon-demo-cura.herokuapp.com/' successfully

12-07-2024T13:20:16 - [TEST_STEP][PASSED] - click(findTestObject("Object Repository/4. Appointment Hongkong/Page_CURA Healthcare Service/a_Make Appointment")): Object: 'Object Repository/4. Appointment Hongkong/Page_CURA Healthcare Service/a_Make Appointment' is clicked on

12-07-2024T13:20:17 - [MESSAGE][PASSED] - Object: 'Object Repository/4. Appointment Hongkong/Page_CURA Healthcare Service/a_Make Appointment' is clicked on

12-07-2024T13:20:17 - [TEST_STEP][PASSED] - setText(findTestObject("Object Repository/4. Appointment Hongkong/Page_CURA Healthcare Service/input_Username_username"), "John Doe"): Text 'John Doe' is set on object 'Object Repository/4. Appointment Hongkong/Page_CURA Healthcare Service/input_Username_username'

12-07-2024T13:20:18 - [MESSAGE][PASSED] - Text 'John Doe' is set on object 'Object Repository/4. Appointment Hongkong/Page_CURA Healthcare Service/input_Username_username'

12-07-2024T13:20:18 - [TEST_STEP][PASSED] - setEncryptedText(findTestObject("Object Repository/4. Appointment Hongkong/Page_CURA Healthcare Service/input_Password_password"), "g3/DOGG74jC3Flrr3yH+3D/yKbOqqUNM"): Text ****** has been set on object 'Object Repository/4. Appointment Hongkong/Page_CURA Healthcare Service/input_Password_password'

12-07-2024T13:20:18 - [MESSAGE][PASSED] - Text ****** has been set on object 'Object Repository/4. Appointment Hongkong/Page_CURA Healthcare Service/input_Password_password'

12-07-2024T13:20:18 - [TEST_STEP][PASSED] - click(findTestObject("Object Repository/4. Appointment Hongkong/Page_CURA Healthcare Service/button_Login")): Object: 'Object Repository/4. Appointment Hongkong/Page_CURA Healthcare Service/button_Login' is clicked on

12-07-2024T13:20:19 - [MESSAGE][PASSED] - Object: 'Object Repository/4. Appointment Hongkong/Page_CURA Healthcare Service/button_Login' is clicked on

12-07-2024T13:20:19 - [TEST_STEP][PASSED] - selectOptionByValue(findTestObject("Object Repository/4. Appointment Hongkong/Page_CURA Healthcare Service/select_Tokyo CURA Healthcare Center        _5b4107"), "Seoul CURA Healthcare Center", true): All options with value 'Seoul CURA Healthcare Center' are selected in object 'Object Repository/4. Appointment Hongkong/Page_CURA Healthcare Service/select_Tokyo CURA Healthcare Center        _5b4107'  using regular expression

12-07-2024T13:20:20 - [MESSAGE][PASSED] - All options with value 'Seoul CURA Healthcare Center' are selected in object 'Object Repository/4. Appointment Hongkong/Page_CURA Healthcare Service/select_Tokyo CURA Healthcare Center        _5b4107'  using regular expression

12-07-2024T13:20:20 - [TEST_STEP][PASSED] - selectOptionByValue(findTestObject("Object Repository/4. Appointment Hongkong/Page_CURA Healthcare Service/select_Tokyo CURA Healthcare Center        _5b4107"), "Hongkong CURA Healthcare Center", true): All options with value 'Hongkong CURA Healthcare Center' are selected in object 'Object Repository/4. Appointment Hongkong/Page_CURA Healthcare Service/select_Tokyo CURA Healthcare Center        _5b4107'  using regular expression

12-07-2024T13:20:21 - [MESSAGE][PASSED] - All options with value 'Hongkong CURA Healthcare Center' are selected in object 'Object Repository/4. Appointment Hongkong/Page_CURA Healthcare Service/select_Tokyo CURA Healthcare Center        _5b4107'  using regular expression

12-07-2024T13:20:21 - [TEST_STEP][PASSED] - click(findTestObject("Object Repository/4. Appointment Hongkong/Page_CURA Healthcare Service/input_Apply for hospital readmission_hospit_63901f")): Object: 'Object Repository/4. Appointment Hongkong/Page_CURA Healthcare Service/input_Apply for hospital readmission_hospit_63901f' is clicked on

12-07-2024T13:20:21 - [MESSAGE][PASSED] - Object: 'Object Repository/4. Appointment Hongkong/Page_CURA Healthcare Service/input_Apply for hospital readmission_hospit_63901f' is clicked on

12-07-2024T13:20:21 - [TEST_STEP][PASSED] - click(findTestObject("Object Repository/4. Appointment Hongkong/Page_CURA Healthcare Service/input_None_programs")): Object: 'Object Repository/4. Appointment Hongkong/Page_CURA Healthcare Service/input_None_programs' is clicked on

12-07-2024T13:20:21 - [MESSAGE][PASSED] - Object: 'Object Repository/4. Appointment Hongkong/Page_CURA Healthcare Service/input_None_programs' is clicked on

12-07-2024T13:20:21 - [TEST_STEP][PASSED] - click(findTestObject("Object Repository/4. Appointment Hongkong/Page_CURA Healthcare Service/input_Medicare_programs")): Object: 'Object Repository/4. Appointment Hongkong/Page_CURA Healthcare Service/input_Medicare_programs' is clicked on

12-07-2024T13:20:22 - [MESSAGE][PASSED] - Object: 'Object Repository/4. Appointment Hongkong/Page_CURA Healthcare Service/input_Medicare_programs' is clicked on

12-07-2024T13:20:22 - [TEST_STEP][PASSED] - click(findTestObject("Object Repository/4. Appointment Hongkong/Page_CURA Healthcare Service/span_Visit Date (Required)_glyphicon glyphi_cada34")): Object: 'Object Repository/4. Appointment Hongkong/Page_CURA Healthcare Service/span_Visit Date (Required)_glyphicon glyphi_cada34' is clicked on

12-07-2024T13:20:22 - [MESSAGE][PASSED] - Object: 'Object Repository/4. Appointment Hongkong/Page_CURA Healthcare Service/span_Visit Date (Required)_glyphicon glyphi_cada34' is clicked on

12-07-2024T13:20:22 - [TEST_STEP][PASSED] - click(findTestObject("Object Repository/4. Appointment Hongkong/Page_CURA Healthcare Service/td_1")): Object: 'Object Repository/4. Appointment Hongkong/Page_CURA Healthcare Service/td_1' is clicked on

12-07-2024T13:20:22 - [MESSAGE][PASSED] - Object: 'Object Repository/4. Appointment Hongkong/Page_CURA Healthcare Service/td_1' is clicked on

12-07-2024T13:20:22 - [TEST_STEP][PASSED] - click(findTestObject("Object Repository/4. Appointment Hongkong/Page_CURA Healthcare Service/input_Visit Date (Required)_visit_date")): Object: 'Object Repository/4. Appointment Hongkong/Page_CURA Healthcare Service/input_Visit Date (Required)_visit_date' is clicked on

12-07-2024T13:20:23 - [MESSAGE][PASSED] - Object: 'Object Repository/4. Appointment Hongkong/Page_CURA Healthcare Service/input_Visit Date (Required)_visit_date' is clicked on

12-07-2024T13:20:23 - [TEST_STEP][PASSED] - setText(findTestObject("Object Repository/4. Appointment Hongkong/Page_CURA Healthcare Service/textarea_Comment_comment"), "Lets meet at 8 PM"): Text 'Lets meet at 8 PM' is set on object 'Object Repository/4. Appointment Hongkong/Page_CURA Healthcare Service/textarea_Comment_comment'

12-07-2024T13:20:24 - [MESSAGE][PASSED] - Text 'Lets meet at 8 PM' is set on object 'Object Repository/4. Appointment Hongkong/Page_CURA Healthcare Service/textarea_Comment_comment'

12-07-2024T13:20:24 - [TEST_STEP][PASSED] - click(findTestObject("Object Repository/4. Appointment Hongkong/Page_CURA Healthcare Service/button_Book Appointment")): Object: 'Object Repository/4. Appointment Hongkong/Page_CURA Healthcare Service/button_Book Appointment' is clicked on

12-07-2024T13:20:24 - [MESSAGE][PASSED] - Object: 'Object Repository/4. Appointment Hongkong/Page_CURA Healthcare Service/button_Book Appointment' is clicked on

12-07-2024T13:20:24 - [TEST_STEP][PASSED] - takeScreenshotAsCheckpoint("Hongkong Appointment Confirmation"): Taking screenshot successfully

12-07-2024T13:20:25 - [MESSAGE][INFO] - 0 hidden object(s)

12-07-2024T13:20:25 - [MESSAGE][PASSED] - Taking screenshot successfully
[[ATTACHMENT|keyes\keyes-Hongkong Appointment Confirmation.png]]

12-07-2024T13:20:25 - [TEST_STEP][PASSED] - click(findTestObject("Object Repository/4. Appointment Hongkong/Page_CURA Healthcare Service/h2_Appointment Confirmation")): Object: 'Object Repository/4. Appointment Hongkong/Page_CURA Healthcare Service/h2_Appointment Confirmation' is clicked on

12-07-2024T13:20:25 - [MESSAGE][PASSED] - Object: 'Object Repository/4. Appointment Hongkong/Page_CURA Healthcare Service/h2_Appointment Confirmation' is clicked on

12-07-2024T13:20:25 - [TEST_STEP][PASSED] - click(findTestObject("Object Repository/4. Appointment Hongkong/Page_CURA Healthcare Service/p_Please be informed that your appointment _11813a")): Object: 'Object Repository/4. Appointment Hongkong/Page_CURA Healthcare Service/p_Please be informed that your appointment _11813a' is clicked on

12-07-2024T13:20:25 - [MESSAGE][PASSED] - Object: 'Object Repository/4. Appointment Hongkong/Page_CURA Healthcare Service/p_Please be informed that your appointment _11813a' is clicked on

12-07-2024T13:20:25 - [TEST_STEP][PASSED] - click(findTestObject("Object Repository/4. Appointment Hongkong/Page_CURA Healthcare Service/p_Hongkong CURA Healthcare Center")): Object: 'Object Repository/4. Appointment Hongkong/Page_CURA Healthcare Service/p_Hongkong CURA Healthcare Center' is clicked on

12-07-2024T13:20:25 - [MESSAGE][PASSED] - Object: 'Object Repository/4. Appointment Hongkong/Page_CURA Healthcare Service/p_Hongkong CURA Healthcare Center' is clicked on

12-07-2024T13:20:25 - [TEST_STEP][PASSED] - verifyElementPresent(findTestObject("Object Repository/4. Appointment Hongkong/Page_CURA Healthcare Service/p_Yes"), 0): Object 'Object Repository/4. Appointment Hongkong/Page_CURA Healthcare Service/p_Yes' is present

12-07-2024T13:20:25 - [MESSAGE][WARNING] - Timeout '0' is invalid. Using default page load timeout: '30'

12-07-2024T13:20:26 - [MESSAGE][PASSED] - Object 'Object Repository/4. Appointment Hongkong/Page_CURA Healthcare Service/p_Yes' is present

12-07-2024T13:20:26 - [TEST_STEP][PASSED] - verifyElementPresent(findTestObject("Object Repository/4. Appointment Hongkong/Page_CURA Healthcare Service/p_Medicare"), 0): Object 'Object Repository/4. Appointment Hongkong/Page_CURA Healthcare Service/p_Medicare' is present

12-07-2024T13:20:26 - [MESSAGE][WARNING] - Timeout '0' is invalid. Using default page load timeout: '30'

12-07-2024T13:20:26 - [MESSAGE][PASSED] - Object 'Object Repository/4. Appointment Hongkong/Page_CURA Healthcare Service/p_Medicare' is present

12-07-2024T13:20:26 - [TEST_STEP][PASSED] - verifyElementPresent(findTestObject("Object Repository/4. Appointment Hongkong/Page_CURA Healthcare Service/p_01072024"), 0): Object 'Object Repository/4. Appointment Hongkong/Page_CURA Healthcare Service/p_01072024' is present

12-07-2024T13:20:26 - [MESSAGE][WARNING] - Timeout '0' is invalid. Using default page load timeout: '30'

12-07-2024T13:20:26 - [MESSAGE][PASSED] - Object 'Object Repository/4. Appointment Hongkong/Page_CURA Healthcare Service/p_01072024' is present

12-07-2024T13:20:26 - [TEST_STEP][PASSED] - verifyElementPresent(findTestObject("Object Repository/4. Appointment Hongkong/Page_CURA Healthcare Service/p_Lets meet at 8 PM"), 0): Object 'Object Repository/4. Appointment Hongkong/Page_CURA Healthcare Service/p_Lets meet at 8 PM' is present

12-07-2024T13:20:26 - [MESSAGE][WARNING] - Timeout '0' is invalid. Using default page load timeout: '30'

12-07-2024T13:20:27 - [MESSAGE][PASSED] - Object 'Object Repository/4. Appointment Hongkong/Page_CURA Healthcare Service/p_Lets meet at 8 PM' is present

12-07-2024T13:20:27 - [TEST_STEP][PASSED] - click(findTestObject("Object Repository/4. Appointment Hongkong/Page_CURA Healthcare Service/a_Go to Homepage")): Object: 'Object Repository/4. Appointment Hongkong/Page_CURA Healthcare Service/a_Go to Homepage' is clicked on

12-07-2024T13:20:27 - [MESSAGE][PASSED] - Object: 'Object Repository/4. Appointment Hongkong/Page_CURA Healthcare Service/a_Go to Homepage' is clicked on

12-07-2024T13:20:27 - [TEST_STEP][PASSED] - click(findTestObject("Object Repository/4. Appointment Hongkong/Page_CURA Healthcare Service/h1_CURA Healthcare Service")): Object: 'Object Repository/4. Appointment Hongkong/Page_CURA Healthcare Service/h1_CURA Healthcare Service' is clicked on

12-07-2024T13:20:27 - [MESSAGE][PASSED] - Object: 'Object Repository/4. Appointment Hongkong/Page_CURA Healthcare Service/h1_CURA Healthcare Service' is clicked on

12-07-2024T13:20:27 - [TEST_STEP][PASSED] - closeBrowser(): Browser is closed

12-07-2024T13:20:28 - [MESSAGE][PASSED] - Browser is closed]]></system-out>
         <system-err><![CDATA[]]></system-err>
      </testcase>
      <testcase name="Test Cases/CURA Web Test/TC10 - History menu check" time="13.419" classname="Test Cases/CURA Web Test/TC10 - History menu check" status="PASSED">
         <system-out><![CDATA[12-07-2024T13:20:28 - [TEST_CASE][PASSED] - Test Cases/CURA Web Test/TC10 - History menu check: Test Cases/CURA Web Test/TC10 - History menu check

12-07-2024T13:20:28 - [TEST_STEP][PASSED] - openBrowser(""): Browser is opened with url: ''

12-07-2024T13:20:28 - [MESSAGE][INFO] - Starting 'Chrome' driver

12-07-2024T13:20:28 - [MESSAGE][INFO] - Action delay is set to 0 milliseconds

12-07-2024T13:20:28 - [MESSAGE][PASSED] - Browser is opened with url: ''

12-07-2024T13:20:28 - [TEST_STEP][PASSED] - navigateToUrl("https://katalon-demo-cura.herokuapp.com/"): Navigate to 'https://katalon-demo-cura.herokuapp.com/' successfully

12-07-2024T13:20:31 - [MESSAGE][PASSED] - Navigate to 'https://katalon-demo-cura.herokuapp.com/' successfully

12-07-2024T13:20:31 - [TEST_STEP][PASSED] - click(findTestObject("1. CURA Test Object (Click, Set, Dropdown)/Make Appointment")): Object: 'Object Repository/1. CURA Test Object (Click, Set, Dropdown)/Make Appointment' is clicked on

12-07-2024T13:20:31 - [MESSAGE][PASSED] - Object: 'Object Repository/1. CURA Test Object (Click, Set, Dropdown)/Make Appointment' is clicked on

12-07-2024T13:20:31 - [TEST_STEP][PASSED] - setText(findTestObject("1. CURA Test Object (Click, Set, Dropdown)/Username"), "John Doe"): Text 'John Doe' is set on object 'Object Repository/1. CURA Test Object (Click, Set, Dropdown)/Username'

12-07-2024T13:20:32 - [MESSAGE][PASSED] - Text 'John Doe' is set on object 'Object Repository/1. CURA Test Object (Click, Set, Dropdown)/Username'

12-07-2024T13:20:32 - [TEST_STEP][PASSED] - setEncryptedText(findTestObject("1. CURA Test Object (Click, Set, Dropdown)/Password"), "g3/DOGG74jC3Flrr3yH+3D/yKbOqqUNM"): Text ****** has been set on object 'Object Repository/1. CURA Test Object (Click, Set, Dropdown)/Password'

12-07-2024T13:20:33 - [MESSAGE][PASSED] - Text ****** has been set on object 'Object Repository/1. CURA Test Object (Click, Set, Dropdown)/Password'

12-07-2024T13:20:33 - [TEST_STEP][PASSED] - click(findTestObject("1. CURA Test Object (Click, Set, Dropdown)/Login Button")): Object: 'Object Repository/1. CURA Test Object (Click, Set, Dropdown)/Login Button' is clicked on

12-07-2024T13:20:33 - [MESSAGE][PASSED] - Object: 'Object Repository/1. CURA Test Object (Click, Set, Dropdown)/Login Button' is clicked on

12-07-2024T13:20:33 - [TEST_STEP][PASSED] - selectOptionByValue(findTestObject("1. CURA Test Object (Click, Set, Dropdown)/Facility"), "Hongkong CURA Healthcare Center", true): All options with value 'Hongkong CURA Healthcare Center' are selected in object 'Object Repository/1. CURA Test Object (Click, Set, Dropdown)/Facility'  using regular expression

12-07-2024T13:20:34 - [MESSAGE][PASSED] - All options with value 'Hongkong CURA Healthcare Center' are selected in object 'Object Repository/1. CURA Test Object (Click, Set, Dropdown)/Facility'  using regular expression

12-07-2024T13:20:34 - [TEST_STEP][PASSED] - click(findTestObject("1. CURA Test Object (Click, Set, Dropdown)/Apply for Hospital Readmission")): Object: 'Object Repository/1. CURA Test Object (Click, Set, Dropdown)/Apply for Hospital Readmission' is clicked on

12-07-2024T13:20:35 - [MESSAGE][PASSED] - Object: 'Object Repository/1. CURA Test Object (Click, Set, Dropdown)/Apply for Hospital Readmission' is clicked on

12-07-2024T13:20:35 - [TEST_STEP][PASSED] - setText(findTestObject("1. CURA Test Object (Click, Set, Dropdown)/Visit Date"), "28/06/2024"): Text '28/06/2024' is set on object 'Object Repository/1. CURA Test Object (Click, Set, Dropdown)/Visit Date'

12-07-2024T13:20:35 - [MESSAGE][PASSED] - Text '28/06/2024' is set on object 'Object Repository/1. CURA Test Object (Click, Set, Dropdown)/Visit Date'

12-07-2024T13:20:35 - [TEST_STEP][PASSED] - setText(findTestObject("1. CURA Test Object (Click, Set, Dropdown)/Comment"), "Let's meet at 9 AM"): Text 'Let's meet at 9 AM' is set on object 'Object Repository/1. CURA Test Object (Click, Set, Dropdown)/Comment'

12-07-2024T13:20:36 - [MESSAGE][PASSED] - Text 'Let's meet at 9 AM' is set on object 'Object Repository/1. CURA Test Object (Click, Set, Dropdown)/Comment'

12-07-2024T13:20:36 - [TEST_STEP][PASSED] - click(findTestObject("1. CURA Test Object (Click, Set, Dropdown)/Book Appointment")): Object: 'Object Repository/1. CURA Test Object (Click, Set, Dropdown)/Book Appointment' is clicked on

12-07-2024T13:20:37 - [MESSAGE][PASSED] - Object: 'Object Repository/1. CURA Test Object (Click, Set, Dropdown)/Book Appointment' is clicked on

12-07-2024T13:20:37 - [TEST_STEP][PASSED] - verifyElementText(findTestObject("4. Appointment Hongkong/Page_CURA Healthcare Service/h2_Appointment Confirmation"), "Appointment Confirmation"): Actual text and expected text of test object 'Object Repository/4. Appointment Hongkong/Page_CURA Healthcare Service/h2_Appointment Confirmation' are matched.

12-07-2024T13:20:37 - [MESSAGE][PASSED] - Actual text and expected text of test object 'Object Repository/4. Appointment Hongkong/Page_CURA Healthcare Service/h2_Appointment Confirmation' are matched.

12-07-2024T13:20:37 - [TEST_STEP][PASSED] - click(findTestObject("1. CURA Test Object (Click, Set, Dropdown)/Menu")): Object: 'Object Repository/1. CURA Test Object (Click, Set, Dropdown)/Menu' is clicked on

12-07-2024T13:20:37 - [MESSAGE][PASSED] - Object: 'Object Repository/1. CURA Test Object (Click, Set, Dropdown)/Menu' is clicked on

12-07-2024T13:20:37 - [TEST_STEP][PASSED] - click(findTestObject("1. CURA Test Object (Click, Set, Dropdown)/History")): Object: 'Object Repository/1. CURA Test Object (Click, Set, Dropdown)/History' is clicked on

12-07-2024T13:20:38 - [MESSAGE][PASSED] - Object: 'Object Repository/1. CURA Test Object (Click, Set, Dropdown)/History' is clicked on

12-07-2024T13:20:38 - [TEST_STEP][PASSED] - takeScreenshotAsCheckpoint("History Hongkong Appointment"): Taking screenshot successfully

12-07-2024T13:20:39 - [MESSAGE][INFO] - 0 hidden object(s)

12-07-2024T13:20:39 - [MESSAGE][PASSED] - Taking screenshot successfully
[[ATTACHMENT|keyes\keyes-History Hongkong Appointment.png]]

12-07-2024T13:20:39 - [TEST_STEP][PASSED] - verifyElementText(findTestObject("Object Repository/8. History check/Page_CURA Healthcare Service/h2_History"), "History"): Actual text and expected text of test object 'Object Repository/8. History check/Page_CURA Healthcare Service/h2_History' are matched.

12-07-2024T13:20:39 - [MESSAGE][PASSED] - Actual text and expected text of test object 'Object Repository/8. History check/Page_CURA Healthcare Service/h2_History' are matched.

12-07-2024T13:20:39 - [TEST_STEP][PASSED] - verifyElementText(findTestObject("Object Repository/8. History check/Page_CURA Healthcare Service/div_28062024"), "28/06/2024"): Actual text and expected text of test object 'Object Repository/8. History check/Page_CURA Healthcare Service/div_28062024' are matched.

12-07-2024T13:20:39 - [MESSAGE][PASSED] - Actual text and expected text of test object 'Object Repository/8. History check/Page_CURA Healthcare Service/div_28062024' are matched.

12-07-2024T13:20:39 - [TEST_STEP][PASSED] - verifyElementText(findTestObject("Object Repository/8. History check/Page_CURA Healthcare Service/p_Hongkong CURA Healthcare Center"), "Hongkong CURA Healthcare Center"): Actual text and expected text of test object 'Object Repository/8. History check/Page_CURA Healthcare Service/p_Hongkong CURA Healthcare Center' are matched.

12-07-2024T13:20:39 - [MESSAGE][PASSED] - Actual text and expected text of test object 'Object Repository/8. History check/Page_CURA Healthcare Service/p_Hongkong CURA Healthcare Center' are matched.

12-07-2024T13:20:39 - [TEST_STEP][PASSED] - verifyElementText(findTestObject("Object Repository/8. History check/Page_CURA Healthcare Service/p_Yes"), "Yes"): Actual text and expected text of test object 'Object Repository/8. History check/Page_CURA Healthcare Service/p_Yes' are matched.

12-07-2024T13:20:40 - [MESSAGE][PASSED] - Actual text and expected text of test object 'Object Repository/8. History check/Page_CURA Healthcare Service/p_Yes' are matched.

12-07-2024T13:20:40 - [TEST_STEP][PASSED] - verifyElementText(findTestObject("Object Repository/8. History check/Page_CURA Healthcare Service/p_Medicare"), "Medicare"): Actual text and expected text of test object 'Object Repository/8. History check/Page_CURA Healthcare Service/p_Medicare' are matched.

12-07-2024T13:20:40 - [MESSAGE][PASSED] - Actual text and expected text of test object 'Object Repository/8. History check/Page_CURA Healthcare Service/p_Medicare' are matched.

12-07-2024T13:20:40 - [TEST_STEP][PASSED] - verifyElementText(findTestObject("Object Repository/8. History check/Page_CURA Healthcare Service/p_Lets meet at 9 AM"), "Let's meet at 9 AM"): Actual text and expected text of test object 'Object Repository/8. History check/Page_CURA Healthcare Service/p_Lets meet at 9 AM' are matched.

12-07-2024T13:20:40 - [MESSAGE][PASSED] - Actual text and expected text of test object 'Object Repository/8. History check/Page_CURA Healthcare Service/p_Lets meet at 9 AM' are matched.

12-07-2024T13:20:40 - [TEST_STEP][PASSED] - click(findTestObject("1. CURA Test Object (Click, Set, Dropdown)/Go to Homepage")): Object: 'Object Repository/1. CURA Test Object (Click, Set, Dropdown)/Go to Homepage' is clicked on

12-07-2024T13:20:41 - [MESSAGE][PASSED] - Object: 'Object Repository/1. CURA Test Object (Click, Set, Dropdown)/Go to Homepage' is clicked on

12-07-2024T13:20:41 - [TEST_STEP][PASSED] - verifyElementText(findTestObject("2. CURA Test Object (Verify parameter)/CURA Healthcare Service Label"), "CURA Healthcare Service"): Actual text and expected text of test object 'Object Repository/2. CURA Test Object (Verify parameter)/CURA Healthcare Service Label' are matched.

12-07-2024T13:20:41 - [MESSAGE][PASSED] - Actual text and expected text of test object 'Object Repository/2. CURA Test Object (Verify parameter)/CURA Healthcare Service Label' are matched.]]></system-out>
         <system-err><![CDATA[]]></system-err>
      </testcase>
      <system-out><![CDATA[12-07-2024T13:19:48 - [TEST_SUITE][PASSED] - TS04 - Appointment check: Test Cases/CURA Web Test/TC10 - History menu check]]></system-out>
      <system-err><![CDATA[]]></system-err>
   </testsuite>
</testsuites>
