<?xml version="1.0" encoding="UTF-8"?>
<testsuites name="TS003 - Sign Up Via Sign In Page Variation" time="47.824" tests="2" failures="0" errors="0">
   <testsuite name="TS003 - Sign Up Via Sign In Page Variation" tests="2" failures="0" errors="0" time="47.824" skipped="0" timestamp="2024-07-12 15:42:07" hostname="Lenovo - LAPTOP-7QB5JFLU" id="Test Suites/Eklipse Test suite/TS003 - Sign Up Via Sign In Page Variation">
      <properties>
         <property name="deviceName" value=""/>
         <property name="devicePlatform" value=""/>
         <property name="logFolder" value="C:\\Users\\Lenovo\\git\\KatalonPractitionerLevel\\Reports\\20240712_154157\\Eklipse Test suite\\TS003 - Sign Up Via Sign In Page Variation\\20240712_154201"/>
         <property name="logFiles" value="C:\\Users\\Lenovo\\git\\KatalonPractitionerLevel\\Reports\\20240712_154157\\Eklipse Test suite\\TS003 - Sign Up Via Sign In Page Variation\\20240712_154201\\execution0.log"/>
         <property name="attachments" value=""/>
         <property name="hostName" value="Lenovo - LAPTOP-7QB5JFLU"/>
         <property name="os" value="Windows 11 64bit"/>
         <property name="katalonVersion" value="8.6.9.208"/>
         <property name="browser" value="Chrome 126.0.0.0"/>
         <property name="hostAddress" value="192.168.1.12"/>
         <property name="sessionId" value="54f623488a83810a2ed82f0c6580cbe4"/>
         <property name="seleniumVersion" value="3.141.59"/>
         <property name="proxyInformation" value="ProxyInformation { proxyOption=NO_PROXY, proxyServerType=HTTP, username=, password=********, proxyServerAddress=, proxyServerPort=0, executionList=&quot;&quot;, isApplyToDesiredCapabilities=true }"/>
         <property name="platform" value="Windows 11"/>
      </properties>
      <testcase name="Test Cases/Eklipse Test/Sign in and Sign Up/TC003 - Negative Test - Sign Up Variation" time="47.436" classname="Test Cases/Eklipse Test/Sign in and Sign Up/TC003 - Negative Test - Sign Up Variation" status="PASSED">
         <system-out><![CDATA[2024-07-12 15:42:08 - [TEST_CASE][PASSED] - Test Cases/Eklipse Test/Sign in and Sign Up/TC003 - Negative Test - Sign Up Variation: Test Cases/Eklipse Test/Sign in and Sign Up/TC003 - Negative Test - Sign Up Variation

2024-07-12 15:42:08 - [TEST_STEP][PASSED] - eklipse_keywords.openBrowserEklipse.main(): eklipse_keywords.openBrowserEklipse.main is PASSED

2024-07-12 15:42:08 - [MESSAGE][INFO] - Starting 'Chrome' driver

2024-07-12 15:42:08 - [MESSAGE][INFO] - Action delay is set to 0 milliseconds

2024-07-12 15:42:10 - [MESSAGE][PASSED] - Browser is opened with url: ''

2024-07-12 15:42:18 - [MESSAGE][PASSED] - Navigate to 'https://eklipse.gg/' successfully

2024-07-12 15:42:18 - [MESSAGE][PASSED] - eklipse_keywords.openBrowserEklipse.main is PASSED

2024-07-12 15:42:18 - [TEST_STEP][PASSED] - eklipse_keywords.signInToEklipse.main(): eklipse_keywords.signInToEklipse.main is PASSED

2024-07-12 15:42:22 - [MESSAGE][PASSED] - Object: 'Object Repository/Eklipse Landing Page/Page_Eklipse - Convert Twitch Clip To TikTok, Reels,  Shorts For Free/Sign In' is clicked on

2024-07-12 15:42:22 - [MESSAGE][PASSED] - eklipse_keywords.signInToEklipse.main is PASSED

2024-07-12 15:42:22 - [TEST_STEP][PASSED] - click(findTestObject("Sign in page/Page_Eklipse/button_Sign Up")): Object: 'Object Repository/Sign in page/Page_Eklipse/button_Sign Up' is clicked on

2024-07-12 15:42:23 - [MESSAGE][PASSED] - Object: 'Object Repository/Sign in page/Page_Eklipse/button_Sign Up' is clicked on

2024-07-12 15:42:23 - [TEST_STEP][PASSED] - setText(findTestObject("Sign up page/Page_Eklipse/input_OR_name"), "April"): Text 'April' is set on object 'Object Repository/Sign up page/Page_Eklipse/input_OR_name'

2024-07-12 15:42:24 - [MESSAGE][PASSED] - Text 'April' is set on object 'Object Repository/Sign up page/Page_Eklipse/input_OR_name'

2024-07-12 15:42:24 - [TEST_STEP][PASSED] - setText(findTestObject("Sign up page/Page_Eklipse/input_OR_email"), "titaapratama@gmail.com"): Text 'titaapratama@gmail.com' is set on object 'Object Repository/Sign up page/Page_Eklipse/input_OR_email'

2024-07-12 15:42:25 - [MESSAGE][PASSED] - Text 'titaapratama@gmail.com' is set on object 'Object Repository/Sign up page/Page_Eklipse/input_OR_email'

2024-07-12 15:42:25 - [TEST_STEP][PASSED] - setText(findTestObject("Sign up page/Page_Eklipse/input_OR_password"), "Tita123."): Text 'Tita123.' is set on object 'Object Repository/Sign up page/Page_Eklipse/input_OR_password'

2024-07-12 15:42:26 - [MESSAGE][PASSED] - Text 'Tita123.' is set on object 'Object Repository/Sign up page/Page_Eklipse/input_OR_password'

2024-07-12 15:42:26 - [TEST_STEP][PASSED] - setText(findTestObject("Sign up page/Page_Eklipse/input_OR_password_confirmation"), "Tita123."): Text 'Tita123.' is set on object 'Object Repository/Sign up page/Page_Eklipse/input_OR_password_confirmation'

2024-07-12 15:42:27 - [MESSAGE][PASSED] - Text 'Tita123.' is set on object 'Object Repository/Sign up page/Page_Eklipse/input_OR_password_confirmation'

2024-07-12 15:42:27 - [TEST_STEP][PASSED] - click(findTestObject("Sign up page/Page_Eklipse/button_Sign Up")): Object: 'Object Repository/Sign up page/Page_Eklipse/button_Sign Up' is clicked on

2024-07-12 15:42:28 - [MESSAGE][PASSED] - Object: 'Object Repository/Sign up page/Page_Eklipse/button_Sign Up' is clicked on

2024-07-12 15:42:28 - [TEST_STEP][PASSED] - delay(3): Delayed 3 second(s)

2024-07-12 15:42:31 - [MESSAGE][PASSED] - Delayed 3 second(s)

2024-07-12 15:42:31 - [TEST_STEP][PASSED] - result = "": null

2024-07-12 15:42:31 - [TEST_STEP][PASSED] - if (verifyElementPresent(findTestObject("Sign up page/Page_Eklipse/div_The email has already been taken"), 0)): null

2024-07-12 15:42:31 - [MESSAGE][WARNING] - Timeout '0' is invalid. Using default page load timeout: '30'

2024-07-12 15:42:31 - [MESSAGE][PASSED] - Object 'Object Repository/Sign up page/Page_Eklipse/div_The email has already been taken' is present

2024-07-12 15:42:31 - [TEST_STEP][PASSED] - result += "1. Passed: The email has already ben taken
": null

2024-07-12 15:42:31 - [TEST_STEP][PASSED] - setText(findTestObject("Sign up page/Page_Eklipse/input_OR_name"), "April"): Text 'April' is set on object 'Object Repository/Sign up page/Page_Eklipse/input_OR_name'

2024-07-12 15:42:32 - [MESSAGE][PASSED] - Text 'April' is set on object 'Object Repository/Sign up page/Page_Eklipse/input_OR_name'

2024-07-12 15:42:32 - [TEST_STEP][PASSED] - setText(findTestObject("Sign up page/Page_Eklipse/input_OR_email"), "titaapratama@gmail.com"): Text 'titaapratama@gmail.com' is set on object 'Object Repository/Sign up page/Page_Eklipse/input_OR_email'

2024-07-12 15:42:33 - [MESSAGE][PASSED] - Text 'titaapratama@gmail.com' is set on object 'Object Repository/Sign up page/Page_Eklipse/input_OR_email'

2024-07-12 15:42:33 - [TEST_STEP][PASSED] - setText(findTestObject("Sign up page/Page_Eklipse/input_OR_password"), "Tita123."): Text 'Tita123.' is set on object 'Object Repository/Sign up page/Page_Eklipse/input_OR_password'

2024-07-12 15:42:34 - [MESSAGE][PASSED] - Text 'Tita123.' is set on object 'Object Repository/Sign up page/Page_Eklipse/input_OR_password'

2024-07-12 15:42:34 - [TEST_STEP][PASSED] - setText(findTestObject("Sign up page/Page_Eklipse/input_OR_password_confirmation"), "tita123."): Text 'tita123.' is set on object 'Object Repository/Sign up page/Page_Eklipse/input_OR_password_confirmation'

2024-07-12 15:42:35 - [MESSAGE][PASSED] - Text 'tita123.' is set on object 'Object Repository/Sign up page/Page_Eklipse/input_OR_password_confirmation'

2024-07-12 15:42:35 - [TEST_STEP][PASSED] - click(findTestObject("Sign up page/Page_Eklipse/button_Sign Up")): Object: 'Object Repository/Sign up page/Page_Eklipse/button_Sign Up' is clicked on

2024-07-12 15:42:35 - [MESSAGE][PASSED] - Object: 'Object Repository/Sign up page/Page_Eklipse/button_Sign Up' is clicked on

2024-07-12 15:42:35 - [TEST_STEP][PASSED] - delay(3): Delayed 3 second(s)

2024-07-12 15:42:38 - [MESSAGE][PASSED] - Delayed 3 second(s)

2024-07-12 15:42:38 - [TEST_STEP][PASSED] - if (verifyElementPresent(findTestObject("Sign up page/Page_Eklipse/div_Password  Confirm Password does not match"), 0)): null

2024-07-12 15:42:38 - [MESSAGE][WARNING] - Timeout '0' is invalid. Using default page load timeout: '30'

2024-07-12 15:42:39 - [MESSAGE][PASSED] - Object 'Object Repository/Sign up page/Page_Eklipse/div_Password  Confirm Password does not match' is present

2024-07-12 15:42:39 - [TEST_STEP][PASSED] - result += "1. Passed: Password confirm Password does not match
": null

2024-07-12 15:42:39 - [TEST_STEP][PASSED] - setText(findTestObject("Sign up page/Page_Eklipse/input_OR_name"), "April"): Text 'April' is set on object 'Object Repository/Sign up page/Page_Eklipse/input_OR_name'

2024-07-12 15:42:40 - [MESSAGE][PASSED] - Text 'April' is set on object 'Object Repository/Sign up page/Page_Eklipse/input_OR_name'

2024-07-12 15:42:40 - [TEST_STEP][PASSED] - setText(findTestObject("Sign up page/Page_Eklipse/input_OR_email"), "titaapratama@gmail.com"): Text 'titaapratama@gmail.com' is set on object 'Object Repository/Sign up page/Page_Eklipse/input_OR_email'

2024-07-12 15:42:40 - [MESSAGE][PASSED] - Text 'titaapratama@gmail.com' is set on object 'Object Repository/Sign up page/Page_Eklipse/input_OR_email'

2024-07-12 15:42:40 - [TEST_STEP][PASSED] - setText(findTestObject("Sign up page/Page_Eklipse/input_OR_password"), "Tita12."): Text 'Tita12.' is set on object 'Object Repository/Sign up page/Page_Eklipse/input_OR_password'

2024-07-12 15:42:41 - [MESSAGE][PASSED] - Text 'Tita12.' is set on object 'Object Repository/Sign up page/Page_Eklipse/input_OR_password'

2024-07-12 15:42:41 - [TEST_STEP][PASSED] - setText(findTestObject("Sign up page/Page_Eklipse/input_OR_password_confirmation"), "Tita12."): Text 'Tita12.' is set on object 'Object Repository/Sign up page/Page_Eklipse/input_OR_password_confirmation'

2024-07-12 15:42:42 - [MESSAGE][PASSED] - Text 'Tita12.' is set on object 'Object Repository/Sign up page/Page_Eklipse/input_OR_password_confirmation'

2024-07-12 15:42:42 - [TEST_STEP][PASSED] - click(findTestObject("Sign up page/Page_Eklipse/button_Sign Up")): Object: 'Object Repository/Sign up page/Page_Eklipse/button_Sign Up' is clicked on

2024-07-12 15:42:43 - [MESSAGE][PASSED] - Object: 'Object Repository/Sign up page/Page_Eklipse/button_Sign Up' is clicked on

2024-07-12 15:42:43 - [TEST_STEP][PASSED] - delay(3): Delayed 3 second(s)

2024-07-12 15:42:46 - [MESSAGE][PASSED] - Delayed 3 second(s)

2024-07-12 15:42:46 - [TEST_STEP][PASSED] - if (verifyElementPresent(findTestObject("Sign up page/Page_Eklipse/div_The password field must be at least 8 c_247518"), 0)): null

2024-07-12 15:42:46 - [MESSAGE][WARNING] - Timeout '0' is invalid. Using default page load timeout: '30'

2024-07-12 15:42:46 - [MESSAGE][PASSED] - Object 'Object Repository/Sign up page/Page_Eklipse/div_The password field must be at least 8 c_247518' is present

2024-07-12 15:42:46 - [TEST_STEP][PASSED] - result += "1. Passed: The password field must be at least 8 characters
": null

2024-07-12 15:42:46 - [TEST_STEP][PASSED] - setText(findTestObject("Sign up page/Page_Eklipse/input_OR_name"), ""): Text '' is set on object 'Object Repository/Sign up page/Page_Eklipse/input_OR_name'

2024-07-12 15:42:47 - [MESSAGE][PASSED] - Text '' is set on object 'Object Repository/Sign up page/Page_Eklipse/input_OR_name'

2024-07-12 15:42:47 - [TEST_STEP][PASSED] - setText(findTestObject("Sign up page/Page_Eklipse/input_OR_email"), ""): Text '' is set on object 'Object Repository/Sign up page/Page_Eklipse/input_OR_email'

2024-07-12 15:42:48 - [MESSAGE][PASSED] - Text '' is set on object 'Object Repository/Sign up page/Page_Eklipse/input_OR_email'

2024-07-12 15:42:48 - [TEST_STEP][PASSED] - setText(findTestObject("Sign up page/Page_Eklipse/input_OR_password"), ""): Text '' is set on object 'Object Repository/Sign up page/Page_Eklipse/input_OR_password'

2024-07-12 15:42:49 - [MESSAGE][PASSED] - Text '' is set on object 'Object Repository/Sign up page/Page_Eklipse/input_OR_password'

2024-07-12 15:42:49 - [TEST_STEP][PASSED] - setText(findTestObject("Sign up page/Page_Eklipse/input_OR_password_confirmation"), ""): Text '' is set on object 'Object Repository/Sign up page/Page_Eklipse/input_OR_password_confirmation'

2024-07-12 15:42:50 - [MESSAGE][PASSED] - Text '' is set on object 'Object Repository/Sign up page/Page_Eklipse/input_OR_password_confirmation'

2024-07-12 15:42:50 - [TEST_STEP][PASSED] - click(findTestObject("Sign up page/Page_Eklipse/button_Sign Up")): Object: 'Object Repository/Sign up page/Page_Eklipse/button_Sign Up' is clicked on

2024-07-12 15:42:50 - [MESSAGE][PASSED] - Object: 'Object Repository/Sign up page/Page_Eklipse/button_Sign Up' is clicked on

2024-07-12 15:42:50 - [TEST_STEP][PASSED] - delay(3): Delayed 3 second(s)

2024-07-12 15:42:53 - [MESSAGE][PASSED] - Delayed 3 second(s)

2024-07-12 15:42:53 - [TEST_STEP][PASSED] - isWarningDisplayed = verifyElementPresent(findTestObject("Sign up page/Page_Eklipse/input_OR_name"), 10): Object 'Object Repository/Sign up page/Page_Eklipse/input_OR_name' is present

2024-07-12 15:42:54 - [MESSAGE][PASSED] - Object 'Object Repository/Sign up page/Page_Eklipse/input_OR_name' is present

2024-07-12 15:42:54 - [TEST_STEP][PASSED] - warningText = getAttribute(findTestObject("Sign up page/Page_Eklipse/input_OR_name"), "validationMessage"): Attribute 'validationMessage' of object 'Object Repository/Sign up page/Page_Eklipse/input_OR_name' is: 'Please fill out this field.'

2024-07-12 15:42:54 - [MESSAGE][PASSED] - Attribute 'validationMessage' of object 'Object Repository/Sign up page/Page_Eklipse/input_OR_name' is: 'Please fill out this field.'

2024-07-12 15:42:54 - [TEST_STEP][PASSED] - if (isWarningDisplayed && warningText == "Please fill out this field."): null

2024-07-12 15:42:54 - [TEST_STEP][PASSED] - println("Test Passed: Warning text detected correctly."): null

2024-07-12 15:42:54 - [TEST_STEP][PASSED] - closeBrowser(): Browser is closed

2024-07-12 15:42:55 - [MESSAGE][PASSED] - Browser is closed]]></system-out>
         <system-err><![CDATA[]]></system-err>
      </testcase>
      <testcase name="Test Cases/Eklipse Test/Sign in and Sign Up/TC000 - Close browser" time="0.207" classname="Test Cases/Eklipse Test/Sign in and Sign Up/TC000 - Close browser" status="PASSED">
         <system-out><![CDATA[2024-07-12 15:42:55 - [TEST_CASE][PASSED] - Test Cases/Eklipse Test/Sign in and Sign Up/TC000 - Close browser: Test Cases/Eklipse Test/Sign in and Sign Up/TC000 - Close browser

2024-07-12 15:42:55 - [TEST_STEP][PASSED] - closeBrowser(): Browser is closed

2024-07-12 15:42:55 - [MESSAGE][PASSED] - Browser is closed]]></system-out>
         <system-err><![CDATA[]]></system-err>
      </testcase>
      <system-out><![CDATA[2024-07-12 15:42:07 - [TEST_SUITE][PASSED] - TS003 - Sign Up Via Sign In Page Variation: Test Cases/Eklipse Test/Sign in and Sign Up/TC000 - Close browser]]></system-out>
      <system-err><![CDATA[]]></system-err>
   </testsuite>
</testsuites>
