<?xml version="1.0" encoding="UTF-8"?>
<testsuites name="TS009 - Verify homepage" time="729.901" tests="1" failures="0" errors="0">
   <testsuite name="TS009 - Verify homepage" tests="1" failures="0" errors="0" time="729.901" skipped="0" timestamp="17-07-2024T19:34:14" hostname="Lenovo - LAPTOP-7QB5JFLU" id="Test Suites/Eklipse Test suite/TS009 - Verify homepage">
      <properties>
         <property name="deviceName" value=""/>
         <property name="devicePlatform"/>
         <property name="logFolder" value="C:\\Users\\Lenovo\\git\\KatalonPractitionerLevel\\Reports\\20240717_193406\\Eklipse Test suite\\TS009 - Verify homepage\\20240717_193407"/>
         <property name="logFiles" value="C:\\Users\\Lenovo\\git\\KatalonPractitionerLevel\\Reports\\20240717_193406\\Eklipse Test suite\\TS009 - Verify homepage\\20240717_193407\\execution0.log"/>
         <property name="attachments" value=""/>
         <property name="hostName" value="Lenovo - LAPTOP-7QB5JFLU"/>
         <property name="os" value="Windows 11 64bit"/>
         <property name="katalonVersion" value="9.6.0.217"/>
         <property name="browser" value="Chrome 126.0.0.0"/>
         <property name="hostAddress" value="192.168.1.12"/>
         <property name="sessionId" value="86866b7ff31e9fe81752302ec0510e79"/>
         <property name="seleniumVersion" value="3.141.59"/>
         <property name="proxyInformation" value="ProxyInformation { proxyOption=NO_PROXY, proxyServerType=HTTP, username=, password=********, proxyServerAddress=, proxyServerPort=0, executionList=&quot;&quot;, isApplyToDesiredCapabilities=true }"/>
         <property name="platform" value="Windows 11"/>
      </properties>
      <testcase name="Test Cases/Eklipse Test/Homepage Eklipse/TC01 - Verify text" time="729.78" classname="Test Cases/Eklipse Test/Homepage Eklipse/TC01 - Verify text" status="PASSED">
         <system-out><![CDATA[17-07-2024T19:34:14 - [TEST_CASE][PASSED] - Test Cases/Eklipse Test/Homepage Eklipse/TC01 - Verify text: Test Cases/Eklipse Test/Homepage Eklipse/TC01 - Verify text

17-07-2024T19:34:15 - [TEST_STEP][PASSED] - callTestCase(findTestCase("Eklipse Test/Landing page/TC001 - Open browser"), [:], CONTINUE_ON_FAILURE): Call Test Case 'Test Cases/Eklipse Test/Landing page/TC001 - Open browser' successfully

17-07-2024T19:34:16 - [TEST_CASE][PASSED] - Test Cases/Eklipse Test/Landing page/TC001 - Open browser: Test Cases/Eklipse Test/Landing page/TC001 - Open browser

17-07-2024T19:34:16 - [TEST_STEP][PASSED] - openBrowser(""): Browser is opened with url: ''

17-07-2024T19:34:16 - [MESSAGE][INFO] - Starting 'Chrome' driver

17-07-2024T19:34:16 - [MESSAGE][INFO] - Action delay is set to 0 milliseconds

17-07-2024T19:34:17 - [MESSAGE][PASSED] - Browser is opened with url: ''

17-07-2024T19:34:17 - [TEST_STEP][PASSED] - navigateToUrl("https://eklipse.gg/"): Navigate to 'https://eklipse.gg/' successfully

17-07-2024T19:34:24 - [MESSAGE][PASSED] - Navigate to 'https://eklipse.gg/' successfully

17-07-2024T19:34:24 - [TEST_STEP][NOT_RUN] - maximizeWindow(): NOT_RUN: maximizeWindow()

17-07-2024T19:34:24 - [MESSAGE][NOT_RUN] - NOT_RUN: maximizeWindow()

17-07-2024T19:34:24 - [MESSAGE][PASSED] - Call Test Case 'Test Cases/Eklipse Test/Landing page/TC001 - Open browser' successfully

17-07-2024T19:34:24 - [TEST_STEP][PASSED] - click(findTestObject("Eklipse Landing Page/Page_Eklipse/Sign In"), CONTINUE_ON_FAILURE): Object: 'Object Repository/Eklipse Landing Page/Page_Eklipse/Sign In' is clicked on

17-07-2024T19:34:28 - [MESSAGE][PASSED] - Object: 'Object Repository/Eklipse Landing Page/Page_Eklipse/Sign In' is clicked on

17-07-2024T19:34:28 - [TEST_STEP][PASSED] - setText(findTestObject("Sign in page/Page_Eklipse/Username Eklipse"), "tita71@gmail.com", CONTINUE_ON_FAILURE): Text 'tita71@gmail.com' is set on object 'Object Repository/Sign in page/Page_Eklipse/Username Eklipse'

17-07-2024T19:34:29 - [MESSAGE][PASSED] - Text 'tita71@gmail.com' is set on object 'Object Repository/Sign in page/Page_Eklipse/Username Eklipse'

17-07-2024T19:34:29 - [TEST_STEP][PASSED] - click(findTestObject("Sign in page/Page_Eklipse/Password_Eklipse"), CONTINUE_ON_FAILURE): Object: 'Object Repository/Sign in page/Page_Eklipse/Password_Eklipse' is clicked on

17-07-2024T19:34:30 - [MESSAGE][PASSED] - Object: 'Object Repository/Sign in page/Page_Eklipse/Password_Eklipse' is clicked on

17-07-2024T19:34:30 - [TEST_STEP][PASSED] - setText(findTestObject("Sign in page/Page_Eklipse/Password_Eklipse"), "tita123.", CONTINUE_ON_FAILURE): Text 'tita123.' is set on object 'Object Repository/Sign in page/Page_Eklipse/Password_Eklipse'

17-07-2024T19:34:30 - [MESSAGE][PASSED] - Text 'tita123.' is set on object 'Object Repository/Sign in page/Page_Eklipse/Password_Eklipse'

17-07-2024T19:34:30 - [TEST_STEP][PASSED] - click(findTestObject("Sign in page/Page_Eklipse/button_Sign In"), CONTINUE_ON_FAILURE): Object: 'Object Repository/Sign in page/Page_Eklipse/button_Sign In' is clicked on

17-07-2024T19:34:31 - [MESSAGE][PASSED] - Object: 'Object Repository/Sign in page/Page_Eklipse/button_Sign In' is clicked on

17-07-2024T19:34:31 - [TEST_STEP][PASSED] - click(findTestObject("Homepage Eklipse/Page_Eklipse/button_Skip for now"), CONTINUE_ON_FAILURE): Object: 'Object Repository/Homepage Eklipse/Page_Eklipse/button_Skip for now' is clicked on

17-07-2024T19:34:47 - [MESSAGE][PASSED] - Object: 'Object Repository/Homepage Eklipse/Page_Eklipse/button_Skip for now' is clicked on

17-07-2024T19:34:47 - [TEST_STEP][PASSED] - verifyElementPresent(findTestObject("Homepage Eklipse/Page_Eklipse/Generate Highlights"), 0, CONTINUE_ON_FAILURE): Object 'Object Repository/Homepage Eklipse/Page_Eklipse/Generate Highlights' is present

17-07-2024T19:34:47 - [MESSAGE][WARNING] - Timeout '0' is invalid. Using default page load timeout: '30'

17-07-2024T19:35:18 - [MESSAGE][INFO] - Unable to find the element located by 'By.xpath: //div[@id='dashboard']/div[3]/div/div[2]/div/div[3]/div/div/h1'. Please recheck the objects properties to make sure the desired element is located. 

17-07-2024T19:35:18 - [MESSAGE][WARNING] - [SELF-HEALING] Failed to find element with id 'Object Repository/Homepage Eklipse/Page_Eklipse/Generate Highlights'. Try using Self-healing.

17-07-2024T19:35:19 - [MESSAGE][WARNING] - [SELF-HEALING] The current locator of test object 'Object Repository/Homepage Eklipse/Page_Eklipse/Generate Highlights' was broken. Propose an alternative one: '(.//*[normalize-space(text()) and normalize-space(.)='YouTube Highlights'])[1]/following::h1[1]'.

17-07-2024T19:35:19 - [MESSAGE][PASSED] - Object 'Object Repository/Homepage Eklipse/Page_Eklipse/Generate Highlights' is present

17-07-2024T19:35:19 - [TEST_STEP][PASSED] - verifyElementPresent(findTestObject("Homepage Eklipse/Page_Eklipse/VOD link 1"), 0, CONTINUE_ON_FAILURE): Object 'Object Repository/Homepage Eklipse/Page_Eklipse/VOD link 1' is present

17-07-2024T19:35:19 - [MESSAGE][WARNING] - Timeout '0' is invalid. Using default page load timeout: '30'

17-07-2024T19:35:50 - [MESSAGE][INFO] - Unable to find the element located by 'By.xpath: //div[@id='dashboard']/div[3]/div/div[2]/div/div[3]/div/div/div/p'. Please recheck the objects properties to make sure the desired element is located. 

17-07-2024T19:35:50 - [MESSAGE][WARNING] - [SELF-HEALING] Failed to find element with id 'Object Repository/Homepage Eklipse/Page_Eklipse/VOD link 1'. Try using Self-healing.

17-07-2024T19:35:50 - [MESSAGE][WARNING] - [SELF-HEALING] The current locator of test object 'Object Repository/Homepage Eklipse/Page_Eklipse/VOD link 1' was broken. Propose an alternative one: '(.//*[normalize-space(text()) and normalize-space(.)='Generate Your Stream Highlights'])[1]/following::p[1]'.

17-07-2024T19:35:50 - [MESSAGE][PASSED] - Object 'Object Repository/Homepage Eklipse/Page_Eklipse/VOD link 1' is present

17-07-2024T19:35:50 - [TEST_STEP][PASSED] - verifyElementPresent(findTestObject("Homepage Eklipse/Page_Eklipse/Connect Ultimate"), 0, CONTINUE_ON_FAILURE): Object 'Object Repository/Homepage Eklipse/Page_Eklipse/Connect Ultimate' is present

17-07-2024T19:35:50 - [MESSAGE][WARNING] - Timeout '0' is invalid. Using default page load timeout: '30'

17-07-2024T19:36:21 - [MESSAGE][INFO] - Unable to find the element located by 'By.xpath: //div[@id='dashboard']/div[3]/div/div[2]/div/div[3]/div/div/div[2]/div/h2'. Please recheck the objects properties to make sure the desired element is located. 

17-07-2024T19:36:21 - [MESSAGE][WARNING] - [SELF-HEALING] Failed to find element with id 'Object Repository/Homepage Eklipse/Page_Eklipse/Connect Ultimate'. Try using Self-healing.

17-07-2024T19:36:22 - [MESSAGE][WARNING] - [SELF-HEALING] The current locator of test object 'Object Repository/Homepage Eklipse/Page_Eklipse/Connect Ultimate' was broken. Propose an alternative one: '(.//*[normalize-space(text()) and normalize-space(.)='Import'])[1]/following::h2[1]'.

17-07-2024T19:36:22 - [MESSAGE][PASSED] - Object 'Object Repository/Homepage Eklipse/Page_Eklipse/Connect Ultimate' is present

17-07-2024T19:36:22 - [TEST_STEP][PASSED] - verifyElementPresent(findTestObject("Homepage Eklipse/Page_Eklipse/Generate fromExternal"), 0, CONTINUE_ON_FAILURE): Object 'Object Repository/Homepage Eklipse/Page_Eklipse/Generate fromExternal' is present

17-07-2024T19:36:22 - [MESSAGE][WARNING] - Timeout '0' is invalid. Using default page load timeout: '30'

17-07-2024T19:36:53 - [MESSAGE][INFO] - Unable to find the element located by 'By.xpath: //div[@id='dashboard']/div[3]/div/div[2]/div/div[3]/div/div/div[2]/div[3]/h2'. Please recheck the objects properties to make sure the desired element is located. 

17-07-2024T19:36:53 - [MESSAGE][WARNING] - [SELF-HEALING] Failed to find element with id 'Object Repository/Homepage Eklipse/Page_Eklipse/Generate fromExternal'. Try using Self-healing.

17-07-2024T19:36:53 - [MESSAGE][WARNING] - [SELF-HEALING] The current locator of test object 'Object Repository/Homepage Eklipse/Page_Eklipse/Generate fromExternal' was broken. Propose an alternative one: '(.//*[normalize-space(text()) and normalize-space(.)='OR'])[1]/following::h2[1]'.

17-07-2024T19:36:53 - [MESSAGE][PASSED] - Object 'Object Repository/Homepage Eklipse/Page_Eklipse/Generate fromExternal' is present

17-07-2024T19:36:53 - [TEST_STEP][PASSED] - verifyElementPresent(findTestObject("Homepage Eklipse/Page_Eklipse/Find your vods"), 0, CONTINUE_ON_FAILURE): Object 'Object Repository/Homepage Eklipse/Page_Eklipse/Find your vods' is present

17-07-2024T19:36:53 - [MESSAGE][WARNING] - Timeout '0' is invalid. Using default page load timeout: '30'

17-07-2024T19:37:24 - [MESSAGE][INFO] - Unable to find the element located by 'By.xpath: //div[@id='dashboard']/div[3]/div/div[2]/div/div[3]/div/div/div[2]/div/div[2]/div/div/span'. Please recheck the objects properties to make sure the desired element is located. 

17-07-2024T19:37:24 - [MESSAGE][WARNING] - [SELF-HEALING] Failed to find element with id 'Object Repository/Homepage Eklipse/Page_Eklipse/Find your vods'. Try using Self-healing.

17-07-2024T19:37:25 - [MESSAGE][WARNING] - [SELF-HEALING] The current locator of test object 'Object Repository/Homepage Eklipse/Page_Eklipse/Find your vods' was broken. Propose an alternative one: '(.//*[normalize-space(text()) and normalize-space(.)='Connect'])[1]/following::span[1]'.

17-07-2024T19:37:25 - [MESSAGE][PASSED] - Object 'Object Repository/Homepage Eklipse/Page_Eklipse/Find your vods' is present

17-07-2024T19:37:25 - [TEST_STEP][PASSED] - verifyElementPresent(findTestObject("Homepage Eklipse/Page_Eklipse/span_stream URL"), 0, CONTINUE_ON_FAILURE): Object 'Object Repository/Homepage Eklipse/Page_Eklipse/span_stream URL' is present

17-07-2024T19:37:25 - [MESSAGE][WARNING] - Timeout '0' is invalid. Using default page load timeout: '30'

17-07-2024T19:37:56 - [MESSAGE][INFO] - Unable to find the element located by 'By.xpath: //div[@id='dashboard']/div[3]/div/div[2]/div/div[3]/div/div/div[2]/div[3]/div[2]/div/span'. Please recheck the objects properties to make sure the desired element is located. 

17-07-2024T19:37:56 - [MESSAGE][WARNING] - [SELF-HEALING] Failed to find element with id 'Object Repository/Homepage Eklipse/Page_Eklipse/span_stream URL'. Try using Self-healing.

17-07-2024T19:37:56 - [MESSAGE][WARNING] - [SELF-HEALING] The current locator of test object 'Object Repository/Homepage Eklipse/Page_Eklipse/span_stream URL' was broken. Propose an alternative one: '(.//*[normalize-space(text()) and normalize-space(.)='Upload TikTok Live'])[1]/preceding::span[1]'.

17-07-2024T19:37:56 - [MESSAGE][PASSED] - Object 'Object Repository/Homepage Eklipse/Page_Eklipse/span_stream URL' is present

17-07-2024T19:37:56 - [TEST_STEP][PASSED] - verifyElementPresent(findTestObject("Homepage Eklipse/Page_Eklipse/span_Upload TikTok"), 0, CONTINUE_ON_FAILURE): Object 'Object Repository/Homepage Eklipse/Page_Eklipse/span_Upload TikTok' is present

17-07-2024T19:37:56 - [MESSAGE][WARNING] - Timeout '0' is invalid. Using default page load timeout: '30'

17-07-2024T19:38:28 - [MESSAGE][INFO] - Unable to find the element located by 'By.xpath: //div[@id='dashboard']/div[3]/div/div[2]/div/div[3]/div/div/div[2]/div[3]/div[2]/div[2]/span'. Please recheck the objects properties to make sure the desired element is located. 

17-07-2024T19:38:28 - [MESSAGE][WARNING] - [SELF-HEALING] Failed to find element with id 'Object Repository/Homepage Eklipse/Page_Eklipse/span_Upload TikTok'. Try using Self-healing.

17-07-2024T19:38:28 - [MESSAGE][WARNING] - [SELF-HEALING] The current locator of test object 'Object Repository/Homepage Eklipse/Page_Eklipse/span_Upload TikTok' was broken. Propose an alternative one: '(.//*[normalize-space(text()) and normalize-space(.)='Enter a stream URL'])[1]/following::span[1]'.

17-07-2024T19:38:28 - [MESSAGE][PASSED] - Object 'Object Repository/Homepage Eklipse/Page_Eklipse/span_Upload TikTok' is present

17-07-2024T19:38:28 - [TEST_STEP][PASSED] - verifyElementPresent(findTestObject("Homepage Eklipse/Page_Eklipse/span_Upload from local"), 0, CONTINUE_ON_FAILURE): Object 'Object Repository/Homepage Eklipse/Page_Eklipse/span_Upload from local' is present

17-07-2024T19:38:28 - [MESSAGE][WARNING] - Timeout '0' is invalid. Using default page load timeout: '30'

17-07-2024T19:38:59 - [MESSAGE][INFO] - Unable to find the element located by 'By.xpath: //div[@id='dashboard']/div[3]/div/div[2]/div/div[3]/div/div/div[2]/div[3]/div[2]/div[3]/span'. Please recheck the objects properties to make sure the desired element is located. 

17-07-2024T19:38:59 - [MESSAGE][WARNING] - [SELF-HEALING] Failed to find element with id 'Object Repository/Homepage Eklipse/Page_Eklipse/span_Upload from local'. Try using Self-healing.

17-07-2024T19:38:59 - [MESSAGE][INFO] - [SELF-HEALING] Failed Locator: '//div[@id='dashboard']/div[3]/div/div[2]/div/div[3]/div/div/div[2]/div[3]/div[2]/div[3]/span'.

17-07-2024T19:39:00 - [MESSAGE][INFO] - [SELF-HEALING] Working Locator: '(.//*[normalize-space(text()) and normalize-space(.)='Upload TikTok Live'])[1]/following::span[1]'.

17-07-2024T19:39:00 - [MESSAGE][INFO] - [SELF-HEALING] Screenshot: C:/Users/Lenovo/git/KatalonPractitionerLevel/Reports/Self-healing/Object Repository/Homepage Eklipse/Page_Eklipse/span_Upload from local_neighbor.png

17-07-2024T19:39:00 - [MESSAGE][WARNING] - [SELF-HEALING] The current locator of test object 'Object Repository/Homepage Eklipse/Page_Eklipse/span_Upload from local' was broken. Propose an alternative one: '(.//*[normalize-space(text()) and normalize-space(.)='Upload TikTok Live'])[1]/following::span[1]'.

17-07-2024T19:39:00 - [MESSAGE][PASSED] - Object 'Object Repository/Homepage Eklipse/Page_Eklipse/span_Upload from local' is present

17-07-2024T19:39:00 - [TEST_STEP][PASSED] - verifyElementPresent(findTestObject("Homepage Eklipse/Page_Eklipse/Get clips"), 0, CONTINUE_ON_FAILURE): Object 'Object Repository/Homepage Eklipse/Page_Eklipse/Get clips' is present

17-07-2024T19:39:00 - [MESSAGE][WARNING] - Timeout '0' is invalid. Using default page load timeout: '30'

17-07-2024T19:39:31 - [MESSAGE][INFO] - Unable to find the element located by 'By.xpath: //div[@id='dashboard']/div[3]/div/div[2]/div/div/div/div/p'. Please recheck the objects properties to make sure the desired element is located. 

17-07-2024T19:39:31 - [MESSAGE][WARNING] - [SELF-HEALING] Failed to find element with id 'Object Repository/Homepage Eklipse/Page_Eklipse/Get clips'. Try using Self-healing.

17-07-2024T19:39:31 - [MESSAGE][WARNING] - [SELF-HEALING] The current locator of test object 'Object Repository/Homepage Eklipse/Page_Eklipse/Get clips' was broken. Propose an alternative one: '(.//*[normalize-space(text()) and normalize-space(.)='Celebrating E-Sports World Cup'])[1]/following::p[1]'.

17-07-2024T19:39:31 - [MESSAGE][PASSED] - Object 'Object Repository/Homepage Eklipse/Page_Eklipse/Get clips' is present

17-07-2024T19:39:31 - [TEST_STEP][PASSED] - verifyElementPresent(findTestObject("Homepage Eklipse/Page_Eklipse/E-Sports World Cup"), 0, CONTINUE_ON_FAILURE): Object 'Object Repository/Homepage Eklipse/Page_Eklipse/E-Sports World Cup' is present

17-07-2024T19:39:31 - [MESSAGE][WARNING] - Timeout '0' is invalid. Using default page load timeout: '30'

17-07-2024T19:39:32 - [MESSAGE][PASSED] - Object 'Object Repository/Homepage Eklipse/Page_Eklipse/E-Sports World Cup' is present

17-07-2024T19:39:32 - [TEST_STEP][PASSED] - click(findTestObject("Homepage Eklipse/Page_Eklipse/li_YouTube Highlights")): Object: 'Object Repository/Homepage Eklipse/Page_Eklipse/li_YouTube Highlights' is clicked on

17-07-2024T19:40:03 - [MESSAGE][INFO] - Unable to find the element located by 'By.xpath: //div[@id='dashboard']/div[3]/div/div[2]/div/ul/li[2]'. Please recheck the objects properties to make sure the desired element is located. 

17-07-2024T19:40:03 - [MESSAGE][WARNING] - [SELF-HEALING] Failed to find element with id 'Object Repository/Homepage Eklipse/Page_Eklipse/li_YouTube Highlights'. Try using Self-healing.

17-07-2024T19:40:03 - [MESSAGE][WARNING] - [SELF-HEALING] The current locator of test object 'Object Repository/Homepage Eklipse/Page_Eklipse/li_YouTube Highlights' was broken. Propose an alternative one: '(.//*[normalize-space(text()) and normalize-space(.)='Live Stream'])[1]/following::li[1]'.

17-07-2024T19:40:03 - [MESSAGE][PASSED] - Object: 'Object Repository/Homepage Eklipse/Page_Eklipse/li_YouTube Highlights' is clicked on

17-07-2024T19:40:03 - [TEST_STEP][PASSED] - verifyElementPresent(findTestObject("Homepage Eklipse/Page_Eklipse/h4_Clip a YouTube"), 0, CONTINUE_ON_FAILURE): Object 'Object Repository/Homepage Eklipse/Page_Eklipse/h4_Clip a YouTube' is present

17-07-2024T19:40:03 - [MESSAGE][WARNING] - Timeout '0' is invalid. Using default page load timeout: '30'

17-07-2024T19:40:34 - [MESSAGE][INFO] - Unable to find the element located by 'By.xpath: //div[@id='dashboard']/div[3]/div/div[2]/div/div[3]/div/h4'. Please recheck the objects properties to make sure the desired element is located. 

17-07-2024T19:40:34 - [MESSAGE][WARNING] - [SELF-HEALING] Failed to find element with id 'Object Repository/Homepage Eklipse/Page_Eklipse/h4_Clip a YouTube'. Try using Self-healing.

17-07-2024T19:40:35 - [MESSAGE][WARNING] - [SELF-HEALING] The current locator of test object 'Object Repository/Homepage Eklipse/Page_Eklipse/h4_Clip a YouTube' was broken. Propose an alternative one: '(.//*[normalize-space(text()) and normalize-space(.)='YouTube Highlights'])[1]/following::h4[1]'.

17-07-2024T19:40:35 - [MESSAGE][PASSED] - Object 'Object Repository/Homepage Eklipse/Page_Eklipse/h4_Clip a YouTube' is present

17-07-2024T19:40:35 - [TEST_STEP][PASSED] - verifyElementPresent(findTestObject("Homepage Eklipse/Page_Eklipse/li_Live Stream"), 0, CONTINUE_ON_FAILURE): Object 'Object Repository/Homepage Eklipse/Page_Eklipse/li_Live Stream' is present

17-07-2024T19:40:35 - [MESSAGE][WARNING] - Timeout '0' is invalid. Using default page load timeout: '30'

17-07-2024T19:41:06 - [MESSAGE][INFO] - Unable to find the element located by 'By.xpath: //div[@id='dashboard']/div[3]/div/div[2]/div/ul/li'. Please recheck the objects properties to make sure the desired element is located. 

17-07-2024T19:41:06 - [MESSAGE][WARNING] - [SELF-HEALING] Failed to find element with id 'Object Repository/Homepage Eklipse/Page_Eklipse/li_Live Stream'. Try using Self-healing.

17-07-2024T19:41:06 - [MESSAGE][WARNING] - [SELF-HEALING] The current locator of test object 'Object Repository/Homepage Eklipse/Page_Eklipse/li_Live Stream' was broken. Propose an alternative one: '(.//*[normalize-space(text()) and normalize-space(.)='Post and Schedule your clips'])[1]/following::li[1]'.

17-07-2024T19:41:06 - [MESSAGE][PASSED] - Object 'Object Repository/Homepage Eklipse/Page_Eklipse/li_Live Stream' is present

17-07-2024T19:41:06 - [TEST_STEP][PASSED] - verifyElementPresent(findTestObject("Homepage Eklipse/Page_Eklipse/li_YouTube Highlights"), 0, CONTINUE_ON_FAILURE): Object 'Object Repository/Homepage Eklipse/Page_Eklipse/li_YouTube Highlights' is present

17-07-2024T19:41:06 - [MESSAGE][WARNING] - Timeout '0' is invalid. Using default page load timeout: '30'

17-07-2024T19:41:37 - [MESSAGE][INFO] - Unable to find the element located by 'By.xpath: //div[@id='dashboard']/div[3]/div/div[2]/div/ul/li[2]'. Please recheck the objects properties to make sure the desired element is located. 

17-07-2024T19:41:37 - [MESSAGE][WARNING] - [SELF-HEALING] Failed to find element with id 'Object Repository/Homepage Eklipse/Page_Eklipse/li_YouTube Highlights'. Try using Self-healing.

17-07-2024T19:41:37 - [MESSAGE][WARNING] - [SELF-HEALING] The current locator of test object 'Object Repository/Homepage Eklipse/Page_Eklipse/li_YouTube Highlights' was broken. Propose an alternative one: '(.//*[normalize-space(text()) and normalize-space(.)='Live Stream'])[1]/following::li[1]'.

17-07-2024T19:41:37 - [MESSAGE][PASSED] - Object 'Object Repository/Homepage Eklipse/Page_Eklipse/li_YouTube Highlights' is present

17-07-2024T19:41:37 - [TEST_STEP][PASSED] - verifyElementPresent(findTestObject("Homepage Eklipse/Page_Eklipse/p_New to Eklipse"), 0, CONTINUE_ON_FAILURE): Object 'Object Repository/Homepage Eklipse/Page_Eklipse/p_New to Eklipse' is present

17-07-2024T19:41:37 - [MESSAGE][WARNING] - Timeout '0' is invalid. Using default page load timeout: '30'

17-07-2024T19:42:08 - [MESSAGE][INFO] - Unable to find the element located by 'By.xpath: //div[@id='dashboard']/div[3]/div/div[2]/div/div[3]/div/div[4]/p'. Please recheck the objects properties to make sure the desired element is located. 

17-07-2024T19:42:08 - [MESSAGE][WARNING] - [SELF-HEALING] Failed to find element with id 'Object Repository/Homepage Eklipse/Page_Eklipse/p_New to Eklipse'. Try using Self-healing.

17-07-2024T19:42:09 - [MESSAGE][WARNING] - [SELF-HEALING] The current locator of test object 'Object Repository/Homepage Eklipse/Page_Eklipse/p_New to Eklipse' was broken. Propose an alternative one: '//div[4]/p'.

17-07-2024T19:42:09 - [MESSAGE][PASSED] - Object 'Object Repository/Homepage Eklipse/Page_Eklipse/p_New to Eklipse' is present

17-07-2024T19:42:09 - [TEST_STEP][PASSED] - verifyElementPresent(findTestObject("Homepage Eklipse/Page_Eklipse/span_Commentaries"), 0, CONTINUE_ON_FAILURE): Object 'Object Repository/Homepage Eklipse/Page_Eklipse/span_Commentaries' is present

17-07-2024T19:42:09 - [MESSAGE][WARNING] - Timeout '0' is invalid. Using default page load timeout: '30'

17-07-2024T19:42:40 - [MESSAGE][INFO] - Unable to find the element located by 'By.xpath: //div[@id='dashboard']/div[3]/div/div[2]/div/div[3]/div/div[3]/div/div/div/div[2]/div/div/div/div[2]/div[3]/div/span'. Please recheck the objects properties to make sure the desired element is located. 

17-07-2024T19:42:40 - [MESSAGE][WARNING] - [SELF-HEALING] Failed to find element with id 'Object Repository/Homepage Eklipse/Page_Eklipse/span_Commentaries'. Try using Self-healing.

17-07-2024T19:42:40 - [MESSAGE][INFO] - [SELF-HEALING] Failed Locator: '//div[@id='dashboard']/div[3]/div/div[2]/div/div[3]/div/div[3]/div/div/div/div[2]/div/div/div/div[2]/div[3]/div/span'.

17-07-2024T19:42:40 - [MESSAGE][INFO] - [SELF-HEALING] Working Locator: '(.//*[normalize-space(text()) and normalize-space(.)='Educational'])[1]/following::span[1]'.

17-07-2024T19:42:40 - [MESSAGE][INFO] - [SELF-HEALING] Screenshot: C:/Users/Lenovo/git/KatalonPractitionerLevel/Reports/Self-healing/Object Repository/Homepage Eklipse/Page_Eklipse/span_Commentaries_neighbor.png

17-07-2024T19:42:40 - [MESSAGE][WARNING] - [SELF-HEALING] The current locator of test object 'Object Repository/Homepage Eklipse/Page_Eklipse/span_Commentaries' was broken. Propose an alternative one: '(.//*[normalize-space(text()) and normalize-space(.)='Educational'])[1]/following::span[1]'.

17-07-2024T19:42:40 - [MESSAGE][PASSED] - Object 'Object Repository/Homepage Eklipse/Page_Eklipse/span_Commentaries' is present

17-07-2024T19:42:40 - [TEST_STEP][PASSED] - verifyElementPresent(findTestObject("Homepage Eklipse/Page_Eklipse/span_Educational"), 0, CONTINUE_ON_FAILURE): Object 'Object Repository/Homepage Eklipse/Page_Eklipse/span_Educational' is present

17-07-2024T19:42:40 - [MESSAGE][WARNING] - Timeout '0' is invalid. Using default page load timeout: '30'

17-07-2024T19:43:11 - [MESSAGE][INFO] - Unable to find the element located by 'By.xpath: //div[@id='dashboard']/div[3]/div/div[2]/div/div[3]/div/div[3]/div/div/div/div[2]/div/div/div/div[2]/div[2]/div/span'. Please recheck the objects properties to make sure the desired element is located. 

17-07-2024T19:43:11 - [MESSAGE][WARNING] - [SELF-HEALING] Failed to find element with id 'Object Repository/Homepage Eklipse/Page_Eklipse/span_Educational'. Try using Self-healing.

17-07-2024T19:43:12 - [MESSAGE][INFO] - [SELF-HEALING] Failed Locator: '//div[@id='dashboard']/div[3]/div/div[2]/div/div[3]/div/div[3]/div/div/div/div[2]/div/div/div/div[2]/div[2]/div/span'.

17-07-2024T19:43:12 - [MESSAGE][INFO] - [SELF-HEALING] Working Locator: '(.//*[normalize-space(text()) and normalize-space(.)='Video Podcasts'])[1]/following::span[1]'.

17-07-2024T19:43:12 - [MESSAGE][INFO] - [SELF-HEALING] Screenshot: C:/Users/Lenovo/git/KatalonPractitionerLevel/Reports/Self-healing/Object Repository/Homepage Eklipse/Page_Eklipse/span_Educational_neighbor.png

17-07-2024T19:43:12 - [MESSAGE][WARNING] - [SELF-HEALING] The current locator of test object 'Object Repository/Homepage Eklipse/Page_Eklipse/span_Educational' was broken. Propose an alternative one: '(.//*[normalize-space(text()) and normalize-space(.)='Video Podcasts'])[1]/following::span[1]'.

17-07-2024T19:43:12 - [MESSAGE][PASSED] - Object 'Object Repository/Homepage Eklipse/Page_Eklipse/span_Educational' is present

17-07-2024T19:43:12 - [TEST_STEP][PASSED] - verifyElementPresent(findTestObject("Homepage Eklipse/Page_Eklipse/span_Get highlighted"), 0, CONTINUE_ON_FAILURE): Object 'Object Repository/Homepage Eklipse/Page_Eklipse/span_Get highlighted' is present

17-07-2024T19:43:12 - [MESSAGE][WARNING] - Timeout '0' is invalid. Using default page load timeout: '30'

17-07-2024T19:43:43 - [MESSAGE][INFO] - Unable to find the element located by 'By.xpath: //div[@id='dashboard']/div[3]/div/div[2]/div/div[3]/div/span'. Please recheck the objects properties to make sure the desired element is located. 

17-07-2024T19:43:43 - [MESSAGE][WARNING] - [SELF-HEALING] Failed to find element with id 'Object Repository/Homepage Eklipse/Page_Eklipse/span_Get highlighted'. Try using Self-healing.

17-07-2024T19:43:44 - [MESSAGE][INFO] - [SELF-HEALING] Failed Locator: '//div[@id='dashboard']/div[3]/div/div[2]/div/div[3]/div/span'.

17-07-2024T19:43:44 - [MESSAGE][INFO] - [SELF-HEALING] Working Locator: '(.//*[normalize-space(text()) and normalize-space(.)='Clip a YouTube Video'])[1]/following::span[1]'.

17-07-2024T19:43:44 - [MESSAGE][INFO] - [SELF-HEALING] Screenshot: C:/Users/Lenovo/git/KatalonPractitionerLevel/Reports/Self-healing/Object Repository/Homepage Eklipse/Page_Eklipse/span_Get highlighted_neighbor.png

17-07-2024T19:43:44 - [MESSAGE][WARNING] - [SELF-HEALING] The current locator of test object 'Object Repository/Homepage Eklipse/Page_Eklipse/span_Get highlighted' was broken. Propose an alternative one: '(.//*[normalize-space(text()) and normalize-space(.)='Clip a YouTube Video'])[1]/following::span[1]'.

17-07-2024T19:43:44 - [MESSAGE][PASSED] - Object 'Object Repository/Homepage Eklipse/Page_Eklipse/span_Get highlighted' is present

17-07-2024T19:43:44 - [TEST_STEP][PASSED] - verifyElementPresent(findTestObject("Homepage Eklipse/Page_Eklipse/span_instant highlights"), 0, CONTINUE_ON_FAILURE): Object 'Object Repository/Homepage Eklipse/Page_Eklipse/span_instant highlights' is present

17-07-2024T19:43:44 - [MESSAGE][WARNING] - Timeout '0' is invalid. Using default page load timeout: '30'

17-07-2024T19:44:15 - [MESSAGE][INFO] - Unable to find the element located by 'By.xpath: //div[@id='dashboard']/div[3]/div/div[2]/div/div[3]/div/div/div[2]/div/div[2]/div/div[2]/span'. Please recheck the objects properties to make sure the desired element is located. 

17-07-2024T19:44:15 - [MESSAGE][WARNING] - [SELF-HEALING] Failed to find element with id 'Object Repository/Homepage Eklipse/Page_Eklipse/span_instant highlights'. Try using Self-healing.

17-07-2024T19:44:15 - [MESSAGE][INFO] - [SELF-HEALING] Failed Locator: '//div[@id='dashboard']/div[3]/div/div[2]/div/div[3]/div/div/div[2]/div/div[2]/div/div[2]/span'.

17-07-2024T19:44:16 - [MESSAGE][INFO] - [SELF-HEALING] Failed Locator: '(.//*[normalize-space(text()) and normalize-space(.)='Connect'])[1]/following::span[2]'.

17-07-2024T19:44:16 - [MESSAGE][INFO] - [SELF-HEALING] Failed Locator: '(.//*[normalize-space(text()) and normalize-space(.)='OR'])[1]/preceding::span[1]'.

17-07-2024T19:44:16 - [MESSAGE][INFO] - [SELF-HEALING] Failed Locator: '//*/text()[normalize-space(.)='Get instant highlights with auto-processing']/parent::*'.

17-07-2024T19:44:16 - [MESSAGE][INFO] - [SELF-HEALING] Working Locator: '//div[2]/span'.

17-07-2024T19:44:16 - [MESSAGE][INFO] - [SELF-HEALING] Screenshot: C:/Users/Lenovo/git/KatalonPractitionerLevel/Reports/Self-healing/Object Repository/Homepage Eklipse/Page_Eklipse/span_instant highlights_position.png

17-07-2024T19:44:17 - [MESSAGE][WARNING] - [SELF-HEALING] The current locator of test object 'Object Repository/Homepage Eklipse/Page_Eklipse/span_instant highlights' was broken. Propose an alternative one: '//div[2]/span'.

17-07-2024T19:44:17 - [MESSAGE][PASSED] - Object 'Object Repository/Homepage Eklipse/Page_Eklipse/span_instant highlights' is present

17-07-2024T19:44:17 - [TEST_STEP][PASSED] - verifyElementPresent(findTestObject("Homepage Eklipse/Page_Eklipse/span_Product Reviews"), 0, CONTINUE_ON_FAILURE): Object 'Object Repository/Homepage Eklipse/Page_Eklipse/span_Product Reviews' is present

17-07-2024T19:44:17 - [MESSAGE][WARNING] - Timeout '0' is invalid. Using default page load timeout: '30'

17-07-2024T19:44:48 - [MESSAGE][INFO] - Unable to find the element located by 'By.xpath: //div[@id='dashboard']/div[3]/div/div[2]/div/div[3]/div/div[3]/div/div/div/div[2]/div/div/div/div[2]/div[4]/div/span'. Please recheck the objects properties to make sure the desired element is located. 

17-07-2024T19:44:48 - [MESSAGE][WARNING] - [SELF-HEALING] Failed to find element with id 'Object Repository/Homepage Eklipse/Page_Eklipse/span_Product Reviews'. Try using Self-healing.

17-07-2024T19:44:48 - [MESSAGE][INFO] - [SELF-HEALING] Failed Locator: '//div[@id='dashboard']/div[3]/div/div[2]/div/div[3]/div/div[3]/div/div/div/div[2]/div/div/div/div[2]/div[4]/div/span'.

17-07-2024T19:44:48 - [MESSAGE][INFO] - [SELF-HEALING] Working Locator: '(.//*[normalize-space(text()) and normalize-space(.)='Commentaries'])[1]/following::span[1]'.

17-07-2024T19:44:48 - [MESSAGE][INFO] - [SELF-HEALING] Screenshot: C:/Users/Lenovo/git/KatalonPractitionerLevel/Reports/Self-healing/Object Repository/Homepage Eklipse/Page_Eklipse/span_Product Reviews_neighbor.png

17-07-2024T19:44:48 - [MESSAGE][WARNING] - [SELF-HEALING] The current locator of test object 'Object Repository/Homepage Eklipse/Page_Eklipse/span_Product Reviews' was broken. Propose an alternative one: '(.//*[normalize-space(text()) and normalize-space(.)='Commentaries'])[1]/following::span[1]'.

17-07-2024T19:44:48 - [MESSAGE][PASSED] - Object 'Object Repository/Homepage Eklipse/Page_Eklipse/span_Product Reviews' is present

17-07-2024T19:44:48 - [TEST_STEP][PASSED] - verifyElementPresent(findTestObject("Homepage Eklipse/Page_Eklipse/span_Self-improvement"), 0, CONTINUE_ON_FAILURE): Object 'Object Repository/Homepage Eklipse/Page_Eklipse/span_Self-improvement' is present

17-07-2024T19:44:48 - [MESSAGE][WARNING] - Timeout '0' is invalid. Using default page load timeout: '30'

17-07-2024T19:45:19 - [MESSAGE][INFO] - Unable to find the element located by 'By.xpath: //div[@id='dashboard']/div[3]/div/div[2]/div/div[3]/div/div[3]/div/div/div/div[2]/div/div/div/div[2]/div[5]/div/span'. Please recheck the objects properties to make sure the desired element is located. 

17-07-2024T19:45:19 - [MESSAGE][WARNING] - [SELF-HEALING] Failed to find element with id 'Object Repository/Homepage Eklipse/Page_Eklipse/span_Self-improvement'. Try using Self-healing.

17-07-2024T19:45:20 - [MESSAGE][INFO] - [SELF-HEALING] Failed Locator: '//div[@id='dashboard']/div[3]/div/div[2]/div/div[3]/div/div[3]/div/div/div/div[2]/div/div/div/div[2]/div[5]/div/span'.

17-07-2024T19:45:20 - [MESSAGE][INFO] - [SELF-HEALING] Working Locator: '(.//*[normalize-space(text()) and normalize-space(.)='Product Reviews'])[1]/following::span[1]'.

17-07-2024T19:45:20 - [MESSAGE][INFO] - [SELF-HEALING] Screenshot: C:/Users/Lenovo/git/KatalonPractitionerLevel/Reports/Self-healing/Object Repository/Homepage Eklipse/Page_Eklipse/span_Self-improvement_neighbor.png

17-07-2024T19:45:20 - [MESSAGE][WARNING] - [SELF-HEALING] The current locator of test object 'Object Repository/Homepage Eklipse/Page_Eklipse/span_Self-improvement' was broken. Propose an alternative one: '(.//*[normalize-space(text()) and normalize-space(.)='Product Reviews'])[1]/following::span[1]'.

17-07-2024T19:45:20 - [MESSAGE][PASSED] - Object 'Object Repository/Homepage Eklipse/Page_Eklipse/span_Self-improvement' is present

17-07-2024T19:45:20 - [TEST_STEP][PASSED] - verifyElementPresent(findTestObject("Homepage Eklipse/Page_Eklipse/span_Tip We support"), 0, CONTINUE_ON_FAILURE): Object 'Object Repository/Homepage Eklipse/Page_Eklipse/span_Tip We support' is present

17-07-2024T19:45:20 - [MESSAGE][WARNING] - Timeout '0' is invalid. Using default page load timeout: '30'

17-07-2024T19:45:52 - [MESSAGE][INFO] - Unable to find the element located by 'By.xpath: //div[@id='dashboard']/div[3]/div/div[2]/div/div[3]/div/div[3]/div/div/div/div[2]/div/div/div/div/h4/span'. Please recheck the objects properties to make sure the desired element is located. 

17-07-2024T19:45:52 - [MESSAGE][WARNING] - [SELF-HEALING] Failed to find element with id 'Object Repository/Homepage Eklipse/Page_Eklipse/span_Tip We support'. Try using Self-healing.

17-07-2024T19:45:52 - [MESSAGE][INFO] - [SELF-HEALING] Failed Locator: '//div[@id='dashboard']/div[3]/div/div[2]/div/div[3]/div/div[3]/div/div/div/div[2]/div/div/div/div/h4/span'.

17-07-2024T19:45:52 - [MESSAGE][INFO] - [SELF-HEALING] Working Locator: '(.//*[normalize-space(text()) and normalize-space(.)='Get highlights from your gaming stream on the ‘Live Stream’ tab.'])[1]/following::span[1]'.

17-07-2024T19:45:52 - [MESSAGE][INFO] - [SELF-HEALING] Screenshot: C:/Users/Lenovo/git/KatalonPractitionerLevel/Reports/Self-healing/Object Repository/Homepage Eklipse/Page_Eklipse/span_Tip We support_neighbor.png

17-07-2024T19:45:52 - [MESSAGE][WARNING] - [SELF-HEALING] The current locator of test object 'Object Repository/Homepage Eklipse/Page_Eklipse/span_Tip We support' was broken. Propose an alternative one: '(.//*[normalize-space(text()) and normalize-space(.)='Get highlights from your gaming stream on the ‘Live Stream’ tab.'])[1]/following::span[1]'.

17-07-2024T19:45:52 - [MESSAGE][PASSED] - Object 'Object Repository/Homepage Eklipse/Page_Eklipse/span_Tip We support' is present

17-07-2024T19:45:52 - [TEST_STEP][PASSED] - verifyElementPresent(findTestObject("Homepage Eklipse/Page_Eklipse/span_Video Podcasts"), 0, CONTINUE_ON_FAILURE): Object 'Object Repository/Homepage Eklipse/Page_Eklipse/span_Video Podcasts' is present

17-07-2024T19:45:52 - [MESSAGE][WARNING] - Timeout '0' is invalid. Using default page load timeout: '30'

17-07-2024T19:46:23 - [MESSAGE][INFO] - Unable to find the element located by 'By.xpath: //div[@id='dashboard']/div[3]/div/div[2]/div/div[3]/div/div[3]/div/div/div/div[2]/div/div/div/div[2]/div/div/span'. Please recheck the objects properties to make sure the desired element is located. 

17-07-2024T19:46:23 - [MESSAGE][WARNING] - [SELF-HEALING] Failed to find element with id 'Object Repository/Homepage Eklipse/Page_Eklipse/span_Video Podcasts'. Try using Self-healing.

17-07-2024T19:46:23 - [MESSAGE][INFO] - [SELF-HEALING] Failed Locator: '//div[@id='dashboard']/div[3]/div/div[2]/div/div[3]/div/div[3]/div/div/div/div[2]/div/div/div/div[2]/div/div/span'.

17-07-2024T19:46:24 - [MESSAGE][INFO] - [SELF-HEALING] Working Locator: '(.//*[normalize-space(text()) and normalize-space(.)='x'])[2]/following::span[1]'.

17-07-2024T19:46:24 - [MESSAGE][INFO] - [SELF-HEALING] Screenshot: C:/Users/Lenovo/git/KatalonPractitionerLevel/Reports/Self-healing/Object Repository/Homepage Eklipse/Page_Eklipse/span_Video Podcasts_neighbor.png

17-07-2024T19:46:24 - [MESSAGE][WARNING] - [SELF-HEALING] The current locator of test object 'Object Repository/Homepage Eklipse/Page_Eklipse/span_Video Podcasts' was broken. Propose an alternative one: '(.//*[normalize-space(text()) and normalize-space(.)='x'])[2]/following::span[1]'.

17-07-2024T19:46:24 - [MESSAGE][PASSED] - Object 'Object Repository/Homepage Eklipse/Page_Eklipse/span_Video Podcasts' is present

17-07-2024T19:46:24 - [TEST_STEP][PASSED] - closeBrowser(): Browser is closed

17-07-2024T19:46:24 - [MESSAGE][PASSED] - Browser is closed]]></system-out>
         <system-err><![CDATA[]]></system-err>
      </testcase>
      <system-out><![CDATA[17-07-2024T19:34:14 - [TEST_SUITE][PASSED] - TS009 - Verify homepage: Test Cases/Eklipse Test/Homepage Eklipse/TC01 - Verify text]]></system-out>
      <system-err><![CDATA[]]></system-err>
   </testsuite>
</testsuites>
