<?xml version="1.0" encoding="UTF-8"?>
<testsuites name="DTS01 - Regression test" time="76.645" tests="5" failures="0" errors="0">
   <testsuite name="DTS01 - Regression test" tests="5" failures="0" errors="0" time="76.645" skipped="0" timestamp="04-07-2024T11:47:18" hostname="Lenovo - LAPTOP-7QB5JFLU" id="Test Suites/DTS01 - Regression test">
      <properties>
         <property name="deviceName" value=""/>
         <property name="devicePlatform"/>
         <property name="logFolder" value="C:\\Users\\Lenovo\\git\\KatalonPractitionerLevel\\Reports\\20240704_114709\\DTS01 - Regression test\\20240704_114710"/>
         <property name="logFiles" value="C:\\Users\\Lenovo\\git\\KatalonPractitionerLevel\\Reports\\20240704_114709\\DTS01 - Regression test\\20240704_114710\\execution0.log"/>
         <property name="attachments" value="keyes\keyes-CURA Homepage.png, C:\\Users\\Lenovo\\git\\KatalonPractitionerLevel\\Reports\\20240704_114709\\DTS01 - Regression test\\20240704_114710\\1720068452876.png, keyes\keyes-Login page.png, keyes\keyes-Make appointment page.png, keyes\keyes-Hongkong Appointment Confirmation.png, keyes\keyes-History Hongkong Appointment.png"/>
         <property name="hostName" value="Lenovo - LAPTOP-7QB5JFLU"/>
         <property name="os" value="Windows 11 64bit"/>
         <property name="katalonVersion" value="9.6.0.217"/>
         <property name="browser" value="Chrome 126.0.0.0"/>
         <property name="hostAddress" value="192.168.1.12"/>
         <property name="sessionId" value="07795284440d1c4ba5b81fb0905f7bd1"/>
         <property name="seleniumVersion" value="3.141.59"/>
         <property name="proxyInformation" value="ProxyInformation { proxyOption=NO_PROXY, proxyServerType=HTTP, username=, password=********, proxyServerAddress=, proxyServerPort=0, executionList=&quot;&quot;, isApplyToDesiredCapabilities=true }"/>
         <property name="platform" value="Windows 11"/>
      </properties>
      <testcase name="Test Cases/TC01 - Verify homepage of CURA" time="12.142" classname="Test Cases/TC01 - Verify homepage of CURA" status="PASSED">
         <system-out><![CDATA[04-07-2024T11:47:18 - [TEST_CASE][PASSED] - Test Cases/TC01 - Verify homepage of CURA: Test Cases/TC01 - Verify homepage of CURA

04-07-2024T11:47:18 - [TEST_STEP][PASSED] - openBrowser(""): Browser is opened with url: ''

04-07-2024T11:47:19 - [MESSAGE][INFO] - Starting 'Chrome' driver

04-07-2024T11:47:19 - [MESSAGE][INFO] - Action delay is set to 0 milliseconds

04-07-2024T11:47:20 - [MESSAGE][PASSED] - Browser is opened with url: ''

04-07-2024T11:47:20 - [TEST_STEP][PASSED] - navigateToUrl("https://katalon-demo-cura.herokuapp.com/"): Navigate to 'https://katalon-demo-cura.herokuapp.com/' successfully

04-07-2024T11:47:25 - [MESSAGE][PASSED] - Navigate to 'https://katalon-demo-cura.herokuapp.com/' successfully

04-07-2024T11:47:25 - [TEST_STEP][PASSED] - takeScreenshotAsCheckpoint("CURA Homepage"): Taking screenshot successfully

04-07-2024T11:47:26 - [MESSAGE][INFO] - 0 hidden object(s)

04-07-2024T11:47:26 - [MESSAGE][PASSED] - Taking screenshot successfully
[[ATTACHMENT|keyes\keyes-CURA Homepage.png]]

04-07-2024T11:47:26 - [TEST_STEP][PASSED] - verifyElementText(findTestObject("Object Repository/9. Homepage of CURA/Page_CURA Healthcare Service/h1_CURA Healthcare Service"), "CURA Healthcare Service"): Actual text and expected text of test object 'Object Repository/9. Homepage of CURA/Page_CURA Healthcare Service/h1_CURA Healthcare Service' are matched.

04-07-2024T11:47:27 - [MESSAGE][PASSED] - Actual text and expected text of test object 'Object Repository/9. Homepage of CURA/Page_CURA Healthcare Service/h1_CURA Healthcare Service' are matched.

04-07-2024T11:47:27 - [TEST_STEP][PASSED] - verifyElementText(findTestObject("Object Repository/9. Homepage of CURA/Page_CURA Healthcare Service/h3_We Care About Your Health"), "We Care About Your Health"): Actual text and expected text of test object 'Object Repository/9. Homepage of CURA/Page_CURA Healthcare Service/h3_We Care About Your Health' are matched.

04-07-2024T11:47:27 - [MESSAGE][PASSED] - Actual text and expected text of test object 'Object Repository/9. Homepage of CURA/Page_CURA Healthcare Service/h3_We Care About Your Health' are matched.

04-07-2024T11:47:27 - [TEST_STEP][PASSED] - verifyElementText(findTestObject("Object Repository/9. Homepage of CURA/Page_CURA Healthcare Service/strong_CURA Healthcare Service"), "CURA Healthcare Service"): Actual text and expected text of test object 'Object Repository/9. Homepage of CURA/Page_CURA Healthcare Service/strong_CURA Healthcare Service' are matched.

04-07-2024T11:47:27 - [MESSAGE][PASSED] - Actual text and expected text of test object 'Object Repository/9. Homepage of CURA/Page_CURA Healthcare Service/strong_CURA Healthcare Service' are matched.

04-07-2024T11:47:27 - [TEST_STEP][PASSED] - ExpectedValue = "Atlanta 550 Pharr Road NE Suite 525
Atlanta, GA 30305": null

04-07-2024T11:47:27 - [TEST_STEP][PASSED] - verifyElementText(findTestObject("Object Repository/9. Homepage of CURA/Page_CURA Healthcare Service/p_Atlanta 550 Pharr Road NE Suite 525Atlant_8f4c85"), ExpectedValue): Actual text and expected text of test object 'Object Repository/9. Homepage of CURA/Page_CURA Healthcare Service/p_Atlanta 550 Pharr Road NE Suite 525Atlant_8f4c85' are matched.

04-07-2024T11:47:28 - [MESSAGE][PASSED] - Actual text and expected text of test object 'Object Repository/9. Homepage of CURA/Page_CURA Healthcare Service/p_Atlanta 550 Pharr Road NE Suite 525Atlant_8f4c85' are matched.

04-07-2024T11:47:28 - [TEST_STEP][PASSED] - verifyElementText(findTestObject("Object Repository/9. Homepage of CURA/Page_CURA Healthcare Service/li_(678) 813-1KMS"), "(678) 813-1KMS"): Actual text and expected text of test object 'Object Repository/9. Homepage of CURA/Page_CURA Healthcare Service/li_(678) 813-1KMS' are matched.

04-07-2024T11:47:28 - [MESSAGE][PASSED] - Actual text and expected text of test object 'Object Repository/9. Homepage of CURA/Page_CURA Healthcare Service/li_(678) 813-1KMS' are matched.

04-07-2024T11:47:28 - [TEST_STEP][PASSED] - verifyElementText(findTestObject("Object Repository/9. Homepage of CURA/Page_CURA Healthcare Service/li_infokatalon.com"), "info@katalon.com"): Actual text and expected text of test object 'Object Repository/9. Homepage of CURA/Page_CURA Healthcare Service/li_infokatalon.com' are matched.

04-07-2024T11:47:28 - [MESSAGE][PASSED] - Actual text and expected text of test object 'Object Repository/9. Homepage of CURA/Page_CURA Healthcare Service/li_infokatalon.com' are matched.

04-07-2024T11:47:28 - [TEST_STEP][PASSED] - verifyElementClickable(findTestObject("Object Repository/9. Homepage of CURA/Page_CURA Healthcare Service/i_infokatalon.com_fa fa-facebook fa-fw fa-3x")): Object 'Object Repository/9. Homepage of CURA/Page_CURA Healthcare Service/i_infokatalon.com_fa fa-facebook fa-fw fa-3x' is clickable

04-07-2024T11:47:29 - [MESSAGE][PASSED] - Object 'Object Repository/9. Homepage of CURA/Page_CURA Healthcare Service/i_infokatalon.com_fa fa-facebook fa-fw fa-3x' is clickable

04-07-2024T11:47:29 - [TEST_STEP][PASSED] - verifyElementClickable(findTestObject("Object Repository/9. Homepage of CURA/Page_CURA Healthcare Service/i_infokatalon.com_fa fa-twitter fa-fw fa-3x")): Object 'Object Repository/9. Homepage of CURA/Page_CURA Healthcare Service/i_infokatalon.com_fa fa-twitter fa-fw fa-3x' is clickable

04-07-2024T11:47:29 - [MESSAGE][PASSED] - Object 'Object Repository/9. Homepage of CURA/Page_CURA Healthcare Service/i_infokatalon.com_fa fa-twitter fa-fw fa-3x' is clickable

04-07-2024T11:47:29 - [TEST_STEP][PASSED] - verifyElementClickable(findTestObject("Object Repository/9. Homepage of CURA/Page_CURA Healthcare Service/i_infokatalon.com_fa fa-dribbble fa-fw fa-3x")): Object 'Object Repository/9. Homepage of CURA/Page_CURA Healthcare Service/i_infokatalon.com_fa fa-dribbble fa-fw fa-3x' is clickable

04-07-2024T11:47:29 - [MESSAGE][PASSED] - Object 'Object Repository/9. Homepage of CURA/Page_CURA Healthcare Service/i_infokatalon.com_fa fa-dribbble fa-fw fa-3x' is clickable

04-07-2024T11:47:29 - [TEST_STEP][PASSED] - verifyElementText(findTestObject("Object Repository/9. Homepage of CURA/Page_CURA Healthcare Service/p_Copyright  CURA Healthcare Service 2024"), "Copyright Â© CURA Healthcare Service 2024"): Actual text and expected text of test object 'Object Repository/9. Homepage of CURA/Page_CURA Healthcare Service/p_Copyright  CURA Healthcare Service 2024' are matched.

04-07-2024T11:47:30 - [MESSAGE][PASSED] - Actual text and expected text of test object 'Object Repository/9. Homepage of CURA/Page_CURA Healthcare Service/p_Copyright  CURA Healthcare Service 2024' are matched.

04-07-2024T11:47:30 - [TEST_STEP][PASSED] - verifyElementClickable(findTestObject("Object Repository/9. Homepage of CURA/Page_CURA Healthcare Service/a_Make Appointment")): Object 'Object Repository/9. Homepage of CURA/Page_CURA Healthcare Service/a_Make Appointment' is clickable

04-07-2024T11:47:30 - [MESSAGE][PASSED] - Object 'Object Repository/9. Homepage of CURA/Page_CURA Healthcare Service/a_Make Appointment' is clickable]]></system-out>
         <system-err><![CDATA[]]></system-err>
      </testcase>
      <testcase name="Test Cases/TC02 - Login normally" time="9.823" classname="Test Cases/TC02 - Login normally" status="PASSED">
         <system-out><![CDATA[04-07-2024T11:47:30 - [TEST_CASE][PASSED] - Test Cases/TC02 - Login normally: Test Cases/TC02 - Login normally

04-07-2024T11:47:30 - [TEST_STEP][PASSED] - delay(2): Delayed 2 second(s)

04-07-2024T11:47:32 - [MESSAGE][PASSED] - Delayed 2 second(s)

04-07-2024T11:47:32 - [TEST_STEP][PASSED] - takeFullPageScreenshot(): Taking screenshot successfully

04-07-2024T11:47:33 - [MESSAGE][INFO] - 0 hidden object(s)

04-07-2024T11:47:33 - [MESSAGE][PASSED] - Taking screenshot successfully
[[ATTACHMENT|C:\\Users\\Lenovo\\git\\KatalonPractitionerLevel\\Reports\\20240704_114709\\DTS01 - Regression test\\20240704_114710\\1720068452876.png]]

04-07-2024T11:47:33 - [TEST_STEP][PASSED] - click(findTestObject("1. CURA Test Object (Click, Set, Dropdown)/Make Appointment")): Object: 'Object Repository/1. CURA Test Object (Click, Set, Dropdown)/Make Appointment' is clicked on

04-07-2024T11:47:34 - [MESSAGE][PASSED] - Object: 'Object Repository/1. CURA Test Object (Click, Set, Dropdown)/Make Appointment' is clicked on

04-07-2024T11:47:34 - [TEST_STEP][PASSED] - takeScreenshotAsCheckpoint("Login page"): Taking screenshot successfully

04-07-2024T11:47:35 - [MESSAGE][INFO] - 0 hidden object(s)

04-07-2024T11:47:35 - [MESSAGE][PASSED] - Taking screenshot successfully
[[ATTACHMENT|keyes\keyes-Login page.png]]

04-07-2024T11:47:35 - [TEST_STEP][PASSED] - setText(findTestObject("1. CURA Test Object (Click, Set, Dropdown)/Username"), "John Doe"): Text 'John Doe' is set on object 'Object Repository/1. CURA Test Object (Click, Set, Dropdown)/Username'

04-07-2024T11:47:36 - [MESSAGE][PASSED] - Text 'John Doe' is set on object 'Object Repository/1. CURA Test Object (Click, Set, Dropdown)/Username'

04-07-2024T11:47:36 - [TEST_STEP][PASSED] - setEncryptedText(findTestObject("1. CURA Test Object (Click, Set, Dropdown)/Password"), "g3/DOGG74jC3Flrr3yH+3D/yKbOqqUNM"): Text ****** has been set on object 'Object Repository/1. CURA Test Object (Click, Set, Dropdown)/Password'

04-07-2024T11:47:36 - [MESSAGE][PASSED] - Text ****** has been set on object 'Object Repository/1. CURA Test Object (Click, Set, Dropdown)/Password'

04-07-2024T11:47:36 - [TEST_STEP][PASSED] - click(findTestObject("1. CURA Test Object (Click, Set, Dropdown)/Login Button")): Object: 'Object Repository/1. CURA Test Object (Click, Set, Dropdown)/Login Button' is clicked on

04-07-2024T11:47:37 - [MESSAGE][PASSED] - Object: 'Object Repository/1. CURA Test Object (Click, Set, Dropdown)/Login Button' is clicked on

04-07-2024T11:47:37 - [TEST_STEP][PASSED] - delay(2): Delayed 2 second(s)

04-07-2024T11:47:39 - [MESSAGE][PASSED] - Delayed 2 second(s)

04-07-2024T11:47:39 - [TEST_STEP][PASSED] - takeScreenshotAsCheckpoint("Make appointment page"): Taking screenshot successfully

04-07-2024T11:47:40 - [MESSAGE][INFO] - 0 hidden object(s)

04-07-2024T11:47:40 - [MESSAGE][PASSED] - Taking screenshot successfully
[[ATTACHMENT|keyes\keyes-Make appointment page.png]]]]></system-out>
         <system-err><![CDATA[]]></system-err>
      </testcase>
      <testcase name="Test Cases/TC06 - Appointment Hongkong" time="19.549" classname="Test Cases/TC06 - Appointment Hongkong" status="PASSED">
         <system-out><![CDATA[04-07-2024T11:47:40 - [TEST_CASE][PASSED] - Test Cases/TC06 - Appointment Hongkong: Test Cases/TC06 - Appointment Hongkong

04-07-2024T11:47:40 - [TEST_STEP][PASSED] - openBrowser(""): Browser is opened with url: ''

04-07-2024T11:47:40 - [MESSAGE][WARNING] - A browser is already opened. Closing browser and opening a new one

04-07-2024T11:47:41 - [MESSAGE][INFO] - Starting 'Chrome' driver

04-07-2024T11:47:41 - [MESSAGE][INFO] - Action delay is set to 0 milliseconds

04-07-2024T11:47:42 - [MESSAGE][PASSED] - Browser is opened with url: ''

04-07-2024T11:47:42 - [TEST_STEP][PASSED] - navigateToUrl("https://katalon-demo-cura.herokuapp.com/"): Navigate to 'https://katalon-demo-cura.herokuapp.com/' successfully

04-07-2024T11:47:45 - [MESSAGE][PASSED] - Navigate to 'https://katalon-demo-cura.herokuapp.com/' successfully

04-07-2024T11:47:45 - [TEST_STEP][PASSED] - click(findTestObject("Object Repository/4. Appointment Hongkong/Page_CURA Healthcare Service/a_Make Appointment")): Object: 'Object Repository/4. Appointment Hongkong/Page_CURA Healthcare Service/a_Make Appointment' is clicked on

04-07-2024T11:47:46 - [MESSAGE][PASSED] - Object: 'Object Repository/4. Appointment Hongkong/Page_CURA Healthcare Service/a_Make Appointment' is clicked on

04-07-2024T11:47:46 - [TEST_STEP][PASSED] - setText(findTestObject("Object Repository/4. Appointment Hongkong/Page_CURA Healthcare Service/input_Username_username"), "John Doe"): Text 'John Doe' is set on object 'Object Repository/4. Appointment Hongkong/Page_CURA Healthcare Service/input_Username_username'

04-07-2024T11:47:47 - [MESSAGE][PASSED] - Text 'John Doe' is set on object 'Object Repository/4. Appointment Hongkong/Page_CURA Healthcare Service/input_Username_username'

04-07-2024T11:47:47 - [TEST_STEP][PASSED] - setEncryptedText(findTestObject("Object Repository/4. Appointment Hongkong/Page_CURA Healthcare Service/input_Password_password"), "g3/DOGG74jC3Flrr3yH+3D/yKbOqqUNM"): Text ****** has been set on object 'Object Repository/4. Appointment Hongkong/Page_CURA Healthcare Service/input_Password_password'

04-07-2024T11:47:47 - [MESSAGE][PASSED] - Text ****** has been set on object 'Object Repository/4. Appointment Hongkong/Page_CURA Healthcare Service/input_Password_password'

04-07-2024T11:47:47 - [TEST_STEP][PASSED] - click(findTestObject("Object Repository/4. Appointment Hongkong/Page_CURA Healthcare Service/button_Login")): Object: 'Object Repository/4. Appointment Hongkong/Page_CURA Healthcare Service/button_Login' is clicked on

04-07-2024T11:47:48 - [MESSAGE][PASSED] - Object: 'Object Repository/4. Appointment Hongkong/Page_CURA Healthcare Service/button_Login' is clicked on

04-07-2024T11:47:48 - [TEST_STEP][PASSED] - selectOptionByValue(findTestObject("Object Repository/4. Appointment Hongkong/Page_CURA Healthcare Service/select_Tokyo CURA Healthcare Center        _5b4107"), "Seoul CURA Healthcare Center", true): All options with value 'Seoul CURA Healthcare Center' are selected in object 'Object Repository/4. Appointment Hongkong/Page_CURA Healthcare Service/select_Tokyo CURA Healthcare Center        _5b4107'  using regular expression

04-07-2024T11:47:48 - [MESSAGE][WARNING] - [SELF-HEALING] Failed to find element with id 'Object Repository/4. Appointment Hongkong/Page_CURA Healthcare Service/select_Tokyo CURA Healthcare Center        _5b4107'. Try using Self-healing.

04-07-2024T11:47:49 - [MESSAGE][WARNING] - [SELF-HEALING] The current locator of test object 'Object Repository/4. Appointment Hongkong/Page_CURA Healthcare Service/select_Tokyo CURA Healthcare Center        _5b4107' was broken. Propose an alternative one: '//select[@id='combo_facility']'.

04-07-2024T11:47:49 - [MESSAGE][PASSED] - All options with value 'Seoul CURA Healthcare Center' are selected in object 'Object Repository/4. Appointment Hongkong/Page_CURA Healthcare Service/select_Tokyo CURA Healthcare Center        _5b4107'  using regular expression

04-07-2024T11:47:49 - [TEST_STEP][PASSED] - selectOptionByValue(findTestObject("Object Repository/4. Appointment Hongkong/Page_CURA Healthcare Service/select_Tokyo CURA Healthcare Center        _5b4107"), "Hongkong CURA Healthcare Center", true): All options with value 'Hongkong CURA Healthcare Center' are selected in object 'Object Repository/4. Appointment Hongkong/Page_CURA Healthcare Service/select_Tokyo CURA Healthcare Center        _5b4107'  using regular expression

04-07-2024T11:47:49 - [MESSAGE][WARNING] - [SELF-HEALING] Failed to find element with id 'Object Repository/4. Appointment Hongkong/Page_CURA Healthcare Service/select_Tokyo CURA Healthcare Center        _5b4107'. Try using Self-healing.

04-07-2024T11:47:50 - [MESSAGE][WARNING] - [SELF-HEALING] The current locator of test object 'Object Repository/4. Appointment Hongkong/Page_CURA Healthcare Service/select_Tokyo CURA Healthcare Center        _5b4107' was broken. Propose an alternative one: '//select[@id='combo_facility']'.

04-07-2024T11:47:50 - [MESSAGE][PASSED] - All options with value 'Hongkong CURA Healthcare Center' are selected in object 'Object Repository/4. Appointment Hongkong/Page_CURA Healthcare Service/select_Tokyo CURA Healthcare Center        _5b4107'  using regular expression

04-07-2024T11:47:51 - [TEST_STEP][PASSED] - click(findTestObject("Object Repository/4. Appointment Hongkong/Page_CURA Healthcare Service/input_Apply for hospital readmission_hospit_63901f")): Object: 'Object Repository/4. Appointment Hongkong/Page_CURA Healthcare Service/input_Apply for hospital readmission_hospit_63901f' is clicked on

04-07-2024T11:47:51 - [MESSAGE][PASSED] - Object: 'Object Repository/4. Appointment Hongkong/Page_CURA Healthcare Service/input_Apply for hospital readmission_hospit_63901f' is clicked on

04-07-2024T11:47:51 - [TEST_STEP][PASSED] - click(findTestObject("Object Repository/4. Appointment Hongkong/Page_CURA Healthcare Service/input_None_programs")): Object: 'Object Repository/4. Appointment Hongkong/Page_CURA Healthcare Service/input_None_programs' is clicked on

04-07-2024T11:47:51 - [MESSAGE][PASSED] - Object: 'Object Repository/4. Appointment Hongkong/Page_CURA Healthcare Service/input_None_programs' is clicked on

04-07-2024T11:47:51 - [TEST_STEP][PASSED] - click(findTestObject("Object Repository/4. Appointment Hongkong/Page_CURA Healthcare Service/input_Medicare_programs")): Object: 'Object Repository/4. Appointment Hongkong/Page_CURA Healthcare Service/input_Medicare_programs' is clicked on

04-07-2024T11:47:52 - [MESSAGE][PASSED] - Object: 'Object Repository/4. Appointment Hongkong/Page_CURA Healthcare Service/input_Medicare_programs' is clicked on

04-07-2024T11:47:52 - [TEST_STEP][PASSED] - click(findTestObject("Object Repository/4. Appointment Hongkong/Page_CURA Healthcare Service/span_Visit Date (Required)_glyphicon glyphi_cada34")): Object: 'Object Repository/4. Appointment Hongkong/Page_CURA Healthcare Service/span_Visit Date (Required)_glyphicon glyphi_cada34' is clicked on

04-07-2024T11:47:52 - [MESSAGE][PASSED] - Object: 'Object Repository/4. Appointment Hongkong/Page_CURA Healthcare Service/span_Visit Date (Required)_glyphicon glyphi_cada34' is clicked on

04-07-2024T11:47:52 - [TEST_STEP][PASSED] - click(findTestObject("Object Repository/4. Appointment Hongkong/Page_CURA Healthcare Service/td_1")): Object: 'Object Repository/4. Appointment Hongkong/Page_CURA Healthcare Service/td_1' is clicked on

04-07-2024T11:47:53 - [MESSAGE][PASSED] - Object: 'Object Repository/4. Appointment Hongkong/Page_CURA Healthcare Service/td_1' is clicked on

04-07-2024T11:47:53 - [TEST_STEP][PASSED] - click(findTestObject("Object Repository/4. Appointment Hongkong/Page_CURA Healthcare Service/input_Visit Date (Required)_visit_date")): Object: 'Object Repository/4. Appointment Hongkong/Page_CURA Healthcare Service/input_Visit Date (Required)_visit_date' is clicked on

04-07-2024T11:47:53 - [MESSAGE][PASSED] - Object: 'Object Repository/4. Appointment Hongkong/Page_CURA Healthcare Service/input_Visit Date (Required)_visit_date' is clicked on

04-07-2024T11:47:53 - [TEST_STEP][PASSED] - setText(findTestObject("Object Repository/4. Appointment Hongkong/Page_CURA Healthcare Service/textarea_Comment_comment"), "Lets meet at 8 PM"): Text 'Lets meet at 8 PM' is set on object 'Object Repository/4. Appointment Hongkong/Page_CURA Healthcare Service/textarea_Comment_comment'

04-07-2024T11:47:54 - [MESSAGE][PASSED] - Text 'Lets meet at 8 PM' is set on object 'Object Repository/4. Appointment Hongkong/Page_CURA Healthcare Service/textarea_Comment_comment'

04-07-2024T11:47:54 - [TEST_STEP][PASSED] - click(findTestObject("Object Repository/4. Appointment Hongkong/Page_CURA Healthcare Service/button_Book Appointment")): Object: 'Object Repository/4. Appointment Hongkong/Page_CURA Healthcare Service/button_Book Appointment' is clicked on

04-07-2024T11:47:55 - [MESSAGE][PASSED] - Object: 'Object Repository/4. Appointment Hongkong/Page_CURA Healthcare Service/button_Book Appointment' is clicked on

04-07-2024T11:47:55 - [TEST_STEP][PASSED] - takeScreenshotAsCheckpoint("Hongkong Appointment Confirmation"): Taking screenshot successfully

04-07-2024T11:47:55 - [MESSAGE][INFO] - 0 hidden object(s)

04-07-2024T11:47:55 - [MESSAGE][PASSED] - Taking screenshot successfully
[[ATTACHMENT|keyes\keyes-Hongkong Appointment Confirmation.png]]

04-07-2024T11:47:55 - [TEST_STEP][PASSED] - click(findTestObject("Object Repository/4. Appointment Hongkong/Page_CURA Healthcare Service/h2_Appointment Confirmation")): Object: 'Object Repository/4. Appointment Hongkong/Page_CURA Healthcare Service/h2_Appointment Confirmation' is clicked on

04-07-2024T11:47:56 - [MESSAGE][PASSED] - Object: 'Object Repository/4. Appointment Hongkong/Page_CURA Healthcare Service/h2_Appointment Confirmation' is clicked on

04-07-2024T11:47:56 - [TEST_STEP][PASSED] - click(findTestObject("Object Repository/4. Appointment Hongkong/Page_CURA Healthcare Service/p_Please be informed that your appointment _11813a")): Object: 'Object Repository/4. Appointment Hongkong/Page_CURA Healthcare Service/p_Please be informed that your appointment _11813a' is clicked on

04-07-2024T11:47:56 - [MESSAGE][PASSED] - Object: 'Object Repository/4. Appointment Hongkong/Page_CURA Healthcare Service/p_Please be informed that your appointment _11813a' is clicked on

04-07-2024T11:47:56 - [TEST_STEP][PASSED] - click(findTestObject("Object Repository/4. Appointment Hongkong/Page_CURA Healthcare Service/p_Hongkong CURA Healthcare Center")): Object: 'Object Repository/4. Appointment Hongkong/Page_CURA Healthcare Service/p_Hongkong CURA Healthcare Center' is clicked on

04-07-2024T11:47:57 - [MESSAGE][PASSED] - Object: 'Object Repository/4. Appointment Hongkong/Page_CURA Healthcare Service/p_Hongkong CURA Healthcare Center' is clicked on

04-07-2024T11:47:57 - [TEST_STEP][PASSED] - verifyElementPresent(findTestObject("Object Repository/4. Appointment Hongkong/Page_CURA Healthcare Service/p_Yes"), 0): Object 'Object Repository/4. Appointment Hongkong/Page_CURA Healthcare Service/p_Yes' is present

04-07-2024T11:47:57 - [MESSAGE][WARNING] - Timeout '0' is invalid. Using default page load timeout: '30'

04-07-2024T11:47:57 - [MESSAGE][PASSED] - Object 'Object Repository/4. Appointment Hongkong/Page_CURA Healthcare Service/p_Yes' is present

04-07-2024T11:47:57 - [TEST_STEP][PASSED] - verifyElementPresent(findTestObject("Object Repository/4. Appointment Hongkong/Page_CURA Healthcare Service/p_Medicare"), 0): Object 'Object Repository/4. Appointment Hongkong/Page_CURA Healthcare Service/p_Medicare' is present

04-07-2024T11:47:57 - [MESSAGE][WARNING] - Timeout '0' is invalid. Using default page load timeout: '30'

04-07-2024T11:47:57 - [MESSAGE][PASSED] - Object 'Object Repository/4. Appointment Hongkong/Page_CURA Healthcare Service/p_Medicare' is present

04-07-2024T11:47:57 - [TEST_STEP][PASSED] - verifyElementPresent(findTestObject("Object Repository/4. Appointment Hongkong/Page_CURA Healthcare Service/p_01072024"), 0): Object 'Object Repository/4. Appointment Hongkong/Page_CURA Healthcare Service/p_01072024' is present

04-07-2024T11:47:57 - [MESSAGE][WARNING] - Timeout '0' is invalid. Using default page load timeout: '30'

04-07-2024T11:47:58 - [MESSAGE][PASSED] - Object 'Object Repository/4. Appointment Hongkong/Page_CURA Healthcare Service/p_01072024' is present

04-07-2024T11:47:58 - [TEST_STEP][PASSED] - verifyElementPresent(findTestObject("Object Repository/4. Appointment Hongkong/Page_CURA Healthcare Service/p_Lets meet at 8 PM"), 0): Object 'Object Repository/4. Appointment Hongkong/Page_CURA Healthcare Service/p_Lets meet at 8 PM' is present

04-07-2024T11:47:58 - [MESSAGE][WARNING] - Timeout '0' is invalid. Using default page load timeout: '30'

04-07-2024T11:47:58 - [MESSAGE][PASSED] - Object 'Object Repository/4. Appointment Hongkong/Page_CURA Healthcare Service/p_Lets meet at 8 PM' is present

04-07-2024T11:47:58 - [TEST_STEP][PASSED] - click(findTestObject("Object Repository/4. Appointment Hongkong/Page_CURA Healthcare Service/a_Go to Homepage")): Object: 'Object Repository/4. Appointment Hongkong/Page_CURA Healthcare Service/a_Go to Homepage' is clicked on

04-07-2024T11:47:59 - [MESSAGE][PASSED] - Object: 'Object Repository/4. Appointment Hongkong/Page_CURA Healthcare Service/a_Go to Homepage' is clicked on

04-07-2024T11:47:59 - [TEST_STEP][PASSED] - click(findTestObject("Object Repository/4. Appointment Hongkong/Page_CURA Healthcare Service/h1_CURA Healthcare Service")): Object: 'Object Repository/4. Appointment Hongkong/Page_CURA Healthcare Service/h1_CURA Healthcare Service' is clicked on

04-07-2024T11:47:59 - [MESSAGE][PASSED] - Object: 'Object Repository/4. Appointment Hongkong/Page_CURA Healthcare Service/h1_CURA Healthcare Service' is clicked on

04-07-2024T11:47:59 - [TEST_STEP][PASSED] - closeBrowser(): Browser is closed

04-07-2024T11:47:59 - [MESSAGE][PASSED] - Browser is closed]]></system-out>
         <system-err><![CDATA[]]></system-err>
      </testcase>
      <testcase name="Test Cases/TC09 - CURA menu check" time="16.843" classname="Test Cases/TC09 - CURA menu check" status="PASSED">
         <system-out><![CDATA[04-07-2024T11:47:59 - [TEST_CASE][PASSED] - Test Cases/TC09 - CURA menu check: Test Cases/TC09 - CURA menu check

04-07-2024T11:48:00 - [TEST_STEP][PASSED] - openBrowser(""): Browser is opened with url: ''

04-07-2024T11:48:00 - [MESSAGE][INFO] - Starting 'Chrome' driver

04-07-2024T11:48:00 - [MESSAGE][INFO] - Action delay is set to 0 milliseconds

04-07-2024T11:48:01 - [MESSAGE][PASSED] - Browser is opened with url: ''

04-07-2024T11:48:01 - [TEST_STEP][PASSED] - navigateToUrl("https://katalon-demo-cura.herokuapp.com/"): Navigate to 'https://katalon-demo-cura.herokuapp.com/' successfully

04-07-2024T11:48:04 - [MESSAGE][PASSED] - Navigate to 'https://katalon-demo-cura.herokuapp.com/' successfully

04-07-2024T11:48:04 - [TEST_STEP][PASSED] - verifyElementClickable(findTestObject("6. CURA menu/Page_CURA Healthcare Service/a_CURA Healthcare_menu-toggle")): Object 'Object Repository/6. CURA menu/Page_CURA Healthcare Service/a_CURA Healthcare_menu-toggle' is clickable

04-07-2024T11:48:04 - [MESSAGE][PASSED] - Object 'Object Repository/6. CURA menu/Page_CURA Healthcare Service/a_CURA Healthcare_menu-toggle' is clickable

04-07-2024T11:48:04 - [TEST_STEP][PASSED] - click(findTestObject("Object Repository/6. CURA menu/Page_CURA Healthcare Service/a_CURA Healthcare_menu-toggle")): Object: 'Object Repository/6. CURA menu/Page_CURA Healthcare Service/a_CURA Healthcare_menu-toggle' is clicked on

04-07-2024T11:48:05 - [MESSAGE][PASSED] - Object: 'Object Repository/6. CURA menu/Page_CURA Healthcare Service/a_CURA Healthcare_menu-toggle' is clicked on

04-07-2024T11:48:05 - [TEST_STEP][PASSED] - click(findTestObject("Object Repository/6. CURA menu/Page_CURA Healthcare Service/a_Home")): Object: 'Object Repository/6. CURA menu/Page_CURA Healthcare Service/a_Home' is clicked on

04-07-2024T11:48:05 - [MESSAGE][PASSED] - Object: 'Object Repository/6. CURA menu/Page_CURA Healthcare Service/a_Home' is clicked on

04-07-2024T11:48:05 - [TEST_STEP][PASSED] - verifyElementText(findTestObject("Object Repository/6. CURA menu/Page_CURA Healthcare Service/h1_CURA Healthcare Service"), "CURA Healthcare Service"): Actual text and expected text of test object 'Object Repository/6. CURA menu/Page_CURA Healthcare Service/h1_CURA Healthcare Service' are matched.

04-07-2024T11:48:06 - [MESSAGE][PASSED] - Actual text and expected text of test object 'Object Repository/6. CURA menu/Page_CURA Healthcare Service/h1_CURA Healthcare Service' are matched.

04-07-2024T11:48:06 - [TEST_STEP][PASSED] - verifyElementClickable(findTestObject("6. CURA menu/Page_CURA Healthcare Service/i_CURA Healthcare_fa fa-bars")): Object 'Object Repository/6. CURA menu/Page_CURA Healthcare Service/i_CURA Healthcare_fa fa-bars' is clickable

04-07-2024T11:48:06 - [MESSAGE][PASSED] - Object 'Object Repository/6. CURA menu/Page_CURA Healthcare Service/i_CURA Healthcare_fa fa-bars' is clickable

04-07-2024T11:48:06 - [TEST_STEP][PASSED] - click(findTestObject("Object Repository/6. CURA menu/Page_CURA Healthcare Service/i_CURA Healthcare_fa fa-bars")): Object: 'Object Repository/6. CURA menu/Page_CURA Healthcare Service/i_CURA Healthcare_fa fa-bars' is clicked on

04-07-2024T11:48:06 - [MESSAGE][PASSED] - Object: 'Object Repository/6. CURA menu/Page_CURA Healthcare Service/i_CURA Healthcare_fa fa-bars' is clicked on

04-07-2024T11:48:06 - [TEST_STEP][PASSED] - click(findTestObject("Object Repository/6. CURA menu/Page_CURA Healthcare Service/a_Login")): Object: 'Object Repository/6. CURA menu/Page_CURA Healthcare Service/a_Login' is clicked on

04-07-2024T11:48:07 - [MESSAGE][PASSED] - Object: 'Object Repository/6. CURA menu/Page_CURA Healthcare Service/a_Login' is clicked on

04-07-2024T11:48:07 - [TEST_STEP][PASSED] - verifyElementText(findTestObject("Object Repository/6. CURA menu/Page_CURA Healthcare Service/h2_Login"), "Login"): Actual text and expected text of test object 'Object Repository/6. CURA menu/Page_CURA Healthcare Service/h2_Login' are matched.

04-07-2024T11:48:08 - [MESSAGE][PASSED] - Actual text and expected text of test object 'Object Repository/6. CURA menu/Page_CURA Healthcare Service/h2_Login' are matched.

04-07-2024T11:48:08 - [TEST_STEP][PASSED] - setText(findTestObject("Object Repository/6. CURA menu/Page_CURA Healthcare Service/input_Username_username"), "John Doe"): Text 'John Doe' is set on object 'Object Repository/6. CURA menu/Page_CURA Healthcare Service/input_Username_username'

04-07-2024T11:48:08 - [MESSAGE][PASSED] - Text 'John Doe' is set on object 'Object Repository/6. CURA menu/Page_CURA Healthcare Service/input_Username_username'

04-07-2024T11:48:08 - [TEST_STEP][PASSED] - setEncryptedText(findTestObject("Object Repository/6. CURA menu/Page_CURA Healthcare Service/input_Password_password"), "g3/DOGG74jC3Flrr3yH+3D/yKbOqqUNM"): Text ****** has been set on object 'Object Repository/6. CURA menu/Page_CURA Healthcare Service/input_Password_password'

04-07-2024T11:48:09 - [MESSAGE][PASSED] - Text ****** has been set on object 'Object Repository/6. CURA menu/Page_CURA Healthcare Service/input_Password_password'

04-07-2024T11:48:09 - [TEST_STEP][PASSED] - click(findTestObject("Object Repository/6. CURA menu/Page_CURA Healthcare Service/button_Login")): Object: 'Object Repository/6. CURA menu/Page_CURA Healthcare Service/button_Login' is clicked on

04-07-2024T11:48:10 - [MESSAGE][PASSED] - Object: 'Object Repository/6. CURA menu/Page_CURA Healthcare Service/button_Login' is clicked on

04-07-2024T11:48:10 - [TEST_STEP][PASSED] - click(findTestObject("Object Repository/6. CURA menu/Page_CURA Healthcare Service/a_CURA Healthcare_menu-toggle")): Object: 'Object Repository/6. CURA menu/Page_CURA Healthcare Service/a_CURA Healthcare_menu-toggle' is clicked on

04-07-2024T11:48:10 - [MESSAGE][PASSED] - Object: 'Object Repository/6. CURA menu/Page_CURA Healthcare Service/a_CURA Healthcare_menu-toggle' is clicked on

04-07-2024T11:48:10 - [TEST_STEP][PASSED] - click(findTestObject("Object Repository/6. CURA menu/Page_CURA Healthcare Service/a_Home")): Object: 'Object Repository/6. CURA menu/Page_CURA Healthcare Service/a_Home' is clicked on

04-07-2024T11:48:11 - [MESSAGE][PASSED] - Object: 'Object Repository/6. CURA menu/Page_CURA Healthcare Service/a_Home' is clicked on

04-07-2024T11:48:11 - [TEST_STEP][PASSED] - verifyElementText(findTestObject("Object Repository/6. CURA menu/Page_CURA Healthcare Service/h1_CURA Healthcare Service"), "CURA Healthcare Service"): Actual text and expected text of test object 'Object Repository/6. CURA menu/Page_CURA Healthcare Service/h1_CURA Healthcare Service' are matched.

04-07-2024T11:48:11 - [MESSAGE][PASSED] - Actual text and expected text of test object 'Object Repository/6. CURA menu/Page_CURA Healthcare Service/h1_CURA Healthcare Service' are matched.

04-07-2024T11:48:11 - [TEST_STEP][PASSED] - click(findTestObject("Object Repository/6. CURA menu/Page_CURA Healthcare Service/a_CURA Healthcare_menu-toggle")): Object: 'Object Repository/6. CURA menu/Page_CURA Healthcare Service/a_CURA Healthcare_menu-toggle' is clicked on

04-07-2024T11:48:12 - [MESSAGE][PASSED] - Object: 'Object Repository/6. CURA menu/Page_CURA Healthcare Service/a_CURA Healthcare_menu-toggle' is clicked on

04-07-2024T11:48:12 - [TEST_STEP][PASSED] - click(findTestObject("Object Repository/6. CURA menu/Page_CURA Healthcare Service/a_History")): Object: 'Object Repository/6. CURA menu/Page_CURA Healthcare Service/a_History' is clicked on

04-07-2024T11:48:12 - [MESSAGE][PASSED] - Object: 'Object Repository/6. CURA menu/Page_CURA Healthcare Service/a_History' is clicked on

04-07-2024T11:48:12 - [TEST_STEP][PASSED] - verifyElementText(findTestObject("Object Repository/6. CURA menu/Page_CURA Healthcare Service/h2_History"), "History"): Actual text and expected text of test object 'Object Repository/6. CURA menu/Page_CURA Healthcare Service/h2_History' are matched.

04-07-2024T11:48:13 - [MESSAGE][PASSED] - Actual text and expected text of test object 'Object Repository/6. CURA menu/Page_CURA Healthcare Service/h2_History' are matched.

04-07-2024T11:48:13 - [TEST_STEP][PASSED] - click(findTestObject("Object Repository/6. CURA menu/Page_CURA Healthcare Service/a_CURA Healthcare_menu-toggle")): Object: 'Object Repository/6. CURA menu/Page_CURA Healthcare Service/a_CURA Healthcare_menu-toggle' is clicked on

04-07-2024T11:48:13 - [MESSAGE][PASSED] - Object: 'Object Repository/6. CURA menu/Page_CURA Healthcare Service/a_CURA Healthcare_menu-toggle' is clicked on

04-07-2024T11:48:13 - [TEST_STEP][PASSED] - click(findTestObject("Object Repository/6. CURA menu/Page_CURA Healthcare Service/a_Profile")): Object: 'Object Repository/6. CURA menu/Page_CURA Healthcare Service/a_Profile' is clicked on

04-07-2024T11:48:14 - [MESSAGE][PASSED] - Object: 'Object Repository/6. CURA menu/Page_CURA Healthcare Service/a_Profile' is clicked on

04-07-2024T11:48:14 - [TEST_STEP][PASSED] - verifyElementText(findTestObject("Object Repository/6. CURA menu/Page_CURA Healthcare Service/h2_Profile"), "Profile"): Actual text and expected text of test object 'Object Repository/6. CURA menu/Page_CURA Healthcare Service/h2_Profile' are matched.

04-07-2024T11:48:14 - [MESSAGE][PASSED] - Actual text and expected text of test object 'Object Repository/6. CURA menu/Page_CURA Healthcare Service/h2_Profile' are matched.

04-07-2024T11:48:14 - [TEST_STEP][PASSED] - click(findTestObject("Object Repository/6. CURA menu/Page_CURA Healthcare Service/i_CURA Healthcare_fa fa-bars")): Object: 'Object Repository/6. CURA menu/Page_CURA Healthcare Service/i_CURA Healthcare_fa fa-bars' is clicked on

04-07-2024T11:48:15 - [MESSAGE][PASSED] - Object: 'Object Repository/6. CURA menu/Page_CURA Healthcare Service/i_CURA Healthcare_fa fa-bars' is clicked on

04-07-2024T11:48:15 - [TEST_STEP][PASSED] - click(findTestObject("Object Repository/6. CURA menu/Page_CURA Healthcare Service/a_Logout")): Object: 'Object Repository/6. CURA menu/Page_CURA Healthcare Service/a_Logout' is clicked on

04-07-2024T11:48:16 - [MESSAGE][PASSED] - Object: 'Object Repository/6. CURA menu/Page_CURA Healthcare Service/a_Logout' is clicked on

04-07-2024T11:48:16 - [TEST_STEP][PASSED] - verifyElementText(findTestObject("Object Repository/6. CURA menu/Page_CURA Healthcare Service/h1_CURA Healthcare Service"), "CURA Healthcare Service"): Actual text and expected text of test object 'Object Repository/6. CURA menu/Page_CURA Healthcare Service/h1_CURA Healthcare Service' are matched.

04-07-2024T11:48:16 - [MESSAGE][PASSED] - Actual text and expected text of test object 'Object Repository/6. CURA menu/Page_CURA Healthcare Service/h1_CURA Healthcare Service' are matched.

04-07-2024T11:48:16 - [TEST_STEP][PASSED] - closeBrowser(): Browser is closed

04-07-2024T11:48:16 - [MESSAGE][PASSED] - Browser is closed]]></system-out>
         <system-err><![CDATA[]]></system-err>
      </testcase>
      <testcase name="Test Cases/TC10 - History menu check" time="17.952" classname="Test Cases/TC10 - History menu check" status="PASSED">
         <system-out><![CDATA[04-07-2024T11:48:16 - [TEST_CASE][PASSED] - Test Cases/TC10 - History menu check: Test Cases/TC10 - History menu check

04-07-2024T11:48:16 - [TEST_STEP][PASSED] - openBrowser(""): Browser is opened with url: ''

04-07-2024T11:48:16 - [MESSAGE][INFO] - Starting 'Chrome' driver

04-07-2024T11:48:16 - [MESSAGE][INFO] - Action delay is set to 0 milliseconds

04-07-2024T11:48:17 - [MESSAGE][PASSED] - Browser is opened with url: ''

04-07-2024T11:48:17 - [TEST_STEP][PASSED] - navigateToUrl("https://katalon-demo-cura.herokuapp.com/"): Navigate to 'https://katalon-demo-cura.herokuapp.com/' successfully

04-07-2024T11:48:21 - [MESSAGE][PASSED] - Navigate to 'https://katalon-demo-cura.herokuapp.com/' successfully

04-07-2024T11:48:21 - [TEST_STEP][PASSED] - click(findTestObject("1. CURA Test Object (Click, Set, Dropdown)/Make Appointment")): Object: 'Object Repository/1. CURA Test Object (Click, Set, Dropdown)/Make Appointment' is clicked on

04-07-2024T11:48:22 - [MESSAGE][PASSED] - Object: 'Object Repository/1. CURA Test Object (Click, Set, Dropdown)/Make Appointment' is clicked on

04-07-2024T11:48:22 - [TEST_STEP][PASSED] - setText(findTestObject("1. CURA Test Object (Click, Set, Dropdown)/Username"), "John Doe"): Text 'John Doe' is set on object 'Object Repository/1. CURA Test Object (Click, Set, Dropdown)/Username'

04-07-2024T11:48:22 - [MESSAGE][PASSED] - Text 'John Doe' is set on object 'Object Repository/1. CURA Test Object (Click, Set, Dropdown)/Username'

04-07-2024T11:48:22 - [TEST_STEP][PASSED] - setEncryptedText(findTestObject("1. CURA Test Object (Click, Set, Dropdown)/Password"), "g3/DOGG74jC3Flrr3yH+3D/yKbOqqUNM"): Text ****** has been set on object 'Object Repository/1. CURA Test Object (Click, Set, Dropdown)/Password'

04-07-2024T11:48:23 - [MESSAGE][PASSED] - Text ****** has been set on object 'Object Repository/1. CURA Test Object (Click, Set, Dropdown)/Password'

04-07-2024T11:48:23 - [TEST_STEP][PASSED] - click(findTestObject("1. CURA Test Object (Click, Set, Dropdown)/Login Button")): Object: 'Object Repository/1. CURA Test Object (Click, Set, Dropdown)/Login Button' is clicked on

04-07-2024T11:48:24 - [MESSAGE][PASSED] - Object: 'Object Repository/1. CURA Test Object (Click, Set, Dropdown)/Login Button' is clicked on

04-07-2024T11:48:24 - [TEST_STEP][PASSED] - selectOptionByValue(findTestObject("1. CURA Test Object (Click, Set, Dropdown)/Facility"), "Hongkong CURA Healthcare Center", true): All options with value 'Hongkong CURA Healthcare Center' are selected in object 'Object Repository/1. CURA Test Object (Click, Set, Dropdown)/Facility'  using regular expression

04-07-2024T11:48:25 - [MESSAGE][PASSED] - All options with value 'Hongkong CURA Healthcare Center' are selected in object 'Object Repository/1. CURA Test Object (Click, Set, Dropdown)/Facility'  using regular expression

04-07-2024T11:48:25 - [TEST_STEP][PASSED] - click(findTestObject("1. CURA Test Object (Click, Set, Dropdown)/Apply for Hospital Readmission")): Object: 'Object Repository/1. CURA Test Object (Click, Set, Dropdown)/Apply for Hospital Readmission' is clicked on

04-07-2024T11:48:26 - [MESSAGE][PASSED] - Object: 'Object Repository/1. CURA Test Object (Click, Set, Dropdown)/Apply for Hospital Readmission' is clicked on

04-07-2024T11:48:26 - [TEST_STEP][PASSED] - setText(findTestObject("1. CURA Test Object (Click, Set, Dropdown)/Visit Date"), "28/06/2024"): Text '28/06/2024' is set on object 'Object Repository/1. CURA Test Object (Click, Set, Dropdown)/Visit Date'

04-07-2024T11:48:26 - [MESSAGE][WARNING] - [SELF-HEALING] Failed to find element with id 'Object Repository/1. CURA Test Object (Click, Set, Dropdown)/Visit Date'. Try using Self-healing.

04-07-2024T11:48:26 - [MESSAGE][WARNING] - [SELF-HEALING] The current locator of test object 'Object Repository/1. CURA Test Object (Click, Set, Dropdown)/Visit Date' was broken. Propose an alternative one: '//*[@id = 'txt_visit_date' and @name = 'visit_date' and @type = 'text' and @placeholder = 'dd/mm/yyyy']'.

04-07-2024T11:48:26 - [MESSAGE][WARNING] - [SELF-HEALING] Failed to find element with id 'Object Repository/1. CURA Test Object (Click, Set, Dropdown)/Visit Date'. Try using Self-healing.

04-07-2024T11:48:27 - [MESSAGE][WARNING] - [SELF-HEALING] The current locator of test object 'Object Repository/1. CURA Test Object (Click, Set, Dropdown)/Visit Date' was broken. Propose an alternative one: '//*[@id = 'txt_visit_date' and @name = 'visit_date' and @type = 'text' and @placeholder = 'dd/mm/yyyy']'.

04-07-2024T11:48:27 - [MESSAGE][PASSED] - Text '28/06/2024' is set on object 'Object Repository/1. CURA Test Object (Click, Set, Dropdown)/Visit Date'

04-07-2024T11:48:27 - [TEST_STEP][PASSED] - setText(findTestObject("1. CURA Test Object (Click, Set, Dropdown)/Comment"), "Let's meet at 9 AM"): Text 'Let's meet at 9 AM' is set on object 'Object Repository/1. CURA Test Object (Click, Set, Dropdown)/Comment'

04-07-2024T11:48:28 - [MESSAGE][PASSED] - Text 'Let's meet at 9 AM' is set on object 'Object Repository/1. CURA Test Object (Click, Set, Dropdown)/Comment'

04-07-2024T11:48:28 - [TEST_STEP][PASSED] - click(findTestObject("1. CURA Test Object (Click, Set, Dropdown)/Book Appointment")): Object: 'Object Repository/1. CURA Test Object (Click, Set, Dropdown)/Book Appointment' is clicked on

04-07-2024T11:48:29 - [MESSAGE][PASSED] - Object: 'Object Repository/1. CURA Test Object (Click, Set, Dropdown)/Book Appointment' is clicked on

04-07-2024T11:48:29 - [TEST_STEP][PASSED] - verifyElementText(findTestObject("4. Appointment Hongkong/Page_CURA Healthcare Service/h2_Appointment Confirmation"), "Appointment Confirmation"): Actual text and expected text of test object 'Object Repository/4. Appointment Hongkong/Page_CURA Healthcare Service/h2_Appointment Confirmation' are matched.

04-07-2024T11:48:29 - [MESSAGE][PASSED] - Actual text and expected text of test object 'Object Repository/4. Appointment Hongkong/Page_CURA Healthcare Service/h2_Appointment Confirmation' are matched.

04-07-2024T11:48:29 - [TEST_STEP][PASSED] - click(findTestObject("1. CURA Test Object (Click, Set, Dropdown)/Menu")): Object: 'Object Repository/1. CURA Test Object (Click, Set, Dropdown)/Menu' is clicked on

04-07-2024T11:48:29 - [MESSAGE][PASSED] - Object: 'Object Repository/1. CURA Test Object (Click, Set, Dropdown)/Menu' is clicked on

04-07-2024T11:48:29 - [TEST_STEP][PASSED] - click(findTestObject("1. CURA Test Object (Click, Set, Dropdown)/History")): Object: 'Object Repository/1. CURA Test Object (Click, Set, Dropdown)/History' is clicked on

04-07-2024T11:48:30 - [MESSAGE][PASSED] - Object: 'Object Repository/1. CURA Test Object (Click, Set, Dropdown)/History' is clicked on

04-07-2024T11:48:30 - [TEST_STEP][PASSED] - takeScreenshotAsCheckpoint("History Hongkong Appointment"): Taking screenshot successfully

04-07-2024T11:48:31 - [MESSAGE][INFO] - 0 hidden object(s)

04-07-2024T11:48:31 - [MESSAGE][PASSED] - Taking screenshot successfully
[[ATTACHMENT|keyes\keyes-History Hongkong Appointment.png]]

04-07-2024T11:48:31 - [TEST_STEP][PASSED] - verifyElementText(findTestObject("Object Repository/8. History check/Page_CURA Healthcare Service/h2_History"), "History"): Actual text and expected text of test object 'Object Repository/8. History check/Page_CURA Healthcare Service/h2_History' are matched.

04-07-2024T11:48:31 - [MESSAGE][PASSED] - Actual text and expected text of test object 'Object Repository/8. History check/Page_CURA Healthcare Service/h2_History' are matched.

04-07-2024T11:48:31 - [TEST_STEP][PASSED] - verifyElementText(findTestObject("Object Repository/8. History check/Page_CURA Healthcare Service/div_28062024"), "28/06/2024"): Actual text and expected text of test object 'Object Repository/8. History check/Page_CURA Healthcare Service/div_28062024' are matched.

04-07-2024T11:48:32 - [MESSAGE][PASSED] - Actual text and expected text of test object 'Object Repository/8. History check/Page_CURA Healthcare Service/div_28062024' are matched.

04-07-2024T11:48:32 - [TEST_STEP][PASSED] - verifyElementText(findTestObject("Object Repository/8. History check/Page_CURA Healthcare Service/p_Hongkong CURA Healthcare Center"), "Hongkong CURA Healthcare Center"): Actual text and expected text of test object 'Object Repository/8. History check/Page_CURA Healthcare Service/p_Hongkong CURA Healthcare Center' are matched.

04-07-2024T11:48:32 - [MESSAGE][PASSED] - Actual text and expected text of test object 'Object Repository/8. History check/Page_CURA Healthcare Service/p_Hongkong CURA Healthcare Center' are matched.

04-07-2024T11:48:32 - [TEST_STEP][PASSED] - verifyElementText(findTestObject("Object Repository/8. History check/Page_CURA Healthcare Service/p_Yes"), "Yes"): Actual text and expected text of test object 'Object Repository/8. History check/Page_CURA Healthcare Service/p_Yes' are matched.

04-07-2024T11:48:32 - [MESSAGE][PASSED] - Actual text and expected text of test object 'Object Repository/8. History check/Page_CURA Healthcare Service/p_Yes' are matched.

04-07-2024T11:48:32 - [TEST_STEP][PASSED] - verifyElementText(findTestObject("Object Repository/8. History check/Page_CURA Healthcare Service/p_Medicare"), "Medicare"): Actual text and expected text of test object 'Object Repository/8. History check/Page_CURA Healthcare Service/p_Medicare' are matched.

04-07-2024T11:48:33 - [MESSAGE][PASSED] - Actual text and expected text of test object 'Object Repository/8. History check/Page_CURA Healthcare Service/p_Medicare' are matched.

04-07-2024T11:48:33 - [TEST_STEP][PASSED] - verifyElementText(findTestObject("Object Repository/8. History check/Page_CURA Healthcare Service/p_Lets meet at 9 AM"), "Let's meet at 9 AM"): Actual text and expected text of test object 'Object Repository/8. History check/Page_CURA Healthcare Service/p_Lets meet at 9 AM' are matched.

04-07-2024T11:48:33 - [MESSAGE][PASSED] - Actual text and expected text of test object 'Object Repository/8. History check/Page_CURA Healthcare Service/p_Lets meet at 9 AM' are matched.

04-07-2024T11:48:33 - [TEST_STEP][PASSED] - click(findTestObject("1. CURA Test Object (Click, Set, Dropdown)/Go to Homepage")): Object: 'Object Repository/1. CURA Test Object (Click, Set, Dropdown)/Go to Homepage' is clicked on

04-07-2024T11:48:34 - [MESSAGE][PASSED] - Object: 'Object Repository/1. CURA Test Object (Click, Set, Dropdown)/Go to Homepage' is clicked on

04-07-2024T11:48:34 - [TEST_STEP][PASSED] - verifyElementText(findTestObject("2. CURA Test Object (Verify parameter)/CURA Healthcare Service Label"), "CURA Healthcare Service"): Actual text and expected text of test object 'Object Repository/2. CURA Test Object (Verify parameter)/CURA Healthcare Service Label' are matched.

04-07-2024T11:48:34 - [MESSAGE][PASSED] - Actual text and expected text of test object 'Object Repository/2. CURA Test Object (Verify parameter)/CURA Healthcare Service Label' are matched.]]></system-out>
         <system-err><![CDATA[]]></system-err>
      </testcase>
      <system-out><![CDATA[04-07-2024T11:47:18 - [TEST_SUITE][PASSED] - DTS01 - Regression test: Test Cases/TC10 - History menu check]]></system-out>
      <system-err><![CDATA[]]></system-err>
   </testsuite>
</testsuites>
