<?xml version="1.0" encoding="UTF-8"?>
<testsuites name="TS04 - Appointment check" time="69.273" tests="4" failures="0" errors="0">
   <testsuite name="TS04 - Appointment check" tests="4" failures="0" errors="0" time="69.273" skipped="0" timestamp="17-07-2024T13:40:19" hostname="Lenovo - LAPTOP-7QB5JFLU" id="Test Suites/CURA Test suites/TS04 - Appointment check">
      <properties>
         <property name="deviceName" value=""/>
         <property name="devicePlatform"/>
         <property name="logFolder" value="C:\\Users\\Lenovo\\git\\KatalonPractitionerLevel\\Reports\\20240717_133439\\CURA Test suites\\TS04 - Appointment check\\20240717_133447"/>
         <property name="logFiles" value="C:\\Users\\Lenovo\\git\\KatalonPractitionerLevel\\Reports\\20240717_133439\\CURA Test suites\\TS04 - Appointment check\\20240717_133447\\execution0.log"/>
         <property name="attachments" value="keyes\keyes-CURA Homepage.png, keyes\keyes-Hongkong Appointment Confirmation.png, keyes\keyes-Seoul Appoinment Confirmation.png, keyes\keyes-Tokyo Appointment Confirmation.png"/>
         <property name="hostName" value="Lenovo - LAPTOP-7QB5JFLU"/>
         <property name="os" value="Windows 11 64bit"/>
         <property name="katalonVersion" value="9.6.0.217"/>
         <property name="browser" value="Chrome 126.0.0.0"/>
         <property name="hostAddress" value="192.168.1.12"/>
         <property name="sessionId" value="3154155ead23a3e61028245c7b21e05d"/>
         <property name="seleniumVersion" value="3.141.59"/>
         <property name="proxyInformation" value="ProxyInformation { proxyOption=NO_PROXY, proxyServerType=HTTP, username=, password=********, proxyServerAddress=, proxyServerPort=0, executionList=&quot;&quot;, isApplyToDesiredCapabilities=true }"/>
         <property name="platform" value="Windows 11"/>
      </properties>
      <testcase name="Test Cases/CURA Web Test/TC01 - Verify homepage of CURA" time="9.944" classname="Test Cases/CURA Web Test/TC01 - Verify homepage of CURA" status="PASSED">
         <system-out><![CDATA[17-07-2024T13:40:19 - [TEST_CASE][PASSED] - Test Cases/CURA Web Test/TC01 - Verify homepage of CURA: Test Cases/CURA Web Test/TC01 - Verify homepage of CURA

17-07-2024T13:40:20 - [TEST_STEP][PASSED] - openBrowser(""): Browser is opened with url: ''

17-07-2024T13:40:20 - [MESSAGE][INFO] - Starting 'Chrome' driver

17-07-2024T13:40:20 - [MESSAGE][INFO] - Action delay is set to 0 milliseconds

17-07-2024T13:40:22 - [MESSAGE][PASSED] - Browser is opened with url: ''

17-07-2024T13:40:22 - [TEST_STEP][PASSED] - navigateToUrl("https://katalon-demo-cura.herokuapp.com/"): Navigate to 'https://katalon-demo-cura.herokuapp.com/' successfully

17-07-2024T13:40:24 - [MESSAGE][PASSED] - Navigate to 'https://katalon-demo-cura.herokuapp.com/' successfully

17-07-2024T13:40:24 - [TEST_STEP][PASSED] - takeScreenshotAsCheckpoint("CURA Homepage"): Taking screenshot successfully

17-07-2024T13:40:25 - [MESSAGE][INFO] - 0 hidden object(s)

17-07-2024T13:40:25 - [MESSAGE][PASSED] - Taking screenshot successfully
[[ATTACHMENT|keyes\keyes-CURA Homepage.png]]

17-07-2024T13:40:25 - [TEST_STEP][PASSED] - verifyElementText(findTestObject("2. CURA Object Text/Healthcare Service"), "CURA Healthcare Service"): Actual text and expected text of test object 'Object Repository/2. CURA Object Text/Healthcare Service' are matched.

17-07-2024T13:40:26 - [MESSAGE][PASSED] - Actual text and expected text of test object 'Object Repository/2. CURA Object Text/Healthcare Service' are matched.

17-07-2024T13:40:26 - [TEST_STEP][PASSED] - verifyElementText(findTestObject("2. CURA Object Text/About Your Health"), "We Care About Your Health"): Actual text and expected text of test object 'Object Repository/2. CURA Object Text/About Your Health' are matched.

17-07-2024T13:40:26 - [MESSAGE][PASSED] - Actual text and expected text of test object 'Object Repository/2. CURA Object Text/About Your Health' are matched.

17-07-2024T13:40:26 - [TEST_STEP][PASSED] - verifyElementText(findTestObject("2. CURA Object Text/strong Healthcare"), "CURA Healthcare Service"): Actual text and expected text of test object 'Object Repository/2. CURA Object Text/strong Healthcare' are matched.

17-07-2024T13:40:26 - [MESSAGE][PASSED] - Actual text and expected text of test object 'Object Repository/2. CURA Object Text/strong Healthcare' are matched.

17-07-2024T13:40:26 - [TEST_STEP][PASSED] - ExpectedValue = "Atlanta 550 Pharr Road NE Suite 525
Atlanta, GA 30305": null

17-07-2024T13:40:27 - [TEST_STEP][PASSED] - verifyElementText(findTestObject("2. CURA Object Text/Office Address"), ExpectedValue): Actual text and expected text of test object 'Object Repository/2. CURA Object Text/Office Address' are matched.

17-07-2024T13:40:27 - [MESSAGE][PASSED] - Actual text and expected text of test object 'Object Repository/2. CURA Object Text/Office Address' are matched.

17-07-2024T13:40:27 - [TEST_STEP][PASSED] - verifyElementText(findTestObject("2. CURA Object Text/Phone"), "(678) 813-1KMS"): Actual text and expected text of test object 'Object Repository/2. CURA Object Text/Phone' are matched.

17-07-2024T13:40:27 - [MESSAGE][PASSED] - Actual text and expected text of test object 'Object Repository/2. CURA Object Text/Phone' are matched.

17-07-2024T13:40:27 - [TEST_STEP][PASSED] - verifyElementText(findTestObject("2. CURA Object Text/Email"), "info@katalon.com"): Actual text and expected text of test object 'Object Repository/2. CURA Object Text/Email' are matched.

17-07-2024T13:40:27 - [MESSAGE][PASSED] - Actual text and expected text of test object 'Object Repository/2. CURA Object Text/Email' are matched.

17-07-2024T13:40:27 - [TEST_STEP][PASSED] - verifyElementClickable(findTestObject("Object Repository/9. Homepage of CURA/Page_CURA/i_fa fa-facebook")): Object 'Object Repository/9. Homepage of CURA/Page_CURA/i_fa fa-facebook' is clickable

17-07-2024T13:40:28 - [MESSAGE][PASSED] - Object 'Object Repository/9. Homepage of CURA/Page_CURA/i_fa fa-facebook' is clickable

17-07-2024T13:40:28 - [TEST_STEP][PASSED] - verifyElementClickable(findTestObject("Object Repository/9. Homepage of CURA/Page_CURA/i_fa fa-twitter")): Object 'Object Repository/9. Homepage of CURA/Page_CURA/i_fa fa-twitter' is clickable

17-07-2024T13:40:28 - [MESSAGE][PASSED] - Object 'Object Repository/9. Homepage of CURA/Page_CURA/i_fa fa-twitter' is clickable

17-07-2024T13:40:28 - [TEST_STEP][PASSED] - verifyElementClickable(findTestObject("Object Repository/9. Homepage of CURA/Page_CURA/i_fa fa-dribbble")): Object 'Object Repository/9. Homepage of CURA/Page_CURA/i_fa fa-dribbble' is clickable

17-07-2024T13:40:29 - [MESSAGE][PASSED] - Object 'Object Repository/9. Homepage of CURA/Page_CURA/i_fa fa-dribbble' is clickable

17-07-2024T13:40:29 - [TEST_STEP][PASSED] - verifyElementText(findTestObject("2. CURA Object Text/Copyright"), "Copyright Â© CURA Healthcare Service 2024"): Actual text and expected text of test object 'Object Repository/2. CURA Object Text/Copyright' are matched.

17-07-2024T13:40:29 - [MESSAGE][PASSED] - Actual text and expected text of test object 'Object Repository/2. CURA Object Text/Copyright' are matched.

17-07-2024T13:40:29 - [TEST_STEP][PASSED] - verifyElementClickable(findTestObject("2. CURA Object Text/Make Appointment")): Object 'Object Repository/2. CURA Object Text/Make Appointment' is clickable

17-07-2024T13:40:29 - [MESSAGE][PASSED] - Object 'Object Repository/2. CURA Object Text/Make Appointment' is clickable]]></system-out>
         <system-err><![CDATA[]]></system-err>
      </testcase>
      <testcase name="Test Cases/CURA Web Test/TC06 - Appointment Hongkong" time="19.846" classname="Test Cases/CURA Web Test/TC06 - Appointment Hongkong" status="PASSED">
         <system-out><![CDATA[17-07-2024T13:40:29 - [TEST_CASE][PASSED] - Test Cases/CURA Web Test/TC06 - Appointment Hongkong: Test Cases/CURA Web Test/TC06 - Appointment Hongkong

17-07-2024T13:40:30 - [TEST_STEP][PASSED] - openBrowser(""): Browser is opened with url: ''

17-07-2024T13:40:30 - [MESSAGE][WARNING] - A browser is already opened. Closing browser and opening a new one

17-07-2024T13:40:30 - [MESSAGE][INFO] - Starting 'Chrome' driver

17-07-2024T13:40:30 - [MESSAGE][INFO] - Action delay is set to 0 milliseconds

17-07-2024T13:40:31 - [MESSAGE][PASSED] - Browser is opened with url: ''

17-07-2024T13:40:31 - [TEST_STEP][PASSED] - navigateToUrl("https://katalon-demo-cura.herokuapp.com/"): Navigate to 'https://katalon-demo-cura.herokuapp.com/' successfully

17-07-2024T13:40:34 - [MESSAGE][PASSED] - Navigate to 'https://katalon-demo-cura.herokuapp.com/' successfully

17-07-2024T13:40:34 - [TEST_STEP][PASSED] - click(findTestObject("4. Appointment Hongkong/Page_CURA/a_Make Appointment")): Object: 'Object Repository/4. Appointment Hongkong/Page_CURA/a_Make Appointment' is clicked on

17-07-2024T13:40:35 - [MESSAGE][PASSED] - Object: 'Object Repository/4. Appointment Hongkong/Page_CURA/a_Make Appointment' is clicked on

17-07-2024T13:40:35 - [TEST_STEP][PASSED] - setText(findTestObject("4. Appointment Hongkong/Page_CURA/input_Username"), "John Doe"): Text 'John Doe' is set on object 'Object Repository/4. Appointment Hongkong/Page_CURA/input_Username'

17-07-2024T13:40:36 - [MESSAGE][PASSED] - Text 'John Doe' is set on object 'Object Repository/4. Appointment Hongkong/Page_CURA/input_Username'

17-07-2024T13:40:36 - [TEST_STEP][PASSED] - setEncryptedText(findTestObject("Object Repository/4. Appointment Hongkong/Page_CURA/input_Password"), "g3/DOGG74jC3Flrr3yH+3D/yKbOqqUNM"): Text ****** has been set on object 'Object Repository/4. Appointment Hongkong/Page_CURA/input_Password'

17-07-2024T13:40:37 - [MESSAGE][PASSED] - Text ****** has been set on object 'Object Repository/4. Appointment Hongkong/Page_CURA/input_Password'

17-07-2024T13:40:37 - [TEST_STEP][PASSED] - click(findTestObject("Object Repository/4. Appointment Hongkong/Page_CURA/button_Login")): Object: 'Object Repository/4. Appointment Hongkong/Page_CURA/button_Login' is clicked on

17-07-2024T13:40:38 - [MESSAGE][PASSED] - Object: 'Object Repository/4. Appointment Hongkong/Page_CURA/button_Login' is clicked on

17-07-2024T13:40:38 - [TEST_STEP][PASSED] - selectOptionByValue(findTestObject("Object Repository/4. Appointment Hongkong/Page_CURA/select_Tokyo"), "Seoul CURA Healthcare Center", true): All options with value 'Seoul CURA Healthcare Center' are selected in object 'Object Repository/4. Appointment Hongkong/Page_CURA/select_Tokyo'  using regular expression

17-07-2024T13:40:39 - [MESSAGE][PASSED] - All options with value 'Seoul CURA Healthcare Center' are selected in object 'Object Repository/4. Appointment Hongkong/Page_CURA/select_Tokyo'  using regular expression

17-07-2024T13:40:39 - [TEST_STEP][PASSED] - selectOptionByValue(findTestObject("Object Repository/4. Appointment Hongkong/Page_CURA/select_Tokyo"), "Hongkong CURA Healthcare Center", true): All options with value 'Hongkong CURA Healthcare Center' are selected in object 'Object Repository/4. Appointment Hongkong/Page_CURA/select_Tokyo'  using regular expression

17-07-2024T13:40:40 - [MESSAGE][PASSED] - All options with value 'Hongkong CURA Healthcare Center' are selected in object 'Object Repository/4. Appointment Hongkong/Page_CURA/select_Tokyo'  using regular expression

17-07-2024T13:40:40 - [TEST_STEP][PASSED] - click(findTestObject("Object Repository/4. Appointment Hongkong/Page_CURA/input_readmission")): Object: 'Object Repository/4. Appointment Hongkong/Page_CURA/input_readmission' is clicked on

17-07-2024T13:40:41 - [MESSAGE][PASSED] - Object: 'Object Repository/4. Appointment Hongkong/Page_CURA/input_readmission' is clicked on

17-07-2024T13:40:41 - [TEST_STEP][PASSED] - click(findTestObject("Object Repository/4. Appointment Hongkong/Page_CURA/input_None_programs")): Object: 'Object Repository/4. Appointment Hongkong/Page_CURA/input_None_programs' is clicked on

17-07-2024T13:40:41 - [MESSAGE][PASSED] - Object: 'Object Repository/4. Appointment Hongkong/Page_CURA/input_None_programs' is clicked on

17-07-2024T13:40:41 - [TEST_STEP][PASSED] - click(findTestObject("Object Repository/4. Appointment Hongkong/Page_CURA/input_Medicare_programs")): Object: 'Object Repository/4. Appointment Hongkong/Page_CURA/input_Medicare_programs' is clicked on

17-07-2024T13:40:41 - [MESSAGE][PASSED] - Object: 'Object Repository/4. Appointment Hongkong/Page_CURA/input_Medicare_programs' is clicked on

17-07-2024T13:40:41 - [TEST_STEP][PASSED] - click(findTestObject("Object Repository/4. Appointment Hongkong/Page_CURA/span_Visit Date")): Object: 'Object Repository/4. Appointment Hongkong/Page_CURA/span_Visit Date' is clicked on

17-07-2024T13:40:42 - [MESSAGE][PASSED] - Object: 'Object Repository/4. Appointment Hongkong/Page_CURA/span_Visit Date' is clicked on

17-07-2024T13:40:42 - [TEST_STEP][PASSED] - click(findTestObject("Object Repository/4. Appointment Hongkong/Page_CURA/td_1")): Object: 'Object Repository/4. Appointment Hongkong/Page_CURA/td_1' is clicked on

17-07-2024T13:40:42 - [MESSAGE][PASSED] - Object: 'Object Repository/4. Appointment Hongkong/Page_CURA/td_1' is clicked on

17-07-2024T13:40:42 - [TEST_STEP][PASSED] - click(findTestObject("Object Repository/4. Appointment Hongkong/Page_CURA/input_Visit Date")): Object: 'Object Repository/4. Appointment Hongkong/Page_CURA/input_Visit Date' is clicked on

17-07-2024T13:40:43 - [MESSAGE][PASSED] - Object: 'Object Repository/4. Appointment Hongkong/Page_CURA/input_Visit Date' is clicked on

17-07-2024T13:40:43 - [TEST_STEP][PASSED] - setText(findTestObject("Object Repository/4. Appointment Hongkong/Page_CURA/textarea_Comment"), "Lets meet at 8 PM"): Text 'Lets meet at 8 PM' is set on object 'Object Repository/4. Appointment Hongkong/Page_CURA/textarea_Comment'

17-07-2024T13:40:44 - [MESSAGE][PASSED] - Text 'Lets meet at 8 PM' is set on object 'Object Repository/4. Appointment Hongkong/Page_CURA/textarea_Comment'

17-07-2024T13:40:44 - [TEST_STEP][PASSED] - click(findTestObject("Object Repository/4. Appointment Hongkong/Page_CURA/button_Book Appointment")): Object: 'Object Repository/4. Appointment Hongkong/Page_CURA/button_Book Appointment' is clicked on

17-07-2024T13:40:44 - [MESSAGE][PASSED] - Object: 'Object Repository/4. Appointment Hongkong/Page_CURA/button_Book Appointment' is clicked on

17-07-2024T13:40:44 - [TEST_STEP][PASSED] - takeScreenshotAsCheckpoint("Hongkong Appointment Confirmation"): Taking screenshot successfully

17-07-2024T13:40:45 - [MESSAGE][INFO] - 0 hidden object(s)

17-07-2024T13:40:45 - [MESSAGE][PASSED] - Taking screenshot successfully
[[ATTACHMENT|keyes\keyes-Hongkong Appointment Confirmation.png]]

17-07-2024T13:40:45 - [TEST_STEP][PASSED] - click(findTestObject("Object Repository/4. Appointment Hongkong/Page_CURA/h2_Appointment Confirmation")): Object: 'Object Repository/4. Appointment Hongkong/Page_CURA/h2_Appointment Confirmation' is clicked on

17-07-2024T13:40:46 - [MESSAGE][PASSED] - Object: 'Object Repository/4. Appointment Hongkong/Page_CURA/h2_Appointment Confirmation' is clicked on

17-07-2024T13:40:46 - [TEST_STEP][PASSED] - click(findTestObject("Object Repository/4. Appointment Hongkong/Page_CURA/p_ your appointment")): Object: 'Object Repository/4. Appointment Hongkong/Page_CURA/p_ your appointment' is clicked on

17-07-2024T13:40:46 - [MESSAGE][PASSED] - Object: 'Object Repository/4. Appointment Hongkong/Page_CURA/p_ your appointment' is clicked on

17-07-2024T13:40:46 - [TEST_STEP][PASSED] - click(findTestObject("Object Repository/4. Appointment Hongkong/Page_CURA/p_Hongkong")): Object: 'Object Repository/4. Appointment Hongkong/Page_CURA/p_Hongkong' is clicked on

17-07-2024T13:40:46 - [MESSAGE][PASSED] - Object: 'Object Repository/4. Appointment Hongkong/Page_CURA/p_Hongkong' is clicked on

17-07-2024T13:40:46 - [TEST_STEP][PASSED] - verifyElementPresent(findTestObject("Object Repository/4. Appointment Hongkong/Page_CURA/p_Yes"), 0): Object 'Object Repository/4. Appointment Hongkong/Page_CURA/p_Yes' is present

17-07-2024T13:40:46 - [MESSAGE][WARNING] - Timeout '0' is invalid. Using default page load timeout: '30'

17-07-2024T13:40:47 - [MESSAGE][PASSED] - Object 'Object Repository/4. Appointment Hongkong/Page_CURA/p_Yes' is present

17-07-2024T13:40:47 - [TEST_STEP][PASSED] - verifyElementPresent(findTestObject("Object Repository/4. Appointment Hongkong/Page_CURA/p_Medicare"), 0): Object 'Object Repository/4. Appointment Hongkong/Page_CURA/p_Medicare' is present

17-07-2024T13:40:47 - [MESSAGE][WARNING] - Timeout '0' is invalid. Using default page load timeout: '30'

17-07-2024T13:40:47 - [MESSAGE][PASSED] - Object 'Object Repository/4. Appointment Hongkong/Page_CURA/p_Medicare' is present

17-07-2024T13:40:47 - [TEST_STEP][PASSED] - verifyElementPresent(findTestObject("Object Repository/4. Appointment Hongkong/Page_CURA/p_01072024"), 0): Object 'Object Repository/4. Appointment Hongkong/Page_CURA/p_01072024' is present

17-07-2024T13:40:47 - [MESSAGE][WARNING] - Timeout '0' is invalid. Using default page load timeout: '30'

17-07-2024T13:40:47 - [MESSAGE][PASSED] - Object 'Object Repository/4. Appointment Hongkong/Page_CURA/p_01072024' is present

17-07-2024T13:40:47 - [TEST_STEP][PASSED] - verifyElementPresent(findTestObject("Object Repository/4. Appointment Hongkong/Page_CURA/p_Lets meet at 8 PM"), 0): Object 'Object Repository/4. Appointment Hongkong/Page_CURA/p_Lets meet at 8 PM' is present

17-07-2024T13:40:47 - [MESSAGE][WARNING] - Timeout '0' is invalid. Using default page load timeout: '30'

17-07-2024T13:40:48 - [MESSAGE][PASSED] - Object 'Object Repository/4. Appointment Hongkong/Page_CURA/p_Lets meet at 8 PM' is present

17-07-2024T13:40:48 - [TEST_STEP][PASSED] - click(findTestObject("Object Repository/4. Appointment Hongkong/Page_CURA/Go Homepage")): Object: 'Object Repository/4. Appointment Hongkong/Page_CURA/Go Homepage' is clicked on

17-07-2024T13:40:48 - [MESSAGE][PASSED] - Object: 'Object Repository/4. Appointment Hongkong/Page_CURA/Go Homepage' is clicked on

17-07-2024T13:40:48 - [TEST_STEP][PASSED] - click(findTestObject("Object Repository/4. Appointment Hongkong/Page_CURA/h1_CURA Service")): Object: 'Object Repository/4. Appointment Hongkong/Page_CURA/h1_CURA Service' is clicked on

17-07-2024T13:40:49 - [MESSAGE][PASSED] - Object: 'Object Repository/4. Appointment Hongkong/Page_CURA/h1_CURA Service' is clicked on

17-07-2024T13:40:49 - [TEST_STEP][PASSED] - closeBrowser(): Browser is closed

17-07-2024T13:40:49 - [MESSAGE][PASSED] - Browser is closed]]></system-out>
         <system-err><![CDATA[]]></system-err>
      </testcase>
      <testcase name="Test Cases/CURA Web Test/TC07 - Appointment Seoul" time="17.469" classname="Test Cases/CURA Web Test/TC07 - Appointment Seoul" status="PASSED">
         <system-out><![CDATA[17-07-2024T13:40:49 - [TEST_CASE][PASSED] - Test Cases/CURA Web Test/TC07 - Appointment Seoul: Test Cases/CURA Web Test/TC07 - Appointment Seoul

17-07-2024T13:40:49 - [TEST_STEP][PASSED] - openBrowser(""): Browser is opened with url: ''

17-07-2024T13:40:49 - [MESSAGE][INFO] - Starting 'Chrome' driver

17-07-2024T13:40:49 - [MESSAGE][INFO] - Action delay is set to 0 milliseconds

17-07-2024T13:40:50 - [MESSAGE][PASSED] - Browser is opened with url: ''

17-07-2024T13:40:50 - [TEST_STEP][PASSED] - navigateToUrl("https://katalon-demo-cura.herokuapp.com/"): Navigate to 'https://katalon-demo-cura.herokuapp.com/' successfully

17-07-2024T13:40:53 - [MESSAGE][PASSED] - Navigate to 'https://katalon-demo-cura.herokuapp.com/' successfully

17-07-2024T13:40:53 - [TEST_STEP][PASSED] - click(findTestObject("Object Repository/3. Appointment/Page_CURA/Make Appointment")): Object: 'Object Repository/3. Appointment/Page_CURA/Make Appointment' is clicked on

17-07-2024T13:40:54 - [MESSAGE][PASSED] - Object: 'Object Repository/3. Appointment/Page_CURA/Make Appointment' is clicked on

17-07-2024T13:40:54 - [TEST_STEP][PASSED] - setText(findTestObject("Object Repository/3. Appointment/Page_CURA/input_Username"), "John Doe"): Text 'John Doe' is set on object 'Object Repository/3. Appointment/Page_CURA/input_Username'

17-07-2024T13:40:55 - [MESSAGE][PASSED] - Text 'John Doe' is set on object 'Object Repository/3. Appointment/Page_CURA/input_Username'

17-07-2024T13:40:55 - [TEST_STEP][PASSED] - setEncryptedText(findTestObject("Object Repository/3. Appointment/Page_CURA/input_Password_password"), "g3/DOGG74jC3Flrr3yH+3D/yKbOqqUNM"): Text ****** has been set on object 'Object Repository/3. Appointment/Page_CURA/input_Password_password'

17-07-2024T13:40:55 - [MESSAGE][PASSED] - Text ****** has been set on object 'Object Repository/3. Appointment/Page_CURA/input_Password_password'

17-07-2024T13:40:55 - [TEST_STEP][PASSED] - click(findTestObject("Object Repository/3. Appointment/Page_CURA/button_Login")): Object: 'Object Repository/3. Appointment/Page_CURA/button_Login' is clicked on

17-07-2024T13:40:56 - [MESSAGE][PASSED] - Object: 'Object Repository/3. Appointment/Page_CURA/button_Login' is clicked on

17-07-2024T13:40:56 - [TEST_STEP][PASSED] - verifyElementText(findTestObject("Object Repository/3. Appointment/Page_CURA/h2_Make Appointment"), "Make Appointment"): Actual text and expected text of test object 'Object Repository/3. Appointment/Page_CURA/h2_Make Appointment' are matched.

17-07-2024T13:40:57 - [MESSAGE][PASSED] - Actual text and expected text of test object 'Object Repository/3. Appointment/Page_CURA/h2_Make Appointment' are matched.

17-07-2024T13:40:57 - [TEST_STEP][PASSED] - selectOptionByValue(findTestObject("Object Repository/3. Appointment/Page_CURA/select_Tokyo"), "Seoul CURA Healthcare Center", true): All options with value 'Seoul CURA Healthcare Center' are selected in object 'Object Repository/3. Appointment/Page_CURA/select_Tokyo'  using regular expression

17-07-2024T13:40:58 - [MESSAGE][PASSED] - All options with value 'Seoul CURA Healthcare Center' are selected in object 'Object Repository/3. Appointment/Page_CURA/select_Tokyo'  using regular expression

17-07-2024T13:40:58 - [TEST_STEP][PASSED] - click(findTestObject("Object Repository/3. Appointment/Page_CURA/input_readmission")): Object: 'Object Repository/3. Appointment/Page_CURA/input_readmission' is clicked on

17-07-2024T13:40:58 - [MESSAGE][PASSED] - Object: 'Object Repository/3. Appointment/Page_CURA/input_readmission' is clicked on

17-07-2024T13:40:58 - [TEST_STEP][PASSED] - click(findTestObject("Object Repository/3. Appointment/Page_CURA/input_Medicaid_programs")): Object: 'Object Repository/3. Appointment/Page_CURA/input_Medicaid_programs' is clicked on

17-07-2024T13:40:59 - [MESSAGE][PASSED] - Object: 'Object Repository/3. Appointment/Page_CURA/input_Medicaid_programs' is clicked on

17-07-2024T13:40:59 - [TEST_STEP][PASSED] - click(findTestObject("Object Repository/3. Appointment/Page_CURA/button_Book Appointment")): Object: 'Object Repository/3. Appointment/Page_CURA/button_Book Appointment' is clicked on

17-07-2024T13:40:59 - [MESSAGE][PASSED] - Object: 'Object Repository/3. Appointment/Page_CURA/button_Book Appointment' is clicked on

17-07-2024T13:40:59 - [TEST_STEP][PASSED] - click(findTestObject("Object Repository/3. Appointment/Page_CURA/input_Visit Date")): Object: 'Object Repository/3. Appointment/Page_CURA/input_Visit Date' is clicked on

17-07-2024T13:41:00 - [MESSAGE][PASSED] - Object: 'Object Repository/3. Appointment/Page_CURA/input_Visit Date' is clicked on

17-07-2024T13:41:00 - [TEST_STEP][PASSED] - setText(findTestObject("1. CURA Object button/Visit Date"), "29/06/2024"): Text '29/06/2024' is set on object 'Object Repository/1. CURA Object button/Visit Date'

17-07-2024T13:41:00 - [MESSAGE][PASSED] - Text '29/06/2024' is set on object 'Object Repository/1. CURA Object button/Visit Date'

17-07-2024T13:41:00 - [TEST_STEP][PASSED] - setText(findTestObject("Object Repository/3. Appointment/Page_CURA/textarea_Comment"), "At 9 Am"): Text 'At 9 Am' is set on object 'Object Repository/3. Appointment/Page_CURA/textarea_Comment'

17-07-2024T13:41:01 - [MESSAGE][PASSED] - Text 'At 9 Am' is set on object 'Object Repository/3. Appointment/Page_CURA/textarea_Comment'

17-07-2024T13:41:01 - [TEST_STEP][PASSED] - click(findTestObject("Object Repository/3. Appointment/Page_CURA/button_Book Appointment")): Object: 'Object Repository/3. Appointment/Page_CURA/button_Book Appointment' is clicked on

17-07-2024T13:41:02 - [MESSAGE][PASSED] - Object: 'Object Repository/3. Appointment/Page_CURA/button_Book Appointment' is clicked on

17-07-2024T13:41:02 - [TEST_STEP][PASSED] - takeScreenshotAsCheckpoint("Seoul Appoinment Confirmation"): Taking screenshot successfully

17-07-2024T13:41:03 - [MESSAGE][INFO] - 0 hidden object(s)

17-07-2024T13:41:03 - [MESSAGE][PASSED] - Taking screenshot successfully
[[ATTACHMENT|keyes\keyes-Seoul Appoinment Confirmation.png]]

17-07-2024T13:41:03 - [TEST_STEP][PASSED] - verifyElementText(findTestObject("Object Repository/3. Appointment/Page_CURA/Appointment Confirmation"), "Appointment Confirmation"): Actual text and expected text of test object 'Object Repository/3. Appointment/Page_CURA/Appointment Confirmation' are matched.

17-07-2024T13:41:03 - [MESSAGE][PASSED] - Actual text and expected text of test object 'Object Repository/3. Appointment/Page_CURA/Appointment Confirmation' are matched.

17-07-2024T13:41:03 - [TEST_STEP][PASSED] - verifyElementText(findTestObject("Object Repository/3. Appointment/Page_CURA/p_your appointment"), "Please be informed that your appointment has been booked as following:"): Actual text and expected text of test object 'Object Repository/3. Appointment/Page_CURA/p_your appointment' are matched.

17-07-2024T13:41:03 - [MESSAGE][PASSED] - Actual text and expected text of test object 'Object Repository/3. Appointment/Page_CURA/p_your appointment' are matched.

17-07-2024T13:41:03 - [TEST_STEP][PASSED] - verifyElementText(findTestObject("Object Repository/3. Appointment/Page_CURA/p_Seoul"), "Seoul CURA Healthcare Center"): Actual text and expected text of test object 'Object Repository/3. Appointment/Page_CURA/p_Seoul' are matched.

17-07-2024T13:41:04 - [MESSAGE][PASSED] - Actual text and expected text of test object 'Object Repository/3. Appointment/Page_CURA/p_Seoul' are matched.

17-07-2024T13:41:04 - [TEST_STEP][PASSED] - verifyElementText(findTestObject("Object Repository/3. Appointment/Page_CURA/p_Yes"), "Yes"): Actual text and expected text of test object 'Object Repository/3. Appointment/Page_CURA/p_Yes' are matched.

17-07-2024T13:41:04 - [MESSAGE][PASSED] - Actual text and expected text of test object 'Object Repository/3. Appointment/Page_CURA/p_Yes' are matched.

17-07-2024T13:41:04 - [TEST_STEP][PASSED] - verifyElementText(findTestObject("Object Repository/3. Appointment/Page_CURA/p_Medicaid"), "Medicaid"): Actual text and expected text of test object 'Object Repository/3. Appointment/Page_CURA/p_Medicaid' are matched.

17-07-2024T13:41:04 - [MESSAGE][PASSED] - Actual text and expected text of test object 'Object Repository/3. Appointment/Page_CURA/p_Medicaid' are matched.

17-07-2024T13:41:04 - [TEST_STEP][PASSED] - verifyElementText(findTestObject("Object Repository/3. Appointment/Page_CURA/p_29062024"), "29/06/2024"): Actual text and expected text of test object 'Object Repository/3. Appointment/Page_CURA/p_29062024' are matched.

17-07-2024T13:41:05 - [MESSAGE][PASSED] - Actual text and expected text of test object 'Object Repository/3. Appointment/Page_CURA/p_29062024' are matched.

17-07-2024T13:41:05 - [TEST_STEP][PASSED] - verifyElementText(findTestObject("Object Repository/3. Appointment/Page_CURA/p_At 9 Am"), "At 9 Am"): Actual text and expected text of test object 'Object Repository/3. Appointment/Page_CURA/p_At 9 Am' are matched.

17-07-2024T13:41:05 - [MESSAGE][PASSED] - Actual text and expected text of test object 'Object Repository/3. Appointment/Page_CURA/p_At 9 Am' are matched.

17-07-2024T13:41:05 - [TEST_STEP][PASSED] - click(findTestObject("Object Repository/3. Appointment/Page_CURA/Go to Homepage")): Object: 'Object Repository/3. Appointment/Page_CURA/Go to Homepage' is clicked on

17-07-2024T13:41:06 - [MESSAGE][PASSED] - Object: 'Object Repository/3. Appointment/Page_CURA/Go to Homepage' is clicked on

17-07-2024T13:41:06 - [TEST_STEP][PASSED] - verifyElementText(findTestObject("9. Homepage of CURA/Page_CURA/h1_CURA Service"), "CURA Healthcare Service"): Actual text and expected text of test object 'Object Repository/9. Homepage of CURA/Page_CURA/h1_CURA Service' are matched.

17-07-2024T13:41:06 - [MESSAGE][PASSED] - Actual text and expected text of test object 'Object Repository/9. Homepage of CURA/Page_CURA/h1_CURA Service' are matched.

17-07-2024T13:41:06 - [TEST_STEP][PASSED] - closeBrowser(): Browser is closed

17-07-2024T13:41:07 - [MESSAGE][PASSED] - Browser is closed]]></system-out>
         <system-err><![CDATA[]]></system-err>
      </testcase>
      <testcase name="Test Cases/CURA Web Test/TC08 - Appointment Tokyo" time="21.687" classname="Test Cases/CURA Web Test/TC08 - Appointment Tokyo" status="PASSED">
         <system-out><![CDATA[17-07-2024T13:41:07 - [TEST_CASE][PASSED] - Test Cases/CURA Web Test/TC08 - Appointment Tokyo: Test Cases/CURA Web Test/TC08 - Appointment Tokyo

17-07-2024T13:41:07 - [TEST_STEP][PASSED] - openBrowser(""): Browser is opened with url: ''

17-07-2024T13:41:07 - [MESSAGE][INFO] - Starting 'Chrome' driver

17-07-2024T13:41:07 - [MESSAGE][INFO] - Action delay is set to 0 milliseconds

17-07-2024T13:41:08 - [MESSAGE][PASSED] - Browser is opened with url: ''

17-07-2024T13:41:08 - [TEST_STEP][PASSED] - navigateToUrl("https://katalon-demo-cura.herokuapp.com/"): Navigate to 'https://katalon-demo-cura.herokuapp.com/' successfully

17-07-2024T13:41:14 - [MESSAGE][PASSED] - Navigate to 'https://katalon-demo-cura.herokuapp.com/' successfully

17-07-2024T13:41:14 - [TEST_STEP][PASSED] - click(findTestObject("1. CURA Object button/Make Appointment")): Object: 'Object Repository/1. CURA Object button/Make Appointment' is clicked on

17-07-2024T13:41:15 - [MESSAGE][PASSED] - Object: 'Object Repository/1. CURA Object button/Make Appointment' is clicked on

17-07-2024T13:41:15 - [TEST_STEP][PASSED] - setText(findTestObject("1. CURA Object button/Username"), "John Doe"): Text 'John Doe' is set on object 'Object Repository/1. CURA Object button/Username'

17-07-2024T13:41:16 - [MESSAGE][PASSED] - Text 'John Doe' is set on object 'Object Repository/1. CURA Object button/Username'

17-07-2024T13:41:16 - [TEST_STEP][PASSED] - setEncryptedText(findTestObject("1. CURA Object button/Password"), "g3/DOGG74jC3Flrr3yH+3D/yKbOqqUNM"): Text ****** has been set on object 'Object Repository/1. CURA Object button/Password'

17-07-2024T13:41:17 - [MESSAGE][PASSED] - Text ****** has been set on object 'Object Repository/1. CURA Object button/Password'

17-07-2024T13:41:17 - [TEST_STEP][PASSED] - click(findTestObject("1. CURA Object button/Login Button")): Object: 'Object Repository/1. CURA Object button/Login Button' is clicked on

17-07-2024T13:41:18 - [MESSAGE][PASSED] - Object: 'Object Repository/1. CURA Object button/Login Button' is clicked on

17-07-2024T13:41:18 - [TEST_STEP][PASSED] - selectOptionByValue(findTestObject("1. CURA Object button/Facility"), "Hongkong CURA Healthcare Center", true): All options with value 'Hongkong CURA Healthcare Center' are selected in object 'Object Repository/1. CURA Object button/Facility'  using regular expression

17-07-2024T13:41:19 - [MESSAGE][PASSED] - All options with value 'Hongkong CURA Healthcare Center' are selected in object 'Object Repository/1. CURA Object button/Facility'  using regular expression

17-07-2024T13:41:19 - [TEST_STEP][PASSED] - selectOptionByValue(findTestObject("1. CURA Object button/Facility"), "Tokyo CURA Healthcare Center", true): All options with value 'Tokyo CURA Healthcare Center' are selected in object 'Object Repository/1. CURA Object button/Facility'  using regular expression

17-07-2024T13:41:20 - [MESSAGE][PASSED] - All options with value 'Tokyo CURA Healthcare Center' are selected in object 'Object Repository/1. CURA Object button/Facility'  using regular expression

17-07-2024T13:41:20 - [TEST_STEP][PASSED] - click(findTestObject("1. CURA Object button/Hospital Readmission")): Object: 'Object Repository/1. CURA Object button/Hospital Readmission' is clicked on

17-07-2024T13:41:20 - [MESSAGE][PASSED] - Object: 'Object Repository/1. CURA Object button/Hospital Readmission' is clicked on

17-07-2024T13:41:20 - [TEST_STEP][PASSED] - uncheck(findTestObject("1. CURA Object button/Hospital Readmission")): Object 'Object Repository/1. CURA Object button/Hospital Readmission' is un-checked

17-07-2024T13:41:21 - [MESSAGE][PASSED] - Object 'Object Repository/1. CURA Object button/Hospital Readmission' is un-checked

17-07-2024T13:41:21 - [TEST_STEP][PASSED] - click(findTestObject("1. CURA Object button/None"), CONTINUE_ON_FAILURE): Object: 'Object Repository/1. CURA Object button/None' is clicked on

17-07-2024T13:41:21 - [MESSAGE][PASSED] - Object: 'Object Repository/1. CURA Object button/None' is clicked on

17-07-2024T13:41:21 - [TEST_STEP][PASSED] - click(findTestObject("1. CURA Object button/Medicare"), CONTINUE_ON_FAILURE): Object: 'Object Repository/1. CURA Object button/Medicare' is clicked on

17-07-2024T13:41:21 - [MESSAGE][PASSED] - Object: 'Object Repository/1. CURA Object button/Medicare' is clicked on

17-07-2024T13:41:21 - [TEST_STEP][PASSED] - click(findTestObject("1. CURA Object button/Medicaid")): Object: 'Object Repository/1. CURA Object button/Medicaid' is clicked on

17-07-2024T13:41:22 - [MESSAGE][PASSED] - Object: 'Object Repository/1. CURA Object button/Medicaid' is clicked on

17-07-2024T13:41:22 - [TEST_STEP][PASSED] - click(findTestObject("1. CURA Object button/Medicare")): Object: 'Object Repository/1. CURA Object button/Medicare' is clicked on

17-07-2024T13:41:22 - [MESSAGE][PASSED] - Object: 'Object Repository/1. CURA Object button/Medicare' is clicked on

17-07-2024T13:41:22 - [TEST_STEP][PASSED] - setText(findTestObject("1. CURA Object button/Visit Date"), "30/06/2024"): Text '30/06/2024' is set on object 'Object Repository/1. CURA Object button/Visit Date'

17-07-2024T13:41:23 - [MESSAGE][PASSED] - Text '30/06/2024' is set on object 'Object Repository/1. CURA Object button/Visit Date'

17-07-2024T13:41:23 - [TEST_STEP][PASSED] - click(findTestObject("1. CURA Object button/Book Appointment")): Object: 'Object Repository/1. CURA Object button/Book Appointment' is clicked on

17-07-2024T13:41:24 - [MESSAGE][PASSED] - Object: 'Object Repository/1. CURA Object button/Book Appointment' is clicked on

17-07-2024T13:41:24 - [TEST_STEP][PASSED] - takeScreenshotAsCheckpoint("Tokyo Appointment Confirmation"): Taking screenshot successfully

17-07-2024T13:41:24 - [MESSAGE][INFO] - 0 hidden object(s)

17-07-2024T13:41:24 - [MESSAGE][PASSED] - Taking screenshot successfully
[[ATTACHMENT|keyes\keyes-Tokyo Appointment Confirmation.png]]

17-07-2024T13:41:24 - [TEST_STEP][PASSED] - verifyElementText(findTestObject("5. Appointment Tokyo/Page_CURA/Appointment Confirmation"), "Appointment Confirmation"): Actual text and expected text of test object 'Object Repository/5. Appointment Tokyo/Page_CURA/Appointment Confirmation' are matched.

17-07-2024T13:41:25 - [MESSAGE][PASSED] - Actual text and expected text of test object 'Object Repository/5. Appointment Tokyo/Page_CURA/Appointment Confirmation' are matched.

17-07-2024T13:41:25 - [TEST_STEP][PASSED] - verifyElementText(findTestObject("5. Appointment Tokyo/Page_CURA/p_your appointment"), "Please be informed that your appointment has been booked as following:"): Actual text and expected text of test object 'Object Repository/5. Appointment Tokyo/Page_CURA/p_your appointment' are matched.

17-07-2024T13:41:25 - [MESSAGE][PASSED] - Actual text and expected text of test object 'Object Repository/5. Appointment Tokyo/Page_CURA/p_your appointment' are matched.

17-07-2024T13:41:25 - [TEST_STEP][PASSED] - verifyElementText(findTestObject("5. Appointment Tokyo/Page_CURA/p_Tokyo"), "Tokyo CURA Healthcare Center"): Actual text and expected text of test object 'Object Repository/5. Appointment Tokyo/Page_CURA/p_Tokyo' are matched.

17-07-2024T13:41:25 - [MESSAGE][PASSED] - Actual text and expected text of test object 'Object Repository/5. Appointment Tokyo/Page_CURA/p_Tokyo' are matched.

17-07-2024T13:41:25 - [TEST_STEP][PASSED] - verifyElementText(findTestObject("5. Appointment Tokyo/Page_CURA/p_Yes"), "No"): Actual text and expected text of test object 'Object Repository/5. Appointment Tokyo/Page_CURA/p_Yes' are matched.

17-07-2024T13:41:26 - [MESSAGE][PASSED] - Actual text and expected text of test object 'Object Repository/5. Appointment Tokyo/Page_CURA/p_Yes' are matched.

17-07-2024T13:41:26 - [TEST_STEP][PASSED] - verifyElementText(findTestObject("5. Appointment Tokyo/Page_CURA/p_Medicare"), "Medicare"): Actual text and expected text of test object 'Object Repository/5. Appointment Tokyo/Page_CURA/p_Medicare' are matched.

17-07-2024T13:41:26 - [MESSAGE][PASSED] - Actual text and expected text of test object 'Object Repository/5. Appointment Tokyo/Page_CURA/p_Medicare' are matched.

17-07-2024T13:41:26 - [TEST_STEP][PASSED] - verifyElementText(findTestObject("5. Appointment Tokyo/Page_CURA/p_30062024"), "30/06/2024"): Actual text and expected text of test object 'Object Repository/5. Appointment Tokyo/Page_CURA/p_30062024' are matched.

17-07-2024T13:41:26 - [MESSAGE][PASSED] - Actual text and expected text of test object 'Object Repository/5. Appointment Tokyo/Page_CURA/p_30062024' are matched.

17-07-2024T13:41:26 - [TEST_STEP][PASSED] - verifyElementText(findTestObject("5. Appointment Tokyo/Page_CURA/div_Comment"), ""): Actual text and expected text of test object 'Object Repository/5. Appointment Tokyo/Page_CURA/div_Comment' are matched.

17-07-2024T13:41:27 - [MESSAGE][PASSED] - Actual text and expected text of test object 'Object Repository/5. Appointment Tokyo/Page_CURA/div_Comment' are matched.

17-07-2024T13:41:27 - [TEST_STEP][PASSED] - click(findTestObject("5. Appointment Tokyo/Page_CURA/Go Homepage")): Object: 'Object Repository/5. Appointment Tokyo/Page_CURA/Go Homepage' is clicked on

17-07-2024T13:41:28 - [MESSAGE][PASSED] - Object: 'Object Repository/5. Appointment Tokyo/Page_CURA/Go Homepage' is clicked on

17-07-2024T13:41:28 - [TEST_STEP][PASSED] - verifyElementText(findTestObject("5. Appointment Tokyo/Page_CURA/CURA Service"), "CURA Healthcare Service"): Actual text and expected text of test object 'Object Repository/5. Appointment Tokyo/Page_CURA/CURA Service' are matched.

17-07-2024T13:41:28 - [MESSAGE][PASSED] - Actual text and expected text of test object 'Object Repository/5. Appointment Tokyo/Page_CURA/CURA Service' are matched.

17-07-2024T13:41:28 - [TEST_STEP][PASSED] - closeBrowser(): Browser is closed

17-07-2024T13:41:28 - [MESSAGE][PASSED] - Browser is closed]]></system-out>
         <system-err><![CDATA[]]></system-err>
      </testcase>
      <system-out><![CDATA[17-07-2024T13:40:19 - [TEST_SUITE][PASSED] - TS04 - Appointment check: Test Cases/CURA Web Test/TC08 - Appointment Tokyo]]></system-out>
      <system-err><![CDATA[]]></system-err>
   </testsuite>
</testsuites>
