<?xml version="1.0" encoding="UTF-8"?>
<testsuites name="TS14 - Login and Logout using Keywords" time="13.787" tests="3" failures="0" errors="0">
   <testsuite name="TS14 - Login and Logout using Keywords" tests="3" failures="0" errors="0" time="13.787" skipped="0" timestamp="04-07-2024T16:03:08" hostname="Lenovo - LAPTOP-7QB5JFLU" id="Test Suites/TS14 - Login and Logout using Keywords">
      <properties>
         <property name="deviceName" value=""/>
         <property name="devicePlatform"/>
         <property name="logFolder" value="C:\\Users\\Lenovo\\git\\KatalonPractitionerLevel\\Reports\\20240704_160300\\TS14 - Login and Logout using Keywords\\20240704_160300"/>
         <property name="logFiles" value="C:\\Users\\Lenovo\\git\\KatalonPractitionerLevel\\Reports\\20240704_160300\\TS14 - Login and Logout using Keywords\\20240704_160300\\execution0.log"/>
         <property name="attachments" value=""/>
         <property name="hostName" value="Lenovo - LAPTOP-7QB5JFLU"/>
         <property name="os" value="Windows 11 64bit"/>
         <property name="katalonVersion" value="9.6.0.217"/>
         <property name="browser" value="Chrome 126.0.0.0"/>
         <property name="hostAddress" value="192.168.1.12"/>
         <property name="sessionId" value="1e73bc896dc4c44ed1679071389e6556"/>
         <property name="seleniumVersion" value="3.141.59"/>
         <property name="proxyInformation" value="ProxyInformation { proxyOption=NO_PROXY, proxyServerType=HTTP, username=, password=********, proxyServerAddress=, proxyServerPort=0, executionList=&quot;&quot;, isApplyToDesiredCapabilities=true }"/>
         <property name="platform" value="Windows 11"/>
      </properties>
      <testcase name="Test Cases/TC26 - Open browser using Keywords" time="5.452" classname="Test Cases/TC26 - Open browser using Keywords" status="PASSED">
         <system-out><![CDATA[04-07-2024T16:03:09 - [TEST_CASE][PASSED] - Test Cases/TC26 - Open browser using Keywords: Test Cases/TC26 - Open browser using Keywords

04-07-2024T16:03:09 - [TEST_STEP][PASSED] - propertiesPage.openBrowser.main(): propertiesPage.openBrowser.main is PASSED

04-07-2024T16:03:09 - [MESSAGE][INFO] - Starting 'Chrome' driver

04-07-2024T16:03:10 - [MESSAGE][INFO] - Action delay is set to 0 milliseconds

04-07-2024T16:03:11 - [MESSAGE][PASSED] - Browser is opened with url: ''

04-07-2024T16:03:14 - [MESSAGE][PASSED] - Navigate to 'https://katalon-demo-cura.herokuapp.com/' successfully

04-07-2024T16:03:14 - [MESSAGE][PASSED] - propertiesPage.openBrowser.main is PASSED]]></system-out>
         <system-err><![CDATA[]]></system-err>
      </testcase>
      <testcase name="Test Cases/TC27 - Login using Keywords" time="5.045" classname="Test Cases/TC27 - Login using Keywords" status="PASSED">
         <system-out><![CDATA[04-07-2024T16:03:14 - [TEST_CASE][PASSED] - Test Cases/TC27 - Login using Keywords: Test Cases/TC27 - Login using Keywords

04-07-2024T16:03:14 - [TEST_STEP][PASSED] - propertiesPage.loginMenu.main(): propertiesPage.loginMenu.main is PASSED

04-07-2024T16:03:16 - [MESSAGE][PASSED] - Object: 'Object Repository/1. CURA Test Object (Click, Set, Dropdown)/Make Appointment' is clicked on

04-07-2024T16:03:16 - [MESSAGE][PASSED] - Actual text and expected text of test object 'Object Repository/2. CURA Test Object (Verify parameter)/Login Text' are matched.

04-07-2024T16:03:17 - [MESSAGE][PASSED] - Text 'John Doe' is set on object 'Object Repository/1. CURA Test Object (Click, Set, Dropdown)/Username'

04-07-2024T16:03:18 - [MESSAGE][PASSED] - Text 'ThisIsNotAPassword' is set on object 'Object Repository/1. CURA Test Object (Click, Set, Dropdown)/Password'

04-07-2024T16:03:19 - [MESSAGE][PASSED] - Object: 'Object Repository/1. CURA Test Object (Click, Set, Dropdown)/Login Button' is clicked on

04-07-2024T16:03:19 - [MESSAGE][PASSED] - propertiesPage.loginMenu.main is PASSED]]></system-out>
         <system-err><![CDATA[]]></system-err>
      </testcase>
      <testcase name="Test Cases/TC31- Logout using Keywords" time="3.027" classname="Test Cases/TC31- Logout using Keywords" status="PASSED">
         <system-out><![CDATA[04-07-2024T16:03:19 - [TEST_CASE][PASSED] - Test Cases/TC31- Logout using Keywords: Test Cases/TC31- Logout using Keywords

04-07-2024T16:03:19 - [TEST_STEP][PASSED] - propertiesPage.logoutMenu.main(): propertiesPage.logoutMenu.main is PASSED

04-07-2024T16:03:20 - [MESSAGE][PASSED] - Actual text and expected text of test object 'Object Repository/2. CURA Test Object (Verify parameter)/Make Appointment Text' are matched.

04-07-2024T16:03:20 - [MESSAGE][PASSED] - Object: 'Object Repository/1. CURA Test Object (Click, Set, Dropdown)/Menu' is clicked on

04-07-2024T16:03:21 - [MESSAGE][PASSED] - Object: 'Object Repository/1. CURA Test Object (Click, Set, Dropdown)/Logout' is clicked on

04-07-2024T16:03:22 - [MESSAGE][PASSED] - Browser is closed

04-07-2024T16:03:22 - [MESSAGE][PASSED] - propertiesPage.logoutMenu.main is PASSED]]></system-out>
         <system-err><![CDATA[]]></system-err>
      </testcase>
      <system-out><![CDATA[04-07-2024T16:03:08 - [TEST_SUITE][PASSED] - TS14 - Login and Logout using Keywords: Test Cases/TC31- Logout using Keywords]]></system-out>
      <system-err><![CDATA[]]></system-err>
   </testsuite>
</testsuites>
