<?xml version="1.0" encoding="UTF-8"?>
<testsuites name="TSC03 - Verfy button function" time="152.825" tests="6" failures="0" errors="0">
   <testsuite name="TS01 - Verify CURA page" tests="2" failures="0" errors="0" time="32.172" skipped="0" timestamp="01-07-2024T11:21:16" hostname="Lenovo - LAPTOP-7QB5JFLU" id="Test Suites/TS01 - Verify CURA page">
      <properties>
         <property name="deviceName" value=""/>
         <property name="devicePlatform"/>
         <property name="logFolder" value="C:\\Users\\Lenovo\\git\\KatalonPractitionerLevel\\Reports\\20240701_112108\\TS01 - Verify CURA page\\20240701_112109"/>
         <property name="logFiles" value="C:\\Users\\Lenovo\\git\\KatalonPractitionerLevel\\Reports\\20240701_112108\\TS01 - Verify CURA page\\20240701_112109\\execution0.log"/>
         <property name="attachments" value="keyes\keyes-CURA Homepage.png"/>
         <property name="hostName" value="Lenovo - LAPTOP-7QB5JFLU"/>
         <property name="os" value="Windows 11 64bit"/>
         <property name="katalonVersion" value="9.6.0.217"/>
         <property name="browser" value="Chrome 126.0.0.0"/>
         <property name="hostAddress" value="192.168.1.12"/>
         <property name="sessionId" value="ea7fe5a739d3f2281c786aa8c1ba5753"/>
         <property name="seleniumVersion" value="3.141.59"/>
         <property name="proxyInformation" value="ProxyInformation { proxyOption=NO_PROXY, proxyServerType=HTTP, username=, password=********, proxyServerAddress=, proxyServerPort=0, executionList=&quot;&quot;, isApplyToDesiredCapabilities=true }"/>
         <property name="platform" value="Windows 11"/>
      </properties>
      <testcase name="Test Cases/TC01 - Verify homepage of CURA" time="10.47" classname="Test Cases/TC01 - Verify homepage of CURA" status="PASSED">
         <system-out><![CDATA[01-07-2024T11:21:16 - [TEST_CASE][PASSED] - Test Cases/TC01 - Verify homepage of CURA: Test Cases/TC01 - Verify homepage of CURA

01-07-2024T11:21:17 - [TEST_STEP][PASSED] - openBrowser(""): Browser is opened with url: ''

01-07-2024T11:21:17 - [MESSAGE][INFO] - Starting 'Chrome' driver

01-07-2024T11:21:17 - [MESSAGE][INFO] - Action delay is set to 0 milliseconds

01-07-2024T11:21:18 - [MESSAGE][PASSED] - Browser is opened with url: ''

01-07-2024T11:21:18 - [TEST_STEP][PASSED] - navigateToUrl("https://katalon-demo-cura.herokuapp.com/"): Navigate to 'https://katalon-demo-cura.herokuapp.com/' successfully

01-07-2024T11:21:21 - [MESSAGE][PASSED] - Navigate to 'https://katalon-demo-cura.herokuapp.com/' successfully

01-07-2024T11:21:21 - [TEST_STEP][PASSED] - takeScreenshotAsCheckpoint("CURA Homepage"): Taking screenshot successfully

01-07-2024T11:21:22 - [MESSAGE][INFO] - 0 hidden object(s)

01-07-2024T11:21:22 - [MESSAGE][PASSED] - Taking screenshot successfully
[[ATTACHMENT|keyes\keyes-CURA Homepage.png]]

01-07-2024T11:21:22 - [TEST_STEP][PASSED] - verifyElementText(findTestObject("Object Repository/Homepage of CURA/Page_CURA Healthcare Service/h1_CURA Healthcare Service"), "CURA Healthcare Service"): Actual text and expected text of test object 'Object Repository/Homepage of CURA/Page_CURA Healthcare Service/h1_CURA Healthcare Service' are matched.

01-07-2024T11:21:22 - [MESSAGE][PASSED] - Actual text and expected text of test object 'Object Repository/Homepage of CURA/Page_CURA Healthcare Service/h1_CURA Healthcare Service' are matched.

01-07-2024T11:21:22 - [TEST_STEP][PASSED] - verifyElementText(findTestObject("Object Repository/Homepage of CURA/Page_CURA Healthcare Service/h3_We Care About Your Health"), "We Care About Your Health"): Actual text and expected text of test object 'Object Repository/Homepage of CURA/Page_CURA Healthcare Service/h3_We Care About Your Health' are matched.

01-07-2024T11:21:23 - [MESSAGE][PASSED] - Actual text and expected text of test object 'Object Repository/Homepage of CURA/Page_CURA Healthcare Service/h3_We Care About Your Health' are matched.

01-07-2024T11:21:23 - [TEST_STEP][PASSED] - verifyElementText(findTestObject("Object Repository/Homepage of CURA/Page_CURA Healthcare Service/strong_CURA Healthcare Service"), "CURA Healthcare Service"): Actual text and expected text of test object 'Object Repository/Homepage of CURA/Page_CURA Healthcare Service/strong_CURA Healthcare Service' are matched.

01-07-2024T11:21:23 - [MESSAGE][PASSED] - Actual text and expected text of test object 'Object Repository/Homepage of CURA/Page_CURA Healthcare Service/strong_CURA Healthcare Service' are matched.

01-07-2024T11:21:23 - [TEST_STEP][PASSED] - ExpectedValue = "Atlanta 550 Pharr Road NE Suite 525
Atlanta, GA 30305": null

01-07-2024T11:21:23 - [TEST_STEP][PASSED] - verifyElementText(findTestObject("Object Repository/Homepage of CURA/Page_CURA Healthcare Service/p_Atlanta 550 Pharr Road NE Suite 525Atlant_8f4c85"), ExpectedValue): Actual text and expected text of test object 'Object Repository/Homepage of CURA/Page_CURA Healthcare Service/p_Atlanta 550 Pharr Road NE Suite 525Atlant_8f4c85' are matched.

01-07-2024T11:21:23 - [MESSAGE][PASSED] - Actual text and expected text of test object 'Object Repository/Homepage of CURA/Page_CURA Healthcare Service/p_Atlanta 550 Pharr Road NE Suite 525Atlant_8f4c85' are matched.

01-07-2024T11:21:23 - [TEST_STEP][PASSED] - verifyElementText(findTestObject("Object Repository/Homepage of CURA/Page_CURA Healthcare Service/li_(678) 813-1KMS"), "(678) 813-1KMS"): Actual text and expected text of test object 'Object Repository/Homepage of CURA/Page_CURA Healthcare Service/li_(678) 813-1KMS' are matched.

01-07-2024T11:21:24 - [MESSAGE][PASSED] - Actual text and expected text of test object 'Object Repository/Homepage of CURA/Page_CURA Healthcare Service/li_(678) 813-1KMS' are matched.

01-07-2024T11:21:24 - [TEST_STEP][PASSED] - verifyElementText(findTestObject("Object Repository/Homepage of CURA/Page_CURA Healthcare Service/li_infokatalon.com"), "info@katalon.com"): Actual text and expected text of test object 'Object Repository/Homepage of CURA/Page_CURA Healthcare Service/li_infokatalon.com' are matched.

01-07-2024T11:21:24 - [MESSAGE][PASSED] - Actual text and expected text of test object 'Object Repository/Homepage of CURA/Page_CURA Healthcare Service/li_infokatalon.com' are matched.

01-07-2024T11:21:24 - [TEST_STEP][PASSED] - verifyElementClickable(findTestObject("Object Repository/Homepage of CURA/Page_CURA Healthcare Service/i_infokatalon.com_fa fa-facebook fa-fw fa-3x")): Object 'Object Repository/Homepage of CURA/Page_CURA Healthcare Service/i_infokatalon.com_fa fa-facebook fa-fw fa-3x' is clickable

01-07-2024T11:21:25 - [MESSAGE][PASSED] - Object 'Object Repository/Homepage of CURA/Page_CURA Healthcare Service/i_infokatalon.com_fa fa-facebook fa-fw fa-3x' is clickable

01-07-2024T11:21:25 - [TEST_STEP][PASSED] - verifyElementClickable(findTestObject("Object Repository/Homepage of CURA/Page_CURA Healthcare Service/i_infokatalon.com_fa fa-twitter fa-fw fa-3x")): Object 'Object Repository/Homepage of CURA/Page_CURA Healthcare Service/i_infokatalon.com_fa fa-twitter fa-fw fa-3x' is clickable

01-07-2024T11:21:25 - [MESSAGE][PASSED] - Object 'Object Repository/Homepage of CURA/Page_CURA Healthcare Service/i_infokatalon.com_fa fa-twitter fa-fw fa-3x' is clickable

01-07-2024T11:21:25 - [TEST_STEP][PASSED] - verifyElementClickable(findTestObject("Object Repository/Homepage of CURA/Page_CURA Healthcare Service/i_infokatalon.com_fa fa-dribbble fa-fw fa-3x")): Object 'Object Repository/Homepage of CURA/Page_CURA Healthcare Service/i_infokatalon.com_fa fa-dribbble fa-fw fa-3x' is clickable

01-07-2024T11:21:25 - [MESSAGE][PASSED] - Object 'Object Repository/Homepage of CURA/Page_CURA Healthcare Service/i_infokatalon.com_fa fa-dribbble fa-fw fa-3x' is clickable

01-07-2024T11:21:25 - [TEST_STEP][PASSED] - verifyElementText(findTestObject("Object Repository/Homepage of CURA/Page_CURA Healthcare Service/p_Copyright  CURA Healthcare Service 2024"), "Copyright Â© CURA Healthcare Service 2024"): Actual text and expected text of test object 'Object Repository/Homepage of CURA/Page_CURA Healthcare Service/p_Copyright  CURA Healthcare Service 2024' are matched.

01-07-2024T11:21:25 - [MESSAGE][PASSED] - Actual text and expected text of test object 'Object Repository/Homepage of CURA/Page_CURA Healthcare Service/p_Copyright  CURA Healthcare Service 2024' are matched.

01-07-2024T11:21:25 - [TEST_STEP][PASSED] - verifyElementClickable(findTestObject("Object Repository/Homepage of CURA/Page_CURA Healthcare Service/a_Make Appointment")): Object 'Object Repository/Homepage of CURA/Page_CURA Healthcare Service/a_Make Appointment' is clickable

01-07-2024T11:21:26 - [MESSAGE][PASSED] - Object 'Object Repository/Homepage of CURA/Page_CURA Healthcare Service/a_Make Appointment' is clickable

01-07-2024T11:21:26 - [TEST_STEP][PASSED] - closeBrowser(): Browser is closed

01-07-2024T11:21:27 - [MESSAGE][PASSED] - Browser is closed]]></system-out>
         <system-err><![CDATA[]]></system-err>
      </testcase>
      <testcase name="Test Cases/TC09 - CURA menu check" time="21.44" classname="Test Cases/TC09 - CURA menu check" status="PASSED">
         <system-out><![CDATA[01-07-2024T11:21:27 - [TEST_CASE][PASSED] - Test Cases/TC09 - CURA menu check: Test Cases/TC09 - CURA menu check

01-07-2024T11:21:27 - [TEST_STEP][PASSED] - openBrowser(""): Browser is opened with url: ''

01-07-2024T11:21:27 - [MESSAGE][INFO] - Starting 'Chrome' driver

01-07-2024T11:21:27 - [MESSAGE][INFO] - Action delay is set to 0 milliseconds

01-07-2024T11:21:28 - [MESSAGE][PASSED] - Browser is opened with url: ''

01-07-2024T11:21:28 - [TEST_STEP][PASSED] - navigateToUrl("https://katalon-demo-cura.herokuapp.com/"): Navigate to 'https://katalon-demo-cura.herokuapp.com/' successfully

01-07-2024T11:21:29 - [MESSAGE][PASSED] - Navigate to 'https://katalon-demo-cura.herokuapp.com/' successfully

01-07-2024T11:21:29 - [TEST_STEP][PASSED] - verifyElementClickable(findTestObject("CURA menu/Page_CURA Healthcare Service/a_CURA Healthcare_menu-toggle")): Object 'Object Repository/CURA menu/Page_CURA Healthcare Service/a_CURA Healthcare_menu-toggle' is clickable

01-07-2024T11:21:34 - [MESSAGE][PASSED] - Object 'Object Repository/CURA menu/Page_CURA Healthcare Service/a_CURA Healthcare_menu-toggle' is clickable

01-07-2024T11:21:34 - [TEST_STEP][PASSED] - click(findTestObject("Object Repository/CURA menu/Page_CURA Healthcare Service/a_CURA Healthcare_menu-toggle")): Object: 'Object Repository/CURA menu/Page_CURA Healthcare Service/a_CURA Healthcare_menu-toggle' is clicked on

01-07-2024T11:21:35 - [MESSAGE][PASSED] - Object: 'Object Repository/CURA menu/Page_CURA Healthcare Service/a_CURA Healthcare_menu-toggle' is clicked on

01-07-2024T11:21:35 - [TEST_STEP][PASSED] - click(findTestObject("Object Repository/CURA menu/Page_CURA Healthcare Service/a_Home")): Object: 'Object Repository/CURA menu/Page_CURA Healthcare Service/a_Home' is clicked on

01-07-2024T11:21:35 - [MESSAGE][PASSED] - Object: 'Object Repository/CURA menu/Page_CURA Healthcare Service/a_Home' is clicked on

01-07-2024T11:21:35 - [TEST_STEP][PASSED] - verifyElementText(findTestObject("Object Repository/CURA menu/Page_CURA Healthcare Service/h1_CURA Healthcare Service"), "CURA Healthcare Service"): Actual text and expected text of test object 'Object Repository/CURA menu/Page_CURA Healthcare Service/h1_CURA Healthcare Service' are matched.

01-07-2024T11:21:36 - [MESSAGE][PASSED] - Actual text and expected text of test object 'Object Repository/CURA menu/Page_CURA Healthcare Service/h1_CURA Healthcare Service' are matched.

01-07-2024T11:21:36 - [TEST_STEP][PASSED] - verifyElementClickable(findTestObject("CURA menu/Page_CURA Healthcare Service/i_CURA Healthcare_fa fa-bars")): Object 'Object Repository/CURA menu/Page_CURA Healthcare Service/i_CURA Healthcare_fa fa-bars' is clickable

01-07-2024T11:21:36 - [MESSAGE][PASSED] - Object 'Object Repository/CURA menu/Page_CURA Healthcare Service/i_CURA Healthcare_fa fa-bars' is clickable

01-07-2024T11:21:36 - [TEST_STEP][PASSED] - click(findTestObject("Object Repository/CURA menu/Page_CURA Healthcare Service/i_CURA Healthcare_fa fa-bars")): Object: 'Object Repository/CURA menu/Page_CURA Healthcare Service/i_CURA Healthcare_fa fa-bars' is clicked on

01-07-2024T11:21:36 - [MESSAGE][PASSED] - Object: 'Object Repository/CURA menu/Page_CURA Healthcare Service/i_CURA Healthcare_fa fa-bars' is clicked on

01-07-2024T11:21:36 - [TEST_STEP][PASSED] - click(findTestObject("Object Repository/CURA menu/Page_CURA Healthcare Service/a_Login")): Object: 'Object Repository/CURA menu/Page_CURA Healthcare Service/a_Login' is clicked on

01-07-2024T11:21:37 - [MESSAGE][PASSED] - Object: 'Object Repository/CURA menu/Page_CURA Healthcare Service/a_Login' is clicked on

01-07-2024T11:21:37 - [TEST_STEP][PASSED] - verifyElementText(findTestObject("Object Repository/CURA menu/Page_CURA Healthcare Service/h2_Login"), "Login"): Actual text and expected text of test object 'Object Repository/CURA menu/Page_CURA Healthcare Service/h2_Login' are matched.

01-07-2024T11:21:38 - [MESSAGE][PASSED] - Actual text and expected text of test object 'Object Repository/CURA menu/Page_CURA Healthcare Service/h2_Login' are matched.

01-07-2024T11:21:38 - [TEST_STEP][PASSED] - setText(findTestObject("Object Repository/CURA menu/Page_CURA Healthcare Service/input_Username_username"), "John Doe"): Text 'John Doe' is set on object 'Object Repository/CURA menu/Page_CURA Healthcare Service/input_Username_username'

01-07-2024T11:21:38 - [MESSAGE][PASSED] - Text 'John Doe' is set on object 'Object Repository/CURA menu/Page_CURA Healthcare Service/input_Username_username'

01-07-2024T11:21:38 - [TEST_STEP][PASSED] - setEncryptedText(findTestObject("Object Repository/CURA menu/Page_CURA Healthcare Service/input_Password_password"), "g3/DOGG74jC3Flrr3yH+3D/yKbOqqUNM"): Text ****** has been set on object 'Object Repository/CURA menu/Page_CURA Healthcare Service/input_Password_password'

01-07-2024T11:21:39 - [MESSAGE][PASSED] - Text ****** has been set on object 'Object Repository/CURA menu/Page_CURA Healthcare Service/input_Password_password'

01-07-2024T11:21:39 - [TEST_STEP][PASSED] - click(findTestObject("Object Repository/CURA menu/Page_CURA Healthcare Service/button_Login")): Object: 'Object Repository/CURA menu/Page_CURA Healthcare Service/button_Login' is clicked on

01-07-2024T11:21:40 - [MESSAGE][PASSED] - Object: 'Object Repository/CURA menu/Page_CURA Healthcare Service/button_Login' is clicked on

01-07-2024T11:21:40 - [TEST_STEP][PASSED] - click(findTestObject("Object Repository/CURA menu/Page_CURA Healthcare Service/a_CURA Healthcare_menu-toggle")): Object: 'Object Repository/CURA menu/Page_CURA Healthcare Service/a_CURA Healthcare_menu-toggle' is clicked on

01-07-2024T11:21:40 - [MESSAGE][PASSED] - Object: 'Object Repository/CURA menu/Page_CURA Healthcare Service/a_CURA Healthcare_menu-toggle' is clicked on

01-07-2024T11:21:40 - [TEST_STEP][PASSED] - click(findTestObject("Object Repository/CURA menu/Page_CURA Healthcare Service/a_Home")): Object: 'Object Repository/CURA menu/Page_CURA Healthcare Service/a_Home' is clicked on

01-07-2024T11:21:41 - [MESSAGE][PASSED] - Object: 'Object Repository/CURA menu/Page_CURA Healthcare Service/a_Home' is clicked on

01-07-2024T11:21:41 - [TEST_STEP][PASSED] - verifyElementText(findTestObject("Object Repository/CURA menu/Page_CURA Healthcare Service/h1_CURA Healthcare Service"), "CURA Healthcare Service"): Actual text and expected text of test object 'Object Repository/CURA menu/Page_CURA Healthcare Service/h1_CURA Healthcare Service' are matched.

01-07-2024T11:21:41 - [MESSAGE][PASSED] - Actual text and expected text of test object 'Object Repository/CURA menu/Page_CURA Healthcare Service/h1_CURA Healthcare Service' are matched.

01-07-2024T11:21:42 - [TEST_STEP][PASSED] - click(findTestObject("Object Repository/CURA menu/Page_CURA Healthcare Service/a_CURA Healthcare_menu-toggle")): Object: 'Object Repository/CURA menu/Page_CURA Healthcare Service/a_CURA Healthcare_menu-toggle' is clicked on

01-07-2024T11:21:42 - [MESSAGE][PASSED] - Object: 'Object Repository/CURA menu/Page_CURA Healthcare Service/a_CURA Healthcare_menu-toggle' is clicked on

01-07-2024T11:21:42 - [TEST_STEP][PASSED] - click(findTestObject("Object Repository/CURA menu/Page_CURA Healthcare Service/a_History")): Object: 'Object Repository/CURA menu/Page_CURA Healthcare Service/a_History' is clicked on

01-07-2024T11:21:43 - [MESSAGE][PASSED] - Object: 'Object Repository/CURA menu/Page_CURA Healthcare Service/a_History' is clicked on

01-07-2024T11:21:43 - [TEST_STEP][PASSED] - verifyElementText(findTestObject("Object Repository/CURA menu/Page_CURA Healthcare Service/h2_History"), "History"): Actual text and expected text of test object 'Object Repository/CURA menu/Page_CURA Healthcare Service/h2_History' are matched.

01-07-2024T11:21:43 - [MESSAGE][PASSED] - Actual text and expected text of test object 'Object Repository/CURA menu/Page_CURA Healthcare Service/h2_History' are matched.

01-07-2024T11:21:43 - [TEST_STEP][PASSED] - click(findTestObject("Object Repository/CURA menu/Page_CURA Healthcare Service/a_CURA Healthcare_menu-toggle")): Object: 'Object Repository/CURA menu/Page_CURA Healthcare Service/a_CURA Healthcare_menu-toggle' is clicked on

01-07-2024T11:21:44 - [MESSAGE][PASSED] - Object: 'Object Repository/CURA menu/Page_CURA Healthcare Service/a_CURA Healthcare_menu-toggle' is clicked on

01-07-2024T11:21:44 - [TEST_STEP][PASSED] - click(findTestObject("Object Repository/CURA menu/Page_CURA Healthcare Service/a_Profile")): Object: 'Object Repository/CURA menu/Page_CURA Healthcare Service/a_Profile' is clicked on

01-07-2024T11:21:45 - [MESSAGE][PASSED] - Object: 'Object Repository/CURA menu/Page_CURA Healthcare Service/a_Profile' is clicked on

01-07-2024T11:21:45 - [TEST_STEP][PASSED] - verifyElementText(findTestObject("Object Repository/CURA menu/Page_CURA Healthcare Service/h2_Profile"), "Profile"): Actual text and expected text of test object 'Object Repository/CURA menu/Page_CURA Healthcare Service/h2_Profile' are matched.

01-07-2024T11:21:45 - [MESSAGE][PASSED] - Actual text and expected text of test object 'Object Repository/CURA menu/Page_CURA Healthcare Service/h2_Profile' are matched.

01-07-2024T11:21:45 - [TEST_STEP][PASSED] - click(findTestObject("Object Repository/CURA menu/Page_CURA Healthcare Service/i_CURA Healthcare_fa fa-bars")): Object: 'Object Repository/CURA menu/Page_CURA Healthcare Service/i_CURA Healthcare_fa fa-bars' is clicked on

01-07-2024T11:21:46 - [MESSAGE][PASSED] - Object: 'Object Repository/CURA menu/Page_CURA Healthcare Service/i_CURA Healthcare_fa fa-bars' is clicked on

01-07-2024T11:21:46 - [TEST_STEP][PASSED] - click(findTestObject("Object Repository/CURA menu/Page_CURA Healthcare Service/a_Logout")): Object: 'Object Repository/CURA menu/Page_CURA Healthcare Service/a_Logout' is clicked on

01-07-2024T11:21:47 - [MESSAGE][PASSED] - Object: 'Object Repository/CURA menu/Page_CURA Healthcare Service/a_Logout' is clicked on

01-07-2024T11:21:47 - [TEST_STEP][PASSED] - verifyElementText(findTestObject("Object Repository/CURA menu/Page_CURA Healthcare Service/h1_CURA Healthcare Service"), "CURA Healthcare Service"): Actual text and expected text of test object 'Object Repository/CURA menu/Page_CURA Healthcare Service/h1_CURA Healthcare Service' are matched.

01-07-2024T11:21:47 - [MESSAGE][PASSED] - Actual text and expected text of test object 'Object Repository/CURA menu/Page_CURA Healthcare Service/h1_CURA Healthcare Service' are matched.

01-07-2024T11:21:47 - [TEST_STEP][PASSED] - closeBrowser(): Browser is closed

01-07-2024T11:21:48 - [MESSAGE][PASSED] - Browser is closed]]></system-out>
         <system-err><![CDATA[]]></system-err>
      </testcase>
      <system-out><![CDATA[01-07-2024T11:21:16 - [TEST_SUITE][PASSED] - TS01 - Verify CURA page: Test Cases/TC09 - CURA menu check]]></system-out>
      <system-err><![CDATA[]]></system-err>
   </testsuite>
   <testsuite name="TS07 - Home button variation" tests="4" failures="0" errors="0" time="109.54" skipped="0" timestamp="01-07-2024T11:21:55" hostname="Lenovo - LAPTOP-7QB5JFLU" id="Test Suites/TS07 - Home button variation">
      <properties>
         <property name="deviceName" value=""/>
         <property name="devicePlatform"/>
         <property name="logFolder" value="C:\\Users\\Lenovo\\git\\KatalonPractitionerLevel\\Reports\\20240701_112108\\TS07 - Home button variation\\20240701_112111"/>
         <property name="logFiles" value="C:\\Users\\Lenovo\\git\\KatalonPractitionerLevel\\Reports\\20240701_112108\\TS07 - Home button variation\\20240701_112111\\execution0.log"/>
         <property name="attachments" value=""/>
         <property name="hostName" value="Lenovo - LAPTOP-7QB5JFLU"/>
         <property name="os" value="Windows 11 64bit"/>
         <property name="katalonVersion" value="9.6.0.217"/>
         <property name="browser" value="Edge Chromium 126"/>
         <property name="hostAddress" value="192.168.1.12"/>
         <property name="sessionId" value="0feb69c6442b59a85d629bd532376a55"/>
         <property name="seleniumVersion" value="3.141.59"/>
         <property name="proxyInformation" value="ProxyInformation { proxyOption=NO_PROXY, proxyServerType=HTTP, username=, password=********, proxyServerAddress=, proxyServerPort=0, executionList=&quot;&quot;, isApplyToDesiredCapabilities=true }"/>
         <property name="platform" value="Windows 11"/>
      </properties>
      <testcase name="Test Cases/Test Case Properties/TCP01 - Open browser" time="4.976" classname="Test Cases/Test Case Properties/TCP01 - Open browser" status="PASSED">
         <system-out><![CDATA[01-07-2024T11:21:55 - [TEST_CASE][PASSED] - Test Cases/Test Case Properties/TCP01 - Open browser: Test Cases/Test Case Properties/TCP01 - Open browser

01-07-2024T11:21:55 - [TEST_STEP][PASSED] - openBrowser(""): Browser is opened with url: ''

01-07-2024T11:21:55 - [MESSAGE][INFO] - Starting 'Edge Chromium' driver

01-07-2024T11:21:55 - [MESSAGE][INFO] - Action delay is set to 0 milliseconds

01-07-2024T11:21:57 - [MESSAGE][PASSED] - Browser is opened with url: ''

01-07-2024T11:21:57 - [TEST_STEP][PASSED] - navigateToUrl("https://katalon-demo-cura.herokuapp.com/"): Navigate to 'https://katalon-demo-cura.herokuapp.com/' successfully

01-07-2024T11:22:00 - [MESSAGE][PASSED] - Navigate to 'https://katalon-demo-cura.herokuapp.com/' successfully]]></system-out>
         <system-err><![CDATA[]]></system-err>
      </testcase>
      <testcase name="Test Cases/Test Case Properties/TCP02 - Login" time="67.448" classname="Test Cases/Test Case Properties/TCP02 - Login" status="PASSED">
         <system-out><![CDATA[01-07-2024T11:22:00 - [TEST_CASE][PASSED] - Test Cases/Test Case Properties/TCP02 - Login: Test Cases/Test Case Properties/TCP02 - Login

01-07-2024T11:22:00 - [TEST_STEP][PASSED] - click(findTestObject("Login page/Page_CURA Healthcare Service/a_Make Appointment")): Object: 'Object Repository/Login page/Page_CURA Healthcare Service/a_Make Appointment' is clicked on

01-07-2024T11:22:01 - [MESSAGE][PASSED] - Object: 'Object Repository/Login page/Page_CURA Healthcare Service/a_Make Appointment' is clicked on

01-07-2024T11:22:01 - [TEST_STEP][PASSED] - verifyElementText(findTestObject("Login menu check/Page_CURA Healthcare Service/h2_Login"), "Login"): Actual text and expected text of test object 'Object Repository/Login menu check/Page_CURA Healthcare Service/h2_Login' are matched.

01-07-2024T11:22:01 - [MESSAGE][PASSED] - Actual text and expected text of test object 'Object Repository/Login menu check/Page_CURA Healthcare Service/h2_Login' are matched.

01-07-2024T11:22:01 - [TEST_STEP][PASSED] - setText(findTestObject("Login page/Page_CURA Healthcare Service/input_Username_username"), "John Doe"): Text 'John Doe' is set on object 'Object Repository/Login page/Page_CURA Healthcare Service/input_Username_username'

01-07-2024T11:22:32 - [MESSAGE][INFO] - Unable to find the element located by 'By.xpath: John'. Please recheck the objects properties to make sure the desired element is located. 

01-07-2024T11:22:32 - [MESSAGE][WARNING] - [SELF-HEALING] Failed to find element with id 'Object Repository/Login page/Page_CURA Healthcare Service/input_Username_username'. Try using Self-healing.

01-07-2024T11:22:33 - [MESSAGE][WARNING] - [SELF-HEALING] The current locator of test object 'Object Repository/Login page/Page_CURA Healthcare Service/input_Username_username' was broken. Propose an alternative one: '//input[@id='txt-username']'.

01-07-2024T11:23:04 - [MESSAGE][INFO] - Unable to find the element located by 'By.xpath: John'. Please recheck the objects properties to make sure the desired element is located. 

01-07-2024T11:23:04 - [MESSAGE][WARNING] - [SELF-HEALING] Failed to find element with id 'Object Repository/Login page/Page_CURA Healthcare Service/input_Username_username'. Try using Self-healing.

01-07-2024T11:23:04 - [MESSAGE][WARNING] - [SELF-HEALING] The current locator of test object 'Object Repository/Login page/Page_CURA Healthcare Service/input_Username_username' was broken. Propose an alternative one: '//input[@id='txt-username']'.

01-07-2024T11:23:04 - [MESSAGE][PASSED] - Text 'John Doe' is set on object 'Object Repository/Login page/Page_CURA Healthcare Service/input_Username_username'

01-07-2024T11:23:05 - [TEST_STEP][PASSED] - setText(findTestObject("Login page/Page_CURA Healthcare Service/input_Password_password"), "ThisIsNotAPassword"): Text 'ThisIsNotAPassword' is set on object 'Object Repository/Login page/Page_CURA Healthcare Service/input_Password_password'

01-07-2024T11:23:05 - [MESSAGE][PASSED] - Text 'ThisIsNotAPassword' is set on object 'Object Repository/Login page/Page_CURA Healthcare Service/input_Password_password'

01-07-2024T11:23:05 - [TEST_STEP][PASSED] - click(findTestObject("Login page/Page_CURA Healthcare Service/button_Login")): Object: 'Object Repository/Login page/Page_CURA Healthcare Service/button_Login' is clicked on

01-07-2024T11:23:07 - [MESSAGE][PASSED] - Object: 'Object Repository/Login page/Page_CURA Healthcare Service/button_Login' is clicked on]]></system-out>
         <system-err><![CDATA[]]></system-err>
      </testcase>
      <testcase name="Test Cases/TC14 - Home button" time="3.874" classname="Test Cases/TC14 - Home button" status="PASSED">
         <system-out><![CDATA[01-07-2024T11:23:07 - [TEST_CASE][PASSED] - Test Cases/TC14 - Home button: Test Cases/TC14 - Home button

01-07-2024T11:23:07 - [TEST_STEP][PASSED] - verifyElementPresent(findTestObject("Homepage of CURA/Page_CURA Healthcare Service/h1_CURA Healthcare Service"), 0): Object 'Object Repository/Homepage of CURA/Page_CURA Healthcare Service/h1_CURA Healthcare Service' is present

01-07-2024T11:23:07 - [MESSAGE][WARNING] - Timeout '0' is invalid. Using default page load timeout: '30'

01-07-2024T11:23:08 - [MESSAGE][PASSED] - Object 'Object Repository/Homepage of CURA/Page_CURA Healthcare Service/h1_CURA Healthcare Service' is present

01-07-2024T11:23:08 - [TEST_STEP][PASSED] - click(findTestObject("CURA menu/Page_CURA Healthcare Service/i_CURA Healthcare_fa fa-bars")): Object: 'Object Repository/CURA menu/Page_CURA Healthcare Service/i_CURA Healthcare_fa fa-bars' is clicked on

01-07-2024T11:23:08 - [MESSAGE][PASSED] - Object: 'Object Repository/CURA menu/Page_CURA Healthcare Service/i_CURA Healthcare_fa fa-bars' is clicked on

01-07-2024T11:23:08 - [TEST_STEP][PASSED] - click(findTestObject("Login menu check/Page_CURA Healthcare Service/a_Home")): Object: 'Object Repository/Login menu check/Page_CURA Healthcare Service/a_Home' is clicked on

01-07-2024T11:23:09 - [MESSAGE][PASSED] - Object: 'Object Repository/Login menu check/Page_CURA Healthcare Service/a_Home' is clicked on

01-07-2024T11:23:09 - [TEST_STEP][PASSED] - verifyElementPresent(findTestObject("Login menu check/Page_CURA Healthcare Service/h1_CURA Healthcare Service"), 0): Object 'Object Repository/Login menu check/Page_CURA Healthcare Service/h1_CURA Healthcare Service' is present

01-07-2024T11:23:09 - [MESSAGE][WARNING] - Timeout '0' is invalid. Using default page load timeout: '30'

01-07-2024T11:23:09 - [MESSAGE][PASSED] - Object 'Object Repository/Login menu check/Page_CURA Healthcare Service/h1_CURA Healthcare Service' is present

01-07-2024T11:23:09 - [TEST_STEP][PASSED] - click(findTestObject("Login menu check/Page_CURA Healthcare Service/i_CURA Healthcare_fa fa-bars")): Object: 'Object Repository/Login menu check/Page_CURA Healthcare Service/i_CURA Healthcare_fa fa-bars' is clicked on

01-07-2024T11:23:09 - [MESSAGE][PASSED] - Object: 'Object Repository/Login menu check/Page_CURA Healthcare Service/i_CURA Healthcare_fa fa-bars' is clicked on

01-07-2024T11:23:09 - [TEST_STEP][PASSED] - click(findTestObject("History check/Page_CURA Healthcare Service/a_History")): Object: 'Object Repository/History check/Page_CURA Healthcare Service/a_History' is clicked on

01-07-2024T11:23:10 - [MESSAGE][PASSED] - Object: 'Object Repository/History check/Page_CURA Healthcare Service/a_History' is clicked on

01-07-2024T11:23:10 - [TEST_STEP][PASSED] - click(findTestObject("History check/Page_CURA Healthcare Service/a_Go to Homepage")): Object: 'Object Repository/History check/Page_CURA Healthcare Service/a_Go to Homepage' is clicked on

01-07-2024T11:23:11 - [MESSAGE][PASSED] - Object: 'Object Repository/History check/Page_CURA Healthcare Service/a_Go to Homepage' is clicked on]]></system-out>
         <system-err><![CDATA[]]></system-err>
      </testcase>
      <testcase name="Test Cases/Test Case Properties/TCP03 - Logout" time="33.046" classname="Test Cases/Test Case Properties/TCP03 - Logout" status="PASSED">
         <system-out><![CDATA[01-07-2024T11:23:11 - [TEST_CASE][PASSED] - Test Cases/Test Case Properties/TCP03 - Logout: Test Cases/Test Case Properties/TCP03 - Logout

01-07-2024T11:23:11 - [TEST_STEP][PASSED] - verifyElementText(findTestObject("Appointment/Page_CURA Healthcare Service/h2_Make Appointment"), "Make Appointment"): Actual text and expected text of test object 'Object Repository/Appointment/Page_CURA Healthcare Service/h2_Make Appointment' are matched.

01-07-2024T11:23:11 - [MESSAGE][PASSED] - Actual text and expected text of test object 'Object Repository/Appointment/Page_CURA Healthcare Service/h2_Make Appointment' are matched.

01-07-2024T11:23:11 - [TEST_STEP][PASSED] - click(findTestObject("History check/Page_CURA Healthcare Service/i_CURA Healthcare_fa fa-bars")): Object: 'Object Repository/History check/Page_CURA Healthcare Service/i_CURA Healthcare_fa fa-bars' is clicked on

01-07-2024T11:23:12 - [MESSAGE][PASSED] - Object: 'Object Repository/History check/Page_CURA Healthcare Service/i_CURA Healthcare_fa fa-bars' is clicked on

01-07-2024T11:23:12 - [TEST_STEP][PASSED] - click(findTestObject("Log out/Page_CURA Healthcare Service/a_Logout_1")): Object: 'Object Repository/Log out/Page_CURA Healthcare Service/a_Logout_1' is clicked on

01-07-2024T11:23:43 - [MESSAGE][INFO] - Unable to find the element located by 'By.xpath: //section[@id='profile']/div/div/div/p[2]/a'. Please recheck the objects properties to make sure the desired element is located. 

01-07-2024T11:23:43 - [MESSAGE][WARNING] - [SELF-HEALING] Failed to find element with id 'Object Repository/Log out/Page_CURA Healthcare Service/a_Logout_1'. Try using Self-healing.

01-07-2024T11:23:43 - [MESSAGE][WARNING] - [SELF-HEALING] The current locator of test object 'Object Repository/Log out/Page_CURA Healthcare Service/a_Logout_1' was broken. Propose an alternative one: '(.//*[normalize-space(text()) and normalize-space(.)='Make Appointment'])[1]/following::a[1]'.

01-07-2024T11:23:43 - [MESSAGE][PASSED] - Object: 'Object Repository/Log out/Page_CURA Healthcare Service/a_Logout_1' is clicked on

01-07-2024T11:23:43 - [TEST_STEP][PASSED] - closeBrowser(): Browser is closed

01-07-2024T11:23:44 - [MESSAGE][PASSED] - Browser is closed]]></system-out>
         <system-err><![CDATA[]]></system-err>
      </testcase>
      <system-out><![CDATA[01-07-2024T11:21:55 - [TEST_SUITE][PASSED] - TS07 - Home button variation: Test Cases/Test Case Properties/TCP03 - Logout]]></system-out>
      <system-err><![CDATA[]]></system-err>
   </testsuite>
</testsuites>
