<?xml version="1.0" encoding="UTF-8"?>
<testsuites name="TS003 - Sign Up Via Sign In Page Variation" time="49.135" tests="2" failures="0" errors="0">
   <testsuite name="TS003 - Sign Up Via Sign In Page Variation" tests="2" failures="0" errors="0" time="49.135" skipped="0" timestamp="12-07-2024T19:42:31" hostname="Lenovo - LAPTOP-7QB5JFLU" id="Test Suites/Eklipse Test suite/TS003 - Sign Up Via Sign In Page Variation">
      <properties>
         <property name="deviceName" value=""/>
         <property name="devicePlatform"/>
         <property name="logFolder" value="C:\\Users\\Lenovo\\git\\KatalonPractitionerLevel\\Reports\\20240712_194222\\Eklipse Test suite\\TS003 - Sign Up Via Sign In Page Variation\\20240712_194223"/>
         <property name="logFiles" value="C:\\Users\\Lenovo\\git\\KatalonPractitionerLevel\\Reports\\20240712_194222\\Eklipse Test suite\\TS003 - Sign Up Via Sign In Page Variation\\20240712_194223\\execution0.log"/>
         <property name="attachments" value=""/>
         <property name="hostName" value="Lenovo - LAPTOP-7QB5JFLU"/>
         <property name="os" value="Windows 11 64bit"/>
         <property name="katalonVersion" value="9.6.0.217"/>
         <property name="browser" value="Chrome 126.0.0.0"/>
         <property name="hostAddress" value="192.168.1.12"/>
         <property name="sessionId" value="371be75d53397f40fe602deedd3b9f57"/>
         <property name="seleniumVersion" value="3.141.59"/>
         <property name="proxyInformation" value="ProxyInformation { proxyOption=NO_PROXY, proxyServerType=HTTP, username=, password=********, proxyServerAddress=, proxyServerPort=0, executionList=&quot;&quot;, isApplyToDesiredCapabilities=true }"/>
         <property name="platform" value="Windows 11"/>
      </properties>
      <testcase name="Test Cases/Eklipse Test/Sign in and Sign Up/TC003 - Negative Test - Sign Up Variation" time="48.817" classname="Test Cases/Eklipse Test/Sign in and Sign Up/TC003 - Negative Test - Sign Up Variation" status="PASSED">
         <system-out><![CDATA[12-07-2024T19:42:32 - [TEST_CASE][PASSED] - Test Cases/Eklipse Test/Sign in and Sign Up/TC003 - Negative Test - Sign Up Variation: Test Cases/Eklipse Test/Sign in and Sign Up/TC003 - Negative Test - Sign Up Variation

12-07-2024T19:42:32 - [TEST_STEP][PASSED] - eklipse_keywords.openBrowserEklipse.main(): eklipse_keywords.openBrowserEklipse.main is PASSED

12-07-2024T19:42:33 - [MESSAGE][INFO] - Starting 'Chrome' driver

12-07-2024T19:42:33 - [MESSAGE][INFO] - Action delay is set to 0 milliseconds

12-07-2024T19:42:34 - [MESSAGE][PASSED] - Browser is opened with url: ''

12-07-2024T19:42:43 - [MESSAGE][PASSED] - Navigate to 'https://eklipse.gg/' successfully

12-07-2024T19:42:43 - [MESSAGE][PASSED] - eklipse_keywords.openBrowserEklipse.main is PASSED

12-07-2024T19:42:43 - [TEST_STEP][PASSED] - eklipse_keywords.signInToEklipse.main(): eklipse_keywords.signInToEklipse.main is PASSED

12-07-2024T19:42:48 - [MESSAGE][PASSED] - Object: 'Object Repository/Eklipse Landing Page/Page_Eklipse/Sign In' is clicked on

12-07-2024T19:42:48 - [MESSAGE][PASSED] - eklipse_keywords.signInToEklipse.main is PASSED

12-07-2024T19:42:48 - [TEST_STEP][PASSED] - click(findTestObject("Sign in page/Page_Eklipse/button_Sign Up")): Object: 'Object Repository/Sign in page/Page_Eklipse/button_Sign Up' is clicked on

12-07-2024T19:42:50 - [MESSAGE][PASSED] - Object: 'Object Repository/Sign in page/Page_Eklipse/button_Sign Up' is clicked on

12-07-2024T19:42:50 - [TEST_STEP][PASSED] - setText(findTestObject("Sign up page/Page_Eklipse/input_OR_name"), "April"): Text 'April' is set on object 'Object Repository/Sign up page/Page_Eklipse/input_OR_name'

12-07-2024T19:42:51 - [MESSAGE][PASSED] - Text 'April' is set on object 'Object Repository/Sign up page/Page_Eklipse/input_OR_name'

12-07-2024T19:42:51 - [TEST_STEP][PASSED] - setText(findTestObject("Sign up page/Page_Eklipse/input_OR_email"), "titaapratama@gmail.com"): Text 'titaapratama@gmail.com' is set on object 'Object Repository/Sign up page/Page_Eklipse/input_OR_email'

12-07-2024T19:42:52 - [MESSAGE][PASSED] - Text 'titaapratama@gmail.com' is set on object 'Object Repository/Sign up page/Page_Eklipse/input_OR_email'

12-07-2024T19:42:52 - [TEST_STEP][PASSED] - setText(findTestObject("Sign up page/Page_Eklipse/input_OR_password"), "Tita123."): Text 'Tita123.' is set on object 'Object Repository/Sign up page/Page_Eklipse/input_OR_password'

12-07-2024T19:42:53 - [MESSAGE][PASSED] - Text 'Tita123.' is set on object 'Object Repository/Sign up page/Page_Eklipse/input_OR_password'

12-07-2024T19:42:53 - [TEST_STEP][PASSED] - setText(findTestObject("Sign up page/Page_Eklipse/input_password_confirmation"), "Tita123."): Text 'Tita123.' is set on object 'Object Repository/Sign up page/Page_Eklipse/input_password_confirmation'

12-07-2024T19:42:54 - [MESSAGE][PASSED] - Text 'Tita123.' is set on object 'Object Repository/Sign up page/Page_Eklipse/input_password_confirmation'

12-07-2024T19:42:54 - [TEST_STEP][PASSED] - click(findTestObject("Sign up page/Page_Eklipse/button_Sign Up")): Object: 'Object Repository/Sign up page/Page_Eklipse/button_Sign Up' is clicked on

12-07-2024T19:42:54 - [MESSAGE][PASSED] - Object: 'Object Repository/Sign up page/Page_Eklipse/button_Sign Up' is clicked on

12-07-2024T19:42:54 - [TEST_STEP][PASSED] - delay(3): Delayed 3 second(s)

12-07-2024T19:42:57 - [MESSAGE][PASSED] - Delayed 3 second(s)

12-07-2024T19:42:57 - [TEST_STEP][PASSED] - result = "": null

12-07-2024T19:42:57 - [TEST_STEP][PASSED] - if (verifyElementPresent(findTestObject("Sign up page/Page_Eklipse/email already taken"), 0)): null

12-07-2024T19:42:57 - [MESSAGE][WARNING] - Timeout '0' is invalid. Using default page load timeout: '30'

12-07-2024T19:42:58 - [MESSAGE][PASSED] - Object 'Object Repository/Sign up page/Page_Eklipse/email already taken' is present

12-07-2024T19:42:58 - [TEST_STEP][PASSED] - result += "1. Passed: The email has already ben taken
": null

12-07-2024T19:42:58 - [TEST_STEP][PASSED] - setText(findTestObject("Sign up page/Page_Eklipse/input_OR_name"), "April"): Text 'April' is set on object 'Object Repository/Sign up page/Page_Eklipse/input_OR_name'

12-07-2024T19:42:58 - [MESSAGE][PASSED] - Text 'April' is set on object 'Object Repository/Sign up page/Page_Eklipse/input_OR_name'

12-07-2024T19:42:58 - [TEST_STEP][PASSED] - setText(findTestObject("Sign up page/Page_Eklipse/input_OR_email"), "titaapratama@gmail.com"): Text 'titaapratama@gmail.com' is set on object 'Object Repository/Sign up page/Page_Eklipse/input_OR_email'

12-07-2024T19:42:59 - [MESSAGE][PASSED] - Text 'titaapratama@gmail.com' is set on object 'Object Repository/Sign up page/Page_Eklipse/input_OR_email'

12-07-2024T19:42:59 - [TEST_STEP][PASSED] - setText(findTestObject("Sign up page/Page_Eklipse/input_OR_password"), "Tita123."): Text 'Tita123.' is set on object 'Object Repository/Sign up page/Page_Eklipse/input_OR_password'

12-07-2024T19:43:00 - [MESSAGE][PASSED] - Text 'Tita123.' is set on object 'Object Repository/Sign up page/Page_Eklipse/input_OR_password'

12-07-2024T19:43:00 - [TEST_STEP][PASSED] - setText(findTestObject("Sign up page/Page_Eklipse/input_password_confirmation"), "tita123."): Text 'tita123.' is set on object 'Object Repository/Sign up page/Page_Eklipse/input_password_confirmation'

12-07-2024T19:43:01 - [MESSAGE][PASSED] - Text 'tita123.' is set on object 'Object Repository/Sign up page/Page_Eklipse/input_password_confirmation'

12-07-2024T19:43:01 - [TEST_STEP][PASSED] - click(findTestObject("Sign up page/Page_Eklipse/button_Sign Up")): Object: 'Object Repository/Sign up page/Page_Eklipse/button_Sign Up' is clicked on

12-07-2024T19:43:02 - [MESSAGE][PASSED] - Object: 'Object Repository/Sign up page/Page_Eklipse/button_Sign Up' is clicked on

12-07-2024T19:43:02 - [TEST_STEP][PASSED] - delay(3): Delayed 3 second(s)

12-07-2024T19:43:05 - [MESSAGE][PASSED] - Delayed 3 second(s)

12-07-2024T19:43:05 - [TEST_STEP][PASSED] - if (verifyElementPresent(findTestObject("Sign up page/Page_Eklipse/Password Confirm not match"), 0)): null

12-07-2024T19:43:05 - [MESSAGE][WARNING] - Timeout '0' is invalid. Using default page load timeout: '30'

12-07-2024T19:43:05 - [MESSAGE][PASSED] - Object 'Object Repository/Sign up page/Page_Eklipse/Password Confirm not match' is present

12-07-2024T19:43:05 - [TEST_STEP][PASSED] - result += "1. Passed: Password confirm Password does not match
": null

12-07-2024T19:43:05 - [TEST_STEP][PASSED] - setText(findTestObject("Sign up page/Page_Eklipse/input_OR_name"), "April"): Text 'April' is set on object 'Object Repository/Sign up page/Page_Eklipse/input_OR_name'

12-07-2024T19:43:06 - [MESSAGE][PASSED] - Text 'April' is set on object 'Object Repository/Sign up page/Page_Eklipse/input_OR_name'

12-07-2024T19:43:06 - [TEST_STEP][PASSED] - setText(findTestObject("Sign up page/Page_Eklipse/input_OR_email"), "titaapratama@gmail.com"): Text 'titaapratama@gmail.com' is set on object 'Object Repository/Sign up page/Page_Eklipse/input_OR_email'

12-07-2024T19:43:07 - [MESSAGE][PASSED] - Text 'titaapratama@gmail.com' is set on object 'Object Repository/Sign up page/Page_Eklipse/input_OR_email'

12-07-2024T19:43:07 - [TEST_STEP][PASSED] - setText(findTestObject("Sign up page/Page_Eklipse/input_OR_password"), "Tita12."): Text 'Tita12.' is set on object 'Object Repository/Sign up page/Page_Eklipse/input_OR_password'

12-07-2024T19:43:08 - [MESSAGE][PASSED] - Text 'Tita12.' is set on object 'Object Repository/Sign up page/Page_Eklipse/input_OR_password'

12-07-2024T19:43:08 - [TEST_STEP][PASSED] - setText(findTestObject("Sign up page/Page_Eklipse/input_password_confirmation"), "Tita12."): Text 'Tita12.' is set on object 'Object Repository/Sign up page/Page_Eklipse/input_password_confirmation'

12-07-2024T19:43:09 - [MESSAGE][PASSED] - Text 'Tita12.' is set on object 'Object Repository/Sign up page/Page_Eklipse/input_password_confirmation'

12-07-2024T19:43:09 - [TEST_STEP][PASSED] - click(findTestObject("Sign up page/Page_Eklipse/button_Sign Up")): Object: 'Object Repository/Sign up page/Page_Eklipse/button_Sign Up' is clicked on

12-07-2024T19:43:09 - [MESSAGE][PASSED] - Object: 'Object Repository/Sign up page/Page_Eklipse/button_Sign Up' is clicked on

12-07-2024T19:43:09 - [TEST_STEP][PASSED] - delay(3): Delayed 3 second(s)

12-07-2024T19:43:12 - [MESSAGE][PASSED] - Delayed 3 second(s)

12-07-2024T19:43:12 - [TEST_STEP][PASSED] - if (verifyElementPresent(findTestObject("Sign up page/Page_Eklipse/The password must be 8car"), 0)): null

12-07-2024T19:43:12 - [MESSAGE][WARNING] - Timeout '0' is invalid. Using default page load timeout: '30'

12-07-2024T19:43:13 - [MESSAGE][PASSED] - Object 'Object Repository/Sign up page/Page_Eklipse/The password must be 8car' is present

12-07-2024T19:43:13 - [TEST_STEP][PASSED] - result += "1. Passed: The password field must be at least 8 characters
": null

12-07-2024T19:43:13 - [TEST_STEP][PASSED] - setText(findTestObject("Sign up page/Page_Eklipse/input_OR_name"), ""): Text '' is set on object 'Object Repository/Sign up page/Page_Eklipse/input_OR_name'

12-07-2024T19:43:13 - [MESSAGE][PASSED] - Text '' is set on object 'Object Repository/Sign up page/Page_Eklipse/input_OR_name'

12-07-2024T19:43:13 - [TEST_STEP][PASSED] - setText(findTestObject("Sign up page/Page_Eklipse/input_OR_email"), ""): Text '' is set on object 'Object Repository/Sign up page/Page_Eklipse/input_OR_email'

12-07-2024T19:43:14 - [MESSAGE][PASSED] - Text '' is set on object 'Object Repository/Sign up page/Page_Eklipse/input_OR_email'

12-07-2024T19:43:14 - [TEST_STEP][PASSED] - setText(findTestObject("Sign up page/Page_Eklipse/input_OR_password"), ""): Text '' is set on object 'Object Repository/Sign up page/Page_Eklipse/input_OR_password'

12-07-2024T19:43:15 - [MESSAGE][PASSED] - Text '' is set on object 'Object Repository/Sign up page/Page_Eklipse/input_OR_password'

12-07-2024T19:43:15 - [TEST_STEP][PASSED] - setText(findTestObject("Sign up page/Page_Eklipse/input_password_confirmation"), ""): Text '' is set on object 'Object Repository/Sign up page/Page_Eklipse/input_password_confirmation'

12-07-2024T19:43:16 - [MESSAGE][PASSED] - Text '' is set on object 'Object Repository/Sign up page/Page_Eklipse/input_password_confirmation'

12-07-2024T19:43:16 - [TEST_STEP][PASSED] - click(findTestObject("Sign up page/Page_Eklipse/button_Sign Up")): Object: 'Object Repository/Sign up page/Page_Eklipse/button_Sign Up' is clicked on

12-07-2024T19:43:16 - [MESSAGE][PASSED] - Object: 'Object Repository/Sign up page/Page_Eklipse/button_Sign Up' is clicked on

12-07-2024T19:43:16 - [TEST_STEP][PASSED] - delay(3): Delayed 3 second(s)

12-07-2024T19:43:19 - [MESSAGE][PASSED] - Delayed 3 second(s)

12-07-2024T19:43:19 - [TEST_STEP][PASSED] - isWarningDisplayed = verifyElementPresent(findTestObject("Sign up page/Page_Eklipse/input_OR_name"), 10): Object 'Object Repository/Sign up page/Page_Eklipse/input_OR_name' is present

12-07-2024T19:43:20 - [MESSAGE][PASSED] - Object 'Object Repository/Sign up page/Page_Eklipse/input_OR_name' is present

12-07-2024T19:43:20 - [TEST_STEP][PASSED] - warningText = getAttribute(findTestObject("Sign up page/Page_Eklipse/input_OR_name"), "validationMessage"): Attribute 'validationMessage' of object 'Object Repository/Sign up page/Page_Eklipse/input_OR_name' is: 'Please fill out this field.'

12-07-2024T19:43:20 - [MESSAGE][PASSED] - Attribute 'validationMessage' of object 'Object Repository/Sign up page/Page_Eklipse/input_OR_name' is: 'Please fill out this field.'

12-07-2024T19:43:20 - [TEST_STEP][PASSED] - if (isWarningDisplayed && warningText == "Please fill out this field."): null

12-07-2024T19:43:20 - [TEST_STEP][PASSED] - println("Test Passed: Warning text detected correctly."): null

12-07-2024T19:43:20 - [TEST_STEP][PASSED] - closeBrowser(): Browser is closed

12-07-2024T19:43:20 - [MESSAGE][PASSED] - Browser is closed]]></system-out>
         <system-err><![CDATA[]]></system-err>
      </testcase>
      <testcase name="Test Cases/Eklipse Test/Sign in and Sign Up/TC000 - Close browser" time="0.095" classname="Test Cases/Eklipse Test/Sign in and Sign Up/TC000 - Close browser" status="PASSED">
         <system-out><![CDATA[12-07-2024T19:43:20 - [TEST_CASE][PASSED] - Test Cases/Eklipse Test/Sign in and Sign Up/TC000 - Close browser: Test Cases/Eklipse Test/Sign in and Sign Up/TC000 - Close browser

12-07-2024T19:43:20 - [TEST_STEP][PASSED] - closeBrowser(): Browser is closed

12-07-2024T19:43:20 - [MESSAGE][PASSED] - Browser is closed]]></system-out>
         <system-err><![CDATA[]]></system-err>
      </testcase>
      <system-out><![CDATA[12-07-2024T19:42:31 - [TEST_SUITE][PASSED] - TS003 - Sign Up Via Sign In Page Variation: Test Cases/Eklipse Test/Sign in and Sign Up/TC000 - Close browser]]></system-out>
      <system-err><![CDATA[]]></system-err>
   </testsuite>
</testsuites>
