<?xml version="1.0" encoding="UTF-8"?>
<testsuites name="TS12 - Tokyo appointment using data driven" time="52.865" tests="4" failures="0" errors="0">
   <testsuite name="TS12 - Tokyo appointment using data driven" tests="4" failures="0" errors="0" time="52.865" skipped="0" timestamp="15-07-2024T12:02:42" hostname="Lenovo - LAPTOP-7QB5JFLU" id="Test Suites/CURA Test suites/TS12 - Tokyo appointment using data driven">
      <properties>
         <property name="deviceName" value=""/>
         <property name="devicePlatform"/>
         <property name="logFolder" value="C:\\Users\\Lenovo\\git\\KatalonPractitionerLevel\\Reports\\20240715_120233\\CURA Test suites\\TS12 - Tokyo appointment using data driven\\20240715_120233"/>
         <property name="logFiles" value="C:\\Users\\Lenovo\\git\\KatalonPractitionerLevel\\Reports\\20240715_120233\\CURA Test suites\\TS12 - Tokyo appointment using data driven\\20240715_120233\\execution0.log"/>
         <property name="attachments" value=""/>
         <property name="hostName" value="Lenovo - LAPTOP-7QB5JFLU"/>
         <property name="os" value="Windows 11 64bit"/>
         <property name="katalonVersion" value="9.6.0.217"/>
         <property name="browser" value="Chrome 126.0.0.0"/>
         <property name="hostAddress" value="192.168.1.12"/>
         <property name="sessionId" value="c27b42859a5e80ac44898cc7a85ca7e0"/>
         <property name="seleniumVersion" value="3.141.59"/>
         <property name="proxyInformation" value="ProxyInformation { proxyOption=NO_PROXY, proxyServerType=HTTP, username=, password=********, proxyServerAddress=, proxyServerPort=0, executionList=&quot;&quot;, isApplyToDesiredCapabilities=true }"/>
         <property name="platform" value="Windows 11"/>
      </properties>
      <testcase name="Test Cases/CURA Web Test/TC20 - Tokyo appointment using data driven" time="16.492" classname="Test Cases/CURA Web Test/TC20 - Tokyo appointment using data driven" status="PASSED">
         <system-out><![CDATA[15-07-2024T12:02:42 - [TEST_CASE][PASSED] - Test Cases/CURA Web Test/TC20 - Tokyo appointment using data driven: Test Cases/CURA Web Test/TC20 - Tokyo appointment using data driven

15-07-2024T12:02:43 - [TEST_STEP][PASSED] - propertiesPage.openBrowser.main(): propertiesPage.openBrowser.main is PASSED

15-07-2024T12:02:43 - [MESSAGE][INFO] - Starting 'Chrome' driver

15-07-2024T12:02:43 - [MESSAGE][INFO] - Action delay is set to 0 milliseconds

15-07-2024T12:02:44 - [MESSAGE][PASSED] - Browser is opened with url: ''

15-07-2024T12:02:47 - [MESSAGE][PASSED] - Navigate to 'https://katalon-demo-cura.herokuapp.com/' successfully

15-07-2024T12:02:47 - [MESSAGE][PASSED] - propertiesPage.openBrowser.main is PASSED

15-07-2024T12:02:47 - [TEST_STEP][PASSED] - propertiesPage.loginMenu.main(): propertiesPage.loginMenu.main is PASSED

15-07-2024T12:02:48 - [MESSAGE][PASSED] - Object: 'Object Repository/1. CURA Object button/Make Appointment' is clicked on

15-07-2024T12:02:49 - [MESSAGE][PASSED] - Actual text and expected text of test object 'Object Repository/2. CURA Object Text/Login Text' are matched.

15-07-2024T12:02:50 - [MESSAGE][PASSED] - Text 'John Doe' is set on object 'Object Repository/1. CURA Object button/Username'

15-07-2024T12:02:51 - [MESSAGE][PASSED] - Text 'ThisIsNotAPassword' is set on object 'Object Repository/1. CURA Object button/Password'

15-07-2024T12:02:52 - [MESSAGE][PASSED] - Object: 'Object Repository/1. CURA Object button/Login Button' is clicked on

15-07-2024T12:02:52 - [MESSAGE][PASSED] - propertiesPage.loginMenu.main is PASSED

15-07-2024T12:02:52 - [TEST_STEP][PASSED] - selectOptionByValue(findTestObject("1. CURA Object button/Facility"), facility, true): All options with value 'Tokyo CURA Healthcare Center' are selected in object 'Object Repository/1. CURA Object button/Facility'  using regular expression

15-07-2024T12:02:53 - [MESSAGE][PASSED] - All options with value 'Tokyo CURA Healthcare Center' are selected in object 'Object Repository/1. CURA Object button/Facility'  using regular expression

15-07-2024T12:02:53 - [TEST_STEP][PASSED] - click(findTestObject("1. CURA Object button/Medicare")): Object: 'Object Repository/1. CURA Object button/Medicare' is clicked on

15-07-2024T12:02:53 - [MESSAGE][PASSED] - Object: 'Object Repository/1. CURA Object button/Medicare' is clicked on

15-07-2024T12:02:53 - [TEST_STEP][PASSED] - click(findTestObject("1. CURA Object button/Visit Date")): Object: 'Object Repository/1. CURA Object button/Visit Date' is clicked on

15-07-2024T12:02:54 - [MESSAGE][PASSED] - Object: 'Object Repository/1. CURA Object button/Visit Date' is clicked on

15-07-2024T12:02:54 - [TEST_STEP][PASSED] - setText(findTestObject("1. CURA Object button/Visit Date"), datevisit): Text '01/07/2024' is set on object 'Object Repository/1. CURA Object button/Visit Date'

15-07-2024T12:02:55 - [MESSAGE][PASSED] - Text '01/07/2024' is set on object 'Object Repository/1. CURA Object button/Visit Date'

15-07-2024T12:02:55 - [TEST_STEP][PASSED] - setText(findTestObject("1. CURA Object button/Comment"), commentbook): Text 'Reschedule to 08/07/2024' is set on object 'Object Repository/1. CURA Object button/Comment'

15-07-2024T12:02:56 - [MESSAGE][PASSED] - Text 'Reschedule to 08/07/2024' is set on object 'Object Repository/1. CURA Object button/Comment'

15-07-2024T12:02:56 - [TEST_STEP][PASSED] - click(findTestObject("1. CURA Object button/Book Appointment")): Object: 'Object Repository/1. CURA Object button/Book Appointment' is clicked on

15-07-2024T12:02:57 - [MESSAGE][PASSED] - Object: 'Object Repository/1. CURA Object button/Book Appointment' is clicked on

15-07-2024T12:02:57 - [TEST_STEP][PASSED] - click(findTestObject("1. CURA Object button/Menu")): Object: 'Object Repository/1. CURA Object button/Menu' is clicked on

15-07-2024T12:02:57 - [MESSAGE][PASSED] - Object: 'Object Repository/1. CURA Object button/Menu' is clicked on

15-07-2024T12:02:57 - [TEST_STEP][PASSED] - click(findTestObject("1. CURA Object button/Home")): Object: 'Object Repository/1. CURA Object button/Home' is clicked on

15-07-2024T12:02:58 - [MESSAGE][PASSED] - Object: 'Object Repository/1. CURA Object button/Home' is clicked on

15-07-2024T12:02:58 - [TEST_STEP][PASSED] - verifyElementPresent(findTestObject("2. CURA Object Text/Healthcare Service"), 0): Object 'Object Repository/2. CURA Object Text/Healthcare Service' is present

15-07-2024T12:02:58 - [MESSAGE][WARNING] - Timeout '0' is invalid. Using default page load timeout: '30'

15-07-2024T12:02:58 - [MESSAGE][PASSED] - Object 'Object Repository/2. CURA Object Text/Healthcare Service' is present

15-07-2024T12:02:58 - [TEST_STEP][PASSED] - click(findTestObject("1. CURA Object button/Make Appointment")): Object: 'Object Repository/1. CURA Object button/Make Appointment' is clicked on

15-07-2024T12:02:59 - [MESSAGE][PASSED] - Object: 'Object Repository/1. CURA Object button/Make Appointment' is clicked on]]></system-out>
         <system-err><![CDATA[]]></system-err>
      </testcase>
      <testcase name="Test Cases/CURA Web Test/TC20 - Tokyo appointment using data driven" time="15.075" classname="Test Cases/CURA Web Test/TC20 - Tokyo appointment using data driven" status="PASSED">
         <system-out><![CDATA[15-07-2024T12:02:59 - [TEST_CASE][PASSED] - Test Cases/CURA Web Test/TC20 - Tokyo appointment using data driven: Test Cases/CURA Web Test/TC20 - Tokyo appointment using data driven

15-07-2024T12:02:59 - [TEST_STEP][PASSED] - propertiesPage.openBrowser.main(): propertiesPage.openBrowser.main is PASSED

15-07-2024T12:02:59 - [MESSAGE][WARNING] - A browser is already opened. Closing browser and opening a new one

15-07-2024T12:02:59 - [MESSAGE][INFO] - Starting 'Chrome' driver

15-07-2024T12:02:59 - [MESSAGE][INFO] - Action delay is set to 0 milliseconds

15-07-2024T12:03:00 - [MESSAGE][PASSED] - Browser is opened with url: ''

15-07-2024T12:03:03 - [MESSAGE][PASSED] - Navigate to 'https://katalon-demo-cura.herokuapp.com/' successfully

15-07-2024T12:03:03 - [MESSAGE][PASSED] - propertiesPage.openBrowser.main is PASSED

15-07-2024T12:03:03 - [TEST_STEP][PASSED] - propertiesPage.loginMenu.main(): propertiesPage.loginMenu.main is PASSED

15-07-2024T12:03:04 - [MESSAGE][PASSED] - Object: 'Object Repository/1. CURA Object button/Make Appointment' is clicked on

15-07-2024T12:03:04 - [MESSAGE][PASSED] - Actual text and expected text of test object 'Object Repository/2. CURA Object Text/Login Text' are matched.

15-07-2024T12:03:05 - [MESSAGE][PASSED] - Text 'John Doe' is set on object 'Object Repository/1. CURA Object button/Username'

15-07-2024T12:03:06 - [MESSAGE][PASSED] - Text 'ThisIsNotAPassword' is set on object 'Object Repository/1. CURA Object button/Password'

15-07-2024T12:03:07 - [MESSAGE][PASSED] - Object: 'Object Repository/1. CURA Object button/Login Button' is clicked on

15-07-2024T12:03:07 - [MESSAGE][PASSED] - propertiesPage.loginMenu.main is PASSED

15-07-2024T12:03:07 - [TEST_STEP][PASSED] - selectOptionByValue(findTestObject("1. CURA Object button/Facility"), facility, true): All options with value 'Tokyo CURA Healthcare Center' are selected in object 'Object Repository/1. CURA Object button/Facility'  using regular expression

15-07-2024T12:03:08 - [MESSAGE][PASSED] - All options with value 'Tokyo CURA Healthcare Center' are selected in object 'Object Repository/1. CURA Object button/Facility'  using regular expression

15-07-2024T12:03:08 - [TEST_STEP][PASSED] - click(findTestObject("1. CURA Object button/Medicare")): Object: 'Object Repository/1. CURA Object button/Medicare' is clicked on

15-07-2024T12:03:09 - [MESSAGE][PASSED] - Object: 'Object Repository/1. CURA Object button/Medicare' is clicked on

15-07-2024T12:03:09 - [TEST_STEP][PASSED] - click(findTestObject("1. CURA Object button/Visit Date")): Object: 'Object Repository/1. CURA Object button/Visit Date' is clicked on

15-07-2024T12:03:09 - [MESSAGE][PASSED] - Object: 'Object Repository/1. CURA Object button/Visit Date' is clicked on

15-07-2024T12:03:09 - [TEST_STEP][PASSED] - setText(findTestObject("1. CURA Object button/Visit Date"), datevisit): Text '09/09/2024' is set on object 'Object Repository/1. CURA Object button/Visit Date'

15-07-2024T12:03:10 - [MESSAGE][PASSED] - Text '09/09/2024' is set on object 'Object Repository/1. CURA Object button/Visit Date'

15-07-2024T12:03:10 - [TEST_STEP][PASSED] - setText(findTestObject("1. CURA Object button/Comment"), commentbook): Text 'Meet dr. Yuki' is set on object 'Object Repository/1. CURA Object button/Comment'

15-07-2024T12:03:11 - [MESSAGE][PASSED] - Text 'Meet dr. Yuki' is set on object 'Object Repository/1. CURA Object button/Comment'

15-07-2024T12:03:11 - [TEST_STEP][PASSED] - click(findTestObject("1. CURA Object button/Book Appointment")): Object: 'Object Repository/1. CURA Object button/Book Appointment' is clicked on

15-07-2024T12:03:12 - [MESSAGE][PASSED] - Object: 'Object Repository/1. CURA Object button/Book Appointment' is clicked on

15-07-2024T12:03:12 - [TEST_STEP][PASSED] - click(findTestObject("1. CURA Object button/Menu")): Object: 'Object Repository/1. CURA Object button/Menu' is clicked on

15-07-2024T12:03:12 - [MESSAGE][PASSED] - Object: 'Object Repository/1. CURA Object button/Menu' is clicked on

15-07-2024T12:03:12 - [TEST_STEP][PASSED] - click(findTestObject("1. CURA Object button/Home")): Object: 'Object Repository/1. CURA Object button/Home' is clicked on

15-07-2024T12:03:13 - [MESSAGE][PASSED] - Object: 'Object Repository/1. CURA Object button/Home' is clicked on

15-07-2024T12:03:13 - [TEST_STEP][PASSED] - verifyElementPresent(findTestObject("2. CURA Object Text/Healthcare Service"), 0): Object 'Object Repository/2. CURA Object Text/Healthcare Service' is present

15-07-2024T12:03:13 - [MESSAGE][WARNING] - Timeout '0' is invalid. Using default page load timeout: '30'

15-07-2024T12:03:13 - [MESSAGE][PASSED] - Object 'Object Repository/2. CURA Object Text/Healthcare Service' is present

15-07-2024T12:03:13 - [TEST_STEP][PASSED] - click(findTestObject("1. CURA Object button/Make Appointment")): Object: 'Object Repository/1. CURA Object button/Make Appointment' is clicked on

15-07-2024T12:03:14 - [MESSAGE][PASSED] - Object: 'Object Repository/1. CURA Object button/Make Appointment' is clicked on]]></system-out>
         <system-err><![CDATA[]]></system-err>
      </testcase>
      <testcase name="Test Cases/CURA Web Test/TC20 - Tokyo appointment using data driven" time="18.08" classname="Test Cases/CURA Web Test/TC20 - Tokyo appointment using data driven" status="PASSED">
         <system-out><![CDATA[15-07-2024T12:03:14 - [TEST_CASE][PASSED] - Test Cases/CURA Web Test/TC20 - Tokyo appointment using data driven: Test Cases/CURA Web Test/TC20 - Tokyo appointment using data driven

15-07-2024T12:03:14 - [TEST_STEP][PASSED] - propertiesPage.openBrowser.main(): propertiesPage.openBrowser.main is PASSED

15-07-2024T12:03:14 - [MESSAGE][WARNING] - A browser is already opened. Closing browser and opening a new one

15-07-2024T12:03:14 - [MESSAGE][INFO] - Starting 'Chrome' driver

15-07-2024T12:03:14 - [MESSAGE][INFO] - Action delay is set to 0 milliseconds

15-07-2024T12:03:15 - [MESSAGE][PASSED] - Browser is opened with url: ''

15-07-2024T12:03:21 - [MESSAGE][PASSED] - Navigate to 'https://katalon-demo-cura.herokuapp.com/' successfully

15-07-2024T12:03:21 - [MESSAGE][PASSED] - propertiesPage.openBrowser.main is PASSED

15-07-2024T12:03:21 - [TEST_STEP][PASSED] - propertiesPage.loginMenu.main(): propertiesPage.loginMenu.main is PASSED

15-07-2024T12:03:22 - [MESSAGE][PASSED] - Object: 'Object Repository/1. CURA Object button/Make Appointment' is clicked on

15-07-2024T12:03:23 - [MESSAGE][PASSED] - Actual text and expected text of test object 'Object Repository/2. CURA Object Text/Login Text' are matched.

15-07-2024T12:03:24 - [MESSAGE][PASSED] - Text 'John Doe' is set on object 'Object Repository/1. CURA Object button/Username'

15-07-2024T12:03:24 - [MESSAGE][PASSED] - Text 'ThisIsNotAPassword' is set on object 'Object Repository/1. CURA Object button/Password'

15-07-2024T12:03:25 - [MESSAGE][PASSED] - Object: 'Object Repository/1. CURA Object button/Login Button' is clicked on

15-07-2024T12:03:25 - [MESSAGE][PASSED] - propertiesPage.loginMenu.main is PASSED

15-07-2024T12:03:25 - [TEST_STEP][PASSED] - selectOptionByValue(findTestObject("1. CURA Object button/Facility"), facility, true): All options with value 'Tokyo CURA Healthcare Center' are selected in object 'Object Repository/1. CURA Object button/Facility'  using regular expression

15-07-2024T12:03:26 - [MESSAGE][PASSED] - All options with value 'Tokyo CURA Healthcare Center' are selected in object 'Object Repository/1. CURA Object button/Facility'  using regular expression

15-07-2024T12:03:26 - [TEST_STEP][PASSED] - click(findTestObject("1. CURA Object button/Medicare")): Object: 'Object Repository/1. CURA Object button/Medicare' is clicked on

15-07-2024T12:03:27 - [MESSAGE][PASSED] - Object: 'Object Repository/1. CURA Object button/Medicare' is clicked on

15-07-2024T12:03:27 - [TEST_STEP][PASSED] - click(findTestObject("1. CURA Object button/Visit Date")): Object: 'Object Repository/1. CURA Object button/Visit Date' is clicked on

15-07-2024T12:03:27 - [MESSAGE][PASSED] - Object: 'Object Repository/1. CURA Object button/Visit Date' is clicked on

15-07-2024T12:03:27 - [TEST_STEP][PASSED] - setText(findTestObject("1. CURA Object button/Visit Date"), datevisit): Text '24/12/2024' is set on object 'Object Repository/1. CURA Object button/Visit Date'

15-07-2024T12:03:28 - [MESSAGE][PASSED] - Text '24/12/2024' is set on object 'Object Repository/1. CURA Object button/Visit Date'

15-07-2024T12:03:28 - [TEST_STEP][PASSED] - setText(findTestObject("1. CURA Object button/Comment"), commentbook): Text 'Meet dr. Kento Momota' is set on object 'Object Repository/1. CURA Object button/Comment'

15-07-2024T12:03:29 - [MESSAGE][PASSED] - Text 'Meet dr. Kento Momota' is set on object 'Object Repository/1. CURA Object button/Comment'

15-07-2024T12:03:29 - [TEST_STEP][PASSED] - click(findTestObject("1. CURA Object button/Book Appointment")): Object: 'Object Repository/1. CURA Object button/Book Appointment' is clicked on

15-07-2024T12:03:30 - [MESSAGE][PASSED] - Object: 'Object Repository/1. CURA Object button/Book Appointment' is clicked on

15-07-2024T12:03:30 - [TEST_STEP][PASSED] - click(findTestObject("1. CURA Object button/Menu")): Object: 'Object Repository/1. CURA Object button/Menu' is clicked on

15-07-2024T12:03:30 - [MESSAGE][PASSED] - Object: 'Object Repository/1. CURA Object button/Menu' is clicked on

15-07-2024T12:03:30 - [TEST_STEP][PASSED] - click(findTestObject("1. CURA Object button/Home")): Object: 'Object Repository/1. CURA Object button/Home' is clicked on

15-07-2024T12:03:31 - [MESSAGE][PASSED] - Object: 'Object Repository/1. CURA Object button/Home' is clicked on

15-07-2024T12:03:31 - [TEST_STEP][PASSED] - verifyElementPresent(findTestObject("2. CURA Object Text/Healthcare Service"), 0): Object 'Object Repository/2. CURA Object Text/Healthcare Service' is present

15-07-2024T12:03:31 - [MESSAGE][WARNING] - Timeout '0' is invalid. Using default page load timeout: '30'

15-07-2024T12:03:31 - [MESSAGE][PASSED] - Object 'Object Repository/2. CURA Object Text/Healthcare Service' is present

15-07-2024T12:03:31 - [TEST_STEP][PASSED] - click(findTestObject("1. CURA Object button/Make Appointment")): Object: 'Object Repository/1. CURA Object button/Make Appointment' is clicked on

15-07-2024T12:03:32 - [MESSAGE][PASSED] - Object: 'Object Repository/1. CURA Object button/Make Appointment' is clicked on]]></system-out>
         <system-err><![CDATA[]]></system-err>
      </testcase>
      <testcase name="Test Cases/CURA Web Test/Properties/TCP03 - Logout" time="2.737" classname="Test Cases/CURA Web Test/Properties/TCP03 - Logout" status="PASSED">
         <system-out><![CDATA[15-07-2024T12:03:32 - [TEST_CASE][PASSED] - Test Cases/CURA Web Test/Properties/TCP03 - Logout: Test Cases/CURA Web Test/Properties/TCP03 - Logout

15-07-2024T12:03:32 - [TEST_STEP][PASSED] - verifyElementText(findTestObject("2. CURA Object Text/Make Appointment"), "Make Appointment"): Actual text and expected text of test object 'Object Repository/2. CURA Object Text/Make Appointment' are matched.

15-07-2024T12:03:32 - [MESSAGE][PASSED] - Actual text and expected text of test object 'Object Repository/2. CURA Object Text/Make Appointment' are matched.

15-07-2024T12:03:32 - [TEST_STEP][PASSED] - click(findTestObject("1. CURA Object button/Menu")): Object: 'Object Repository/1. CURA Object button/Menu' is clicked on

15-07-2024T12:03:33 - [MESSAGE][PASSED] - Object: 'Object Repository/1. CURA Object button/Menu' is clicked on

15-07-2024T12:03:33 - [TEST_STEP][PASSED] - click(findTestObject("1. CURA Object button/Logout")): Object: 'Object Repository/1. CURA Object button/Logout' is clicked on

15-07-2024T12:03:34 - [MESSAGE][PASSED] - Object: 'Object Repository/1. CURA Object button/Logout' is clicked on

15-07-2024T12:03:34 - [TEST_STEP][PASSED] - closeBrowser(): Browser is closed

15-07-2024T12:03:35 - [MESSAGE][PASSED] - Browser is closed]]></system-out>
         <system-err><![CDATA[]]></system-err>
      </testcase>
      <system-out><![CDATA[15-07-2024T12:02:42 - [TEST_SUITE][PASSED] - TS12 - Tokyo appointment using data driven: Test Cases/CURA Web Test/Properties/TCP03 - Logout]]></system-out>
      <system-err><![CDATA[]]></system-err>
   </testsuite>
</testsuites>
