<?xml version="1.0" encoding="UTF-8"?>
<testsuites name="TSC04 - Regression Test" time="852.853" tests="63" failures="1" errors="0">
   <testsuite name="TS01 - Verify CURA page" tests="2" failures="0" errors="0" time="27.767" skipped="0" timestamp="12-07-2024T19:49:50" hostname="Lenovo - LAPTOP-7QB5JFLU" id="Test Suites/CURA Test suites/TS01 - Verify CURA page">
      <properties>
         <property name="deviceName" value=""/>
         <property name="devicePlatform"/>
         <property name="logFolder" value="C:\\Users\\Lenovo\\git\\KatalonPractitionerLevel\\Reports\\20240712_194912\\CURA Test suites\\TS01 - Verify CURA page\\20240712_194913"/>
         <property name="logFiles" value="C:\\Users\\Lenovo\\git\\KatalonPractitionerLevel\\Reports\\20240712_194912\\CURA Test suites\\TS01 - Verify CURA page\\20240712_194913\\execution0.log"/>
         <property name="attachments" value="keyes\keyes-CURA Homepage.png"/>
         <property name="hostName" value="Lenovo - LAPTOP-7QB5JFLU"/>
         <property name="os" value="Windows 11 64bit"/>
         <property name="katalonVersion" value="9.6.0.217"/>
         <property name="browser" value="Chrome 126.0.0.0"/>
         <property name="hostAddress" value="192.168.1.12"/>
         <property name="sessionId" value="7e500c0da2c609a304e29b8ccb0f4389"/>
         <property name="seleniumVersion" value="3.141.59"/>
         <property name="proxyInformation" value="ProxyInformation { proxyOption=NO_PROXY, proxyServerType=HTTP, username=, password=********, proxyServerAddress=, proxyServerPort=0, executionList=&quot;&quot;, isApplyToDesiredCapabilities=true }"/>
         <property name="platform" value="Windows 11"/>
      </properties>
      <testcase name="Test Cases/CURA Web Test/TC01 - Verify homepage of CURA" time="10.11" classname="Test Cases/CURA Web Test/TC01 - Verify homepage of CURA" status="PASSED">
         <system-out><![CDATA[12-07-2024T19:49:51 - [TEST_CASE][PASSED] - Test Cases/CURA Web Test/TC01 - Verify homepage of CURA: Test Cases/CURA Web Test/TC01 - Verify homepage of CURA

12-07-2024T19:49:51 - [TEST_STEP][PASSED] - openBrowser(""): Browser is opened with url: ''

12-07-2024T19:49:51 - [MESSAGE][INFO] - Starting 'Chrome' driver

12-07-2024T19:49:51 - [MESSAGE][INFO] - Action delay is set to 0 milliseconds

12-07-2024T19:49:53 - [MESSAGE][PASSED] - Browser is opened with url: ''

12-07-2024T19:49:53 - [TEST_STEP][PASSED] - navigateToUrl("https://katalon-demo-cura.herokuapp.com/"): Navigate to 'https://katalon-demo-cura.herokuapp.com/' successfully

12-07-2024T19:49:56 - [MESSAGE][PASSED] - Navigate to 'https://katalon-demo-cura.herokuapp.com/' successfully

12-07-2024T19:49:56 - [TEST_STEP][PASSED] - takeScreenshotAsCheckpoint("CURA Homepage"): Taking screenshot successfully

12-07-2024T19:49:57 - [MESSAGE][INFO] - 0 hidden object(s)

12-07-2024T19:49:57 - [MESSAGE][PASSED] - Taking screenshot successfully
[[ATTACHMENT|keyes\keyes-CURA Homepage.png]]

12-07-2024T19:49:57 - [TEST_STEP][PASSED] - verifyElementText(findTestObject("Object Repository/9. Homepage of CURA/Page_CURA/h1_CURA Service"), "CURA Healthcare Service"): Actual text and expected text of test object 'Object Repository/9. Homepage of CURA/Page_CURA/h1_CURA Service' are matched.

12-07-2024T19:49:58 - [MESSAGE][PASSED] - Actual text and expected text of test object 'Object Repository/9. Homepage of CURA/Page_CURA/h1_CURA Service' are matched.

12-07-2024T19:49:58 - [TEST_STEP][PASSED] - verifyElementText(findTestObject("Object Repository/9. Homepage of CURA/Page_CURA/h3_Your Health"), "We Care About Your Health"): Actual text and expected text of test object 'Object Repository/9. Homepage of CURA/Page_CURA/h3_Your Health' are matched.

12-07-2024T19:49:58 - [MESSAGE][PASSED] - Actual text and expected text of test object 'Object Repository/9. Homepage of CURA/Page_CURA/h3_Your Health' are matched.

12-07-2024T19:49:58 - [TEST_STEP][PASSED] - verifyElementText(findTestObject("Object Repository/9. Homepage of CURA/Page_CURA/strong_CURA Service"), "CURA Healthcare Service"): Actual text and expected text of test object 'Object Repository/9. Homepage of CURA/Page_CURA/strong_CURA Service' are matched.

12-07-2024T19:49:58 - [MESSAGE][PASSED] - Actual text and expected text of test object 'Object Repository/9. Homepage of CURA/Page_CURA/strong_CURA Service' are matched.

12-07-2024T19:49:58 - [TEST_STEP][PASSED] - ExpectedValue = "Atlanta 550 Pharr Road NE Suite 525
Atlanta, GA 30305": null

12-07-2024T19:49:58 - [TEST_STEP][PASSED] - verifyElementText(findTestObject("Object Repository/9. Homepage of CURA/Page_CURA/p_Address"), ExpectedValue): Actual text and expected text of test object 'Object Repository/9. Homepage of CURA/Page_CURA/p_Address' are matched.

12-07-2024T19:49:59 - [MESSAGE][PASSED] - Actual text and expected text of test object 'Object Repository/9. Homepage of CURA/Page_CURA/p_Address' are matched.

12-07-2024T19:49:59 - [TEST_STEP][PASSED] - verifyElementText(findTestObject("Object Repository/9. Homepage of CURA/Page_CURA/li_(678) 813-1KMS"), "(678) 813-1KMS"): Actual text and expected text of test object 'Object Repository/9. Homepage of CURA/Page_CURA/li_(678) 813-1KMS' are matched.

12-07-2024T19:49:59 - [MESSAGE][PASSED] - Actual text and expected text of test object 'Object Repository/9. Homepage of CURA/Page_CURA/li_(678) 813-1KMS' are matched.

12-07-2024T19:49:59 - [TEST_STEP][PASSED] - verifyElementText(findTestObject("Object Repository/9. Homepage of CURA/Page_CURA/li_infokatalon.com"), "info@katalon.com"): Actual text and expected text of test object 'Object Repository/9. Homepage of CURA/Page_CURA/li_infokatalon.com' are matched.

12-07-2024T19:49:59 - [MESSAGE][PASSED] - Actual text and expected text of test object 'Object Repository/9. Homepage of CURA/Page_CURA/li_infokatalon.com' are matched.

12-07-2024T19:49:59 - [TEST_STEP][PASSED] - verifyElementClickable(findTestObject("Object Repository/9. Homepage of CURA/Page_CURA/i_fa fa-facebook")): Object 'Object Repository/9. Homepage of CURA/Page_CURA/i_fa fa-facebook' is clickable

12-07-2024T19:49:59 - [MESSAGE][PASSED] - Object 'Object Repository/9. Homepage of CURA/Page_CURA/i_fa fa-facebook' is clickable

12-07-2024T19:49:59 - [TEST_STEP][PASSED] - verifyElementClickable(findTestObject("Object Repository/9. Homepage of CURA/Page_CURA/i_fa fa-twitter")): Object 'Object Repository/9. Homepage of CURA/Page_CURA/i_fa fa-twitter' is clickable

12-07-2024T19:50:00 - [MESSAGE][PASSED] - Object 'Object Repository/9. Homepage of CURA/Page_CURA/i_fa fa-twitter' is clickable

12-07-2024T19:50:00 - [TEST_STEP][PASSED] - verifyElementClickable(findTestObject("Object Repository/9. Homepage of CURA/Page_CURA/i_fa fa-dribbble")): Object 'Object Repository/9. Homepage of CURA/Page_CURA/i_fa fa-dribbble' is clickable

12-07-2024T19:50:00 - [MESSAGE][PASSED] - Object 'Object Repository/9. Homepage of CURA/Page_CURA/i_fa fa-dribbble' is clickable

12-07-2024T19:50:00 - [TEST_STEP][PASSED] - verifyElementText(findTestObject("Object Repository/9. Homepage of CURA/Page_CURA/p_Copyright"), "Copyright Â© CURA Healthcare Service 2024"): Actual text and expected text of test object 'Object Repository/9. Homepage of CURA/Page_CURA/p_Copyright' are matched.

12-07-2024T19:50:00 - [MESSAGE][PASSED] - Actual text and expected text of test object 'Object Repository/9. Homepage of CURA/Page_CURA/p_Copyright' are matched.

12-07-2024T19:50:00 - [TEST_STEP][PASSED] - verifyElementClickable(findTestObject("Object Repository/9. Homepage of CURA/Page_CURA/a_Make Appointment")): Object 'Object Repository/9. Homepage of CURA/Page_CURA/a_Make Appointment' is clickable

12-07-2024T19:50:01 - [MESSAGE][PASSED] - Object 'Object Repository/9. Homepage of CURA/Page_CURA/a_Make Appointment' is clickable]]></system-out>
         <system-err><![CDATA[]]></system-err>
      </testcase>
      <testcase name="Test Cases/CURA Web Test/TC09 - CURA menu check" time="17.546" classname="Test Cases/CURA Web Test/TC09 - CURA menu check" status="PASSED">
         <system-out><![CDATA[12-07-2024T19:50:01 - [TEST_CASE][PASSED] - Test Cases/CURA Web Test/TC09 - CURA menu check: Test Cases/CURA Web Test/TC09 - CURA menu check

12-07-2024T19:50:01 - [TEST_STEP][PASSED] - openBrowser(""): Browser is opened with url: ''

12-07-2024T19:50:01 - [MESSAGE][WARNING] - A browser is already opened. Closing browser and opening a new one

12-07-2024T19:50:01 - [MESSAGE][INFO] - Starting 'Chrome' driver

12-07-2024T19:50:01 - [MESSAGE][INFO] - Action delay is set to 0 milliseconds

12-07-2024T19:50:01 - [MESSAGE][PASSED] - Browser is opened with url: ''

12-07-2024T19:50:01 - [TEST_STEP][PASSED] - navigateToUrl("https://katalon-demo-cura.herokuapp.com/"): Navigate to 'https://katalon-demo-cura.herokuapp.com/' successfully

12-07-2024T19:50:05 - [MESSAGE][PASSED] - Navigate to 'https://katalon-demo-cura.herokuapp.com/' successfully

12-07-2024T19:50:05 - [TEST_STEP][PASSED] - verifyElementClickable(findTestObject("6. CURA menu/Page_CURA/a_CURA menu")): Object 'Object Repository/6. CURA menu/Page_CURA/a_CURA menu' is clickable

12-07-2024T19:50:06 - [MESSAGE][PASSED] - Object 'Object Repository/6. CURA menu/Page_CURA/a_CURA menu' is clickable

12-07-2024T19:50:06 - [TEST_STEP][PASSED] - click(findTestObject("Object Repository/6. CURA menu/Page_CURA/a_CURA menu")): Object: 'Object Repository/6. CURA menu/Page_CURA/a_CURA menu' is clicked on

12-07-2024T19:50:06 - [MESSAGE][PASSED] - Object: 'Object Repository/6. CURA menu/Page_CURA/a_CURA menu' is clicked on

12-07-2024T19:50:06 - [TEST_STEP][PASSED] - click(findTestObject("Object Repository/6. CURA menu/Page_CURA/a_Home")): Object: 'Object Repository/6. CURA menu/Page_CURA/a_Home' is clicked on

12-07-2024T19:50:07 - [MESSAGE][PASSED] - Object: 'Object Repository/6. CURA menu/Page_CURA/a_Home' is clicked on

12-07-2024T19:50:07 - [TEST_STEP][PASSED] - verifyElementText(findTestObject("Object Repository/6. CURA menu/Page_CURA/h1_CURA Service"), "CURA Healthcare Service"): Actual text and expected text of test object 'Object Repository/6. CURA menu/Page_CURA/h1_CURA Service' are matched.

12-07-2024T19:50:07 - [MESSAGE][PASSED] - Actual text and expected text of test object 'Object Repository/6. CURA menu/Page_CURA/h1_CURA Service' are matched.

12-07-2024T19:50:07 - [TEST_STEP][PASSED] - verifyElementClickable(findTestObject("6. CURA menu/Page_CURA/i_CURA_fa fa-bars")): Object 'Object Repository/6. CURA menu/Page_CURA/i_CURA_fa fa-bars' is clickable

12-07-2024T19:50:07 - [MESSAGE][PASSED] - Object 'Object Repository/6. CURA menu/Page_CURA/i_CURA_fa fa-bars' is clickable

12-07-2024T19:50:07 - [TEST_STEP][PASSED] - click(findTestObject("Object Repository/6. CURA menu/Page_CURA/i_CURA_fa fa-bars")): Object: 'Object Repository/6. CURA menu/Page_CURA/i_CURA_fa fa-bars' is clicked on

12-07-2024T19:50:07 - [MESSAGE][PASSED] - Object: 'Object Repository/6. CURA menu/Page_CURA/i_CURA_fa fa-bars' is clicked on

12-07-2024T19:50:07 - [TEST_STEP][PASSED] - click(findTestObject("Object Repository/6. CURA menu/Page_CURA/a_Login")): Object: 'Object Repository/6. CURA menu/Page_CURA/a_Login' is clicked on

12-07-2024T19:50:08 - [MESSAGE][PASSED] - Object: 'Object Repository/6. CURA menu/Page_CURA/a_Login' is clicked on

12-07-2024T19:50:08 - [TEST_STEP][PASSED] - verifyElementText(findTestObject("Object Repository/6. CURA menu/Page_CURA/h2_Login"), "Login"): Actual text and expected text of test object 'Object Repository/6. CURA menu/Page_CURA/h2_Login' are matched.

12-07-2024T19:50:09 - [MESSAGE][PASSED] - Actual text and expected text of test object 'Object Repository/6. CURA menu/Page_CURA/h2_Login' are matched.

12-07-2024T19:50:09 - [TEST_STEP][PASSED] - setText(findTestObject("Object Repository/6. CURA menu/Page_CURA/input_Username"), "John Doe"): Text 'John Doe' is set on object 'Object Repository/6. CURA menu/Page_CURA/input_Username'

12-07-2024T19:50:09 - [MESSAGE][PASSED] - Text 'John Doe' is set on object 'Object Repository/6. CURA menu/Page_CURA/input_Username'

12-07-2024T19:50:09 - [TEST_STEP][PASSED] - setText(findTestObject("Object Repository/6. CURA menu/Page_CURA/input_Password"), "ThisIsNotAPassword"): Text 'ThisIsNotAPassword' is set on object 'Object Repository/6. CURA menu/Page_CURA/input_Password'

12-07-2024T19:50:10 - [MESSAGE][PASSED] - Text 'ThisIsNotAPassword' is set on object 'Object Repository/6. CURA menu/Page_CURA/input_Password'

12-07-2024T19:50:10 - [TEST_STEP][PASSED] - click(findTestObject("Object Repository/6. CURA menu/Page_CURA/button_Login")): Object: 'Object Repository/6. CURA menu/Page_CURA/button_Login' is clicked on

12-07-2024T19:50:11 - [MESSAGE][PASSED] - Object: 'Object Repository/6. CURA menu/Page_CURA/button_Login' is clicked on

12-07-2024T19:50:11 - [TEST_STEP][PASSED] - click(findTestObject("Object Repository/6. CURA menu/Page_CURA/a_CURA menu")): Object: 'Object Repository/6. CURA menu/Page_CURA/a_CURA menu' is clicked on

12-07-2024T19:50:12 - [MESSAGE][PASSED] - Object: 'Object Repository/6. CURA menu/Page_CURA/a_CURA menu' is clicked on

12-07-2024T19:50:12 - [TEST_STEP][PASSED] - click(findTestObject("Object Repository/6. CURA menu/Page_CURA/a_Home")): Object: 'Object Repository/6. CURA menu/Page_CURA/a_Home' is clicked on

12-07-2024T19:50:13 - [MESSAGE][PASSED] - Object: 'Object Repository/6. CURA menu/Page_CURA/a_Home' is clicked on

12-07-2024T19:50:13 - [TEST_STEP][PASSED] - verifyElementText(findTestObject("Object Repository/6. CURA menu/Page_CURA/h1_CURA Service"), "CURA Healthcare Service"): Actual text and expected text of test object 'Object Repository/6. CURA menu/Page_CURA/h1_CURA Service' are matched.

12-07-2024T19:50:13 - [MESSAGE][PASSED] - Actual text and expected text of test object 'Object Repository/6. CURA menu/Page_CURA/h1_CURA Service' are matched.

12-07-2024T19:50:13 - [TEST_STEP][PASSED] - click(findTestObject("Object Repository/6. CURA menu/Page_CURA/a_CURA menu")): Object: 'Object Repository/6. CURA menu/Page_CURA/a_CURA menu' is clicked on

12-07-2024T19:50:13 - [MESSAGE][PASSED] - Object: 'Object Repository/6. CURA menu/Page_CURA/a_CURA menu' is clicked on

12-07-2024T19:50:13 - [TEST_STEP][PASSED] - click(findTestObject("Object Repository/6. CURA menu/Page_CURA/a_History")): Object: 'Object Repository/6. CURA menu/Page_CURA/a_History' is clicked on

12-07-2024T19:50:14 - [MESSAGE][PASSED] - Object: 'Object Repository/6. CURA menu/Page_CURA/a_History' is clicked on

12-07-2024T19:50:14 - [TEST_STEP][PASSED] - verifyElementText(findTestObject("Object Repository/6. CURA menu/Page_CURA/h2_History"), "History"): Actual text and expected text of test object 'Object Repository/6. CURA menu/Page_CURA/h2_History' are matched.

12-07-2024T19:50:15 - [MESSAGE][PASSED] - Actual text and expected text of test object 'Object Repository/6. CURA menu/Page_CURA/h2_History' are matched.

12-07-2024T19:50:15 - [TEST_STEP][PASSED] - click(findTestObject("Object Repository/6. CURA menu/Page_CURA/a_CURA menu")): Object: 'Object Repository/6. CURA menu/Page_CURA/a_CURA menu' is clicked on

12-07-2024T19:50:15 - [MESSAGE][PASSED] - Object: 'Object Repository/6. CURA menu/Page_CURA/a_CURA menu' is clicked on

12-07-2024T19:50:15 - [TEST_STEP][PASSED] - click(findTestObject("Object Repository/6. CURA menu/Page_CURA/a_Profile")): Object: 'Object Repository/6. CURA menu/Page_CURA/a_Profile' is clicked on

12-07-2024T19:50:16 - [MESSAGE][PASSED] - Object: 'Object Repository/6. CURA menu/Page_CURA/a_Profile' is clicked on

12-07-2024T19:50:16 - [TEST_STEP][PASSED] - verifyElementText(findTestObject("Object Repository/6. CURA menu/Page_CURA/h2_Profile"), "Profile"): Actual text and expected text of test object 'Object Repository/6. CURA menu/Page_CURA/h2_Profile' are matched.

12-07-2024T19:50:16 - [MESSAGE][PASSED] - Actual text and expected text of test object 'Object Repository/6. CURA menu/Page_CURA/h2_Profile' are matched.

12-07-2024T19:50:16 - [TEST_STEP][PASSED] - click(findTestObject("Object Repository/6. CURA menu/Page_CURA/i_CURA_fa fa-bars")): Object: 'Object Repository/6. CURA menu/Page_CURA/i_CURA_fa fa-bars' is clicked on

12-07-2024T19:50:17 - [MESSAGE][PASSED] - Object: 'Object Repository/6. CURA menu/Page_CURA/i_CURA_fa fa-bars' is clicked on

12-07-2024T19:50:17 - [TEST_STEP][PASSED] - click(findTestObject("Object Repository/6. CURA menu/Page_CURA/a_Logout")): Object: 'Object Repository/6. CURA menu/Page_CURA/a_Logout' is clicked on

12-07-2024T19:50:18 - [MESSAGE][PASSED] - Object: 'Object Repository/6. CURA menu/Page_CURA/a_Logout' is clicked on

12-07-2024T19:50:18 - [TEST_STEP][PASSED] - verifyElementText(findTestObject("Object Repository/6. CURA menu/Page_CURA/h1_CURA Service"), "CURA Healthcare Service"): Actual text and expected text of test object 'Object Repository/6. CURA menu/Page_CURA/h1_CURA Service' are matched.

12-07-2024T19:50:18 - [MESSAGE][PASSED] - Actual text and expected text of test object 'Object Repository/6. CURA menu/Page_CURA/h1_CURA Service' are matched.

12-07-2024T19:50:18 - [TEST_STEP][PASSED] - closeBrowser(): Browser is closed

12-07-2024T19:50:18 - [MESSAGE][PASSED] - Browser is closed]]></system-out>
         <system-err><![CDATA[]]></system-err>
      </testcase>
      <system-out><![CDATA[12-07-2024T19:49:50 - [TEST_SUITE][PASSED] - TS01 - Verify CURA page: Test Cases/CURA Web Test/TC09 - CURA menu check]]></system-out>
      <system-err><![CDATA[]]></system-err>
   </testsuite>
   <testsuite name="TS02 - Login variation" tests="5" failures="0" errors="0" time="53.416" skipped="0" timestamp="12-07-2024T19:50:30" hostname="Lenovo - LAPTOP-7QB5JFLU" id="Test Suites/CURA Test suites/TS02 - Login variation">
      <properties>
         <property name="deviceName" value=""/>
         <property name="devicePlatform"/>
         <property name="logFolder" value="C:\\Users\\Lenovo\\git\\KatalonPractitionerLevel\\Reports\\20240712_194912\\CURA Test suites\\TS02 - Login variation\\20240712_194915"/>
         <property name="logFiles" value="C:\\Users\\Lenovo\\git\\KatalonPractitionerLevel\\Reports\\20240712_194912\\CURA Test suites\\TS02 - Login variation\\20240712_194915\\execution0.log"/>
         <property name="attachments" value="keyes\keyes-Login page.png, keyes\keyes-Login page.png, C:\\Users\\Lenovo\\git\\KatalonPractitionerLevel\\Reports\\20240712_194912\\CURA Test suites\\TS02 - Login variation\\20240712_194915\\1720788675155.png, keyes\keyes-Login page.png, keyes\keyes-Make appointment page.png"/>
         <property name="hostName" value="Lenovo - LAPTOP-7QB5JFLU"/>
         <property name="os" value="Windows 11 64bit"/>
         <property name="katalonVersion" value="9.6.0.217"/>
         <property name="browser" value="Chrome 126.0.0.0"/>
         <property name="hostAddress" value="192.168.1.12"/>
         <property name="sessionId" value="3fb564c2ec4b589dcc9704375a0fad1a"/>
         <property name="seleniumVersion" value="3.141.59"/>
         <property name="proxyInformation" value="ProxyInformation { proxyOption=NO_PROXY, proxyServerType=HTTP, username=, password=********, proxyServerAddress=, proxyServerPort=0, executionList=&quot;&quot;, isApplyToDesiredCapabilities=true }"/>
         <property name="platform" value="Windows 11"/>
      </properties>
      <testcase name="Test Cases/CURA Web Test/TC05 - Login in another way" time="13.9" classname="Test Cases/CURA Web Test/TC05 - Login in another way" status="PASSED">
         <system-out><![CDATA[12-07-2024T19:50:30 - [TEST_CASE][PASSED] - Test Cases/CURA Web Test/TC05 - Login in another way: Test Cases/CURA Web Test/TC05 - Login in another way

12-07-2024T19:50:31 - [TEST_STEP][PASSED] - callTestCase(findTestCase("CURA Web Test/Properties/TCP01 - Open browser"), [:], STOP_ON_FAILURE): Call Test Case 'Test Cases/CURA Web Test/Properties/TCP01 - Open browser' successfully

12-07-2024T19:50:31 - [TEST_CASE][PASSED] - Test Cases/CURA Web Test/Properties/TCP01 - Open browser: Test Cases/CURA Web Test/Properties/TCP01 - Open browser

12-07-2024T19:50:31 - [TEST_STEP][PASSED] - openBrowser(""): Browser is opened with url: ''

12-07-2024T19:50:31 - [MESSAGE][INFO] - Starting 'Chrome' driver

12-07-2024T19:50:31 - [MESSAGE][INFO] - Action delay is set to 0 milliseconds

12-07-2024T19:50:33 - [MESSAGE][PASSED] - Browser is opened with url: ''

12-07-2024T19:50:33 - [TEST_STEP][PASSED] - navigateToUrl(URL): Navigate to 'https://katalon-demo-cura.herokuapp.com/' successfully

12-07-2024T19:50:38 - [MESSAGE][PASSED] - Navigate to 'https://katalon-demo-cura.herokuapp.com/' successfully

12-07-2024T19:50:38 - [MESSAGE][PASSED] - Call Test Case 'Test Cases/CURA Web Test/Properties/TCP01 - Open browser' successfully

12-07-2024T19:50:38 - [TEST_STEP][PASSED] - verifyElementText(findTestObject("Object Repository/11. Login menu check/Page_CURA/h1_CURA Service"), "CURA Healthcare Service"): Actual text and expected text of test object 'Object Repository/11. Login menu check/Page_CURA/h1_CURA Service' are matched.

12-07-2024T19:50:38 - [MESSAGE][PASSED] - Actual text and expected text of test object 'Object Repository/11. Login menu check/Page_CURA/h1_CURA Service' are matched.

12-07-2024T19:50:38 - [TEST_STEP][PASSED] - click(findTestObject("Object Repository/11. Login menu check/Page_CURA/a_Make Appointment")): Object: 'Object Repository/11. Login menu check/Page_CURA/a_Make Appointment' is clicked on

12-07-2024T19:50:39 - [MESSAGE][PASSED] - Object: 'Object Repository/11. Login menu check/Page_CURA/a_Make Appointment' is clicked on

12-07-2024T19:50:39 - [TEST_STEP][PASSED] - takeScreenshotAsCheckpoint("Login page"): Taking screenshot successfully

12-07-2024T19:50:40 - [MESSAGE][INFO] - 0 hidden object(s)

12-07-2024T19:50:40 - [MESSAGE][PASSED] - Taking screenshot successfully
[[ATTACHMENT|keyes\keyes-Login page.png]]

12-07-2024T19:50:40 - [TEST_STEP][PASSED] - verifyElementText(findTestObject("Object Repository/11. Login menu check/Page_CURA/h2_Login"), "Login"): Actual text and expected text of test object 'Object Repository/11. Login menu check/Page_CURA/h2_Login' are matched.

12-07-2024T19:50:40 - [MESSAGE][PASSED] - Actual text and expected text of test object 'Object Repository/11. Login menu check/Page_CURA/h2_Login' are matched.

12-07-2024T19:50:40 - [TEST_STEP][PASSED] - click(findTestObject("Object Repository/11. Login menu check/Page_CURA/a_CURA menu")): Object: 'Object Repository/11. Login menu check/Page_CURA/a_CURA menu' is clicked on

12-07-2024T19:50:40 - [MESSAGE][PASSED] - Object: 'Object Repository/11. Login menu check/Page_CURA/a_CURA menu' is clicked on

12-07-2024T19:50:40 - [TEST_STEP][PASSED] - click(findTestObject("Object Repository/11. Login menu check/Page_CURA/a_Login")): Object: 'Object Repository/11. Login menu check/Page_CURA/a_Login' is clicked on

12-07-2024T19:50:41 - [MESSAGE][PASSED] - Object: 'Object Repository/11. Login menu check/Page_CURA/a_Login' is clicked on

12-07-2024T19:50:41 - [TEST_STEP][PASSED] - takeScreenshotAsCheckpoint("Login page"): Taking screenshot successfully

12-07-2024T19:50:41 - [MESSAGE][INFO] - 0 hidden object(s)

12-07-2024T19:50:41 - [MESSAGE][PASSED] - Taking screenshot successfully
[[ATTACHMENT|keyes\keyes-Login page.png]]

12-07-2024T19:50:41 - [TEST_STEP][PASSED] - verifyElementText(findTestObject("Object Repository/11. Login menu check/Page_CURA/h2_Login"), "Login"): Actual text and expected text of test object 'Object Repository/11. Login menu check/Page_CURA/h2_Login' are matched.

12-07-2024T19:50:42 - [MESSAGE][PASSED] - Actual text and expected text of test object 'Object Repository/11. Login menu check/Page_CURA/h2_Login' are matched.

12-07-2024T19:50:42 - [TEST_STEP][PASSED] - click(findTestObject("Object Repository/11. Login menu check/Page_CURA/i_CURA fa fa-bars")): Object: 'Object Repository/11. Login menu check/Page_CURA/i_CURA fa fa-bars' is clicked on

12-07-2024T19:50:42 - [MESSAGE][PASSED] - Object: 'Object Repository/11. Login menu check/Page_CURA/i_CURA fa fa-bars' is clicked on

12-07-2024T19:50:42 - [TEST_STEP][PASSED] - click(findTestObject("Object Repository/11. Login menu check/Page_CURA/a_Home")): Object: 'Object Repository/11. Login menu check/Page_CURA/a_Home' is clicked on

12-07-2024T19:50:43 - [MESSAGE][PASSED] - Object: 'Object Repository/11. Login menu check/Page_CURA/a_Home' is clicked on

12-07-2024T19:50:43 - [TEST_STEP][PASSED] - verifyElementText(findTestObject("Object Repository/11. Login menu check/Page_CURA/h1_CURA Service"), "CURA Healthcare Service"): Actual text and expected text of test object 'Object Repository/11. Login menu check/Page_CURA/h1_CURA Service' are matched.

12-07-2024T19:50:43 - [MESSAGE][PASSED] - Actual text and expected text of test object 'Object Repository/11. Login menu check/Page_CURA/h1_CURA Service' are matched.

12-07-2024T19:50:43 - [TEST_STEP][PASSED] - click(findTestObject("Object Repository/11. Login menu check/Page_CURA/i_CURA fa fa-bars")): Object: 'Object Repository/11. Login menu check/Page_CURA/i_CURA fa fa-bars' is clicked on

12-07-2024T19:50:43 - [MESSAGE][PASSED] - Object: 'Object Repository/11. Login menu check/Page_CURA/i_CURA fa fa-bars' is clicked on

12-07-2024T19:50:43 - [TEST_STEP][PASSED] - click(findTestObject("Object Repository/11. Login menu check/Page_CURA/a_Login")): Object: 'Object Repository/11. Login menu check/Page_CURA/a_Login' is clicked on

12-07-2024T19:50:44 - [MESSAGE][PASSED] - Object: 'Object Repository/11. Login menu check/Page_CURA/a_Login' is clicked on

12-07-2024T19:50:44 - [TEST_STEP][PASSED] - verifyElementText(findTestObject("Object Repository/11. Login menu check/Page_CURA/h2_Login"), "Login"): Actual text and expected text of test object 'Object Repository/11. Login menu check/Page_CURA/h2_Login' are matched.

12-07-2024T19:50:44 - [MESSAGE][PASSED] - Actual text and expected text of test object 'Object Repository/11. Login menu check/Page_CURA/h2_Login' are matched.]]></system-out>
         <system-err><![CDATA[]]></system-err>
      </testcase>
      <testcase name="Test Cases/CURA Web Test/TC04 - Login wrong password" time="9.803" classname="Test Cases/CURA Web Test/TC04 - Login wrong password" status="PASSED">
         <system-out><![CDATA[12-07-2024T19:50:44 - [TEST_CASE][PASSED] - Test Cases/CURA Web Test/TC04 - Login wrong password: Test Cases/CURA Web Test/TC04 - Login wrong password

12-07-2024T19:50:44 - [TEST_STEP][PASSED] - callTestCase(findTestCase("CURA Web Test/Properties/TCP01 - Open browser"), [:], STOP_ON_FAILURE): Call Test Case 'Test Cases/CURA Web Test/Properties/TCP01 - Open browser' successfully

12-07-2024T19:50:44 - [TEST_CASE][PASSED] - Test Cases/CURA Web Test/Properties/TCP01 - Open browser: Test Cases/CURA Web Test/Properties/TCP01 - Open browser

12-07-2024T19:50:44 - [TEST_STEP][PASSED] - openBrowser(""): Browser is opened with url: ''

12-07-2024T19:50:44 - [MESSAGE][WARNING] - A browser is already opened. Closing browser and opening a new one

12-07-2024T19:50:45 - [MESSAGE][INFO] - Starting 'Chrome' driver

12-07-2024T19:50:45 - [MESSAGE][INFO] - Action delay is set to 0 milliseconds

12-07-2024T19:50:45 - [MESSAGE][PASSED] - Browser is opened with url: ''

12-07-2024T19:50:45 - [TEST_STEP][PASSED] - navigateToUrl(URL): Navigate to 'https://katalon-demo-cura.herokuapp.com/' successfully

12-07-2024T19:50:49 - [MESSAGE][PASSED] - Navigate to 'https://katalon-demo-cura.herokuapp.com/' successfully

12-07-2024T19:50:49 - [MESSAGE][PASSED] - Call Test Case 'Test Cases/CURA Web Test/Properties/TCP01 - Open browser' successfully

12-07-2024T19:50:49 - [TEST_STEP][PASSED] - click(findTestObject("7. Failed Login/Page_CURA/a_Make Appointment")): Object: 'Object Repository/7. Failed Login/Page_CURA/a_Make Appointment' is clicked on

12-07-2024T19:50:50 - [MESSAGE][PASSED] - Object: 'Object Repository/7. Failed Login/Page_CURA/a_Make Appointment' is clicked on

12-07-2024T19:50:50 - [TEST_STEP][PASSED] - userName = getAttribute(findTestObject("Object Repository/7. Failed Login/Page_CURA/input_Username"), "username"): Attribute 'username' of object 'Object Repository/7. Failed Login/Page_CURA/input_Username' is: 'null'

12-07-2024T19:50:51 - [MESSAGE][PASSED] - Attribute 'username' of object 'Object Repository/7. Failed Login/Page_CURA/input_Username' is: 'null'

12-07-2024T19:50:51 - [TEST_STEP][PASSED] - passWord = getAttribute(findTestObject("Object Repository/7. Failed Login/Page_CURA/input_Password"), "password"): Attribute 'password' of object 'Object Repository/7. Failed Login/Page_CURA/input_Password' is: 'null'

12-07-2024T19:50:51 - [MESSAGE][PASSED] - Attribute 'password' of object 'Object Repository/7. Failed Login/Page_CURA/input_Password' is: 'null'

12-07-2024T19:50:51 - [TEST_STEP][PASSED] - click(findTestObject("Object Repository/7. Failed Login/Page_CURA/a_Make Appointment")): Object: 'Object Repository/7. Failed Login/Page_CURA/a_Make Appointment' is clicked on

12-07-2024T19:50:51 - [MESSAGE][PASSED] - Object: 'Object Repository/7. Failed Login/Page_CURA/a_Make Appointment' is clicked on

12-07-2024T19:50:51 - [TEST_STEP][PASSED] - setText(findTestObject("Object Repository/7. Failed Login/Page_CURA/input_Username"), " John Doe"): Text ' John Doe' is set on object 'Object Repository/7. Failed Login/Page_CURA/input_Username'

12-07-2024T19:50:52 - [MESSAGE][PASSED] - Text ' John Doe' is set on object 'Object Repository/7. Failed Login/Page_CURA/input_Username'

12-07-2024T19:50:52 - [TEST_STEP][PASSED] - setText(findTestObject("10. Login page/Page_CURA/input_Password"), "This"): Text 'This' is set on object 'Object Repository/10. Login page/Page_CURA/input_Password'

12-07-2024T19:50:53 - [MESSAGE][PASSED] - Text 'This' is set on object 'Object Repository/10. Login page/Page_CURA/input_Password'

12-07-2024T19:50:53 - [TEST_STEP][PASSED] - click(findTestObject("Object Repository/7. Failed Login/Page_CURA/button_Login")): Object: 'Object Repository/7. Failed Login/Page_CURA/button_Login' is clicked on

12-07-2024T19:50:54 - [MESSAGE][PASSED] - Object: 'Object Repository/7. Failed Login/Page_CURA/button_Login' is clicked on

12-07-2024T19:50:54 - [TEST_STEP][PASSED] - if (userName == "John Doe" && passWord == "g3/DOGG74jC3Flrr3yH+3D/yKbOqqUNM"): null

12-07-2024T19:50:54 - [TEST_STEP][PASSED] - else: Object 'Object Repository/7. Failed Login/Page_CURA/p_Login failed' is visible

12-07-2024T19:50:54 - [TEST_STEP][PASSED] - verifyElementVisible(findTestObject("Object Repository/7. Failed Login/Page_CURA/p_Login failed")): Object 'Object Repository/7. Failed Login/Page_CURA/p_Login failed' is visible

12-07-2024T19:50:54 - [MESSAGE][PASSED] - Object 'Object Repository/7. Failed Login/Page_CURA/p_Login failed' is visible]]></system-out>
         <system-err><![CDATA[]]></system-err>
      </testcase>
      <testcase name="Test Cases/CURA Web Test/TC03 - Login wrong username" time="10.338" classname="Test Cases/CURA Web Test/TC03 - Login wrong username" status="PASSED">
         <system-out><![CDATA[12-07-2024T19:50:54 - [TEST_CASE][PASSED] - Test Cases/CURA Web Test/TC03 - Login wrong username: Test Cases/CURA Web Test/TC03 - Login wrong username

12-07-2024T19:50:54 - [TEST_STEP][PASSED] - callTestCase(findTestCase("CURA Web Test/Properties/TCP01 - Open browser"), [:], STOP_ON_FAILURE): Call Test Case 'Test Cases/CURA Web Test/Properties/TCP01 - Open browser' successfully

12-07-2024T19:50:54 - [TEST_CASE][PASSED] - Test Cases/CURA Web Test/Properties/TCP01 - Open browser: Test Cases/CURA Web Test/Properties/TCP01 - Open browser

12-07-2024T19:50:54 - [TEST_STEP][PASSED] - openBrowser(""): Browser is opened with url: ''

12-07-2024T19:50:54 - [MESSAGE][WARNING] - A browser is already opened. Closing browser and opening a new one

12-07-2024T19:50:54 - [MESSAGE][INFO] - Starting 'Chrome' driver

12-07-2024T19:50:54 - [MESSAGE][INFO] - Action delay is set to 0 milliseconds

12-07-2024T19:50:55 - [MESSAGE][PASSED] - Browser is opened with url: ''

12-07-2024T19:50:55 - [TEST_STEP][PASSED] - navigateToUrl(URL): Navigate to 'https://katalon-demo-cura.herokuapp.com/' successfully

12-07-2024T19:50:56 - [MESSAGE][PASSED] - Navigate to 'https://katalon-demo-cura.herokuapp.com/' successfully

12-07-2024T19:50:56 - [MESSAGE][PASSED] - Call Test Case 'Test Cases/CURA Web Test/Properties/TCP01 - Open browser' successfully

12-07-2024T19:50:56 - [TEST_STEP][PASSED] - click(findTestObject("7. Failed Login/Page_CURA/a_Make Appointment")): Object: 'Object Repository/7. Failed Login/Page_CURA/a_Make Appointment' is clicked on

12-07-2024T19:51:01 - [MESSAGE][PASSED] - Object: 'Object Repository/7. Failed Login/Page_CURA/a_Make Appointment' is clicked on

12-07-2024T19:51:01 - [TEST_STEP][PASSED] - userName = getAttribute(findTestObject("Object Repository/7. Failed Login/Page_CURA/input_Username"), "username"): Attribute 'username' of object 'Object Repository/7. Failed Login/Page_CURA/input_Username' is: 'null'

12-07-2024T19:51:02 - [MESSAGE][PASSED] - Attribute 'username' of object 'Object Repository/7. Failed Login/Page_CURA/input_Username' is: 'null'

12-07-2024T19:51:02 - [TEST_STEP][PASSED] - passWord = getAttribute(findTestObject("Object Repository/7. Failed Login/Page_CURA/input_Password"), "password"): Attribute 'password' of object 'Object Repository/7. Failed Login/Page_CURA/input_Password' is: 'null'

12-07-2024T19:51:02 - [MESSAGE][PASSED] - Attribute 'password' of object 'Object Repository/7. Failed Login/Page_CURA/input_Password' is: 'null'

12-07-2024T19:51:02 - [TEST_STEP][PASSED] - click(findTestObject("Object Repository/7. Failed Login/Page_CURA/a_Make Appointment")): Object: 'Object Repository/7. Failed Login/Page_CURA/a_Make Appointment' is clicked on

12-07-2024T19:51:02 - [MESSAGE][PASSED] - Object: 'Object Repository/7. Failed Login/Page_CURA/a_Make Appointment' is clicked on

12-07-2024T19:51:02 - [TEST_STEP][PASSED] - setText(findTestObject("Object Repository/7. Failed Login/Page_CURA/input_Username"), "John"): Text 'John' is set on object 'Object Repository/7. Failed Login/Page_CURA/input_Username'

12-07-2024T19:51:03 - [MESSAGE][PASSED] - Text 'John' is set on object 'Object Repository/7. Failed Login/Page_CURA/input_Username'

12-07-2024T19:51:03 - [TEST_STEP][PASSED] - click(findTestObject("Object Repository/7. Failed Login/Page_CURA/button_Login")): Object: 'Object Repository/7. Failed Login/Page_CURA/button_Login' is clicked on

12-07-2024T19:51:04 - [MESSAGE][PASSED] - Object: 'Object Repository/7. Failed Login/Page_CURA/button_Login' is clicked on

12-07-2024T19:51:04 - [TEST_STEP][PASSED] - if (userName == "John Doe" && passWord == "g3/DOGG74jC3Flrr3yH+3D/yKbOqqUNM"): null

12-07-2024T19:51:04 - [TEST_STEP][PASSED] - else: Object 'Object Repository/7. Failed Login/Page_CURA/p_Login failed' is visible

12-07-2024T19:51:04 - [TEST_STEP][PASSED] - verifyElementVisible(findTestObject("Object Repository/7. Failed Login/Page_CURA/p_Login failed")): Object 'Object Repository/7. Failed Login/Page_CURA/p_Login failed' is visible

12-07-2024T19:51:04 - [MESSAGE][PASSED] - Object 'Object Repository/7. Failed Login/Page_CURA/p_Login failed' is visible]]></system-out>
         <system-err><![CDATA[]]></system-err>
      </testcase>
      <testcase name="Test Cases/CURA Web Test/TC02 - Login normally" time="17.481" classname="Test Cases/CURA Web Test/TC02 - Login normally" status="PASSED">
         <system-out><![CDATA[12-07-2024T19:51:04 - [TEST_CASE][PASSED] - Test Cases/CURA Web Test/TC02 - Login normally: Test Cases/CURA Web Test/TC02 - Login normally

12-07-2024T19:51:04 - [TEST_STEP][PASSED] - callTestCase(findTestCase("CURA Web Test/Properties/TCP01 - Open browser"), [:], STOP_ON_FAILURE): Call Test Case 'Test Cases/CURA Web Test/Properties/TCP01 - Open browser' successfully

12-07-2024T19:51:05 - [TEST_CASE][PASSED] - Test Cases/CURA Web Test/Properties/TCP01 - Open browser: Test Cases/CURA Web Test/Properties/TCP01 - Open browser

12-07-2024T19:51:05 - [TEST_STEP][PASSED] - openBrowser(""): Browser is opened with url: ''

12-07-2024T19:51:05 - [MESSAGE][WARNING] - A browser is already opened. Closing browser and opening a new one

12-07-2024T19:51:05 - [MESSAGE][INFO] - Starting 'Chrome' driver

12-07-2024T19:51:05 - [MESSAGE][INFO] - Action delay is set to 0 milliseconds

12-07-2024T19:51:05 - [MESSAGE][PASSED] - Browser is opened with url: ''

12-07-2024T19:51:05 - [TEST_STEP][PASSED] - navigateToUrl(URL): Navigate to 'https://katalon-demo-cura.herokuapp.com/' successfully

12-07-2024T19:51:13 - [MESSAGE][PASSED] - Navigate to 'https://katalon-demo-cura.herokuapp.com/' successfully

12-07-2024T19:51:13 - [MESSAGE][PASSED] - Call Test Case 'Test Cases/CURA Web Test/Properties/TCP01 - Open browser' successfully

12-07-2024T19:51:13 - [TEST_STEP][PASSED] - delay(2): Delayed 2 second(s)

12-07-2024T19:51:15 - [MESSAGE][PASSED] - Delayed 2 second(s)

12-07-2024T19:51:15 - [TEST_STEP][PASSED] - takeFullPageScreenshot(): Taking screenshot successfully

12-07-2024T19:51:15 - [MESSAGE][INFO] - 0 hidden object(s)

12-07-2024T19:51:15 - [MESSAGE][PASSED] - Taking screenshot successfully
[[ATTACHMENT|C:\\Users\\Lenovo\\git\\KatalonPractitionerLevel\\Reports\\20240712_194912\\CURA Test suites\\TS02 - Login variation\\20240712_194915\\1720788675155.png]]

12-07-2024T19:51:15 - [TEST_STEP][PASSED] - click(findTestObject("1. CURA Object button/Make Appointment")): Object: 'Object Repository/1. CURA Object button/Make Appointment' is clicked on

12-07-2024T19:51:16 - [MESSAGE][PASSED] - Object: 'Object Repository/1. CURA Object button/Make Appointment' is clicked on

12-07-2024T19:51:16 - [TEST_STEP][PASSED] - takeScreenshotAsCheckpoint("Login page"): Taking screenshot successfully

12-07-2024T19:51:17 - [MESSAGE][INFO] - 0 hidden object(s)

12-07-2024T19:51:17 - [MESSAGE][PASSED] - Taking screenshot successfully
[[ATTACHMENT|keyes\keyes-Login page.png]]

12-07-2024T19:51:17 - [TEST_STEP][PASSED] - setText(findTestObject("1. CURA Object button/Username"), Username): Text 'John Doe' is set on object 'Object Repository/1. CURA Object button/Username'

12-07-2024T19:51:18 - [MESSAGE][PASSED] - Text 'John Doe' is set on object 'Object Repository/1. CURA Object button/Username'

12-07-2024T19:51:18 - [TEST_STEP][PASSED] - setText(findTestObject("1. CURA Object button/Password"), Password): Text 'ThisIsNotAPassword' is set on object 'Object Repository/1. CURA Object button/Password'

12-07-2024T19:51:18 - [MESSAGE][PASSED] - Text 'ThisIsNotAPassword' is set on object 'Object Repository/1. CURA Object button/Password'

12-07-2024T19:51:18 - [TEST_STEP][PASSED] - click(findTestObject("1. CURA Object button/Login Button")): Object: 'Object Repository/1. CURA Object button/Login Button' is clicked on

12-07-2024T19:51:19 - [MESSAGE][PASSED] - Object: 'Object Repository/1. CURA Object button/Login Button' is clicked on

12-07-2024T19:51:19 - [TEST_STEP][PASSED] - delay(2): Delayed 2 second(s)

12-07-2024T19:51:21 - [MESSAGE][PASSED] - Delayed 2 second(s)

12-07-2024T19:51:21 - [TEST_STEP][PASSED] - takeScreenshotAsCheckpoint("Make appointment page"): Taking screenshot successfully

12-07-2024T19:51:22 - [MESSAGE][INFO] - 0 hidden object(s)

12-07-2024T19:51:22 - [MESSAGE][PASSED] - Taking screenshot successfully
[[ATTACHMENT|keyes\keyes-Make appointment page.png]]]]></system-out>
         <system-err><![CDATA[]]></system-err>
      </testcase>
      <testcase name="Test Cases/CURA Web Test/Properties/TCP03 - Logout" time="1.77" classname="Test Cases/CURA Web Test/Properties/TCP03 - Logout" status="PASSED">
         <system-out><![CDATA[12-07-2024T19:51:22 - [TEST_CASE][PASSED] - Test Cases/CURA Web Test/Properties/TCP03 - Logout: Test Cases/CURA Web Test/Properties/TCP03 - Logout

12-07-2024T19:51:22 - [TEST_STEP][PASSED] - verifyElementText(findTestObject("2. CURA Object Text/Make Appointment"), "Make Appointment"): Actual text and expected text of test object 'Object Repository/2. CURA Object Text/Make Appointment' are matched.

12-07-2024T19:51:22 - [MESSAGE][PASSED] - Actual text and expected text of test object 'Object Repository/2. CURA Object Text/Make Appointment' are matched.

12-07-2024T19:51:22 - [TEST_STEP][PASSED] - click(findTestObject("1. CURA Object button/Menu")): Object: 'Object Repository/1. CURA Object button/Menu' is clicked on

12-07-2024T19:51:23 - [MESSAGE][PASSED] - Object: 'Object Repository/1. CURA Object button/Menu' is clicked on

12-07-2024T19:51:23 - [TEST_STEP][PASSED] - click(findTestObject("1. CURA Object button/Logout")): Object: 'Object Repository/1. CURA Object button/Logout' is clicked on

12-07-2024T19:51:23 - [MESSAGE][PASSED] - Object: 'Object Repository/1. CURA Object button/Logout' is clicked on

12-07-2024T19:51:23 - [TEST_STEP][PASSED] - closeBrowser(): Browser is closed

12-07-2024T19:51:24 - [MESSAGE][PASSED] - Browser is closed]]></system-out>
         <system-err><![CDATA[]]></system-err>
      </testcase>
      <system-out><![CDATA[12-07-2024T19:50:30 - [TEST_SUITE][PASSED] - TS02 - Login variation: Test Cases/CURA Web Test/Properties/TCP03 - Logout]]></system-out>
      <system-err><![CDATA[]]></system-err>
   </testsuite>
   <testsuite name="TS03 - Logout variation" tests="5" failures="1" errors="0" time="21.644" skipped="0" timestamp="12-07-2024T19:51:37" hostname="Lenovo - LAPTOP-7QB5JFLU" id="Test Suites/CURA Test suites/TS03 - Logout variation">
      <properties>
         <property name="deviceName" value=""/>
         <property name="devicePlatform"/>
         <property name="logFolder" value="C:\\Users\\Lenovo\\git\\KatalonPractitionerLevel\\Reports\\20240712_194912\\CURA Test suites\\TS03 - Logout variation\\20240712_194917"/>
         <property name="logFiles" value="C:\\Users\\Lenovo\\git\\KatalonPractitionerLevel\\Reports\\20240712_194912\\CURA Test suites\\TS03 - Logout variation\\20240712_194917\\execution0.log"/>
         <property name="attachments" value="C:\\Users\\Lenovo\\git\\KatalonPractitionerLevel\\Reports\\20240712_194912\\CURA Test suites\\TS03 - Logout variation\\20240712_194917\\1720788716031.png, C:\\Users\\Lenovo\\git\\KatalonPractitionerLevel\\Reports\\20240712_194912\\CURA Test suites\\TS03 - Logout variation\\20240712_194917\\1720788717158.png, C:\\Users\\Lenovo\\git\\KatalonPractitionerLevel\\Reports\\20240712_194912\\CURA Test suites\\TS03 - Logout variation\\20240712_194917\\1720788718259.png, C:\\Users\\Lenovo\\git\\KatalonPractitionerLevel\\Reports\\20240712_194912\\CURA Test suites\\TS03 - Logout variation\\20240712_194917\\1720788719291.png"/>
         <property name="hostName" value="Lenovo - LAPTOP-7QB5JFLU"/>
         <property name="os" value="Windows 11 64bit"/>
         <property name="katalonVersion" value="9.6.0.217"/>
         <property name="browser" value="Chrome 126.0.0.0"/>
         <property name="hostAddress" value="192.168.1.12"/>
         <property name="sessionId" value="b4b50e9102371d0d794f3d0e23d0aa13"/>
         <property name="seleniumVersion" value="3.141.59"/>
         <property name="proxyInformation" value="ProxyInformation { proxyOption=NO_PROXY, proxyServerType=HTTP, username=, password=********, proxyServerAddress=, proxyServerPort=0, executionList=&quot;&quot;, isApplyToDesiredCapabilities=true }"/>
         <property name="platform" value="Windows 11"/>
      </properties>
      <testcase name="Test Cases/CURA Web Test/Properties/TCP01 - Open browser" time="6.702" classname="Test Cases/CURA Web Test/Properties/TCP01 - Open browser" status="PASSED">
         <system-out><![CDATA[12-07-2024T19:51:38 - [TEST_CASE][PASSED] - Test Cases/CURA Web Test/Properties/TCP01 - Open browser: Test Cases/CURA Web Test/Properties/TCP01 - Open browser

12-07-2024T19:51:38 - [TEST_STEP][PASSED] - openBrowser(""): Browser is opened with url: ''

12-07-2024T19:51:38 - [MESSAGE][INFO] - Starting 'Chrome' driver

12-07-2024T19:51:38 - [MESSAGE][INFO] - Action delay is set to 0 milliseconds

12-07-2024T19:51:39 - [MESSAGE][PASSED] - Browser is opened with url: ''

12-07-2024T19:51:39 - [TEST_STEP][PASSED] - navigateToUrl(URL): Navigate to 'https://katalon-demo-cura.herokuapp.com/' successfully

12-07-2024T19:51:44 - [MESSAGE][PASSED] - Navigate to 'https://katalon-demo-cura.herokuapp.com/' successfully]]></system-out>
         <system-err><![CDATA[]]></system-err>
      </testcase>
      <testcase name="Test Cases/CURA Web Test/Properties/TCP02 - Login" time="4.156" classname="Test Cases/CURA Web Test/Properties/TCP02 - Login" status="PASSED">
         <system-out><![CDATA[12-07-2024T19:51:44 - [TEST_CASE][PASSED] - Test Cases/CURA Web Test/Properties/TCP02 - Login: Test Cases/CURA Web Test/Properties/TCP02 - Login

12-07-2024T19:51:44 - [TEST_STEP][PASSED] - click(findTestObject("1. CURA Object button/Make Appointment")): Object: 'Object Repository/1. CURA Object button/Make Appointment' is clicked on

12-07-2024T19:51:45 - [MESSAGE][PASSED] - Object: 'Object Repository/1. CURA Object button/Make Appointment' is clicked on

12-07-2024T19:51:45 - [TEST_STEP][PASSED] - verifyElementText(findTestObject("2. CURA Object Text/Login Text"), "Login"): Actual text and expected text of test object 'Object Repository/2. CURA Object Text/Login Text' are matched.

12-07-2024T19:51:46 - [MESSAGE][PASSED] - Actual text and expected text of test object 'Object Repository/2. CURA Object Text/Login Text' are matched.

12-07-2024T19:51:46 - [TEST_STEP][PASSED] - setText(findTestObject("1. CURA Object button/Username"), Username): Text 'John Doe' is set on object 'Object Repository/1. CURA Object button/Username'

12-07-2024T19:51:47 - [MESSAGE][PASSED] - Text 'John Doe' is set on object 'Object Repository/1. CURA Object button/Username'

12-07-2024T19:51:47 - [TEST_STEP][PASSED] - setText(findTestObject("1. CURA Object button/Password"), Password): Text 'ThisIsNotAPassword' is set on object 'Object Repository/1. CURA Object button/Password'

12-07-2024T19:51:47 - [MESSAGE][PASSED] - Text 'ThisIsNotAPassword' is set on object 'Object Repository/1. CURA Object button/Password'

12-07-2024T19:51:47 - [TEST_STEP][PASSED] - click(findTestObject("1. CURA Object button/Login Button")): Object: 'Object Repository/1. CURA Object button/Login Button' is clicked on

12-07-2024T19:51:48 - [MESSAGE][PASSED] - Object: 'Object Repository/1. CURA Object button/Login Button' is clicked on]]></system-out>
         <system-err><![CDATA[]]></system-err>
      </testcase>
      <testcase name="Test Cases/CURA Web Test/TC12 - Logout via button toggle" time="1.736" classname="Test Cases/CURA Web Test/TC12 - Logout via button toggle" status="PASSED">
         <system-out><![CDATA[12-07-2024T19:51:48 - [TEST_CASE][PASSED] - Test Cases/CURA Web Test/TC12 - Logout via button toggle: Test Cases/CURA Web Test/TC12 - Logout via button toggle

12-07-2024T19:51:48 - [TEST_STEP][PASSED] - click(findTestObject("1. CURA Object button/Menu"), STOP_ON_FAILURE): Object: 'Object Repository/1. CURA Object button/Menu' is clicked on

12-07-2024T19:51:49 - [MESSAGE][PASSED] - Object: 'Object Repository/1. CURA Object button/Menu' is clicked on

12-07-2024T19:51:49 - [TEST_STEP][PASSED] - click(findTestObject("1. CURA Object button/Logout")): Object: 'Object Repository/1. CURA Object button/Logout' is clicked on

12-07-2024T19:51:50 - [MESSAGE][PASSED] - Object: 'Object Repository/1. CURA Object button/Logout' is clicked on

12-07-2024T19:51:50 - [TEST_STEP][PASSED] - verifyElementText(findTestObject("2. CURA Object Text/Healthcare Service"), "CURA Healthcare Service"): Actual text and expected text of test object 'Object Repository/2. CURA Object Text/Healthcare Service' are matched.

12-07-2024T19:51:50 - [MESSAGE][PASSED] - Actual text and expected text of test object 'Object Repository/2. CURA Object Text/Healthcare Service' are matched.]]></system-out>
         <system-err><![CDATA[]]></system-err>
      </testcase>
      <testcase name="Test Cases/CURA Web Test/Properties/TCP02 - Login" time="3.679" classname="Test Cases/CURA Web Test/Properties/TCP02 - Login" status="PASSED">
         <system-out><![CDATA[12-07-2024T19:51:50 - [TEST_CASE][PASSED] - Test Cases/CURA Web Test/Properties/TCP02 - Login: Test Cases/CURA Web Test/Properties/TCP02 - Login

12-07-2024T19:51:50 - [TEST_STEP][PASSED] - click(findTestObject("1. CURA Object button/Make Appointment")): Object: 'Object Repository/1. CURA Object button/Make Appointment' is clicked on

12-07-2024T19:51:51 - [MESSAGE][PASSED] - Object: 'Object Repository/1. CURA Object button/Make Appointment' is clicked on

12-07-2024T19:51:51 - [TEST_STEP][PASSED] - verifyElementText(findTestObject("2. CURA Object Text/Login Text"), "Login"): Actual text and expected text of test object 'Object Repository/2. CURA Object Text/Login Text' are matched.

12-07-2024T19:51:51 - [MESSAGE][PASSED] - Actual text and expected text of test object 'Object Repository/2. CURA Object Text/Login Text' are matched.

12-07-2024T19:51:51 - [TEST_STEP][PASSED] - setText(findTestObject("1. CURA Object button/Username"), Username): Text 'John Doe' is set on object 'Object Repository/1. CURA Object button/Username'

12-07-2024T19:51:52 - [MESSAGE][PASSED] - Text 'John Doe' is set on object 'Object Repository/1. CURA Object button/Username'

12-07-2024T19:51:52 - [TEST_STEP][PASSED] - setText(findTestObject("1. CURA Object button/Password"), Password): Text 'ThisIsNotAPassword' is set on object 'Object Repository/1. CURA Object button/Password'

12-07-2024T19:51:53 - [MESSAGE][PASSED] - Text 'ThisIsNotAPassword' is set on object 'Object Repository/1. CURA Object button/Password'

12-07-2024T19:51:53 - [TEST_STEP][PASSED] - click(findTestObject("1. CURA Object button/Login Button")): Object: 'Object Repository/1. CURA Object button/Login Button' is clicked on

12-07-2024T19:51:54 - [MESSAGE][PASSED] - Object: 'Object Repository/1. CURA Object button/Login Button' is clicked on]]></system-out>
         <system-err><![CDATA[]]></system-err>
      </testcase>
      <testcase name="Test Cases/CURA Web Test/TC13 - Logout via profile menu" time="1.056" classname="Test Cases/CURA Web Test/TC13 - Logout via profile menu" status="FAILED">
         <failure type="FAILED" message="Test Cases/CURA Web Test/TC13 - Logout via profile menu FAILED.&#xa;Reason:&#xa;com.kms.katalon.core.exception.StepFailedException: Unable to click on object 'Object Repository/1. CURA Object button/Logout'&#xa;	at com.kms.katalon.core.webui.keyword.internal.WebUIKeywordMain.stepFailed(WebUIKeywordMain.groovy:64)&#xa;	at com.kms.katalon.core.webui.keyword.internal.WebUIKeywordMain.runKeyword(WebUIKeywordMain.groovy:26)&#xa;	at com.kms.katalon.core.webui.keyword.builtin.ClickKeyword.click(ClickKeyword.groovy:74)&#xa;	at com.kms.katalon.core.webui.keyword.builtin.ClickKeyword.execute(ClickKeyword.groovy:40)&#xa;	at com.kms.katalon.core.keyword.internal.KeywordExecutor.executeKeywordForPlatform(KeywordExecutor.groovy:74)&#xa;	at com.kms.katalon.core.webui.keyword.WebUiBuiltInKeywords.click(WebUiBuiltInKeywords.groovy:659)&#xa;	at TC13 - Logout via profile menu.run(TC13 - Logout via profile menu:24)&#xa;	at com.kms.katalon.core.main.ScriptEngine.run(ScriptEngine.java:194)&#xa;	at com.kms.katalon.core.main.ScriptEngine.runScriptAsRawText(ScriptEngine.java:119)&#xa;	at com.kms.katalon.core.main.TestCaseExecutor.runScript(TestCaseExecutor.java:448)&#xa;	at com.kms.katalon.core.main.TestCaseExecutor.doExecute(TestCaseExecutor.java:439)&#xa;	at com.kms.katalon.core.main.TestCaseExecutor.processExecutionPhase(TestCaseExecutor.java:418)&#xa;	at com.kms.katalon.core.main.TestCaseExecutor.accessMainPhase(TestCaseExecutor.java:410)&#xa;	at com.kms.katalon.core.main.TestCaseExecutor.execute(TestCaseExecutor.java:285)&#xa;	at com.kms.katalon.core.main.TestCaseExecutor.execute(TestCaseExecutor.java:369)&#xa;	at com.kms.katalon.core.main.TestCaseExecutor.execute(TestCaseExecutor.java:369)&#xa;	at com.kms.katalon.core.main.TestCaseExecutor.execute(TestCaseExecutor.java:369)&#xa;	at com.kms.katalon.core.common.CommonExecutor.accessTestCaseMainPhase(CommonExecutor.java:65)&#xa;	at com.kms.katalon.core.main.TestSuiteExecutor.accessTestSuiteMainPhase(TestSuiteExecutor.java:150)&#xa;	at com.kms.katalon.core.main.TestSuiteExecutor.execute(TestSuiteExecutor.java:106)&#xa;	at com.kms.katalon.core.main.TestCaseMain.startTestSuite(TestCaseMain.java:180)&#xa;	at TempTestSuite1720788557531.run(TempTestSuite1720788557531.groovy:35)&#xa;	at java.base/jdk.internal.reflect.NativeMethodAccessorImpl.invoke0(Native Method)&#xa;	at java.base/jdk.internal.reflect.NativeMethodAccessorImpl.invoke(NativeMethodAccessorImpl.java:77)&#xa;	at java.base/jdk.internal.reflect.DelegatingMethodAccessorImpl.invoke(DelegatingMethodAccessorImpl.java:43)&#xa;Caused by: org.openqa.selenium.ElementNotInteractableException: element not interactable&#xa;  (Session info: chrome=126.0.6478.127)&#xa;Build info: version: '3.141.59', revision: 'unknown', time: 'unknown'&#xa;System info: host: 'LAPTOP-7QB5JFLU', ip: '192.168.1.12', os.name: 'Windows 11', os.arch: 'amd64', os.version: '10.0', java.version: '17.0.7'&#xa;Driver info: com.kms.katalon.selenium.driver.CChromeDriver&#xa;Capabilities {acceptInsecureCerts: false, browserName: chrome, browserVersion: 126.0.6478.127, chrome: {chromedriverVersion: 126.0.6478.126 (d36ace6122e..., userDataDir: C:\Users\Lenovo\AppData\Loc...}, fedcm:accounts: true, goog:chromeOptions: {debuggerAddress: localhost:50947}, javascriptEnabled: true, networkConnectionEnabled: false, pageLoadStrategy: normal, platform: WINDOWS, platformName: WINDOWS, proxy: Proxy(), setWindowRect: true, strictFileInteractability: false, timeouts: {implicit: 0, pageLoad: 300000, script: 30000}, unhandledPromptBehavior: dismiss and notify, webauthn:extension:credBlob: true, webauthn:extension:largeBlob: true, webauthn:extension:minPinLength: true, webauthn:extension:prf: true, webauthn:virtualAuthenticators: true}&#xa;Session ID: b4b50e9102371d0d794f3d0e23d0aa13&#xa;	at java.base/jdk.internal.reflect.NativeConstructorAccessorImpl.newInstance0(Native Method)&#xa;	at java.base/jdk.internal.reflect.NativeConstructorAccessorImpl.newInstance(NativeConstructorAccessorImpl.java:77)&#xa;	at java.base/jdk.internal.reflect.DelegatingConstructorAccessorImpl.newInstance(DelegatingConstructorAccessorImpl.java:45)&#xa;	at org.openqa.selenium.remote.http.W3CHttpResponseCodec.createException(W3CHttpResponseCodec.java:187)&#xa;	at org.openqa.selenium.remote.http.W3CHttpResponseCodec.decode(W3CHttpResponseCodec.java:122)&#xa;	at org.openqa.selenium.remote.http.W3CHttpResponseCodec.decode(W3CHttpResponseCodec.java:49)&#xa;	at org.openqa.selenium.remote.HttpCommandExecutor.execute(HttpCommandExecutor.java:158)&#xa;	at org.openqa.selenium.remote.service.DriverCommandExecutor.execute(DriverCommandExecutor.java:83)&#xa;	at org.openqa.selenium.remote.RemoteWebDriver.execute(RemoteWebDriver.java:552)&#xa;	at com.kms.katalon.selenium.driver.CChromeDriver.execute(CChromeDriver.java:19)&#xa;	at org.openqa.selenium.remote.RemoteWebElement.execute(RemoteWebElement.java:285)&#xa;	at org.openqa.selenium.remote.RemoteWebElement.click(RemoteWebElement.java:84)&#xa;	at jdk.internal.reflect.GeneratedMethodAccessor14.invoke(Unknown Source)&#xa;	at java.base/jdk.internal.reflect.DelegatingMethodAccessorImpl.invoke(DelegatingMethodAccessorImpl.java:43)&#xa;	at org.openqa.selenium.support.events.EventFiringWebDriver$EventFiringWebElement.lambda$new$0(EventFiringWebDriver.java:404)&#xa;	at jdk.proxy2/jdk.proxy2.$Proxy24.click(Unknown Source)&#xa;	at org.openqa.selenium.support.events.EventFiringWebDriver$EventFiringWebElement.click(EventFiringWebDriver.java:417)&#xa;	at org.openqa.selenium.WebElement$click.call(Unknown Source)&#xa;	at com.kms.katalon.core.webui.keyword.builtin.ClickKeyword.clickUntilSuccessWithTimeout(ClickKeyword.groovy:81)&#xa;	at com.kms.katalon.core.webui.keyword.builtin.ClickKeyword.clickUntilSuccessWithTimeout(ClickKeyword.groovy)&#xa;	at jdk.internal.reflect.GeneratedMethodAccessor12.invoke(Unknown Source)&#xa;	at java.base/jdk.internal.reflect.DelegatingMethodAccessorImpl.invoke(DelegatingMethodAccessorImpl.java:43)&#xa;	at com.kms.katalon.core.webui.keyword.builtin.ClickKeyword$_click_closure1.doCall(ClickKeyword.groovy:67)&#xa;	at com.kms.katalon.core.webui.keyword.builtin.ClickKeyword$_click_closure1.call(ClickKeyword.groovy)&#xa;	at com.kms.katalon.core.webui.keyword.internal.WebUIKeywordMain.runKeyword(WebUIKeywordMain.groovy:20)&#xa;	... 23 more&#xa;"/>
         <system-out><![CDATA[12-07-2024T19:51:58 - [TEST_CASE][FAILED] - Test Cases/CURA Web Test/TC13 - Logout via profile menu: Test Cases/CURA Web Test/TC13 - Logout via profile menu FAILED.
Reason:
com.kms.katalon.core.exception.StepFailedException: Unable to click on object 'Object Repository/1. CURA Object button/Logout'
	at com.kms.katalon.core.webui.keyword.internal.WebUIKeywordMain.stepFailed(WebUIKeywordMain.groovy:64)
	at com.kms.katalon.core.webui.keyword.internal.WebUIKeywordMain.runKeyword(WebUIKeywordMain.groovy:26)
	at com.kms.katalon.core.webui.keyword.builtin.ClickKeyword.click(ClickKeyword.groovy:74)
	at com.kms.katalon.core.webui.keyword.builtin.ClickKeyword.execute(ClickKeyword.groovy:40)
	at com.kms.katalon.core.keyword.internal.KeywordExecutor.executeKeywordForPlatform(KeywordExecutor.groovy:74)
	at com.kms.katalon.core.webui.keyword.WebUiBuiltInKeywords.click(WebUiBuiltInKeywords.groovy:659)
	at TC13 - Logout via profile menu.run(TC13 - Logout via profile menu:24)
	at com.kms.katalon.core.main.ScriptEngine.run(ScriptEngine.java:194)
	at com.kms.katalon.core.main.ScriptEngine.runScriptAsRawText(ScriptEngine.java:119)
	at com.kms.katalon.core.main.TestCaseExecutor.runScript(TestCaseExecutor.java:448)
	at com.kms.katalon.core.main.TestCaseExecutor.doExecute(TestCaseExecutor.java:439)
	at com.kms.katalon.core.main.TestCaseExecutor.processExecutionPhase(TestCaseExecutor.java:418)
	at com.kms.katalon.core.main.TestCaseExecutor.accessMainPhase(TestCaseExecutor.java:410)
	at com.kms.katalon.core.main.TestCaseExecutor.execute(TestCaseExecutor.java:285)
	at com.kms.katalon.core.main.TestCaseExecutor.execute(TestCaseExecutor.java:369)
	at com.kms.katalon.core.main.TestCaseExecutor.execute(TestCaseExecutor.java:369)
	at com.kms.katalon.core.main.TestCaseExecutor.execute(TestCaseExecutor.java:369)
	at com.kms.katalon.core.common.CommonExecutor.accessTestCaseMainPhase(CommonExecutor.java:65)
	at com.kms.katalon.core.main.TestSuiteExecutor.accessTestSuiteMainPhase(TestSuiteExecutor.java:150)
	at com.kms.katalon.core.main.TestSuiteExecutor.execute(TestSuiteExecutor.java:106)
	at com.kms.katalon.core.main.TestCaseMain.startTestSuite(TestCaseMain.java:180)
	at TempTestSuite1720788557531.run(TempTestSuite1720788557531.groovy:35)
	at java.base/jdk.internal.reflect.NativeMethodAccessorImpl.invoke0(Native Method)
	at java.base/jdk.internal.reflect.NativeMethodAccessorImpl.invoke(NativeMethodAccessorImpl.java:77)
	at java.base/jdk.internal.reflect.DelegatingMethodAccessorImpl.invoke(DelegatingMethodAccessorImpl.java:43)
Caused by: org.openqa.selenium.ElementNotInteractableException: element not interactable
  (Session info: chrome=126.0.6478.127)
Build info: version: '3.141.59', revision: 'unknown', time: 'unknown'
System info: host: 'LAPTOP-7QB5JFLU', ip: '192.168.1.12', os.name: 'Windows 11', os.arch: 'amd64', os.version: '10.0', java.version: '17.0.7'
Driver info: com.kms.katalon.selenium.driver.CChromeDriver
Capabilities {acceptInsecureCerts: false, browserName: chrome, browserVersion: 126.0.6478.127, chrome: {chromedriverVersion: 126.0.6478.126 (d36ace6122e..., userDataDir: C:\Users\Lenovo\AppData\Loc...}, fedcm:accounts: true, goog:chromeOptions: {debuggerAddress: localhost:50947}, javascriptEnabled: true, networkConnectionEnabled: false, pageLoadStrategy: normal, platform: WINDOWS, platformName: WINDOWS, proxy: Proxy(), setWindowRect: true, strictFileInteractability: false, timeouts: {implicit: 0, pageLoad: 300000, script: 30000}, unhandledPromptBehavior: dismiss and notify, webauthn:extension:credBlob: true, webauthn:extension:largeBlob: true, webauthn:extension:minPinLength: true, webauthn:extension:prf: true, webauthn:virtualAuthenticators: true}
Session ID: b4b50e9102371d0d794f3d0e23d0aa13
	at java.base/jdk.internal.reflect.NativeConstructorAccessorImpl.newInstance0(Native Method)
	at java.base/jdk.internal.reflect.NativeConstructorAccessorImpl.newInstance(NativeConstructorAccessorImpl.java:77)
	at java.base/jdk.internal.reflect.DelegatingConstructorAccessorImpl.newInstance(DelegatingConstructorAccessorImpl.java:45)
	at org.openqa.selenium.remote.http.W3CHttpResponseCodec.createException(W3CHttpResponseCodec.java:187)
	at org.openqa.selenium.remote.http.W3CHttpResponseCodec.decode(W3CHttpResponseCodec.java:122)
	at org.openqa.selenium.remote.http.W3CHttpResponseCodec.decode(W3CHttpResponseCodec.java:49)
	at org.openqa.selenium.remote.HttpCommandExecutor.execute(HttpCommandExecutor.java:158)
	at org.openqa.selenium.remote.service.DriverCommandExecutor.execute(DriverCommandExecutor.java:83)
	at org.openqa.selenium.remote.RemoteWebDriver.execute(RemoteWebDriver.java:552)
	at com.kms.katalon.selenium.driver.CChromeDriver.execute(CChromeDriver.java:19)
	at org.openqa.selenium.remote.RemoteWebElement.execute(RemoteWebElement.java:285)
	at org.openqa.selenium.remote.RemoteWebElement.click(RemoteWebElement.java:84)
	at jdk.internal.reflect.GeneratedMethodAccessor14.invoke(Unknown Source)
	at java.base/jdk.internal.reflect.DelegatingMethodAccessorImpl.invoke(DelegatingMethodAccessorImpl.java:43)
	at org.openqa.selenium.support.events.EventFiringWebDriver$EventFiringWebElement.lambda$new$0(EventFiringWebDriver.java:404)
	at jdk.proxy2/jdk.proxy2.$Proxy24.click(Unknown Source)
	at org.openqa.selenium.support.events.EventFiringWebDriver$EventFiringWebElement.click(EventFiringWebDriver.java:417)
	at org.openqa.selenium.WebElement$click.call(Unknown Source)
	at com.kms.katalon.core.webui.keyword.builtin.ClickKeyword.clickUntilSuccessWithTimeout(ClickKeyword.groovy:81)
	at com.kms.katalon.core.webui.keyword.builtin.ClickKeyword.clickUntilSuccessWithTimeout(ClickKeyword.groovy)
	at jdk.internal.reflect.GeneratedMethodAccessor12.invoke(Unknown Source)
	at java.base/jdk.internal.reflect.DelegatingMethodAccessorImpl.invoke(DelegatingMethodAccessorImpl.java:43)
	at com.kms.katalon.core.webui.keyword.builtin.ClickKeyword$_click_closure1.doCall(ClickKeyword.groovy:67)
	at com.kms.katalon.core.webui.keyword.builtin.ClickKeyword$_click_closure1.call(ClickKeyword.groovy)
	at com.kms.katalon.core.webui.keyword.internal.WebUIKeywordMain.runKeyword(WebUIKeywordMain.groovy:20)
	... 23 more


12-07-2024T19:51:58 - [TEST_STEP][PASSED] - click(findTestObject("1. CURA Object button/Menu")): Object: 'Object Repository/1. CURA Object button/Menu' is clicked on

12-07-2024T19:51:58 - [MESSAGE][PASSED] - Object: 'Object Repository/1. CURA Object button/Menu' is clicked on

12-07-2024T19:51:58 - [TEST_STEP][PASSED] - click(findTestObject("1. CURA Object button/Profile")): Object: 'Object Repository/1. CURA Object button/Profile' is clicked on

12-07-2024T19:51:59 - [MESSAGE][PASSED] - Object: 'Object Repository/1. CURA Object button/Profile' is clicked on

12-07-2024T19:51:59 - [TEST_STEP][FAILED] - click(findTestObject("1. CURA Object button/Logout")): Unable to click on object 'Object Repository/1. CURA Object button/Logout' (Root cause: com.kms.katalon.core.exception.StepFailedException: Unable to click on object 'Object Repository/1. CURA Object button/Logout'
	at com.kms.katalon.core.webui.keyword.internal.WebUIKeywordMain.stepFailed(WebUIKeywordMain.groovy:64)
	at com.kms.katalon.core.webui.keyword.internal.WebUIKeywordMain.runKeyword(WebUIKeywordMain.groovy:26)
	at com.kms.katalon.core.webui.keyword.builtin.ClickKeyword.click(ClickKeyword.groovy:74)
	at com.kms.katalon.core.webui.keyword.builtin.ClickKeyword.execute(ClickKeyword.groovy:40)
	at com.kms.katalon.core.keyword.internal.KeywordExecutor.executeKeywordForPlatform(KeywordExecutor.groovy:74)
	at com.kms.katalon.core.webui.keyword.WebUiBuiltInKeywords.click(WebUiBuiltInKeywords.groovy:659)
	at TC13 - Logout via profile menu.run(TC13 - Logout via profile menu:24)
	at com.kms.katalon.core.main.ScriptEngine.run(ScriptEngine.java:194)
	at com.kms.katalon.core.main.ScriptEngine.runScriptAsRawText(ScriptEngine.java:119)
	at com.kms.katalon.core.main.TestCaseExecutor.runScript(TestCaseExecutor.java:448)
	at com.kms.katalon.core.main.TestCaseExecutor.doExecute(TestCaseExecutor.java:439)
	at com.kms.katalon.core.main.TestCaseExecutor.processExecutionPhase(TestCaseExecutor.java:418)
	at com.kms.katalon.core.main.TestCaseExecutor.accessMainPhase(TestCaseExecutor.java:410)
	at com.kms.katalon.core.main.TestCaseExecutor.execute(TestCaseExecutor.java:285)
	at com.kms.katalon.core.main.TestCaseExecutor.execute(TestCaseExecutor.java:369)
	at com.kms.katalon.core.main.TestCaseExecutor.execute(TestCaseExecutor.java:369)
	at com.kms.katalon.core.main.TestCaseExecutor.execute(TestCaseExecutor.java:369)
	at com.kms.katalon.core.common.CommonExecutor.accessTestCaseMainPhase(CommonExecutor.java:65)
	at com.kms.katalon.core.main.TestSuiteExecutor.accessTestSuiteMainPhase(TestSuiteExecutor.java:150)
	at com.kms.katalon.core.main.TestSuiteExecutor.execute(TestSuiteExecutor.java:106)
	at com.kms.katalon.core.main.TestCaseMain.startTestSuite(TestCaseMain.java:180)
	at TempTestSuite1720788557531.run(TempTestSuite1720788557531.groovy:35)
	at java.base/jdk.internal.reflect.NativeMethodAccessorImpl.invoke0(Native Method)
	at java.base/jdk.internal.reflect.NativeMethodAccessorImpl.invoke(NativeMethodAccessorImpl.java:77)
	at java.base/jdk.internal.reflect.DelegatingMethodAccessorImpl.invoke(DelegatingMethodAccessorImpl.java:43)
Caused by: org.openqa.selenium.ElementNotInteractableException: element not interactable
  (Session info: chrome=126.0.6478.127)
Build info: version: '3.141.59', revision: 'unknown', time: 'unknown'
System info: host: 'LAPTOP-7QB5JFLU', ip: '192.168.1.12', os.name: 'Windows 11', os.arch: 'amd64', os.version: '10.0', java.version: '17.0.7'
Driver info: com.kms.katalon.selenium.driver.CChromeDriver
Capabilities {acceptInsecureCerts: false, browserName: chrome, browserVersion: 126.0.6478.127, chrome: {chromedriverVersion: 126.0.6478.126 (d36ace6122e..., userDataDir: C:\Users\Lenovo\AppData\Loc...}, fedcm:accounts: true, goog:chromeOptions: {debuggerAddress: localhost:50947}, javascriptEnabled: true, networkConnectionEnabled: false, pageLoadStrategy: normal, platform: WINDOWS, platformName: WINDOWS, proxy: Proxy(), setWindowRect: true, strictFileInteractability: false, timeouts: {implicit: 0, pageLoad: 300000, script: 30000}, unhandledPromptBehavior: dismiss and notify, webauthn:extension:credBlob: true, webauthn:extension:largeBlob: true, webauthn:extension:minPinLength: true, webauthn:extension:prf: true, webauthn:virtualAuthenticators: true}
Session ID: b4b50e9102371d0d794f3d0e23d0aa13
	at java.base/jdk.internal.reflect.NativeConstructorAccessorImpl.newInstance0(Native Method)
	at java.base/jdk.internal.reflect.NativeConstructorAccessorImpl.newInstance(NativeConstructorAccessorImpl.java:77)
	at java.base/jdk.internal.reflect.DelegatingConstructorAccessorImpl.newInstance(DelegatingConstructorAccessorImpl.java:45)
	at org.openqa.selenium.remote.http.W3CHttpResponseCodec.createException(W3CHttpResponseCodec.java:187)
	at org.openqa.selenium.remote.http.W3CHttpResponseCodec.decode(W3CHttpResponseCodec.java:122)
	at org.openqa.selenium.remote.http.W3CHttpResponseCodec.decode(W3CHttpResponseCodec.java:49)
	at org.openqa.selenium.remote.HttpCommandExecutor.execute(HttpCommandExecutor.java:158)
	at org.openqa.selenium.remote.service.DriverCommandExecutor.execute(DriverCommandExecutor.java:83)
	at org.openqa.selenium.remote.RemoteWebDriver.execute(RemoteWebDriver.java:552)
	at com.kms.katalon.selenium.driver.CChromeDriver.execute(CChromeDriver.java:19)
	at org.openqa.selenium.remote.RemoteWebElement.execute(RemoteWebElement.java:285)
	at org.openqa.selenium.remote.RemoteWebElement.click(RemoteWebElement.java:84)
	at jdk.internal.reflect.GeneratedMethodAccessor14.invoke(Unknown Source)
	at java.base/jdk.internal.reflect.DelegatingMethodAccessorImpl.invoke(DelegatingMethodAccessorImpl.java:43)
	at org.openqa.selenium.support.events.EventFiringWebDriver$EventFiringWebElement.lambda$new$0(EventFiringWebDriver.java:404)
	at jdk.proxy2/jdk.proxy2.$Proxy24.click(Unknown Source)
	at org.openqa.selenium.support.events.EventFiringWebDriver$EventFiringWebElement.click(EventFiringWebDriver.java:417)
	at org.openqa.selenium.WebElement$click.call(Unknown Source)
	at com.kms.katalon.core.webui.keyword.builtin.ClickKeyword.clickUntilSuccessWithTimeout(ClickKeyword.groovy:81)
	at com.kms.katalon.core.webui.keyword.builtin.ClickKeyword.clickUntilSuccessWithTimeout(ClickKeyword.groovy)
	at jdk.internal.reflect.GeneratedMethodAccessor12.invoke(Unknown Source)
	at java.base/jdk.internal.reflect.DelegatingMethodAccessorImpl.invoke(DelegatingMethodAccessorImpl.java:43)
	at com.kms.katalon.core.webui.keyword.builtin.ClickKeyword$_click_closure1.doCall(ClickKeyword.groovy:67)
	at com.kms.katalon.core.webui.keyword.builtin.ClickKeyword$_click_closure1.call(ClickKeyword.groovy)
	at com.kms.katalon.core.webui.keyword.internal.WebUIKeywordMain.runKeyword(WebUIKeywordMain.groovy:20)
	at com.kms.katalon.core.webui.keyword.builtin.ClickKeyword.click(ClickKeyword.groovy:74)
	at com.kms.katalon.core.webui.keyword.builtin.ClickKeyword.execute(ClickKeyword.groovy:40)
	at com.kms.katalon.core.keyword.internal.KeywordExecutor.executeKeywordForPlatform(KeywordExecutor.groovy:74)
	at com.kms.katalon.core.webui.keyword.WebUiBuiltInKeywords.click(WebUiBuiltInKeywords.groovy:659)
	at Script1719642594865.run(Script1719642594865.groovy:24)
	... 18 more
)

12-07-2024T19:51:59 - [MESSAGE][FAILED] - Unable to click on object 'Object Repository/1. CURA Object button/Logout' (Root cause: com.kms.katalon.core.exception.StepFailedException: Unable to click on object 'Object Repository/1. CURA Object button/Logout'
	at com.kms.katalon.core.webui.keyword.internal.WebUIKeywordMain.stepFailed(WebUIKeywordMain.groovy:64)
	at com.kms.katalon.core.webui.keyword.internal.WebUIKeywordMain.runKeyword(WebUIKeywordMain.groovy:26)
	at com.kms.katalon.core.webui.keyword.builtin.ClickKeyword.click(ClickKeyword.groovy:74)
	at com.kms.katalon.core.webui.keyword.builtin.ClickKeyword.execute(ClickKeyword.groovy:40)
	at com.kms.katalon.core.keyword.internal.KeywordExecutor.executeKeywordForPlatform(KeywordExecutor.groovy:74)
	at com.kms.katalon.core.webui.keyword.WebUiBuiltInKeywords.click(WebUiBuiltInKeywords.groovy:659)
	at TC13 - Logout via profile menu.run(TC13 - Logout via profile menu:24)
	at com.kms.katalon.core.main.ScriptEngine.run(ScriptEngine.java:194)
	at com.kms.katalon.core.main.ScriptEngine.runScriptAsRawText(ScriptEngine.java:119)
	at com.kms.katalon.core.main.TestCaseExecutor.runScript(TestCaseExecutor.java:448)
	at com.kms.katalon.core.main.TestCaseExecutor.doExecute(TestCaseExecutor.java:439)
	at com.kms.katalon.core.main.TestCaseExecutor.processExecutionPhase(TestCaseExecutor.java:418)
	at com.kms.katalon.core.main.TestCaseExecutor.accessMainPhase(TestCaseExecutor.java:410)
	at com.kms.katalon.core.main.TestCaseExecutor.execute(TestCaseExecutor.java:285)
	at com.kms.katalon.core.main.TestCaseExecutor.execute(TestCaseExecutor.java:369)
	at com.kms.katalon.core.main.TestCaseExecutor.execute(TestCaseExecutor.java:369)
	at com.kms.katalon.core.main.TestCaseExecutor.execute(TestCaseExecutor.java:369)
	at com.kms.katalon.core.common.CommonExecutor.accessTestCaseMainPhase(CommonExecutor.java:65)
	at com.kms.katalon.core.main.TestSuiteExecutor.accessTestSuiteMainPhase(TestSuiteExecutor.java:150)
	at com.kms.katalon.core.main.TestSuiteExecutor.execute(TestSuiteExecutor.java:106)
	at com.kms.katalon.core.main.TestCaseMain.startTestSuite(TestCaseMain.java:180)
	at TempTestSuite1720788557531.run(TempTestSuite1720788557531.groovy:35)
	at java.base/jdk.internal.reflect.NativeMethodAccessorImpl.invoke0(Native Method)
	at java.base/jdk.internal.reflect.NativeMethodAccessorImpl.invoke(NativeMethodAccessorImpl.java:77)
	at java.base/jdk.internal.reflect.DelegatingMethodAccessorImpl.invoke(DelegatingMethodAccessorImpl.java:43)
Caused by: org.openqa.selenium.ElementNotInteractableException: element not interactable
  (Session info: chrome=126.0.6478.127)
Build info: version: '3.141.59', revision: 'unknown', time: 'unknown'
System info: host: 'LAPTOP-7QB5JFLU', ip: '192.168.1.12', os.name: 'Windows 11', os.arch: 'amd64', os.version: '10.0', java.version: '17.0.7'
Driver info: com.kms.katalon.selenium.driver.CChromeDriver
Capabilities {acceptInsecureCerts: false, browserName: chrome, browserVersion: 126.0.6478.127, chrome: {chromedriverVersion: 126.0.6478.126 (d36ace6122e..., userDataDir: C:\Users\Lenovo\AppData\Loc...}, fedcm:accounts: true, goog:chromeOptions: {debuggerAddress: localhost:50947}, javascriptEnabled: true, networkConnectionEnabled: false, pageLoadStrategy: normal, platform: WINDOWS, platformName: WINDOWS, proxy: Proxy(), setWindowRect: true, strictFileInteractability: false, timeouts: {implicit: 0, pageLoad: 300000, script: 30000}, unhandledPromptBehavior: dismiss and notify, webauthn:extension:credBlob: true, webauthn:extension:largeBlob: true, webauthn:extension:minPinLength: true, webauthn:extension:prf: true, webauthn:virtualAuthenticators: true}
Session ID: b4b50e9102371d0d794f3d0e23d0aa13
	at java.base/jdk.internal.reflect.NativeConstructorAccessorImpl.newInstance0(Native Method)
	at java.base/jdk.internal.reflect.NativeConstructorAccessorImpl.newInstance(NativeConstructorAccessorImpl.java:77)
	at java.base/jdk.internal.reflect.DelegatingConstructorAccessorImpl.newInstance(DelegatingConstructorAccessorImpl.java:45)
	at org.openqa.selenium.remote.http.W3CHttpResponseCodec.createException(W3CHttpResponseCodec.java:187)
	at org.openqa.selenium.remote.http.W3CHttpResponseCodec.decode(W3CHttpResponseCodec.java:122)
	at org.openqa.selenium.remote.http.W3CHttpResponseCodec.decode(W3CHttpResponseCodec.java:49)
	at org.openqa.selenium.remote.HttpCommandExecutor.execute(HttpCommandExecutor.java:158)
	at org.openqa.selenium.remote.service.DriverCommandExecutor.execute(DriverCommandExecutor.java:83)
	at org.openqa.selenium.remote.RemoteWebDriver.execute(RemoteWebDriver.java:552)
	at com.kms.katalon.selenium.driver.CChromeDriver.execute(CChromeDriver.java:19)
	at org.openqa.selenium.remote.RemoteWebElement.execute(RemoteWebElement.java:285)
	at org.openqa.selenium.remote.RemoteWebElement.click(RemoteWebElement.java:84)
	at jdk.internal.reflect.GeneratedMethodAccessor14.invoke(Unknown Source)
	at java.base/jdk.internal.reflect.DelegatingMethodAccessorImpl.invoke(DelegatingMethodAccessorImpl.java:43)
	at org.openqa.selenium.support.events.EventFiringWebDriver$EventFiringWebElement.lambda$new$0(EventFiringWebDriver.java:404)
	at jdk.proxy2/jdk.proxy2.$Proxy24.click(Unknown Source)
	at org.openqa.selenium.support.events.EventFiringWebDriver$EventFiringWebElement.click(EventFiringWebDriver.java:417)
	at org.openqa.selenium.WebElement$click.call(Unknown Source)
	at com.kms.katalon.core.webui.keyword.builtin.ClickKeyword.clickUntilSuccessWithTimeout(ClickKeyword.groovy:81)
	at com.kms.katalon.core.webui.keyword.builtin.ClickKeyword.clickUntilSuccessWithTimeout(ClickKeyword.groovy)
	at jdk.internal.reflect.GeneratedMethodAccessor12.invoke(Unknown Source)
	at java.base/jdk.internal.reflect.DelegatingMethodAccessorImpl.invoke(DelegatingMethodAccessorImpl.java:43)
	at com.kms.katalon.core.webui.keyword.builtin.ClickKeyword$_click_closure1.doCall(ClickKeyword.groovy:67)
	at com.kms.katalon.core.webui.keyword.builtin.ClickKeyword$_click_closure1.call(ClickKeyword.groovy)
	at com.kms.katalon.core.webui.keyword.internal.WebUIKeywordMain.runKeyword(WebUIKeywordMain.groovy:20)
	at com.kms.katalon.core.webui.keyword.builtin.ClickKeyword.click(ClickKeyword.groovy:74)
	at com.kms.katalon.core.webui.keyword.builtin.ClickKeyword.execute(ClickKeyword.groovy:40)
	at com.kms.katalon.core.keyword.internal.KeywordExecutor.executeKeywordForPlatform(KeywordExecutor.groovy:74)
	at com.kms.katalon.core.webui.keyword.WebUiBuiltInKeywords.click(WebUiBuiltInKeywords.groovy:659)
	at Script1719642594865.run(Script1719642594865.groovy:24)
	... 18 more
)
[[ATTACHMENT|C:\\Users\\Lenovo\\git\\KatalonPractitionerLevel\\Reports\\20240712_194912\\CURA Test suites\\TS03 - Logout variation\\20240712_194917\\1720788719291.png]]]]></system-out>
         <system-err><![CDATA[12-07-2024T19:51:58 - [TEST_CASE][FAILED] - Test Cases/CURA Web Test/TC13 - Logout via profile menu: Test Cases/CURA Web Test/TC13 - Logout via profile menu FAILED.
Reason:
com.kms.katalon.core.exception.StepFailedException: Unable to click on object 'Object Repository/1. CURA Object button/Logout'
	at com.kms.katalon.core.webui.keyword.internal.WebUIKeywordMain.stepFailed(WebUIKeywordMain.groovy:64)
	at com.kms.katalon.core.webui.keyword.internal.WebUIKeywordMain.runKeyword(WebUIKeywordMain.groovy:26)
	at com.kms.katalon.core.webui.keyword.builtin.ClickKeyword.click(ClickKeyword.groovy:74)
	at com.kms.katalon.core.webui.keyword.builtin.ClickKeyword.execute(ClickKeyword.groovy:40)
	at com.kms.katalon.core.keyword.internal.KeywordExecutor.executeKeywordForPlatform(KeywordExecutor.groovy:74)
	at com.kms.katalon.core.webui.keyword.WebUiBuiltInKeywords.click(WebUiBuiltInKeywords.groovy:659)
	at TC13 - Logout via profile menu.run(TC13 - Logout via profile menu:24)
	at com.kms.katalon.core.main.ScriptEngine.run(ScriptEngine.java:194)
	at com.kms.katalon.core.main.ScriptEngine.runScriptAsRawText(ScriptEngine.java:119)
	at com.kms.katalon.core.main.TestCaseExecutor.runScript(TestCaseExecutor.java:448)
	at com.kms.katalon.core.main.TestCaseExecutor.doExecute(TestCaseExecutor.java:439)
	at com.kms.katalon.core.main.TestCaseExecutor.processExecutionPhase(TestCaseExecutor.java:418)
	at com.kms.katalon.core.main.TestCaseExecutor.accessMainPhase(TestCaseExecutor.java:410)
	at com.kms.katalon.core.main.TestCaseExecutor.execute(TestCaseExecutor.java:285)
	at com.kms.katalon.core.main.TestCaseExecutor.execute(TestCaseExecutor.java:369)
	at com.kms.katalon.core.main.TestCaseExecutor.execute(TestCaseExecutor.java:369)
	at com.kms.katalon.core.main.TestCaseExecutor.execute(TestCaseExecutor.java:369)
	at com.kms.katalon.core.common.CommonExecutor.accessTestCaseMainPhase(CommonExecutor.java:65)
	at com.kms.katalon.core.main.TestSuiteExecutor.accessTestSuiteMainPhase(TestSuiteExecutor.java:150)
	at com.kms.katalon.core.main.TestSuiteExecutor.execute(TestSuiteExecutor.java:106)
	at com.kms.katalon.core.main.TestCaseMain.startTestSuite(TestCaseMain.java:180)
	at TempTestSuite1720788557531.run(TempTestSuite1720788557531.groovy:35)
	at java.base/jdk.internal.reflect.NativeMethodAccessorImpl.invoke0(Native Method)
	at java.base/jdk.internal.reflect.NativeMethodAccessorImpl.invoke(NativeMethodAccessorImpl.java:77)
	at java.base/jdk.internal.reflect.DelegatingMethodAccessorImpl.invoke(DelegatingMethodAccessorImpl.java:43)
Caused by: org.openqa.selenium.ElementNotInteractableException: element not interactable
  (Session info: chrome=126.0.6478.127)
Build info: version: '3.141.59', revision: 'unknown', time: 'unknown'
System info: host: 'LAPTOP-7QB5JFLU', ip: '192.168.1.12', os.name: 'Windows 11', os.arch: 'amd64', os.version: '10.0', java.version: '17.0.7'
Driver info: com.kms.katalon.selenium.driver.CChromeDriver
Capabilities {acceptInsecureCerts: false, browserName: chrome, browserVersion: 126.0.6478.127, chrome: {chromedriverVersion: 126.0.6478.126 (d36ace6122e..., userDataDir: C:\Users\Lenovo\AppData\Loc...}, fedcm:accounts: true, goog:chromeOptions: {debuggerAddress: localhost:50947}, javascriptEnabled: true, networkConnectionEnabled: false, pageLoadStrategy: normal, platform: WINDOWS, platformName: WINDOWS, proxy: Proxy(), setWindowRect: true, strictFileInteractability: false, timeouts: {implicit: 0, pageLoad: 300000, script: 30000}, unhandledPromptBehavior: dismiss and notify, webauthn:extension:credBlob: true, webauthn:extension:largeBlob: true, webauthn:extension:minPinLength: true, webauthn:extension:prf: true, webauthn:virtualAuthenticators: true}
Session ID: b4b50e9102371d0d794f3d0e23d0aa13
	at java.base/jdk.internal.reflect.NativeConstructorAccessorImpl.newInstance0(Native Method)
	at java.base/jdk.internal.reflect.NativeConstructorAccessorImpl.newInstance(NativeConstructorAccessorImpl.java:77)
	at java.base/jdk.internal.reflect.DelegatingConstructorAccessorImpl.newInstance(DelegatingConstructorAccessorImpl.java:45)
	at org.openqa.selenium.remote.http.W3CHttpResponseCodec.createException(W3CHttpResponseCodec.java:187)
	at org.openqa.selenium.remote.http.W3CHttpResponseCodec.decode(W3CHttpResponseCodec.java:122)
	at org.openqa.selenium.remote.http.W3CHttpResponseCodec.decode(W3CHttpResponseCodec.java:49)
	at org.openqa.selenium.remote.HttpCommandExecutor.execute(HttpCommandExecutor.java:158)
	at org.openqa.selenium.remote.service.DriverCommandExecutor.execute(DriverCommandExecutor.java:83)
	at org.openqa.selenium.remote.RemoteWebDriver.execute(RemoteWebDriver.java:552)
	at com.kms.katalon.selenium.driver.CChromeDriver.execute(CChromeDriver.java:19)
	at org.openqa.selenium.remote.RemoteWebElement.execute(RemoteWebElement.java:285)
	at org.openqa.selenium.remote.RemoteWebElement.click(RemoteWebElement.java:84)
	at jdk.internal.reflect.GeneratedMethodAccessor14.invoke(Unknown Source)
	at java.base/jdk.internal.reflect.DelegatingMethodAccessorImpl.invoke(DelegatingMethodAccessorImpl.java:43)
	at org.openqa.selenium.support.events.EventFiringWebDriver$EventFiringWebElement.lambda$new$0(EventFiringWebDriver.java:404)
	at jdk.proxy2/jdk.proxy2.$Proxy24.click(Unknown Source)
	at org.openqa.selenium.support.events.EventFiringWebDriver$EventFiringWebElement.click(EventFiringWebDriver.java:417)
	at org.openqa.selenium.WebElement$click.call(Unknown Source)
	at com.kms.katalon.core.webui.keyword.builtin.ClickKeyword.clickUntilSuccessWithTimeout(ClickKeyword.groovy:81)
	at com.kms.katalon.core.webui.keyword.builtin.ClickKeyword.clickUntilSuccessWithTimeout(ClickKeyword.groovy)
	at jdk.internal.reflect.GeneratedMethodAccessor12.invoke(Unknown Source)
	at java.base/jdk.internal.reflect.DelegatingMethodAccessorImpl.invoke(DelegatingMethodAccessorImpl.java:43)
	at com.kms.katalon.core.webui.keyword.builtin.ClickKeyword$_click_closure1.doCall(ClickKeyword.groovy:67)
	at com.kms.katalon.core.webui.keyword.builtin.ClickKeyword$_click_closure1.call(ClickKeyword.groovy)
	at com.kms.katalon.core.webui.keyword.internal.WebUIKeywordMain.runKeyword(WebUIKeywordMain.groovy:20)
	... 23 more]]></system-err>
      </testcase>
      <system-out><![CDATA[12-07-2024T19:51:37 - [TEST_SUITE][FAILED] - TS03 - Logout variation: Test Cases/CURA Web Test/TC13 - Logout via profile menu FAILED.
Reason:
com.kms.katalon.core.exception.StepFailedException: Unable to click on object 'Object Repository/1. CURA Object button/Logout'
	at com.kms.katalon.core.webui.keyword.internal.WebUIKeywordMain.stepFailed(WebUIKeywordMain.groovy:64)
	at com.kms.katalon.core.webui.keyword.internal.WebUIKeywordMain.runKeyword(WebUIKeywordMain.groovy:26)
	at com.kms.katalon.core.webui.keyword.builtin.ClickKeyword.click(ClickKeyword.groovy:74)
	at com.kms.katalon.core.webui.keyword.builtin.ClickKeyword.execute(ClickKeyword.groovy:40)
	at com.kms.katalon.core.keyword.internal.KeywordExecutor.executeKeywordForPlatform(KeywordExecutor.groovy:74)
	at com.kms.katalon.core.webui.keyword.WebUiBuiltInKeywords.click(WebUiBuiltInKeywords.groovy:659)
	at TC13 - Logout via profile menu.run(TC13 - Logout via profile menu:24)
	at com.kms.katalon.core.main.ScriptEngine.run(ScriptEngine.java:194)
	at com.kms.katalon.core.main.ScriptEngine.runScriptAsRawText(ScriptEngine.java:119)
	at com.kms.katalon.core.main.TestCaseExecutor.runScript(TestCaseExecutor.java:448)
	at com.kms.katalon.core.main.TestCaseExecutor.doExecute(TestCaseExecutor.java:439)
	at com.kms.katalon.core.main.TestCaseExecutor.processExecutionPhase(TestCaseExecutor.java:418)
	at com.kms.katalon.core.main.TestCaseExecutor.accessMainPhase(TestCaseExecutor.java:410)
	at com.kms.katalon.core.main.TestCaseExecutor.execute(TestCaseExecutor.java:285)
	at com.kms.katalon.core.common.CommonExecutor.accessTestCaseMainPhase(CommonExecutor.java:65)
	at com.kms.katalon.core.main.TestSuiteExecutor.accessTestSuiteMainPhase(TestSuiteExecutor.java:150)
	at com.kms.katalon.core.main.TestSuiteExecutor.execute(TestSuiteExecutor.java:106)
	at com.kms.katalon.core.main.TestCaseMain.startTestSuite(TestCaseMain.java:180)
	at TempTestSuite1720788557531.run(TempTestSuite1720788557531.groovy:35)
	at java.base/jdk.internal.reflect.NativeMethodAccessorImpl.invoke0(Native Method)
	at java.base/jdk.internal.reflect.NativeMethodAccessorImpl.invoke(NativeMethodAccessorImpl.java:77)
	at java.base/jdk.internal.reflect.DelegatingMethodAccessorImpl.invoke(DelegatingMethodAccessorImpl.java:43)
Caused by: org.openqa.selenium.ElementNotInteractableException: element not interactable
  (Session info: chrome=126.0.6478.127)
Build info: version: '3.141.59', revision: 'unknown', time: 'unknown'
System info: host: 'LAPTOP-7QB5JFLU', ip: '192.168.1.12', os.name: 'Windows 11', os.arch: 'amd64', os.version: '10.0', java.version: '17.0.7'
Driver info: com.kms.katalon.selenium.driver.CChromeDriver
Capabilities {acceptInsecureCerts: false, browserName: chrome, browserVersion: 126.0.6478.127, chrome: {chromedriverVersion: 126.0.6478.126 (d36ace6122e..., userDataDir: C:\Users\Lenovo\AppData\Loc...}, fedcm:accounts: true, goog:chromeOptions: {debuggerAddress: localhost:50947}, javascriptEnabled: true, networkConnectionEnabled: false, pageLoadStrategy: normal, platform: WINDOWS, platformName: WINDOWS, proxy: Proxy(), setWindowRect: true, strictFileInteractability: false, timeouts: {implicit: 0, pageLoad: 300000, script: 30000}, unhandledPromptBehavior: dismiss and notify, webauthn:extension:credBlob: true, webauthn:extension:largeBlob: true, webauthn:extension:minPinLength: true, webauthn:extension:prf: true, webauthn:virtualAuthenticators: true}
Session ID: b4b50e9102371d0d794f3d0e23d0aa13
	at java.base/jdk.internal.reflect.NativeConstructorAccessorImpl.newInstance0(Native Method)
	at java.base/jdk.internal.reflect.NativeConstructorAccessorImpl.newInstance(NativeConstructorAccessorImpl.java:77)
	at java.base/jdk.internal.reflect.DelegatingConstructorAccessorImpl.newInstance(DelegatingConstructorAccessorImpl.java:45)
	at org.openqa.selenium.remote.http.W3CHttpResponseCodec.createException(W3CHttpResponseCodec.java:187)
	at org.openqa.selenium.remote.http.W3CHttpResponseCodec.decode(W3CHttpResponseCodec.java:122)
	at org.openqa.selenium.remote.http.W3CHttpResponseCodec.decode(W3CHttpResponseCodec.java:49)
	at org.openqa.selenium.remote.HttpCommandExecutor.execute(HttpCommandExecutor.java:158)
	at org.openqa.selenium.remote.service.DriverCommandExecutor.execute(DriverCommandExecutor.java:83)
	at org.openqa.selenium.remote.RemoteWebDriver.execute(RemoteWebDriver.java:552)
	at com.kms.katalon.selenium.driver.CChromeDriver.execute(CChromeDriver.java:19)
	at org.openqa.selenium.remote.RemoteWebElement.execute(RemoteWebElement.java:285)
	at org.openqa.selenium.remote.RemoteWebElement.click(RemoteWebElement.java:84)
	at java.base/jdk.internal.reflect.NativeMethodAccessorImpl.invoke0(Native Method)
	at java.base/jdk.internal.reflect.NativeMethodAccessorImpl.invoke(NativeMethodAccessorImpl.java:77)
	at java.base/jdk.internal.reflect.DelegatingMethodAccessorImpl.invoke(DelegatingMethodAccessorImpl.java:43)
	at org.openqa.selenium.support.events.EventFiringWebDriver$EventFiringWebElement.lambda$new$0(EventFiringWebDriver.java:404)
	at jdk.proxy2/jdk.proxy2.$Proxy24.click(Unknown Source)
	at org.openqa.selenium.support.events.EventFiringWebDriver$EventFiringWebElement.click(EventFiringWebDriver.java:417)
	at org.openqa.selenium.WebElement$click.call(Unknown Source)
	at com.kms.katalon.core.webui.keyword.builtin.ClickKeyword.clickUntilSuccessWithTimeout(ClickKeyword.groovy:81)
	at com.kms.katalon.core.webui.keyword.builtin.ClickKeyword.clickUntilSuccessWithTimeout(ClickKeyword.groovy)
	at java.base/jdk.internal.reflect.NativeMethodAccessorImpl.invoke0(Native Method)
	at java.base/jdk.internal.reflect.NativeMethodAccessorImpl.invoke(NativeMethodAccessorImpl.java:77)
	at java.base/jdk.internal.reflect.DelegatingMethodAccessorImpl.invoke(DelegatingMethodAccessorImpl.java:43)
	at com.kms.katalon.core.webui.keyword.builtin.ClickKeyword$_click_closure1.doCall(ClickKeyword.groovy:67)
	at com.kms.katalon.core.webui.keyword.builtin.ClickKeyword$_click_closure1.call(ClickKeyword.groovy)
	at com.kms.katalon.core.webui.keyword.internal.WebUIKeywordMain.runKeyword(WebUIKeywordMain.groovy:20)
	... 20 more]]></system-out>
      <system-err><![CDATA[12-07-2024T19:51:37 - [TEST_SUITE][FAILED] - TS03 - Logout variation: Test Cases/CURA Web Test/TC13 - Logout via profile menu FAILED.
Reason:
com.kms.katalon.core.exception.StepFailedException: Unable to click on object 'Object Repository/1. CURA Object button/Logout'
	at com.kms.katalon.core.webui.keyword.internal.WebUIKeywordMain.stepFailed(WebUIKeywordMain.groovy:64)
	at com.kms.katalon.core.webui.keyword.internal.WebUIKeywordMain.runKeyword(WebUIKeywordMain.groovy:26)
	at com.kms.katalon.core.webui.keyword.builtin.ClickKeyword.click(ClickKeyword.groovy:74)
	at com.kms.katalon.core.webui.keyword.builtin.ClickKeyword.execute(ClickKeyword.groovy:40)
	at com.kms.katalon.core.keyword.internal.KeywordExecutor.executeKeywordForPlatform(KeywordExecutor.groovy:74)
	at com.kms.katalon.core.webui.keyword.WebUiBuiltInKeywords.click(WebUiBuiltInKeywords.groovy:659)
	at TC13 - Logout via profile menu.run(TC13 - Logout via profile menu:24)
	at com.kms.katalon.core.main.ScriptEngine.run(ScriptEngine.java:194)
	at com.kms.katalon.core.main.ScriptEngine.runScriptAsRawText(ScriptEngine.java:119)
	at com.kms.katalon.core.main.TestCaseExecutor.runScript(TestCaseExecutor.java:448)
	at com.kms.katalon.core.main.TestCaseExecutor.doExecute(TestCaseExecutor.java:439)
	at com.kms.katalon.core.main.TestCaseExecutor.processExecutionPhase(TestCaseExecutor.java:418)
	at com.kms.katalon.core.main.TestCaseExecutor.accessMainPhase(TestCaseExecutor.java:410)
	at com.kms.katalon.core.main.TestCaseExecutor.execute(TestCaseExecutor.java:285)
	at com.kms.katalon.core.common.CommonExecutor.accessTestCaseMainPhase(CommonExecutor.java:65)
	at com.kms.katalon.core.main.TestSuiteExecutor.accessTestSuiteMainPhase(TestSuiteExecutor.java:150)
	at com.kms.katalon.core.main.TestSuiteExecutor.execute(TestSuiteExecutor.java:106)
	at com.kms.katalon.core.main.TestCaseMain.startTestSuite(TestCaseMain.java:180)
	at TempTestSuite1720788557531.run(TempTestSuite1720788557531.groovy:35)
	at java.base/jdk.internal.reflect.NativeMethodAccessorImpl.invoke0(Native Method)
	at java.base/jdk.internal.reflect.NativeMethodAccessorImpl.invoke(NativeMethodAccessorImpl.java:77)
	at java.base/jdk.internal.reflect.DelegatingMethodAccessorImpl.invoke(DelegatingMethodAccessorImpl.java:43)
Caused by: org.openqa.selenium.ElementNotInteractableException: element not interactable
  (Session info: chrome=126.0.6478.127)
Build info: version: '3.141.59', revision: 'unknown', time: 'unknown'
System info: host: 'LAPTOP-7QB5JFLU', ip: '192.168.1.12', os.name: 'Windows 11', os.arch: 'amd64', os.version: '10.0', java.version: '17.0.7'
Driver info: com.kms.katalon.selenium.driver.CChromeDriver
Capabilities {acceptInsecureCerts: false, browserName: chrome, browserVersion: 126.0.6478.127, chrome: {chromedriverVersion: 126.0.6478.126 (d36ace6122e..., userDataDir: C:\Users\Lenovo\AppData\Loc...}, fedcm:accounts: true, goog:chromeOptions: {debuggerAddress: localhost:50947}, javascriptEnabled: true, networkConnectionEnabled: false, pageLoadStrategy: normal, platform: WINDOWS, platformName: WINDOWS, proxy: Proxy(), setWindowRect: true, strictFileInteractability: false, timeouts: {implicit: 0, pageLoad: 300000, script: 30000}, unhandledPromptBehavior: dismiss and notify, webauthn:extension:credBlob: true, webauthn:extension:largeBlob: true, webauthn:extension:minPinLength: true, webauthn:extension:prf: true, webauthn:virtualAuthenticators: true}
Session ID: b4b50e9102371d0d794f3d0e23d0aa13
	at java.base/jdk.internal.reflect.NativeConstructorAccessorImpl.newInstance0(Native Method)
	at java.base/jdk.internal.reflect.NativeConstructorAccessorImpl.newInstance(NativeConstructorAccessorImpl.java:77)
	at java.base/jdk.internal.reflect.DelegatingConstructorAccessorImpl.newInstance(DelegatingConstructorAccessorImpl.java:45)
	at org.openqa.selenium.remote.http.W3CHttpResponseCodec.createException(W3CHttpResponseCodec.java:187)
	at org.openqa.selenium.remote.http.W3CHttpResponseCodec.decode(W3CHttpResponseCodec.java:122)
	at org.openqa.selenium.remote.http.W3CHttpResponseCodec.decode(W3CHttpResponseCodec.java:49)
	at org.openqa.selenium.remote.HttpCommandExecutor.execute(HttpCommandExecutor.java:158)
	at org.openqa.selenium.remote.service.DriverCommandExecutor.execute(DriverCommandExecutor.java:83)
	at org.openqa.selenium.remote.RemoteWebDriver.execute(RemoteWebDriver.java:552)
	at com.kms.katalon.selenium.driver.CChromeDriver.execute(CChromeDriver.java:19)
	at org.openqa.selenium.remote.RemoteWebElement.execute(RemoteWebElement.java:285)
	at org.openqa.selenium.remote.RemoteWebElement.click(RemoteWebElement.java:84)
	at java.base/jdk.internal.reflect.NativeMethodAccessorImpl.invoke0(Native Method)
	at java.base/jdk.internal.reflect.NativeMethodAccessorImpl.invoke(NativeMethodAccessorImpl.java:77)
	at java.base/jdk.internal.reflect.DelegatingMethodAccessorImpl.invoke(DelegatingMethodAccessorImpl.java:43)
	at org.openqa.selenium.support.events.EventFiringWebDriver$EventFiringWebElement.lambda$new$0(EventFiringWebDriver.java:404)
	at jdk.proxy2/jdk.proxy2.$Proxy24.click(Unknown Source)
	at org.openqa.selenium.support.events.EventFiringWebDriver$EventFiringWebElement.click(EventFiringWebDriver.java:417)
	at org.openqa.selenium.WebElement$click.call(Unknown Source)
	at com.kms.katalon.core.webui.keyword.builtin.ClickKeyword.clickUntilSuccessWithTimeout(ClickKeyword.groovy:81)
	at com.kms.katalon.core.webui.keyword.builtin.ClickKeyword.clickUntilSuccessWithTimeout(ClickKeyword.groovy)
	at java.base/jdk.internal.reflect.NativeMethodAccessorImpl.invoke0(Native Method)
	at java.base/jdk.internal.reflect.NativeMethodAccessorImpl.invoke(NativeMethodAccessorImpl.java:77)
	at java.base/jdk.internal.reflect.DelegatingMethodAccessorImpl.invoke(DelegatingMethodAccessorImpl.java:43)
	at com.kms.katalon.core.webui.keyword.builtin.ClickKeyword$_click_closure1.doCall(ClickKeyword.groovy:67)
	at com.kms.katalon.core.webui.keyword.builtin.ClickKeyword$_click_closure1.call(ClickKeyword.groovy)
	at com.kms.katalon.core.webui.keyword.internal.WebUIKeywordMain.runKeyword(WebUIKeywordMain.groovy:20)
	... 20 more]]></system-err>
   </testsuite>
   <testsuite name="TS04 - Appointment check" tests="4" failures="0" errors="0" time="77.161" skipped="0" timestamp="12-07-2024T19:52:14" hostname="Lenovo - LAPTOP-7QB5JFLU" id="Test Suites/CURA Test suites/TS04 - Appointment check">
      <properties>
         <property name="deviceName" value=""/>
         <property name="devicePlatform"/>
         <property name="logFolder" value="C:\\Users\\Lenovo\\git\\KatalonPractitionerLevel\\Reports\\20240712_194912\\CURA Test suites\\TS04 - Appointment check\\20240712_194919"/>
         <property name="logFiles" value="C:\\Users\\Lenovo\\git\\KatalonPractitionerLevel\\Reports\\20240712_194912\\CURA Test suites\\TS04 - Appointment check\\20240712_194919\\execution0.log"/>
         <property name="attachments" value="keyes\keyes-CURA Homepage.png, keyes\keyes-Tokyo Appointment Confirmation.png, keyes\keyes-Hongkong Appointment Confirmation.png, keyes\keyes-History Hongkong Appointment.png"/>
         <property name="hostName" value="Lenovo - LAPTOP-7QB5JFLU"/>
         <property name="os" value="Windows 11 64bit"/>
         <property name="katalonVersion" value="9.6.0.217"/>
         <property name="browser" value="Chrome 126.0.0.0"/>
         <property name="hostAddress" value="192.168.1.12"/>
         <property name="sessionId" value="4ff953ec3ca3c669f341e2a3aec665f0"/>
         <property name="seleniumVersion" value="3.141.59"/>
         <property name="proxyInformation" value="ProxyInformation { proxyOption=NO_PROXY, proxyServerType=HTTP, username=, password=********, proxyServerAddress=, proxyServerPort=0, executionList=&quot;&quot;, isApplyToDesiredCapabilities=true }"/>
         <property name="platform" value="Windows 11"/>
      </properties>
      <testcase name="Test Cases/CURA Web Test/TC01 - Verify homepage of CURA" time="15.893" classname="Test Cases/CURA Web Test/TC01 - Verify homepage of CURA" status="PASSED">
         <system-out><![CDATA[12-07-2024T19:52:15 - [TEST_CASE][PASSED] - Test Cases/CURA Web Test/TC01 - Verify homepage of CURA: Test Cases/CURA Web Test/TC01 - Verify homepage of CURA

12-07-2024T19:52:15 - [TEST_STEP][PASSED] - openBrowser(""): Browser is opened with url: ''

12-07-2024T19:52:15 - [MESSAGE][INFO] - Starting 'Chrome' driver

12-07-2024T19:52:15 - [MESSAGE][INFO] - Action delay is set to 0 milliseconds

12-07-2024T19:52:16 - [MESSAGE][PASSED] - Browser is opened with url: ''

12-07-2024T19:52:16 - [TEST_STEP][PASSED] - navigateToUrl("https://katalon-demo-cura.herokuapp.com/"): Navigate to 'https://katalon-demo-cura.herokuapp.com/' successfully

12-07-2024T19:52:26 - [MESSAGE][PASSED] - Navigate to 'https://katalon-demo-cura.herokuapp.com/' successfully

12-07-2024T19:52:26 - [TEST_STEP][PASSED] - takeScreenshotAsCheckpoint("CURA Homepage"): Taking screenshot successfully

12-07-2024T19:52:27 - [MESSAGE][INFO] - 0 hidden object(s)

12-07-2024T19:52:27 - [MESSAGE][PASSED] - Taking screenshot successfully
[[ATTACHMENT|keyes\keyes-CURA Homepage.png]]

12-07-2024T19:52:27 - [TEST_STEP][PASSED] - verifyElementText(findTestObject("Object Repository/9. Homepage of CURA/Page_CURA/h1_CURA Service"), "CURA Healthcare Service"): Actual text and expected text of test object 'Object Repository/9. Homepage of CURA/Page_CURA/h1_CURA Service' are matched.

12-07-2024T19:52:27 - [MESSAGE][PASSED] - Actual text and expected text of test object 'Object Repository/9. Homepage of CURA/Page_CURA/h1_CURA Service' are matched.

12-07-2024T19:52:27 - [TEST_STEP][PASSED] - verifyElementText(findTestObject("Object Repository/9. Homepage of CURA/Page_CURA/h3_Your Health"), "We Care About Your Health"): Actual text and expected text of test object 'Object Repository/9. Homepage of CURA/Page_CURA/h3_Your Health' are matched.

12-07-2024T19:52:28 - [MESSAGE][PASSED] - Actual text and expected text of test object 'Object Repository/9. Homepage of CURA/Page_CURA/h3_Your Health' are matched.

12-07-2024T19:52:28 - [TEST_STEP][PASSED] - verifyElementText(findTestObject("Object Repository/9. Homepage of CURA/Page_CURA/strong_CURA Service"), "CURA Healthcare Service"): Actual text and expected text of test object 'Object Repository/9. Homepage of CURA/Page_CURA/strong_CURA Service' are matched.

12-07-2024T19:52:28 - [MESSAGE][PASSED] - Actual text and expected text of test object 'Object Repository/9. Homepage of CURA/Page_CURA/strong_CURA Service' are matched.

12-07-2024T19:52:28 - [TEST_STEP][PASSED] - ExpectedValue = "Atlanta 550 Pharr Road NE Suite 525
Atlanta, GA 30305": null

12-07-2024T19:52:28 - [TEST_STEP][PASSED] - verifyElementText(findTestObject("Object Repository/9. Homepage of CURA/Page_CURA/p_Address"), ExpectedValue): Actual text and expected text of test object 'Object Repository/9. Homepage of CURA/Page_CURA/p_Address' are matched.

12-07-2024T19:52:28 - [MESSAGE][PASSED] - Actual text and expected text of test object 'Object Repository/9. Homepage of CURA/Page_CURA/p_Address' are matched.

12-07-2024T19:52:28 - [TEST_STEP][PASSED] - verifyElementText(findTestObject("Object Repository/9. Homepage of CURA/Page_CURA/li_(678) 813-1KMS"), "(678) 813-1KMS"): Actual text and expected text of test object 'Object Repository/9. Homepage of CURA/Page_CURA/li_(678) 813-1KMS' are matched.

12-07-2024T19:52:29 - [MESSAGE][PASSED] - Actual text and expected text of test object 'Object Repository/9. Homepage of CURA/Page_CURA/li_(678) 813-1KMS' are matched.

12-07-2024T19:52:29 - [TEST_STEP][PASSED] - verifyElementText(findTestObject("Object Repository/9. Homepage of CURA/Page_CURA/li_infokatalon.com"), "info@katalon.com"): Actual text and expected text of test object 'Object Repository/9. Homepage of CURA/Page_CURA/li_infokatalon.com' are matched.

12-07-2024T19:52:29 - [MESSAGE][PASSED] - Actual text and expected text of test object 'Object Repository/9. Homepage of CURA/Page_CURA/li_infokatalon.com' are matched.

12-07-2024T19:52:29 - [TEST_STEP][PASSED] - verifyElementClickable(findTestObject("Object Repository/9. Homepage of CURA/Page_CURA/i_fa fa-facebook")): Object 'Object Repository/9. Homepage of CURA/Page_CURA/i_fa fa-facebook' is clickable

12-07-2024T19:52:29 - [MESSAGE][PASSED] - Object 'Object Repository/9. Homepage of CURA/Page_CURA/i_fa fa-facebook' is clickable

12-07-2024T19:52:29 - [TEST_STEP][PASSED] - verifyElementClickable(findTestObject("Object Repository/9. Homepage of CURA/Page_CURA/i_fa fa-twitter")): Object 'Object Repository/9. Homepage of CURA/Page_CURA/i_fa fa-twitter' is clickable

12-07-2024T19:52:30 - [MESSAGE][PASSED] - Object 'Object Repository/9. Homepage of CURA/Page_CURA/i_fa fa-twitter' is clickable

12-07-2024T19:52:30 - [TEST_STEP][PASSED] - verifyElementClickable(findTestObject("Object Repository/9. Homepage of CURA/Page_CURA/i_fa fa-dribbble")): Object 'Object Repository/9. Homepage of CURA/Page_CURA/i_fa fa-dribbble' is clickable

12-07-2024T19:52:30 - [MESSAGE][PASSED] - Object 'Object Repository/9. Homepage of CURA/Page_CURA/i_fa fa-dribbble' is clickable

12-07-2024T19:52:30 - [TEST_STEP][PASSED] - verifyElementText(findTestObject("Object Repository/9. Homepage of CURA/Page_CURA/p_Copyright"), "Copyright Â© CURA Healthcare Service 2024"): Actual text and expected text of test object 'Object Repository/9. Homepage of CURA/Page_CURA/p_Copyright' are matched.

12-07-2024T19:52:30 - [MESSAGE][PASSED] - Actual text and expected text of test object 'Object Repository/9. Homepage of CURA/Page_CURA/p_Copyright' are matched.

12-07-2024T19:52:30 - [TEST_STEP][PASSED] - verifyElementClickable(findTestObject("Object Repository/9. Homepage of CURA/Page_CURA/a_Make Appointment")): Object 'Object Repository/9. Homepage of CURA/Page_CURA/a_Make Appointment' is clickable

12-07-2024T19:52:30 - [MESSAGE][PASSED] - Object 'Object Repository/9. Homepage of CURA/Page_CURA/a_Make Appointment' is clickable]]></system-out>
         <system-err><![CDATA[]]></system-err>
      </testcase>
      <testcase name="Test Cases/CURA Web Test/TC08 - Appointment Tokyo" time="20.318" classname="Test Cases/CURA Web Test/TC08 - Appointment Tokyo" status="PASSED">
         <system-out><![CDATA[12-07-2024T19:52:30 - [TEST_CASE][PASSED] - Test Cases/CURA Web Test/TC08 - Appointment Tokyo: Test Cases/CURA Web Test/TC08 - Appointment Tokyo

12-07-2024T19:52:31 - [TEST_STEP][PASSED] - openBrowser(""): Browser is opened with url: ''

12-07-2024T19:52:31 - [MESSAGE][WARNING] - A browser is already opened. Closing browser and opening a new one

12-07-2024T19:52:31 - [MESSAGE][INFO] - Starting 'Chrome' driver

12-07-2024T19:52:31 - [MESSAGE][INFO] - Action delay is set to 0 milliseconds

12-07-2024T19:52:31 - [MESSAGE][PASSED] - Browser is opened with url: ''

12-07-2024T19:52:31 - [TEST_STEP][PASSED] - navigateToUrl("https://katalon-demo-cura.herokuapp.com/"): Navigate to 'https://katalon-demo-cura.herokuapp.com/' successfully

12-07-2024T19:52:37 - [MESSAGE][PASSED] - Navigate to 'https://katalon-demo-cura.herokuapp.com/' successfully

12-07-2024T19:52:37 - [TEST_STEP][PASSED] - click(findTestObject("1. CURA Object button/Make Appointment")): Object: 'Object Repository/1. CURA Object button/Make Appointment' is clicked on

12-07-2024T19:52:38 - [MESSAGE][PASSED] - Object: 'Object Repository/1. CURA Object button/Make Appointment' is clicked on

12-07-2024T19:52:38 - [TEST_STEP][PASSED] - setText(findTestObject("1. CURA Object button/Username"), "John Doe"): Text 'John Doe' is set on object 'Object Repository/1. CURA Object button/Username'

12-07-2024T19:52:39 - [MESSAGE][PASSED] - Text 'John Doe' is set on object 'Object Repository/1. CURA Object button/Username'

12-07-2024T19:52:39 - [TEST_STEP][PASSED] - setEncryptedText(findTestObject("1. CURA Object button/Password"), "g3/DOGG74jC3Flrr3yH+3D/yKbOqqUNM"): Text ****** has been set on object 'Object Repository/1. CURA Object button/Password'

12-07-2024T19:52:39 - [MESSAGE][PASSED] - Text ****** has been set on object 'Object Repository/1. CURA Object button/Password'

12-07-2024T19:52:39 - [TEST_STEP][PASSED] - click(findTestObject("1. CURA Object button/Login Button")): Object: 'Object Repository/1. CURA Object button/Login Button' is clicked on

12-07-2024T19:52:41 - [MESSAGE][PASSED] - Object: 'Object Repository/1. CURA Object button/Login Button' is clicked on

12-07-2024T19:52:41 - [TEST_STEP][PASSED] - selectOptionByValue(findTestObject("1. CURA Object button/Facility"), "Hongkong CURA Healthcare Center", true): All options with value 'Hongkong CURA Healthcare Center' are selected in object 'Object Repository/1. CURA Object button/Facility'  using regular expression

12-07-2024T19:52:42 - [MESSAGE][PASSED] - All options with value 'Hongkong CURA Healthcare Center' are selected in object 'Object Repository/1. CURA Object button/Facility'  using regular expression

12-07-2024T19:52:42 - [TEST_STEP][PASSED] - selectOptionByValue(findTestObject("1. CURA Object button/Facility"), "Tokyo CURA Healthcare Center", true): All options with value 'Tokyo CURA Healthcare Center' are selected in object 'Object Repository/1. CURA Object button/Facility'  using regular expression

12-07-2024T19:52:43 - [MESSAGE][PASSED] - All options with value 'Tokyo CURA Healthcare Center' are selected in object 'Object Repository/1. CURA Object button/Facility'  using regular expression

12-07-2024T19:52:43 - [TEST_STEP][PASSED] - click(findTestObject("1. CURA Object button/Hospital Readmission")): Object: 'Object Repository/1. CURA Object button/Hospital Readmission' is clicked on

12-07-2024T19:52:43 - [MESSAGE][PASSED] - Object: 'Object Repository/1. CURA Object button/Hospital Readmission' is clicked on

12-07-2024T19:52:43 - [TEST_STEP][PASSED] - uncheck(findTestObject("1. CURA Object button/Hospital Readmission")): Object 'Object Repository/1. CURA Object button/Hospital Readmission' is un-checked

12-07-2024T19:52:44 - [MESSAGE][PASSED] - Object 'Object Repository/1. CURA Object button/Hospital Readmission' is un-checked

12-07-2024T19:52:44 - [TEST_STEP][PASSED] - click(findTestObject("1. CURA Object button/None"), CONTINUE_ON_FAILURE): Object: 'Object Repository/1. CURA Object button/None' is clicked on

12-07-2024T19:52:44 - [MESSAGE][PASSED] - Object: 'Object Repository/1. CURA Object button/None' is clicked on

12-07-2024T19:52:44 - [TEST_STEP][PASSED] - click(findTestObject("1. CURA Object button/Medicare"), CONTINUE_ON_FAILURE): Object: 'Object Repository/1. CURA Object button/Medicare' is clicked on

12-07-2024T19:52:44 - [MESSAGE][PASSED] - Object: 'Object Repository/1. CURA Object button/Medicare' is clicked on

12-07-2024T19:52:44 - [TEST_STEP][PASSED] - click(findTestObject("1. CURA Object button/Medicaid")): Object: 'Object Repository/1. CURA Object button/Medicaid' is clicked on

12-07-2024T19:52:45 - [MESSAGE][PASSED] - Object: 'Object Repository/1. CURA Object button/Medicaid' is clicked on

12-07-2024T19:52:45 - [TEST_STEP][PASSED] - click(findTestObject("1. CURA Object button/Medicare")): Object: 'Object Repository/1. CURA Object button/Medicare' is clicked on

12-07-2024T19:52:45 - [MESSAGE][PASSED] - Object: 'Object Repository/1. CURA Object button/Medicare' is clicked on

12-07-2024T19:52:45 - [TEST_STEP][PASSED] - setText(findTestObject("1. CURA Object button/Visit Date"), "30/06/2024"): Text '30/06/2024' is set on object 'Object Repository/1. CURA Object button/Visit Date'

12-07-2024T19:52:46 - [MESSAGE][PASSED] - Text '30/06/2024' is set on object 'Object Repository/1. CURA Object button/Visit Date'

12-07-2024T19:52:46 - [TEST_STEP][PASSED] - click(findTestObject("1. CURA Object button/Book Appointment")): Object: 'Object Repository/1. CURA Object button/Book Appointment' is clicked on

12-07-2024T19:52:47 - [MESSAGE][PASSED] - Object: 'Object Repository/1. CURA Object button/Book Appointment' is clicked on

12-07-2024T19:52:47 - [TEST_STEP][PASSED] - takeScreenshotAsCheckpoint("Tokyo Appointment Confirmation"): Taking screenshot successfully

12-07-2024T19:52:47 - [MESSAGE][INFO] - 0 hidden object(s)

12-07-2024T19:52:47 - [MESSAGE][PASSED] - Taking screenshot successfully
[[ATTACHMENT|keyes\keyes-Tokyo Appointment Confirmation.png]]

12-07-2024T19:52:47 - [TEST_STEP][PASSED] - verifyElementText(findTestObject("5. Appointment Tokyo/Page_CURA/Appointment Confirmation"), "Appointment Confirmation"): Actual text and expected text of test object 'Object Repository/5. Appointment Tokyo/Page_CURA/Appointment Confirmation' are matched.

12-07-2024T19:52:48 - [MESSAGE][PASSED] - Actual text and expected text of test object 'Object Repository/5. Appointment Tokyo/Page_CURA/Appointment Confirmation' are matched.

12-07-2024T19:52:48 - [TEST_STEP][PASSED] - verifyElementText(findTestObject("5. Appointment Tokyo/Page_CURA/p_your appointment"), "Please be informed that your appointment has been booked as following:"): Actual text and expected text of test object 'Object Repository/5. Appointment Tokyo/Page_CURA/p_your appointment' are matched.

12-07-2024T19:52:48 - [MESSAGE][PASSED] - Actual text and expected text of test object 'Object Repository/5. Appointment Tokyo/Page_CURA/p_your appointment' are matched.

12-07-2024T19:52:48 - [TEST_STEP][PASSED] - verifyElementText(findTestObject("5. Appointment Tokyo/Page_CURA/p_Tokyo"), "Tokyo CURA Healthcare Center"): Actual text and expected text of test object 'Object Repository/5. Appointment Tokyo/Page_CURA/p_Tokyo' are matched.

12-07-2024T19:52:48 - [MESSAGE][PASSED] - Actual text and expected text of test object 'Object Repository/5. Appointment Tokyo/Page_CURA/p_Tokyo' are matched.

12-07-2024T19:52:48 - [TEST_STEP][PASSED] - verifyElementText(findTestObject("5. Appointment Tokyo/Page_CURA/p_Yes"), "No"): Actual text and expected text of test object 'Object Repository/5. Appointment Tokyo/Page_CURA/p_Yes' are matched.

12-07-2024T19:52:48 - [MESSAGE][PASSED] - Actual text and expected text of test object 'Object Repository/5. Appointment Tokyo/Page_CURA/p_Yes' are matched.

12-07-2024T19:52:48 - [TEST_STEP][PASSED] - verifyElementText(findTestObject("5. Appointment Tokyo/Page_CURA/p_Medicare"), "Medicare"): Actual text and expected text of test object 'Object Repository/5. Appointment Tokyo/Page_CURA/p_Medicare' are matched.

12-07-2024T19:52:49 - [MESSAGE][PASSED] - Actual text and expected text of test object 'Object Repository/5. Appointment Tokyo/Page_CURA/p_Medicare' are matched.

12-07-2024T19:52:49 - [TEST_STEP][PASSED] - verifyElementText(findTestObject("5. Appointment Tokyo/Page_CURA/p_30062024"), "30/06/2024"): Actual text and expected text of test object 'Object Repository/5. Appointment Tokyo/Page_CURA/p_30062024' are matched.

12-07-2024T19:52:49 - [MESSAGE][PASSED] - Actual text and expected text of test object 'Object Repository/5. Appointment Tokyo/Page_CURA/p_30062024' are matched.

12-07-2024T19:52:49 - [TEST_STEP][PASSED] - verifyElementText(findTestObject("5. Appointment Tokyo/Page_CURA/div_Comment"), ""): Actual text and expected text of test object 'Object Repository/5. Appointment Tokyo/Page_CURA/div_Comment' are matched.

12-07-2024T19:52:49 - [MESSAGE][PASSED] - Actual text and expected text of test object 'Object Repository/5. Appointment Tokyo/Page_CURA/div_Comment' are matched.

12-07-2024T19:52:49 - [TEST_STEP][PASSED] - click(findTestObject("5. Appointment Tokyo/Page_CURA/Go Homepage")): Object: 'Object Repository/5. Appointment Tokyo/Page_CURA/Go Homepage' is clicked on

12-07-2024T19:52:50 - [MESSAGE][PASSED] - Object: 'Object Repository/5. Appointment Tokyo/Page_CURA/Go Homepage' is clicked on

12-07-2024T19:52:50 - [TEST_STEP][PASSED] - verifyElementText(findTestObject("5. Appointment Tokyo/Page_CURA/CURA Service"), "CURA Healthcare Service"): Actual text and expected text of test object 'Object Repository/5. Appointment Tokyo/Page_CURA/CURA Service' are matched.

12-07-2024T19:52:51 - [MESSAGE][PASSED] - Actual text and expected text of test object 'Object Repository/5. Appointment Tokyo/Page_CURA/CURA Service' are matched.

12-07-2024T19:52:51 - [TEST_STEP][PASSED] - closeBrowser(): Browser is closed

12-07-2024T19:52:51 - [MESSAGE][PASSED] - Browser is closed]]></system-out>
         <system-err><![CDATA[]]></system-err>
      </testcase>
      <testcase name="Test Cases/CURA Web Test/TC06 - Appointment Hongkong" time="20.248" classname="Test Cases/CURA Web Test/TC06 - Appointment Hongkong" status="PASSED">
         <system-out><![CDATA[12-07-2024T19:52:51 - [TEST_CASE][PASSED] - Test Cases/CURA Web Test/TC06 - Appointment Hongkong: Test Cases/CURA Web Test/TC06 - Appointment Hongkong

12-07-2024T19:52:51 - [TEST_STEP][PASSED] - openBrowser(""): Browser is opened with url: ''

12-07-2024T19:52:51 - [MESSAGE][INFO] - Starting 'Chrome' driver

12-07-2024T19:52:51 - [MESSAGE][INFO] - Action delay is set to 0 milliseconds

12-07-2024T19:52:51 - [MESSAGE][PASSED] - Browser is opened with url: ''

12-07-2024T19:52:51 - [TEST_STEP][PASSED] - navigateToUrl("https://katalon-demo-cura.herokuapp.com/"): Navigate to 'https://katalon-demo-cura.herokuapp.com/' successfully

12-07-2024T19:52:58 - [MESSAGE][PASSED] - Navigate to 'https://katalon-demo-cura.herokuapp.com/' successfully

12-07-2024T19:52:58 - [TEST_STEP][PASSED] - click(findTestObject("4. Appointment Hongkong/Page_CURA/a_Make Appointment")): Object: 'Object Repository/4. Appointment Hongkong/Page_CURA/a_Make Appointment' is clicked on

12-07-2024T19:52:58 - [MESSAGE][PASSED] - Object: 'Object Repository/4. Appointment Hongkong/Page_CURA/a_Make Appointment' is clicked on

12-07-2024T19:52:58 - [TEST_STEP][PASSED] - setText(findTestObject("4. Appointment Hongkong/Page_CURA/input_Username"), "John Doe"): Text 'John Doe' is set on object 'Object Repository/4. Appointment Hongkong/Page_CURA/input_Username'

12-07-2024T19:52:59 - [MESSAGE][PASSED] - Text 'John Doe' is set on object 'Object Repository/4. Appointment Hongkong/Page_CURA/input_Username'

12-07-2024T19:52:59 - [TEST_STEP][PASSED] - setEncryptedText(findTestObject("Object Repository/4. Appointment Hongkong/Page_CURA/input_Password"), "g3/DOGG74jC3Flrr3yH+3D/yKbOqqUNM"): Text ****** has been set on object 'Object Repository/4. Appointment Hongkong/Page_CURA/input_Password'

12-07-2024T19:53:00 - [MESSAGE][PASSED] - Text ****** has been set on object 'Object Repository/4. Appointment Hongkong/Page_CURA/input_Password'

12-07-2024T19:53:00 - [TEST_STEP][PASSED] - click(findTestObject("Object Repository/4. Appointment Hongkong/Page_CURA/button_Login")): Object: 'Object Repository/4. Appointment Hongkong/Page_CURA/button_Login' is clicked on

12-07-2024T19:53:01 - [MESSAGE][PASSED] - Object: 'Object Repository/4. Appointment Hongkong/Page_CURA/button_Login' is clicked on

12-07-2024T19:53:01 - [TEST_STEP][PASSED] - selectOptionByValue(findTestObject("Object Repository/4. Appointment Hongkong/Page_CURA/select_Tokyo"), "Seoul CURA Healthcare Center", true): All options with value 'Seoul CURA Healthcare Center' are selected in object 'Object Repository/4. Appointment Hongkong/Page_CURA/select_Tokyo'  using regular expression

12-07-2024T19:53:02 - [MESSAGE][PASSED] - All options with value 'Seoul CURA Healthcare Center' are selected in object 'Object Repository/4. Appointment Hongkong/Page_CURA/select_Tokyo'  using regular expression

12-07-2024T19:53:02 - [TEST_STEP][PASSED] - selectOptionByValue(findTestObject("Object Repository/4. Appointment Hongkong/Page_CURA/select_Tokyo"), "Hongkong CURA Healthcare Center", true): All options with value 'Hongkong CURA Healthcare Center' are selected in object 'Object Repository/4. Appointment Hongkong/Page_CURA/select_Tokyo'  using regular expression

12-07-2024T19:53:03 - [MESSAGE][PASSED] - All options with value 'Hongkong CURA Healthcare Center' are selected in object 'Object Repository/4. Appointment Hongkong/Page_CURA/select_Tokyo'  using regular expression

12-07-2024T19:53:03 - [TEST_STEP][PASSED] - click(findTestObject("Object Repository/4. Appointment Hongkong/Page_CURA/input_readmission")): Object: 'Object Repository/4. Appointment Hongkong/Page_CURA/input_readmission' is clicked on

12-07-2024T19:53:03 - [MESSAGE][PASSED] - Object: 'Object Repository/4. Appointment Hongkong/Page_CURA/input_readmission' is clicked on

12-07-2024T19:53:03 - [TEST_STEP][PASSED] - click(findTestObject("Object Repository/4. Appointment Hongkong/Page_CURA/input_None_programs")): Object: 'Object Repository/4. Appointment Hongkong/Page_CURA/input_None_programs' is clicked on

12-07-2024T19:53:03 - [MESSAGE][PASSED] - Object: 'Object Repository/4. Appointment Hongkong/Page_CURA/input_None_programs' is clicked on

12-07-2024T19:53:03 - [TEST_STEP][PASSED] - click(findTestObject("Object Repository/4. Appointment Hongkong/Page_CURA/input_Medicare_programs")): Object: 'Object Repository/4. Appointment Hongkong/Page_CURA/input_Medicare_programs' is clicked on

12-07-2024T19:53:04 - [MESSAGE][PASSED] - Object: 'Object Repository/4. Appointment Hongkong/Page_CURA/input_Medicare_programs' is clicked on

12-07-2024T19:53:04 - [TEST_STEP][PASSED] - click(findTestObject("Object Repository/4. Appointment Hongkong/Page_CURA/span_Visit Date")): Object: 'Object Repository/4. Appointment Hongkong/Page_CURA/span_Visit Date' is clicked on

12-07-2024T19:53:04 - [MESSAGE][PASSED] - Object: 'Object Repository/4. Appointment Hongkong/Page_CURA/span_Visit Date' is clicked on

12-07-2024T19:53:04 - [TEST_STEP][PASSED] - click(findTestObject("Object Repository/4. Appointment Hongkong/Page_CURA/td_1")): Object: 'Object Repository/4. Appointment Hongkong/Page_CURA/td_1' is clicked on

12-07-2024T19:53:05 - [MESSAGE][PASSED] - Object: 'Object Repository/4. Appointment Hongkong/Page_CURA/td_1' is clicked on

12-07-2024T19:53:05 - [TEST_STEP][PASSED] - click(findTestObject("Object Repository/4. Appointment Hongkong/Page_CURA/input_Visit Date")): Object: 'Object Repository/4. Appointment Hongkong/Page_CURA/input_Visit Date' is clicked on

12-07-2024T19:53:05 - [MESSAGE][PASSED] - Object: 'Object Repository/4. Appointment Hongkong/Page_CURA/input_Visit Date' is clicked on

12-07-2024T19:53:05 - [TEST_STEP][PASSED] - setText(findTestObject("Object Repository/4. Appointment Hongkong/Page_CURA/textarea_Comment"), "Lets meet at 8 PM"): Text 'Lets meet at 8 PM' is set on object 'Object Repository/4. Appointment Hongkong/Page_CURA/textarea_Comment'

12-07-2024T19:53:06 - [MESSAGE][PASSED] - Text 'Lets meet at 8 PM' is set on object 'Object Repository/4. Appointment Hongkong/Page_CURA/textarea_Comment'

12-07-2024T19:53:06 - [TEST_STEP][PASSED] - click(findTestObject("Object Repository/4. Appointment Hongkong/Page_CURA/button_Book Appointment")): Object: 'Object Repository/4. Appointment Hongkong/Page_CURA/button_Book Appointment' is clicked on

12-07-2024T19:53:07 - [MESSAGE][PASSED] - Object: 'Object Repository/4. Appointment Hongkong/Page_CURA/button_Book Appointment' is clicked on

12-07-2024T19:53:07 - [TEST_STEP][PASSED] - takeScreenshotAsCheckpoint("Hongkong Appointment Confirmation"): Taking screenshot successfully

12-07-2024T19:53:08 - [MESSAGE][INFO] - 0 hidden object(s)

12-07-2024T19:53:08 - [MESSAGE][PASSED] - Taking screenshot successfully
[[ATTACHMENT|keyes\keyes-Hongkong Appointment Confirmation.png]]

12-07-2024T19:53:08 - [TEST_STEP][PASSED] - click(findTestObject("Object Repository/4. Appointment Hongkong/Page_CURA/h2_Appointment Confirmation")): Object: 'Object Repository/4. Appointment Hongkong/Page_CURA/h2_Appointment Confirmation' is clicked on

12-07-2024T19:53:08 - [MESSAGE][PASSED] - Object: 'Object Repository/4. Appointment Hongkong/Page_CURA/h2_Appointment Confirmation' is clicked on

12-07-2024T19:53:08 - [TEST_STEP][PASSED] - click(findTestObject("Object Repository/4. Appointment Hongkong/Page_CURA/p_ your appointment")): Object: 'Object Repository/4. Appointment Hongkong/Page_CURA/p_ your appointment' is clicked on

12-07-2024T19:53:08 - [MESSAGE][PASSED] - Object: 'Object Repository/4. Appointment Hongkong/Page_CURA/p_ your appointment' is clicked on

12-07-2024T19:53:08 - [TEST_STEP][PASSED] - click(findTestObject("Object Repository/4. Appointment Hongkong/Page_CURA/p_Hongkong")): Object: 'Object Repository/4. Appointment Hongkong/Page_CURA/p_Hongkong' is clicked on

12-07-2024T19:53:09 - [MESSAGE][PASSED] - Object: 'Object Repository/4. Appointment Hongkong/Page_CURA/p_Hongkong' is clicked on

12-07-2024T19:53:09 - [TEST_STEP][PASSED] - verifyElementPresent(findTestObject("Object Repository/4. Appointment Hongkong/Page_CURA/p_Yes"), 0): Object 'Object Repository/4. Appointment Hongkong/Page_CURA/p_Yes' is present

12-07-2024T19:53:09 - [MESSAGE][WARNING] - Timeout '0' is invalid. Using default page load timeout: '30'

12-07-2024T19:53:09 - [MESSAGE][PASSED] - Object 'Object Repository/4. Appointment Hongkong/Page_CURA/p_Yes' is present

12-07-2024T19:53:09 - [TEST_STEP][PASSED] - verifyElementPresent(findTestObject("Object Repository/4. Appointment Hongkong/Page_CURA/p_Medicare"), 0): Object 'Object Repository/4. Appointment Hongkong/Page_CURA/p_Medicare' is present

12-07-2024T19:53:09 - [MESSAGE][WARNING] - Timeout '0' is invalid. Using default page load timeout: '30'

12-07-2024T19:53:09 - [MESSAGE][PASSED] - Object 'Object Repository/4. Appointment Hongkong/Page_CURA/p_Medicare' is present

12-07-2024T19:53:09 - [TEST_STEP][PASSED] - verifyElementPresent(findTestObject("Object Repository/4. Appointment Hongkong/Page_CURA/p_01072024"), 0): Object 'Object Repository/4. Appointment Hongkong/Page_CURA/p_01072024' is present

12-07-2024T19:53:09 - [MESSAGE][WARNING] - Timeout '0' is invalid. Using default page load timeout: '30'

12-07-2024T19:53:10 - [MESSAGE][PASSED] - Object 'Object Repository/4. Appointment Hongkong/Page_CURA/p_01072024' is present

12-07-2024T19:53:10 - [TEST_STEP][PASSED] - verifyElementPresent(findTestObject("Object Repository/4. Appointment Hongkong/Page_CURA/p_Lets meet at 8 PM"), 0): Object 'Object Repository/4. Appointment Hongkong/Page_CURA/p_Lets meet at 8 PM' is present

12-07-2024T19:53:10 - [MESSAGE][WARNING] - Timeout '0' is invalid. Using default page load timeout: '30'

12-07-2024T19:53:10 - [MESSAGE][PASSED] - Object 'Object Repository/4. Appointment Hongkong/Page_CURA/p_Lets meet at 8 PM' is present

12-07-2024T19:53:10 - [TEST_STEP][PASSED] - click(findTestObject("Object Repository/4. Appointment Hongkong/Page_CURA/Go Homepage")): Object: 'Object Repository/4. Appointment Hongkong/Page_CURA/Go Homepage' is clicked on

12-07-2024T19:53:10 - [MESSAGE][PASSED] - Object: 'Object Repository/4. Appointment Hongkong/Page_CURA/Go Homepage' is clicked on

12-07-2024T19:53:10 - [TEST_STEP][PASSED] - click(findTestObject("Object Repository/4. Appointment Hongkong/Page_CURA/h1_CURA Service")): Object: 'Object Repository/4. Appointment Hongkong/Page_CURA/h1_CURA Service' is clicked on

12-07-2024T19:53:11 - [MESSAGE][PASSED] - Object: 'Object Repository/4. Appointment Hongkong/Page_CURA/h1_CURA Service' is clicked on

12-07-2024T19:53:11 - [TEST_STEP][PASSED] - closeBrowser(): Browser is closed

12-07-2024T19:53:11 - [MESSAGE][PASSED] - Browser is closed]]></system-out>
         <system-err><![CDATA[]]></system-err>
      </testcase>
      <testcase name="Test Cases/CURA Web Test/TC10 - History menu check" time="20.295" classname="Test Cases/CURA Web Test/TC10 - History menu check" status="PASSED">
         <system-out><![CDATA[12-07-2024T19:53:11 - [TEST_CASE][PASSED] - Test Cases/CURA Web Test/TC10 - History menu check: Test Cases/CURA Web Test/TC10 - History menu check

12-07-2024T19:53:11 - [TEST_STEP][PASSED] - callTestCase(findTestCase("CURA Web Test/Properties/TCP01 - Open browser"), [:], STOP_ON_FAILURE): Call Test Case 'Test Cases/CURA Web Test/Properties/TCP01 - Open browser' successfully

12-07-2024T19:53:11 - [TEST_CASE][PASSED] - Test Cases/CURA Web Test/Properties/TCP01 - Open browser: Test Cases/CURA Web Test/Properties/TCP01 - Open browser

12-07-2024T19:53:11 - [TEST_STEP][PASSED] - openBrowser(""): Browser is opened with url: ''

12-07-2024T19:53:11 - [MESSAGE][INFO] - Starting 'Chrome' driver

12-07-2024T19:53:11 - [MESSAGE][INFO] - Action delay is set to 0 milliseconds

12-07-2024T19:53:12 - [MESSAGE][PASSED] - Browser is opened with url: ''

12-07-2024T19:53:12 - [TEST_STEP][PASSED] - navigateToUrl(URL): Navigate to 'https://katalon-demo-cura.herokuapp.com/' successfully

12-07-2024T19:53:16 - [MESSAGE][PASSED] - Navigate to 'https://katalon-demo-cura.herokuapp.com/' successfully

12-07-2024T19:53:16 - [MESSAGE][PASSED] - Call Test Case 'Test Cases/CURA Web Test/Properties/TCP01 - Open browser' successfully

12-07-2024T19:53:16 - [TEST_STEP][PASSED] - callTestCase(findTestCase("CURA Web Test/Properties/TCP02 - Login"), [:], STOP_ON_FAILURE): Call Test Case 'Test Cases/CURA Web Test/Properties/TCP02 - Login' successfully

12-07-2024T19:53:17 - [TEST_CASE][PASSED] - Test Cases/CURA Web Test/Properties/TCP02 - Login: Test Cases/CURA Web Test/Properties/TCP02 - Login

12-07-2024T19:53:17 - [TEST_STEP][PASSED] - click(findTestObject("1. CURA Object button/Make Appointment")): Object: 'Object Repository/1. CURA Object button/Make Appointment' is clicked on

12-07-2024T19:53:18 - [MESSAGE][PASSED] - Object: 'Object Repository/1. CURA Object button/Make Appointment' is clicked on

12-07-2024T19:53:18 - [TEST_STEP][PASSED] - verifyElementText(findTestObject("2. CURA Object Text/Login Text"), "Login"): Actual text and expected text of test object 'Object Repository/2. CURA Object Text/Login Text' are matched.

12-07-2024T19:53:19 - [MESSAGE][PASSED] - Actual text and expected text of test object 'Object Repository/2. CURA Object Text/Login Text' are matched.

12-07-2024T19:53:19 - [TEST_STEP][PASSED] - setText(findTestObject("1. CURA Object button/Username"), Username): Text 'John Doe' is set on object 'Object Repository/1. CURA Object button/Username'

12-07-2024T19:53:19 - [MESSAGE][PASSED] - Text 'John Doe' is set on object 'Object Repository/1. CURA Object button/Username'

12-07-2024T19:53:19 - [TEST_STEP][PASSED] - setText(findTestObject("1. CURA Object button/Password"), Password): Text 'ThisIsNotAPassword' is set on object 'Object Repository/1. CURA Object button/Password'

12-07-2024T19:53:20 - [MESSAGE][PASSED] - Text 'ThisIsNotAPassword' is set on object 'Object Repository/1. CURA Object button/Password'

12-07-2024T19:53:20 - [TEST_STEP][PASSED] - click(findTestObject("1. CURA Object button/Login Button")): Object: 'Object Repository/1. CURA Object button/Login Button' is clicked on

12-07-2024T19:53:22 - [MESSAGE][PASSED] - Object: 'Object Repository/1. CURA Object button/Login Button' is clicked on

12-07-2024T19:53:22 - [MESSAGE][PASSED] - Call Test Case 'Test Cases/CURA Web Test/Properties/TCP02 - Login' successfully

12-07-2024T19:53:22 - [TEST_STEP][PASSED] - selectOptionByValue(findTestObject("1. CURA Object button/Facility"), "Hongkong CURA Healthcare Center", true): All options with value 'Hongkong CURA Healthcare Center' are selected in object 'Object Repository/1. CURA Object button/Facility'  using regular expression

12-07-2024T19:53:23 - [MESSAGE][PASSED] - All options with value 'Hongkong CURA Healthcare Center' are selected in object 'Object Repository/1. CURA Object button/Facility'  using regular expression

12-07-2024T19:53:23 - [TEST_STEP][PASSED] - click(findTestObject("1. CURA Object button/Hospital Readmission")): Object: 'Object Repository/1. CURA Object button/Hospital Readmission' is clicked on

12-07-2024T19:53:23 - [MESSAGE][PASSED] - Object: 'Object Repository/1. CURA Object button/Hospital Readmission' is clicked on

12-07-2024T19:53:23 - [TEST_STEP][PASSED] - setText(findTestObject("1. CURA Object button/Visit Date"), "28/06/2024"): Text '28/06/2024' is set on object 'Object Repository/1. CURA Object button/Visit Date'

12-07-2024T19:53:24 - [MESSAGE][PASSED] - Text '28/06/2024' is set on object 'Object Repository/1. CURA Object button/Visit Date'

12-07-2024T19:53:24 - [TEST_STEP][PASSED] - setText(findTestObject("1. CURA Object button/Comment"), "Let's meet at 9 AM"): Text 'Let's meet at 9 AM' is set on object 'Object Repository/1. CURA Object button/Comment'

12-07-2024T19:53:25 - [MESSAGE][PASSED] - Text 'Let's meet at 9 AM' is set on object 'Object Repository/1. CURA Object button/Comment'

12-07-2024T19:53:25 - [TEST_STEP][PASSED] - click(findTestObject("1. CURA Object button/Book Appointment")): Object: 'Object Repository/1. CURA Object button/Book Appointment' is clicked on

12-07-2024T19:53:25 - [MESSAGE][PASSED] - Object: 'Object Repository/1. CURA Object button/Book Appointment' is clicked on

12-07-2024T19:53:25 - [TEST_STEP][PASSED] - verifyElementText(findTestObject("4. Appointment Hongkong/Page_CURA/h2_Appointment Confirmation"), "Appointment Confirmation"): Actual text and expected text of test object 'Object Repository/4. Appointment Hongkong/Page_CURA/h2_Appointment Confirmation' are matched.

12-07-2024T19:53:26 - [MESSAGE][PASSED] - Actual text and expected text of test object 'Object Repository/4. Appointment Hongkong/Page_CURA/h2_Appointment Confirmation' are matched.

12-07-2024T19:53:26 - [TEST_STEP][PASSED] - click(findTestObject("1. CURA Object button/Menu")): Object: 'Object Repository/1. CURA Object button/Menu' is clicked on

12-07-2024T19:53:26 - [MESSAGE][PASSED] - Object: 'Object Repository/1. CURA Object button/Menu' is clicked on

12-07-2024T19:53:26 - [TEST_STEP][PASSED] - click(findTestObject("1. CURA Object button/History")): Object: 'Object Repository/1. CURA Object button/History' is clicked on

12-07-2024T19:53:27 - [MESSAGE][PASSED] - Object: 'Object Repository/1. CURA Object button/History' is clicked on

12-07-2024T19:53:27 - [TEST_STEP][PASSED] - takeScreenshotAsCheckpoint("History Hongkong Appointment"): Taking screenshot successfully

12-07-2024T19:53:28 - [MESSAGE][INFO] - 0 hidden object(s)

12-07-2024T19:53:28 - [MESSAGE][PASSED] - Taking screenshot successfully
[[ATTACHMENT|keyes\keyes-History Hongkong Appointment.png]]

12-07-2024T19:53:28 - [TEST_STEP][PASSED] - verifyElementText(findTestObject("8. History check/Page_CURA/h2_History"), "History"): Actual text and expected text of test object 'Object Repository/8. History check/Page_CURA/h2_History' are matched.

12-07-2024T19:53:28 - [MESSAGE][PASSED] - Actual text and expected text of test object 'Object Repository/8. History check/Page_CURA/h2_History' are matched.

12-07-2024T19:53:28 - [TEST_STEP][PASSED] - verifyElementText(findTestObject("8. History check/Page_CURA/div_28062024"), "28/06/2024"): Actual text and expected text of test object 'Object Repository/8. History check/Page_CURA/div_28062024' are matched.

12-07-2024T19:53:28 - [MESSAGE][PASSED] - Actual text and expected text of test object 'Object Repository/8. History check/Page_CURA/div_28062024' are matched.

12-07-2024T19:53:28 - [TEST_STEP][PASSED] - verifyElementText(findTestObject("Object Repository/8. History check/Page_CURA/p_Hongkong"), "Hongkong CURA Healthcare Center"): Actual text and expected text of test object 'Object Repository/8. History check/Page_CURA/p_Hongkong' are matched.

12-07-2024T19:53:28 - [MESSAGE][PASSED] - Actual text and expected text of test object 'Object Repository/8. History check/Page_CURA/p_Hongkong' are matched.

12-07-2024T19:53:28 - [TEST_STEP][PASSED] - verifyElementText(findTestObject("Object Repository/8. History check/Page_CURA/p_Yes"), "Yes"): Actual text and expected text of test object 'Object Repository/8. History check/Page_CURA/p_Yes' are matched.

12-07-2024T19:53:29 - [MESSAGE][PASSED] - Actual text and expected text of test object 'Object Repository/8. History check/Page_CURA/p_Yes' are matched.

12-07-2024T19:53:29 - [TEST_STEP][PASSED] - verifyElementText(findTestObject("Object Repository/8. History check/Page_CURA/p_Medicare"), "Medicare"): Actual text and expected text of test object 'Object Repository/8. History check/Page_CURA/p_Medicare' are matched.

12-07-2024T19:53:29 - [MESSAGE][PASSED] - Actual text and expected text of test object 'Object Repository/8. History check/Page_CURA/p_Medicare' are matched.

12-07-2024T19:53:29 - [TEST_STEP][PASSED] - verifyElementText(findTestObject("8. History check/Page_CURA/p_Lets meet at 9 AM"), "Let's meet at 9 AM"): Actual text and expected text of test object 'Object Repository/8. History check/Page_CURA/p_Lets meet at 9 AM' are matched.

12-07-2024T19:53:29 - [MESSAGE][PASSED] - Actual text and expected text of test object 'Object Repository/8. History check/Page_CURA/p_Lets meet at 9 AM' are matched.

12-07-2024T19:53:29 - [TEST_STEP][PASSED] - click(findTestObject("1. CURA Object button/Go to Homepage")): Object: 'Object Repository/1. CURA Object button/Go to Homepage' is clicked on

12-07-2024T19:53:31 - [MESSAGE][PASSED] - Object: 'Object Repository/1. CURA Object button/Go to Homepage' is clicked on

12-07-2024T19:53:31 - [TEST_STEP][PASSED] - verifyElementText(findTestObject("2. CURA Object Text/Healthcare Service"), "CURA Healthcare Service"): Actual text and expected text of test object 'Object Repository/2. CURA Object Text/Healthcare Service' are matched.

12-07-2024T19:53:31 - [MESSAGE][PASSED] - Actual text and expected text of test object 'Object Repository/2. CURA Object Text/Healthcare Service' are matched.]]></system-out>
         <system-err><![CDATA[]]></system-err>
      </testcase>
      <system-out><![CDATA[12-07-2024T19:52:14 - [TEST_SUITE][PASSED] - TS04 - Appointment check: Test Cases/CURA Web Test/TC10 - History menu check]]></system-out>
      <system-err><![CDATA[]]></system-err>
   </testsuite>
   <testsuite name="TS05 - History check" tests="2" failures="0" errors="0" time="21.447" skipped="0" timestamp="12-07-2024T19:53:43" hostname="Lenovo - LAPTOP-7QB5JFLU" id="Test Suites/CURA Test suites/TS05 - History check">
      <properties>
         <property name="deviceName" value=""/>
         <property name="devicePlatform"/>
         <property name="logFolder" value="C:\\Users\\Lenovo\\git\\KatalonPractitionerLevel\\Reports\\20240712_194912\\CURA Test suites\\TS05 - History check\\20240712_194921"/>
         <property name="logFiles" value="C:\\Users\\Lenovo\\git\\KatalonPractitionerLevel\\Reports\\20240712_194912\\CURA Test suites\\TS05 - History check\\20240712_194921\\execution0.log"/>
         <property name="attachments" value="keyes\keyes-History Hongkong Appointment.png"/>
         <property name="hostName" value="Lenovo - LAPTOP-7QB5JFLU"/>
         <property name="os" value="Windows 11 64bit"/>
         <property name="katalonVersion" value="9.6.0.217"/>
         <property name="browser" value="Chrome 126.0.0.0"/>
         <property name="hostAddress" value="192.168.1.12"/>
         <property name="sessionId" value="19edebe676d3a83a274e9db2cfba7663"/>
         <property name="seleniumVersion" value="3.141.59"/>
         <property name="proxyInformation" value="ProxyInformation { proxyOption=NO_PROXY, proxyServerType=HTTP, username=, password=********, proxyServerAddress=, proxyServerPort=0, executionList=&quot;&quot;, isApplyToDesiredCapabilities=true }"/>
         <property name="platform" value="Windows 11"/>
      </properties>
      <testcase name="Test Cases/CURA Web Test/TC10 - History menu check" time="18.667" classname="Test Cases/CURA Web Test/TC10 - History menu check" status="PASSED">
         <system-out><![CDATA[12-07-2024T19:53:43 - [TEST_CASE][PASSED] - Test Cases/CURA Web Test/TC10 - History menu check: Test Cases/CURA Web Test/TC10 - History menu check

12-07-2024T19:53:44 - [TEST_STEP][PASSED] - callTestCase(findTestCase("CURA Web Test/Properties/TCP01 - Open browser"), [:], STOP_ON_FAILURE): Call Test Case 'Test Cases/CURA Web Test/Properties/TCP01 - Open browser' successfully

12-07-2024T19:53:44 - [TEST_CASE][PASSED] - Test Cases/CURA Web Test/Properties/TCP01 - Open browser: Test Cases/CURA Web Test/Properties/TCP01 - Open browser

12-07-2024T19:53:44 - [TEST_STEP][PASSED] - openBrowser(""): Browser is opened with url: ''

12-07-2024T19:53:44 - [MESSAGE][INFO] - Starting 'Chrome' driver

12-07-2024T19:53:44 - [MESSAGE][INFO] - Action delay is set to 0 milliseconds

12-07-2024T19:53:45 - [MESSAGE][PASSED] - Browser is opened with url: ''

12-07-2024T19:53:45 - [TEST_STEP][PASSED] - navigateToUrl(URL): Navigate to 'https://katalon-demo-cura.herokuapp.com/' successfully

12-07-2024T19:53:49 - [MESSAGE][PASSED] - Navigate to 'https://katalon-demo-cura.herokuapp.com/' successfully

12-07-2024T19:53:49 - [MESSAGE][PASSED] - Call Test Case 'Test Cases/CURA Web Test/Properties/TCP01 - Open browser' successfully

12-07-2024T19:53:49 - [TEST_STEP][PASSED] - callTestCase(findTestCase("CURA Web Test/Properties/TCP02 - Login"), [:], STOP_ON_FAILURE): Call Test Case 'Test Cases/CURA Web Test/Properties/TCP02 - Login' successfully

12-07-2024T19:53:49 - [TEST_CASE][PASSED] - Test Cases/CURA Web Test/Properties/TCP02 - Login: Test Cases/CURA Web Test/Properties/TCP02 - Login

12-07-2024T19:53:49 - [TEST_STEP][PASSED] - click(findTestObject("1. CURA Object button/Make Appointment")): Object: 'Object Repository/1. CURA Object button/Make Appointment' is clicked on

12-07-2024T19:53:50 - [MESSAGE][PASSED] - Object: 'Object Repository/1. CURA Object button/Make Appointment' is clicked on

12-07-2024T19:53:50 - [TEST_STEP][PASSED] - verifyElementText(findTestObject("2. CURA Object Text/Login Text"), "Login"): Actual text and expected text of test object 'Object Repository/2. CURA Object Text/Login Text' are matched.

12-07-2024T19:53:51 - [MESSAGE][PASSED] - Actual text and expected text of test object 'Object Repository/2. CURA Object Text/Login Text' are matched.

12-07-2024T19:53:51 - [TEST_STEP][PASSED] - setText(findTestObject("1. CURA Object button/Username"), Username): Text 'John Doe' is set on object 'Object Repository/1. CURA Object button/Username'

12-07-2024T19:53:51 - [MESSAGE][PASSED] - Text 'John Doe' is set on object 'Object Repository/1. CURA Object button/Username'

12-07-2024T19:53:51 - [TEST_STEP][PASSED] - setText(findTestObject("1. CURA Object button/Password"), Password): Text 'ThisIsNotAPassword' is set on object 'Object Repository/1. CURA Object button/Password'

12-07-2024T19:53:52 - [MESSAGE][PASSED] - Text 'ThisIsNotAPassword' is set on object 'Object Repository/1. CURA Object button/Password'

12-07-2024T19:53:52 - [TEST_STEP][PASSED] - click(findTestObject("1. CURA Object button/Login Button")): Object: 'Object Repository/1. CURA Object button/Login Button' is clicked on

12-07-2024T19:53:53 - [MESSAGE][PASSED] - Object: 'Object Repository/1. CURA Object button/Login Button' is clicked on

12-07-2024T19:53:53 - [MESSAGE][PASSED] - Call Test Case 'Test Cases/CURA Web Test/Properties/TCP02 - Login' successfully

12-07-2024T19:53:53 - [TEST_STEP][PASSED] - selectOptionByValue(findTestObject("1. CURA Object button/Facility"), "Hongkong CURA Healthcare Center", true): All options with value 'Hongkong CURA Healthcare Center' are selected in object 'Object Repository/1. CURA Object button/Facility'  using regular expression

12-07-2024T19:53:54 - [MESSAGE][PASSED] - All options with value 'Hongkong CURA Healthcare Center' are selected in object 'Object Repository/1. CURA Object button/Facility'  using regular expression

12-07-2024T19:53:54 - [TEST_STEP][PASSED] - click(findTestObject("1. CURA Object button/Hospital Readmission")): Object: 'Object Repository/1. CURA Object button/Hospital Readmission' is clicked on

12-07-2024T19:53:55 - [MESSAGE][PASSED] - Object: 'Object Repository/1. CURA Object button/Hospital Readmission' is clicked on

12-07-2024T19:53:55 - [TEST_STEP][PASSED] - setText(findTestObject("1. CURA Object button/Visit Date"), "28/06/2024"): Text '28/06/2024' is set on object 'Object Repository/1. CURA Object button/Visit Date'

12-07-2024T19:53:56 - [MESSAGE][PASSED] - Text '28/06/2024' is set on object 'Object Repository/1. CURA Object button/Visit Date'

12-07-2024T19:53:56 - [TEST_STEP][PASSED] - setText(findTestObject("1. CURA Object button/Comment"), "Let's meet at 9 AM"): Text 'Let's meet at 9 AM' is set on object 'Object Repository/1. CURA Object button/Comment'

12-07-2024T19:53:56 - [MESSAGE][PASSED] - Text 'Let's meet at 9 AM' is set on object 'Object Repository/1. CURA Object button/Comment'

12-07-2024T19:53:56 - [TEST_STEP][PASSED] - click(findTestObject("1. CURA Object button/Book Appointment")): Object: 'Object Repository/1. CURA Object button/Book Appointment' is clicked on

12-07-2024T19:53:57 - [MESSAGE][PASSED] - Object: 'Object Repository/1. CURA Object button/Book Appointment' is clicked on

12-07-2024T19:53:57 - [TEST_STEP][PASSED] - verifyElementText(findTestObject("4. Appointment Hongkong/Page_CURA/h2_Appointment Confirmation"), "Appointment Confirmation"): Actual text and expected text of test object 'Object Repository/4. Appointment Hongkong/Page_CURA/h2_Appointment Confirmation' are matched.

12-07-2024T19:53:58 - [MESSAGE][PASSED] - Actual text and expected text of test object 'Object Repository/4. Appointment Hongkong/Page_CURA/h2_Appointment Confirmation' are matched.

12-07-2024T19:53:58 - [TEST_STEP][PASSED] - click(findTestObject("1. CURA Object button/Menu")): Object: 'Object Repository/1. CURA Object button/Menu' is clicked on

12-07-2024T19:53:58 - [MESSAGE][PASSED] - Object: 'Object Repository/1. CURA Object button/Menu' is clicked on

12-07-2024T19:53:58 - [TEST_STEP][PASSED] - click(findTestObject("1. CURA Object button/History")): Object: 'Object Repository/1. CURA Object button/History' is clicked on

12-07-2024T19:53:59 - [MESSAGE][PASSED] - Object: 'Object Repository/1. CURA Object button/History' is clicked on

12-07-2024T19:53:59 - [TEST_STEP][PASSED] - takeScreenshotAsCheckpoint("History Hongkong Appointment"): Taking screenshot successfully

12-07-2024T19:53:59 - [MESSAGE][INFO] - 0 hidden object(s)

12-07-2024T19:53:59 - [MESSAGE][PASSED] - Taking screenshot successfully
[[ATTACHMENT|keyes\keyes-History Hongkong Appointment.png]]

12-07-2024T19:53:59 - [TEST_STEP][PASSED] - verifyElementText(findTestObject("8. History check/Page_CURA/h2_History"), "History"): Actual text and expected text of test object 'Object Repository/8. History check/Page_CURA/h2_History' are matched.

12-07-2024T19:54:00 - [MESSAGE][PASSED] - Actual text and expected text of test object 'Object Repository/8. History check/Page_CURA/h2_History' are matched.

12-07-2024T19:54:00 - [TEST_STEP][PASSED] - verifyElementText(findTestObject("8. History check/Page_CURA/div_28062024"), "28/06/2024"): Actual text and expected text of test object 'Object Repository/8. History check/Page_CURA/div_28062024' are matched.

12-07-2024T19:54:00 - [MESSAGE][PASSED] - Actual text and expected text of test object 'Object Repository/8. History check/Page_CURA/div_28062024' are matched.

12-07-2024T19:54:00 - [TEST_STEP][PASSED] - verifyElementText(findTestObject("Object Repository/8. History check/Page_CURA/p_Hongkong"), "Hongkong CURA Healthcare Center"): Actual text and expected text of test object 'Object Repository/8. History check/Page_CURA/p_Hongkong' are matched.

12-07-2024T19:54:00 - [MESSAGE][PASSED] - Actual text and expected text of test object 'Object Repository/8. History check/Page_CURA/p_Hongkong' are matched.

12-07-2024T19:54:00 - [TEST_STEP][PASSED] - verifyElementText(findTestObject("Object Repository/8. History check/Page_CURA/p_Yes"), "Yes"): Actual text and expected text of test object 'Object Repository/8. History check/Page_CURA/p_Yes' are matched.

12-07-2024T19:54:01 - [MESSAGE][PASSED] - Actual text and expected text of test object 'Object Repository/8. History check/Page_CURA/p_Yes' are matched.

12-07-2024T19:54:01 - [TEST_STEP][PASSED] - verifyElementText(findTestObject("Object Repository/8. History check/Page_CURA/p_Medicare"), "Medicare"): Actual text and expected text of test object 'Object Repository/8. History check/Page_CURA/p_Medicare' are matched.

12-07-2024T19:54:01 - [MESSAGE][PASSED] - Actual text and expected text of test object 'Object Repository/8. History check/Page_CURA/p_Medicare' are matched.

12-07-2024T19:54:01 - [TEST_STEP][PASSED] - verifyElementText(findTestObject("8. History check/Page_CURA/p_Lets meet at 9 AM"), "Let's meet at 9 AM"): Actual text and expected text of test object 'Object Repository/8. History check/Page_CURA/p_Lets meet at 9 AM' are matched.

12-07-2024T19:54:01 - [MESSAGE][PASSED] - Actual text and expected text of test object 'Object Repository/8. History check/Page_CURA/p_Lets meet at 9 AM' are matched.

12-07-2024T19:54:01 - [TEST_STEP][PASSED] - click(findTestObject("1. CURA Object button/Go to Homepage")): Object: 'Object Repository/1. CURA Object button/Go to Homepage' is clicked on

12-07-2024T19:54:02 - [MESSAGE][PASSED] - Object: 'Object Repository/1. CURA Object button/Go to Homepage' is clicked on

12-07-2024T19:54:02 - [TEST_STEP][PASSED] - verifyElementText(findTestObject("2. CURA Object Text/Healthcare Service"), "CURA Healthcare Service"): Actual text and expected text of test object 'Object Repository/2. CURA Object Text/Healthcare Service' are matched.

12-07-2024T19:54:02 - [MESSAGE][PASSED] - Actual text and expected text of test object 'Object Repository/2. CURA Object Text/Healthcare Service' are matched.]]></system-out>
         <system-err><![CDATA[]]></system-err>
      </testcase>
      <testcase name="Test Cases/CURA Web Test/Properties/TCP03 - Logout" time="2.628" classname="Test Cases/CURA Web Test/Properties/TCP03 - Logout" status="PASSED">
         <system-out><![CDATA[12-07-2024T19:54:02 - [TEST_CASE][PASSED] - Test Cases/CURA Web Test/Properties/TCP03 - Logout: Test Cases/CURA Web Test/Properties/TCP03 - Logout

12-07-2024T19:54:02 - [TEST_STEP][PASSED] - verifyElementText(findTestObject("2. CURA Object Text/Make Appointment"), "Make Appointment"): Actual text and expected text of test object 'Object Repository/2. CURA Object Text/Make Appointment' are matched.

12-07-2024T19:54:02 - [MESSAGE][PASSED] - Actual text and expected text of test object 'Object Repository/2. CURA Object Text/Make Appointment' are matched.

12-07-2024T19:54:02 - [TEST_STEP][PASSED] - click(findTestObject("1. CURA Object button/Menu")): Object: 'Object Repository/1. CURA Object button/Menu' is clicked on

12-07-2024T19:54:03 - [MESSAGE][PASSED] - Object: 'Object Repository/1. CURA Object button/Menu' is clicked on

12-07-2024T19:54:03 - [TEST_STEP][PASSED] - click(findTestObject("1. CURA Object button/Logout")): Object: 'Object Repository/1. CURA Object button/Logout' is clicked on

12-07-2024T19:54:04 - [MESSAGE][PASSED] - Object: 'Object Repository/1. CURA Object button/Logout' is clicked on

12-07-2024T19:54:04 - [TEST_STEP][PASSED] - closeBrowser(): Browser is closed

12-07-2024T19:54:05 - [MESSAGE][PASSED] - Browser is closed]]></system-out>
         <system-err><![CDATA[]]></system-err>
      </testcase>
      <system-out><![CDATA[12-07-2024T19:53:43 - [TEST_SUITE][PASSED] - TS05 - History check: Test Cases/CURA Web Test/Properties/TCP03 - Logout]]></system-out>
      <system-err><![CDATA[]]></system-err>
   </testsuite>
   <testsuite name="TS06 - Button check" tests="3" failures="0" errors="0" time="15.941" skipped="0" timestamp="12-07-2024T19:54:18" hostname="Lenovo - LAPTOP-7QB5JFLU" id="Test Suites/CURA Test suites/TS06 - Button check">
      <properties>
         <property name="deviceName" value=""/>
         <property name="devicePlatform"/>
         <property name="logFolder" value="C:\\Users\\Lenovo\\git\\KatalonPractitionerLevel\\Reports\\20240712_194912\\CURA Test suites\\TS06 - Button check\\20240712_194923"/>
         <property name="logFiles" value="C:\\Users\\Lenovo\\git\\KatalonPractitionerLevel\\Reports\\20240712_194912\\CURA Test suites\\TS06 - Button check\\20240712_194923\\execution0.log"/>
         <property name="attachments" value=""/>
         <property name="hostName" value="Lenovo - LAPTOP-7QB5JFLU"/>
         <property name="os" value="Windows 11 64bit"/>
         <property name="katalonVersion" value="9.6.0.217"/>
         <property name="browser" value="Chrome 126.0.0.0"/>
         <property name="hostAddress" value="192.168.1.12"/>
         <property name="sessionId" value="c6d77f5457209f365a3c5a8e6de6af9e"/>
         <property name="seleniumVersion" value="3.141.59"/>
         <property name="proxyInformation" value="ProxyInformation { proxyOption=NO_PROXY, proxyServerType=HTTP, username=, password=********, proxyServerAddress=, proxyServerPort=0, executionList=&quot;&quot;, isApplyToDesiredCapabilities=true }"/>
         <property name="platform" value="Windows 11"/>
      </properties>
      <testcase name="Test Cases/CURA Web Test/Properties/TCP01 - Open browser" time="7.329" classname="Test Cases/CURA Web Test/Properties/TCP01 - Open browser" status="PASSED">
         <system-out><![CDATA[12-07-2024T19:54:18 - [TEST_CASE][PASSED] - Test Cases/CURA Web Test/Properties/TCP01 - Open browser: Test Cases/CURA Web Test/Properties/TCP01 - Open browser

12-07-2024T19:54:18 - [TEST_STEP][PASSED] - openBrowser(""): Browser is opened with url: ''

12-07-2024T19:54:19 - [MESSAGE][INFO] - Starting 'Chrome' driver

12-07-2024T19:54:19 - [MESSAGE][INFO] - Action delay is set to 0 milliseconds

12-07-2024T19:54:20 - [MESSAGE][PASSED] - Browser is opened with url: ''

12-07-2024T19:54:20 - [TEST_STEP][PASSED] - navigateToUrl(URL): Navigate to 'https://katalon-demo-cura.herokuapp.com/' successfully

12-07-2024T19:54:25 - [MESSAGE][PASSED] - Navigate to 'https://katalon-demo-cura.herokuapp.com/' successfully]]></system-out>
         <system-err><![CDATA[]]></system-err>
      </testcase>
      <testcase name="Test Cases/CURA Web Test/TC11 - All button check" time="6.452" classname="Test Cases/CURA Web Test/TC11 - All button check" status="PASSED">
         <system-out><![CDATA[12-07-2024T19:54:25 - [TEST_CASE][PASSED] - Test Cases/CURA Web Test/TC11 - All button check: Test Cases/CURA Web Test/TC11 - All button check

12-07-2024T19:54:25 - [TEST_STEP][PASSED] - verifyElementClickable(findTestObject("10. Login page/Page_CURA/a_Make Appointment")): Object 'Object Repository/10. Login page/Page_CURA/a_Make Appointment' is clickable

12-07-2024T19:54:26 - [MESSAGE][PASSED] - Object 'Object Repository/10. Login page/Page_CURA/a_Make Appointment' is clickable

12-07-2024T19:54:26 - [TEST_STEP][PASSED] - click(findTestObject("10. Login page/Page_CURA/a_Make Appointment")): Object: 'Object Repository/10. Login page/Page_CURA/a_Make Appointment' is clicked on

12-07-2024T19:54:27 - [MESSAGE][PASSED] - Object: 'Object Repository/10. Login page/Page_CURA/a_Make Appointment' is clicked on

12-07-2024T19:54:27 - [TEST_STEP][PASSED] - setText(findTestObject("10. Login page/Page_CURA/input_Username"), "John Doe"): Text 'John Doe' is set on object 'Object Repository/10. Login page/Page_CURA/input_Username'

12-07-2024T19:54:28 - [MESSAGE][PASSED] - Text 'John Doe' is set on object 'Object Repository/10. Login page/Page_CURA/input_Username'

12-07-2024T19:54:28 - [TEST_STEP][PASSED] - setText(findTestObject("10. Login page/Page_CURA/input_Password"), "ThisIsNotAPassword"): Text 'ThisIsNotAPassword' is set on object 'Object Repository/10. Login page/Page_CURA/input_Password'

12-07-2024T19:54:29 - [MESSAGE][PASSED] - Text 'ThisIsNotAPassword' is set on object 'Object Repository/10. Login page/Page_CURA/input_Password'

12-07-2024T19:54:29 - [TEST_STEP][PASSED] - verifyElementClickable(findTestObject("10. Login page/Page_CURA/button_Login")): Object 'Object Repository/10. Login page/Page_CURA/button_Login' is clickable

12-07-2024T19:54:29 - [MESSAGE][PASSED] - Object 'Object Repository/10. Login page/Page_CURA/button_Login' is clickable

12-07-2024T19:54:29 - [TEST_STEP][PASSED] - click(findTestObject("10. Login page/Page_CURA/button_Login")): Object: 'Object Repository/10. Login page/Page_CURA/button_Login' is clicked on

12-07-2024T19:54:31 - [MESSAGE][PASSED] - Object: 'Object Repository/10. Login page/Page_CURA/button_Login' is clicked on

12-07-2024T19:54:31 - [TEST_STEP][PASSED] - verifyElementClickable(findTestObject("3. Appointment/Page_CURA/button_Book Appointment")): Object 'Object Repository/3. Appointment/Page_CURA/button_Book Appointment' is clickable

12-07-2024T19:54:31 - [MESSAGE][PASSED] - Object 'Object Repository/3. Appointment/Page_CURA/button_Book Appointment' is clickable

12-07-2024T19:54:31 - [TEST_STEP][PASSED] - verifyElementClickable(findTestObject("8. History check/Page_CURA/i_CURA_fa fa-bars")): Object 'Object Repository/8. History check/Page_CURA/i_CURA_fa fa-bars' is clickable

12-07-2024T19:54:32 - [MESSAGE][PASSED] - Object 'Object Repository/8. History check/Page_CURA/i_CURA_fa fa-bars' is clickable]]></system-out>
         <system-err><![CDATA[]]></system-err>
      </testcase>
      <testcase name="Test Cases/CURA Web Test/Properties/TCP03 - Logout" time="1.967" classname="Test Cases/CURA Web Test/Properties/TCP03 - Logout" status="PASSED">
         <system-out><![CDATA[12-07-2024T19:54:32 - [TEST_CASE][PASSED] - Test Cases/CURA Web Test/Properties/TCP03 - Logout: Test Cases/CURA Web Test/Properties/TCP03 - Logout

12-07-2024T19:54:32 - [TEST_STEP][PASSED] - verifyElementText(findTestObject("2. CURA Object Text/Make Appointment"), "Make Appointment"): Actual text and expected text of test object 'Object Repository/2. CURA Object Text/Make Appointment' are matched.

12-07-2024T19:54:32 - [MESSAGE][PASSED] - Actual text and expected text of test object 'Object Repository/2. CURA Object Text/Make Appointment' are matched.

12-07-2024T19:54:32 - [TEST_STEP][PASSED] - click(findTestObject("1. CURA Object button/Menu")): Object: 'Object Repository/1. CURA Object button/Menu' is clicked on

12-07-2024T19:54:32 - [MESSAGE][PASSED] - Object: 'Object Repository/1. CURA Object button/Menu' is clicked on

12-07-2024T19:54:32 - [TEST_STEP][PASSED] - click(findTestObject("1. CURA Object button/Logout")): Object: 'Object Repository/1. CURA Object button/Logout' is clicked on

12-07-2024T19:54:33 - [MESSAGE][PASSED] - Object: 'Object Repository/1. CURA Object button/Logout' is clicked on

12-07-2024T19:54:33 - [TEST_STEP][PASSED] - closeBrowser(): Browser is closed

12-07-2024T19:54:34 - [MESSAGE][PASSED] - Browser is closed]]></system-out>
         <system-err><![CDATA[]]></system-err>
      </testcase>
      <system-out><![CDATA[12-07-2024T19:54:18 - [TEST_SUITE][PASSED] - TS06 - Button check: Test Cases/CURA Web Test/Properties/TCP03 - Logout]]></system-out>
      <system-err><![CDATA[]]></system-err>
   </testsuite>
   <testsuite name="TS07 - Home button variation" tests="4" failures="0" errors="0" time="22.056" skipped="0" timestamp="12-07-2024T19:54:46" hostname="Lenovo - LAPTOP-7QB5JFLU" id="Test Suites/CURA Test suites/TS07 - Home button variation">
      <properties>
         <property name="deviceName" value=""/>
         <property name="devicePlatform"/>
         <property name="logFolder" value="C:\\Users\\Lenovo\\git\\KatalonPractitionerLevel\\Reports\\20240712_194912\\CURA Test suites\\TS07 - Home button variation\\20240712_194925"/>
         <property name="logFiles" value="C:\\Users\\Lenovo\\git\\KatalonPractitionerLevel\\Reports\\20240712_194912\\CURA Test suites\\TS07 - Home button variation\\20240712_194925\\execution0.log"/>
         <property name="attachments" value=""/>
         <property name="hostName" value="Lenovo - LAPTOP-7QB5JFLU"/>
         <property name="os" value="Windows 11 64bit"/>
         <property name="katalonVersion" value="9.6.0.217"/>
         <property name="browser" value="Chrome 126.0.0.0"/>
         <property name="hostAddress" value="192.168.1.12"/>
         <property name="sessionId" value="543c43879e1c76885c582951bcffe390"/>
         <property name="seleniumVersion" value="3.141.59"/>
         <property name="proxyInformation" value="ProxyInformation { proxyOption=NO_PROXY, proxyServerType=HTTP, username=, password=********, proxyServerAddress=, proxyServerPort=0, executionList=&quot;&quot;, isApplyToDesiredCapabilities=true }"/>
         <property name="platform" value="Windows 11"/>
      </properties>
      <testcase name="Test Cases/CURA Web Test/Properties/TCP01 - Open browser" time="11.29" classname="Test Cases/CURA Web Test/Properties/TCP01 - Open browser" status="PASSED">
         <system-out><![CDATA[12-07-2024T19:54:47 - [TEST_CASE][PASSED] - Test Cases/CURA Web Test/Properties/TCP01 - Open browser: Test Cases/CURA Web Test/Properties/TCP01 - Open browser

12-07-2024T19:54:47 - [TEST_STEP][PASSED] - openBrowser(""): Browser is opened with url: ''

12-07-2024T19:54:47 - [MESSAGE][INFO] - Starting 'Chrome' driver

12-07-2024T19:54:47 - [MESSAGE][INFO] - Action delay is set to 0 milliseconds

12-07-2024T19:54:48 - [MESSAGE][PASSED] - Browser is opened with url: ''

12-07-2024T19:54:48 - [TEST_STEP][PASSED] - navigateToUrl(URL): Navigate to 'https://katalon-demo-cura.herokuapp.com/' successfully

12-07-2024T19:54:58 - [MESSAGE][PASSED] - Navigate to 'https://katalon-demo-cura.herokuapp.com/' successfully]]></system-out>
         <system-err><![CDATA[]]></system-err>
      </testcase>
      <testcase name="Test Cases/CURA Web Test/Properties/TCP02 - Login" time="4.434" classname="Test Cases/CURA Web Test/Properties/TCP02 - Login" status="PASSED">
         <system-out><![CDATA[12-07-2024T19:54:58 - [TEST_CASE][PASSED] - Test Cases/CURA Web Test/Properties/TCP02 - Login: Test Cases/CURA Web Test/Properties/TCP02 - Login

12-07-2024T19:54:58 - [TEST_STEP][PASSED] - click(findTestObject("1. CURA Object button/Make Appointment")): Object: 'Object Repository/1. CURA Object button/Make Appointment' is clicked on

12-07-2024T19:54:59 - [MESSAGE][PASSED] - Object: 'Object Repository/1. CURA Object button/Make Appointment' is clicked on

12-07-2024T19:54:59 - [TEST_STEP][PASSED] - verifyElementText(findTestObject("2. CURA Object Text/Login Text"), "Login"): Actual text and expected text of test object 'Object Repository/2. CURA Object Text/Login Text' are matched.

12-07-2024T19:55:00 - [MESSAGE][PASSED] - Actual text and expected text of test object 'Object Repository/2. CURA Object Text/Login Text' are matched.

12-07-2024T19:55:00 - [TEST_STEP][PASSED] - setText(findTestObject("1. CURA Object button/Username"), Username): Text 'John Doe' is set on object 'Object Repository/1. CURA Object button/Username'

12-07-2024T19:55:01 - [MESSAGE][PASSED] - Text 'John Doe' is set on object 'Object Repository/1. CURA Object button/Username'

12-07-2024T19:55:01 - [TEST_STEP][PASSED] - setText(findTestObject("1. CURA Object button/Password"), Password): Text 'ThisIsNotAPassword' is set on object 'Object Repository/1. CURA Object button/Password'

12-07-2024T19:55:01 - [MESSAGE][PASSED] - Text 'ThisIsNotAPassword' is set on object 'Object Repository/1. CURA Object button/Password'

12-07-2024T19:55:01 - [TEST_STEP][PASSED] - click(findTestObject("1. CURA Object button/Login Button")): Object: 'Object Repository/1. CURA Object button/Login Button' is clicked on

12-07-2024T19:55:02 - [MESSAGE][PASSED] - Object: 'Object Repository/1. CURA Object button/Login Button' is clicked on]]></system-out>
         <system-err><![CDATA[]]></system-err>
      </testcase>
      <testcase name="Test Cases/CURA Web Test/TC14 - Home button" time="3.611" classname="Test Cases/CURA Web Test/TC14 - Home button" status="PASSED">
         <system-out><![CDATA[12-07-2024T19:55:02 - [TEST_CASE][PASSED] - Test Cases/CURA Web Test/TC14 - Home button: Test Cases/CURA Web Test/TC14 - Home button

12-07-2024T19:55:02 - [TEST_STEP][PASSED] - verifyElementPresent(findTestObject("9. Homepage of CURA/Page_CURA/h1_CURA Service"), 0): Object 'Object Repository/9. Homepage of CURA/Page_CURA/h1_CURA Service' is present

12-07-2024T19:55:02 - [MESSAGE][WARNING] - Timeout '0' is invalid. Using default page load timeout: '30'

12-07-2024T19:55:03 - [MESSAGE][PASSED] - Object 'Object Repository/9. Homepage of CURA/Page_CURA/h1_CURA Service' is present

12-07-2024T19:55:03 - [TEST_STEP][PASSED] - click(findTestObject("6. CURA menu/Page_CURA/i_CURA_fa fa-bars")): Object: 'Object Repository/6. CURA menu/Page_CURA/i_CURA_fa fa-bars' is clicked on

12-07-2024T19:55:03 - [MESSAGE][PASSED] - Object: 'Object Repository/6. CURA menu/Page_CURA/i_CURA_fa fa-bars' is clicked on

12-07-2024T19:55:03 - [TEST_STEP][PASSED] - click(findTestObject("11. Login menu check/Page_CURA/a_Home")): Object: 'Object Repository/11. Login menu check/Page_CURA/a_Home' is clicked on

12-07-2024T19:55:04 - [MESSAGE][PASSED] - Object: 'Object Repository/11. Login menu check/Page_CURA/a_Home' is clicked on

12-07-2024T19:55:04 - [TEST_STEP][PASSED] - verifyElementPresent(findTestObject("11. Login menu check/Page_CURA/h1_CURA Service"), 0): Object 'Object Repository/11. Login menu check/Page_CURA/h1_CURA Service' is present

12-07-2024T19:55:04 - [MESSAGE][WARNING] - Timeout '0' is invalid. Using default page load timeout: '30'

12-07-2024T19:55:04 - [MESSAGE][PASSED] - Object 'Object Repository/11. Login menu check/Page_CURA/h1_CURA Service' is present

12-07-2024T19:55:04 - [TEST_STEP][PASSED] - click(findTestObject("11. Login menu check/Page_CURA/i_CURA fa fa-bars")): Object: 'Object Repository/11. Login menu check/Page_CURA/i_CURA fa fa-bars' is clicked on

12-07-2024T19:55:04 - [MESSAGE][PASSED] - Object: 'Object Repository/11. Login menu check/Page_CURA/i_CURA fa fa-bars' is clicked on

12-07-2024T19:55:04 - [TEST_STEP][PASSED] - click(findTestObject("8. History check/Page_CURA/a_History")): Object: 'Object Repository/8. History check/Page_CURA/a_History' is clicked on

12-07-2024T19:55:05 - [MESSAGE][PASSED] - Object: 'Object Repository/8. History check/Page_CURA/a_History' is clicked on

12-07-2024T19:55:05 - [TEST_STEP][PASSED] - click(findTestObject("8. History check/Page_CURA/a_Go Homepage")): Object: 'Object Repository/8. History check/Page_CURA/a_Go Homepage' is clicked on

12-07-2024T19:55:06 - [MESSAGE][PASSED] - Object: 'Object Repository/8. History check/Page_CURA/a_Go Homepage' is clicked on]]></system-out>
         <system-err><![CDATA[]]></system-err>
      </testcase>
      <testcase name="Test Cases/CURA Web Test/Properties/TCP03 - Logout" time="2.596" classname="Test Cases/CURA Web Test/Properties/TCP03 - Logout" status="PASSED">
         <system-out><![CDATA[12-07-2024T19:55:06 - [TEST_CASE][PASSED] - Test Cases/CURA Web Test/Properties/TCP03 - Logout: Test Cases/CURA Web Test/Properties/TCP03 - Logout

12-07-2024T19:55:06 - [TEST_STEP][PASSED] - verifyElementText(findTestObject("2. CURA Object Text/Make Appointment"), "Make Appointment"): Actual text and expected text of test object 'Object Repository/2. CURA Object Text/Make Appointment' are matched.

12-07-2024T19:55:06 - [MESSAGE][PASSED] - Actual text and expected text of test object 'Object Repository/2. CURA Object Text/Make Appointment' are matched.

12-07-2024T19:55:06 - [TEST_STEP][PASSED] - click(findTestObject("1. CURA Object button/Menu")): Object: 'Object Repository/1. CURA Object button/Menu' is clicked on

12-07-2024T19:55:07 - [MESSAGE][PASSED] - Object: 'Object Repository/1. CURA Object button/Menu' is clicked on

12-07-2024T19:55:07 - [TEST_STEP][PASSED] - click(findTestObject("1. CURA Object button/Logout")): Object: 'Object Repository/1. CURA Object button/Logout' is clicked on

12-07-2024T19:55:08 - [MESSAGE][PASSED] - Object: 'Object Repository/1. CURA Object button/Logout' is clicked on

12-07-2024T19:55:08 - [TEST_STEP][PASSED] - closeBrowser(): Browser is closed

12-07-2024T19:55:08 - [MESSAGE][PASSED] - Browser is closed]]></system-out>
         <system-err><![CDATA[]]></system-err>
      </testcase>
      <system-out><![CDATA[12-07-2024T19:54:46 - [TEST_SUITE][PASSED] - TS07 - Home button variation: Test Cases/CURA Web Test/Properties/TCP03 - Logout]]></system-out>
      <system-err><![CDATA[]]></system-err>
   </testsuite>
   <testsuite name="TS08 - Hongkong appointment using variable" tests="3" failures="0" errors="0" time="21.639" skipped="0" timestamp="12-07-2024T19:55:20" hostname="Lenovo - LAPTOP-7QB5JFLU" id="Test Suites/CURA Test suites/TS08 - Hongkong appointment using variable">
      <properties>
         <property name="deviceName" value=""/>
         <property name="devicePlatform"/>
         <property name="logFolder" value="C:\\Users\\Lenovo\\git\\KatalonPractitionerLevel\\Reports\\20240712_194912\\CURA Test suites\\TS08 - Hongkong appointment using variable\\20240712_194927"/>
         <property name="logFiles" value="C:\\Users\\Lenovo\\git\\KatalonPractitionerLevel\\Reports\\20240712_194912\\CURA Test suites\\TS08 - Hongkong appointment using variable\\20240712_194927\\execution0.log"/>
         <property name="attachments" value=""/>
         <property name="hostName" value="Lenovo - LAPTOP-7QB5JFLU"/>
         <property name="os" value="Windows 11 64bit"/>
         <property name="katalonVersion" value="9.6.0.217"/>
         <property name="browser" value="Chrome 126.0.0.0"/>
         <property name="hostAddress" value="192.168.1.12"/>
         <property name="sessionId" value="2c62a814ffc59d9f59bc452e86567e21"/>
         <property name="seleniumVersion" value="3.141.59"/>
         <property name="proxyInformation" value="ProxyInformation { proxyOption=NO_PROXY, proxyServerType=HTTP, username=, password=********, proxyServerAddress=, proxyServerPort=0, executionList=&quot;&quot;, isApplyToDesiredCapabilities=true }"/>
         <property name="platform" value="Windows 11"/>
      </properties>
      <testcase name="Test Cases/CURA Web Test/TC15 - Login using variable" time="15.145" classname="Test Cases/CURA Web Test/TC15 - Login using variable" status="PASSED">
         <system-out><![CDATA[12-07-2024T19:55:20 - [TEST_CASE][PASSED] - Test Cases/CURA Web Test/TC15 - Login using variable: Test Cases/CURA Web Test/TC15 - Login using variable

12-07-2024T19:55:21 - [TEST_STEP][PASSED] - openBrowser(""): Browser is opened with url: ''

12-07-2024T19:55:21 - [MESSAGE][INFO] - Starting 'Chrome' driver

12-07-2024T19:55:21 - [MESSAGE][INFO] - Action delay is set to 0 milliseconds

12-07-2024T19:55:22 - [MESSAGE][PASSED] - Browser is opened with url: ''

12-07-2024T19:55:22 - [TEST_STEP][PASSED] - navigateToUrl("https://katalon-demo-cura.herokuapp.com/"): Navigate to 'https://katalon-demo-cura.herokuapp.com/' successfully

12-07-2024T19:55:31 - [MESSAGE][PASSED] - Navigate to 'https://katalon-demo-cura.herokuapp.com/' successfully

12-07-2024T19:55:31 - [TEST_STEP][PASSED] - loginParameter = "varibleLogin": null

12-07-2024T19:55:31 - [TEST_STEP][PASSED] - click(findTestObject("1. CURA Object button/Make Appointment")): Object: 'Object Repository/1. CURA Object button/Make Appointment' is clicked on

12-07-2024T19:55:33 - [MESSAGE][PASSED] - Object: 'Object Repository/1. CURA Object button/Make Appointment' is clicked on

12-07-2024T19:55:33 - [TEST_STEP][PASSED] - setText(findTestObject("1. CURA Object button/Username"), Username): Text 'John Doe' is set on object 'Object Repository/1. CURA Object button/Username'

12-07-2024T19:55:34 - [MESSAGE][PASSED] - Text 'John Doe' is set on object 'Object Repository/1. CURA Object button/Username'

12-07-2024T19:55:34 - [TEST_STEP][PASSED] - setText(findTestObject("1. CURA Object button/Password"), Password): Text 'ThisIsNotAPassword' is set on object 'Object Repository/1. CURA Object button/Password'

12-07-2024T19:55:34 - [MESSAGE][PASSED] - Text 'ThisIsNotAPassword' is set on object 'Object Repository/1. CURA Object button/Password'

12-07-2024T19:55:34 - [TEST_STEP][PASSED] - click(findTestObject("1. CURA Object button/Login Button")): Object: 'Object Repository/1. CURA Object button/Login Button' is clicked on

12-07-2024T19:55:35 - [MESSAGE][PASSED] - Object: 'Object Repository/1. CURA Object button/Login Button' is clicked on]]></system-out>
         <system-err><![CDATA[]]></system-err>
      </testcase>
      <testcase name="Test Cases/CURA Web Test/TC16 - Appointment Hongkong using variable" time="4.556" classname="Test Cases/CURA Web Test/TC16 - Appointment Hongkong using variable" status="PASSED">
         <system-out><![CDATA[12-07-2024T19:55:35 - [TEST_CASE][PASSED] - Test Cases/CURA Web Test/TC16 - Appointment Hongkong using variable: Test Cases/CURA Web Test/TC16 - Appointment Hongkong using variable

12-07-2024T19:55:36 - [TEST_STEP][PASSED] - selectOptionByValue(findTestObject("1. CURA Object button/Facility"), "Hongkong CURA Healthcare Center", true, CONTINUE_ON_FAILURE): All options with value 'Hongkong CURA Healthcare Center' are selected in object 'Object Repository/1. CURA Object button/Facility'  using regular expression

12-07-2024T19:55:37 - [MESSAGE][PASSED] - All options with value 'Hongkong CURA Healthcare Center' are selected in object 'Object Repository/1. CURA Object button/Facility'  using regular expression

12-07-2024T19:55:37 - [TEST_STEP][PASSED] - click(findTestObject("1. CURA Object button/Hospital Readmission")): Object: 'Object Repository/1. CURA Object button/Hospital Readmission' is clicked on

12-07-2024T19:55:37 - [MESSAGE][PASSED] - Object: 'Object Repository/1. CURA Object button/Hospital Readmission' is clicked on

12-07-2024T19:55:37 - [TEST_STEP][PASSED] - click(findTestObject("1. CURA Object button/Medicaid")): Object: 'Object Repository/1. CURA Object button/Medicaid' is clicked on

12-07-2024T19:55:37 - [MESSAGE][PASSED] - Object: 'Object Repository/1. CURA Object button/Medicaid' is clicked on

12-07-2024T19:55:37 - [TEST_STEP][PASSED] - click(findTestObject("1. CURA Object button/Visit Date")): Object: 'Object Repository/1. CURA Object button/Visit Date' is clicked on

12-07-2024T19:55:38 - [MESSAGE][PASSED] - Object: 'Object Repository/1. CURA Object button/Visit Date' is clicked on

12-07-2024T19:55:38 - [TEST_STEP][PASSED] - setText(findTestObject("1. CURA Object button/Visit Date"), "18/07/2024"): Text '18/07/2024' is set on object 'Object Repository/1. CURA Object button/Visit Date'

12-07-2024T19:55:38 - [MESSAGE][PASSED] - Text '18/07/2024' is set on object 'Object Repository/1. CURA Object button/Visit Date'

12-07-2024T19:55:38 - [TEST_STEP][PASSED] - setText(findTestObject("1. CURA Object button/Comment"), Comment4): Text '' is set on object 'Object Repository/1. CURA Object button/Comment'

12-07-2024T19:55:39 - [MESSAGE][PASSED] - Text '' is set on object 'Object Repository/1. CURA Object button/Comment'

12-07-2024T19:55:39 - [TEST_STEP][PASSED] - click(findTestObject("1. CURA Object button/Book Appointment")): Object: 'Object Repository/1. CURA Object button/Book Appointment' is clicked on

12-07-2024T19:55:40 - [MESSAGE][PASSED] - Object: 'Object Repository/1. CURA Object button/Book Appointment' is clicked on]]></system-out>
         <system-err><![CDATA[]]></system-err>
      </testcase>
      <testcase name="Test Cases/CURA Web Test/TC12 - Logout via button toggle" time="1.785" classname="Test Cases/CURA Web Test/TC12 - Logout via button toggle" status="PASSED">
         <system-out><![CDATA[12-07-2024T19:55:40 - [TEST_CASE][PASSED] - Test Cases/CURA Web Test/TC12 - Logout via button toggle: Test Cases/CURA Web Test/TC12 - Logout via button toggle

12-07-2024T19:55:40 - [TEST_STEP][PASSED] - click(findTestObject("1. CURA Object button/Menu"), STOP_ON_FAILURE): Object: 'Object Repository/1. CURA Object button/Menu' is clicked on

12-07-2024T19:55:40 - [MESSAGE][PASSED] - Object: 'Object Repository/1. CURA Object button/Menu' is clicked on

12-07-2024T19:55:40 - [TEST_STEP][PASSED] - click(findTestObject("1. CURA Object button/Logout")): Object: 'Object Repository/1. CURA Object button/Logout' is clicked on

12-07-2024T19:55:41 - [MESSAGE][PASSED] - Object: 'Object Repository/1. CURA Object button/Logout' is clicked on

12-07-2024T19:55:41 - [TEST_STEP][PASSED] - verifyElementText(findTestObject("2. CURA Object Text/Healthcare Service"), "CURA Healthcare Service"): Actual text and expected text of test object 'Object Repository/2. CURA Object Text/Healthcare Service' are matched.

12-07-2024T19:55:42 - [MESSAGE][PASSED] - Actual text and expected text of test object 'Object Repository/2. CURA Object Text/Healthcare Service' are matched.]]></system-out>
         <system-err><![CDATA[]]></system-err>
      </testcase>
      <system-out><![CDATA[12-07-2024T19:55:20 - [TEST_SUITE][PASSED] - TS08 - Hongkong appointment using variable: Test Cases/CURA Web Test/TC12 - Logout via button toggle]]></system-out>
      <system-err><![CDATA[]]></system-err>
   </testsuite>
   <testsuite name="TS09 - Login using data driven" tests="7" failures="0" errors="0" time="61.806" skipped="0" timestamp="12-07-2024T19:55:54" hostname="Lenovo - LAPTOP-7QB5JFLU" id="Test Suites/CURA Test suites/TS09 - Login using data driven">
      <properties>
         <property name="deviceName" value=""/>
         <property name="devicePlatform"/>
         <property name="logFolder" value="C:\\Users\\Lenovo\\git\\KatalonPractitionerLevel\\Reports\\20240712_194912\\CURA Test suites\\TS09 - Login using data driven\\20240712_194929"/>
         <property name="logFiles" value="C:\\Users\\Lenovo\\git\\KatalonPractitionerLevel\\Reports\\20240712_194912\\CURA Test suites\\TS09 - Login using data driven\\20240712_194929\\execution0.log"/>
         <property name="attachments" value=""/>
         <property name="hostName" value="Lenovo - LAPTOP-7QB5JFLU"/>
         <property name="os" value="Windows 11 64bit"/>
         <property name="katalonVersion" value="9.6.0.217"/>
         <property name="browser" value="Chrome 126.0.0.0"/>
         <property name="hostAddress" value="192.168.1.12"/>
         <property name="sessionId" value="68979d3cc77ee4d309586c30880cc934"/>
         <property name="seleniumVersion" value="3.141.59"/>
         <property name="proxyInformation" value="ProxyInformation { proxyOption=NO_PROXY, proxyServerType=HTTP, username=, password=********, proxyServerAddress=, proxyServerPort=0, executionList=&quot;&quot;, isApplyToDesiredCapabilities=true }"/>
         <property name="platform" value="Windows 11"/>
      </properties>
      <testcase name="Test Cases/CURA Web Test/TC17 - Login using data driven" time="10.184" classname="Test Cases/CURA Web Test/TC17 - Login using data driven" status="PASSED">
         <system-out><![CDATA[12-07-2024T19:55:54 - [TEST_CASE][PASSED] - Test Cases/CURA Web Test/TC17 - Login using data driven: Test Cases/CURA Web Test/TC17 - Login using data driven

12-07-2024T19:55:55 - [TEST_STEP][PASSED] - callTestCase(findTestCase("CURA Web Test/Properties/TCP01 - Open browser"), [:], STOP_ON_FAILURE): Call Test Case 'Test Cases/CURA Web Test/Properties/TCP01 - Open browser' successfully

12-07-2024T19:55:55 - [TEST_CASE][PASSED] - Test Cases/CURA Web Test/Properties/TCP01 - Open browser: Test Cases/CURA Web Test/Properties/TCP01 - Open browser

12-07-2024T19:55:55 - [TEST_STEP][PASSED] - openBrowser(""): Browser is opened with url: ''

12-07-2024T19:55:55 - [MESSAGE][INFO] - Starting 'Chrome' driver

12-07-2024T19:55:55 - [MESSAGE][INFO] - Action delay is set to 0 milliseconds

12-07-2024T19:55:56 - [MESSAGE][PASSED] - Browser is opened with url: ''

12-07-2024T19:55:56 - [TEST_STEP][PASSED] - navigateToUrl(URL): Navigate to 'https://katalon-demo-cura.herokuapp.com/' successfully

12-07-2024T19:56:00 - [MESSAGE][PASSED] - Navigate to 'https://katalon-demo-cura.herokuapp.com/' successfully

12-07-2024T19:56:00 - [MESSAGE][PASSED] - Call Test Case 'Test Cases/CURA Web Test/Properties/TCP01 - Open browser' successfully

12-07-2024T19:56:00 - [TEST_STEP][PASSED] - click(findTestObject("1. CURA Object button/Make Appointment")): Object: 'Object Repository/1. CURA Object button/Make Appointment' is clicked on

12-07-2024T19:56:01 - [MESSAGE][PASSED] - Object: 'Object Repository/1. CURA Object button/Make Appointment' is clicked on

12-07-2024T19:56:01 - [TEST_STEP][PASSED] - loginParameter = "varibleLogin": null

12-07-2024T19:56:01 - [TEST_STEP][PASSED] - username = getAttribute(findTestObject("1. CURA Object button/Username"), Username): Attribute 'John' of object 'Object Repository/1. CURA Object button/Username' is: 'null'

12-07-2024T19:56:01 - [MESSAGE][PASSED] - Attribute 'John' of object 'Object Repository/1. CURA Object button/Username' is: 'null'

12-07-2024T19:56:01 - [TEST_STEP][PASSED] - password = getAttribute(findTestObject("1. CURA Object button/Password"), Password): Attribute '' of object 'Object Repository/1. CURA Object button/Password' is: 'null'

12-07-2024T19:56:02 - [MESSAGE][PASSED] - Attribute '' of object 'Object Repository/1. CURA Object button/Password' is: 'null'

12-07-2024T19:56:02 - [TEST_STEP][PASSED] - setText(findTestObject("1. CURA Object button/Username"), Username): Text 'John' is set on object 'Object Repository/1. CURA Object button/Username'

12-07-2024T19:56:02 - [MESSAGE][PASSED] - Text 'John' is set on object 'Object Repository/1. CURA Object button/Username'

12-07-2024T19:56:02 - [TEST_STEP][PASSED] - setText(findTestObject("1. CURA Object button/Password"), Password): Text '' is set on object 'Object Repository/1. CURA Object button/Password'

12-07-2024T19:56:03 - [MESSAGE][PASSED] - Text '' is set on object 'Object Repository/1. CURA Object button/Password'

12-07-2024T19:56:03 - [TEST_STEP][PASSED] - click(findTestObject("1. CURA Object button/Login Button")): Object: 'Object Repository/1. CURA Object button/Login Button' is clicked on

12-07-2024T19:56:04 - [MESSAGE][PASSED] - Object: 'Object Repository/1. CURA Object button/Login Button' is clicked on

12-07-2024T19:56:04 - [TEST_STEP][PASSED] - if (username == "John Doe" && password == "ThisIsNotAPassword"): null

12-07-2024T19:56:04 - [TEST_STEP][PASSED] - else: Object 'Object Repository/7. Failed Login/Page_CURA/p_Login failed' is visible

12-07-2024T19:56:04 - [TEST_STEP][PASSED] - verifyElementVisible(findTestObject("7. Failed Login/Page_CURA/p_Login failed")): Object 'Object Repository/7. Failed Login/Page_CURA/p_Login failed' is visible

12-07-2024T19:56:05 - [MESSAGE][PASSED] - Object 'Object Repository/7. Failed Login/Page_CURA/p_Login failed' is visible]]></system-out>
         <system-err><![CDATA[]]></system-err>
      </testcase>
      <testcase name="Test Cases/CURA Web Test/TC17 - Login using data driven" time="9.146" classname="Test Cases/CURA Web Test/TC17 - Login using data driven" status="PASSED">
         <system-out><![CDATA[12-07-2024T19:56:05 - [TEST_CASE][PASSED] - Test Cases/CURA Web Test/TC17 - Login using data driven: Test Cases/CURA Web Test/TC17 - Login using data driven

12-07-2024T19:56:05 - [TEST_STEP][PASSED] - callTestCase(findTestCase("CURA Web Test/Properties/TCP01 - Open browser"), [:], STOP_ON_FAILURE): Call Test Case 'Test Cases/CURA Web Test/Properties/TCP01 - Open browser' successfully

12-07-2024T19:56:05 - [TEST_CASE][PASSED] - Test Cases/CURA Web Test/Properties/TCP01 - Open browser: Test Cases/CURA Web Test/Properties/TCP01 - Open browser

12-07-2024T19:56:05 - [TEST_STEP][PASSED] - openBrowser(""): Browser is opened with url: ''

12-07-2024T19:56:05 - [MESSAGE][WARNING] - A browser is already opened. Closing browser and opening a new one

12-07-2024T19:56:05 - [MESSAGE][INFO] - Starting 'Chrome' driver

12-07-2024T19:56:05 - [MESSAGE][INFO] - Action delay is set to 0 milliseconds

12-07-2024T19:56:06 - [MESSAGE][PASSED] - Browser is opened with url: ''

12-07-2024T19:56:06 - [TEST_STEP][PASSED] - navigateToUrl(URL): Navigate to 'https://katalon-demo-cura.herokuapp.com/' successfully

12-07-2024T19:56:09 - [MESSAGE][PASSED] - Navigate to 'https://katalon-demo-cura.herokuapp.com/' successfully

12-07-2024T19:56:09 - [MESSAGE][PASSED] - Call Test Case 'Test Cases/CURA Web Test/Properties/TCP01 - Open browser' successfully

12-07-2024T19:56:09 - [TEST_STEP][PASSED] - click(findTestObject("1. CURA Object button/Make Appointment")): Object: 'Object Repository/1. CURA Object button/Make Appointment' is clicked on

12-07-2024T19:56:10 - [MESSAGE][PASSED] - Object: 'Object Repository/1. CURA Object button/Make Appointment' is clicked on

12-07-2024T19:56:10 - [TEST_STEP][PASSED] - loginParameter = "varibleLogin": null

12-07-2024T19:56:10 - [TEST_STEP][PASSED] - username = getAttribute(findTestObject("1. CURA Object button/Username"), Username): Attribute 'John Doe' of object 'Object Repository/1. CURA Object button/Username' is: 'null'

12-07-2024T19:56:10 - [MESSAGE][PASSED] - Attribute 'John Doe' of object 'Object Repository/1. CURA Object button/Username' is: 'null'

12-07-2024T19:56:10 - [TEST_STEP][PASSED] - password = getAttribute(findTestObject("1. CURA Object button/Password"), Password): Attribute '' of object 'Object Repository/1. CURA Object button/Password' is: 'null'

12-07-2024T19:56:11 - [MESSAGE][PASSED] - Attribute '' of object 'Object Repository/1. CURA Object button/Password' is: 'null'

12-07-2024T19:56:11 - [TEST_STEP][PASSED] - setText(findTestObject("1. CURA Object button/Username"), Username): Text 'John Doe' is set on object 'Object Repository/1. CURA Object button/Username'

12-07-2024T19:56:12 - [MESSAGE][PASSED] - Text 'John Doe' is set on object 'Object Repository/1. CURA Object button/Username'

12-07-2024T19:56:12 - [TEST_STEP][PASSED] - setText(findTestObject("1. CURA Object button/Password"), Password): Text '' is set on object 'Object Repository/1. CURA Object button/Password'

12-07-2024T19:56:12 - [MESSAGE][PASSED] - Text '' is set on object 'Object Repository/1. CURA Object button/Password'

12-07-2024T19:56:12 - [TEST_STEP][PASSED] - click(findTestObject("1. CURA Object button/Login Button")): Object: 'Object Repository/1. CURA Object button/Login Button' is clicked on

12-07-2024T19:56:13 - [MESSAGE][PASSED] - Object: 'Object Repository/1. CURA Object button/Login Button' is clicked on

12-07-2024T19:56:13 - [TEST_STEP][PASSED] - if (username == "John Doe" && password == "ThisIsNotAPassword"): null

12-07-2024T19:56:13 - [TEST_STEP][PASSED] - else: Object 'Object Repository/7. Failed Login/Page_CURA/p_Login failed' is visible

12-07-2024T19:56:13 - [TEST_STEP][PASSED] - verifyElementVisible(findTestObject("7. Failed Login/Page_CURA/p_Login failed")): Object 'Object Repository/7. Failed Login/Page_CURA/p_Login failed' is visible

12-07-2024T19:56:14 - [MESSAGE][PASSED] - Object 'Object Repository/7. Failed Login/Page_CURA/p_Login failed' is visible]]></system-out>
         <system-err><![CDATA[]]></system-err>
      </testcase>
      <testcase name="Test Cases/CURA Web Test/TC17 - Login using data driven" time="9.371" classname="Test Cases/CURA Web Test/TC17 - Login using data driven" status="PASSED">
         <system-out><![CDATA[12-07-2024T19:56:14 - [TEST_CASE][PASSED] - Test Cases/CURA Web Test/TC17 - Login using data driven: Test Cases/CURA Web Test/TC17 - Login using data driven

12-07-2024T19:56:14 - [TEST_STEP][PASSED] - callTestCase(findTestCase("CURA Web Test/Properties/TCP01 - Open browser"), [:], STOP_ON_FAILURE): Call Test Case 'Test Cases/CURA Web Test/Properties/TCP01 - Open browser' successfully

12-07-2024T19:56:14 - [TEST_CASE][PASSED] - Test Cases/CURA Web Test/Properties/TCP01 - Open browser: Test Cases/CURA Web Test/Properties/TCP01 - Open browser

12-07-2024T19:56:14 - [TEST_STEP][PASSED] - openBrowser(""): Browser is opened with url: ''

12-07-2024T19:56:14 - [MESSAGE][WARNING] - A browser is already opened. Closing browser and opening a new one

12-07-2024T19:56:14 - [MESSAGE][INFO] - Starting 'Chrome' driver

12-07-2024T19:56:14 - [MESSAGE][INFO] - Action delay is set to 0 milliseconds

12-07-2024T19:56:15 - [MESSAGE][PASSED] - Browser is opened with url: ''

12-07-2024T19:56:15 - [TEST_STEP][PASSED] - navigateToUrl(URL): Navigate to 'https://katalon-demo-cura.herokuapp.com/' successfully

12-07-2024T19:56:19 - [MESSAGE][PASSED] - Navigate to 'https://katalon-demo-cura.herokuapp.com/' successfully

12-07-2024T19:56:19 - [MESSAGE][PASSED] - Call Test Case 'Test Cases/CURA Web Test/Properties/TCP01 - Open browser' successfully

12-07-2024T19:56:19 - [TEST_STEP][PASSED] - click(findTestObject("1. CURA Object button/Make Appointment")): Object: 'Object Repository/1. CURA Object button/Make Appointment' is clicked on

12-07-2024T19:56:19 - [MESSAGE][PASSED] - Object: 'Object Repository/1. CURA Object button/Make Appointment' is clicked on

12-07-2024T19:56:19 - [TEST_STEP][PASSED] - loginParameter = "varibleLogin": null

12-07-2024T19:56:19 - [TEST_STEP][PASSED] - username = getAttribute(findTestObject("1. CURA Object button/Username"), Username): Attribute 'John Doe' of object 'Object Repository/1. CURA Object button/Username' is: 'null'

12-07-2024T19:56:20 - [MESSAGE][PASSED] - Attribute 'John Doe' of object 'Object Repository/1. CURA Object button/Username' is: 'null'

12-07-2024T19:56:20 - [TEST_STEP][PASSED] - password = getAttribute(findTestObject("1. CURA Object button/Password"), Password): Attribute 'This' of object 'Object Repository/1. CURA Object button/Password' is: 'null'

12-07-2024T19:56:20 - [MESSAGE][PASSED] - Attribute 'This' of object 'Object Repository/1. CURA Object button/Password' is: 'null'

12-07-2024T19:56:20 - [TEST_STEP][PASSED] - setText(findTestObject("1. CURA Object button/Username"), Username): Text 'John Doe' is set on object 'Object Repository/1. CURA Object button/Username'

12-07-2024T19:56:21 - [MESSAGE][PASSED] - Text 'John Doe' is set on object 'Object Repository/1. CURA Object button/Username'

12-07-2024T19:56:21 - [TEST_STEP][PASSED] - setText(findTestObject("1. CURA Object button/Password"), Password): Text 'This' is set on object 'Object Repository/1. CURA Object button/Password'

12-07-2024T19:56:22 - [MESSAGE][PASSED] - Text 'This' is set on object 'Object Repository/1. CURA Object button/Password'

12-07-2024T19:56:22 - [TEST_STEP][PASSED] - click(findTestObject("1. CURA Object button/Login Button")): Object: 'Object Repository/1. CURA Object button/Login Button' is clicked on

12-07-2024T19:56:23 - [MESSAGE][PASSED] - Object: 'Object Repository/1. CURA Object button/Login Button' is clicked on

12-07-2024T19:56:23 - [TEST_STEP][PASSED] - if (username == "John Doe" && password == "ThisIsNotAPassword"): null

12-07-2024T19:56:23 - [TEST_STEP][PASSED] - else: Object 'Object Repository/7. Failed Login/Page_CURA/p_Login failed' is visible

12-07-2024T19:56:23 - [TEST_STEP][PASSED] - verifyElementVisible(findTestObject("7. Failed Login/Page_CURA/p_Login failed")): Object 'Object Repository/7. Failed Login/Page_CURA/p_Login failed' is visible

12-07-2024T19:56:23 - [MESSAGE][PASSED] - Object 'Object Repository/7. Failed Login/Page_CURA/p_Login failed' is visible]]></system-out>
         <system-err><![CDATA[]]></system-err>
      </testcase>
      <testcase name="Test Cases/CURA Web Test/TC17 - Login using data driven" time="11.438" classname="Test Cases/CURA Web Test/TC17 - Login using data driven" status="PASSED">
         <system-out><![CDATA[12-07-2024T19:56:23 - [TEST_CASE][PASSED] - Test Cases/CURA Web Test/TC17 - Login using data driven: Test Cases/CURA Web Test/TC17 - Login using data driven

12-07-2024T19:56:23 - [TEST_STEP][PASSED] - callTestCase(findTestCase("CURA Web Test/Properties/TCP01 - Open browser"), [:], STOP_ON_FAILURE): Call Test Case 'Test Cases/CURA Web Test/Properties/TCP01 - Open browser' successfully

12-07-2024T19:56:23 - [TEST_CASE][PASSED] - Test Cases/CURA Web Test/Properties/TCP01 - Open browser: Test Cases/CURA Web Test/Properties/TCP01 - Open browser

12-07-2024T19:56:23 - [TEST_STEP][PASSED] - openBrowser(""): Browser is opened with url: ''

12-07-2024T19:56:23 - [MESSAGE][WARNING] - A browser is already opened. Closing browser and opening a new one

12-07-2024T19:56:23 - [MESSAGE][INFO] - Starting 'Chrome' driver

12-07-2024T19:56:23 - [MESSAGE][INFO] - Action delay is set to 0 milliseconds

12-07-2024T19:56:24 - [MESSAGE][PASSED] - Browser is opened with url: ''

12-07-2024T19:56:24 - [TEST_STEP][PASSED] - navigateToUrl(URL): Navigate to 'https://katalon-demo-cura.herokuapp.com/' successfully

12-07-2024T19:56:30 - [MESSAGE][PASSED] - Navigate to 'https://katalon-demo-cura.herokuapp.com/' successfully

12-07-2024T19:56:30 - [MESSAGE][PASSED] - Call Test Case 'Test Cases/CURA Web Test/Properties/TCP01 - Open browser' successfully

12-07-2024T19:56:30 - [TEST_STEP][PASSED] - click(findTestObject("1. CURA Object button/Make Appointment")): Object: 'Object Repository/1. CURA Object button/Make Appointment' is clicked on

12-07-2024T19:56:31 - [MESSAGE][PASSED] - Object: 'Object Repository/1. CURA Object button/Make Appointment' is clicked on

12-07-2024T19:56:31 - [TEST_STEP][PASSED] - loginParameter = "varibleLogin": null

12-07-2024T19:56:31 - [TEST_STEP][PASSED] - username = getAttribute(findTestObject("1. CURA Object button/Username"), Username): Attribute '' of object 'Object Repository/1. CURA Object button/Username' is: 'null'

12-07-2024T19:56:31 - [MESSAGE][PASSED] - Attribute '' of object 'Object Repository/1. CURA Object button/Username' is: 'null'

12-07-2024T19:56:31 - [TEST_STEP][PASSED] - password = getAttribute(findTestObject("1. CURA Object button/Password"), Password): Attribute 'ThisIsNotAPassword' of object 'Object Repository/1. CURA Object button/Password' is: 'null'

12-07-2024T19:56:32 - [MESSAGE][PASSED] - Attribute 'ThisIsNotAPassword' of object 'Object Repository/1. CURA Object button/Password' is: 'null'

12-07-2024T19:56:32 - [TEST_STEP][PASSED] - setText(findTestObject("1. CURA Object button/Username"), Username): Text '' is set on object 'Object Repository/1. CURA Object button/Username'

12-07-2024T19:56:32 - [MESSAGE][PASSED] - Text '' is set on object 'Object Repository/1. CURA Object button/Username'

12-07-2024T19:56:32 - [TEST_STEP][PASSED] - setText(findTestObject("1. CURA Object button/Password"), Password): Text 'ThisIsNotAPassword' is set on object 'Object Repository/1. CURA Object button/Password'

12-07-2024T19:56:33 - [MESSAGE][PASSED] - Text 'ThisIsNotAPassword' is set on object 'Object Repository/1. CURA Object button/Password'

12-07-2024T19:56:33 - [TEST_STEP][PASSED] - click(findTestObject("1. CURA Object button/Login Button")): Object: 'Object Repository/1. CURA Object button/Login Button' is clicked on

12-07-2024T19:56:34 - [MESSAGE][PASSED] - Object: 'Object Repository/1. CURA Object button/Login Button' is clicked on

12-07-2024T19:56:34 - [TEST_STEP][PASSED] - if (username == "John Doe" && password == "ThisIsNotAPassword"): null

12-07-2024T19:56:34 - [TEST_STEP][PASSED] - else: Object 'Object Repository/7. Failed Login/Page_CURA/p_Login failed' is visible

12-07-2024T19:56:34 - [TEST_STEP][PASSED] - verifyElementVisible(findTestObject("7. Failed Login/Page_CURA/p_Login failed")): Object 'Object Repository/7. Failed Login/Page_CURA/p_Login failed' is visible

12-07-2024T19:56:35 - [MESSAGE][PASSED] - Object 'Object Repository/7. Failed Login/Page_CURA/p_Login failed' is visible]]></system-out>
         <system-err><![CDATA[]]></system-err>
      </testcase>
      <testcase name="Test Cases/CURA Web Test/TC17 - Login using data driven" time="9.126" classname="Test Cases/CURA Web Test/TC17 - Login using data driven" status="PASSED">
         <system-out><![CDATA[12-07-2024T19:56:35 - [TEST_CASE][PASSED] - Test Cases/CURA Web Test/TC17 - Login using data driven: Test Cases/CURA Web Test/TC17 - Login using data driven

12-07-2024T19:56:35 - [TEST_STEP][PASSED] - callTestCase(findTestCase("CURA Web Test/Properties/TCP01 - Open browser"), [:], STOP_ON_FAILURE): Call Test Case 'Test Cases/CURA Web Test/Properties/TCP01 - Open browser' successfully

12-07-2024T19:56:35 - [TEST_CASE][PASSED] - Test Cases/CURA Web Test/Properties/TCP01 - Open browser: Test Cases/CURA Web Test/Properties/TCP01 - Open browser

12-07-2024T19:56:35 - [TEST_STEP][PASSED] - openBrowser(""): Browser is opened with url: ''

12-07-2024T19:56:35 - [MESSAGE][WARNING] - A browser is already opened. Closing browser and opening a new one

12-07-2024T19:56:35 - [MESSAGE][INFO] - Starting 'Chrome' driver

12-07-2024T19:56:35 - [MESSAGE][INFO] - Action delay is set to 0 milliseconds

12-07-2024T19:56:35 - [MESSAGE][PASSED] - Browser is opened with url: ''

12-07-2024T19:56:35 - [TEST_STEP][PASSED] - navigateToUrl(URL): Navigate to 'https://katalon-demo-cura.herokuapp.com/' successfully

12-07-2024T19:56:40 - [MESSAGE][PASSED] - Navigate to 'https://katalon-demo-cura.herokuapp.com/' successfully

12-07-2024T19:56:40 - [MESSAGE][PASSED] - Call Test Case 'Test Cases/CURA Web Test/Properties/TCP01 - Open browser' successfully

12-07-2024T19:56:40 - [TEST_STEP][PASSED] - click(findTestObject("1. CURA Object button/Make Appointment")): Object: 'Object Repository/1. CURA Object button/Make Appointment' is clicked on

12-07-2024T19:56:40 - [MESSAGE][PASSED] - Object: 'Object Repository/1. CURA Object button/Make Appointment' is clicked on

12-07-2024T19:56:40 - [TEST_STEP][PASSED] - loginParameter = "varibleLogin": null

12-07-2024T19:56:40 - [TEST_STEP][PASSED] - username = getAttribute(findTestObject("1. CURA Object button/Username"), Username): Attribute 'John' of object 'Object Repository/1. CURA Object button/Username' is: 'null'

12-07-2024T19:56:41 - [MESSAGE][PASSED] - Attribute 'John' of object 'Object Repository/1. CURA Object button/Username' is: 'null'

12-07-2024T19:56:41 - [TEST_STEP][PASSED] - password = getAttribute(findTestObject("1. CURA Object button/Password"), Password): Attribute 'This' of object 'Object Repository/1. CURA Object button/Password' is: 'null'

12-07-2024T19:56:41 - [MESSAGE][PASSED] - Attribute 'This' of object 'Object Repository/1. CURA Object button/Password' is: 'null'

12-07-2024T19:56:41 - [TEST_STEP][PASSED] - setText(findTestObject("1. CURA Object button/Username"), Username): Text 'John' is set on object 'Object Repository/1. CURA Object button/Username'

12-07-2024T19:56:42 - [MESSAGE][PASSED] - Text 'John' is set on object 'Object Repository/1. CURA Object button/Username'

12-07-2024T19:56:42 - [TEST_STEP][PASSED] - setText(findTestObject("1. CURA Object button/Password"), Password): Text 'This' is set on object 'Object Repository/1. CURA Object button/Password'

12-07-2024T19:56:42 - [MESSAGE][PASSED] - Text 'This' is set on object 'Object Repository/1. CURA Object button/Password'

12-07-2024T19:56:42 - [TEST_STEP][PASSED] - click(findTestObject("1. CURA Object button/Login Button")): Object: 'Object Repository/1. CURA Object button/Login Button' is clicked on

12-07-2024T19:56:43 - [MESSAGE][PASSED] - Object: 'Object Repository/1. CURA Object button/Login Button' is clicked on

12-07-2024T19:56:43 - [TEST_STEP][PASSED] - if (username == "John Doe" && password == "ThisIsNotAPassword"): null

12-07-2024T19:56:43 - [TEST_STEP][PASSED] - else: Object 'Object Repository/7. Failed Login/Page_CURA/p_Login failed' is visible

12-07-2024T19:56:43 - [TEST_STEP][PASSED] - verifyElementVisible(findTestObject("7. Failed Login/Page_CURA/p_Login failed")): Object 'Object Repository/7. Failed Login/Page_CURA/p_Login failed' is visible

12-07-2024T19:56:44 - [MESSAGE][PASSED] - Object 'Object Repository/7. Failed Login/Page_CURA/p_Login failed' is visible]]></system-out>
         <system-err><![CDATA[]]></system-err>
      </testcase>
      <testcase name="Test Cases/CURA Web Test/TC17 - Login using data driven" time="9.384" classname="Test Cases/CURA Web Test/TC17 - Login using data driven" status="PASSED">
         <system-out><![CDATA[12-07-2024T19:56:44 - [TEST_CASE][PASSED] - Test Cases/CURA Web Test/TC17 - Login using data driven: Test Cases/CURA Web Test/TC17 - Login using data driven

12-07-2024T19:56:44 - [TEST_STEP][PASSED] - callTestCase(findTestCase("CURA Web Test/Properties/TCP01 - Open browser"), [:], STOP_ON_FAILURE): Call Test Case 'Test Cases/CURA Web Test/Properties/TCP01 - Open browser' successfully

12-07-2024T19:56:44 - [TEST_CASE][PASSED] - Test Cases/CURA Web Test/Properties/TCP01 - Open browser: Test Cases/CURA Web Test/Properties/TCP01 - Open browser

12-07-2024T19:56:44 - [TEST_STEP][PASSED] - openBrowser(""): Browser is opened with url: ''

12-07-2024T19:56:44 - [MESSAGE][WARNING] - A browser is already opened. Closing browser and opening a new one

12-07-2024T19:56:44 - [MESSAGE][INFO] - Starting 'Chrome' driver

12-07-2024T19:56:44 - [MESSAGE][INFO] - Action delay is set to 0 milliseconds

12-07-2024T19:56:45 - [MESSAGE][PASSED] - Browser is opened with url: ''

12-07-2024T19:56:45 - [TEST_STEP][PASSED] - navigateToUrl(URL): Navigate to 'https://katalon-demo-cura.herokuapp.com/' successfully

12-07-2024T19:56:49 - [MESSAGE][PASSED] - Navigate to 'https://katalon-demo-cura.herokuapp.com/' successfully

12-07-2024T19:56:49 - [MESSAGE][PASSED] - Call Test Case 'Test Cases/CURA Web Test/Properties/TCP01 - Open browser' successfully

12-07-2024T19:56:49 - [TEST_STEP][PASSED] - click(findTestObject("1. CURA Object button/Make Appointment")): Object: 'Object Repository/1. CURA Object button/Make Appointment' is clicked on

12-07-2024T19:56:50 - [MESSAGE][PASSED] - Object: 'Object Repository/1. CURA Object button/Make Appointment' is clicked on

12-07-2024T19:56:50 - [TEST_STEP][PASSED] - loginParameter = "varibleLogin": null

12-07-2024T19:56:50 - [TEST_STEP][PASSED] - username = getAttribute(findTestObject("1. CURA Object button/Username"), Username): Attribute 'John Doe' of object 'Object Repository/1. CURA Object button/Username' is: 'null'

12-07-2024T19:56:50 - [MESSAGE][PASSED] - Attribute 'John Doe' of object 'Object Repository/1. CURA Object button/Username' is: 'null'

12-07-2024T19:56:50 - [TEST_STEP][PASSED] - password = getAttribute(findTestObject("1. CURA Object button/Password"), Password): Attribute 'ThisIsNotAPassword' of object 'Object Repository/1. CURA Object button/Password' is: 'null'

12-07-2024T19:56:50 - [MESSAGE][PASSED] - Attribute 'ThisIsNotAPassword' of object 'Object Repository/1. CURA Object button/Password' is: 'null'

12-07-2024T19:56:50 - [TEST_STEP][PASSED] - setText(findTestObject("1. CURA Object button/Username"), Username): Text 'John Doe' is set on object 'Object Repository/1. CURA Object button/Username'

12-07-2024T19:56:51 - [MESSAGE][PASSED] - Text 'John Doe' is set on object 'Object Repository/1. CURA Object button/Username'

12-07-2024T19:56:51 - [TEST_STEP][PASSED] - setText(findTestObject("1. CURA Object button/Password"), Password): Text 'ThisIsNotAPassword' is set on object 'Object Repository/1. CURA Object button/Password'

12-07-2024T19:56:52 - [MESSAGE][PASSED] - Text 'ThisIsNotAPassword' is set on object 'Object Repository/1. CURA Object button/Password'

12-07-2024T19:56:52 - [TEST_STEP][PASSED] - click(findTestObject("1. CURA Object button/Login Button")): Object: 'Object Repository/1. CURA Object button/Login Button' is clicked on

12-07-2024T19:56:53 - [MESSAGE][PASSED] - Object: 'Object Repository/1. CURA Object button/Login Button' is clicked on

12-07-2024T19:56:53 - [TEST_STEP][PASSED] - if (username == "John Doe" && password == "ThisIsNotAPassword"): null

12-07-2024T19:56:53 - [TEST_STEP][PASSED] - else: Object 'Object Repository/7. Failed Login/Page_CURA/p_Login failed' is visible

12-07-2024T19:56:53 - [TEST_STEP][PASSED] - verifyElementVisible(findTestObject("7. Failed Login/Page_CURA/p_Login failed")): Object 'Object Repository/7. Failed Login/Page_CURA/p_Login failed' is visible

12-07-2024T19:56:53 - [MESSAGE][PASSED] - Object 'Object Repository/7. Failed Login/Page_CURA/p_Login failed' is visible]]></system-out>
         <system-err><![CDATA[]]></system-err>
      </testcase>
      <testcase name="Test Cases/CURA Web Test/Properties/TCP03 - Logout" time="2.942" classname="Test Cases/CURA Web Test/Properties/TCP03 - Logout" status="PASSED">
         <system-out><![CDATA[12-07-2024T19:56:53 - [TEST_CASE][PASSED] - Test Cases/CURA Web Test/Properties/TCP03 - Logout: Test Cases/CURA Web Test/Properties/TCP03 - Logout

12-07-2024T19:56:53 - [TEST_STEP][PASSED] - verifyElementText(findTestObject("2. CURA Object Text/Make Appointment"), "Make Appointment"): Actual text and expected text of test object 'Object Repository/2. CURA Object Text/Make Appointment' are matched.

12-07-2024T19:56:53 - [MESSAGE][PASSED] - Actual text and expected text of test object 'Object Repository/2. CURA Object Text/Make Appointment' are matched.

12-07-2024T19:56:53 - [TEST_STEP][PASSED] - click(findTestObject("1. CURA Object button/Menu")): Object: 'Object Repository/1. CURA Object button/Menu' is clicked on

12-07-2024T19:56:54 - [MESSAGE][PASSED] - Object: 'Object Repository/1. CURA Object button/Menu' is clicked on

12-07-2024T19:56:54 - [TEST_STEP][PASSED] - click(findTestObject("1. CURA Object button/Logout")): Object: 'Object Repository/1. CURA Object button/Logout' is clicked on

12-07-2024T19:56:56 - [MESSAGE][PASSED] - Object: 'Object Repository/1. CURA Object button/Logout' is clicked on

12-07-2024T19:56:56 - [TEST_STEP][PASSED] - closeBrowser(): Browser is closed

12-07-2024T19:56:56 - [MESSAGE][PASSED] - Browser is closed]]></system-out>
         <system-err><![CDATA[]]></system-err>
      </testcase>
      <system-out><![CDATA[12-07-2024T19:55:54 - [TEST_SUITE][PASSED] - TS09 - Login using data driven: Test Cases/CURA Web Test/Properties/TCP03 - Logout]]></system-out>
      <system-err><![CDATA[]]></system-err>
   </testsuite>
   <testsuite name="TS10 - Seoul appointment using data driven" tests="6" failures="0" errors="0" time="91.631" skipped="0" timestamp="12-07-2024T19:57:10" hostname="Lenovo - LAPTOP-7QB5JFLU" id="Test Suites/CURA Test suites/TS10 - Seoul appointment using data driven">
      <properties>
         <property name="deviceName" value=""/>
         <property name="devicePlatform"/>
         <property name="logFolder" value="C:\\Users\\Lenovo\\git\\KatalonPractitionerLevel\\Reports\\20240712_194912\\CURA Test suites\\TS10 - Seoul appointment using data driven\\20240712_194931"/>
         <property name="logFiles" value="C:\\Users\\Lenovo\\git\\KatalonPractitionerLevel\\Reports\\20240712_194912\\CURA Test suites\\TS10 - Seoul appointment using data driven\\20240712_194931\\execution0.log"/>
         <property name="attachments" value=""/>
         <property name="hostName" value="Lenovo - LAPTOP-7QB5JFLU"/>
         <property name="os" value="Windows 11 64bit"/>
         <property name="katalonVersion" value="9.6.0.217"/>
         <property name="browser" value="Chrome 126.0.0.0"/>
         <property name="hostAddress" value="192.168.1.12"/>
         <property name="sessionId" value="178428777382f7e5deaae8d97d19723f"/>
         <property name="seleniumVersion" value="3.141.59"/>
         <property name="proxyInformation" value="ProxyInformation { proxyOption=NO_PROXY, proxyServerType=HTTP, username=, password=********, proxyServerAddress=, proxyServerPort=0, executionList=&quot;&quot;, isApplyToDesiredCapabilities=true }"/>
         <property name="platform" value="Windows 11"/>
      </properties>
      <testcase name="Test Cases/CURA Web Test/TC18 - Seoul Appointment using data driven" time="16.691" classname="Test Cases/CURA Web Test/TC18 - Seoul Appointment using data driven" status="PASSED">
         <system-out><![CDATA[12-07-2024T19:57:10 - [TEST_CASE][PASSED] - Test Cases/CURA Web Test/TC18 - Seoul Appointment using data driven: Test Cases/CURA Web Test/TC18 - Seoul Appointment using data driven

12-07-2024T19:57:11 - [TEST_STEP][PASSED] - propertiesPage.openBrowser.main(): propertiesPage.openBrowser.main is PASSED

12-07-2024T19:57:11 - [MESSAGE][INFO] - Starting 'Chrome' driver

12-07-2024T19:57:11 - [MESSAGE][INFO] - Action delay is set to 0 milliseconds

12-07-2024T19:57:12 - [MESSAGE][PASSED] - Browser is opened with url: ''

12-07-2024T19:57:17 - [MESSAGE][PASSED] - Navigate to 'https://katalon-demo-cura.herokuapp.com/' successfully

12-07-2024T19:57:17 - [MESSAGE][PASSED] - propertiesPage.openBrowser.main is PASSED

12-07-2024T19:57:17 - [TEST_STEP][PASSED] - propertiesPage.loginMenu.main(): propertiesPage.loginMenu.main is PASSED

12-07-2024T19:57:18 - [MESSAGE][PASSED] - Object: 'Object Repository/1. CURA Object button/Make Appointment' is clicked on

12-07-2024T19:57:18 - [MESSAGE][PASSED] - Actual text and expected text of test object 'Object Repository/2. CURA Object Text/Login Text' are matched.

12-07-2024T19:57:19 - [MESSAGE][PASSED] - Text 'John Doe' is set on object 'Object Repository/1. CURA Object button/Username'

12-07-2024T19:57:20 - [MESSAGE][PASSED] - Text 'ThisIsNotAPassword' is set on object 'Object Repository/1. CURA Object button/Password'

12-07-2024T19:57:21 - [MESSAGE][PASSED] - Object: 'Object Repository/1. CURA Object button/Login Button' is clicked on

12-07-2024T19:57:21 - [MESSAGE][PASSED] - propertiesPage.loginMenu.main is PASSED

12-07-2024T19:57:21 - [TEST_STEP][PASSED] - selectOptionByValue(findTestObject("1. CURA Object button/Facility"), facilityBook, true, CONTINUE_ON_FAILURE): All options with value 'Seoul CURA Healthcare Center' are selected in object 'Object Repository/1. CURA Object button/Facility'  using regular expression

12-07-2024T19:57:22 - [MESSAGE][PASSED] - All options with value 'Seoul CURA Healthcare Center' are selected in object 'Object Repository/1. CURA Object button/Facility'  using regular expression

12-07-2024T19:57:22 - [TEST_STEP][PASSED] - click(findTestObject("1. CURA Object button/Hospital Readmission")): Object: 'Object Repository/1. CURA Object button/Hospital Readmission' is clicked on

12-07-2024T19:57:22 - [MESSAGE][PASSED] - Object: 'Object Repository/1. CURA Object button/Hospital Readmission' is clicked on

12-07-2024T19:57:22 - [TEST_STEP][PASSED] - click(findTestObject("1. CURA Object button/Medicaid")): Object: 'Object Repository/1. CURA Object button/Medicaid' is clicked on

12-07-2024T19:57:22 - [MESSAGE][PASSED] - Object: 'Object Repository/1. CURA Object button/Medicaid' is clicked on

12-07-2024T19:57:22 - [TEST_STEP][PASSED] - click(findTestObject("1. CURA Object button/Visit Date")): Object: 'Object Repository/1. CURA Object button/Visit Date' is clicked on

12-07-2024T19:57:23 - [MESSAGE][PASSED] - Object: 'Object Repository/1. CURA Object button/Visit Date' is clicked on

12-07-2024T19:57:23 - [TEST_STEP][PASSED] - setText(findTestObject("1. CURA Object button/Visit Date"), visitDateBook): Text '09/07/2024' is set on object 'Object Repository/1. CURA Object button/Visit Date'

12-07-2024T19:57:24 - [MESSAGE][PASSED] - Text '09/07/2024' is set on object 'Object Repository/1. CURA Object button/Visit Date'

12-07-2024T19:57:24 - [TEST_STEP][PASSED] - setText(findTestObject("1. CURA Object button/Comment"), commentBook): Text 'Meet dr. Irsyad' is set on object 'Object Repository/1. CURA Object button/Comment'

12-07-2024T19:57:25 - [MESSAGE][PASSED] - Text 'Meet dr. Irsyad' is set on object 'Object Repository/1. CURA Object button/Comment'

12-07-2024T19:57:25 - [TEST_STEP][PASSED] - click(findTestObject("1. CURA Object button/Book Appointment")): Object: 'Object Repository/1. CURA Object button/Book Appointment' is clicked on

12-07-2024T19:57:25 - [MESSAGE][PASSED] - Object: 'Object Repository/1. CURA Object button/Book Appointment' is clicked on

12-07-2024T19:57:25 - [TEST_STEP][PASSED] - click(findTestObject("1. CURA Object button/Menu")): Object: 'Object Repository/1. CURA Object button/Menu' is clicked on

12-07-2024T19:57:26 - [MESSAGE][PASSED] - Object: 'Object Repository/1. CURA Object button/Menu' is clicked on

12-07-2024T19:57:26 - [TEST_STEP][PASSED] - click(findTestObject("1. CURA Object button/Home")): Object: 'Object Repository/1. CURA Object button/Home' is clicked on

12-07-2024T19:57:27 - [MESSAGE][PASSED] - Object: 'Object Repository/1. CURA Object button/Home' is clicked on

12-07-2024T19:57:27 - [TEST_STEP][PASSED] - click(findTestObject("1. CURA Object button/Make Appointment")): Object: 'Object Repository/1. CURA Object button/Make Appointment' is clicked on

12-07-2024T19:57:27 - [MESSAGE][PASSED] - Object: 'Object Repository/1. CURA Object button/Make Appointment' is clicked on]]></system-out>
         <system-err><![CDATA[]]></system-err>
      </testcase>
      <testcase name="Test Cases/CURA Web Test/TC18 - Seoul Appointment using data driven" time="15.937" classname="Test Cases/CURA Web Test/TC18 - Seoul Appointment using data driven" status="PASSED">
         <system-out><![CDATA[12-07-2024T19:57:27 - [TEST_CASE][PASSED] - Test Cases/CURA Web Test/TC18 - Seoul Appointment using data driven: Test Cases/CURA Web Test/TC18 - Seoul Appointment using data driven

12-07-2024T19:57:27 - [TEST_STEP][PASSED] - propertiesPage.openBrowser.main(): propertiesPage.openBrowser.main is PASSED

12-07-2024T19:57:27 - [MESSAGE][WARNING] - A browser is already opened. Closing browser and opening a new one

12-07-2024T19:57:27 - [MESSAGE][INFO] - Starting 'Chrome' driver

12-07-2024T19:57:27 - [MESSAGE][INFO] - Action delay is set to 0 milliseconds

12-07-2024T19:57:28 - [MESSAGE][PASSED] - Browser is opened with url: ''

12-07-2024T19:57:33 - [MESSAGE][PASSED] - Navigate to 'https://katalon-demo-cura.herokuapp.com/' successfully

12-07-2024T19:57:33 - [MESSAGE][PASSED] - propertiesPage.openBrowser.main is PASSED

12-07-2024T19:57:33 - [TEST_STEP][PASSED] - propertiesPage.loginMenu.main(): propertiesPage.loginMenu.main is PASSED

12-07-2024T19:57:34 - [MESSAGE][PASSED] - Object: 'Object Repository/1. CURA Object button/Make Appointment' is clicked on

12-07-2024T19:57:34 - [MESSAGE][PASSED] - Actual text and expected text of test object 'Object Repository/2. CURA Object Text/Login Text' are matched.

12-07-2024T19:57:35 - [MESSAGE][PASSED] - Text 'John Doe' is set on object 'Object Repository/1. CURA Object button/Username'

12-07-2024T19:57:36 - [MESSAGE][PASSED] - Text 'ThisIsNotAPassword' is set on object 'Object Repository/1. CURA Object button/Password'

12-07-2024T19:57:37 - [MESSAGE][PASSED] - Object: 'Object Repository/1. CURA Object button/Login Button' is clicked on

12-07-2024T19:57:37 - [MESSAGE][PASSED] - propertiesPage.loginMenu.main is PASSED

12-07-2024T19:57:37 - [TEST_STEP][PASSED] - selectOptionByValue(findTestObject("1. CURA Object button/Facility"), facilityBook, true, CONTINUE_ON_FAILURE): All options with value 'Seoul CURA Healthcare Center' are selected in object 'Object Repository/1. CURA Object button/Facility'  using regular expression

12-07-2024T19:57:38 - [MESSAGE][PASSED] - All options with value 'Seoul CURA Healthcare Center' are selected in object 'Object Repository/1. CURA Object button/Facility'  using regular expression

12-07-2024T19:57:38 - [TEST_STEP][PASSED] - click(findTestObject("1. CURA Object button/Hospital Readmission")): Object: 'Object Repository/1. CURA Object button/Hospital Readmission' is clicked on

12-07-2024T19:57:38 - [MESSAGE][PASSED] - Object: 'Object Repository/1. CURA Object button/Hospital Readmission' is clicked on

12-07-2024T19:57:38 - [TEST_STEP][PASSED] - click(findTestObject("1. CURA Object button/Medicaid")): Object: 'Object Repository/1. CURA Object button/Medicaid' is clicked on

12-07-2024T19:57:38 - [MESSAGE][PASSED] - Object: 'Object Repository/1. CURA Object button/Medicaid' is clicked on

12-07-2024T19:57:38 - [TEST_STEP][PASSED] - click(findTestObject("1. CURA Object button/Visit Date")): Object: 'Object Repository/1. CURA Object button/Visit Date' is clicked on

12-07-2024T19:57:39 - [MESSAGE][PASSED] - Object: 'Object Repository/1. CURA Object button/Visit Date' is clicked on

12-07-2024T19:57:39 - [TEST_STEP][PASSED] - setText(findTestObject("1. CURA Object button/Visit Date"), visitDateBook): Text '04/07/2024' is set on object 'Object Repository/1. CURA Object button/Visit Date'

12-07-2024T19:57:40 - [MESSAGE][PASSED] - Text '04/07/2024' is set on object 'Object Repository/1. CURA Object button/Visit Date'

12-07-2024T19:57:40 - [TEST_STEP][PASSED] - setText(findTestObject("1. CURA Object button/Comment"), commentBook): Text 'Reschedule, Meet dr. Indahsari' is set on object 'Object Repository/1. CURA Object button/Comment'

12-07-2024T19:57:41 - [MESSAGE][PASSED] - Text 'Reschedule, Meet dr. Indahsari' is set on object 'Object Repository/1. CURA Object button/Comment'

12-07-2024T19:57:41 - [TEST_STEP][PASSED] - click(findTestObject("1. CURA Object button/Book Appointment")): Object: 'Object Repository/1. CURA Object button/Book Appointment' is clicked on

12-07-2024T19:57:41 - [MESSAGE][PASSED] - Object: 'Object Repository/1. CURA Object button/Book Appointment' is clicked on

12-07-2024T19:57:41 - [TEST_STEP][PASSED] - click(findTestObject("1. CURA Object button/Menu")): Object: 'Object Repository/1. CURA Object button/Menu' is clicked on

12-07-2024T19:57:42 - [MESSAGE][PASSED] - Object: 'Object Repository/1. CURA Object button/Menu' is clicked on

12-07-2024T19:57:42 - [TEST_STEP][PASSED] - click(findTestObject("1. CURA Object button/Home")): Object: 'Object Repository/1. CURA Object button/Home' is clicked on

12-07-2024T19:57:43 - [MESSAGE][PASSED] - Object: 'Object Repository/1. CURA Object button/Home' is clicked on

12-07-2024T19:57:43 - [TEST_STEP][PASSED] - click(findTestObject("1. CURA Object button/Make Appointment")): Object: 'Object Repository/1. CURA Object button/Make Appointment' is clicked on

12-07-2024T19:57:43 - [MESSAGE][PASSED] - Object: 'Object Repository/1. CURA Object button/Make Appointment' is clicked on]]></system-out>
         <system-err><![CDATA[]]></system-err>
      </testcase>
      <testcase name="Test Cases/CURA Web Test/TC18 - Seoul Appointment using data driven" time="13.745" classname="Test Cases/CURA Web Test/TC18 - Seoul Appointment using data driven" status="PASSED">
         <system-out><![CDATA[12-07-2024T19:57:43 - [TEST_CASE][PASSED] - Test Cases/CURA Web Test/TC18 - Seoul Appointment using data driven: Test Cases/CURA Web Test/TC18 - Seoul Appointment using data driven

12-07-2024T19:57:43 - [TEST_STEP][PASSED] - propertiesPage.openBrowser.main(): propertiesPage.openBrowser.main is PASSED

12-07-2024T19:57:43 - [MESSAGE][WARNING] - A browser is already opened. Closing browser and opening a new one

12-07-2024T19:57:43 - [MESSAGE][INFO] - Starting 'Chrome' driver

12-07-2024T19:57:43 - [MESSAGE][INFO] - Action delay is set to 0 milliseconds

12-07-2024T19:57:44 - [MESSAGE][PASSED] - Browser is opened with url: ''

12-07-2024T19:57:47 - [MESSAGE][PASSED] - Navigate to 'https://katalon-demo-cura.herokuapp.com/' successfully

12-07-2024T19:57:47 - [MESSAGE][PASSED] - propertiesPage.openBrowser.main is PASSED

12-07-2024T19:57:47 - [TEST_STEP][PASSED] - propertiesPage.loginMenu.main(): propertiesPage.loginMenu.main is PASSED

12-07-2024T19:57:48 - [MESSAGE][PASSED] - Object: 'Object Repository/1. CURA Object button/Make Appointment' is clicked on

12-07-2024T19:57:48 - [MESSAGE][PASSED] - Actual text and expected text of test object 'Object Repository/2. CURA Object Text/Login Text' are matched.

12-07-2024T19:57:49 - [MESSAGE][PASSED] - Text 'John Doe' is set on object 'Object Repository/1. CURA Object button/Username'

12-07-2024T19:57:50 - [MESSAGE][PASSED] - Text 'ThisIsNotAPassword' is set on object 'Object Repository/1. CURA Object button/Password'

12-07-2024T19:57:51 - [MESSAGE][PASSED] - Object: 'Object Repository/1. CURA Object button/Login Button' is clicked on

12-07-2024T19:57:51 - [MESSAGE][PASSED] - propertiesPage.loginMenu.main is PASSED

12-07-2024T19:57:51 - [TEST_STEP][PASSED] - selectOptionByValue(findTestObject("1. CURA Object button/Facility"), facilityBook, true, CONTINUE_ON_FAILURE): All options with value 'Seoul CURA Healthcare Center' are selected in object 'Object Repository/1. CURA Object button/Facility'  using regular expression

12-07-2024T19:57:52 - [MESSAGE][PASSED] - All options with value 'Seoul CURA Healthcare Center' are selected in object 'Object Repository/1. CURA Object button/Facility'  using regular expression

12-07-2024T19:57:52 - [TEST_STEP][PASSED] - click(findTestObject("1. CURA Object button/Hospital Readmission")): Object: 'Object Repository/1. CURA Object button/Hospital Readmission' is clicked on

12-07-2024T19:57:52 - [MESSAGE][PASSED] - Object: 'Object Repository/1. CURA Object button/Hospital Readmission' is clicked on

12-07-2024T19:57:52 - [TEST_STEP][PASSED] - click(findTestObject("1. CURA Object button/Medicaid")): Object: 'Object Repository/1. CURA Object button/Medicaid' is clicked on

12-07-2024T19:57:52 - [MESSAGE][PASSED] - Object: 'Object Repository/1. CURA Object button/Medicaid' is clicked on

12-07-2024T19:57:52 - [TEST_STEP][PASSED] - click(findTestObject("1. CURA Object button/Visit Date")): Object: 'Object Repository/1. CURA Object button/Visit Date' is clicked on

12-07-2024T19:57:53 - [MESSAGE][PASSED] - Object: 'Object Repository/1. CURA Object button/Visit Date' is clicked on

12-07-2024T19:57:53 - [TEST_STEP][PASSED] - setText(findTestObject("1. CURA Object button/Visit Date"), visitDateBook): Text '01/03/2025' is set on object 'Object Repository/1. CURA Object button/Visit Date'

12-07-2024T19:57:54 - [MESSAGE][PASSED] - Text '01/03/2025' is set on object 'Object Repository/1. CURA Object button/Visit Date'

12-07-2024T19:57:54 - [TEST_STEP][PASSED] - setText(findTestObject("1. CURA Object button/Comment"), commentBook): Text 'Meet dr. Andika' is set on object 'Object Repository/1. CURA Object button/Comment'

12-07-2024T19:57:54 - [MESSAGE][PASSED] - Text 'Meet dr. Andika' is set on object 'Object Repository/1. CURA Object button/Comment'

12-07-2024T19:57:54 - [TEST_STEP][PASSED] - click(findTestObject("1. CURA Object button/Book Appointment")): Object: 'Object Repository/1. CURA Object button/Book Appointment' is clicked on

12-07-2024T19:57:55 - [MESSAGE][PASSED] - Object: 'Object Repository/1. CURA Object button/Book Appointment' is clicked on

12-07-2024T19:57:55 - [TEST_STEP][PASSED] - click(findTestObject("1. CURA Object button/Menu")): Object: 'Object Repository/1. CURA Object button/Menu' is clicked on

12-07-2024T19:57:56 - [MESSAGE][PASSED] - Object: 'Object Repository/1. CURA Object button/Menu' is clicked on

12-07-2024T19:57:56 - [TEST_STEP][PASSED] - click(findTestObject("1. CURA Object button/Home")): Object: 'Object Repository/1. CURA Object button/Home' is clicked on

12-07-2024T19:57:56 - [MESSAGE][PASSED] - Object: 'Object Repository/1. CURA Object button/Home' is clicked on

12-07-2024T19:57:56 - [TEST_STEP][PASSED] - click(findTestObject("1. CURA Object button/Make Appointment")): Object: 'Object Repository/1. CURA Object button/Make Appointment' is clicked on

12-07-2024T19:57:57 - [MESSAGE][PASSED] - Object: 'Object Repository/1. CURA Object button/Make Appointment' is clicked on]]></system-out>
         <system-err><![CDATA[]]></system-err>
      </testcase>
      <testcase name="Test Cases/CURA Web Test/TC18 - Seoul Appointment using data driven" time="19.987" classname="Test Cases/CURA Web Test/TC18 - Seoul Appointment using data driven" status="PASSED">
         <system-out><![CDATA[12-07-2024T19:57:57 - [TEST_CASE][PASSED] - Test Cases/CURA Web Test/TC18 - Seoul Appointment using data driven: Test Cases/CURA Web Test/TC18 - Seoul Appointment using data driven

12-07-2024T19:57:57 - [TEST_STEP][PASSED] - propertiesPage.openBrowser.main(): propertiesPage.openBrowser.main is PASSED

12-07-2024T19:57:57 - [MESSAGE][WARNING] - A browser is already opened. Closing browser and opening a new one

12-07-2024T19:57:57 - [MESSAGE][INFO] - Starting 'Chrome' driver

12-07-2024T19:57:57 - [MESSAGE][INFO] - Action delay is set to 0 milliseconds

12-07-2024T19:57:58 - [MESSAGE][PASSED] - Browser is opened with url: ''

12-07-2024T19:58:06 - [MESSAGE][PASSED] - Navigate to 'https://katalon-demo-cura.herokuapp.com/' successfully

12-07-2024T19:58:06 - [MESSAGE][PASSED] - propertiesPage.openBrowser.main is PASSED

12-07-2024T19:58:06 - [TEST_STEP][PASSED] - propertiesPage.loginMenu.main(): propertiesPage.loginMenu.main is PASSED

12-07-2024T19:58:07 - [MESSAGE][PASSED] - Object: 'Object Repository/1. CURA Object button/Make Appointment' is clicked on

12-07-2024T19:58:08 - [MESSAGE][PASSED] - Actual text and expected text of test object 'Object Repository/2. CURA Object Text/Login Text' are matched.

12-07-2024T19:58:09 - [MESSAGE][PASSED] - Text 'John Doe' is set on object 'Object Repository/1. CURA Object button/Username'

12-07-2024T19:58:09 - [MESSAGE][PASSED] - Text 'ThisIsNotAPassword' is set on object 'Object Repository/1. CURA Object button/Password'

12-07-2024T19:58:11 - [MESSAGE][PASSED] - Object: 'Object Repository/1. CURA Object button/Login Button' is clicked on

12-07-2024T19:58:11 - [MESSAGE][PASSED] - propertiesPage.loginMenu.main is PASSED

12-07-2024T19:58:11 - [TEST_STEP][PASSED] - selectOptionByValue(findTestObject("1. CURA Object button/Facility"), facilityBook, true, CONTINUE_ON_FAILURE): All options with value 'Seoul CURA Healthcare Center' are selected in object 'Object Repository/1. CURA Object button/Facility'  using regular expression

12-07-2024T19:58:12 - [MESSAGE][PASSED] - All options with value 'Seoul CURA Healthcare Center' are selected in object 'Object Repository/1. CURA Object button/Facility'  using regular expression

12-07-2024T19:58:12 - [TEST_STEP][PASSED] - click(findTestObject("1. CURA Object button/Hospital Readmission")): Object: 'Object Repository/1. CURA Object button/Hospital Readmission' is clicked on

12-07-2024T19:58:12 - [MESSAGE][PASSED] - Object: 'Object Repository/1. CURA Object button/Hospital Readmission' is clicked on

12-07-2024T19:58:12 - [TEST_STEP][PASSED] - click(findTestObject("1. CURA Object button/Medicaid")): Object: 'Object Repository/1. CURA Object button/Medicaid' is clicked on

12-07-2024T19:58:13 - [MESSAGE][PASSED] - Object: 'Object Repository/1. CURA Object button/Medicaid' is clicked on

12-07-2024T19:58:13 - [TEST_STEP][PASSED] - click(findTestObject("1. CURA Object button/Visit Date")): Object: 'Object Repository/1. CURA Object button/Visit Date' is clicked on

12-07-2024T19:58:13 - [MESSAGE][PASSED] - Object: 'Object Repository/1. CURA Object button/Visit Date' is clicked on

12-07-2024T19:58:13 - [TEST_STEP][PASSED] - setText(findTestObject("1. CURA Object button/Visit Date"), visitDateBook): Text '12/12/2024' is set on object 'Object Repository/1. CURA Object button/Visit Date'

12-07-2024T19:58:14 - [MESSAGE][PASSED] - Text '12/12/2024' is set on object 'Object Repository/1. CURA Object button/Visit Date'

12-07-2024T19:58:14 - [TEST_STEP][PASSED] - setText(findTestObject("1. CURA Object button/Comment"), commentBook): Text 'Meet dr. Azani' is set on object 'Object Repository/1. CURA Object button/Comment'

12-07-2024T19:58:15 - [MESSAGE][PASSED] - Text 'Meet dr. Azani' is set on object 'Object Repository/1. CURA Object button/Comment'

12-07-2024T19:58:15 - [TEST_STEP][PASSED] - click(findTestObject("1. CURA Object button/Book Appointment")): Object: 'Object Repository/1. CURA Object button/Book Appointment' is clicked on

12-07-2024T19:58:15 - [MESSAGE][PASSED] - Object: 'Object Repository/1. CURA Object button/Book Appointment' is clicked on

12-07-2024T19:58:15 - [TEST_STEP][PASSED] - click(findTestObject("1. CURA Object button/Menu")): Object: 'Object Repository/1. CURA Object button/Menu' is clicked on

12-07-2024T19:58:16 - [MESSAGE][PASSED] - Object: 'Object Repository/1. CURA Object button/Menu' is clicked on

12-07-2024T19:58:16 - [TEST_STEP][PASSED] - click(findTestObject("1. CURA Object button/Home")): Object: 'Object Repository/1. CURA Object button/Home' is clicked on

12-07-2024T19:58:16 - [MESSAGE][PASSED] - Object: 'Object Repository/1. CURA Object button/Home' is clicked on

12-07-2024T19:58:16 - [TEST_STEP][PASSED] - click(findTestObject("1. CURA Object button/Make Appointment")): Object: 'Object Repository/1. CURA Object button/Make Appointment' is clicked on

12-07-2024T19:58:17 - [MESSAGE][PASSED] - Object: 'Object Repository/1. CURA Object button/Make Appointment' is clicked on]]></system-out>
         <system-err><![CDATA[]]></system-err>
      </testcase>
      <testcase name="Test Cases/CURA Web Test/TC18 - Seoul Appointment using data driven" time="22.232" classname="Test Cases/CURA Web Test/TC18 - Seoul Appointment using data driven" status="PASSED">
         <system-out><![CDATA[12-07-2024T19:58:17 - [TEST_CASE][PASSED] - Test Cases/CURA Web Test/TC18 - Seoul Appointment using data driven: Test Cases/CURA Web Test/TC18 - Seoul Appointment using data driven

12-07-2024T19:58:17 - [TEST_STEP][PASSED] - propertiesPage.openBrowser.main(): propertiesPage.openBrowser.main is PASSED

12-07-2024T19:58:17 - [MESSAGE][WARNING] - A browser is already opened. Closing browser and opening a new one

12-07-2024T19:58:17 - [MESSAGE][INFO] - Starting 'Chrome' driver

12-07-2024T19:58:17 - [MESSAGE][INFO] - Action delay is set to 0 milliseconds

12-07-2024T19:58:17 - [MESSAGE][PASSED] - Browser is opened with url: ''

12-07-2024T19:58:29 - [MESSAGE][PASSED] - Navigate to 'https://katalon-demo-cura.herokuapp.com/' successfully

12-07-2024T19:58:29 - [MESSAGE][PASSED] - propertiesPage.openBrowser.main is PASSED

12-07-2024T19:58:29 - [TEST_STEP][PASSED] - propertiesPage.loginMenu.main(): propertiesPage.loginMenu.main is PASSED

12-07-2024T19:58:30 - [MESSAGE][PASSED] - Object: 'Object Repository/1. CURA Object button/Make Appointment' is clicked on

12-07-2024T19:58:30 - [MESSAGE][PASSED] - Actual text and expected text of test object 'Object Repository/2. CURA Object Text/Login Text' are matched.

12-07-2024T19:58:31 - [MESSAGE][PASSED] - Text 'John Doe' is set on object 'Object Repository/1. CURA Object button/Username'

12-07-2024T19:58:32 - [MESSAGE][PASSED] - Text 'ThisIsNotAPassword' is set on object 'Object Repository/1. CURA Object button/Password'

12-07-2024T19:58:33 - [MESSAGE][PASSED] - Object: 'Object Repository/1. CURA Object button/Login Button' is clicked on

12-07-2024T19:58:33 - [MESSAGE][PASSED] - propertiesPage.loginMenu.main is PASSED

12-07-2024T19:58:33 - [TEST_STEP][PASSED] - selectOptionByValue(findTestObject("1. CURA Object button/Facility"), facilityBook, true, CONTINUE_ON_FAILURE): All options with value 'Seoul CURA Healthcare Center' are selected in object 'Object Repository/1. CURA Object button/Facility'  using regular expression

12-07-2024T19:58:34 - [MESSAGE][PASSED] - All options with value 'Seoul CURA Healthcare Center' are selected in object 'Object Repository/1. CURA Object button/Facility'  using regular expression

12-07-2024T19:58:34 - [TEST_STEP][PASSED] - click(findTestObject("1. CURA Object button/Hospital Readmission")): Object: 'Object Repository/1. CURA Object button/Hospital Readmission' is clicked on

12-07-2024T19:58:34 - [MESSAGE][PASSED] - Object: 'Object Repository/1. CURA Object button/Hospital Readmission' is clicked on

12-07-2024T19:58:34 - [TEST_STEP][PASSED] - click(findTestObject("1. CURA Object button/Medicaid")): Object: 'Object Repository/1. CURA Object button/Medicaid' is clicked on

12-07-2024T19:58:34 - [MESSAGE][PASSED] - Object: 'Object Repository/1. CURA Object button/Medicaid' is clicked on

12-07-2024T19:58:34 - [TEST_STEP][PASSED] - click(findTestObject("1. CURA Object button/Visit Date")): Object: 'Object Repository/1. CURA Object button/Visit Date' is clicked on

12-07-2024T19:58:35 - [MESSAGE][PASSED] - Object: 'Object Repository/1. CURA Object button/Visit Date' is clicked on

12-07-2024T19:58:35 - [TEST_STEP][PASSED] - setText(findTestObject("1. CURA Object button/Visit Date"), visitDateBook): Text '05/07/2024' is set on object 'Object Repository/1. CURA Object button/Visit Date'

12-07-2024T19:58:36 - [MESSAGE][PASSED] - Text '05/07/2024' is set on object 'Object Repository/1. CURA Object button/Visit Date'

12-07-2024T19:58:36 - [TEST_STEP][PASSED] - setText(findTestObject("1. CURA Object button/Comment"), commentBook): Text 'Reschedule to 06/07/2024 with dr. Ava' is set on object 'Object Repository/1. CURA Object button/Comment'

12-07-2024T19:58:37 - [MESSAGE][PASSED] - Text 'Reschedule to 06/07/2024 with dr. Ava' is set on object 'Object Repository/1. CURA Object button/Comment'

12-07-2024T19:58:37 - [TEST_STEP][PASSED] - click(findTestObject("1. CURA Object button/Book Appointment")): Object: 'Object Repository/1. CURA Object button/Book Appointment' is clicked on

12-07-2024T19:58:37 - [MESSAGE][PASSED] - Object: 'Object Repository/1. CURA Object button/Book Appointment' is clicked on

12-07-2024T19:58:37 - [TEST_STEP][PASSED] - click(findTestObject("1. CURA Object button/Menu")): Object: 'Object Repository/1. CURA Object button/Menu' is clicked on

12-07-2024T19:58:38 - [MESSAGE][PASSED] - Object: 'Object Repository/1. CURA Object button/Menu' is clicked on

12-07-2024T19:58:38 - [TEST_STEP][PASSED] - click(findTestObject("1. CURA Object button/Home")): Object: 'Object Repository/1. CURA Object button/Home' is clicked on

12-07-2024T19:58:39 - [MESSAGE][PASSED] - Object: 'Object Repository/1. CURA Object button/Home' is clicked on

12-07-2024T19:58:39 - [TEST_STEP][PASSED] - click(findTestObject("1. CURA Object button/Make Appointment")): Object: 'Object Repository/1. CURA Object button/Make Appointment' is clicked on

12-07-2024T19:58:39 - [MESSAGE][PASSED] - Object: 'Object Repository/1. CURA Object button/Make Appointment' is clicked on]]></system-out>
         <system-err><![CDATA[]]></system-err>
      </testcase>
      <testcase name="Test Cases/CURA Web Test/Properties/TCP03 - Logout" time="2.29" classname="Test Cases/CURA Web Test/Properties/TCP03 - Logout" status="PASSED">
         <system-out><![CDATA[12-07-2024T19:58:39 - [TEST_CASE][PASSED] - Test Cases/CURA Web Test/Properties/TCP03 - Logout: Test Cases/CURA Web Test/Properties/TCP03 - Logout

12-07-2024T19:58:39 - [TEST_STEP][PASSED] - verifyElementText(findTestObject("2. CURA Object Text/Make Appointment"), "Make Appointment"): Actual text and expected text of test object 'Object Repository/2. CURA Object Text/Make Appointment' are matched.

12-07-2024T19:58:39 - [MESSAGE][PASSED] - Actual text and expected text of test object 'Object Repository/2. CURA Object Text/Make Appointment' are matched.

12-07-2024T19:58:39 - [TEST_STEP][PASSED] - click(findTestObject("1. CURA Object button/Menu")): Object: 'Object Repository/1. CURA Object button/Menu' is clicked on

12-07-2024T19:58:40 - [MESSAGE][PASSED] - Object: 'Object Repository/1. CURA Object button/Menu' is clicked on

12-07-2024T19:58:40 - [TEST_STEP][PASSED] - click(findTestObject("1. CURA Object button/Logout")): Object: 'Object Repository/1. CURA Object button/Logout' is clicked on

12-07-2024T19:58:41 - [MESSAGE][PASSED] - Object: 'Object Repository/1. CURA Object button/Logout' is clicked on

12-07-2024T19:58:41 - [TEST_STEP][PASSED] - closeBrowser(): Browser is closed

12-07-2024T19:58:41 - [MESSAGE][PASSED] - Browser is closed]]></system-out>
         <system-err><![CDATA[]]></system-err>
      </testcase>
      <system-out><![CDATA[12-07-2024T19:57:10 - [TEST_SUITE][PASSED] - TS10 - Seoul appointment using data driven: Test Cases/CURA Web Test/Properties/TCP03 - Logout]]></system-out>
      <system-err><![CDATA[]]></system-err>
   </testsuite>
   <testsuite name="TS11 - Hongkong appointment using data driven" tests="5" failures="0" errors="0" time="70.785" skipped="0" timestamp="12-07-2024T19:58:55" hostname="Lenovo - LAPTOP-7QB5JFLU" id="Test Suites/CURA Test suites/TS11 - Hongkong appointment using data driven">
      <properties>
         <property name="deviceName" value=""/>
         <property name="devicePlatform"/>
         <property name="logFolder" value="C:\\Users\\Lenovo\\git\\KatalonPractitionerLevel\\Reports\\20240712_194912\\CURA Test suites\\TS11 - Hongkong appointment using data driven\\20240712_194933"/>
         <property name="logFiles" value="C:\\Users\\Lenovo\\git\\KatalonPractitionerLevel\\Reports\\20240712_194912\\CURA Test suites\\TS11 - Hongkong appointment using data driven\\20240712_194933\\execution0.log"/>
         <property name="attachments" value=""/>
         <property name="hostName" value="Lenovo - LAPTOP-7QB5JFLU"/>
         <property name="os" value="Windows 11 64bit"/>
         <property name="katalonVersion" value="9.6.0.217"/>
         <property name="browser" value="Chrome 126.0.0.0"/>
         <property name="hostAddress" value="192.168.1.12"/>
         <property name="sessionId" value="76878836ab7cd4f5747a62c62f6d0c36"/>
         <property name="seleniumVersion" value="3.141.59"/>
         <property name="proxyInformation" value="ProxyInformation { proxyOption=NO_PROXY, proxyServerType=HTTP, username=, password=********, proxyServerAddress=, proxyServerPort=0, executionList=&quot;&quot;, isApplyToDesiredCapabilities=true }"/>
         <property name="platform" value="Windows 11"/>
      </properties>
      <testcase name="Test Cases/CURA Web Test/TC19 - Hongkong Appointment using data driven" time="18.187" classname="Test Cases/CURA Web Test/TC19 - Hongkong Appointment using data driven" status="PASSED">
         <system-out><![CDATA[12-07-2024T19:58:55 - [TEST_CASE][PASSED] - Test Cases/CURA Web Test/TC19 - Hongkong Appointment using data driven: Test Cases/CURA Web Test/TC19 - Hongkong Appointment using data driven

12-07-2024T19:58:55 - [TEST_STEP][PASSED] - callTestCase(findTestCase("CURA Web Test/Properties/TCP01 - Open browser"), [:], STOP_ON_FAILURE): Call Test Case 'Test Cases/CURA Web Test/Properties/TCP01 - Open browser' successfully

12-07-2024T19:58:56 - [TEST_CASE][PASSED] - Test Cases/CURA Web Test/Properties/TCP01 - Open browser: Test Cases/CURA Web Test/Properties/TCP01 - Open browser

12-07-2024T19:58:56 - [TEST_STEP][PASSED] - openBrowser(""): Browser is opened with url: ''

12-07-2024T19:58:56 - [MESSAGE][INFO] - Starting 'Chrome' driver

12-07-2024T19:58:56 - [MESSAGE][INFO] - Action delay is set to 0 milliseconds

12-07-2024T19:58:57 - [MESSAGE][PASSED] - Browser is opened with url: ''

12-07-2024T19:58:57 - [TEST_STEP][PASSED] - navigateToUrl(URL): Navigate to 'https://katalon-demo-cura.herokuapp.com/' successfully

12-07-2024T19:59:02 - [MESSAGE][PASSED] - Navigate to 'https://katalon-demo-cura.herokuapp.com/' successfully

12-07-2024T19:59:02 - [MESSAGE][PASSED] - Call Test Case 'Test Cases/CURA Web Test/Properties/TCP01 - Open browser' successfully

12-07-2024T19:59:02 - [TEST_STEP][PASSED] - callTestCase(findTestCase("CURA Web Test/Properties/TCP02 - Login"), [:], STOP_ON_FAILURE): Call Test Case 'Test Cases/CURA Web Test/Properties/TCP02 - Login' successfully

12-07-2024T19:59:02 - [TEST_CASE][PASSED] - Test Cases/CURA Web Test/Properties/TCP02 - Login: Test Cases/CURA Web Test/Properties/TCP02 - Login

12-07-2024T19:59:02 - [TEST_STEP][PASSED] - click(findTestObject("1. CURA Object button/Make Appointment")): Object: 'Object Repository/1. CURA Object button/Make Appointment' is clicked on

12-07-2024T19:59:03 - [MESSAGE][PASSED] - Object: 'Object Repository/1. CURA Object button/Make Appointment' is clicked on

12-07-2024T19:59:03 - [TEST_STEP][PASSED] - verifyElementText(findTestObject("2. CURA Object Text/Login Text"), "Login"): Actual text and expected text of test object 'Object Repository/2. CURA Object Text/Login Text' are matched.

12-07-2024T19:59:04 - [MESSAGE][PASSED] - Actual text and expected text of test object 'Object Repository/2. CURA Object Text/Login Text' are matched.

12-07-2024T19:59:04 - [TEST_STEP][PASSED] - setText(findTestObject("1. CURA Object button/Username"), Username): Text 'John Doe' is set on object 'Object Repository/1. CURA Object button/Username'

12-07-2024T19:59:05 - [MESSAGE][PASSED] - Text 'John Doe' is set on object 'Object Repository/1. CURA Object button/Username'

12-07-2024T19:59:05 - [TEST_STEP][PASSED] - setText(findTestObject("1. CURA Object button/Password"), Password): Text 'ThisIsNotAPassword' is set on object 'Object Repository/1. CURA Object button/Password'

12-07-2024T19:59:05 - [MESSAGE][PASSED] - Text 'ThisIsNotAPassword' is set on object 'Object Repository/1. CURA Object button/Password'

12-07-2024T19:59:05 - [TEST_STEP][PASSED] - click(findTestObject("1. CURA Object button/Login Button")): Object: 'Object Repository/1. CURA Object button/Login Button' is clicked on

12-07-2024T19:59:06 - [MESSAGE][PASSED] - Object: 'Object Repository/1. CURA Object button/Login Button' is clicked on

12-07-2024T19:59:06 - [MESSAGE][PASSED] - Call Test Case 'Test Cases/CURA Web Test/Properties/TCP02 - Login' successfully

12-07-2024T19:59:06 - [TEST_STEP][PASSED] - selectOptionByValue(findTestObject("1. CURA Object button/Facility"), facility, true): All options with value 'Hongkong CURA Healthcare Center' are selected in object 'Object Repository/1. CURA Object button/Facility'  using regular expression

12-07-2024T19:59:08 - [MESSAGE][PASSED] - All options with value 'Hongkong CURA Healthcare Center' are selected in object 'Object Repository/1. CURA Object button/Facility'  using regular expression

12-07-2024T19:59:08 - [TEST_STEP][PASSED] - click(findTestObject("1. CURA Object button/Hospital Readmission")): Object: 'Object Repository/1. CURA Object button/Hospital Readmission' is clicked on

12-07-2024T19:59:08 - [MESSAGE][PASSED] - Object: 'Object Repository/1. CURA Object button/Hospital Readmission' is clicked on

12-07-2024T19:59:08 - [TEST_STEP][PASSED] - click(findTestObject("1. CURA Object button/None")): Object: 'Object Repository/1. CURA Object button/None' is clicked on

12-07-2024T19:59:08 - [MESSAGE][PASSED] - Object: 'Object Repository/1. CURA Object button/None' is clicked on

12-07-2024T19:59:08 - [TEST_STEP][PASSED] - click(findTestObject("1. CURA Object button/Visit Date")): Object: 'Object Repository/1. CURA Object button/Visit Date' is clicked on

12-07-2024T19:59:09 - [MESSAGE][PASSED] - Object: 'Object Repository/1. CURA Object button/Visit Date' is clicked on

12-07-2024T19:59:09 - [TEST_STEP][PASSED] - setText(findTestObject("1. CURA Object button/Visit Date"), visitdate): Text '22/07/2024' is set on object 'Object Repository/1. CURA Object button/Visit Date'

12-07-2024T19:59:10 - [MESSAGE][PASSED] - Text '22/07/2024' is set on object 'Object Repository/1. CURA Object button/Visit Date'

12-07-2024T19:59:10 - [TEST_STEP][PASSED] - setText(findTestObject("1. CURA Object button/Comment"), comment): Text 'Visit time: 9:00 AM' is set on object 'Object Repository/1. CURA Object button/Comment'

12-07-2024T19:59:11 - [MESSAGE][PASSED] - Text 'Visit time: 9:00 AM' is set on object 'Object Repository/1. CURA Object button/Comment'

12-07-2024T19:59:11 - [TEST_STEP][PASSED] - click(findTestObject("1. CURA Object button/Book Appointment")): Object: 'Object Repository/1. CURA Object button/Book Appointment' is clicked on

12-07-2024T19:59:11 - [MESSAGE][PASSED] - Object: 'Object Repository/1. CURA Object button/Book Appointment' is clicked on

12-07-2024T19:59:11 - [TEST_STEP][PASSED] - click(findTestObject("1. CURA Object button/Menu")): Object: 'Object Repository/1. CURA Object button/Menu' is clicked on

12-07-2024T19:59:12 - [MESSAGE][PASSED] - Object: 'Object Repository/1. CURA Object button/Menu' is clicked on

12-07-2024T19:59:12 - [TEST_STEP][PASSED] - click(findTestObject("1. CURA Object button/Home")): Object: 'Object Repository/1. CURA Object button/Home' is clicked on

12-07-2024T19:59:13 - [MESSAGE][PASSED] - Object: 'Object Repository/1. CURA Object button/Home' is clicked on

12-07-2024T19:59:13 - [TEST_STEP][PASSED] - click(findTestObject("1. CURA Object button/Make Appointment")): Object: 'Object Repository/1. CURA Object button/Make Appointment' is clicked on

12-07-2024T19:59:13 - [MESSAGE][PASSED] - Object: 'Object Repository/1. CURA Object button/Make Appointment' is clicked on]]></system-out>
         <system-err><![CDATA[]]></system-err>
      </testcase>
      <testcase name="Test Cases/CURA Web Test/TC19 - Hongkong Appointment using data driven" time="16.059" classname="Test Cases/CURA Web Test/TC19 - Hongkong Appointment using data driven" status="PASSED">
         <system-out><![CDATA[12-07-2024T19:59:13 - [TEST_CASE][PASSED] - Test Cases/CURA Web Test/TC19 - Hongkong Appointment using data driven: Test Cases/CURA Web Test/TC19 - Hongkong Appointment using data driven

12-07-2024T19:59:13 - [TEST_STEP][PASSED] - callTestCase(findTestCase("CURA Web Test/Properties/TCP01 - Open browser"), [:], STOP_ON_FAILURE): Call Test Case 'Test Cases/CURA Web Test/Properties/TCP01 - Open browser' successfully

12-07-2024T19:59:13 - [TEST_CASE][PASSED] - Test Cases/CURA Web Test/Properties/TCP01 - Open browser: Test Cases/CURA Web Test/Properties/TCP01 - Open browser

12-07-2024T19:59:13 - [TEST_STEP][PASSED] - openBrowser(""): Browser is opened with url: ''

12-07-2024T19:59:13 - [MESSAGE][WARNING] - A browser is already opened. Closing browser and opening a new one

12-07-2024T19:59:13 - [MESSAGE][INFO] - Starting 'Chrome' driver

12-07-2024T19:59:13 - [MESSAGE][INFO] - Action delay is set to 0 milliseconds

12-07-2024T19:59:14 - [MESSAGE][PASSED] - Browser is opened with url: ''

12-07-2024T19:59:14 - [TEST_STEP][PASSED] - navigateToUrl(URL): Navigate to 'https://katalon-demo-cura.herokuapp.com/' successfully

12-07-2024T19:59:18 - [MESSAGE][PASSED] - Navigate to 'https://katalon-demo-cura.herokuapp.com/' successfully

12-07-2024T19:59:18 - [MESSAGE][PASSED] - Call Test Case 'Test Cases/CURA Web Test/Properties/TCP01 - Open browser' successfully

12-07-2024T19:59:18 - [TEST_STEP][PASSED] - callTestCase(findTestCase("CURA Web Test/Properties/TCP02 - Login"), [:], STOP_ON_FAILURE): Call Test Case 'Test Cases/CURA Web Test/Properties/TCP02 - Login' successfully

12-07-2024T19:59:18 - [TEST_CASE][PASSED] - Test Cases/CURA Web Test/Properties/TCP02 - Login: Test Cases/CURA Web Test/Properties/TCP02 - Login

12-07-2024T19:59:18 - [TEST_STEP][PASSED] - click(findTestObject("1. CURA Object button/Make Appointment")): Object: 'Object Repository/1. CURA Object button/Make Appointment' is clicked on

12-07-2024T19:59:19 - [MESSAGE][PASSED] - Object: 'Object Repository/1. CURA Object button/Make Appointment' is clicked on

12-07-2024T19:59:19 - [TEST_STEP][PASSED] - verifyElementText(findTestObject("2. CURA Object Text/Login Text"), "Login"): Actual text and expected text of test object 'Object Repository/2. CURA Object Text/Login Text' are matched.

12-07-2024T19:59:20 - [MESSAGE][PASSED] - Actual text and expected text of test object 'Object Repository/2. CURA Object Text/Login Text' are matched.

12-07-2024T19:59:20 - [TEST_STEP][PASSED] - setText(findTestObject("1. CURA Object button/Username"), Username): Text 'John Doe' is set on object 'Object Repository/1. CURA Object button/Username'

12-07-2024T19:59:21 - [MESSAGE][PASSED] - Text 'John Doe' is set on object 'Object Repository/1. CURA Object button/Username'

12-07-2024T19:59:21 - [TEST_STEP][PASSED] - setText(findTestObject("1. CURA Object button/Password"), Password): Text 'ThisIsNotAPassword' is set on object 'Object Repository/1. CURA Object button/Password'

12-07-2024T19:59:21 - [MESSAGE][PASSED] - Text 'ThisIsNotAPassword' is set on object 'Object Repository/1. CURA Object button/Password'

12-07-2024T19:59:21 - [TEST_STEP][PASSED] - click(findTestObject("1. CURA Object button/Login Button")): Object: 'Object Repository/1. CURA Object button/Login Button' is clicked on

12-07-2024T19:59:23 - [MESSAGE][PASSED] - Object: 'Object Repository/1. CURA Object button/Login Button' is clicked on

12-07-2024T19:59:23 - [MESSAGE][PASSED] - Call Test Case 'Test Cases/CURA Web Test/Properties/TCP02 - Login' successfully

12-07-2024T19:59:23 - [TEST_STEP][PASSED] - selectOptionByValue(findTestObject("1. CURA Object button/Facility"), facility, true): All options with value 'Hongkong CURA Healthcare Center' are selected in object 'Object Repository/1. CURA Object button/Facility'  using regular expression

12-07-2024T19:59:24 - [MESSAGE][PASSED] - All options with value 'Hongkong CURA Healthcare Center' are selected in object 'Object Repository/1. CURA Object button/Facility'  using regular expression

12-07-2024T19:59:24 - [TEST_STEP][PASSED] - click(findTestObject("1. CURA Object button/Hospital Readmission")): Object: 'Object Repository/1. CURA Object button/Hospital Readmission' is clicked on

12-07-2024T19:59:24 - [MESSAGE][PASSED] - Object: 'Object Repository/1. CURA Object button/Hospital Readmission' is clicked on

12-07-2024T19:59:24 - [TEST_STEP][PASSED] - click(findTestObject("1. CURA Object button/None")): Object: 'Object Repository/1. CURA Object button/None' is clicked on

12-07-2024T19:59:25 - [MESSAGE][PASSED] - Object: 'Object Repository/1. CURA Object button/None' is clicked on

12-07-2024T19:59:25 - [TEST_STEP][PASSED] - click(findTestObject("1. CURA Object button/Visit Date")): Object: 'Object Repository/1. CURA Object button/Visit Date' is clicked on

12-07-2024T19:59:25 - [MESSAGE][PASSED] - Object: 'Object Repository/1. CURA Object button/Visit Date' is clicked on

12-07-2024T19:59:25 - [TEST_STEP][PASSED] - setText(findTestObject("1. CURA Object button/Visit Date"), visitdate): Text '01/08/2024' is set on object 'Object Repository/1. CURA Object button/Visit Date'

12-07-2024T19:59:26 - [MESSAGE][PASSED] - Text '01/08/2024' is set on object 'Object Repository/1. CURA Object button/Visit Date'

12-07-2024T19:59:26 - [TEST_STEP][PASSED] - setText(findTestObject("1. CURA Object button/Comment"), comment): Text 'Visit time: 1:00 PM' is set on object 'Object Repository/1. CURA Object button/Comment'

12-07-2024T19:59:27 - [MESSAGE][PASSED] - Text 'Visit time: 1:00 PM' is set on object 'Object Repository/1. CURA Object button/Comment'

12-07-2024T19:59:27 - [TEST_STEP][PASSED] - click(findTestObject("1. CURA Object button/Book Appointment")): Object: 'Object Repository/1. CURA Object button/Book Appointment' is clicked on

12-07-2024T19:59:28 - [MESSAGE][PASSED] - Object: 'Object Repository/1. CURA Object button/Book Appointment' is clicked on

12-07-2024T19:59:28 - [TEST_STEP][PASSED] - click(findTestObject("1. CURA Object button/Menu")): Object: 'Object Repository/1. CURA Object button/Menu' is clicked on

12-07-2024T19:59:28 - [MESSAGE][PASSED] - Object: 'Object Repository/1. CURA Object button/Menu' is clicked on

12-07-2024T19:59:28 - [TEST_STEP][PASSED] - click(findTestObject("1. CURA Object button/Home")): Object: 'Object Repository/1. CURA Object button/Home' is clicked on

12-07-2024T19:59:29 - [MESSAGE][PASSED] - Object: 'Object Repository/1. CURA Object button/Home' is clicked on

12-07-2024T19:59:29 - [TEST_STEP][PASSED] - click(findTestObject("1. CURA Object button/Make Appointment")): Object: 'Object Repository/1. CURA Object button/Make Appointment' is clicked on

12-07-2024T19:59:29 - [MESSAGE][PASSED] - Object: 'Object Repository/1. CURA Object button/Make Appointment' is clicked on]]></system-out>
         <system-err><![CDATA[]]></system-err>
      </testcase>
      <testcase name="Test Cases/CURA Web Test/TC19 - Hongkong Appointment using data driven" time="19.562" classname="Test Cases/CURA Web Test/TC19 - Hongkong Appointment using data driven" status="PASSED">
         <system-out><![CDATA[12-07-2024T19:59:29 - [TEST_CASE][PASSED] - Test Cases/CURA Web Test/TC19 - Hongkong Appointment using data driven: Test Cases/CURA Web Test/TC19 - Hongkong Appointment using data driven

12-07-2024T19:59:29 - [TEST_STEP][PASSED] - callTestCase(findTestCase("CURA Web Test/Properties/TCP01 - Open browser"), [:], STOP_ON_FAILURE): Call Test Case 'Test Cases/CURA Web Test/Properties/TCP01 - Open browser' successfully

12-07-2024T19:59:29 - [TEST_CASE][PASSED] - Test Cases/CURA Web Test/Properties/TCP01 - Open browser: Test Cases/CURA Web Test/Properties/TCP01 - Open browser

12-07-2024T19:59:29 - [TEST_STEP][PASSED] - openBrowser(""): Browser is opened with url: ''

12-07-2024T19:59:29 - [MESSAGE][WARNING] - A browser is already opened. Closing browser and opening a new one

12-07-2024T19:59:29 - [MESSAGE][INFO] - Starting 'Chrome' driver

12-07-2024T19:59:29 - [MESSAGE][INFO] - Action delay is set to 0 milliseconds

12-07-2024T19:59:30 - [MESSAGE][PASSED] - Browser is opened with url: ''

12-07-2024T19:59:30 - [TEST_STEP][PASSED] - navigateToUrl(URL): Navigate to 'https://katalon-demo-cura.herokuapp.com/' successfully

12-07-2024T19:59:39 - [MESSAGE][PASSED] - Navigate to 'https://katalon-demo-cura.herokuapp.com/' successfully

12-07-2024T19:59:39 - [MESSAGE][PASSED] - Call Test Case 'Test Cases/CURA Web Test/Properties/TCP01 - Open browser' successfully

12-07-2024T19:59:39 - [TEST_STEP][PASSED] - callTestCase(findTestCase("CURA Web Test/Properties/TCP02 - Login"), [:], STOP_ON_FAILURE): Call Test Case 'Test Cases/CURA Web Test/Properties/TCP02 - Login' successfully

12-07-2024T19:59:39 - [TEST_CASE][PASSED] - Test Cases/CURA Web Test/Properties/TCP02 - Login: Test Cases/CURA Web Test/Properties/TCP02 - Login

12-07-2024T19:59:39 - [TEST_STEP][PASSED] - click(findTestObject("1. CURA Object button/Make Appointment")): Object: 'Object Repository/1. CURA Object button/Make Appointment' is clicked on

12-07-2024T19:59:39 - [MESSAGE][PASSED] - Object: 'Object Repository/1. CURA Object button/Make Appointment' is clicked on

12-07-2024T19:59:39 - [TEST_STEP][PASSED] - verifyElementText(findTestObject("2. CURA Object Text/Login Text"), "Login"): Actual text and expected text of test object 'Object Repository/2. CURA Object Text/Login Text' are matched.

12-07-2024T19:59:40 - [MESSAGE][PASSED] - Actual text and expected text of test object 'Object Repository/2. CURA Object Text/Login Text' are matched.

12-07-2024T19:59:40 - [TEST_STEP][PASSED] - setText(findTestObject("1. CURA Object button/Username"), Username): Text 'John Doe' is set on object 'Object Repository/1. CURA Object button/Username'

12-07-2024T19:59:41 - [MESSAGE][PASSED] - Text 'John Doe' is set on object 'Object Repository/1. CURA Object button/Username'

12-07-2024T19:59:41 - [TEST_STEP][PASSED] - setText(findTestObject("1. CURA Object button/Password"), Password): Text 'ThisIsNotAPassword' is set on object 'Object Repository/1. CURA Object button/Password'

12-07-2024T19:59:42 - [MESSAGE][PASSED] - Text 'ThisIsNotAPassword' is set on object 'Object Repository/1. CURA Object button/Password'

12-07-2024T19:59:42 - [TEST_STEP][PASSED] - click(findTestObject("1. CURA Object button/Login Button")): Object: 'Object Repository/1. CURA Object button/Login Button' is clicked on

12-07-2024T19:59:43 - [MESSAGE][PASSED] - Object: 'Object Repository/1. CURA Object button/Login Button' is clicked on

12-07-2024T19:59:43 - [MESSAGE][PASSED] - Call Test Case 'Test Cases/CURA Web Test/Properties/TCP02 - Login' successfully

12-07-2024T19:59:43 - [TEST_STEP][PASSED] - selectOptionByValue(findTestObject("1. CURA Object button/Facility"), facility, true): All options with value 'Hongkong CURA Healthcare Center' are selected in object 'Object Repository/1. CURA Object button/Facility'  using regular expression

12-07-2024T19:59:44 - [MESSAGE][PASSED] - All options with value 'Hongkong CURA Healthcare Center' are selected in object 'Object Repository/1. CURA Object button/Facility'  using regular expression

12-07-2024T19:59:44 - [TEST_STEP][PASSED] - click(findTestObject("1. CURA Object button/Hospital Readmission")): Object: 'Object Repository/1. CURA Object button/Hospital Readmission' is clicked on

12-07-2024T19:59:44 - [MESSAGE][PASSED] - Object: 'Object Repository/1. CURA Object button/Hospital Readmission' is clicked on

12-07-2024T19:59:44 - [TEST_STEP][PASSED] - click(findTestObject("1. CURA Object button/None")): Object: 'Object Repository/1. CURA Object button/None' is clicked on

12-07-2024T19:59:44 - [MESSAGE][PASSED] - Object: 'Object Repository/1. CURA Object button/None' is clicked on

12-07-2024T19:59:44 - [TEST_STEP][PASSED] - click(findTestObject("1. CURA Object button/Visit Date")): Object: 'Object Repository/1. CURA Object button/Visit Date' is clicked on

12-07-2024T19:59:45 - [MESSAGE][PASSED] - Object: 'Object Repository/1. CURA Object button/Visit Date' is clicked on

12-07-2024T19:59:45 - [TEST_STEP][PASSED] - setText(findTestObject("1. CURA Object button/Visit Date"), visitdate): Text '17/08/2024' is set on object 'Object Repository/1. CURA Object button/Visit Date'

12-07-2024T19:59:45 - [MESSAGE][PASSED] - Text '17/08/2024' is set on object 'Object Repository/1. CURA Object button/Visit Date'

12-07-2024T19:59:45 - [TEST_STEP][PASSED] - setText(findTestObject("1. CURA Object button/Comment"), comment): Text 'Visit time: 3:00 PM' is set on object 'Object Repository/1. CURA Object button/Comment'

12-07-2024T19:59:46 - [MESSAGE][PASSED] - Text 'Visit time: 3:00 PM' is set on object 'Object Repository/1. CURA Object button/Comment'

12-07-2024T19:59:46 - [TEST_STEP][PASSED] - click(findTestObject("1. CURA Object button/Book Appointment")): Object: 'Object Repository/1. CURA Object button/Book Appointment' is clicked on

12-07-2024T19:59:47 - [MESSAGE][PASSED] - Object: 'Object Repository/1. CURA Object button/Book Appointment' is clicked on

12-07-2024T19:59:47 - [TEST_STEP][PASSED] - click(findTestObject("1. CURA Object button/Menu")): Object: 'Object Repository/1. CURA Object button/Menu' is clicked on

12-07-2024T19:59:48 - [MESSAGE][PASSED] - Object: 'Object Repository/1. CURA Object button/Menu' is clicked on

12-07-2024T19:59:48 - [TEST_STEP][PASSED] - click(findTestObject("1. CURA Object button/Home")): Object: 'Object Repository/1. CURA Object button/Home' is clicked on

12-07-2024T19:59:48 - [MESSAGE][PASSED] - Object: 'Object Repository/1. CURA Object button/Home' is clicked on

12-07-2024T19:59:48 - [TEST_STEP][PASSED] - click(findTestObject("1. CURA Object button/Make Appointment")): Object: 'Object Repository/1. CURA Object button/Make Appointment' is clicked on

12-07-2024T19:59:49 - [MESSAGE][PASSED] - Object: 'Object Repository/1. CURA Object button/Make Appointment' is clicked on]]></system-out>
         <system-err><![CDATA[]]></system-err>
      </testcase>
      <testcase name="Test Cases/CURA Web Test/TC19 - Hongkong Appointment using data driven" time="14.449" classname="Test Cases/CURA Web Test/TC19 - Hongkong Appointment using data driven" status="PASSED">
         <system-out><![CDATA[12-07-2024T19:59:49 - [TEST_CASE][PASSED] - Test Cases/CURA Web Test/TC19 - Hongkong Appointment using data driven: Test Cases/CURA Web Test/TC19 - Hongkong Appointment using data driven

12-07-2024T19:59:49 - [TEST_STEP][PASSED] - callTestCase(findTestCase("CURA Web Test/Properties/TCP01 - Open browser"), [:], STOP_ON_FAILURE): Call Test Case 'Test Cases/CURA Web Test/Properties/TCP01 - Open browser' successfully

12-07-2024T19:59:49 - [TEST_CASE][PASSED] - Test Cases/CURA Web Test/Properties/TCP01 - Open browser: Test Cases/CURA Web Test/Properties/TCP01 - Open browser

12-07-2024T19:59:49 - [TEST_STEP][PASSED] - openBrowser(""): Browser is opened with url: ''

12-07-2024T19:59:49 - [MESSAGE][WARNING] - A browser is already opened. Closing browser and opening a new one

12-07-2024T19:59:49 - [MESSAGE][INFO] - Starting 'Chrome' driver

12-07-2024T19:59:49 - [MESSAGE][INFO] - Action delay is set to 0 milliseconds

12-07-2024T19:59:50 - [MESSAGE][PASSED] - Browser is opened with url: ''

12-07-2024T19:59:50 - [TEST_STEP][PASSED] - navigateToUrl(URL): Navigate to 'https://katalon-demo-cura.herokuapp.com/' successfully

12-07-2024T19:59:53 - [MESSAGE][PASSED] - Navigate to 'https://katalon-demo-cura.herokuapp.com/' successfully

12-07-2024T19:59:53 - [MESSAGE][PASSED] - Call Test Case 'Test Cases/CURA Web Test/Properties/TCP01 - Open browser' successfully

12-07-2024T19:59:53 - [TEST_STEP][PASSED] - callTestCase(findTestCase("CURA Web Test/Properties/TCP02 - Login"), [:], STOP_ON_FAILURE): Call Test Case 'Test Cases/CURA Web Test/Properties/TCP02 - Login' successfully

12-07-2024T19:59:53 - [TEST_CASE][PASSED] - Test Cases/CURA Web Test/Properties/TCP02 - Login: Test Cases/CURA Web Test/Properties/TCP02 - Login

12-07-2024T19:59:53 - [TEST_STEP][PASSED] - click(findTestObject("1. CURA Object button/Make Appointment")): Object: 'Object Repository/1. CURA Object button/Make Appointment' is clicked on

12-07-2024T19:59:54 - [MESSAGE][PASSED] - Object: 'Object Repository/1. CURA Object button/Make Appointment' is clicked on

12-07-2024T19:59:54 - [TEST_STEP][PASSED] - verifyElementText(findTestObject("2. CURA Object Text/Login Text"), "Login"): Actual text and expected text of test object 'Object Repository/2. CURA Object Text/Login Text' are matched.

12-07-2024T19:59:55 - [MESSAGE][PASSED] - Actual text and expected text of test object 'Object Repository/2. CURA Object Text/Login Text' are matched.

12-07-2024T19:59:55 - [TEST_STEP][PASSED] - setText(findTestObject("1. CURA Object button/Username"), Username): Text 'John Doe' is set on object 'Object Repository/1. CURA Object button/Username'

12-07-2024T19:59:55 - [MESSAGE][PASSED] - Text 'John Doe' is set on object 'Object Repository/1. CURA Object button/Username'

12-07-2024T19:59:55 - [TEST_STEP][PASSED] - setText(findTestObject("1. CURA Object button/Password"), Password): Text 'ThisIsNotAPassword' is set on object 'Object Repository/1. CURA Object button/Password'

12-07-2024T19:59:56 - [MESSAGE][PASSED] - Text 'ThisIsNotAPassword' is set on object 'Object Repository/1. CURA Object button/Password'

12-07-2024T19:59:56 - [TEST_STEP][PASSED] - click(findTestObject("1. CURA Object button/Login Button")): Object: 'Object Repository/1. CURA Object button/Login Button' is clicked on

12-07-2024T19:59:57 - [MESSAGE][PASSED] - Object: 'Object Repository/1. CURA Object button/Login Button' is clicked on

12-07-2024T19:59:57 - [MESSAGE][PASSED] - Call Test Case 'Test Cases/CURA Web Test/Properties/TCP02 - Login' successfully

12-07-2024T19:59:57 - [TEST_STEP][PASSED] - selectOptionByValue(findTestObject("1. CURA Object button/Facility"), facility, true): All options with value 'Hongkong CURA Healthcare Center' are selected in object 'Object Repository/1. CURA Object button/Facility'  using regular expression

12-07-2024T19:59:58 - [MESSAGE][PASSED] - All options with value 'Hongkong CURA Healthcare Center' are selected in object 'Object Repository/1. CURA Object button/Facility'  using regular expression

12-07-2024T19:59:58 - [TEST_STEP][PASSED] - click(findTestObject("1. CURA Object button/Hospital Readmission")): Object: 'Object Repository/1. CURA Object button/Hospital Readmission' is clicked on

12-07-2024T19:59:58 - [MESSAGE][PASSED] - Object: 'Object Repository/1. CURA Object button/Hospital Readmission' is clicked on

12-07-2024T19:59:58 - [TEST_STEP][PASSED] - click(findTestObject("1. CURA Object button/None")): Object: 'Object Repository/1. CURA Object button/None' is clicked on

12-07-2024T19:59:59 - [MESSAGE][PASSED] - Object: 'Object Repository/1. CURA Object button/None' is clicked on

12-07-2024T19:59:59 - [TEST_STEP][PASSED] - click(findTestObject("1. CURA Object button/Visit Date")): Object: 'Object Repository/1. CURA Object button/Visit Date' is clicked on

12-07-2024T19:59:59 - [MESSAGE][PASSED] - Object: 'Object Repository/1. CURA Object button/Visit Date' is clicked on

12-07-2024T19:59:59 - [TEST_STEP][PASSED] - setText(findTestObject("1. CURA Object button/Visit Date"), visitdate): Text '02/01/2025' is set on object 'Object Repository/1. CURA Object button/Visit Date'

12-07-2024T20:00:00 - [MESSAGE][PASSED] - Text '02/01/2025' is set on object 'Object Repository/1. CURA Object button/Visit Date'

12-07-2024T20:00:00 - [TEST_STEP][PASSED] - setText(findTestObject("1. CURA Object button/Comment"), comment): Text 'Visit time: 7:00 AM' is set on object 'Object Repository/1. CURA Object button/Comment'

12-07-2024T20:00:01 - [MESSAGE][PASSED] - Text 'Visit time: 7:00 AM' is set on object 'Object Repository/1. CURA Object button/Comment'

12-07-2024T20:00:01 - [TEST_STEP][PASSED] - click(findTestObject("1. CURA Object button/Book Appointment")): Object: 'Object Repository/1. CURA Object button/Book Appointment' is clicked on

12-07-2024T20:00:02 - [MESSAGE][PASSED] - Object: 'Object Repository/1. CURA Object button/Book Appointment' is clicked on

12-07-2024T20:00:02 - [TEST_STEP][PASSED] - click(findTestObject("1. CURA Object button/Menu")): Object: 'Object Repository/1. CURA Object button/Menu' is clicked on

12-07-2024T20:00:02 - [MESSAGE][PASSED] - Object: 'Object Repository/1. CURA Object button/Menu' is clicked on

12-07-2024T20:00:02 - [TEST_STEP][PASSED] - click(findTestObject("1. CURA Object button/Home")): Object: 'Object Repository/1. CURA Object button/Home' is clicked on

12-07-2024T20:00:03 - [MESSAGE][PASSED] - Object: 'Object Repository/1. CURA Object button/Home' is clicked on

12-07-2024T20:00:03 - [TEST_STEP][PASSED] - click(findTestObject("1. CURA Object button/Make Appointment")): Object: 'Object Repository/1. CURA Object button/Make Appointment' is clicked on

12-07-2024T20:00:03 - [MESSAGE][PASSED] - Object: 'Object Repository/1. CURA Object button/Make Appointment' is clicked on]]></system-out>
         <system-err><![CDATA[]]></system-err>
      </testcase>
      <testcase name="Test Cases/CURA Web Test/Properties/TCP03 - Logout" time="2.203" classname="Test Cases/CURA Web Test/Properties/TCP03 - Logout" status="PASSED">
         <system-out><![CDATA[12-07-2024T20:00:03 - [TEST_CASE][PASSED] - Test Cases/CURA Web Test/Properties/TCP03 - Logout: Test Cases/CURA Web Test/Properties/TCP03 - Logout

12-07-2024T20:00:03 - [TEST_STEP][PASSED] - verifyElementText(findTestObject("2. CURA Object Text/Make Appointment"), "Make Appointment"): Actual text and expected text of test object 'Object Repository/2. CURA Object Text/Make Appointment' are matched.

12-07-2024T20:00:03 - [MESSAGE][PASSED] - Actual text and expected text of test object 'Object Repository/2. CURA Object Text/Make Appointment' are matched.

12-07-2024T20:00:03 - [TEST_STEP][PASSED] - click(findTestObject("1. CURA Object button/Menu")): Object: 'Object Repository/1. CURA Object button/Menu' is clicked on

12-07-2024T20:00:04 - [MESSAGE][PASSED] - Object: 'Object Repository/1. CURA Object button/Menu' is clicked on

12-07-2024T20:00:04 - [TEST_STEP][PASSED] - click(findTestObject("1. CURA Object button/Logout")): Object: 'Object Repository/1. CURA Object button/Logout' is clicked on

12-07-2024T20:00:05 - [MESSAGE][PASSED] - Object: 'Object Repository/1. CURA Object button/Logout' is clicked on

12-07-2024T20:00:05 - [TEST_STEP][PASSED] - closeBrowser(): Browser is closed

12-07-2024T20:00:05 - [MESSAGE][PASSED] - Browser is closed]]></system-out>
         <system-err><![CDATA[]]></system-err>
      </testcase>
      <system-out><![CDATA[12-07-2024T19:58:55 - [TEST_SUITE][PASSED] - TS11 - Hongkong appointment using data driven: Test Cases/CURA Web Test/Properties/TCP03 - Logout]]></system-out>
      <system-err><![CDATA[]]></system-err>
   </testsuite>
   <testsuite name="TS12 - Tokyo appointment using data driven" tests="4" failures="0" errors="0" time="59.005" skipped="0" timestamp="12-07-2024T20:00:18" hostname="Lenovo - LAPTOP-7QB5JFLU" id="Test Suites/CURA Test suites/TS12 - Tokyo appointment using data driven">
      <properties>
         <property name="deviceName" value=""/>
         <property name="devicePlatform"/>
         <property name="logFolder" value="C:\\Users\\Lenovo\\git\\KatalonPractitionerLevel\\Reports\\20240712_194912\\CURA Test suites\\TS12 - Tokyo appointment using data driven\\20240712_194935"/>
         <property name="logFiles" value="C:\\Users\\Lenovo\\git\\KatalonPractitionerLevel\\Reports\\20240712_194912\\CURA Test suites\\TS12 - Tokyo appointment using data driven\\20240712_194935\\execution0.log"/>
         <property name="attachments" value=""/>
         <property name="hostName" value="Lenovo - LAPTOP-7QB5JFLU"/>
         <property name="os" value="Windows 11 64bit"/>
         <property name="katalonVersion" value="9.6.0.217"/>
         <property name="browser" value="Chrome 126.0.0.0"/>
         <property name="hostAddress" value="192.168.1.12"/>
         <property name="sessionId" value="76e7a76d6bfaa7e3313c80608ef31f4e"/>
         <property name="seleniumVersion" value="3.141.59"/>
         <property name="proxyInformation" value="ProxyInformation { proxyOption=NO_PROXY, proxyServerType=HTTP, username=, password=********, proxyServerAddress=, proxyServerPort=0, executionList=&quot;&quot;, isApplyToDesiredCapabilities=true }"/>
         <property name="platform" value="Windows 11"/>
      </properties>
      <testcase name="Test Cases/CURA Web Test/TC20 - Tokyo appointment using data driven" time="17.001" classname="Test Cases/CURA Web Test/TC20 - Tokyo appointment using data driven" status="PASSED">
         <system-out><![CDATA[12-07-2024T20:00:18 - [TEST_CASE][PASSED] - Test Cases/CURA Web Test/TC20 - Tokyo appointment using data driven: Test Cases/CURA Web Test/TC20 - Tokyo appointment using data driven

12-07-2024T20:00:19 - [TEST_STEP][PASSED] - propertiesPage.openBrowser.main(): propertiesPage.openBrowser.main is PASSED

12-07-2024T20:00:19 - [MESSAGE][INFO] - Starting 'Chrome' driver

12-07-2024T20:00:19 - [MESSAGE][INFO] - Action delay is set to 0 milliseconds

12-07-2024T20:00:20 - [MESSAGE][PASSED] - Browser is opened with url: ''

12-07-2024T20:00:25 - [MESSAGE][PASSED] - Navigate to 'https://katalon-demo-cura.herokuapp.com/' successfully

12-07-2024T20:00:25 - [MESSAGE][PASSED] - propertiesPage.openBrowser.main is PASSED

12-07-2024T20:00:25 - [TEST_STEP][PASSED] - propertiesPage.loginMenu.main(): propertiesPage.loginMenu.main is PASSED

12-07-2024T20:00:26 - [MESSAGE][PASSED] - Object: 'Object Repository/1. CURA Object button/Make Appointment' is clicked on

12-07-2024T20:00:27 - [MESSAGE][PASSED] - Actual text and expected text of test object 'Object Repository/2. CURA Object Text/Login Text' are matched.

12-07-2024T20:00:27 - [MESSAGE][PASSED] - Text 'John Doe' is set on object 'Object Repository/1. CURA Object button/Username'

12-07-2024T20:00:28 - [MESSAGE][PASSED] - Text 'ThisIsNotAPassword' is set on object 'Object Repository/1. CURA Object button/Password'

12-07-2024T20:00:29 - [MESSAGE][PASSED] - Object: 'Object Repository/1. CURA Object button/Login Button' is clicked on

12-07-2024T20:00:29 - [MESSAGE][PASSED] - propertiesPage.loginMenu.main is PASSED

12-07-2024T20:00:29 - [TEST_STEP][PASSED] - selectOptionByValue(findTestObject("1. CURA Object button/Facility"), facility, true): All options with value 'Tokyo CURA Healthcare Center' are selected in object 'Object Repository/1. CURA Object button/Facility'  using regular expression

12-07-2024T20:00:30 - [MESSAGE][PASSED] - All options with value 'Tokyo CURA Healthcare Center' are selected in object 'Object Repository/1. CURA Object button/Facility'  using regular expression

12-07-2024T20:00:30 - [TEST_STEP][PASSED] - click(findTestObject("1. CURA Object button/Medicare")): Object: 'Object Repository/1. CURA Object button/Medicare' is clicked on

12-07-2024T20:00:31 - [MESSAGE][PASSED] - Object: 'Object Repository/1. CURA Object button/Medicare' is clicked on

12-07-2024T20:00:31 - [TEST_STEP][PASSED] - click(findTestObject("1. CURA Object button/Visit Date")): Object: 'Object Repository/1. CURA Object button/Visit Date' is clicked on

12-07-2024T20:00:31 - [MESSAGE][PASSED] - Object: 'Object Repository/1. CURA Object button/Visit Date' is clicked on

12-07-2024T20:00:31 - [TEST_STEP][PASSED] - setText(findTestObject("1. CURA Object button/Visit Date"), datevisit): Text '01/07/2024' is set on object 'Object Repository/1. CURA Object button/Visit Date'

12-07-2024T20:00:32 - [MESSAGE][PASSED] - Text '01/07/2024' is set on object 'Object Repository/1. CURA Object button/Visit Date'

12-07-2024T20:00:32 - [TEST_STEP][PASSED] - setText(findTestObject("1. CURA Object button/Comment"), commentbook): Text 'Reschedule to 08/07/2024' is set on object 'Object Repository/1. CURA Object button/Comment'

12-07-2024T20:00:33 - [MESSAGE][PASSED] - Text 'Reschedule to 08/07/2024' is set on object 'Object Repository/1. CURA Object button/Comment'

12-07-2024T20:00:33 - [TEST_STEP][PASSED] - click(findTestObject("1. CURA Object button/Book Appointment")): Object: 'Object Repository/1. CURA Object button/Book Appointment' is clicked on

12-07-2024T20:00:34 - [MESSAGE][PASSED] - Object: 'Object Repository/1. CURA Object button/Book Appointment' is clicked on

12-07-2024T20:00:34 - [TEST_STEP][PASSED] - click(findTestObject("1. CURA Object button/Menu")): Object: 'Object Repository/1. CURA Object button/Menu' is clicked on

12-07-2024T20:00:34 - [MESSAGE][PASSED] - Object: 'Object Repository/1. CURA Object button/Menu' is clicked on

12-07-2024T20:00:34 - [TEST_STEP][PASSED] - click(findTestObject("1. CURA Object button/Home")): Object: 'Object Repository/1. CURA Object button/Home' is clicked on

12-07-2024T20:00:35 - [MESSAGE][PASSED] - Object: 'Object Repository/1. CURA Object button/Home' is clicked on

12-07-2024T20:00:35 - [TEST_STEP][PASSED] - verifyElementPresent(findTestObject("2. CURA Object Text/Healthcare Service"), 0): Object 'Object Repository/2. CURA Object Text/Healthcare Service' is present

12-07-2024T20:00:35 - [MESSAGE][WARNING] - Timeout '0' is invalid. Using default page load timeout: '30'

12-07-2024T20:00:35 - [MESSAGE][PASSED] - Object 'Object Repository/2. CURA Object Text/Healthcare Service' is present

12-07-2024T20:00:35 - [TEST_STEP][PASSED] - click(findTestObject("1. CURA Object button/Make Appointment")): Object: 'Object Repository/1. CURA Object button/Make Appointment' is clicked on

12-07-2024T20:00:35 - [MESSAGE][PASSED] - Object: 'Object Repository/1. CURA Object button/Make Appointment' is clicked on]]></system-out>
         <system-err><![CDATA[]]></system-err>
      </testcase>
      <testcase name="Test Cases/CURA Web Test/TC20 - Tokyo appointment using data driven" time="18.343" classname="Test Cases/CURA Web Test/TC20 - Tokyo appointment using data driven" status="PASSED">
         <system-out><![CDATA[12-07-2024T20:00:36 - [TEST_CASE][PASSED] - Test Cases/CURA Web Test/TC20 - Tokyo appointment using data driven: Test Cases/CURA Web Test/TC20 - Tokyo appointment using data driven

12-07-2024T20:00:36 - [TEST_STEP][PASSED] - propertiesPage.openBrowser.main(): propertiesPage.openBrowser.main is PASSED

12-07-2024T20:00:36 - [MESSAGE][WARNING] - A browser is already opened. Closing browser and opening a new one

12-07-2024T20:00:36 - [MESSAGE][INFO] - Starting 'Chrome' driver

12-07-2024T20:00:36 - [MESSAGE][INFO] - Action delay is set to 0 milliseconds

12-07-2024T20:00:37 - [MESSAGE][PASSED] - Browser is opened with url: ''

12-07-2024T20:00:44 - [MESSAGE][PASSED] - Navigate to 'https://katalon-demo-cura.herokuapp.com/' successfully

12-07-2024T20:00:44 - [MESSAGE][PASSED] - propertiesPage.openBrowser.main is PASSED

12-07-2024T20:00:44 - [TEST_STEP][PASSED] - propertiesPage.loginMenu.main(): propertiesPage.loginMenu.main is PASSED

12-07-2024T20:00:44 - [MESSAGE][PASSED] - Object: 'Object Repository/1. CURA Object button/Make Appointment' is clicked on

12-07-2024T20:00:45 - [MESSAGE][PASSED] - Actual text and expected text of test object 'Object Repository/2. CURA Object Text/Login Text' are matched.

12-07-2024T20:00:46 - [MESSAGE][PASSED] - Text 'John Doe' is set on object 'Object Repository/1. CURA Object button/Username'

12-07-2024T20:00:46 - [MESSAGE][PASSED] - Text 'ThisIsNotAPassword' is set on object 'Object Repository/1. CURA Object button/Password'

12-07-2024T20:00:48 - [MESSAGE][PASSED] - Object: 'Object Repository/1. CURA Object button/Login Button' is clicked on

12-07-2024T20:00:48 - [MESSAGE][PASSED] - propertiesPage.loginMenu.main is PASSED

12-07-2024T20:00:48 - [TEST_STEP][PASSED] - selectOptionByValue(findTestObject("1. CURA Object button/Facility"), facility, true): All options with value 'Tokyo CURA Healthcare Center' are selected in object 'Object Repository/1. CURA Object button/Facility'  using regular expression

12-07-2024T20:00:49 - [MESSAGE][PASSED] - All options with value 'Tokyo CURA Healthcare Center' are selected in object 'Object Repository/1. CURA Object button/Facility'  using regular expression

12-07-2024T20:00:49 - [TEST_STEP][PASSED] - click(findTestObject("1. CURA Object button/Medicare")): Object: 'Object Repository/1. CURA Object button/Medicare' is clicked on

12-07-2024T20:00:49 - [MESSAGE][PASSED] - Object: 'Object Repository/1. CURA Object button/Medicare' is clicked on

12-07-2024T20:00:49 - [TEST_STEP][PASSED] - click(findTestObject("1. CURA Object button/Visit Date")): Object: 'Object Repository/1. CURA Object button/Visit Date' is clicked on

12-07-2024T20:00:50 - [MESSAGE][PASSED] - Object: 'Object Repository/1. CURA Object button/Visit Date' is clicked on

12-07-2024T20:00:50 - [TEST_STEP][PASSED] - setText(findTestObject("1. CURA Object button/Visit Date"), datevisit): Text '09/09/2024' is set on object 'Object Repository/1. CURA Object button/Visit Date'

12-07-2024T20:00:50 - [MESSAGE][PASSED] - Text '09/09/2024' is set on object 'Object Repository/1. CURA Object button/Visit Date'

12-07-2024T20:00:50 - [TEST_STEP][PASSED] - setText(findTestObject("1. CURA Object button/Comment"), commentbook): Text 'Meet dr. Yuki' is set on object 'Object Repository/1. CURA Object button/Comment'

12-07-2024T20:00:51 - [MESSAGE][PASSED] - Text 'Meet dr. Yuki' is set on object 'Object Repository/1. CURA Object button/Comment'

12-07-2024T20:00:51 - [TEST_STEP][PASSED] - click(findTestObject("1. CURA Object button/Book Appointment")): Object: 'Object Repository/1. CURA Object button/Book Appointment' is clicked on

12-07-2024T20:00:52 - [MESSAGE][PASSED] - Object: 'Object Repository/1. CURA Object button/Book Appointment' is clicked on

12-07-2024T20:00:52 - [TEST_STEP][PASSED] - click(findTestObject("1. CURA Object button/Menu")): Object: 'Object Repository/1. CURA Object button/Menu' is clicked on

12-07-2024T20:00:53 - [MESSAGE][PASSED] - Object: 'Object Repository/1. CURA Object button/Menu' is clicked on

12-07-2024T20:00:53 - [TEST_STEP][PASSED] - click(findTestObject("1. CURA Object button/Home")): Object: 'Object Repository/1. CURA Object button/Home' is clicked on

12-07-2024T20:00:53 - [MESSAGE][PASSED] - Object: 'Object Repository/1. CURA Object button/Home' is clicked on

12-07-2024T20:00:53 - [TEST_STEP][PASSED] - verifyElementPresent(findTestObject("2. CURA Object Text/Healthcare Service"), 0): Object 'Object Repository/2. CURA Object Text/Healthcare Service' is present

12-07-2024T20:00:53 - [MESSAGE][WARNING] - Timeout '0' is invalid. Using default page load timeout: '30'

12-07-2024T20:00:54 - [MESSAGE][PASSED] - Object 'Object Repository/2. CURA Object Text/Healthcare Service' is present

12-07-2024T20:00:54 - [TEST_STEP][PASSED] - click(findTestObject("1. CURA Object button/Make Appointment")): Object: 'Object Repository/1. CURA Object button/Make Appointment' is clicked on

12-07-2024T20:00:54 - [MESSAGE][PASSED] - Object: 'Object Repository/1. CURA Object button/Make Appointment' is clicked on]]></system-out>
         <system-err><![CDATA[]]></system-err>
      </testcase>
      <testcase name="Test Cases/CURA Web Test/TC20 - Tokyo appointment using data driven" time="21.198" classname="Test Cases/CURA Web Test/TC20 - Tokyo appointment using data driven" status="PASSED">
         <system-out><![CDATA[12-07-2024T20:00:54 - [TEST_CASE][PASSED] - Test Cases/CURA Web Test/TC20 - Tokyo appointment using data driven: Test Cases/CURA Web Test/TC20 - Tokyo appointment using data driven

12-07-2024T20:00:54 - [TEST_STEP][PASSED] - propertiesPage.openBrowser.main(): propertiesPage.openBrowser.main is PASSED

12-07-2024T20:00:54 - [MESSAGE][WARNING] - A browser is already opened. Closing browser and opening a new one

12-07-2024T20:00:54 - [MESSAGE][INFO] - Starting 'Chrome' driver

12-07-2024T20:00:54 - [MESSAGE][INFO] - Action delay is set to 0 milliseconds

12-07-2024T20:00:55 - [MESSAGE][PASSED] - Browser is opened with url: ''

12-07-2024T20:01:06 - [MESSAGE][PASSED] - Navigate to 'https://katalon-demo-cura.herokuapp.com/' successfully

12-07-2024T20:01:06 - [MESSAGE][PASSED] - propertiesPage.openBrowser.main is PASSED

12-07-2024T20:01:06 - [TEST_STEP][PASSED] - propertiesPage.loginMenu.main(): propertiesPage.loginMenu.main is PASSED

12-07-2024T20:01:06 - [MESSAGE][PASSED] - Object: 'Object Repository/1. CURA Object button/Make Appointment' is clicked on

12-07-2024T20:01:07 - [MESSAGE][PASSED] - Actual text and expected text of test object 'Object Repository/2. CURA Object Text/Login Text' are matched.

12-07-2024T20:01:07 - [MESSAGE][PASSED] - Text 'John Doe' is set on object 'Object Repository/1. CURA Object button/Username'

12-07-2024T20:01:08 - [MESSAGE][PASSED] - Text 'ThisIsNotAPassword' is set on object 'Object Repository/1. CURA Object button/Password'

12-07-2024T20:01:09 - [MESSAGE][PASSED] - Object: 'Object Repository/1. CURA Object button/Login Button' is clicked on

12-07-2024T20:01:09 - [MESSAGE][PASSED] - propertiesPage.loginMenu.main is PASSED

12-07-2024T20:01:09 - [TEST_STEP][PASSED] - selectOptionByValue(findTestObject("1. CURA Object button/Facility"), facility, true): All options with value 'Tokyo CURA Healthcare Center' are selected in object 'Object Repository/1. CURA Object button/Facility'  using regular expression

12-07-2024T20:01:10 - [MESSAGE][PASSED] - All options with value 'Tokyo CURA Healthcare Center' are selected in object 'Object Repository/1. CURA Object button/Facility'  using regular expression

12-07-2024T20:01:10 - [TEST_STEP][PASSED] - click(findTestObject("1. CURA Object button/Medicare")): Object: 'Object Repository/1. CURA Object button/Medicare' is clicked on

12-07-2024T20:01:10 - [MESSAGE][PASSED] - Object: 'Object Repository/1. CURA Object button/Medicare' is clicked on

12-07-2024T20:01:10 - [TEST_STEP][PASSED] - click(findTestObject("1. CURA Object button/Visit Date")): Object: 'Object Repository/1. CURA Object button/Visit Date' is clicked on

12-07-2024T20:01:11 - [MESSAGE][PASSED] - Object: 'Object Repository/1. CURA Object button/Visit Date' is clicked on

12-07-2024T20:01:11 - [TEST_STEP][PASSED] - setText(findTestObject("1. CURA Object button/Visit Date"), datevisit): Text '24/12/2024' is set on object 'Object Repository/1. CURA Object button/Visit Date'

12-07-2024T20:01:12 - [MESSAGE][PASSED] - Text '24/12/2024' is set on object 'Object Repository/1. CURA Object button/Visit Date'

12-07-2024T20:01:12 - [TEST_STEP][PASSED] - setText(findTestObject("1. CURA Object button/Comment"), commentbook): Text 'Meet dr. Kento Momota' is set on object 'Object Repository/1. CURA Object button/Comment'

12-07-2024T20:01:13 - [MESSAGE][PASSED] - Text 'Meet dr. Kento Momota' is set on object 'Object Repository/1. CURA Object button/Comment'

12-07-2024T20:01:13 - [TEST_STEP][PASSED] - click(findTestObject("1. CURA Object button/Book Appointment")): Object: 'Object Repository/1. CURA Object button/Book Appointment' is clicked on

12-07-2024T20:01:13 - [MESSAGE][PASSED] - Object: 'Object Repository/1. CURA Object button/Book Appointment' is clicked on

12-07-2024T20:01:13 - [TEST_STEP][PASSED] - click(findTestObject("1. CURA Object button/Menu")): Object: 'Object Repository/1. CURA Object button/Menu' is clicked on

12-07-2024T20:01:14 - [MESSAGE][PASSED] - Object: 'Object Repository/1. CURA Object button/Menu' is clicked on

12-07-2024T20:01:14 - [TEST_STEP][PASSED] - click(findTestObject("1. CURA Object button/Home")): Object: 'Object Repository/1. CURA Object button/Home' is clicked on

12-07-2024T20:01:15 - [MESSAGE][PASSED] - Object: 'Object Repository/1. CURA Object button/Home' is clicked on

12-07-2024T20:01:15 - [TEST_STEP][PASSED] - verifyElementPresent(findTestObject("2. CURA Object Text/Healthcare Service"), 0): Object 'Object Repository/2. CURA Object Text/Healthcare Service' is present

12-07-2024T20:01:15 - [MESSAGE][WARNING] - Timeout '0' is invalid. Using default page load timeout: '30'

12-07-2024T20:01:15 - [MESSAGE][PASSED] - Object 'Object Repository/2. CURA Object Text/Healthcare Service' is present

12-07-2024T20:01:15 - [TEST_STEP][PASSED] - click(findTestObject("1. CURA Object button/Make Appointment")): Object: 'Object Repository/1. CURA Object button/Make Appointment' is clicked on

12-07-2024T20:01:15 - [MESSAGE][PASSED] - Object: 'Object Repository/1. CURA Object button/Make Appointment' is clicked on]]></system-out>
         <system-err><![CDATA[]]></system-err>
      </testcase>
      <testcase name="Test Cases/CURA Web Test/Properties/TCP03 - Logout" time="2.177" classname="Test Cases/CURA Web Test/Properties/TCP03 - Logout" status="PASSED">
         <system-out><![CDATA[12-07-2024T20:01:15 - [TEST_CASE][PASSED] - Test Cases/CURA Web Test/Properties/TCP03 - Logout: Test Cases/CURA Web Test/Properties/TCP03 - Logout

12-07-2024T20:01:15 - [TEST_STEP][PASSED] - verifyElementText(findTestObject("2. CURA Object Text/Make Appointment"), "Make Appointment"): Actual text and expected text of test object 'Object Repository/2. CURA Object Text/Make Appointment' are matched.

12-07-2024T20:01:15 - [MESSAGE][PASSED] - Actual text and expected text of test object 'Object Repository/2. CURA Object Text/Make Appointment' are matched.

12-07-2024T20:01:15 - [TEST_STEP][PASSED] - click(findTestObject("1. CURA Object button/Menu")): Object: 'Object Repository/1. CURA Object button/Menu' is clicked on

12-07-2024T20:01:16 - [MESSAGE][PASSED] - Object: 'Object Repository/1. CURA Object button/Menu' is clicked on

12-07-2024T20:01:16 - [TEST_STEP][PASSED] - click(findTestObject("1. CURA Object button/Logout")): Object: 'Object Repository/1. CURA Object button/Logout' is clicked on

12-07-2024T20:01:17 - [MESSAGE][PASSED] - Object: 'Object Repository/1. CURA Object button/Logout' is clicked on

12-07-2024T20:01:17 - [TEST_STEP][PASSED] - closeBrowser(): Browser is closed

12-07-2024T20:01:17 - [MESSAGE][PASSED] - Browser is closed]]></system-out>
         <system-err><![CDATA[]]></system-err>
      </testcase>
      <system-out><![CDATA[12-07-2024T20:00:18 - [TEST_SUITE][PASSED] - TS12 - Tokyo appointment using data driven: Test Cases/CURA Web Test/Properties/TCP03 - Logout]]></system-out>
      <system-err><![CDATA[]]></system-err>
   </testsuite>
   <testsuite name="TS13 - Script using StudioAssist" tests="4" failures="0" errors="0" time="27.987" skipped="0" timestamp="12-07-2024T20:01:33" hostname="Lenovo - LAPTOP-7QB5JFLU" id="Test Suites/CURA Test suites/TS13 - Script using StudioAssist">
      <properties>
         <property name="deviceName" value=""/>
         <property name="devicePlatform"/>
         <property name="logFolder" value="C:\\Users\\Lenovo\\git\\KatalonPractitionerLevel\\Reports\\20240712_194912\\CURA Test suites\\TS13 - Script using StudioAssist\\20240712_194937"/>
         <property name="logFiles" value="C:\\Users\\Lenovo\\git\\KatalonPractitionerLevel\\Reports\\20240712_194912\\CURA Test suites\\TS13 - Script using StudioAssist\\20240712_194937\\execution0.log"/>
         <property name="attachments" value=""/>
         <property name="hostName" value="Lenovo - LAPTOP-7QB5JFLU"/>
         <property name="os" value="Windows 11 64bit"/>
         <property name="katalonVersion" value="9.6.0.217"/>
         <property name="browser" value="Chrome 126.0.0.0"/>
         <property name="hostAddress" value="192.168.1.12"/>
         <property name="sessionId" value="97aa43419f60a99455ca77cefda63312"/>
         <property name="seleniumVersion" value="3.141.59"/>
         <property name="proxyInformation" value="ProxyInformation { proxyOption=NO_PROXY, proxyServerType=HTTP, username=, password=********, proxyServerAddress=, proxyServerPort=0, executionList=&quot;&quot;, isApplyToDesiredCapabilities=true }"/>
         <property name="platform" value="Windows 11"/>
      </properties>
      <testcase name="Test Cases/CURA Web Test/TC21 - Login using StudioAssist" time="10.668" classname="Test Cases/CURA Web Test/TC21 - Login using StudioAssist" status="PASSED">
         <system-out><![CDATA[12-07-2024T20:01:33 - [TEST_CASE][PASSED] - Test Cases/CURA Web Test/TC21 - Login using StudioAssist: Test Cases/CURA Web Test/TC21 - Login using StudioAssist

12-07-2024T20:01:33 - [TEST_STEP][PASSED] - openBrowser(""): Browser is opened with url: ''

12-07-2024T20:01:33 - [MESSAGE][INFO] - Starting 'Chrome' driver

12-07-2024T20:01:33 - [MESSAGE][INFO] - Action delay is set to 0 milliseconds

12-07-2024T20:01:35 - [MESSAGE][PASSED] - Browser is opened with url: ''

12-07-2024T20:01:35 - [TEST_STEP][PASSED] - navigateToUrl("https://katalon-demo-cura.herokuapp.com/"): Navigate to 'https://katalon-demo-cura.herokuapp.com/' successfully

12-07-2024T20:01:38 - [MESSAGE][PASSED] - Navigate to 'https://katalon-demo-cura.herokuapp.com/' successfully

12-07-2024T20:01:38 - [TEST_STEP][PASSED] - click(findTestObject("1. CURA Object button/Make Appointment")): Object: 'Object Repository/1. CURA Object button/Make Appointment' is clicked on

12-07-2024T20:01:39 - [MESSAGE][PASSED] - Object: 'Object Repository/1. CURA Object button/Make Appointment' is clicked on

12-07-2024T20:01:39 - [TEST_STEP][PASSED] - setText(findTestObject("1. CURA Object button/Username"), username): Text 'John Doe' is set on object 'Object Repository/1. CURA Object button/Username'

12-07-2024T20:01:40 - [MESSAGE][PASSED] - Text 'John Doe' is set on object 'Object Repository/1. CURA Object button/Username'

12-07-2024T20:01:40 - [TEST_STEP][PASSED] - setText(findTestObject("1. CURA Object button/Password"), password): Text 'ThisIsNotAPassword' is set on object 'Object Repository/1. CURA Object button/Password'

12-07-2024T20:01:42 - [MESSAGE][PASSED] - Text 'ThisIsNotAPassword' is set on object 'Object Repository/1. CURA Object button/Password'

12-07-2024T20:01:42 - [TEST_STEP][PASSED] - click(findTestObject("1. CURA Object button/Login Button")): Object: 'Object Repository/1. CURA Object button/Login Button' is clicked on

12-07-2024T20:01:43 - [MESSAGE][PASSED] - Object: 'Object Repository/1. CURA Object button/Login Button' is clicked on

12-07-2024T20:01:43 - [TEST_STEP][PASSED] - verifyElementText(findTestObject("2. CURA Object Text/Make Appointment"), "Make Appointment"): Actual text and expected text of test object 'Object Repository/2. CURA Object Text/Make Appointment' are matched.

12-07-2024T20:01:44 - [MESSAGE][PASSED] - Actual text and expected text of test object 'Object Repository/2. CURA Object Text/Make Appointment' are matched.]]></system-out>
         <system-err><![CDATA[]]></system-err>
      </testcase>
      <testcase name="Test Cases/CURA Web Test/TC22 - Hongkong appointment using StudioAssist" time="6.729" classname="Test Cases/CURA Web Test/TC22 - Hongkong appointment using StudioAssist" status="PASSED">
         <system-out><![CDATA[12-07-2024T20:01:44 - [TEST_CASE][PASSED] - Test Cases/CURA Web Test/TC22 - Hongkong appointment using StudioAssist: Test Cases/CURA Web Test/TC22 - Hongkong appointment using StudioAssist

12-07-2024T20:01:44 - [TEST_STEP][PASSED] - verifyElementText(findTestObject("2. CURA Object Text/Make Appointment"), "Make Appointment"): Actual text and expected text of test object 'Object Repository/2. CURA Object Text/Make Appointment' are matched.

12-07-2024T20:01:44 - [MESSAGE][PASSED] - Actual text and expected text of test object 'Object Repository/2. CURA Object Text/Make Appointment' are matched.

12-07-2024T20:01:44 - [TEST_STEP][PASSED] - selectOptionByValue(findTestObject("1. CURA Object button/Facility"), "Hongkong CURA Healthcare Center", true): All options with value 'Hongkong CURA Healthcare Center' are selected in object 'Object Repository/1. CURA Object button/Facility'  using regular expression

12-07-2024T20:01:45 - [MESSAGE][PASSED] - All options with value 'Hongkong CURA Healthcare Center' are selected in object 'Object Repository/1. CURA Object button/Facility'  using regular expression

12-07-2024T20:01:45 - [TEST_STEP][PASSED] - click(findTestObject("1. CURA Object button/Hospital Readmission")): Object: 'Object Repository/1. CURA Object button/Hospital Readmission' is clicked on

12-07-2024T20:01:45 - [MESSAGE][PASSED] - Object: 'Object Repository/1. CURA Object button/Hospital Readmission' is clicked on

12-07-2024T20:01:45 - [TEST_STEP][PASSED] - click(findTestObject("1. CURA Object button/None")): Object: 'Object Repository/1. CURA Object button/None' is clicked on

12-07-2024T20:01:46 - [MESSAGE][PASSED] - Object: 'Object Repository/1. CURA Object button/None' is clicked on

12-07-2024T20:01:46 - [TEST_STEP][PASSED] - setText(findTestObject("1. CURA Object button/Visit Date"), "02/07/2025"): Text '02/07/2025' is set on object 'Object Repository/1. CURA Object button/Visit Date'

12-07-2024T20:01:46 - [MESSAGE][PASSED] - Text '02/07/2025' is set on object 'Object Repository/1. CURA Object button/Visit Date'

12-07-2024T20:01:46 - [TEST_STEP][PASSED] - setText(findTestObject("1. CURA Object button/Comment"), "Meet dr. Alexandra Abraham"): Text 'Meet dr. Alexandra Abraham' is set on object 'Object Repository/1. CURA Object button/Comment'

12-07-2024T20:01:48 - [MESSAGE][PASSED] - Text 'Meet dr. Alexandra Abraham' is set on object 'Object Repository/1. CURA Object button/Comment'

12-07-2024T20:01:48 - [TEST_STEP][PASSED] - click(findTestObject("1. CURA Object button/Book Appointment")): Object: 'Object Repository/1. CURA Object button/Book Appointment' is clicked on

12-07-2024T20:01:49 - [MESSAGE][PASSED] - Object: 'Object Repository/1. CURA Object button/Book Appointment' is clicked on

12-07-2024T20:01:49 - [TEST_STEP][PASSED] - click(findTestObject("1. CURA Object button/Menu")): Object: 'Object Repository/1. CURA Object button/Menu' is clicked on

12-07-2024T20:01:49 - [MESSAGE][PASSED] - Object: 'Object Repository/1. CURA Object button/Menu' is clicked on

12-07-2024T20:01:49 - [TEST_STEP][PASSED] - click(findTestObject("1. CURA Object button/Home")): Object: 'Object Repository/1. CURA Object button/Home' is clicked on

12-07-2024T20:01:50 - [MESSAGE][PASSED] - Object: 'Object Repository/1. CURA Object button/Home' is clicked on

12-07-2024T20:01:50 - [TEST_STEP][PASSED] - click(findTestObject("1. CURA Object button/Make Appointment")): Object: 'Object Repository/1. CURA Object button/Make Appointment' is clicked on

12-07-2024T20:01:50 - [MESSAGE][PASSED] - Object: 'Object Repository/1. CURA Object button/Make Appointment' is clicked on]]></system-out>
         <system-err><![CDATA[]]></system-err>
      </testcase>
      <testcase name="Test Cases/CURA Web Test/TC23 - Seoul appointment using StudioAssist" time="5.754" classname="Test Cases/CURA Web Test/TC23 - Seoul appointment using StudioAssist" status="PASSED">
         <system-out><![CDATA[12-07-2024T20:01:50 - [TEST_CASE][PASSED] - Test Cases/CURA Web Test/TC23 - Seoul appointment using StudioAssist: Test Cases/CURA Web Test/TC23 - Seoul appointment using StudioAssist

12-07-2024T20:01:50 - [TEST_STEP][PASSED] - selectOptionByValue(findTestObject("1. CURA Object button/Facility"), "Seoul CURA Healthcare Center", true): All options with value 'Seoul CURA Healthcare Center' are selected in object 'Object Repository/1. CURA Object button/Facility'  using regular expression

12-07-2024T20:01:52 - [MESSAGE][PASSED] - All options with value 'Seoul CURA Healthcare Center' are selected in object 'Object Repository/1. CURA Object button/Facility'  using regular expression

12-07-2024T20:01:52 - [TEST_STEP][PASSED] - click(findTestObject("1. CURA Object button/Hospital Readmission")): Object: 'Object Repository/1. CURA Object button/Hospital Readmission' is clicked on

12-07-2024T20:01:52 - [MESSAGE][PASSED] - Object: 'Object Repository/1. CURA Object button/Hospital Readmission' is clicked on

12-07-2024T20:01:52 - [TEST_STEP][PASSED] - click(findTestObject("1. CURA Object button/Medicare")): Object: 'Object Repository/1. CURA Object button/Medicare' is clicked on

12-07-2024T20:01:52 - [MESSAGE][PASSED] - Object: 'Object Repository/1. CURA Object button/Medicare' is clicked on

12-07-2024T20:01:52 - [TEST_STEP][PASSED] - setText(findTestObject("1. CURA Object button/Visit Date"), "05/08/2024"): Text '05/08/2024' is set on object 'Object Repository/1. CURA Object button/Visit Date'

12-07-2024T20:01:53 - [MESSAGE][PASSED] - Text '05/08/2024' is set on object 'Object Repository/1. CURA Object button/Visit Date'

12-07-2024T20:01:53 - [TEST_STEP][PASSED] - setText(findTestObject("1. CURA Object button/Comment"), "I wanna reschedule to 06 August 2024"): Text 'I wanna reschedule to 06 August 2024' is set on object 'Object Repository/1. CURA Object button/Comment'

12-07-2024T20:01:54 - [MESSAGE][PASSED] - Text 'I wanna reschedule to 06 August 2024' is set on object 'Object Repository/1. CURA Object button/Comment'

12-07-2024T20:01:54 - [TEST_STEP][PASSED] - click(findTestObject("1. CURA Object button/Book Appointment")): Object: 'Object Repository/1. CURA Object button/Book Appointment' is clicked on

12-07-2024T20:01:55 - [MESSAGE][PASSED] - Object: 'Object Repository/1. CURA Object button/Book Appointment' is clicked on

12-07-2024T20:01:55 - [TEST_STEP][PASSED] - click(findTestObject("1. CURA Object button/Menu")): Object: 'Object Repository/1. CURA Object button/Menu' is clicked on

12-07-2024T20:01:55 - [MESSAGE][PASSED] - Object: 'Object Repository/1. CURA Object button/Menu' is clicked on

12-07-2024T20:01:55 - [TEST_STEP][PASSED] - click(findTestObject("1. CURA Object button/Home")): Object: 'Object Repository/1. CURA Object button/Home' is clicked on

12-07-2024T20:01:56 - [MESSAGE][PASSED] - Object: 'Object Repository/1. CURA Object button/Home' is clicked on

12-07-2024T20:01:56 - [TEST_STEP][PASSED] - click(findTestObject("1. CURA Object button/Make Appointment")): Object: 'Object Repository/1. CURA Object button/Make Appointment' is clicked on

12-07-2024T20:01:56 - [MESSAGE][PASSED] - Object: 'Object Repository/1. CURA Object button/Make Appointment' is clicked on]]></system-out>
         <system-err><![CDATA[]]></system-err>
      </testcase>
      <testcase name="Test Cases/CURA Web Test/TC24 - Tokyo appointment using StudioAssist" time="4.669" classname="Test Cases/CURA Web Test/TC24 - Tokyo appointment using StudioAssist" status="PASSED">
         <system-out><![CDATA[12-07-2024T20:01:56 - [TEST_CASE][PASSED] - Test Cases/CURA Web Test/TC24 - Tokyo appointment using StudioAssist: Test Cases/CURA Web Test/TC24 - Tokyo appointment using StudioAssist

12-07-2024T20:01:56 - [TEST_STEP][PASSED] - selectOptionByValue(findTestObject("1. CURA Object button/Facility"), "Tokyo CURA Healthcare Center", true): All options with value 'Tokyo CURA Healthcare Center' are selected in object 'Object Repository/1. CURA Object button/Facility'  using regular expression

12-07-2024T20:01:57 - [MESSAGE][PASSED] - All options with value 'Tokyo CURA Healthcare Center' are selected in object 'Object Repository/1. CURA Object button/Facility'  using regular expression

12-07-2024T20:01:57 - [TEST_STEP][PASSED] - click(findTestObject("1. CURA Object button/Medicaid")): Object: 'Object Repository/1. CURA Object button/Medicaid' is clicked on

12-07-2024T20:01:58 - [MESSAGE][PASSED] - Object: 'Object Repository/1. CURA Object button/Medicaid' is clicked on

12-07-2024T20:01:58 - [TEST_STEP][PASSED] - click(findTestObject("1. CURA Object button/Visit Date")): Object: 'Object Repository/1. CURA Object button/Visit Date' is clicked on

12-07-2024T20:01:58 - [MESSAGE][PASSED] - Object: 'Object Repository/1. CURA Object button/Visit Date' is clicked on

12-07-2024T20:01:58 - [TEST_STEP][PASSED] - setText(findTestObject("1. CURA Object button/Visit Date"), "09/09/2024"): Text '09/09/2024' is set on object 'Object Repository/1. CURA Object button/Visit Date'

12-07-2024T20:01:59 - [MESSAGE][PASSED] - Text '09/09/2024' is set on object 'Object Repository/1. CURA Object button/Visit Date'

12-07-2024T20:01:59 - [TEST_STEP][PASSED] - setText(findTestObject("1. CURA Object button/Comment"), "Meet dr. Setiadi at 09:00 AM"): Text 'Meet dr. Setiadi at 09:00 AM' is set on object 'Object Repository/1. CURA Object button/Comment'

12-07-2024T20:02:00 - [MESSAGE][PASSED] - Text 'Meet dr. Setiadi at 09:00 AM' is set on object 'Object Repository/1. CURA Object button/Comment'

12-07-2024T20:02:00 - [TEST_STEP][PASSED] - click(findTestObject("1. CURA Object button/Book Appointment")): Object: 'Object Repository/1. CURA Object button/Book Appointment' is clicked on

12-07-2024T20:02:01 - [MESSAGE][PASSED] - Object: 'Object Repository/1. CURA Object button/Book Appointment' is clicked on]]></system-out>
         <system-err><![CDATA[]]></system-err>
      </testcase>
      <system-out><![CDATA[12-07-2024T20:01:33 - [TEST_SUITE][PASSED] - TS13 - Script using StudioAssist: Test Cases/CURA Web Test/TC24 - Tokyo appointment using StudioAssist]]></system-out>
      <system-err><![CDATA[]]></system-err>
   </testsuite>
   <testsuite name="TS14 - Login and Logout using Keywords" tests="3" failures="0" errors="0" time="18.611" skipped="0" timestamp="12-07-2024T20:02:15" hostname="Lenovo - LAPTOP-7QB5JFLU" id="Test Suites/CURA Test suites/TS14 - Login and Logout using Keywords">
      <properties>
         <property name="deviceName" value=""/>
         <property name="devicePlatform"/>
         <property name="logFolder" value="C:\\Users\\Lenovo\\git\\KatalonPractitionerLevel\\Reports\\20240712_194912\\CURA Test suites\\TS14 - Login and Logout using Keywords\\20240712_194939"/>
         <property name="logFiles" value="C:\\Users\\Lenovo\\git\\KatalonPractitionerLevel\\Reports\\20240712_194912\\CURA Test suites\\TS14 - Login and Logout using Keywords\\20240712_194939\\execution0.log"/>
         <property name="attachments" value=""/>
         <property name="hostName" value="Lenovo - LAPTOP-7QB5JFLU"/>
         <property name="os" value="Windows 11 64bit"/>
         <property name="katalonVersion" value="9.6.0.217"/>
         <property name="browser" value="Chrome 126.0.0.0"/>
         <property name="hostAddress" value="192.168.1.12"/>
         <property name="sessionId" value="9d324b898a99e10ce7e393824e518646"/>
         <property name="seleniumVersion" value="3.141.59"/>
         <property name="proxyInformation" value="ProxyInformation { proxyOption=NO_PROXY, proxyServerType=HTTP, username=, password=********, proxyServerAddress=, proxyServerPort=0, executionList=&quot;&quot;, isApplyToDesiredCapabilities=true }"/>
         <property name="platform" value="Windows 11"/>
      </properties>
      <testcase name="Test Cases/CURA Web Test/TC26 - Open browser using Keywords" time="4.074" classname="Test Cases/CURA Web Test/TC26 - Open browser using Keywords" status="PASSED">
         <system-out><![CDATA[12-07-2024T20:02:15 - [TEST_CASE][PASSED] - Test Cases/CURA Web Test/TC26 - Open browser using Keywords: Test Cases/CURA Web Test/TC26 - Open browser using Keywords

12-07-2024T20:02:16 - [TEST_STEP][PASSED] - propertiesPage.openBrowser.main(): propertiesPage.openBrowser.main is PASSED

12-07-2024T20:02:16 - [MESSAGE][INFO] - Starting 'Chrome' driver

12-07-2024T20:02:16 - [MESSAGE][INFO] - Action delay is set to 0 milliseconds

12-07-2024T20:02:18 - [MESSAGE][PASSED] - Browser is opened with url: ''

12-07-2024T20:02:19 - [MESSAGE][PASSED] - Navigate to 'https://katalon-demo-cura.herokuapp.com/' successfully

12-07-2024T20:02:19 - [MESSAGE][PASSED] - propertiesPage.openBrowser.main is PASSED]]></system-out>
         <system-err><![CDATA[]]></system-err>
      </testcase>
      <testcase name="Test Cases/CURA Web Test/TC27 - Login using Keywords" time="12.438" classname="Test Cases/CURA Web Test/TC27 - Login using Keywords" status="PASSED">
         <system-out><![CDATA[12-07-2024T20:02:19 - [TEST_CASE][PASSED] - Test Cases/CURA Web Test/TC27 - Login using Keywords: Test Cases/CURA Web Test/TC27 - Login using Keywords

12-07-2024T20:02:20 - [TEST_STEP][PASSED] - propertiesPage.loginMenu.main(): propertiesPage.loginMenu.main is PASSED

12-07-2024T20:02:29 - [MESSAGE][PASSED] - Object: 'Object Repository/1. CURA Object button/Make Appointment' is clicked on

12-07-2024T20:02:29 - [MESSAGE][PASSED] - Actual text and expected text of test object 'Object Repository/2. CURA Object Text/Login Text' are matched.

12-07-2024T20:02:30 - [MESSAGE][PASSED] - Text 'John Doe' is set on object 'Object Repository/1. CURA Object button/Username'

12-07-2024T20:02:31 - [MESSAGE][PASSED] - Text 'ThisIsNotAPassword' is set on object 'Object Repository/1. CURA Object button/Password'

12-07-2024T20:02:32 - [MESSAGE][PASSED] - Object: 'Object Repository/1. CURA Object button/Login Button' is clicked on

12-07-2024T20:02:32 - [MESSAGE][PASSED] - propertiesPage.loginMenu.main is PASSED]]></system-out>
         <system-err><![CDATA[]]></system-err>
      </testcase>
      <testcase name="Test Cases/CURA Web Test/TC31- Logout using Keywords" time="1.99" classname="Test Cases/CURA Web Test/TC31- Logout using Keywords" status="PASSED">
         <system-out><![CDATA[12-07-2024T20:02:32 - [TEST_CASE][PASSED] - Test Cases/CURA Web Test/TC31- Logout using Keywords: Test Cases/CURA Web Test/TC31- Logout using Keywords

12-07-2024T20:02:32 - [TEST_STEP][PASSED] - propertiesPage.logoutMenu.main(): propertiesPage.logoutMenu.main is PASSED

12-07-2024T20:02:32 - [MESSAGE][PASSED] - Actual text and expected text of test object 'Object Repository/2. CURA Object Text/Make Appointment' are matched.

12-07-2024T20:02:33 - [MESSAGE][PASSED] - Object: 'Object Repository/1. CURA Object button/Menu' is clicked on

12-07-2024T20:02:34 - [MESSAGE][PASSED] - Object: 'Object Repository/1. CURA Object button/Logout' is clicked on

12-07-2024T20:02:34 - [MESSAGE][PASSED] - Browser is closed

12-07-2024T20:02:34 - [MESSAGE][PASSED] - propertiesPage.logoutMenu.main is PASSED]]></system-out>
         <system-err><![CDATA[]]></system-err>
      </testcase>
      <system-out><![CDATA[12-07-2024T20:02:15 - [TEST_SUITE][PASSED] - TS14 - Login and Logout using Keywords: Test Cases/CURA Web Test/TC31- Logout using Keywords]]></system-out>
      <system-err><![CDATA[]]></system-err>
   </testsuite>
   <testsuite name="TS15 - Make appointment using Keywords" tests="6" failures="0" errors="0" time="77.344" skipped="0" timestamp="12-07-2024T20:02:48" hostname="Lenovo - LAPTOP-7QB5JFLU" id="Test Suites/CURA Test suites/TS15 - Make appointment using Keywords">
      <properties>
         <property name="deviceName" value=""/>
         <property name="devicePlatform"/>
         <property name="logFolder" value="C:\\Users\\Lenovo\\git\\KatalonPractitionerLevel\\Reports\\20240712_194912\\CURA Test suites\\TS15 - Make appointment using Keywords\\20240712_194941"/>
         <property name="logFiles" value="C:\\Users\\Lenovo\\git\\KatalonPractitionerLevel\\Reports\\20240712_194912\\CURA Test suites\\TS15 - Make appointment using Keywords\\20240712_194941\\execution0.log"/>
         <property name="attachments" value=""/>
         <property name="hostName" value="Lenovo - LAPTOP-7QB5JFLU"/>
         <property name="os" value="Windows 11 64bit"/>
         <property name="katalonVersion" value="9.6.0.217"/>
         <property name="browser" value="Chrome 126.0.0.0"/>
         <property name="hostAddress" value="192.168.1.12"/>
         <property name="sessionId" value="75708162ffa5a1b53c88a196d5d3ce18"/>
         <property name="seleniumVersion" value="3.141.59"/>
         <property name="proxyInformation" value="ProxyInformation { proxyOption=NO_PROXY, proxyServerType=HTTP, username=, password=********, proxyServerAddress=, proxyServerPort=0, executionList=&quot;&quot;, isApplyToDesiredCapabilities=true }"/>
         <property name="platform" value="Windows 11"/>
      </properties>
      <testcase name="Test Cases/CURA Web Test/TC26 - Open browser using Keywords" time="6.864" classname="Test Cases/CURA Web Test/TC26 - Open browser using Keywords" status="PASSED">
         <system-out><![CDATA[12-07-2024T20:02:49 - [TEST_CASE][PASSED] - Test Cases/CURA Web Test/TC26 - Open browser using Keywords: Test Cases/CURA Web Test/TC26 - Open browser using Keywords

12-07-2024T20:02:49 - [TEST_STEP][PASSED] - propertiesPage.openBrowser.main(): propertiesPage.openBrowser.main is PASSED

12-07-2024T20:02:49 - [MESSAGE][INFO] - Starting 'Chrome' driver

12-07-2024T20:02:49 - [MESSAGE][INFO] - Action delay is set to 0 milliseconds

12-07-2024T20:02:50 - [MESSAGE][PASSED] - Browser is opened with url: ''

12-07-2024T20:02:55 - [MESSAGE][PASSED] - Navigate to 'https://katalon-demo-cura.herokuapp.com/' successfully

12-07-2024T20:02:55 - [MESSAGE][PASSED] - propertiesPage.openBrowser.main is PASSED]]></system-out>
         <system-err><![CDATA[]]></system-err>
      </testcase>
      <testcase name="Test Cases/CURA Web Test/TC27 - Login using Keywords" time="4.659" classname="Test Cases/CURA Web Test/TC27 - Login using Keywords" status="PASSED">
         <system-out><![CDATA[12-07-2024T20:02:55 - [TEST_CASE][PASSED] - Test Cases/CURA Web Test/TC27 - Login using Keywords: Test Cases/CURA Web Test/TC27 - Login using Keywords

12-07-2024T20:02:55 - [TEST_STEP][PASSED] - propertiesPage.loginMenu.main(): propertiesPage.loginMenu.main is PASSED

12-07-2024T20:02:57 - [MESSAGE][PASSED] - Object: 'Object Repository/1. CURA Object button/Make Appointment' is clicked on

12-07-2024T20:02:57 - [MESSAGE][PASSED] - Actual text and expected text of test object 'Object Repository/2. CURA Object Text/Login Text' are matched.

12-07-2024T20:02:58 - [MESSAGE][PASSED] - Text 'John Doe' is set on object 'Object Repository/1. CURA Object button/Username'

12-07-2024T20:02:59 - [MESSAGE][PASSED] - Text 'ThisIsNotAPassword' is set on object 'Object Repository/1. CURA Object button/Password'

12-07-2024T20:03:00 - [MESSAGE][PASSED] - Object: 'Object Repository/1. CURA Object button/Login Button' is clicked on

12-07-2024T20:03:00 - [MESSAGE][PASSED] - propertiesPage.loginMenu.main is PASSED]]></system-out>
         <system-err><![CDATA[]]></system-err>
      </testcase>
      <testcase name="Test Cases/CURA Web Test/TC31- Logout using Keywords" time="1.767" classname="Test Cases/CURA Web Test/TC31- Logout using Keywords" status="PASSED">
         <system-out><![CDATA[12-07-2024T20:03:00 - [TEST_CASE][PASSED] - Test Cases/CURA Web Test/TC31- Logout using Keywords: Test Cases/CURA Web Test/TC31- Logout using Keywords

12-07-2024T20:03:00 - [TEST_STEP][PASSED] - propertiesPage.logoutMenu.main(): propertiesPage.logoutMenu.main is PASSED

12-07-2024T20:03:00 - [MESSAGE][PASSED] - Actual text and expected text of test object 'Object Repository/2. CURA Object Text/Make Appointment' are matched.

12-07-2024T20:03:01 - [MESSAGE][PASSED] - Object: 'Object Repository/1. CURA Object button/Menu' is clicked on

12-07-2024T20:03:02 - [MESSAGE][PASSED] - Object: 'Object Repository/1. CURA Object button/Logout' is clicked on

12-07-2024T20:03:02 - [MESSAGE][PASSED] - Browser is closed

12-07-2024T20:03:02 - [MESSAGE][PASSED] - propertiesPage.logoutMenu.main is PASSED]]></system-out>
         <system-err><![CDATA[]]></system-err>
      </testcase>
      <testcase name="Test Cases/CURA Web Test/TC28 - Seoul Appointment using Keywords" time="14.454" classname="Test Cases/CURA Web Test/TC28 - Seoul Appointment using Keywords" status="PASSED">
         <system-out><![CDATA[12-07-2024T20:03:02 - [TEST_CASE][PASSED] - Test Cases/CURA Web Test/TC28 - Seoul Appointment using Keywords: Test Cases/CURA Web Test/TC28 - Seoul Appointment using Keywords

12-07-2024T20:03:02 - [TEST_STEP][PASSED] - propertiesPage.openBrowser.main(): propertiesPage.openBrowser.main is PASSED

12-07-2024T20:03:02 - [MESSAGE][INFO] - Starting 'Chrome' driver

12-07-2024T20:03:02 - [MESSAGE][INFO] - Action delay is set to 0 milliseconds

12-07-2024T20:03:03 - [MESSAGE][PASSED] - Browser is opened with url: ''

12-07-2024T20:03:06 - [MESSAGE][PASSED] - Navigate to 'https://katalon-demo-cura.herokuapp.com/' successfully

12-07-2024T20:03:06 - [MESSAGE][PASSED] - propertiesPage.openBrowser.main is PASSED

12-07-2024T20:03:06 - [TEST_STEP][PASSED] - propertiesPage.loginMenu.main(): propertiesPage.loginMenu.main is PASSED

12-07-2024T20:03:07 - [MESSAGE][PASSED] - Object: 'Object Repository/1. CURA Object button/Make Appointment' is clicked on

12-07-2024T20:03:07 - [MESSAGE][PASSED] - Actual text and expected text of test object 'Object Repository/2. CURA Object Text/Login Text' are matched.

12-07-2024T20:03:08 - [MESSAGE][PASSED] - Text 'John Doe' is set on object 'Object Repository/1. CURA Object button/Username'

12-07-2024T20:03:09 - [MESSAGE][PASSED] - Text 'ThisIsNotAPassword' is set on object 'Object Repository/1. CURA Object button/Password'

12-07-2024T20:03:10 - [MESSAGE][PASSED] - Object: 'Object Repository/1. CURA Object button/Login Button' is clicked on

12-07-2024T20:03:10 - [MESSAGE][PASSED] - propertiesPage.loginMenu.main is PASSED

12-07-2024T20:03:10 - [TEST_STEP][PASSED] - appointmentPage.facilitySeoul.menu(): appointmentPage.facilitySeoul.menu is PASSED

12-07-2024T20:03:11 - [MESSAGE][PASSED] - All options with value 'Seoul CURA Healthcare Center' are selected in object 'Object Repository/1. CURA Object button/Facility'  using regular expression

12-07-2024T20:03:11 - [MESSAGE][PASSED] - appointmentPage.facilitySeoul.menu is PASSED

12-07-2024T20:03:11 - [TEST_STEP][PASSED] - click(findTestObject("1. CURA Object button/Hospital Readmission")): Object: 'Object Repository/1. CURA Object button/Hospital Readmission' is clicked on

12-07-2024T20:03:12 - [MESSAGE][PASSED] - Object: 'Object Repository/1. CURA Object button/Hospital Readmission' is clicked on

12-07-2024T20:03:12 - [TEST_STEP][PASSED] - healthcareProgram.medicaidProgram.main(): healthcareProgram.medicaidProgram.main is PASSED

12-07-2024T20:03:12 - [MESSAGE][PASSED] - Object: 'Object Repository/1. CURA Object button/Medicaid' is clicked on

12-07-2024T20:03:12 - [MESSAGE][PASSED] - healthcareProgram.medicaidProgram.main is PASSED

12-07-2024T20:03:12 - [TEST_STEP][PASSED] - setText(findTestObject("1. CURA Object button/Visit Date"), "03/08/2024"): Text '03/08/2024' is set on object 'Object Repository/1. CURA Object button/Visit Date'

12-07-2024T20:03:13 - [MESSAGE][PASSED] - Text '03/08/2024' is set on object 'Object Repository/1. CURA Object button/Visit Date'

12-07-2024T20:03:13 - [TEST_STEP][PASSED] - setText(findTestObject("1. CURA Object button/Comment"), "I wanna meet dr. Andira"): Text 'I wanna meet dr. Andira' is set on object 'Object Repository/1. CURA Object button/Comment'

12-07-2024T20:03:14 - [MESSAGE][PASSED] - Text 'I wanna meet dr. Andira' is set on object 'Object Repository/1. CURA Object button/Comment'

12-07-2024T20:03:14 - [TEST_STEP][PASSED] - click(findTestObject("1. CURA Object button/Book Appointment")): Object: 'Object Repository/1. CURA Object button/Book Appointment' is clicked on

12-07-2024T20:03:14 - [MESSAGE][PASSED] - Object: 'Object Repository/1. CURA Object button/Book Appointment' is clicked on

12-07-2024T20:03:14 - [TEST_STEP][PASSED] - propertiesPage.logoutMenu.main(): propertiesPage.logoutMenu.main is PASSED

12-07-2024T20:03:15 - [MESSAGE][PASSED] - Actual text and expected text of test object 'Object Repository/2. CURA Object Text/Make Appointment' are matched.

12-07-2024T20:03:15 - [MESSAGE][PASSED] - Object: 'Object Repository/1. CURA Object button/Menu' is clicked on

12-07-2024T20:03:16 - [MESSAGE][PASSED] - Object: 'Object Repository/1. CURA Object button/Logout' is clicked on

12-07-2024T20:03:16 - [MESSAGE][PASSED] - Browser is closed

12-07-2024T20:03:16 - [MESSAGE][PASSED] - propertiesPage.logoutMenu.main is PASSED]]></system-out>
         <system-err><![CDATA[]]></system-err>
      </testcase>
      <testcase name="Test Cases/CURA Web Test/TC29 - Hongkong appointment using Keywords" time="19.067" classname="Test Cases/CURA Web Test/TC29 - Hongkong appointment using Keywords" status="PASSED">
         <system-out><![CDATA[12-07-2024T20:03:16 - [TEST_CASE][PASSED] - Test Cases/CURA Web Test/TC29 - Hongkong appointment using Keywords: Test Cases/CURA Web Test/TC29 - Hongkong appointment using Keywords

12-07-2024T20:03:16 - [TEST_STEP][PASSED] - propertiesPage.openBrowser.main(): propertiesPage.openBrowser.main is PASSED

12-07-2024T20:03:16 - [MESSAGE][INFO] - Starting 'Chrome' driver

12-07-2024T20:03:16 - [MESSAGE][INFO] - Action delay is set to 0 milliseconds

12-07-2024T20:03:17 - [MESSAGE][PASSED] - Browser is opened with url: ''

12-07-2024T20:03:25 - [MESSAGE][PASSED] - Navigate to 'https://katalon-demo-cura.herokuapp.com/' successfully

12-07-2024T20:03:25 - [MESSAGE][PASSED] - propertiesPage.openBrowser.main is PASSED

12-07-2024T20:03:25 - [TEST_STEP][PASSED] - propertiesPage.loginMenu.main(): propertiesPage.loginMenu.main is PASSED

12-07-2024T20:03:26 - [MESSAGE][PASSED] - Object: 'Object Repository/1. CURA Object button/Make Appointment' is clicked on

12-07-2024T20:03:27 - [MESSAGE][PASSED] - Actual text and expected text of test object 'Object Repository/2. CURA Object Text/Login Text' are matched.

12-07-2024T20:03:28 - [MESSAGE][PASSED] - Text 'John Doe' is set on object 'Object Repository/1. CURA Object button/Username'

12-07-2024T20:03:28 - [MESSAGE][PASSED] - Text 'ThisIsNotAPassword' is set on object 'Object Repository/1. CURA Object button/Password'

12-07-2024T20:03:29 - [MESSAGE][PASSED] - Object: 'Object Repository/1. CURA Object button/Login Button' is clicked on

12-07-2024T20:03:29 - [MESSAGE][PASSED] - propertiesPage.loginMenu.main is PASSED

12-07-2024T20:03:29 - [TEST_STEP][PASSED] - appointmentPage.facilityHongkong.main(): appointmentPage.facilityHongkong.main is PASSED

12-07-2024T20:03:31 - [MESSAGE][PASSED] - All options with value 'Hongkong CURA Healthcare Center' are selected in object 'Object Repository/1. CURA Object button/Facility'  using regular expression

12-07-2024T20:03:31 - [MESSAGE][PASSED] - appointmentPage.facilityHongkong.main is PASSED

12-07-2024T20:03:31 - [TEST_STEP][PASSED] - healthcareProgram.medicareProgram.main(): healthcareProgram.medicareProgram.main is PASSED

12-07-2024T20:03:31 - [MESSAGE][PASSED] - Object: 'Object Repository/1. CURA Object button/Medicare' is clicked on

12-07-2024T20:03:31 - [MESSAGE][PASSED] - healthcareProgram.medicareProgram.main is PASSED

12-07-2024T20:03:31 - [TEST_STEP][PASSED] - setText(findTestObject("1. CURA Object button/Visit Date"), "04/09/2024"): Text '04/09/2024' is set on object 'Object Repository/1. CURA Object button/Visit Date'

12-07-2024T20:03:32 - [MESSAGE][PASSED] - Text '04/09/2024' is set on object 'Object Repository/1. CURA Object button/Visit Date'

12-07-2024T20:03:32 - [TEST_STEP][PASSED] - setText(findTestObject("1. CURA Object button/Comment"), "I wanna reschedule my appointment to 05/09/2024"): Text 'I wanna reschedule my appointment to 05/09/2024' is set on object 'Object Repository/1. CURA Object button/Comment'

12-07-2024T20:03:33 - [MESSAGE][PASSED] - Text 'I wanna reschedule my appointment to 05/09/2024' is set on object 'Object Repository/1. CURA Object button/Comment'

12-07-2024T20:03:33 - [TEST_STEP][PASSED] - click(findTestObject("1. CURA Object button/Book Appointment")): Object: 'Object Repository/1. CURA Object button/Book Appointment' is clicked on

12-07-2024T20:03:33 - [MESSAGE][PASSED] - Object: 'Object Repository/1. CURA Object button/Book Appointment' is clicked on

12-07-2024T20:03:33 - [TEST_STEP][PASSED] - propertiesPage.logoutMenu.main(): propertiesPage.logoutMenu.main is PASSED

12-07-2024T20:03:34 - [MESSAGE][PASSED] - Actual text and expected text of test object 'Object Repository/2. CURA Object Text/Make Appointment' are matched.

12-07-2024T20:03:34 - [MESSAGE][PASSED] - Object: 'Object Repository/1. CURA Object button/Menu' is clicked on

12-07-2024T20:03:35 - [MESSAGE][PASSED] - Object: 'Object Repository/1. CURA Object button/Logout' is clicked on

12-07-2024T20:03:35 - [MESSAGE][PASSED] - Browser is closed

12-07-2024T20:03:35 - [MESSAGE][PASSED] - propertiesPage.logoutMenu.main is PASSED]]></system-out>
         <system-err><![CDATA[]]></system-err>
      </testcase>
      <testcase name="Test Cases/CURA Web Test/TC30 - Tokyo appointment using Keywords" time="18.948" classname="Test Cases/CURA Web Test/TC30 - Tokyo appointment using Keywords" status="PASSED">
         <system-out><![CDATA[12-07-2024T20:03:47 - [TEST_CASE][PASSED] - Test Cases/CURA Web Test/TC30 - Tokyo appointment using Keywords: Test Cases/CURA Web Test/TC30 - Tokyo appointment using Keywords

12-07-2024T20:03:47 - [TEST_STEP][PASSED] - propertiesPage.openBrowser.main(): propertiesPage.openBrowser.main is PASSED

12-07-2024T20:03:47 - [MESSAGE][WARNING] - A browser is already opened. Closing browser and opening a new one

12-07-2024T20:03:47 - [MESSAGE][INFO] - Starting 'Chrome' driver

12-07-2024T20:03:47 - [MESSAGE][INFO] - Action delay is set to 0 milliseconds

12-07-2024T20:03:49 - [MESSAGE][PASSED] - Browser is opened with url: ''

12-07-2024T20:03:56 - [MESSAGE][PASSED] - Navigate to 'https://katalon-demo-cura.herokuapp.com/' successfully

12-07-2024T20:03:56 - [MESSAGE][PASSED] - propertiesPage.openBrowser.main is PASSED

12-07-2024T20:03:56 - [TEST_STEP][PASSED] - propertiesPage.loginMenu.main(): propertiesPage.loginMenu.main is PASSED

12-07-2024T20:03:57 - [MESSAGE][PASSED] - Object: 'Object Repository/1. CURA Object button/Make Appointment' is clicked on

12-07-2024T20:03:57 - [MESSAGE][PASSED] - Actual text and expected text of test object 'Object Repository/2. CURA Object Text/Login Text' are matched.

12-07-2024T20:03:58 - [MESSAGE][PASSED] - Text 'John Doe' is set on object 'Object Repository/1. CURA Object button/Username'

12-07-2024T20:03:59 - [MESSAGE][PASSED] - Text 'ThisIsNotAPassword' is set on object 'Object Repository/1. CURA Object button/Password'

12-07-2024T20:04:00 - [MESSAGE][PASSED] - Object: 'Object Repository/1. CURA Object button/Login Button' is clicked on

12-07-2024T20:04:00 - [MESSAGE][PASSED] - propertiesPage.loginMenu.main is PASSED

12-07-2024T20:04:00 - [TEST_STEP][PASSED] - appointmentPage.facilityTokyo.main(): appointmentPage.facilityTokyo.main is PASSED

12-07-2024T20:04:01 - [MESSAGE][PASSED] - All options with value 'Tokyo CURA Healthcare Center' are selected in object 'Object Repository/1. CURA Object button/Facility'  using regular expression

12-07-2024T20:04:01 - [MESSAGE][PASSED] - appointmentPage.facilityTokyo.main is PASSED

12-07-2024T20:04:01 - [TEST_STEP][PASSED] - click(findTestObject("1. CURA Object button/Hospital Readmission")): Object: 'Object Repository/1. CURA Object button/Hospital Readmission' is clicked on

12-07-2024T20:04:02 - [MESSAGE][PASSED] - Object: 'Object Repository/1. CURA Object button/Hospital Readmission' is clicked on

12-07-2024T20:04:02 - [TEST_STEP][PASSED] - healthcareProgram.noneProgram.main(): healthcareProgram.noneProgram.main is PASSED

12-07-2024T20:04:02 - [MESSAGE][PASSED] - Object: 'Object Repository/1. CURA Object button/None' is clicked on

12-07-2024T20:04:02 - [MESSAGE][PASSED] - healthcareProgram.noneProgram.main is PASSED

12-07-2024T20:04:02 - [TEST_STEP][PASSED] - setText(findTestObject("1. CURA Object button/Visit Date"), "03/07/2024"): Text '03/07/2024' is set on object 'Object Repository/1. CURA Object button/Visit Date'

12-07-2024T20:04:03 - [MESSAGE][PASSED] - Text '03/07/2024' is set on object 'Object Repository/1. CURA Object button/Visit Date'

12-07-2024T20:04:03 - [TEST_STEP][PASSED] - click(findTestObject("1. CURA Object button/Book Appointment")): Object: 'Object Repository/1. CURA Object button/Book Appointment' is clicked on

12-07-2024T20:04:04 - [MESSAGE][PASSED] - Object: 'Object Repository/1. CURA Object button/Book Appointment' is clicked on

12-07-2024T20:04:04 - [TEST_STEP][PASSED] - propertiesPage.logoutMenu.main(): propertiesPage.logoutMenu.main is PASSED

12-07-2024T20:04:04 - [MESSAGE][PASSED] - Actual text and expected text of test object 'Object Repository/2. CURA Object Text/Make Appointment' are matched.

12-07-2024T20:04:05 - [MESSAGE][PASSED] - Object: 'Object Repository/1. CURA Object button/Menu' is clicked on

12-07-2024T20:04:06 - [MESSAGE][PASSED] - Object: 'Object Repository/1. CURA Object button/Logout' is clicked on

12-07-2024T20:04:06 - [MESSAGE][PASSED] - Browser is closed

12-07-2024T20:04:06 - [MESSAGE][PASSED] - propertiesPage.logoutMenu.main is PASSED]]></system-out>
         <system-err><![CDATA[]]></system-err>
      </testcase>
      <system-out><![CDATA[12-07-2024T20:02:48 - [TEST_SUITE][FAILED] - TS15 - Make appointment using Keywords: Test Cases/CURA Web Test/TC30 - Tokyo appointment using Keywords FAILED.
Reason:
com.kms.katalon.core.exception.StepFailedException: Verify element text of test object 'Object Repository/2. CURA Object Text/Login Text' FAILED.
	at com.kms.katalon.core.webui.keyword.internal.WebUIKeywordMain.stepFailed(WebUIKeywordMain.groovy:64)
	at com.kms.katalon.core.webui.keyword.internal.WebUIKeywordMain.runKeyword(WebUIKeywordMain.groovy:26)
	at com.kms.katalon.core.webui.keyword.builtin.VerifyElementTextKeyword.verifyElementText(VerifyElementTextKeyword.groovy:72)
	at com.kms.katalon.core.webui.keyword.builtin.VerifyElementTextKeyword.execute(VerifyElementTextKeyword.groovy:40)
	at com.kms.katalon.core.keyword.internal.KeywordExecutor.executeKeywordForPlatform(KeywordExecutor.groovy:74)
	at com.kms.katalon.core.webui.keyword.WebUiBuiltInKeywords.verifyElementText(WebUiBuiltInKeywords.groovy:4835)
	at propertiesPage.loginMenu.main(loginMenu.groovy:27)
	at java.base/jdk.internal.reflect.NativeMethodAccessorImpl.invoke0(Native Method)
	at java.base/jdk.internal.reflect.NativeMethodAccessorImpl.invoke(NativeMethodAccessorImpl.java:77)
	at java.base/jdk.internal.reflect.DelegatingMethodAccessorImpl.invoke(DelegatingMethodAccessorImpl.java:43)
	at com.kms.katalon.core.main.CustomKeywordDelegatingMetaClass.invokeStaticMethod(CustomKeywordDelegatingMetaClass.java:55)
	at TC30 - Tokyo appointment using Keywords.run(TC30 - Tokyo appointment using Keywords:22)
	at com.kms.katalon.core.main.ScriptEngine.run(ScriptEngine.java:194)
	at com.kms.katalon.core.main.ScriptEngine.runScriptAsRawText(ScriptEngine.java:119)
	at com.kms.katalon.core.main.TestCaseExecutor.runScript(TestCaseExecutor.java:448)
	at com.kms.katalon.core.main.TestCaseExecutor.doExecute(TestCaseExecutor.java:439)
	at com.kms.katalon.core.main.TestCaseExecutor.processExecutionPhase(TestCaseExecutor.java:418)
	at com.kms.katalon.core.main.TestCaseExecutor.accessMainPhase(TestCaseExecutor.java:410)
	at com.kms.katalon.core.main.TestCaseExecutor.execute(TestCaseExecutor.java:285)
	at com.kms.katalon.core.common.CommonExecutor.accessTestCaseMainPhase(CommonExecutor.java:65)
	at com.kms.katalon.core.main.TestSuiteExecutor.accessTestSuiteMainPhase(TestSuiteExecutor.java:150)
	at com.kms.katalon.core.main.TestSuiteExecutor.execute(TestSuiteExecutor.java:106)
	at com.kms.katalon.core.main.TestCaseMain.startTestSuite(TestCaseMain.java:180)
	at TempTestSuite1720788581820.run(TempTestSuite1720788581820.groovy:35)
	at java.base/jdk.internal.reflect.NativeMethodAccessorImpl.invoke0(Native Method)
	at java.base/jdk.internal.reflect.NativeMethodAccessorImpl.invoke(NativeMethodAccessorImpl.java:77)
	at java.base/jdk.internal.reflect.DelegatingMethodAccessorImpl.invoke(DelegatingMethodAccessorImpl.java:43)
Caused by: org.openqa.selenium.WebDriverException: disconnected: not connected to DevTools
  (failed to check if window was closed: disconnected: not connected to DevTools)
  (Session info: chrome=126.0.6478.127)
Build info: version: '3.141.59', revision: 'unknown', time: 'unknown'
System info: host: 'LAPTOP-7QB5JFLU', ip: '192.168.1.12', os.name: 'Windows 11', os.arch: 'amd64', os.version: '10.0', java.version: '17.0.7'
Driver info: com.kms.katalon.selenium.driver.CChromeDriver
Capabilities {acceptInsecureCerts: false, browserName: chrome, browserVersion: 126.0.6478.127, chrome: {chromedriverVersion: 126.0.6478.126 (d36ace6122e..., userDataDir: C:\Users\Lenovo\AppData\Loc...}, fedcm:accounts: true, goog:chromeOptions: {debuggerAddress: localhost:57765}, javascriptEnabled: true, networkConnectionEnabled: false, pageLoadStrategy: normal, platform: WINDOWS, platformName: WINDOWS, proxy: Proxy(), setWindowRect: true, strictFileInteractability: false, timeouts: {implicit: 0, pageLoad: 300000, script: 30000}, unhandledPromptBehavior: dismiss and notify, webauthn:extension:credBlob: true, webauthn:extension:largeBlob: true, webauthn:extension:minPinLength: true, webauthn:extension:prf: true, webauthn:virtualAuthenticators: true}
Session ID: 815fbabc24d85dfe2e6b3a5683054503
*** Element info: {Using=css selector, value=h2}
	at java.base/jdk.internal.reflect.NativeConstructorAccessorImpl.newInstance0(Native Method)
	at java.base/jdk.internal.reflect.NativeConstructorAccessorImpl.newInstance(NativeConstructorAccessorImpl.java:77)
	at java.base/jdk.internal.reflect.DelegatingConstructorAccessorImpl.newInstance(DelegatingConstructorAccessorImpl.java:45)
	at org.openqa.selenium.remote.http.W3CHttpResponseCodec.createException(W3CHttpResponseCodec.java:187)
	at org.openqa.selenium.remote.http.W3CHttpResponseCodec.decode(W3CHttpResponseCodec.java:122)
	at org.openqa.selenium.remote.http.W3CHttpResponseCodec.decode(W3CHttpResponseCodec.java:49)
	at org.openqa.selenium.remote.HttpCommandExecutor.execute(HttpCommandExecutor.java:158)
	at org.openqa.selenium.remote.service.DriverCommandExecutor.execute(DriverCommandExecutor.java:83)
	at org.openqa.selenium.remote.RemoteWebDriver.execute(RemoteWebDriver.java:552)
	at com.kms.katalon.selenium.driver.CChromeDriver.execute(CChromeDriver.java:19)
	at org.openqa.selenium.remote.RemoteWebDriver.findElements(RemoteWebDriver.java:353)
	at org.openqa.selenium.remote.RemoteWebDriver.findElementsByCssSelector(RemoteWebDriver.java:424)
	at org.openqa.selenium.By$ByCssSelector.findElements(By.java:441)
	at org.openqa.selenium.remote.RemoteWebDriver.findElements(RemoteWebDriver.java:311)
	at jdk.internal.reflect.GeneratedMethodAccessor8.invoke(Unknown Source)
	at java.base/jdk.internal.reflect.DelegatingMethodAccessorImpl.invoke(DelegatingMethodAccessorImpl.java:43)
	at org.openqa.selenium.support.events.EventFiringWebDriver.lambda$new$1(EventFiringWebDriver.java:105)
	at jdk.proxy2/jdk.proxy2.$Proxy23.findElements(Unknown Source)
	at org.openqa.selenium.support.events.EventFiringWebDriver.findElements(EventFiringWebDriver.java:182)
	at com.kms.katalon.core.webui.common.WebUiCommonHelper.findElementByNormalMethods(WebUiCommonHelper.java:1036)
	at com.kms.katalon.core.webui.common.WebUiCommonHelper.findElementsBySelectedMethod(WebUiCommonHelper.java:917)
	at com.kms.katalon.core.webui.common.WebUiCommonHelper.findElementsBySelectedMethod(WebUiCommonHelper.java:902)
	at com.kms.katalon.core.webui.common.WebUiCommonHelper.findElementsBySelectedMethod(WebUiCommonHelper.java:897)
	at com.kms.katalon.core.webui.common.WebUiCommonHelper.findElementsByDefault(WebUiCommonHelper.java:893)
	at com.kms.katalon.core.webui.common.WebUiCommonHelper.findElementsWithSelfHealing(WebUiCommonHelper.java:739)
	at com.kms.katalon.core.webui.common.WebUiCommonHelper.findWebElements(WebUiCommonHelper.java:723)
	at com.kms.katalon.core.webui.common.WebUiCommonHelper.findWebElement(WebUiCommonHelper.java:1416)
	at com.kms.katalon.core.webui.keyword.internal.WebUIAbstractKeyword.findWebElement(WebUIAbstractKeyword.groovy:27)
	at com.kms.katalon.core.webui.keyword.builtin.VerifyElementTextKeyword$_verifyElementText_closure1.doCall(VerifyElementTextKeyword.groovy:52)
	at com.kms.katalon.core.webui.keyword.builtin.VerifyElementTextKeyword$_verifyElementText_closure1.call(VerifyElementTextKeyword.groovy)
	at com.kms.katalon.core.webui.keyword.internal.WebUIKeywordMain.runKeyword(WebUIKeywordMain.groovy:20)
	... 25 more]]></system-out>
      <system-err><![CDATA[12-07-2024T20:02:48 - [TEST_SUITE][FAILED] - TS15 - Make appointment using Keywords: Test Cases/CURA Web Test/TC30 - Tokyo appointment using Keywords FAILED.
Reason:
com.kms.katalon.core.exception.StepFailedException: Verify element text of test object 'Object Repository/2. CURA Object Text/Login Text' FAILED.
	at com.kms.katalon.core.webui.keyword.internal.WebUIKeywordMain.stepFailed(WebUIKeywordMain.groovy:64)
	at com.kms.katalon.core.webui.keyword.internal.WebUIKeywordMain.runKeyword(WebUIKeywordMain.groovy:26)
	at com.kms.katalon.core.webui.keyword.builtin.VerifyElementTextKeyword.verifyElementText(VerifyElementTextKeyword.groovy:72)
	at com.kms.katalon.core.webui.keyword.builtin.VerifyElementTextKeyword.execute(VerifyElementTextKeyword.groovy:40)
	at com.kms.katalon.core.keyword.internal.KeywordExecutor.executeKeywordForPlatform(KeywordExecutor.groovy:74)
	at com.kms.katalon.core.webui.keyword.WebUiBuiltInKeywords.verifyElementText(WebUiBuiltInKeywords.groovy:4835)
	at propertiesPage.loginMenu.main(loginMenu.groovy:27)
	at java.base/jdk.internal.reflect.NativeMethodAccessorImpl.invoke0(Native Method)
	at java.base/jdk.internal.reflect.NativeMethodAccessorImpl.invoke(NativeMethodAccessorImpl.java:77)
	at java.base/jdk.internal.reflect.DelegatingMethodAccessorImpl.invoke(DelegatingMethodAccessorImpl.java:43)
	at com.kms.katalon.core.main.CustomKeywordDelegatingMetaClass.invokeStaticMethod(CustomKeywordDelegatingMetaClass.java:55)
	at TC30 - Tokyo appointment using Keywords.run(TC30 - Tokyo appointment using Keywords:22)
	at com.kms.katalon.core.main.ScriptEngine.run(ScriptEngine.java:194)
	at com.kms.katalon.core.main.ScriptEngine.runScriptAsRawText(ScriptEngine.java:119)
	at com.kms.katalon.core.main.TestCaseExecutor.runScript(TestCaseExecutor.java:448)
	at com.kms.katalon.core.main.TestCaseExecutor.doExecute(TestCaseExecutor.java:439)
	at com.kms.katalon.core.main.TestCaseExecutor.processExecutionPhase(TestCaseExecutor.java:418)
	at com.kms.katalon.core.main.TestCaseExecutor.accessMainPhase(TestCaseExecutor.java:410)
	at com.kms.katalon.core.main.TestCaseExecutor.execute(TestCaseExecutor.java:285)
	at com.kms.katalon.core.common.CommonExecutor.accessTestCaseMainPhase(CommonExecutor.java:65)
	at com.kms.katalon.core.main.TestSuiteExecutor.accessTestSuiteMainPhase(TestSuiteExecutor.java:150)
	at com.kms.katalon.core.main.TestSuiteExecutor.execute(TestSuiteExecutor.java:106)
	at com.kms.katalon.core.main.TestCaseMain.startTestSuite(TestCaseMain.java:180)
	at TempTestSuite1720788581820.run(TempTestSuite1720788581820.groovy:35)
	at java.base/jdk.internal.reflect.NativeMethodAccessorImpl.invoke0(Native Method)
	at java.base/jdk.internal.reflect.NativeMethodAccessorImpl.invoke(NativeMethodAccessorImpl.java:77)
	at java.base/jdk.internal.reflect.DelegatingMethodAccessorImpl.invoke(DelegatingMethodAccessorImpl.java:43)
Caused by: org.openqa.selenium.WebDriverException: disconnected: not connected to DevTools
  (failed to check if window was closed: disconnected: not connected to DevTools)
  (Session info: chrome=126.0.6478.127)
Build info: version: '3.141.59', revision: 'unknown', time: 'unknown'
System info: host: 'LAPTOP-7QB5JFLU', ip: '192.168.1.12', os.name: 'Windows 11', os.arch: 'amd64', os.version: '10.0', java.version: '17.0.7'
Driver info: com.kms.katalon.selenium.driver.CChromeDriver
Capabilities {acceptInsecureCerts: false, browserName: chrome, browserVersion: 126.0.6478.127, chrome: {chromedriverVersion: 126.0.6478.126 (d36ace6122e..., userDataDir: C:\Users\Lenovo\AppData\Loc...}, fedcm:accounts: true, goog:chromeOptions: {debuggerAddress: localhost:57765}, javascriptEnabled: true, networkConnectionEnabled: false, pageLoadStrategy: normal, platform: WINDOWS, platformName: WINDOWS, proxy: Proxy(), setWindowRect: true, strictFileInteractability: false, timeouts: {implicit: 0, pageLoad: 300000, script: 30000}, unhandledPromptBehavior: dismiss and notify, webauthn:extension:credBlob: true, webauthn:extension:largeBlob: true, webauthn:extension:minPinLength: true, webauthn:extension:prf: true, webauthn:virtualAuthenticators: true}
Session ID: 815fbabc24d85dfe2e6b3a5683054503
*** Element info: {Using=css selector, value=h2}
	at java.base/jdk.internal.reflect.NativeConstructorAccessorImpl.newInstance0(Native Method)
	at java.base/jdk.internal.reflect.NativeConstructorAccessorImpl.newInstance(NativeConstructorAccessorImpl.java:77)
	at java.base/jdk.internal.reflect.DelegatingConstructorAccessorImpl.newInstance(DelegatingConstructorAccessorImpl.java:45)
	at org.openqa.selenium.remote.http.W3CHttpResponseCodec.createException(W3CHttpResponseCodec.java:187)
	at org.openqa.selenium.remote.http.W3CHttpResponseCodec.decode(W3CHttpResponseCodec.java:122)
	at org.openqa.selenium.remote.http.W3CHttpResponseCodec.decode(W3CHttpResponseCodec.java:49)
	at org.openqa.selenium.remote.HttpCommandExecutor.execute(HttpCommandExecutor.java:158)
	at org.openqa.selenium.remote.service.DriverCommandExecutor.execute(DriverCommandExecutor.java:83)
	at org.openqa.selenium.remote.RemoteWebDriver.execute(RemoteWebDriver.java:552)
	at com.kms.katalon.selenium.driver.CChromeDriver.execute(CChromeDriver.java:19)
	at org.openqa.selenium.remote.RemoteWebDriver.findElements(RemoteWebDriver.java:353)
	at org.openqa.selenium.remote.RemoteWebDriver.findElementsByCssSelector(RemoteWebDriver.java:424)
	at org.openqa.selenium.By$ByCssSelector.findElements(By.java:441)
	at org.openqa.selenium.remote.RemoteWebDriver.findElements(RemoteWebDriver.java:311)
	at jdk.internal.reflect.GeneratedMethodAccessor8.invoke(Unknown Source)
	at java.base/jdk.internal.reflect.DelegatingMethodAccessorImpl.invoke(DelegatingMethodAccessorImpl.java:43)
	at org.openqa.selenium.support.events.EventFiringWebDriver.lambda$new$1(EventFiringWebDriver.java:105)
	at jdk.proxy2/jdk.proxy2.$Proxy23.findElements(Unknown Source)
	at org.openqa.selenium.support.events.EventFiringWebDriver.findElements(EventFiringWebDriver.java:182)
	at com.kms.katalon.core.webui.common.WebUiCommonHelper.findElementByNormalMethods(WebUiCommonHelper.java:1036)
	at com.kms.katalon.core.webui.common.WebUiCommonHelper.findElementsBySelectedMethod(WebUiCommonHelper.java:917)
	at com.kms.katalon.core.webui.common.WebUiCommonHelper.findElementsBySelectedMethod(WebUiCommonHelper.java:902)
	at com.kms.katalon.core.webui.common.WebUiCommonHelper.findElementsBySelectedMethod(WebUiCommonHelper.java:897)
	at com.kms.katalon.core.webui.common.WebUiCommonHelper.findElementsByDefault(WebUiCommonHelper.java:893)
	at com.kms.katalon.core.webui.common.WebUiCommonHelper.findElementsWithSelfHealing(WebUiCommonHelper.java:739)
	at com.kms.katalon.core.webui.common.WebUiCommonHelper.findWebElements(WebUiCommonHelper.java:723)
	at com.kms.katalon.core.webui.common.WebUiCommonHelper.findWebElement(WebUiCommonHelper.java:1416)
	at com.kms.katalon.core.webui.keyword.internal.WebUIAbstractKeyword.findWebElement(WebUIAbstractKeyword.groovy:27)
	at com.kms.katalon.core.webui.keyword.builtin.VerifyElementTextKeyword$_verifyElementText_closure1.doCall(VerifyElementTextKeyword.groovy:52)
	at com.kms.katalon.core.webui.keyword.builtin.VerifyElementTextKeyword$_verifyElementText_closure1.call(VerifyElementTextKeyword.groovy)
	at com.kms.katalon.core.webui.keyword.internal.WebUIKeywordMain.runKeyword(WebUIKeywordMain.groovy:20)
	... 25 more]]></system-err>
   </testsuite>
</testsuites>
