<?xml version="1.0" encoding="UTF-8"?>
<testsuites name="TS02 - Appointment check" time="66.258" tests="4" failures="0" errors="0">
   <testsuite name="TS02 - Appointment check" tests="4" failures="0" errors="0" time="66.258" skipped="0" timestamp="27-06-2024T14:51:42" hostname="Lenovo - LAPTOP-7QB5JFLU" id="Test Suites/TS02 - Appointment check">
      <properties>
         <property name="deviceName" value=""/>
         <property name="devicePlatform"/>
         <property name="logFolder" value="C:\\Users\\Lenovo\\git\\KatalonPractitionerLevel\\Reports\\20240627_145137\\TS02 - Appointment check\\20240627_145137"/>
         <property name="logFiles" value="C:\\Users\\Lenovo\\git\\KatalonPractitionerLevel\\Reports\\20240627_145137\\TS02 - Appointment check\\20240627_145137\\execution0.log"/>
         <property name="attachments" value=""/>
         <property name="hostName" value="Lenovo - LAPTOP-7QB5JFLU"/>
         <property name="os" value="Windows 11 64bit"/>
         <property name="katalonVersion" value="9.6.0.217"/>
         <property name="browser" value="Chrome 126.0.0.0"/>
         <property name="hostAddress" value="192.168.1.12"/>
         <property name="sessionId" value="f9080dc4a40891f0bbc7996fb25fedee"/>
         <property name="seleniumVersion" value="3.141.59"/>
         <property name="proxyInformation" value="ProxyInformation { proxyOption=NO_PROXY, proxyServerType=HTTP, username=, password=********, proxyServerAddress=, proxyServerPort=0, executionList=&quot;&quot;, isApplyToDesiredCapabilities=true }"/>
         <property name="platform" value="Windows 11"/>
      </properties>
      <testcase name="Test Cases/TC01 - Verify Home Page of CURA" time="10.605" classname="Test Cases/TC01 - Verify Home Page of CURA" status="PASSED">
         <system-out><![CDATA[27-06-2024T14:51:42 - [TEST_CASE][PASSED] - Test Cases/TC01 - Verify Home Page of CURA: Test Cases/TC01 - Verify Home Page of CURA

27-06-2024T14:51:42 - [TEST_STEP][PASSED] - openBrowser(""): Browser is opened with url: ''

27-06-2024T14:51:42 - [MESSAGE][INFO] - Starting 'Chrome' driver

27-06-2024T14:51:43 - [MESSAGE][INFO] - Action delay is set to 0 milliseconds

27-06-2024T14:51:44 - [MESSAGE][PASSED] - Browser is opened with url: ''

27-06-2024T14:51:44 - [TEST_STEP][PASSED] - navigateToUrl("https://katalon-demo-cura.herokuapp.com/"): Navigate to 'https://katalon-demo-cura.herokuapp.com/' successfully

27-06-2024T14:51:48 - [MESSAGE][PASSED] - Navigate to 'https://katalon-demo-cura.herokuapp.com/' successfully

27-06-2024T14:51:48 - [TEST_STEP][PASSED] - verifyElementText(findTestObject("Object Repository/Homepage of CURA/Page_CURA Healthcare Service/h1_CURA Healthcare Service"), "CURA Healthcare Service"): Actual text and expected text of test object 'Object Repository/Homepage of CURA/Page_CURA Healthcare Service/h1_CURA Healthcare Service' are matched.

27-06-2024T14:51:48 - [MESSAGE][PASSED] - Actual text and expected text of test object 'Object Repository/Homepage of CURA/Page_CURA Healthcare Service/h1_CURA Healthcare Service' are matched.

27-06-2024T14:51:48 - [TEST_STEP][PASSED] - verifyElementText(findTestObject("Object Repository/Homepage of CURA/Page_CURA Healthcare Service/h3_We Care About Your Health"), "We Care About Your Health"): Actual text and expected text of test object 'Object Repository/Homepage of CURA/Page_CURA Healthcare Service/h3_We Care About Your Health' are matched.

27-06-2024T14:51:49 - [MESSAGE][PASSED] - Actual text and expected text of test object 'Object Repository/Homepage of CURA/Page_CURA Healthcare Service/h3_We Care About Your Health' are matched.

27-06-2024T14:51:49 - [TEST_STEP][PASSED] - verifyElementText(findTestObject("Object Repository/Homepage of CURA/Page_CURA Healthcare Service/strong_CURA Healthcare Service"), "CURA Healthcare Service"): Actual text and expected text of test object 'Object Repository/Homepage of CURA/Page_CURA Healthcare Service/strong_CURA Healthcare Service' are matched.

27-06-2024T14:51:49 - [MESSAGE][PASSED] - Actual text and expected text of test object 'Object Repository/Homepage of CURA/Page_CURA Healthcare Service/strong_CURA Healthcare Service' are matched.

27-06-2024T14:51:49 - [TEST_STEP][PASSED] - ExpectedValue = "Atlanta 550 Pharr Road NE Suite 525
Atlanta, GA 30305": null

27-06-2024T14:51:49 - [TEST_STEP][PASSED] - verifyElementText(findTestObject("Object Repository/Homepage of CURA/Page_CURA Healthcare Service/p_Atlanta 550 Pharr Road NE Suite 525Atlant_8f4c85"), ExpectedValue): Actual text and expected text of test object 'Object Repository/Homepage of CURA/Page_CURA Healthcare Service/p_Atlanta 550 Pharr Road NE Suite 525Atlant_8f4c85' are matched.

27-06-2024T14:51:49 - [MESSAGE][PASSED] - Actual text and expected text of test object 'Object Repository/Homepage of CURA/Page_CURA Healthcare Service/p_Atlanta 550 Pharr Road NE Suite 525Atlant_8f4c85' are matched.

27-06-2024T14:51:49 - [TEST_STEP][PASSED] - verifyElementText(findTestObject("Object Repository/Homepage of CURA/Page_CURA Healthcare Service/li_(678) 813-1KMS"), "(678) 813-1KMS"): Actual text and expected text of test object 'Object Repository/Homepage of CURA/Page_CURA Healthcare Service/li_(678) 813-1KMS' are matched.

27-06-2024T14:51:50 - [MESSAGE][PASSED] - Actual text and expected text of test object 'Object Repository/Homepage of CURA/Page_CURA Healthcare Service/li_(678) 813-1KMS' are matched.

27-06-2024T14:51:50 - [TEST_STEP][PASSED] - verifyElementText(findTestObject("Object Repository/Homepage of CURA/Page_CURA Healthcare Service/li_infokatalon.com"), "info@katalon.com"): Actual text and expected text of test object 'Object Repository/Homepage of CURA/Page_CURA Healthcare Service/li_infokatalon.com' are matched.

27-06-2024T14:51:50 - [MESSAGE][PASSED] - Actual text and expected text of test object 'Object Repository/Homepage of CURA/Page_CURA Healthcare Service/li_infokatalon.com' are matched.

27-06-2024T14:51:50 - [TEST_STEP][PASSED] - verifyElementClickable(findTestObject("Object Repository/Homepage of CURA/Page_CURA Healthcare Service/i_infokatalon.com_fa fa-facebook fa-fw fa-3x")): Object 'Object Repository/Homepage of CURA/Page_CURA Healthcare Service/i_infokatalon.com_fa fa-facebook fa-fw fa-3x' is clickable

27-06-2024T14:51:51 - [MESSAGE][PASSED] - Object 'Object Repository/Homepage of CURA/Page_CURA Healthcare Service/i_infokatalon.com_fa fa-facebook fa-fw fa-3x' is clickable

27-06-2024T14:51:51 - [TEST_STEP][PASSED] - verifyElementClickable(findTestObject("Object Repository/Homepage of CURA/Page_CURA Healthcare Service/i_infokatalon.com_fa fa-twitter fa-fw fa-3x")): Object 'Object Repository/Homepage of CURA/Page_CURA Healthcare Service/i_infokatalon.com_fa fa-twitter fa-fw fa-3x' is clickable

27-06-2024T14:51:51 - [MESSAGE][PASSED] - Object 'Object Repository/Homepage of CURA/Page_CURA Healthcare Service/i_infokatalon.com_fa fa-twitter fa-fw fa-3x' is clickable

27-06-2024T14:51:51 - [TEST_STEP][PASSED] - verifyElementClickable(findTestObject("Object Repository/Homepage of CURA/Page_CURA Healthcare Service/i_infokatalon.com_fa fa-dribbble fa-fw fa-3x")): Object 'Object Repository/Homepage of CURA/Page_CURA Healthcare Service/i_infokatalon.com_fa fa-dribbble fa-fw fa-3x' is clickable

27-06-2024T14:51:51 - [MESSAGE][PASSED] - Object 'Object Repository/Homepage of CURA/Page_CURA Healthcare Service/i_infokatalon.com_fa fa-dribbble fa-fw fa-3x' is clickable

27-06-2024T14:51:51 - [TEST_STEP][PASSED] - verifyElementText(findTestObject("Object Repository/Homepage of CURA/Page_CURA Healthcare Service/p_Copyright  CURA Healthcare Service 2024"), "Copyright Â© CURA Healthcare Service 2024"): Actual text and expected text of test object 'Object Repository/Homepage of CURA/Page_CURA Healthcare Service/p_Copyright  CURA Healthcare Service 2024' are matched.

27-06-2024T14:51:52 - [MESSAGE][PASSED] - Actual text and expected text of test object 'Object Repository/Homepage of CURA/Page_CURA Healthcare Service/p_Copyright  CURA Healthcare Service 2024' are matched.

27-06-2024T14:51:52 - [TEST_STEP][PASSED] - verifyElementClickable(findTestObject("Object Repository/Homepage of CURA/Page_CURA Healthcare Service/a_Make Appointment")): Object 'Object Repository/Homepage of CURA/Page_CURA Healthcare Service/a_Make Appointment' is clickable

27-06-2024T14:51:52 - [MESSAGE][PASSED] - Object 'Object Repository/Homepage of CURA/Page_CURA Healthcare Service/a_Make Appointment' is clickable

27-06-2024T14:51:52 - [TEST_STEP][PASSED] - closeBrowser(): Browser is closed

27-06-2024T14:51:52 - [MESSAGE][PASSED] - Browser is closed]]></system-out>
         <system-err><![CDATA[]]></system-err>
      </testcase>
      <testcase name="Test Cases/TC05 - Appointment Tokyo" time="19.157" classname="Test Cases/TC05 - Appointment Tokyo" status="PASSED">
         <system-out><![CDATA[27-06-2024T14:51:52 - [TEST_CASE][PASSED] - Test Cases/TC05 - Appointment Tokyo: Test Cases/TC05 - Appointment Tokyo

27-06-2024T14:51:53 - [TEST_STEP][PASSED] - openBrowser(""): Browser is opened with url: ''

27-06-2024T14:51:53 - [MESSAGE][INFO] - Starting 'Chrome' driver

27-06-2024T14:51:53 - [MESSAGE][INFO] - Action delay is set to 0 milliseconds

27-06-2024T14:51:53 - [MESSAGE][PASSED] - Browser is opened with url: ''

27-06-2024T14:51:53 - [TEST_STEP][PASSED] - navigateToUrl("https://katalon-demo-cura.herokuapp.com/"): Navigate to 'https://katalon-demo-cura.herokuapp.com/' successfully

27-06-2024T14:51:56 - [MESSAGE][PASSED] - Navigate to 'https://katalon-demo-cura.herokuapp.com/' successfully

27-06-2024T14:51:56 - [TEST_STEP][PASSED] - click(findTestObject("Object Repository/Appointment Tokyo/Page_CURA Healthcare Service/a_Make Appointment")): Object: 'Object Repository/Appointment Tokyo/Page_CURA Healthcare Service/a_Make Appointment' is clicked on

27-06-2024T14:51:57 - [MESSAGE][PASSED] - Object: 'Object Repository/Appointment Tokyo/Page_CURA Healthcare Service/a_Make Appointment' is clicked on

27-06-2024T14:51:57 - [TEST_STEP][PASSED] - setText(findTestObject("Object Repository/Appointment Tokyo/Page_CURA Healthcare Service/input_Username_username"), "John Doe"): Text 'John Doe' is set on object 'Object Repository/Appointment Tokyo/Page_CURA Healthcare Service/input_Username_username'

27-06-2024T14:51:58 - [MESSAGE][PASSED] - Text 'John Doe' is set on object 'Object Repository/Appointment Tokyo/Page_CURA Healthcare Service/input_Username_username'

27-06-2024T14:51:58 - [TEST_STEP][PASSED] - setEncryptedText(findTestObject("Object Repository/Appointment Tokyo/Page_CURA Healthcare Service/input_Password_password"), "g3/DOGG74jC3Flrr3yH+3D/yKbOqqUNM"): Text ****** has been set on object 'Object Repository/Appointment Tokyo/Page_CURA Healthcare Service/input_Password_password'

27-06-2024T14:51:59 - [MESSAGE][PASSED] - Text ****** has been set on object 'Object Repository/Appointment Tokyo/Page_CURA Healthcare Service/input_Password_password'

27-06-2024T14:51:59 - [TEST_STEP][PASSED] - click(findTestObject("Object Repository/Appointment Tokyo/Page_CURA Healthcare Service/button_Login")): Object: 'Object Repository/Appointment Tokyo/Page_CURA Healthcare Service/button_Login' is clicked on

27-06-2024T14:52:00 - [MESSAGE][PASSED] - Object: 'Object Repository/Appointment Tokyo/Page_CURA Healthcare Service/button_Login' is clicked on

27-06-2024T14:52:00 - [TEST_STEP][PASSED] - selectOptionByValue(findTestObject("Object Repository/Appointment Tokyo/Page_CURA Healthcare Service/select_Tokyo CURA Healthcare Center        _5b4107"), "Hongkong CURA Healthcare Center", true): All options with value 'Hongkong CURA Healthcare Center' are selected in object 'Object Repository/Appointment Tokyo/Page_CURA Healthcare Service/select_Tokyo CURA Healthcare Center        _5b4107'  using regular expression

27-06-2024T14:52:01 - [MESSAGE][PASSED] - All options with value 'Hongkong CURA Healthcare Center' are selected in object 'Object Repository/Appointment Tokyo/Page_CURA Healthcare Service/select_Tokyo CURA Healthcare Center        _5b4107'  using regular expression

27-06-2024T14:52:01 - [TEST_STEP][PASSED] - selectOptionByValue(findTestObject("Object Repository/Appointment Tokyo/Page_CURA Healthcare Service/select_Tokyo CURA Healthcare Center        _5b4107"), "Tokyo CURA Healthcare Center", true): All options with value 'Tokyo CURA Healthcare Center' are selected in object 'Object Repository/Appointment Tokyo/Page_CURA Healthcare Service/select_Tokyo CURA Healthcare Center        _5b4107'  using regular expression

27-06-2024T14:52:02 - [MESSAGE][PASSED] - All options with value 'Tokyo CURA Healthcare Center' are selected in object 'Object Repository/Appointment Tokyo/Page_CURA Healthcare Service/select_Tokyo CURA Healthcare Center        _5b4107'  using regular expression

27-06-2024T14:52:02 - [TEST_STEP][PASSED] - click(findTestObject("Object Repository/Appointment Tokyo/Page_CURA Healthcare Service/input_Apply for hospital readmission_hospit_63901f")): Object: 'Object Repository/Appointment Tokyo/Page_CURA Healthcare Service/input_Apply for hospital readmission_hospit_63901f' is clicked on

27-06-2024T14:52:02 - [MESSAGE][PASSED] - Object: 'Object Repository/Appointment Tokyo/Page_CURA Healthcare Service/input_Apply for hospital readmission_hospit_63901f' is clicked on

27-06-2024T14:52:02 - [TEST_STEP][PASSED] - uncheck(findTestObject("Object Repository/Appointment Tokyo/Page_CURA Healthcare Service/input_Apply for hospital readmission_hospit_63901f")): Object 'Object Repository/Appointment Tokyo/Page_CURA Healthcare Service/input_Apply for hospital readmission_hospit_63901f' is un-checked

27-06-2024T14:52:03 - [MESSAGE][PASSED] - Object 'Object Repository/Appointment Tokyo/Page_CURA Healthcare Service/input_Apply for hospital readmission_hospit_63901f' is un-checked

27-06-2024T14:52:03 - [TEST_STEP][PASSED] - click(findTestObject("Object Repository/Appointment Tokyo/Page_CURA Healthcare Service/input_None_programs"), CONTINUE_ON_FAILURE): Object: 'Object Repository/Appointment Tokyo/Page_CURA Healthcare Service/input_None_programs' is clicked on

27-06-2024T14:52:03 - [MESSAGE][PASSED] - Object: 'Object Repository/Appointment Tokyo/Page_CURA Healthcare Service/input_None_programs' is clicked on

27-06-2024T14:52:03 - [TEST_STEP][PASSED] - click(findTestObject("Object Repository/Appointment Tokyo/Page_CURA Healthcare Service/input_Medicare_programs"), CONTINUE_ON_FAILURE): Object: 'Object Repository/Appointment Tokyo/Page_CURA Healthcare Service/input_Medicare_programs' is clicked on

27-06-2024T14:52:04 - [MESSAGE][PASSED] - Object: 'Object Repository/Appointment Tokyo/Page_CURA Healthcare Service/input_Medicare_programs' is clicked on

27-06-2024T14:52:04 - [TEST_STEP][PASSED] - click(findTestObject("Appointment Tokyo/Page_CURA Healthcare Service/input_Medicaid_programs")): Object: 'Object Repository/Appointment Tokyo/Page_CURA Healthcare Service/input_Medicaid_programs' is clicked on

27-06-2024T14:52:04 - [MESSAGE][PASSED] - Object: 'Object Repository/Appointment Tokyo/Page_CURA Healthcare Service/input_Medicaid_programs' is clicked on

27-06-2024T14:52:04 - [TEST_STEP][PASSED] - click(findTestObject("Object Repository/Appointment Tokyo/Page_CURA Healthcare Service/input_Medicare_programs")): Object: 'Object Repository/Appointment Tokyo/Page_CURA Healthcare Service/input_Medicare_programs' is clicked on

27-06-2024T14:52:04 - [MESSAGE][PASSED] - Object: 'Object Repository/Appointment Tokyo/Page_CURA Healthcare Service/input_Medicare_programs' is clicked on

27-06-2024T14:52:04 - [TEST_STEP][PASSED] - click(findTestObject("Object Repository/Appointment Tokyo/Page_CURA Healthcare Service/span_Visit Date (Required)_glyphicon glyphi_cada34")): Object: 'Object Repository/Appointment Tokyo/Page_CURA Healthcare Service/span_Visit Date (Required)_glyphicon glyphi_cada34' is clicked on

27-06-2024T14:52:05 - [MESSAGE][PASSED] - Object: 'Object Repository/Appointment Tokyo/Page_CURA Healthcare Service/span_Visit Date (Required)_glyphicon glyphi_cada34' is clicked on

27-06-2024T14:52:05 - [TEST_STEP][PASSED] - click(findTestObject("Object Repository/Appointment Tokyo/Page_CURA Healthcare Service/input_Visit Date (Required)_visit_date")): Object: 'Object Repository/Appointment Tokyo/Page_CURA Healthcare Service/input_Visit Date (Required)_visit_date' is clicked on

27-06-2024T14:52:05 - [MESSAGE][PASSED] - Object: 'Object Repository/Appointment Tokyo/Page_CURA Healthcare Service/input_Visit Date (Required)_visit_date' is clicked on

27-06-2024T14:52:05 - [TEST_STEP][PASSED] - click(findTestObject("Object Repository/Appointment Tokyo/Page_CURA Healthcare Service/td_30")): Object: 'Object Repository/Appointment Tokyo/Page_CURA Healthcare Service/td_30' is clicked on

27-06-2024T14:52:06 - [MESSAGE][PASSED] - Object: 'Object Repository/Appointment Tokyo/Page_CURA Healthcare Service/td_30' is clicked on

27-06-2024T14:52:06 - [TEST_STEP][PASSED] - click(findTestObject("Object Repository/Appointment Tokyo/Page_CURA Healthcare Service/button_Book Appointment")): Object: 'Object Repository/Appointment Tokyo/Page_CURA Healthcare Service/button_Book Appointment' is clicked on

27-06-2024T14:52:07 - [MESSAGE][PASSED] - Object: 'Object Repository/Appointment Tokyo/Page_CURA Healthcare Service/button_Book Appointment' is clicked on

27-06-2024T14:52:07 - [TEST_STEP][PASSED] - verifyElementText(findTestObject("Object Repository/Appointment Tokyo/Page_CURA Healthcare Service/h2_Appointment Confirmation"), "Appointment Confirmation"): Actual text and expected text of test object 'Object Repository/Appointment Tokyo/Page_CURA Healthcare Service/h2_Appointment Confirmation' are matched.

27-06-2024T14:52:08 - [MESSAGE][PASSED] - Actual text and expected text of test object 'Object Repository/Appointment Tokyo/Page_CURA Healthcare Service/h2_Appointment Confirmation' are matched.

27-06-2024T14:52:08 - [TEST_STEP][PASSED] - verifyElementText(findTestObject("Object Repository/Appointment Tokyo/Page_CURA Healthcare Service/p_Please be informed that your appointment _11813a"), "Please be informed that your appointment has been booked as following:"): Actual text and expected text of test object 'Object Repository/Appointment Tokyo/Page_CURA Healthcare Service/p_Please be informed that your appointment _11813a' are matched.

27-06-2024T14:52:08 - [MESSAGE][PASSED] - Actual text and expected text of test object 'Object Repository/Appointment Tokyo/Page_CURA Healthcare Service/p_Please be informed that your appointment _11813a' are matched.

27-06-2024T14:52:08 - [TEST_STEP][PASSED] - verifyElementText(findTestObject("Object Repository/Appointment Tokyo/Page_CURA Healthcare Service/p_Tokyo CURA Healthcare Center"), "Tokyo CURA Healthcare Center"): Actual text and expected text of test object 'Object Repository/Appointment Tokyo/Page_CURA Healthcare Service/p_Tokyo CURA Healthcare Center' are matched.

27-06-2024T14:52:09 - [MESSAGE][PASSED] - Actual text and expected text of test object 'Object Repository/Appointment Tokyo/Page_CURA Healthcare Service/p_Tokyo CURA Healthcare Center' are matched.

27-06-2024T14:52:09 - [TEST_STEP][PASSED] - verifyElementText(findTestObject("Object Repository/Appointment Tokyo/Page_CURA Healthcare Service/p_Yes"), "No"): Actual text and expected text of test object 'Object Repository/Appointment Tokyo/Page_CURA Healthcare Service/p_Yes' are matched.

27-06-2024T14:52:09 - [MESSAGE][PASSED] - Actual text and expected text of test object 'Object Repository/Appointment Tokyo/Page_CURA Healthcare Service/p_Yes' are matched.

27-06-2024T14:52:09 - [TEST_STEP][PASSED] - verifyElementText(findTestObject("Object Repository/Appointment Tokyo/Page_CURA Healthcare Service/p_Medicare"), "Medicare"): Actual text and expected text of test object 'Object Repository/Appointment Tokyo/Page_CURA Healthcare Service/p_Medicare' are matched.

27-06-2024T14:52:09 - [MESSAGE][PASSED] - Actual text and expected text of test object 'Object Repository/Appointment Tokyo/Page_CURA Healthcare Service/p_Medicare' are matched.

27-06-2024T14:52:09 - [TEST_STEP][PASSED] - verifyElementText(findTestObject("Object Repository/Appointment Tokyo/Page_CURA Healthcare Service/p_30062024"), "30/06/2024"): Actual text and expected text of test object 'Object Repository/Appointment Tokyo/Page_CURA Healthcare Service/p_30062024' are matched.

27-06-2024T14:52:10 - [MESSAGE][PASSED] - Actual text and expected text of test object 'Object Repository/Appointment Tokyo/Page_CURA Healthcare Service/p_30062024' are matched.

27-06-2024T14:52:10 - [TEST_STEP][PASSED] - verifyElementText(findTestObject("Object Repository/Appointment Tokyo/Page_CURA Healthcare Service/div_Comment_col-xs-8"), ""): Actual text and expected text of test object 'Object Repository/Appointment Tokyo/Page_CURA Healthcare Service/div_Comment_col-xs-8' are matched.

27-06-2024T14:52:10 - [MESSAGE][PASSED] - Actual text and expected text of test object 'Object Repository/Appointment Tokyo/Page_CURA Healthcare Service/div_Comment_col-xs-8' are matched.

27-06-2024T14:52:10 - [TEST_STEP][PASSED] - click(findTestObject("Object Repository/Appointment Tokyo/Page_CURA Healthcare Service/a_Go to Homepage")): Object: 'Object Repository/Appointment Tokyo/Page_CURA Healthcare Service/a_Go to Homepage' is clicked on

27-06-2024T14:52:11 - [MESSAGE][PASSED] - Object: 'Object Repository/Appointment Tokyo/Page_CURA Healthcare Service/a_Go to Homepage' is clicked on

27-06-2024T14:52:11 - [TEST_STEP][PASSED] - verifyElementText(findTestObject("Object Repository/Appointment Tokyo/Page_CURA Healthcare Service/h1_CURA Healthcare Service"), "CURA Healthcare Service"): Actual text and expected text of test object 'Object Repository/Appointment Tokyo/Page_CURA Healthcare Service/h1_CURA Healthcare Service' are matched.

27-06-2024T14:52:11 - [MESSAGE][PASSED] - Actual text and expected text of test object 'Object Repository/Appointment Tokyo/Page_CURA Healthcare Service/h1_CURA Healthcare Service' are matched.

27-06-2024T14:52:11 - [TEST_STEP][PASSED] - closeBrowser(): Browser is closed

27-06-2024T14:52:12 - [MESSAGE][PASSED] - Browser is closed]]></system-out>
         <system-err><![CDATA[]]></system-err>
      </testcase>
      <testcase name="Test Cases/TC06 - Appointment Hongkong" time="19.039" classname="Test Cases/TC06 - Appointment Hongkong" status="PASSED">
         <system-out><![CDATA[27-06-2024T14:52:12 - [TEST_CASE][PASSED] - Test Cases/TC06 - Appointment Hongkong: Test Cases/TC06 - Appointment Hongkong

27-06-2024T14:52:12 - [TEST_STEP][PASSED] - openBrowser(""): Browser is opened with url: ''

27-06-2024T14:52:12 - [MESSAGE][INFO] - Starting 'Chrome' driver

27-06-2024T14:52:12 - [MESSAGE][INFO] - Action delay is set to 0 milliseconds

27-06-2024T14:52:12 - [MESSAGE][PASSED] - Browser is opened with url: ''

27-06-2024T14:52:12 - [TEST_STEP][PASSED] - navigateToUrl("https://katalon-demo-cura.herokuapp.com/"): Navigate to 'https://katalon-demo-cura.herokuapp.com/' successfully

27-06-2024T14:52:17 - [MESSAGE][PASSED] - Navigate to 'https://katalon-demo-cura.herokuapp.com/' successfully

27-06-2024T14:52:17 - [TEST_STEP][PASSED] - click(findTestObject("Object Repository/Appointment Hongkong/Page_CURA Healthcare Service/a_Make Appointment")): Object: 'Object Repository/Appointment Hongkong/Page_CURA Healthcare Service/a_Make Appointment' is clicked on

27-06-2024T14:52:18 - [MESSAGE][PASSED] - Object: 'Object Repository/Appointment Hongkong/Page_CURA Healthcare Service/a_Make Appointment' is clicked on

27-06-2024T14:52:18 - [TEST_STEP][PASSED] - setText(findTestObject("Object Repository/Appointment Hongkong/Page_CURA Healthcare Service/input_Username_username"), "John Doe"): Text 'John Doe' is set on object 'Object Repository/Appointment Hongkong/Page_CURA Healthcare Service/input_Username_username'

27-06-2024T14:52:19 - [MESSAGE][PASSED] - Text 'John Doe' is set on object 'Object Repository/Appointment Hongkong/Page_CURA Healthcare Service/input_Username_username'

27-06-2024T14:52:19 - [TEST_STEP][PASSED] - setEncryptedText(findTestObject("Object Repository/Appointment Hongkong/Page_CURA Healthcare Service/input_Password_password"), "g3/DOGG74jC3Flrr3yH+3D/yKbOqqUNM"): Text ****** has been set on object 'Object Repository/Appointment Hongkong/Page_CURA Healthcare Service/input_Password_password'

27-06-2024T14:52:19 - [MESSAGE][PASSED] - Text ****** has been set on object 'Object Repository/Appointment Hongkong/Page_CURA Healthcare Service/input_Password_password'

27-06-2024T14:52:19 - [TEST_STEP][PASSED] - click(findTestObject("Object Repository/Appointment Hongkong/Page_CURA Healthcare Service/button_Login")): Object: 'Object Repository/Appointment Hongkong/Page_CURA Healthcare Service/button_Login' is clicked on

27-06-2024T14:52:20 - [MESSAGE][PASSED] - Object: 'Object Repository/Appointment Hongkong/Page_CURA Healthcare Service/button_Login' is clicked on

27-06-2024T14:52:20 - [TEST_STEP][PASSED] - selectOptionByValue(findTestObject("Object Repository/Appointment Hongkong/Page_CURA Healthcare Service/select_Tokyo CURA Healthcare Center        _5b4107"), "Seoul CURA Healthcare Center", true): All options with value 'Seoul CURA Healthcare Center' are selected in object 'Object Repository/Appointment Hongkong/Page_CURA Healthcare Service/select_Tokyo CURA Healthcare Center        _5b4107'  using regular expression

27-06-2024T14:52:21 - [MESSAGE][PASSED] - All options with value 'Seoul CURA Healthcare Center' are selected in object 'Object Repository/Appointment Hongkong/Page_CURA Healthcare Service/select_Tokyo CURA Healthcare Center        _5b4107'  using regular expression

27-06-2024T14:52:21 - [TEST_STEP][PASSED] - selectOptionByValue(findTestObject("Object Repository/Appointment Hongkong/Page_CURA Healthcare Service/select_Tokyo CURA Healthcare Center        _5b4107"), "Hongkong CURA Healthcare Center", true): All options with value 'Hongkong CURA Healthcare Center' are selected in object 'Object Repository/Appointment Hongkong/Page_CURA Healthcare Service/select_Tokyo CURA Healthcare Center        _5b4107'  using regular expression

27-06-2024T14:52:23 - [MESSAGE][PASSED] - All options with value 'Hongkong CURA Healthcare Center' are selected in object 'Object Repository/Appointment Hongkong/Page_CURA Healthcare Service/select_Tokyo CURA Healthcare Center        _5b4107'  using regular expression

27-06-2024T14:52:23 - [TEST_STEP][PASSED] - click(findTestObject("Object Repository/Appointment Hongkong/Page_CURA Healthcare Service/input_Apply for hospital readmission_hospit_63901f")): Object: 'Object Repository/Appointment Hongkong/Page_CURA Healthcare Service/input_Apply for hospital readmission_hospit_63901f' is clicked on

27-06-2024T14:52:23 - [MESSAGE][PASSED] - Object: 'Object Repository/Appointment Hongkong/Page_CURA Healthcare Service/input_Apply for hospital readmission_hospit_63901f' is clicked on

27-06-2024T14:52:23 - [TEST_STEP][PASSED] - click(findTestObject("Object Repository/Appointment Hongkong/Page_CURA Healthcare Service/input_None_programs")): Object: 'Object Repository/Appointment Hongkong/Page_CURA Healthcare Service/input_None_programs' is clicked on

27-06-2024T14:52:23 - [MESSAGE][PASSED] - Object: 'Object Repository/Appointment Hongkong/Page_CURA Healthcare Service/input_None_programs' is clicked on

27-06-2024T14:52:23 - [TEST_STEP][PASSED] - click(findTestObject("Object Repository/Appointment Hongkong/Page_CURA Healthcare Service/input_Medicare_programs")): Object: 'Object Repository/Appointment Hongkong/Page_CURA Healthcare Service/input_Medicare_programs' is clicked on

27-06-2024T14:52:23 - [MESSAGE][PASSED] - Object: 'Object Repository/Appointment Hongkong/Page_CURA Healthcare Service/input_Medicare_programs' is clicked on

27-06-2024T14:52:23 - [TEST_STEP][PASSED] - click(findTestObject("Object Repository/Appointment Hongkong/Page_CURA Healthcare Service/span_Visit Date (Required)_glyphicon glyphi_cada34")): Object: 'Object Repository/Appointment Hongkong/Page_CURA Healthcare Service/span_Visit Date (Required)_glyphicon glyphi_cada34' is clicked on

27-06-2024T14:52:24 - [MESSAGE][PASSED] - Object: 'Object Repository/Appointment Hongkong/Page_CURA Healthcare Service/span_Visit Date (Required)_glyphicon glyphi_cada34' is clicked on

27-06-2024T14:52:24 - [TEST_STEP][PASSED] - click(findTestObject("Object Repository/Appointment Hongkong/Page_CURA Healthcare Service/td_1")): Object: 'Object Repository/Appointment Hongkong/Page_CURA Healthcare Service/td_1' is clicked on

27-06-2024T14:52:24 - [MESSAGE][PASSED] - Object: 'Object Repository/Appointment Hongkong/Page_CURA Healthcare Service/td_1' is clicked on

27-06-2024T14:52:24 - [TEST_STEP][PASSED] - click(findTestObject("Object Repository/Appointment Hongkong/Page_CURA Healthcare Service/input_Visit Date (Required)_visit_date")): Object: 'Object Repository/Appointment Hongkong/Page_CURA Healthcare Service/input_Visit Date (Required)_visit_date' is clicked on

27-06-2024T14:52:25 - [MESSAGE][PASSED] - Object: 'Object Repository/Appointment Hongkong/Page_CURA Healthcare Service/input_Visit Date (Required)_visit_date' is clicked on

27-06-2024T14:52:25 - [TEST_STEP][PASSED] - setText(findTestObject("Object Repository/Appointment Hongkong/Page_CURA Healthcare Service/textarea_Comment_comment"), "Lets meet at 8 PM"): Text 'Lets meet at 8 PM' is set on object 'Object Repository/Appointment Hongkong/Page_CURA Healthcare Service/textarea_Comment_comment'

27-06-2024T14:52:26 - [MESSAGE][PASSED] - Text 'Lets meet at 8 PM' is set on object 'Object Repository/Appointment Hongkong/Page_CURA Healthcare Service/textarea_Comment_comment'

27-06-2024T14:52:26 - [TEST_STEP][PASSED] - click(findTestObject("Object Repository/Appointment Hongkong/Page_CURA Healthcare Service/button_Book Appointment")): Object: 'Object Repository/Appointment Hongkong/Page_CURA Healthcare Service/button_Book Appointment' is clicked on

27-06-2024T14:52:27 - [MESSAGE][PASSED] - Object: 'Object Repository/Appointment Hongkong/Page_CURA Healthcare Service/button_Book Appointment' is clicked on

27-06-2024T14:52:27 - [TEST_STEP][PASSED] - click(findTestObject("Object Repository/Appointment Hongkong/Page_CURA Healthcare Service/h2_Appointment Confirmation")): Object: 'Object Repository/Appointment Hongkong/Page_CURA Healthcare Service/h2_Appointment Confirmation' is clicked on

27-06-2024T14:52:27 - [MESSAGE][PASSED] - Object: 'Object Repository/Appointment Hongkong/Page_CURA Healthcare Service/h2_Appointment Confirmation' is clicked on

27-06-2024T14:52:27 - [TEST_STEP][PASSED] - click(findTestObject("Object Repository/Appointment Hongkong/Page_CURA Healthcare Service/p_Please be informed that your appointment _11813a")): Object: 'Object Repository/Appointment Hongkong/Page_CURA Healthcare Service/p_Please be informed that your appointment _11813a' is clicked on

27-06-2024T14:52:27 - [MESSAGE][PASSED] - Object: 'Object Repository/Appointment Hongkong/Page_CURA Healthcare Service/p_Please be informed that your appointment _11813a' is clicked on

27-06-2024T14:52:27 - [TEST_STEP][PASSED] - click(findTestObject("Object Repository/Appointment Hongkong/Page_CURA Healthcare Service/p_Hongkong CURA Healthcare Center")): Object: 'Object Repository/Appointment Hongkong/Page_CURA Healthcare Service/p_Hongkong CURA Healthcare Center' is clicked on

27-06-2024T14:52:28 - [MESSAGE][PASSED] - Object: 'Object Repository/Appointment Hongkong/Page_CURA Healthcare Service/p_Hongkong CURA Healthcare Center' is clicked on

27-06-2024T14:52:28 - [TEST_STEP][PASSED] - click(findTestObject("Object Repository/Appointment Hongkong/Page_CURA Healthcare Service/p_Yes")): Object: 'Object Repository/Appointment Hongkong/Page_CURA Healthcare Service/p_Yes' is clicked on

27-06-2024T14:52:28 - [MESSAGE][PASSED] - Object: 'Object Repository/Appointment Hongkong/Page_CURA Healthcare Service/p_Yes' is clicked on

27-06-2024T14:52:28 - [TEST_STEP][PASSED] - click(findTestObject("Object Repository/Appointment Hongkong/Page_CURA Healthcare Service/p_Medicare")): Object: 'Object Repository/Appointment Hongkong/Page_CURA Healthcare Service/p_Medicare' is clicked on

27-06-2024T14:52:28 - [MESSAGE][PASSED] - Object: 'Object Repository/Appointment Hongkong/Page_CURA Healthcare Service/p_Medicare' is clicked on

27-06-2024T14:52:28 - [TEST_STEP][PASSED] - click(findTestObject("Object Repository/Appointment Hongkong/Page_CURA Healthcare Service/p_01072024")): Object: 'Object Repository/Appointment Hongkong/Page_CURA Healthcare Service/p_01072024' is clicked on

27-06-2024T14:52:29 - [MESSAGE][PASSED] - Object: 'Object Repository/Appointment Hongkong/Page_CURA Healthcare Service/p_01072024' is clicked on

27-06-2024T14:52:29 - [TEST_STEP][PASSED] - click(findTestObject("Object Repository/Appointment Hongkong/Page_CURA Healthcare Service/p_Lets meet at 8 PM")): Object: 'Object Repository/Appointment Hongkong/Page_CURA Healthcare Service/p_Lets meet at 8 PM' is clicked on

27-06-2024T14:52:29 - [MESSAGE][PASSED] - Object: 'Object Repository/Appointment Hongkong/Page_CURA Healthcare Service/p_Lets meet at 8 PM' is clicked on

27-06-2024T14:52:29 - [TEST_STEP][PASSED] - click(findTestObject("Object Repository/Appointment Hongkong/Page_CURA Healthcare Service/a_Go to Homepage")): Object: 'Object Repository/Appointment Hongkong/Page_CURA Healthcare Service/a_Go to Homepage' is clicked on

27-06-2024T14:52:30 - [MESSAGE][PASSED] - Object: 'Object Repository/Appointment Hongkong/Page_CURA Healthcare Service/a_Go to Homepage' is clicked on

27-06-2024T14:52:30 - [TEST_STEP][PASSED] - click(findTestObject("Object Repository/Appointment Hongkong/Page_CURA Healthcare Service/h1_CURA Healthcare Service")): Object: 'Object Repository/Appointment Hongkong/Page_CURA Healthcare Service/h1_CURA Healthcare Service' is clicked on

27-06-2024T14:52:30 - [MESSAGE][PASSED] - Object: 'Object Repository/Appointment Hongkong/Page_CURA Healthcare Service/h1_CURA Healthcare Service' is clicked on

27-06-2024T14:52:30 - [TEST_STEP][PASSED] - closeBrowser(): Browser is closed

27-06-2024T14:52:31 - [MESSAGE][PASSED] - Browser is closed]]></system-out>
         <system-err><![CDATA[]]></system-err>
      </testcase>
      <testcase name="Test Cases/TC07 - History menu check" time="17.24" classname="Test Cases/TC07 - History menu check" status="PASSED">
         <system-out><![CDATA[27-06-2024T14:52:31 - [TEST_CASE][PASSED] - Test Cases/TC07 - History menu check: Test Cases/TC07 - History menu check

27-06-2024T14:52:31 - [TEST_STEP][PASSED] - openBrowser(""): Browser is opened with url: ''

27-06-2024T14:52:31 - [MESSAGE][INFO] - Starting 'Chrome' driver

27-06-2024T14:52:31 - [MESSAGE][INFO] - Action delay is set to 0 milliseconds

27-06-2024T14:52:32 - [MESSAGE][PASSED] - Browser is opened with url: ''

27-06-2024T14:52:32 - [TEST_STEP][PASSED] - navigateToUrl("https://katalon-demo-cura.herokuapp.com/"): Navigate to 'https://katalon-demo-cura.herokuapp.com/' successfully

27-06-2024T14:52:35 - [MESSAGE][PASSED] - Navigate to 'https://katalon-demo-cura.herokuapp.com/' successfully

27-06-2024T14:52:35 - [TEST_STEP][PASSED] - click(findTestObject("Object Repository/History check/Page_CURA Healthcare Service/a_Make Appointment")): Object: 'Object Repository/History check/Page_CURA Healthcare Service/a_Make Appointment' is clicked on

27-06-2024T14:52:35 - [MESSAGE][PASSED] - Object: 'Object Repository/History check/Page_CURA Healthcare Service/a_Make Appointment' is clicked on

27-06-2024T14:52:35 - [TEST_STEP][PASSED] - setText(findTestObject("Object Repository/History check/Page_CURA Healthcare Service/input_Username_username"), "John Doe"): Text 'John Doe' is set on object 'Object Repository/History check/Page_CURA Healthcare Service/input_Username_username'

27-06-2024T14:52:36 - [MESSAGE][PASSED] - Text 'John Doe' is set on object 'Object Repository/History check/Page_CURA Healthcare Service/input_Username_username'

27-06-2024T14:52:36 - [TEST_STEP][PASSED] - setEncryptedText(findTestObject("Object Repository/History check/Page_CURA Healthcare Service/input_Password_password"), "g3/DOGG74jC3Flrr3yH+3D/yKbOqqUNM"): Text ****** has been set on object 'Object Repository/History check/Page_CURA Healthcare Service/input_Password_password'

27-06-2024T14:52:37 - [MESSAGE][PASSED] - Text ****** has been set on object 'Object Repository/History check/Page_CURA Healthcare Service/input_Password_password'

27-06-2024T14:52:37 - [TEST_STEP][PASSED] - click(findTestObject("Object Repository/History check/Page_CURA Healthcare Service/button_Login")): Object: 'Object Repository/History check/Page_CURA Healthcare Service/button_Login' is clicked on

27-06-2024T14:52:38 - [MESSAGE][PASSED] - Object: 'Object Repository/History check/Page_CURA Healthcare Service/button_Login' is clicked on

27-06-2024T14:52:38 - [TEST_STEP][PASSED] - selectOptionByValue(findTestObject("Object Repository/History check/Page_CURA Healthcare Service/select_Tokyo CURA Healthcare Center        _5b4107"), "Hongkong CURA Healthcare Center", true): All options with value 'Hongkong CURA Healthcare Center' are selected in object 'Object Repository/History check/Page_CURA Healthcare Service/select_Tokyo CURA Healthcare Center        _5b4107'  using regular expression

27-06-2024T14:52:39 - [MESSAGE][PASSED] - All options with value 'Hongkong CURA Healthcare Center' are selected in object 'Object Repository/History check/Page_CURA Healthcare Service/select_Tokyo CURA Healthcare Center        _5b4107'  using regular expression

27-06-2024T14:52:39 - [TEST_STEP][PASSED] - click(findTestObject("Object Repository/History check/Page_CURA Healthcare Service/input_Apply for hospital readmission_hospit_63901f")): Object: 'Object Repository/History check/Page_CURA Healthcare Service/input_Apply for hospital readmission_hospit_63901f' is clicked on

27-06-2024T14:52:40 - [MESSAGE][PASSED] - Object: 'Object Repository/History check/Page_CURA Healthcare Service/input_Apply for hospital readmission_hospit_63901f' is clicked on

27-06-2024T14:52:40 - [TEST_STEP][PASSED] - click(findTestObject("Object Repository/History check/Page_CURA Healthcare Service/span_Visit Date (Required)_glyphicon glyphi_cada34")): Object: 'Object Repository/History check/Page_CURA Healthcare Service/span_Visit Date (Required)_glyphicon glyphi_cada34' is clicked on

27-06-2024T14:52:40 - [MESSAGE][PASSED] - Object: 'Object Repository/History check/Page_CURA Healthcare Service/span_Visit Date (Required)_glyphicon glyphi_cada34' is clicked on

27-06-2024T14:52:40 - [TEST_STEP][PASSED] - click(findTestObject("Object Repository/History check/Page_CURA Healthcare Service/td_28")): Object: 'Object Repository/History check/Page_CURA Healthcare Service/td_28' is clicked on

27-06-2024T14:52:41 - [MESSAGE][PASSED] - Object: 'Object Repository/History check/Page_CURA Healthcare Service/td_28' is clicked on

27-06-2024T14:52:41 - [TEST_STEP][PASSED] - setText(findTestObject("Object Repository/History check/Page_CURA Healthcare Service/textarea_Comment_comment"), "Let's meet at 9 AM"): Text 'Let's meet at 9 AM' is set on object 'Object Repository/History check/Page_CURA Healthcare Service/textarea_Comment_comment'

27-06-2024T14:52:41 - [MESSAGE][PASSED] - Text 'Let's meet at 9 AM' is set on object 'Object Repository/History check/Page_CURA Healthcare Service/textarea_Comment_comment'

27-06-2024T14:52:41 - [TEST_STEP][PASSED] - click(findTestObject("Appointment Hongkong/Page_CURA Healthcare Service/button_Book Appointment")): Object: 'Object Repository/Appointment Hongkong/Page_CURA Healthcare Service/button_Book Appointment' is clicked on

27-06-2024T14:52:42 - [MESSAGE][PASSED] - Object: 'Object Repository/Appointment Hongkong/Page_CURA Healthcare Service/button_Book Appointment' is clicked on

27-06-2024T14:52:42 - [TEST_STEP][PASSED] - verifyElementText(findTestObject("Appointment Hongkong/Page_CURA Healthcare Service/h2_Appointment Confirmation"), "Appointment Confirmation"): Actual text and expected text of test object 'Object Repository/Appointment Hongkong/Page_CURA Healthcare Service/h2_Appointment Confirmation' are matched.

27-06-2024T14:52:43 - [MESSAGE][PASSED] - Actual text and expected text of test object 'Object Repository/Appointment Hongkong/Page_CURA Healthcare Service/h2_Appointment Confirmation' are matched.

27-06-2024T14:52:43 - [TEST_STEP][PASSED] - click(findTestObject("Object Repository/History check/Page_CURA Healthcare Service/i_CURA Healthcare_fa fa-bars")): Object: 'Object Repository/History check/Page_CURA Healthcare Service/i_CURA Healthcare_fa fa-bars' is clicked on

27-06-2024T14:52:43 - [MESSAGE][PASSED] - Object: 'Object Repository/History check/Page_CURA Healthcare Service/i_CURA Healthcare_fa fa-bars' is clicked on

27-06-2024T14:52:43 - [TEST_STEP][PASSED] - click(findTestObject("Object Repository/History check/Page_CURA Healthcare Service/a_History")): Object: 'Object Repository/History check/Page_CURA Healthcare Service/a_History' is clicked on

27-06-2024T14:52:44 - [MESSAGE][PASSED] - Object: 'Object Repository/History check/Page_CURA Healthcare Service/a_History' is clicked on

27-06-2024T14:52:44 - [TEST_STEP][PASSED] - verifyElementText(findTestObject("Object Repository/History check/Page_CURA Healthcare Service/h2_History"), "History"): Actual text and expected text of test object 'Object Repository/History check/Page_CURA Healthcare Service/h2_History' are matched.

27-06-2024T14:52:44 - [MESSAGE][PASSED] - Actual text and expected text of test object 'Object Repository/History check/Page_CURA Healthcare Service/h2_History' are matched.

27-06-2024T14:52:44 - [TEST_STEP][PASSED] - verifyElementText(findTestObject("Object Repository/History check/Page_CURA Healthcare Service/div_28062024"), "28/06/2024"): Actual text and expected text of test object 'Object Repository/History check/Page_CURA Healthcare Service/div_28062024' are matched.

27-06-2024T14:52:45 - [MESSAGE][PASSED] - Actual text and expected text of test object 'Object Repository/History check/Page_CURA Healthcare Service/div_28062024' are matched.

27-06-2024T14:52:45 - [TEST_STEP][PASSED] - verifyElementText(findTestObject("Object Repository/History check/Page_CURA Healthcare Service/p_Hongkong CURA Healthcare Center"), "Hongkong CURA Healthcare Center"): Actual text and expected text of test object 'Object Repository/History check/Page_CURA Healthcare Service/p_Hongkong CURA Healthcare Center' are matched.

27-06-2024T14:52:45 - [MESSAGE][PASSED] - Actual text and expected text of test object 'Object Repository/History check/Page_CURA Healthcare Service/p_Hongkong CURA Healthcare Center' are matched.

27-06-2024T14:52:45 - [TEST_STEP][PASSED] - verifyElementText(findTestObject("Object Repository/History check/Page_CURA Healthcare Service/p_Yes"), "Yes"): Actual text and expected text of test object 'Object Repository/History check/Page_CURA Healthcare Service/p_Yes' are matched.

27-06-2024T14:52:45 - [MESSAGE][PASSED] - Actual text and expected text of test object 'Object Repository/History check/Page_CURA Healthcare Service/p_Yes' are matched.

27-06-2024T14:52:45 - [TEST_STEP][PASSED] - verifyElementText(findTestObject("Object Repository/History check/Page_CURA Healthcare Service/p_Medicare"), "Medicare"): Actual text and expected text of test object 'Object Repository/History check/Page_CURA Healthcare Service/p_Medicare' are matched.

27-06-2024T14:52:46 - [MESSAGE][PASSED] - Actual text and expected text of test object 'Object Repository/History check/Page_CURA Healthcare Service/p_Medicare' are matched.

27-06-2024T14:52:46 - [TEST_STEP][PASSED] - verifyElementText(findTestObject("Object Repository/History check/Page_CURA Healthcare Service/p_Lets meet at 9 AM"), "Let's meet at 9 AM"): Actual text and expected text of test object 'Object Repository/History check/Page_CURA Healthcare Service/p_Lets meet at 9 AM' are matched.

27-06-2024T14:52:46 - [MESSAGE][PASSED] - Actual text and expected text of test object 'Object Repository/History check/Page_CURA Healthcare Service/p_Lets meet at 9 AM' are matched.

27-06-2024T14:52:46 - [TEST_STEP][PASSED] - click(findTestObject("Object Repository/History check/Page_CURA Healthcare Service/a_Go to Homepage")): Object: 'Object Repository/History check/Page_CURA Healthcare Service/a_Go to Homepage' is clicked on

27-06-2024T14:52:47 - [MESSAGE][PASSED] - Object: 'Object Repository/History check/Page_CURA Healthcare Service/a_Go to Homepage' is clicked on

27-06-2024T14:52:47 - [TEST_STEP][PASSED] - verifyElementText(findTestObject("Homepage of CURA/Page_CURA Healthcare Service/h1_CURA Healthcare Service"), "CURA Healthcare Service"): Actual text and expected text of test object 'Object Repository/Homepage of CURA/Page_CURA Healthcare Service/h1_CURA Healthcare Service' are matched.

27-06-2024T14:52:47 - [MESSAGE][PASSED] - Actual text and expected text of test object 'Object Repository/Homepage of CURA/Page_CURA Healthcare Service/h1_CURA Healthcare Service' are matched.

27-06-2024T14:52:47 - [TEST_STEP][PASSED] - closeBrowser(): Browser is closed

27-06-2024T14:52:48 - [MESSAGE][PASSED] - Browser is closed]]></system-out>
         <system-err><![CDATA[]]></system-err>
      </testcase>
      <system-out><![CDATA[27-06-2024T14:51:42 - [TEST_SUITE][PASSED] - TS02 - Appointment check: Test Cases/TC07 - History menu check]]></system-out>
      <system-err><![CDATA[]]></system-err>
   </testsuite>
</testsuites>
