<?xml version="1.0" encoding="UTF-8"?>
<testsuites name="TC09 - Login using data driven" time="41.648" tests="5" failures="0" errors="0">
   <testsuite name="TC09 - Login using data driven" tests="5" failures="0" errors="0" time="41.648" skipped="0" timestamp="02-07-2024T11:18:29" hostname="Lenovo - LAPTOP-7QB5JFLU" id="Test Suites/TC09 - Login using data driven">
      <properties>
         <property name="deviceName" value=""/>
         <property name="devicePlatform"/>
         <property name="logFolder" value="C:\\Users\\Lenovo\\git\\KatalonPractitionerLevel\\Reports\\20240702_111815\\TC09 - Login using data driven\\20240702_111815"/>
         <property name="logFiles" value="C:\\Users\\Lenovo\\git\\KatalonPractitionerLevel\\Reports\\20240702_111815\\TC09 - Login using data driven\\20240702_111815\\execution0.log"/>
         <property name="attachments" value=""/>
         <property name="hostName" value="Lenovo - LAPTOP-7QB5JFLU"/>
         <property name="os" value="Windows 11 64bit"/>
         <property name="katalonVersion" value="9.6.0.217"/>
         <property name="browser" value="Chrome 126.0.0.0"/>
         <property name="hostAddress" value="192.168.1.12"/>
         <property name="sessionId" value="1059e904067cfbfcf99ebc8b65460348"/>
         <property name="seleniumVersion" value="3.141.59"/>
         <property name="proxyInformation" value="ProxyInformation { proxyOption=NO_PROXY, proxyServerType=HTTP, username=, password=********, proxyServerAddress=, proxyServerPort=0, executionList=&quot;&quot;, isApplyToDesiredCapabilities=true }"/>
         <property name="platform" value="Windows 11"/>
      </properties>
      <testcase name="Test Cases/TC17 - Login using data driven" time="9.436" classname="Test Cases/TC17 - Login using data driven" status="PASSED">
         <system-out><![CDATA[02-07-2024T11:18:29 - [TEST_CASE][PASSED] - Test Cases/TC17 - Login using data driven: Test Cases/TC17 - Login using data driven

02-07-2024T11:18:29 - [TEST_STEP][PASSED] - openBrowser(""): Browser is opened with url: ''

02-07-2024T11:18:29 - [MESSAGE][INFO] - Starting 'Chrome' driver

02-07-2024T11:18:30 - [MESSAGE][INFO] - Action delay is set to 0 milliseconds

02-07-2024T11:18:31 - [MESSAGE][PASSED] - Browser is opened with url: ''

02-07-2024T11:18:31 - [TEST_STEP][PASSED] - navigateToUrl("https://katalon-demo-cura.herokuapp.com/"): Navigate to 'https://katalon-demo-cura.herokuapp.com/' successfully

02-07-2024T11:18:34 - [MESSAGE][PASSED] - Navigate to 'https://katalon-demo-cura.herokuapp.com/' successfully

02-07-2024T11:18:34 - [TEST_STEP][PASSED] - loginParameter = "varibleLogin": null

02-07-2024T11:18:34 - [TEST_STEP][PASSED] - click(findTestObject("1. CURA Test Object (Click, Set, Dropdown)/Make Appointment")): Object: 'Object Repository/1. CURA Test Object (Click, Set, Dropdown)/Make Appointment' is clicked on

02-07-2024T11:18:35 - [MESSAGE][PASSED] - Object: 'Object Repository/1. CURA Test Object (Click, Set, Dropdown)/Make Appointment' is clicked on

02-07-2024T11:18:35 - [TEST_STEP][PASSED] - setText(findTestObject("1. CURA Test Object (Click, Set, Dropdown)/Username"), Username): Text 'John' is set on object 'Object Repository/1. CURA Test Object (Click, Set, Dropdown)/Username'

02-07-2024T11:18:36 - [MESSAGE][PASSED] - Text 'John' is set on object 'Object Repository/1. CURA Test Object (Click, Set, Dropdown)/Username'

02-07-2024T11:18:36 - [TEST_STEP][PASSED] - setText(findTestObject("1. CURA Test Object (Click, Set, Dropdown)/Password"), Password): Text '' is set on object 'Object Repository/1. CURA Test Object (Click, Set, Dropdown)/Password'

02-07-2024T11:18:37 - [MESSAGE][PASSED] - Text '' is set on object 'Object Repository/1. CURA Test Object (Click, Set, Dropdown)/Password'

02-07-2024T11:18:37 - [TEST_STEP][PASSED] - click(findTestObject("1. CURA Test Object (Click, Set, Dropdown)/Login Button")): Object: 'Object Repository/1. CURA Test Object (Click, Set, Dropdown)/Login Button' is clicked on

02-07-2024T11:18:38 - [MESSAGE][PASSED] - Object: 'Object Repository/1. CURA Test Object (Click, Set, Dropdown)/Login Button' is clicked on]]></system-out>
         <system-err><![CDATA[]]></system-err>
      </testcase>
      <testcase name="Test Cases/TC17 - Login using data driven" time="7.938" classname="Test Cases/TC17 - Login using data driven" status="PASSED">
         <system-out><![CDATA[02-07-2024T11:18:38 - [TEST_CASE][PASSED] - Test Cases/TC17 - Login using data driven: Test Cases/TC17 - Login using data driven

02-07-2024T11:18:38 - [TEST_STEP][PASSED] - openBrowser(""): Browser is opened with url: ''

02-07-2024T11:18:38 - [MESSAGE][WARNING] - A browser is already opened. Closing browser and opening a new one

02-07-2024T11:18:39 - [MESSAGE][INFO] - Starting 'Chrome' driver

02-07-2024T11:18:39 - [MESSAGE][INFO] - Action delay is set to 0 milliseconds

02-07-2024T11:18:40 - [MESSAGE][PASSED] - Browser is opened with url: ''

02-07-2024T11:18:40 - [TEST_STEP][PASSED] - navigateToUrl("https://katalon-demo-cura.herokuapp.com/"): Navigate to 'https://katalon-demo-cura.herokuapp.com/' successfully

02-07-2024T11:18:43 - [MESSAGE][PASSED] - Navigate to 'https://katalon-demo-cura.herokuapp.com/' successfully

02-07-2024T11:18:43 - [TEST_STEP][PASSED] - loginParameter = "varibleLogin": null

02-07-2024T11:18:43 - [TEST_STEP][PASSED] - click(findTestObject("1. CURA Test Object (Click, Set, Dropdown)/Make Appointment")): Object: 'Object Repository/1. CURA Test Object (Click, Set, Dropdown)/Make Appointment' is clicked on

02-07-2024T11:18:44 - [MESSAGE][PASSED] - Object: 'Object Repository/1. CURA Test Object (Click, Set, Dropdown)/Make Appointment' is clicked on

02-07-2024T11:18:44 - [TEST_STEP][PASSED] - setText(findTestObject("1. CURA Test Object (Click, Set, Dropdown)/Username"), Username): Text 'John Doe' is set on object 'Object Repository/1. CURA Test Object (Click, Set, Dropdown)/Username'

02-07-2024T11:18:44 - [MESSAGE][PASSED] - Text 'John Doe' is set on object 'Object Repository/1. CURA Test Object (Click, Set, Dropdown)/Username'

02-07-2024T11:18:44 - [TEST_STEP][PASSED] - setText(findTestObject("1. CURA Test Object (Click, Set, Dropdown)/Password"), Password): Text 'This' is set on object 'Object Repository/1. CURA Test Object (Click, Set, Dropdown)/Password'

02-07-2024T11:18:45 - [MESSAGE][PASSED] - Text 'This' is set on object 'Object Repository/1. CURA Test Object (Click, Set, Dropdown)/Password'

02-07-2024T11:18:45 - [TEST_STEP][PASSED] - click(findTestObject("1. CURA Test Object (Click, Set, Dropdown)/Login Button")): Object: 'Object Repository/1. CURA Test Object (Click, Set, Dropdown)/Login Button' is clicked on

02-07-2024T11:18:46 - [MESSAGE][PASSED] - Object: 'Object Repository/1. CURA Test Object (Click, Set, Dropdown)/Login Button' is clicked on]]></system-out>
         <system-err><![CDATA[]]></system-err>
      </testcase>
      <testcase name="Test Cases/TC17 - Login using data driven" time="7.713" classname="Test Cases/TC17 - Login using data driven" status="PASSED">
         <system-out><![CDATA[02-07-2024T11:18:46 - [TEST_CASE][PASSED] - Test Cases/TC17 - Login using data driven: Test Cases/TC17 - Login using data driven

02-07-2024T11:18:46 - [TEST_STEP][PASSED] - openBrowser(""): Browser is opened with url: ''

02-07-2024T11:18:46 - [MESSAGE][WARNING] - A browser is already opened. Closing browser and opening a new one

02-07-2024T11:18:47 - [MESSAGE][INFO] - Starting 'Chrome' driver

02-07-2024T11:18:47 - [MESSAGE][INFO] - Action delay is set to 0 milliseconds

02-07-2024T11:18:48 - [MESSAGE][PASSED] - Browser is opened with url: ''

02-07-2024T11:18:48 - [TEST_STEP][PASSED] - navigateToUrl("https://katalon-demo-cura.herokuapp.com/"): Navigate to 'https://katalon-demo-cura.herokuapp.com/' successfully

02-07-2024T11:18:51 - [MESSAGE][PASSED] - Navigate to 'https://katalon-demo-cura.herokuapp.com/' successfully

02-07-2024T11:18:51 - [TEST_STEP][PASSED] - loginParameter = "varibleLogin": null

02-07-2024T11:18:51 - [TEST_STEP][PASSED] - click(findTestObject("1. CURA Test Object (Click, Set, Dropdown)/Make Appointment")): Object: 'Object Repository/1. CURA Test Object (Click, Set, Dropdown)/Make Appointment' is clicked on

02-07-2024T11:18:51 - [MESSAGE][PASSED] - Object: 'Object Repository/1. CURA Test Object (Click, Set, Dropdown)/Make Appointment' is clicked on

02-07-2024T11:18:51 - [TEST_STEP][PASSED] - setText(findTestObject("1. CURA Test Object (Click, Set, Dropdown)/Username"), Username): Text '' is set on object 'Object Repository/1. CURA Test Object (Click, Set, Dropdown)/Username'

02-07-2024T11:18:52 - [MESSAGE][PASSED] - Text '' is set on object 'Object Repository/1. CURA Test Object (Click, Set, Dropdown)/Username'

02-07-2024T11:18:52 - [TEST_STEP][PASSED] - setText(findTestObject("1. CURA Test Object (Click, Set, Dropdown)/Password"), Password): Text 'ThisIsNotAPassword' is set on object 'Object Repository/1. CURA Test Object (Click, Set, Dropdown)/Password'

02-07-2024T11:18:53 - [MESSAGE][PASSED] - Text 'ThisIsNotAPassword' is set on object 'Object Repository/1. CURA Test Object (Click, Set, Dropdown)/Password'

02-07-2024T11:18:53 - [TEST_STEP][PASSED] - click(findTestObject("1. CURA Test Object (Click, Set, Dropdown)/Login Button")): Object: 'Object Repository/1. CURA Test Object (Click, Set, Dropdown)/Login Button' is clicked on

02-07-2024T11:18:54 - [MESSAGE][PASSED] - Object: 'Object Repository/1. CURA Test Object (Click, Set, Dropdown)/Login Button' is clicked on]]></system-out>
         <system-err><![CDATA[]]></system-err>
      </testcase>
      <testcase name="Test Cases/TC17 - Login using data driven" time="7.969" classname="Test Cases/TC17 - Login using data driven" status="PASSED">
         <system-out><![CDATA[02-07-2024T11:18:54 - [TEST_CASE][PASSED] - Test Cases/TC17 - Login using data driven: Test Cases/TC17 - Login using data driven

02-07-2024T11:18:54 - [TEST_STEP][PASSED] - openBrowser(""): Browser is opened with url: ''

02-07-2024T11:18:54 - [MESSAGE][WARNING] - A browser is already opened. Closing browser and opening a new one

02-07-2024T11:18:54 - [MESSAGE][INFO] - Starting 'Chrome' driver

02-07-2024T11:18:54 - [MESSAGE][INFO] - Action delay is set to 0 milliseconds

02-07-2024T11:18:55 - [MESSAGE][PASSED] - Browser is opened with url: ''

02-07-2024T11:18:55 - [TEST_STEP][PASSED] - navigateToUrl("https://katalon-demo-cura.herokuapp.com/"): Navigate to 'https://katalon-demo-cura.herokuapp.com/' successfully

02-07-2024T11:18:58 - [MESSAGE][PASSED] - Navigate to 'https://katalon-demo-cura.herokuapp.com/' successfully

02-07-2024T11:18:58 - [TEST_STEP][PASSED] - loginParameter = "varibleLogin": null

02-07-2024T11:18:58 - [TEST_STEP][PASSED] - click(findTestObject("1. CURA Test Object (Click, Set, Dropdown)/Make Appointment")): Object: 'Object Repository/1. CURA Test Object (Click, Set, Dropdown)/Make Appointment' is clicked on

02-07-2024T11:18:59 - [MESSAGE][PASSED] - Object: 'Object Repository/1. CURA Test Object (Click, Set, Dropdown)/Make Appointment' is clicked on

02-07-2024T11:18:59 - [TEST_STEP][PASSED] - setText(findTestObject("1. CURA Test Object (Click, Set, Dropdown)/Username"), Username): Text 'John' is set on object 'Object Repository/1. CURA Test Object (Click, Set, Dropdown)/Username'

02-07-2024T11:19:00 - [MESSAGE][PASSED] - Text 'John' is set on object 'Object Repository/1. CURA Test Object (Click, Set, Dropdown)/Username'

02-07-2024T11:19:00 - [TEST_STEP][PASSED] - setText(findTestObject("1. CURA Test Object (Click, Set, Dropdown)/Password"), Password): Text 'ThisIs' is set on object 'Object Repository/1. CURA Test Object (Click, Set, Dropdown)/Password'

02-07-2024T11:19:01 - [MESSAGE][PASSED] - Text 'ThisIs' is set on object 'Object Repository/1. CURA Test Object (Click, Set, Dropdown)/Password'

02-07-2024T11:19:01 - [TEST_STEP][PASSED] - click(findTestObject("1. CURA Test Object (Click, Set, Dropdown)/Login Button")): Object: 'Object Repository/1. CURA Test Object (Click, Set, Dropdown)/Login Button' is clicked on

02-07-2024T11:19:02 - [MESSAGE][PASSED] - Object: 'Object Repository/1. CURA Test Object (Click, Set, Dropdown)/Login Button' is clicked on]]></system-out>
         <system-err><![CDATA[]]></system-err>
      </testcase>
      <testcase name="Test Cases/TC17 - Login using data driven" time="8.26" classname="Test Cases/TC17 - Login using data driven" status="PASSED">
         <system-out><![CDATA[02-07-2024T11:19:02 - [TEST_CASE][PASSED] - Test Cases/TC17 - Login using data driven: Test Cases/TC17 - Login using data driven

02-07-2024T11:19:02 - [TEST_STEP][PASSED] - openBrowser(""): Browser is opened with url: ''

02-07-2024T11:19:02 - [MESSAGE][WARNING] - A browser is already opened. Closing browser and opening a new one

02-07-2024T11:19:02 - [MESSAGE][INFO] - Starting 'Chrome' driver

02-07-2024T11:19:03 - [MESSAGE][INFO] - Action delay is set to 0 milliseconds

02-07-2024T11:19:03 - [MESSAGE][PASSED] - Browser is opened with url: ''

02-07-2024T11:19:04 - [TEST_STEP][PASSED] - navigateToUrl("https://katalon-demo-cura.herokuapp.com/"): Navigate to 'https://katalon-demo-cura.herokuapp.com/' successfully

02-07-2024T11:19:07 - [MESSAGE][PASSED] - Navigate to 'https://katalon-demo-cura.herokuapp.com/' successfully

02-07-2024T11:19:07 - [TEST_STEP][PASSED] - loginParameter = "varibleLogin": null

02-07-2024T11:19:07 - [TEST_STEP][PASSED] - click(findTestObject("1. CURA Test Object (Click, Set, Dropdown)/Make Appointment")): Object: 'Object Repository/1. CURA Test Object (Click, Set, Dropdown)/Make Appointment' is clicked on

02-07-2024T11:19:07 - [MESSAGE][PASSED] - Object: 'Object Repository/1. CURA Test Object (Click, Set, Dropdown)/Make Appointment' is clicked on

02-07-2024T11:19:07 - [TEST_STEP][PASSED] - setText(findTestObject("1. CURA Test Object (Click, Set, Dropdown)/Username"), Username): Text 'John Doe' is set on object 'Object Repository/1. CURA Test Object (Click, Set, Dropdown)/Username'

02-07-2024T11:19:09 - [MESSAGE][PASSED] - Text 'John Doe' is set on object 'Object Repository/1. CURA Test Object (Click, Set, Dropdown)/Username'

02-07-2024T11:19:09 - [TEST_STEP][PASSED] - setText(findTestObject("1. CURA Test Object (Click, Set, Dropdown)/Password"), Password): Text 'ThisIsNotAPassword' is set on object 'Object Repository/1. CURA Test Object (Click, Set, Dropdown)/Password'

02-07-2024T11:19:09 - [MESSAGE][PASSED] - Text 'ThisIsNotAPassword' is set on object 'Object Repository/1. CURA Test Object (Click, Set, Dropdown)/Password'

02-07-2024T11:19:09 - [TEST_STEP][PASSED] - click(findTestObject("1. CURA Test Object (Click, Set, Dropdown)/Login Button")): Object: 'Object Repository/1. CURA Test Object (Click, Set, Dropdown)/Login Button' is clicked on

02-07-2024T11:19:10 - [MESSAGE][PASSED] - Object: 'Object Repository/1. CURA Test Object (Click, Set, Dropdown)/Login Button' is clicked on]]></system-out>
         <system-err><![CDATA[]]></system-err>
      </testcase>
      <system-out><![CDATA[02-07-2024T11:18:29 - [TEST_SUITE][PASSED] - TC09 - Login using data driven: Test Cases/TC17 - Login using data driven]]></system-out>
      <system-err><![CDATA[]]></system-err>
   </testsuite>
</testsuites>
