<?xml version="1.0" encoding="UTF-8"?>
<testsuites name="TS01 - Login" time="193.05" tests="5" failures="0" errors="0">
   <testsuite name="TS01 - Login" tests="5" failures="0" errors="0" time="193.05" skipped="0" timestamp="24-06-2024T12:35:20" hostname="Lenovo - LAPTOP-7QB5JFLU" id="Test Suites/TS01 - Login">
      <properties>
         <property name="deviceName" value=""/>
         <property name="devicePlatform"/>
         <property name="logFolder" value="C:\\Users\\Lenovo\\git\\KatalonPractitionerLevel\\Reports\\20240624_123506\\TS01 - Login\\20240624_123507"/>
         <property name="logFiles" value="C:\\Users\\Lenovo\\git\\KatalonPractitionerLevel\\Reports\\20240624_123506\\TS01 - Login\\20240624_123507\\execution0.log"/>
         <property name="attachments" value=""/>
         <property name="hostName" value="Lenovo - LAPTOP-7QB5JFLU"/>
         <property name="os" value="Windows 11 64bit"/>
         <property name="katalonVersion" value="9.6.0.217"/>
         <property name="browser" value="Chrome 126.0.0.0"/>
         <property name="hostAddress" value="192.168.1.12"/>
         <property name="sessionId" value="cb2aed129dd7499bb0b45d79c067b18a"/>
         <property name="seleniumVersion" value="3.141.59"/>
         <property name="proxyInformation" value="ProxyInformation { proxyOption=NO_PROXY, proxyServerType=HTTP, username=, password=********, proxyServerAddress=, proxyServerPort=0, executionList=&quot;&quot;, isApplyToDesiredCapabilities=true }"/>
         <property name="platform" value="Windows 11"/>
      </properties>
      <testcase name="Test Cases/TC01 - Verify Home Page of CURA" time="8.789" classname="Test Cases/TC01 - Verify Home Page of CURA" status="PASSED">
         <system-out><![CDATA[24-06-2024T12:35:20 - [TEST_CASE][PASSED] - Test Cases/TC01 - Verify Home Page of CURA: Test Cases/TC01 - Verify Home Page of CURA

24-06-2024T12:35:20 - [TEST_STEP][PASSED] - openBrowser(""): Browser is opened with url: ''

24-06-2024T12:35:20 - [MESSAGE][INFO] - Starting 'Chrome' driver

24-06-2024T12:35:20 - [MESSAGE][INFO] - Action delay is set to 0 milliseconds

24-06-2024T12:35:22 - [MESSAGE][PASSED] - Browser is opened with url: ''

24-06-2024T12:35:22 - [TEST_STEP][PASSED] - navigateToUrl("https://katalon-demo-cura.herokuapp.com/"): Navigate to 'https://katalon-demo-cura.herokuapp.com/' successfully

24-06-2024T12:35:25 - [MESSAGE][PASSED] - Navigate to 'https://katalon-demo-cura.herokuapp.com/' successfully

24-06-2024T12:35:25 - [TEST_STEP][PASSED] - verifyElementText(findTestObject("Object Repository/Homepage of CURA/Page_CURA Healthcare Service/h1_CURA Healthcare Service"), "CURA Healthcare Service"): Actual text and expected text of test object 'Object Repository/Homepage of CURA/Page_CURA Healthcare Service/h1_CURA Healthcare Service' are matched.

24-06-2024T12:35:25 - [MESSAGE][PASSED] - Actual text and expected text of test object 'Object Repository/Homepage of CURA/Page_CURA Healthcare Service/h1_CURA Healthcare Service' are matched.

24-06-2024T12:35:25 - [TEST_STEP][PASSED] - verifyElementText(findTestObject("Object Repository/Homepage of CURA/Page_CURA Healthcare Service/h3_We Care About Your Health"), "We Care About Your Health"): Actual text and expected text of test object 'Object Repository/Homepage of CURA/Page_CURA Healthcare Service/h3_We Care About Your Health' are matched.

24-06-2024T12:35:26 - [MESSAGE][PASSED] - Actual text and expected text of test object 'Object Repository/Homepage of CURA/Page_CURA Healthcare Service/h3_We Care About Your Health' are matched.

24-06-2024T12:35:26 - [TEST_STEP][PASSED] - verifyElementText(findTestObject("Object Repository/Homepage of CURA/Page_CURA Healthcare Service/strong_CURA Healthcare Service"), "CURA Healthcare Service"): Actual text and expected text of test object 'Object Repository/Homepage of CURA/Page_CURA Healthcare Service/strong_CURA Healthcare Service' are matched.

24-06-2024T12:35:26 - [MESSAGE][PASSED] - Actual text and expected text of test object 'Object Repository/Homepage of CURA/Page_CURA Healthcare Service/strong_CURA Healthcare Service' are matched.

24-06-2024T12:35:26 - [TEST_STEP][PASSED] - ExpectedValue = "Atlanta 550 Pharr Road NE Suite 525
Atlanta, GA 30305": null

24-06-2024T12:35:26 - [TEST_STEP][PASSED] - verifyElementText(findTestObject("Object Repository/Homepage of CURA/Page_CURA Healthcare Service/p_Atlanta 550 Pharr Road NE Suite 525Atlant_8f4c85"), ExpectedValue): Actual text and expected text of test object 'Object Repository/Homepage of CURA/Page_CURA Healthcare Service/p_Atlanta 550 Pharr Road NE Suite 525Atlant_8f4c85' are matched.

24-06-2024T12:35:26 - [MESSAGE][PASSED] - Actual text and expected text of test object 'Object Repository/Homepage of CURA/Page_CURA Healthcare Service/p_Atlanta 550 Pharr Road NE Suite 525Atlant_8f4c85' are matched.

24-06-2024T12:35:26 - [TEST_STEP][PASSED] - verifyElementText(findTestObject("Object Repository/Homepage of CURA/Page_CURA Healthcare Service/li_(678) 813-1KMS"), "(678) 813-1KMS"): Actual text and expected text of test object 'Object Repository/Homepage of CURA/Page_CURA Healthcare Service/li_(678) 813-1KMS' are matched.

24-06-2024T12:35:26 - [MESSAGE][PASSED] - Actual text and expected text of test object 'Object Repository/Homepage of CURA/Page_CURA Healthcare Service/li_(678) 813-1KMS' are matched.

24-06-2024T12:35:27 - [TEST_STEP][PASSED] - verifyElementText(findTestObject("Object Repository/Homepage of CURA/Page_CURA Healthcare Service/li_infokatalon.com"), "info@katalon.com"): Actual text and expected text of test object 'Object Repository/Homepage of CURA/Page_CURA Healthcare Service/li_infokatalon.com' are matched.

24-06-2024T12:35:27 - [MESSAGE][PASSED] - Actual text and expected text of test object 'Object Repository/Homepage of CURA/Page_CURA Healthcare Service/li_infokatalon.com' are matched.

24-06-2024T12:35:27 - [TEST_STEP][PASSED] - verifyElementClickable(findTestObject("Object Repository/Homepage of CURA/Page_CURA Healthcare Service/i_infokatalon.com_fa fa-facebook fa-fw fa-3x")): Object 'Object Repository/Homepage of CURA/Page_CURA Healthcare Service/i_infokatalon.com_fa fa-facebook fa-fw fa-3x' is clickable

24-06-2024T12:35:27 - [MESSAGE][PASSED] - Object 'Object Repository/Homepage of CURA/Page_CURA Healthcare Service/i_infokatalon.com_fa fa-facebook fa-fw fa-3x' is clickable

24-06-2024T12:35:27 - [TEST_STEP][PASSED] - verifyElementClickable(findTestObject("Object Repository/Homepage of CURA/Page_CURA Healthcare Service/i_infokatalon.com_fa fa-twitter fa-fw fa-3x")): Object 'Object Repository/Homepage of CURA/Page_CURA Healthcare Service/i_infokatalon.com_fa fa-twitter fa-fw fa-3x' is clickable

24-06-2024T12:35:27 - [MESSAGE][PASSED] - Object 'Object Repository/Homepage of CURA/Page_CURA Healthcare Service/i_infokatalon.com_fa fa-twitter fa-fw fa-3x' is clickable

24-06-2024T12:35:27 - [TEST_STEP][PASSED] - verifyElementClickable(findTestObject("Object Repository/Homepage of CURA/Page_CURA Healthcare Service/i_infokatalon.com_fa fa-dribbble fa-fw fa-3x")): Object 'Object Repository/Homepage of CURA/Page_CURA Healthcare Service/i_infokatalon.com_fa fa-dribbble fa-fw fa-3x' is clickable

24-06-2024T12:35:28 - [MESSAGE][PASSED] - Object 'Object Repository/Homepage of CURA/Page_CURA Healthcare Service/i_infokatalon.com_fa fa-dribbble fa-fw fa-3x' is clickable

24-06-2024T12:35:28 - [TEST_STEP][PASSED] - verifyElementText(findTestObject("Object Repository/Homepage of CURA/Page_CURA Healthcare Service/p_Copyright  CURA Healthcare Service 2024"), "Copyright Â© CURA Healthcare Service 2024"): Actual text and expected text of test object 'Object Repository/Homepage of CURA/Page_CURA Healthcare Service/p_Copyright  CURA Healthcare Service 2024' are matched.

24-06-2024T12:35:28 - [MESSAGE][PASSED] - Actual text and expected text of test object 'Object Repository/Homepage of CURA/Page_CURA Healthcare Service/p_Copyright  CURA Healthcare Service 2024' are matched.

24-06-2024T12:35:28 - [TEST_STEP][PASSED] - verifyElementClickable(findTestObject("Object Repository/Homepage of CURA/Page_CURA Healthcare Service/a_Make Appointment")): Object 'Object Repository/Homepage of CURA/Page_CURA Healthcare Service/a_Make Appointment' is clickable

24-06-2024T12:35:28 - [MESSAGE][PASSED] - Object 'Object Repository/Homepage of CURA/Page_CURA Healthcare Service/a_Make Appointment' is clickable

24-06-2024T12:35:28 - [TEST_STEP][PASSED] - closeBrowser(): Browser is closed

24-06-2024T12:35:29 - [MESSAGE][PASSED] - Browser is closed]]></system-out>
         <system-err><![CDATA[]]></system-err>
      </testcase>
      <testcase name="Test Cases/TC02 - Login normally" time="102.407" classname="Test Cases/TC02 - Login normally" status="PASSED">
         <system-out><![CDATA[24-06-2024T12:35:29 - [TEST_CASE][PASSED] - Test Cases/TC02 - Login normally: Test Cases/TC02 - Login normally

24-06-2024T12:35:29 - [TEST_STEP][PASSED] - openBrowser(""): Browser is opened with url: ''

24-06-2024T12:35:29 - [MESSAGE][INFO] - Starting 'Chrome' driver

24-06-2024T12:35:29 - [MESSAGE][INFO] - Action delay is set to 0 milliseconds

24-06-2024T12:35:29 - [MESSAGE][PASSED] - Browser is opened with url: ''

24-06-2024T12:35:29 - [TEST_STEP][PASSED] - navigateToUrl("https://katalon-demo-cura.herokuapp.com/"): Navigate to 'https://katalon-demo-cura.herokuapp.com/' successfully

24-06-2024T12:35:33 - [MESSAGE][PASSED] - Navigate to 'https://katalon-demo-cura.herokuapp.com/' successfully

24-06-2024T12:35:33 - [TEST_STEP][PASSED] - click(findTestObject("Object Repository/Login page/Page_CURA Healthcare Service/a_Make Appointment")): Object: 'Object Repository/Login page/Page_CURA Healthcare Service/a_Make Appointment' is clicked on

24-06-2024T12:35:34 - [MESSAGE][PASSED] - Object: 'Object Repository/Login page/Page_CURA Healthcare Service/a_Make Appointment' is clicked on

24-06-2024T12:35:34 - [TEST_STEP][PASSED] - click(findTestObject("Object Repository/Login page/Page_CURA Healthcare Service/input_Username_username")): Object: 'Object Repository/Login page/Page_CURA Healthcare Service/input_Username_username' is clicked on

24-06-2024T12:36:05 - [MESSAGE][INFO] - Unable to find the element located by 'By.xpath: John'. Please recheck the objects properties to make sure the desired element is located. 

24-06-2024T12:36:05 - [MESSAGE][WARNING] - [SELF-HEALING] Failed to find element with id 'Object Repository/Login page/Page_CURA Healthcare Service/input_Username_username'. Try using Self-healing.

24-06-2024T12:36:05 - [MESSAGE][INFO] - [SELF-HEALING] Working Locator: '//input[@id='txt-username']'.

24-06-2024T12:36:06 - [MESSAGE][INFO] - [SELF-HEALING] Screenshot: C:/Users/Lenovo/git/KatalonPractitionerLevel/Reports/Self-healing/Object Repository/Login page/Page_CURA Healthcare Service/input_Username_username_attributes.png

24-06-2024T12:36:06 - [MESSAGE][WARNING] - [SELF-HEALING] The current locator of test object 'Object Repository/Login page/Page_CURA Healthcare Service/input_Username_username' was broken. Propose an alternative one: '//input[@id='txt-username']'.

24-06-2024T12:36:06 - [MESSAGE][PASSED] - Object: 'Object Repository/Login page/Page_CURA Healthcare Service/input_Username_username' is clicked on

24-06-2024T12:36:06 - [TEST_STEP][PASSED] - setText(findTestObject("Object Repository/Login page/Page_CURA Healthcare Service/input_Username_username"), "John Doe"): Text 'John Doe' is set on object 'Object Repository/Login page/Page_CURA Healthcare Service/input_Username_username'

24-06-2024T12:36:37 - [MESSAGE][INFO] - Unable to find the element located by 'By.xpath: John'. Please recheck the objects properties to make sure the desired element is located. 

24-06-2024T12:36:37 - [MESSAGE][WARNING] - [SELF-HEALING] Failed to find element with id 'Object Repository/Login page/Page_CURA Healthcare Service/input_Username_username'. Try using Self-healing.

24-06-2024T12:36:37 - [MESSAGE][WARNING] - [SELF-HEALING] The current locator of test object 'Object Repository/Login page/Page_CURA Healthcare Service/input_Username_username' was broken. Propose an alternative one: '//input[@id='txt-username']'.

24-06-2024T12:37:08 - [MESSAGE][INFO] - Unable to find the element located by 'By.xpath: John'. Please recheck the objects properties to make sure the desired element is located. 

24-06-2024T12:37:08 - [MESSAGE][WARNING] - [SELF-HEALING] Failed to find element with id 'Object Repository/Login page/Page_CURA Healthcare Service/input_Username_username'. Try using Self-healing.

24-06-2024T12:37:09 - [MESSAGE][WARNING] - [SELF-HEALING] The current locator of test object 'Object Repository/Login page/Page_CURA Healthcare Service/input_Username_username' was broken. Propose an alternative one: '//input[@id='txt-username']'.

24-06-2024T12:37:09 - [MESSAGE][PASSED] - Text 'John Doe' is set on object 'Object Repository/Login page/Page_CURA Healthcare Service/input_Username_username'

24-06-2024T12:37:09 - [TEST_STEP][PASSED] - setEncryptedText(findTestObject("Object Repository/Login page/Page_CURA Healthcare Service/input_Password_password"), "g3/DOGG74jC3Flrr3yH+3D/yKbOqqUNM"): Text ****** has been set on object 'Object Repository/Login page/Page_CURA Healthcare Service/input_Password_password'

24-06-2024T12:37:09 - [MESSAGE][PASSED] - Text ****** has been set on object 'Object Repository/Login page/Page_CURA Healthcare Service/input_Password_password'

24-06-2024T12:37:09 - [TEST_STEP][PASSED] - click(findTestObject("Object Repository/Login page/Page_CURA Healthcare Service/button_Login")): Object: 'Object Repository/Login page/Page_CURA Healthcare Service/button_Login' is clicked on

24-06-2024T12:37:11 - [MESSAGE][PASSED] - Object: 'Object Repository/Login page/Page_CURA Healthcare Service/button_Login' is clicked on

24-06-2024T12:37:11 - [TEST_STEP][PASSED] - closeBrowser(): Browser is closed

24-06-2024T12:37:11 - [MESSAGE][PASSED] - Browser is closed]]></system-out>
         <system-err><![CDATA[]]></system-err>
      </testcase>
      <testcase name="Test Cases/TC10 - Login in another way" time="12.667" classname="Test Cases/TC10 - Login in another way" status="PASSED">
         <system-out><![CDATA[24-06-2024T12:37:11 - [TEST_CASE][PASSED] - Test Cases/TC10 - Login in another way: Test Cases/TC10 - Login in another way

24-06-2024T12:37:11 - [TEST_STEP][PASSED] - openBrowser(""): Browser is opened with url: ''

24-06-2024T12:37:11 - [MESSAGE][INFO] - Starting 'Chrome' driver

24-06-2024T12:37:11 - [MESSAGE][INFO] - Action delay is set to 0 milliseconds

24-06-2024T12:37:12 - [MESSAGE][PASSED] - Browser is opened with url: ''

24-06-2024T12:37:12 - [TEST_STEP][PASSED] - navigateToUrl("https://katalon-demo-cura.herokuapp.com/"): Navigate to 'https://katalon-demo-cura.herokuapp.com/' successfully

24-06-2024T12:37:18 - [MESSAGE][PASSED] - Navigate to 'https://katalon-demo-cura.herokuapp.com/' successfully

24-06-2024T12:37:18 - [TEST_STEP][PASSED] - verifyElementText(findTestObject("Object Repository/Login menu check/Page_CURA Healthcare Service/h1_CURA Healthcare Service"), "CURA Healthcare Service"): Actual text and expected text of test object 'Object Repository/Login menu check/Page_CURA Healthcare Service/h1_CURA Healthcare Service' are matched.

24-06-2024T12:37:18 - [MESSAGE][PASSED] - Actual text and expected text of test object 'Object Repository/Login menu check/Page_CURA Healthcare Service/h1_CURA Healthcare Service' are matched.

24-06-2024T12:37:18 - [TEST_STEP][PASSED] - click(findTestObject("Object Repository/Login menu check/Page_CURA Healthcare Service/a_Make Appointment")): Object: 'Object Repository/Login menu check/Page_CURA Healthcare Service/a_Make Appointment' is clicked on

24-06-2024T12:37:19 - [MESSAGE][PASSED] - Object: 'Object Repository/Login menu check/Page_CURA Healthcare Service/a_Make Appointment' is clicked on

24-06-2024T12:37:19 - [TEST_STEP][PASSED] - verifyElementText(findTestObject("Object Repository/Login menu check/Page_CURA Healthcare Service/h2_Login"), "Login"): Actual text and expected text of test object 'Object Repository/Login menu check/Page_CURA Healthcare Service/h2_Login' are matched.

24-06-2024T12:37:20 - [MESSAGE][PASSED] - Actual text and expected text of test object 'Object Repository/Login menu check/Page_CURA Healthcare Service/h2_Login' are matched.

24-06-2024T12:37:20 - [TEST_STEP][PASSED] - click(findTestObject("Object Repository/Login menu check/Page_CURA Healthcare Service/a_CURA Healthcare_menu-toggle")): Object: 'Object Repository/Login menu check/Page_CURA Healthcare Service/a_CURA Healthcare_menu-toggle' is clicked on

24-06-2024T12:37:20 - [MESSAGE][PASSED] - Object: 'Object Repository/Login menu check/Page_CURA Healthcare Service/a_CURA Healthcare_menu-toggle' is clicked on

24-06-2024T12:37:20 - [TEST_STEP][PASSED] - click(findTestObject("Object Repository/Login menu check/Page_CURA Healthcare Service/a_Login")): Object: 'Object Repository/Login menu check/Page_CURA Healthcare Service/a_Login' is clicked on

24-06-2024T12:37:20 - [MESSAGE][PASSED] - Object: 'Object Repository/Login menu check/Page_CURA Healthcare Service/a_Login' is clicked on

24-06-2024T12:37:20 - [TEST_STEP][PASSED] - verifyElementText(findTestObject("Object Repository/Login menu check/Page_CURA Healthcare Service/h2_Login"), "Login"): Actual text and expected text of test object 'Object Repository/Login menu check/Page_CURA Healthcare Service/h2_Login' are matched.

24-06-2024T12:37:20 - [MESSAGE][PASSED] - Actual text and expected text of test object 'Object Repository/Login menu check/Page_CURA Healthcare Service/h2_Login' are matched.

24-06-2024T12:37:20 - [TEST_STEP][PASSED] - click(findTestObject("Object Repository/Login menu check/Page_CURA Healthcare Service/i_CURA Healthcare_fa fa-bars")): Object: 'Object Repository/Login menu check/Page_CURA Healthcare Service/i_CURA Healthcare_fa fa-bars' is clicked on

24-06-2024T12:37:21 - [MESSAGE][PASSED] - Object: 'Object Repository/Login menu check/Page_CURA Healthcare Service/i_CURA Healthcare_fa fa-bars' is clicked on

24-06-2024T12:37:21 - [TEST_STEP][PASSED] - click(findTestObject("Object Repository/Login menu check/Page_CURA Healthcare Service/a_Home")): Object: 'Object Repository/Login menu check/Page_CURA Healthcare Service/a_Home' is clicked on

24-06-2024T12:37:22 - [MESSAGE][PASSED] - Object: 'Object Repository/Login menu check/Page_CURA Healthcare Service/a_Home' is clicked on

24-06-2024T12:37:22 - [TEST_STEP][PASSED] - verifyElementText(findTestObject("Object Repository/Login menu check/Page_CURA Healthcare Service/h1_CURA Healthcare Service"), "CURA Healthcare Service"): Actual text and expected text of test object 'Object Repository/Login menu check/Page_CURA Healthcare Service/h1_CURA Healthcare Service' are matched.

24-06-2024T12:37:22 - [MESSAGE][PASSED] - Actual text and expected text of test object 'Object Repository/Login menu check/Page_CURA Healthcare Service/h1_CURA Healthcare Service' are matched.

24-06-2024T12:37:22 - [TEST_STEP][PASSED] - click(findTestObject("Object Repository/Login menu check/Page_CURA Healthcare Service/i_CURA Healthcare_fa fa-bars")): Object: 'Object Repository/Login menu check/Page_CURA Healthcare Service/i_CURA Healthcare_fa fa-bars' is clicked on

24-06-2024T12:37:22 - [MESSAGE][PASSED] - Object: 'Object Repository/Login menu check/Page_CURA Healthcare Service/i_CURA Healthcare_fa fa-bars' is clicked on

24-06-2024T12:37:22 - [TEST_STEP][PASSED] - click(findTestObject("Object Repository/Login menu check/Page_CURA Healthcare Service/a_Login")): Object: 'Object Repository/Login menu check/Page_CURA Healthcare Service/a_Login' is clicked on

24-06-2024T12:37:23 - [MESSAGE][PASSED] - Object: 'Object Repository/Login menu check/Page_CURA Healthcare Service/a_Login' is clicked on

24-06-2024T12:37:23 - [TEST_STEP][PASSED] - verifyElementText(findTestObject("Object Repository/Login menu check/Page_CURA Healthcare Service/h2_Login"), "Login"): Actual text and expected text of test object 'Object Repository/Login menu check/Page_CURA Healthcare Service/h2_Login' are matched.

24-06-2024T12:37:23 - [MESSAGE][PASSED] - Actual text and expected text of test object 'Object Repository/Login menu check/Page_CURA Healthcare Service/h2_Login' are matched.

24-06-2024T12:37:23 - [TEST_STEP][PASSED] - closeBrowser(): Browser is closed

24-06-2024T12:37:24 - [MESSAGE][PASSED] - Browser is closed]]></system-out>
         <system-err><![CDATA[]]></system-err>
      </testcase>
      <testcase name="Test Cases/TC03 - Login Failed" time="48.72" classname="Test Cases/TC03 - Login Failed" status="PASSED">
         <system-out><![CDATA[24-06-2024T12:37:24 - [TEST_CASE][PASSED] - Test Cases/TC03 - Login Failed: Test Cases/TC03 - Login Failed

24-06-2024T12:37:24 - [TEST_STEP][PASSED] - openBrowser(""): Browser is opened with url: ''

24-06-2024T12:37:24 - [MESSAGE][INFO] - Starting 'Chrome' driver

24-06-2024T12:37:24 - [MESSAGE][INFO] - Action delay is set to 0 milliseconds

24-06-2024T12:37:25 - [MESSAGE][PASSED] - Browser is opened with url: ''

24-06-2024T12:37:25 - [TEST_STEP][PASSED] - navigateToUrl("https://katalon-demo-cura.herokuapp.com/"): Navigate to 'https://katalon-demo-cura.herokuapp.com/' successfully

24-06-2024T12:37:27 - [MESSAGE][PASSED] - Navigate to 'https://katalon-demo-cura.herokuapp.com/' successfully

24-06-2024T12:37:27 - [TEST_STEP][PASSED] - click(findTestObject("Failed Login/Page_CURA Healthcare Service/a_Make Appointment")): Object: 'Object Repository/Failed Login/Page_CURA Healthcare Service/a_Make Appointment' is clicked on

24-06-2024T12:37:28 - [MESSAGE][PASSED] - Object: 'Object Repository/Failed Login/Page_CURA Healthcare Service/a_Make Appointment' is clicked on

24-06-2024T12:37:28 - [TEST_STEP][PASSED] - userName = getAttribute(findTestObject("Object Repository/Failed Login/Page_CURA Healthcare Service/input_Username_username"), "username"): Attribute 'username' of object 'Object Repository/Failed Login/Page_CURA Healthcare Service/input_Username_username' is: 'null'

24-06-2024T12:37:28 - [MESSAGE][PASSED] - Attribute 'username' of object 'Object Repository/Failed Login/Page_CURA Healthcare Service/input_Username_username' is: 'null'

24-06-2024T12:37:29 - [TEST_STEP][PASSED] - passWord = getAttribute(findTestObject("Object Repository/Failed Login/Page_CURA Healthcare Service/input_Password_password"), "password"): Attribute 'password' of object 'Object Repository/Failed Login/Page_CURA Healthcare Service/input_Password_password' is: 'null'

24-06-2024T12:37:29 - [MESSAGE][PASSED] - Attribute 'password' of object 'Object Repository/Failed Login/Page_CURA Healthcare Service/input_Password_password' is: 'null'

24-06-2024T12:37:29 - [TEST_STEP][PASSED] - click(findTestObject("Object Repository/Failed Login/Page_CURA Healthcare Service/a_Make Appointment")): Object: 'Object Repository/Failed Login/Page_CURA Healthcare Service/a_Make Appointment' is clicked on

24-06-2024T12:37:29 - [MESSAGE][PASSED] - Object: 'Object Repository/Failed Login/Page_CURA Healthcare Service/a_Make Appointment' is clicked on

24-06-2024T12:37:29 - [TEST_STEP][PASSED] - setText(findTestObject("Object Repository/Failed Login/Page_CURA Healthcare Service/input_Username_username"), "John"): Text 'John' is set on object 'Object Repository/Failed Login/Page_CURA Healthcare Service/input_Username_username'

24-06-2024T12:37:30 - [MESSAGE][PASSED] - Text 'John' is set on object 'Object Repository/Failed Login/Page_CURA Healthcare Service/input_Username_username'

24-06-2024T12:37:30 - [TEST_STEP][PASSED] - click(findTestObject("Object Repository/Failed Login/Page_CURA Healthcare Service/button_Login")): Object: 'Object Repository/Failed Login/Page_CURA Healthcare Service/button_Login' is clicked on

24-06-2024T12:37:31 - [MESSAGE][PASSED] - Object: 'Object Repository/Failed Login/Page_CURA Healthcare Service/button_Login' is clicked on

24-06-2024T12:37:31 - [TEST_STEP][PASSED] - setText(findTestObject("Object Repository/Failed Login/Page_CURA Healthcare Service/input_Username_username"), "John Doe"): Text 'John Doe' is set on object 'Object Repository/Failed Login/Page_CURA Healthcare Service/input_Username_username'

24-06-2024T12:37:32 - [MESSAGE][PASSED] - Text 'John Doe' is set on object 'Object Repository/Failed Login/Page_CURA Healthcare Service/input_Username_username'

24-06-2024T12:37:32 - [TEST_STEP][PASSED] - click(findTestObject("Object Repository/Failed Login/Page_CURA Healthcare Service/button_Login")): Object: 'Object Repository/Failed Login/Page_CURA Healthcare Service/button_Login' is clicked on

24-06-2024T12:37:33 - [MESSAGE][PASSED] - Object: 'Object Repository/Failed Login/Page_CURA Healthcare Service/button_Login' is clicked on

24-06-2024T12:37:33 - [TEST_STEP][PASSED] - setEncryptedText(findTestObject("Object Repository/Failed Login/Page_CURA Healthcare Service/input_Password_password"), "g3/DOGG74jC3Flrr3yH+3D/yKbOqqUNM"): Text ****** has been set on object 'Object Repository/Failed Login/Page_CURA Healthcare Service/input_Password_password'

24-06-2024T12:37:33 - [MESSAGE][PASSED] - Text ****** has been set on object 'Object Repository/Failed Login/Page_CURA Healthcare Service/input_Password_password'

24-06-2024T12:37:33 - [TEST_STEP][PASSED] - click(findTestObject("Object Repository/Failed Login/Page_CURA Healthcare Service/button_Login")): Object: 'Object Repository/Failed Login/Page_CURA Healthcare Service/button_Login' is clicked on

24-06-2024T12:37:34 - [MESSAGE][PASSED] - Object: 'Object Repository/Failed Login/Page_CURA Healthcare Service/button_Login' is clicked on

24-06-2024T12:37:34 - [TEST_STEP][PASSED] - setText(findTestObject("Object Repository/Failed Login/Page_CURA Healthcare Service/input_Username_username"), "John"): Text 'John' is set on object 'Object Repository/Failed Login/Page_CURA Healthcare Service/input_Username_username'

24-06-2024T12:37:35 - [MESSAGE][PASSED] - Text 'John' is set on object 'Object Repository/Failed Login/Page_CURA Healthcare Service/input_Username_username'

24-06-2024T12:37:35 - [TEST_STEP][PASSED] - setEncryptedText(findTestObject("Object Repository/Failed Login/Page_CURA Healthcare Service/input_Password_password"), "g3/DOGG74jC3Flrr3yH+3D/yKbOqqUNM"): Text ****** has been set on object 'Object Repository/Failed Login/Page_CURA Healthcare Service/input_Password_password'

24-06-2024T12:37:35 - [MESSAGE][PASSED] - Text ****** has been set on object 'Object Repository/Failed Login/Page_CURA Healthcare Service/input_Password_password'

24-06-2024T12:37:35 - [TEST_STEP][PASSED] - click(findTestObject("Object Repository/Failed Login/Page_CURA Healthcare Service/button_Login")): Object: 'Object Repository/Failed Login/Page_CURA Healthcare Service/button_Login' is clicked on

24-06-2024T12:37:36 - [MESSAGE][PASSED] - Object: 'Object Repository/Failed Login/Page_CURA Healthcare Service/button_Login' is clicked on

24-06-2024T12:37:36 - [TEST_STEP][PASSED] - setText(findTestObject("Object Repository/Failed Login/Page_CURA Healthcare Service/input_Username_username"), "John Doe"): Text 'John Doe' is set on object 'Object Repository/Failed Login/Page_CURA Healthcare Service/input_Username_username'

24-06-2024T12:37:37 - [MESSAGE][PASSED] - Text 'John Doe' is set on object 'Object Repository/Failed Login/Page_CURA Healthcare Service/input_Username_username'

24-06-2024T12:37:37 - [TEST_STEP][PASSED] - setEncryptedText(findTestObject("Object Repository/Failed Login/Page_CURA Healthcare Service/input_Password_password"), "MVM0NgHgraY="): Text ****** has been set on object 'Object Repository/Failed Login/Page_CURA Healthcare Service/input_Password_password'

24-06-2024T12:37:38 - [MESSAGE][PASSED] - Text ****** has been set on object 'Object Repository/Failed Login/Page_CURA Healthcare Service/input_Password_password'

24-06-2024T12:37:38 - [TEST_STEP][PASSED] - click(findTestObject("Object Repository/Failed Login/Page_CURA Healthcare Service/button_Login")): Object: 'Object Repository/Failed Login/Page_CURA Healthcare Service/button_Login' is clicked on

24-06-2024T12:37:38 - [MESSAGE][PASSED] - Object: 'Object Repository/Failed Login/Page_CURA Healthcare Service/button_Login' is clicked on

24-06-2024T12:37:38 - [TEST_STEP][PASSED] - setText(findTestObject("Object Repository/Failed Login/Page_CURA Healthcare Service/input_Username_username"), "John Doe"): Text 'John Doe' is set on object 'Object Repository/Failed Login/Page_CURA Healthcare Service/input_Username_username'

24-06-2024T12:37:39 - [MESSAGE][PASSED] - Text 'John Doe' is set on object 'Object Repository/Failed Login/Page_CURA Healthcare Service/input_Username_username'

24-06-2024T12:37:39 - [TEST_STEP][PASSED] - setEncryptedText(findTestObject("Object Repository/Failed Login/Page_CURA Healthcare Service/input_Password_password"), "g3/DOGG74jC3Flrr3yH+3D/yKbOqqUNM"): Text ****** has been set on object 'Object Repository/Failed Login/Page_CURA Healthcare Service/input_Password_password'

24-06-2024T12:37:40 - [MESSAGE][PASSED] - Text ****** has been set on object 'Object Repository/Failed Login/Page_CURA Healthcare Service/input_Password_password'

24-06-2024T12:37:40 - [TEST_STEP][PASSED] - click(findTestObject("Object Repository/Failed Login/Page_CURA Healthcare Service/button_Login")): Object: 'Object Repository/Failed Login/Page_CURA Healthcare Service/button_Login' is clicked on

24-06-2024T12:37:41 - [MESSAGE][PASSED] - Object: 'Object Repository/Failed Login/Page_CURA Healthcare Service/button_Login' is clicked on

24-06-2024T12:37:41 - [TEST_STEP][PASSED] - if (userName == "John Doe" && passWord == "g3/DOGG74jC3Flrr3yH+3D/yKbOqqUNM"): null

24-06-2024T12:37:41 - [TEST_STEP][PASSED] - else: Object 'Object Repository/Failed Login/Page_CURA Healthcare Service/p_Login failed Please ensure the username a_eb55b5' is visible

24-06-2024T12:37:41 - [TEST_STEP][PASSED] - verifyElementVisible(findTestObject("Object Repository/Failed Login/Page_CURA Healthcare Service/p_Login failed Please ensure the username a_eb55b5")): Object 'Object Repository/Failed Login/Page_CURA Healthcare Service/p_Login failed Please ensure the username a_eb55b5' is visible

24-06-2024T12:38:12 - [MESSAGE][INFO] - Unable to find the element located by 'By.xpath: //section[@id='login']/div/div/div/p[2]'. Please recheck the objects properties to make sure the desired element is located. 

24-06-2024T12:38:12 - [MESSAGE][WARNING] - [SELF-HEALING] Failed to find element with id 'Object Repository/Failed Login/Page_CURA Healthcare Service/p_Login failed Please ensure the username a_eb55b5'. Try using Self-healing.

24-06-2024T12:38:12 - [MESSAGE][WARNING] - [SELF-HEALING] The current locator of test object 'Object Repository/Failed Login/Page_CURA Healthcare Service/p_Login failed Please ensure the username a_eb55b5' was broken. Propose an alternative one: '(.//*[normalize-space(text()) and normalize-space(.)='Make Appointment'])[1]/following::p[2]'.

24-06-2024T12:38:12 - [MESSAGE][PASSED] - Object 'Object Repository/Failed Login/Page_CURA Healthcare Service/p_Login failed Please ensure the username a_eb55b5' is visible

24-06-2024T12:38:12 - [TEST_STEP][PASSED] - closeBrowser(): Browser is closed

24-06-2024T12:38:12 - [MESSAGE][PASSED] - Browser is closed]]></system-out>
         <system-err><![CDATA[]]></system-err>
      </testcase>
      <testcase name="Test Cases/TC08 - Logout" time="20.275" classname="Test Cases/TC08 - Logout" status="PASSED">
         <system-out><![CDATA[24-06-2024T12:38:12 - [TEST_CASE][PASSED] - Test Cases/TC08 - Logout: Test Cases/TC08 - Logout

24-06-2024T12:38:12 - [TEST_STEP][PASSED] - openBrowser(""): Browser is opened with url: ''

24-06-2024T12:38:12 - [MESSAGE][INFO] - Starting 'Chrome' driver

24-06-2024T12:38:12 - [MESSAGE][INFO] - Action delay is set to 0 milliseconds

24-06-2024T12:38:13 - [MESSAGE][PASSED] - Browser is opened with url: ''

24-06-2024T12:38:13 - [TEST_STEP][PASSED] - navigateToUrl("https://katalon-demo-cura.herokuapp.com/"): Navigate to 'https://katalon-demo-cura.herokuapp.com/' successfully

24-06-2024T12:38:16 - [MESSAGE][PASSED] - Navigate to 'https://katalon-demo-cura.herokuapp.com/' successfully

24-06-2024T12:38:16 - [TEST_STEP][PASSED] - click(findTestObject("Object Repository/Log out/Page_CURA Healthcare Service/a_Make Appointment")): Object: 'Object Repository/Log out/Page_CURA Healthcare Service/a_Make Appointment' is clicked on

24-06-2024T12:38:17 - [MESSAGE][PASSED] - Object: 'Object Repository/Log out/Page_CURA Healthcare Service/a_Make Appointment' is clicked on

24-06-2024T12:38:17 - [TEST_STEP][PASSED] - setText(findTestObject("Object Repository/Log out/Page_CURA Healthcare Service/input_Username_username"), "John Doe"): Text 'John Doe' is set on object 'Object Repository/Log out/Page_CURA Healthcare Service/input_Username_username'

24-06-2024T12:38:18 - [MESSAGE][PASSED] - Text 'John Doe' is set on object 'Object Repository/Log out/Page_CURA Healthcare Service/input_Username_username'

24-06-2024T12:38:18 - [TEST_STEP][PASSED] - setEncryptedText(findTestObject("Object Repository/Log out/Page_CURA Healthcare Service/input_Password_password"), "g3/DOGG74jC3Flrr3yH+3D/yKbOqqUNM"): Text ****** has been set on object 'Object Repository/Log out/Page_CURA Healthcare Service/input_Password_password'

24-06-2024T12:38:19 - [MESSAGE][PASSED] - Text ****** has been set on object 'Object Repository/Log out/Page_CURA Healthcare Service/input_Password_password'

24-06-2024T12:38:19 - [TEST_STEP][PASSED] - click(findTestObject("Object Repository/Log out/Page_CURA Healthcare Service/button_Login")): Object: 'Object Repository/Log out/Page_CURA Healthcare Service/button_Login' is clicked on

24-06-2024T12:38:20 - [MESSAGE][PASSED] - Object: 'Object Repository/Log out/Page_CURA Healthcare Service/button_Login' is clicked on

24-06-2024T12:38:20 - [TEST_STEP][PASSED] - click(findTestObject("Object Repository/Log out/Page_CURA Healthcare Service/i_CURA Healthcare_fa fa-bars"), STOP_ON_FAILURE): Object: 'Object Repository/Log out/Page_CURA Healthcare Service/i_CURA Healthcare_fa fa-bars' is clicked on

24-06-2024T12:38:20 - [MESSAGE][PASSED] - Object: 'Object Repository/Log out/Page_CURA Healthcare Service/i_CURA Healthcare_fa fa-bars' is clicked on

24-06-2024T12:38:20 - [TEST_STEP][PASSED] - click(findTestObject("Object Repository/Log out/Page_CURA Healthcare Service/a_Logout")): Object: 'Object Repository/Log out/Page_CURA Healthcare Service/a_Logout' is clicked on

24-06-2024T12:38:21 - [MESSAGE][PASSED] - Object: 'Object Repository/Log out/Page_CURA Healthcare Service/a_Logout' is clicked on

24-06-2024T12:38:21 - [TEST_STEP][PASSED] - verifyElementText(findTestObject("Homepage of CURA/Page_CURA Healthcare Service/h1_CURA Healthcare Service"), "CURA Healthcare Service"): Actual text and expected text of test object 'Object Repository/Homepage of CURA/Page_CURA Healthcare Service/h1_CURA Healthcare Service' are matched.

24-06-2024T12:38:21 - [MESSAGE][PASSED] - Actual text and expected text of test object 'Object Repository/Homepage of CURA/Page_CURA Healthcare Service/h1_CURA Healthcare Service' are matched.

24-06-2024T12:38:21 - [TEST_STEP][PASSED] - click(findTestObject("Object Repository/Log out/Page_CURA Healthcare Service/i_CURA Healthcare_fa fa-bars")): Object: 'Object Repository/Log out/Page_CURA Healthcare Service/i_CURA Healthcare_fa fa-bars' is clicked on

24-06-2024T12:38:21 - [MESSAGE][PASSED] - Object: 'Object Repository/Log out/Page_CURA Healthcare Service/i_CURA Healthcare_fa fa-bars' is clicked on

24-06-2024T12:38:21 - [TEST_STEP][PASSED] - click(findTestObject("Object Repository/Log out/Page_CURA Healthcare Service/a_Make Appointment")): Object: 'Object Repository/Log out/Page_CURA Healthcare Service/a_Make Appointment' is clicked on

24-06-2024T12:38:23 - [MESSAGE][PASSED] - Object: 'Object Repository/Log out/Page_CURA Healthcare Service/a_Make Appointment' is clicked on

24-06-2024T12:38:23 - [TEST_STEP][PASSED] - setText(findTestObject("Object Repository/Log out/Page_CURA Healthcare Service/input_Username_username"), "John Doe"): Text 'John Doe' is set on object 'Object Repository/Log out/Page_CURA Healthcare Service/input_Username_username'

24-06-2024T12:38:24 - [MESSAGE][PASSED] - Text 'John Doe' is set on object 'Object Repository/Log out/Page_CURA Healthcare Service/input_Username_username'

24-06-2024T12:38:24 - [TEST_STEP][PASSED] - setEncryptedText(findTestObject("Object Repository/Log out/Page_CURA Healthcare Service/input_Password_password"), "g3/DOGG74jC3Flrr3yH+3D/yKbOqqUNM"): Text ****** has been set on object 'Object Repository/Log out/Page_CURA Healthcare Service/input_Password_password'

24-06-2024T12:38:24 - [MESSAGE][PASSED] - Text ****** has been set on object 'Object Repository/Log out/Page_CURA Healthcare Service/input_Password_password'

24-06-2024T12:38:24 - [TEST_STEP][PASSED] - click(findTestObject("Object Repository/Log out/Page_CURA Healthcare Service/button_Login")): Object: 'Object Repository/Log out/Page_CURA Healthcare Service/button_Login' is clicked on

24-06-2024T12:38:25 - [MESSAGE][PASSED] - Object: 'Object Repository/Log out/Page_CURA Healthcare Service/button_Login' is clicked on

24-06-2024T12:38:25 - [TEST_STEP][PASSED] - click(findTestObject("Object Repository/Log out/Page_CURA Healthcare Service/i_CURA Healthcare_fa fa-bars")): Object: 'Object Repository/Log out/Page_CURA Healthcare Service/i_CURA Healthcare_fa fa-bars' is clicked on

24-06-2024T12:38:25 - [MESSAGE][PASSED] - Object: 'Object Repository/Log out/Page_CURA Healthcare Service/i_CURA Healthcare_fa fa-bars' is clicked on

24-06-2024T12:38:25 - [TEST_STEP][PASSED] - click(findTestObject("Object Repository/Log out/Page_CURA Healthcare Service/a_Profile")): Object: 'Object Repository/Log out/Page_CURA Healthcare Service/a_Profile' is clicked on

24-06-2024T12:38:26 - [MESSAGE][PASSED] - Object: 'Object Repository/Log out/Page_CURA Healthcare Service/a_Profile' is clicked on

24-06-2024T12:38:26 - [TEST_STEP][PASSED] - click(findTestObject("Object Repository/Log out/Page_CURA Healthcare Service/a_Logout_1")): Object: 'Object Repository/Log out/Page_CURA Healthcare Service/a_Logout_1' is clicked on

24-06-2024T12:38:27 - [MESSAGE][PASSED] - Object: 'Object Repository/Log out/Page_CURA Healthcare Service/a_Logout_1' is clicked on

24-06-2024T12:38:27 - [TEST_STEP][PASSED] - verifyElementText(findTestObject("Homepage of CURA/Page_CURA Healthcare Service/h1_CURA Healthcare Service"), "CURA Healthcare Service"): Actual text and expected text of test object 'Object Repository/Homepage of CURA/Page_CURA Healthcare Service/h1_CURA Healthcare Service' are matched.

24-06-2024T12:38:27 - [MESSAGE][PASSED] - Actual text and expected text of test object 'Object Repository/Homepage of CURA/Page_CURA Healthcare Service/h1_CURA Healthcare Service' are matched.

24-06-2024T12:38:27 - [TEST_STEP][PASSED] - click(findTestObject("Object Repository/Log out/Page_CURA Healthcare Service/i_CURA Healthcare_fa fa-bars")): Object: 'Object Repository/Log out/Page_CURA Healthcare Service/i_CURA Healthcare_fa fa-bars' is clicked on

24-06-2024T12:38:28 - [MESSAGE][PASSED] - Object: 'Object Repository/Log out/Page_CURA Healthcare Service/i_CURA Healthcare_fa fa-bars' is clicked on

24-06-2024T12:38:28 - [TEST_STEP][PASSED] - click(findTestObject("Object Repository/Log out/Page_CURA Healthcare Service/a_Login")): Object: 'Object Repository/Log out/Page_CURA Healthcare Service/a_Login' is clicked on

24-06-2024T12:38:28 - [MESSAGE][PASSED] - Object: 'Object Repository/Log out/Page_CURA Healthcare Service/a_Login' is clicked on

24-06-2024T12:38:28 - [TEST_STEP][PASSED] - setText(findTestObject("Log out/Page_CURA Healthcare Service/input_Username_username"), "John Doe"): Text 'John Doe' is set on object 'Object Repository/Log out/Page_CURA Healthcare Service/input_Username_username'

24-06-2024T12:38:29 - [MESSAGE][PASSED] - Text 'John Doe' is set on object 'Object Repository/Log out/Page_CURA Healthcare Service/input_Username_username'

24-06-2024T12:38:29 - [TEST_STEP][PASSED] - setEncryptedText(findTestObject("Log out/Page_CURA Healthcare Service/input_Password_password"), "g3/DOGG74jC3Flrr3yH+3D/yKbOqqUNM"): Text ****** has been set on object 'Object Repository/Log out/Page_CURA Healthcare Service/input_Password_password'

24-06-2024T12:38:30 - [MESSAGE][PASSED] - Text ****** has been set on object 'Object Repository/Log out/Page_CURA Healthcare Service/input_Password_password'

24-06-2024T12:38:30 - [TEST_STEP][PASSED] - click(findTestObject("Log out/Page_CURA Healthcare Service/button_Login")): Object: 'Object Repository/Log out/Page_CURA Healthcare Service/button_Login' is clicked on

24-06-2024T12:38:31 - [MESSAGE][PASSED] - Object: 'Object Repository/Log out/Page_CURA Healthcare Service/button_Login' is clicked on

24-06-2024T12:38:31 - [TEST_STEP][PASSED] - click(findTestObject("Object Repository/Log out/Page_CURA Healthcare Service/a_CURA Healthcare_menu-toggle")): Object: 'Object Repository/Log out/Page_CURA Healthcare Service/a_CURA Healthcare_menu-toggle' is clicked on

24-06-2024T12:38:31 - [MESSAGE][PASSED] - Object: 'Object Repository/Log out/Page_CURA Healthcare Service/a_CURA Healthcare_menu-toggle' is clicked on

24-06-2024T12:38:31 - [TEST_STEP][PASSED] - click(findTestObject("Object Repository/Log out/Page_CURA Healthcare Service/a_Logout")): Object: 'Object Repository/Log out/Page_CURA Healthcare Service/a_Logout' is clicked on

24-06-2024T12:38:32 - [MESSAGE][PASSED] - Object: 'Object Repository/Log out/Page_CURA Healthcare Service/a_Logout' is clicked on

24-06-2024T12:38:32 - [TEST_STEP][PASSED] - verifyElementText(findTestObject("Homepage of CURA/Page_CURA Healthcare Service/h1_CURA Healthcare Service"), "CURA Healthcare Service"): Actual text and expected text of test object 'Object Repository/Homepage of CURA/Page_CURA Healthcare Service/h1_CURA Healthcare Service' are matched.

24-06-2024T12:38:32 - [MESSAGE][PASSED] - Actual text and expected text of test object 'Object Repository/Homepage of CURA/Page_CURA Healthcare Service/h1_CURA Healthcare Service' are matched.

24-06-2024T12:38:32 - [TEST_STEP][PASSED] - closeBrowser(): Browser is closed

24-06-2024T12:38:33 - [MESSAGE][PASSED] - Browser is closed]]></system-out>
         <system-err><![CDATA[]]></system-err>
      </testcase>
      <system-out><![CDATA[24-06-2024T12:35:20 - [TEST_SUITE][PASSED] - TS01 - Login: Test Cases/TC08 - Logout]]></system-out>
      <system-err><![CDATA[]]></system-err>
   </testsuite>
</testsuites>
