<?xml version="1.0" encoding="UTF-8"?>
<testsuites name="TS09 - Login using data driven" time="58.911" tests="7" failures="0" errors="0">
   <testsuite name="TS09 - Login using data driven" tests="7" failures="0" errors="0" time="58.911" skipped="0" timestamp="16-07-2024T10:13:50" hostname="Lenovo - LAPTOP-7QB5JFLU" id="Test Suites/CURA Test suites/TS09 - Login using data driven">
      <properties>
         <property name="deviceName" value=""/>
         <property name="devicePlatform"/>
         <property name="logFolder" value="C:\\Users\\Lenovo\\git\\KatalonPractitionerLevel\\Reports\\20240716_101342\\CURA Test suites\\TS09 - Login using data driven\\20240716_101343"/>
         <property name="logFiles" value="C:\\Users\\Lenovo\\git\\KatalonPractitionerLevel\\Reports\\20240716_101342\\CURA Test suites\\TS09 - Login using data driven\\20240716_101343\\execution0.log"/>
         <property name="attachments" value=""/>
         <property name="hostName" value="Lenovo - LAPTOP-7QB5JFLU"/>
         <property name="os" value="Windows 11 64bit"/>
         <property name="katalonVersion" value="9.6.0.217"/>
         <property name="browser" value="Chrome 126.0.0.0"/>
         <property name="hostAddress" value="192.168.1.12"/>
         <property name="sessionId" value="614d52f5b008e1abbd3e21d14a1c7056"/>
         <property name="seleniumVersion" value="3.141.59"/>
         <property name="proxyInformation" value="ProxyInformation { proxyOption=NO_PROXY, proxyServerType=HTTP, username=, password=********, proxyServerAddress=, proxyServerPort=0, executionList=&quot;&quot;, isApplyToDesiredCapabilities=true }"/>
         <property name="platform" value="Windows 11"/>
      </properties>
      <testcase name="Test Cases/CURA Web Test/TC17 - Login using data driven" time="10.008" classname="Test Cases/CURA Web Test/TC17 - Login using data driven" status="PASSED">
         <system-out><![CDATA[16-07-2024T10:13:51 - [TEST_CASE][PASSED] - Test Cases/CURA Web Test/TC17 - Login using data driven: Test Cases/CURA Web Test/TC17 - Login using data driven

16-07-2024T10:13:51 - [TEST_STEP][PASSED] - callTestCase(findTestCase("CURA Web Test/Properties/TCP01 - Open browser"), [:], STOP_ON_FAILURE): Call Test Case 'Test Cases/CURA Web Test/Properties/TCP01 - Open browser' successfully

16-07-2024T10:13:51 - [TEST_CASE][PASSED] - Test Cases/CURA Web Test/Properties/TCP01 - Open browser: Test Cases/CURA Web Test/Properties/TCP01 - Open browser

16-07-2024T10:13:52 - [TEST_STEP][PASSED] - openBrowser(""): Browser is opened with url: ''

16-07-2024T10:13:52 - [MESSAGE][INFO] - Starting 'Chrome' driver

16-07-2024T10:13:52 - [MESSAGE][INFO] - Action delay is set to 0 milliseconds

16-07-2024T10:13:53 - [MESSAGE][PASSED] - Browser is opened with url: ''

16-07-2024T10:13:53 - [TEST_STEP][PASSED] - navigateToUrl(URL): Navigate to 'https://katalon-demo-cura.herokuapp.com/' successfully

16-07-2024T10:13:56 - [MESSAGE][PASSED] - Navigate to 'https://katalon-demo-cura.herokuapp.com/' successfully

16-07-2024T10:13:56 - [MESSAGE][PASSED] - Call Test Case 'Test Cases/CURA Web Test/Properties/TCP01 - Open browser' successfully

16-07-2024T10:13:56 - [TEST_STEP][PASSED] - click(findTestObject("1. CURA Object button/Make Appointment")): Object: 'Object Repository/1. CURA Object button/Make Appointment' is clicked on

16-07-2024T10:13:57 - [MESSAGE][PASSED] - Object: 'Object Repository/1. CURA Object button/Make Appointment' is clicked on

16-07-2024T10:13:57 - [TEST_STEP][PASSED] - loginParameter = "varibleLogin": null

16-07-2024T10:13:57 - [TEST_STEP][PASSED] - username = getAttribute(findTestObject("1. CURA Object button/Username"), Username): Attribute 'John' of object 'Object Repository/1. CURA Object button/Username' is: 'null'

16-07-2024T10:13:57 - [MESSAGE][PASSED] - Attribute 'John' of object 'Object Repository/1. CURA Object button/Username' is: 'null'

16-07-2024T10:13:57 - [TEST_STEP][PASSED] - password = getAttribute(findTestObject("1. CURA Object button/Password"), Password): Attribute '' of object 'Object Repository/1. CURA Object button/Password' is: 'null'

16-07-2024T10:13:58 - [MESSAGE][PASSED] - Attribute '' of object 'Object Repository/1. CURA Object button/Password' is: 'null'

16-07-2024T10:13:58 - [TEST_STEP][PASSED] - setText(findTestObject("1. CURA Object button/Username"), Username): Text 'John' is set on object 'Object Repository/1. CURA Object button/Username'

16-07-2024T10:13:59 - [MESSAGE][PASSED] - Text 'John' is set on object 'Object Repository/1. CURA Object button/Username'

16-07-2024T10:13:59 - [TEST_STEP][PASSED] - setText(findTestObject("1. CURA Object button/Password"), Password): Text '' is set on object 'Object Repository/1. CURA Object button/Password'

16-07-2024T10:13:59 - [MESSAGE][PASSED] - Text '' is set on object 'Object Repository/1. CURA Object button/Password'

16-07-2024T10:13:59 - [TEST_STEP][PASSED] - click(findTestObject("1. CURA Object button/Login Button")): Object: 'Object Repository/1. CURA Object button/Login Button' is clicked on

16-07-2024T10:14:00 - [MESSAGE][PASSED] - Object: 'Object Repository/1. CURA Object button/Login Button' is clicked on

16-07-2024T10:14:00 - [TEST_STEP][PASSED] - if (username == "John Doe" && password == "ThisIsNotAPassword"): null

16-07-2024T10:14:00 - [TEST_STEP][PASSED] - else: Object 'Object Repository/7. Failed Login/Page_CURA/p_Login failed' is visible

16-07-2024T10:14:00 - [TEST_STEP][PASSED] - verifyElementVisible(findTestObject("7. Failed Login/Page_CURA/p_Login failed")): Object 'Object Repository/7. Failed Login/Page_CURA/p_Login failed' is visible

16-07-2024T10:14:01 - [MESSAGE][PASSED] - Object 'Object Repository/7. Failed Login/Page_CURA/p_Login failed' is visible]]></system-out>
         <system-err><![CDATA[]]></system-err>
      </testcase>
      <testcase name="Test Cases/CURA Web Test/TC17 - Login using data driven" time="9.07" classname="Test Cases/CURA Web Test/TC17 - Login using data driven" status="PASSED">
         <system-out><![CDATA[16-07-2024T10:14:01 - [TEST_CASE][PASSED] - Test Cases/CURA Web Test/TC17 - Login using data driven: Test Cases/CURA Web Test/TC17 - Login using data driven

16-07-2024T10:14:01 - [TEST_STEP][PASSED] - callTestCase(findTestCase("CURA Web Test/Properties/TCP01 - Open browser"), [:], STOP_ON_FAILURE): Call Test Case 'Test Cases/CURA Web Test/Properties/TCP01 - Open browser' successfully

16-07-2024T10:14:01 - [TEST_CASE][PASSED] - Test Cases/CURA Web Test/Properties/TCP01 - Open browser: Test Cases/CURA Web Test/Properties/TCP01 - Open browser

16-07-2024T10:14:01 - [TEST_STEP][PASSED] - openBrowser(""): Browser is opened with url: ''

16-07-2024T10:14:01 - [MESSAGE][WARNING] - A browser is already opened. Closing browser and opening a new one

16-07-2024T10:14:01 - [MESSAGE][INFO] - Starting 'Chrome' driver

16-07-2024T10:14:01 - [MESSAGE][INFO] - Action delay is set to 0 milliseconds

16-07-2024T10:14:02 - [MESSAGE][PASSED] - Browser is opened with url: ''

16-07-2024T10:14:02 - [TEST_STEP][PASSED] - navigateToUrl(URL): Navigate to 'https://katalon-demo-cura.herokuapp.com/' successfully

16-07-2024T10:14:04 - [MESSAGE][PASSED] - Navigate to 'https://katalon-demo-cura.herokuapp.com/' successfully

16-07-2024T10:14:04 - [MESSAGE][PASSED] - Call Test Case 'Test Cases/CURA Web Test/Properties/TCP01 - Open browser' successfully

16-07-2024T10:14:04 - [TEST_STEP][PASSED] - click(findTestObject("1. CURA Object button/Make Appointment")): Object: 'Object Repository/1. CURA Object button/Make Appointment' is clicked on

16-07-2024T10:14:06 - [MESSAGE][PASSED] - Object: 'Object Repository/1. CURA Object button/Make Appointment' is clicked on

16-07-2024T10:14:06 - [TEST_STEP][PASSED] - loginParameter = "varibleLogin": null

16-07-2024T10:14:06 - [TEST_STEP][PASSED] - username = getAttribute(findTestObject("1. CURA Object button/Username"), Username): Attribute 'John Doe' of object 'Object Repository/1. CURA Object button/Username' is: 'null'

16-07-2024T10:14:07 - [MESSAGE][PASSED] - Attribute 'John Doe' of object 'Object Repository/1. CURA Object button/Username' is: 'null'

16-07-2024T10:14:07 - [TEST_STEP][PASSED] - password = getAttribute(findTestObject("1. CURA Object button/Password"), Password): Attribute '' of object 'Object Repository/1. CURA Object button/Password' is: 'null'

16-07-2024T10:14:07 - [MESSAGE][PASSED] - Attribute '' of object 'Object Repository/1. CURA Object button/Password' is: 'null'

16-07-2024T10:14:07 - [TEST_STEP][PASSED] - setText(findTestObject("1. CURA Object button/Username"), Username): Text 'John Doe' is set on object 'Object Repository/1. CURA Object button/Username'

16-07-2024T10:14:08 - [MESSAGE][PASSED] - Text 'John Doe' is set on object 'Object Repository/1. CURA Object button/Username'

16-07-2024T10:14:08 - [TEST_STEP][PASSED] - setText(findTestObject("1. CURA Object button/Password"), Password): Text '' is set on object 'Object Repository/1. CURA Object button/Password'

16-07-2024T10:14:08 - [MESSAGE][PASSED] - Text '' is set on object 'Object Repository/1. CURA Object button/Password'

16-07-2024T10:14:08 - [TEST_STEP][PASSED] - click(findTestObject("1. CURA Object button/Login Button")): Object: 'Object Repository/1. CURA Object button/Login Button' is clicked on

16-07-2024T10:14:09 - [MESSAGE][PASSED] - Object: 'Object Repository/1. CURA Object button/Login Button' is clicked on

16-07-2024T10:14:09 - [TEST_STEP][PASSED] - if (username == "John Doe" && password == "ThisIsNotAPassword"): null

16-07-2024T10:14:09 - [TEST_STEP][PASSED] - else: Object 'Object Repository/7. Failed Login/Page_CURA/p_Login failed' is visible

16-07-2024T10:14:09 - [TEST_STEP][PASSED] - verifyElementVisible(findTestObject("7. Failed Login/Page_CURA/p_Login failed")): Object 'Object Repository/7. Failed Login/Page_CURA/p_Login failed' is visible

16-07-2024T10:14:10 - [MESSAGE][PASSED] - Object 'Object Repository/7. Failed Login/Page_CURA/p_Login failed' is visible]]></system-out>
         <system-err><![CDATA[]]></system-err>
      </testcase>
      <testcase name="Test Cases/CURA Web Test/TC17 - Login using data driven" time="9.015" classname="Test Cases/CURA Web Test/TC17 - Login using data driven" status="PASSED">
         <system-out><![CDATA[16-07-2024T10:14:10 - [TEST_CASE][PASSED] - Test Cases/CURA Web Test/TC17 - Login using data driven: Test Cases/CURA Web Test/TC17 - Login using data driven

16-07-2024T10:14:10 - [TEST_STEP][PASSED] - callTestCase(findTestCase("CURA Web Test/Properties/TCP01 - Open browser"), [:], STOP_ON_FAILURE): Call Test Case 'Test Cases/CURA Web Test/Properties/TCP01 - Open browser' successfully

16-07-2024T10:14:10 - [TEST_CASE][PASSED] - Test Cases/CURA Web Test/Properties/TCP01 - Open browser: Test Cases/CURA Web Test/Properties/TCP01 - Open browser

16-07-2024T10:14:10 - [TEST_STEP][PASSED] - openBrowser(""): Browser is opened with url: ''

16-07-2024T10:14:10 - [MESSAGE][WARNING] - A browser is already opened. Closing browser and opening a new one

16-07-2024T10:14:10 - [MESSAGE][INFO] - Starting 'Chrome' driver

16-07-2024T10:14:10 - [MESSAGE][INFO] - Action delay is set to 0 milliseconds

16-07-2024T10:14:11 - [MESSAGE][PASSED] - Browser is opened with url: ''

16-07-2024T10:14:11 - [TEST_STEP][PASSED] - navigateToUrl(URL): Navigate to 'https://katalon-demo-cura.herokuapp.com/' successfully

16-07-2024T10:14:14 - [MESSAGE][PASSED] - Navigate to 'https://katalon-demo-cura.herokuapp.com/' successfully

16-07-2024T10:14:14 - [MESSAGE][PASSED] - Call Test Case 'Test Cases/CURA Web Test/Properties/TCP01 - Open browser' successfully

16-07-2024T10:14:14 - [TEST_STEP][PASSED] - click(findTestObject("1. CURA Object button/Make Appointment")): Object: 'Object Repository/1. CURA Object button/Make Appointment' is clicked on

16-07-2024T10:14:15 - [MESSAGE][PASSED] - Object: 'Object Repository/1. CURA Object button/Make Appointment' is clicked on

16-07-2024T10:14:15 - [TEST_STEP][PASSED] - loginParameter = "varibleLogin": null

16-07-2024T10:14:15 - [TEST_STEP][PASSED] - username = getAttribute(findTestObject("1. CURA Object button/Username"), Username): Attribute 'John Doe' of object 'Object Repository/1. CURA Object button/Username' is: 'null'

16-07-2024T10:14:15 - [MESSAGE][PASSED] - Attribute 'John Doe' of object 'Object Repository/1. CURA Object button/Username' is: 'null'

16-07-2024T10:14:15 - [TEST_STEP][PASSED] - password = getAttribute(findTestObject("1. CURA Object button/Password"), Password): Attribute 'This' of object 'Object Repository/1. CURA Object button/Password' is: 'null'

16-07-2024T10:14:16 - [MESSAGE][PASSED] - Attribute 'This' of object 'Object Repository/1. CURA Object button/Password' is: 'null'

16-07-2024T10:14:16 - [TEST_STEP][PASSED] - setText(findTestObject("1. CURA Object button/Username"), Username): Text 'John Doe' is set on object 'Object Repository/1. CURA Object button/Username'

16-07-2024T10:14:17 - [MESSAGE][PASSED] - Text 'John Doe' is set on object 'Object Repository/1. CURA Object button/Username'

16-07-2024T10:14:17 - [TEST_STEP][PASSED] - setText(findTestObject("1. CURA Object button/Password"), Password): Text 'This' is set on object 'Object Repository/1. CURA Object button/Password'

16-07-2024T10:14:17 - [MESSAGE][PASSED] - Text 'This' is set on object 'Object Repository/1. CURA Object button/Password'

16-07-2024T10:14:17 - [TEST_STEP][PASSED] - click(findTestObject("1. CURA Object button/Login Button")): Object: 'Object Repository/1. CURA Object button/Login Button' is clicked on

16-07-2024T10:14:18 - [MESSAGE][PASSED] - Object: 'Object Repository/1. CURA Object button/Login Button' is clicked on

16-07-2024T10:14:18 - [TEST_STEP][PASSED] - if (username == "John Doe" && password == "ThisIsNotAPassword"): null

16-07-2024T10:14:18 - [TEST_STEP][PASSED] - else: Object 'Object Repository/7. Failed Login/Page_CURA/p_Login failed' is visible

16-07-2024T10:14:18 - [TEST_STEP][PASSED] - verifyElementVisible(findTestObject("7. Failed Login/Page_CURA/p_Login failed")): Object 'Object Repository/7. Failed Login/Page_CURA/p_Login failed' is visible

16-07-2024T10:14:19 - [MESSAGE][PASSED] - Object 'Object Repository/7. Failed Login/Page_CURA/p_Login failed' is visible]]></system-out>
         <system-err><![CDATA[]]></system-err>
      </testcase>
      <testcase name="Test Cases/CURA Web Test/TC17 - Login using data driven" time="8.835" classname="Test Cases/CURA Web Test/TC17 - Login using data driven" status="PASSED">
         <system-out><![CDATA[16-07-2024T10:14:19 - [TEST_CASE][PASSED] - Test Cases/CURA Web Test/TC17 - Login using data driven: Test Cases/CURA Web Test/TC17 - Login using data driven

16-07-2024T10:14:19 - [TEST_STEP][PASSED] - callTestCase(findTestCase("CURA Web Test/Properties/TCP01 - Open browser"), [:], STOP_ON_FAILURE): Call Test Case 'Test Cases/CURA Web Test/Properties/TCP01 - Open browser' successfully

16-07-2024T10:14:19 - [TEST_CASE][PASSED] - Test Cases/CURA Web Test/Properties/TCP01 - Open browser: Test Cases/CURA Web Test/Properties/TCP01 - Open browser

16-07-2024T10:14:19 - [TEST_STEP][PASSED] - openBrowser(""): Browser is opened with url: ''

16-07-2024T10:14:19 - [MESSAGE][WARNING] - A browser is already opened. Closing browser and opening a new one

16-07-2024T10:14:19 - [MESSAGE][INFO] - Starting 'Chrome' driver

16-07-2024T10:14:19 - [MESSAGE][INFO] - Action delay is set to 0 milliseconds

16-07-2024T10:14:20 - [MESSAGE][PASSED] - Browser is opened with url: ''

16-07-2024T10:14:20 - [TEST_STEP][PASSED] - navigateToUrl(URL): Navigate to 'https://katalon-demo-cura.herokuapp.com/' successfully

16-07-2024T10:14:23 - [MESSAGE][PASSED] - Navigate to 'https://katalon-demo-cura.herokuapp.com/' successfully

16-07-2024T10:14:23 - [MESSAGE][PASSED] - Call Test Case 'Test Cases/CURA Web Test/Properties/TCP01 - Open browser' successfully

16-07-2024T10:14:23 - [TEST_STEP][PASSED] - click(findTestObject("1. CURA Object button/Make Appointment")): Object: 'Object Repository/1. CURA Object button/Make Appointment' is clicked on

16-07-2024T10:14:24 - [MESSAGE][PASSED] - Object: 'Object Repository/1. CURA Object button/Make Appointment' is clicked on

16-07-2024T10:14:24 - [TEST_STEP][PASSED] - loginParameter = "varibleLogin": null

16-07-2024T10:14:24 - [TEST_STEP][PASSED] - username = getAttribute(findTestObject("1. CURA Object button/Username"), Username): Attribute '' of object 'Object Repository/1. CURA Object button/Username' is: 'null'

16-07-2024T10:14:24 - [MESSAGE][PASSED] - Attribute '' of object 'Object Repository/1. CURA Object button/Username' is: 'null'

16-07-2024T10:14:24 - [TEST_STEP][PASSED] - password = getAttribute(findTestObject("1. CURA Object button/Password"), Password): Attribute 'ThisIsNotAPassword' of object 'Object Repository/1. CURA Object button/Password' is: 'null'

16-07-2024T10:14:25 - [MESSAGE][PASSED] - Attribute 'ThisIsNotAPassword' of object 'Object Repository/1. CURA Object button/Password' is: 'null'

16-07-2024T10:14:25 - [TEST_STEP][PASSED] - setText(findTestObject("1. CURA Object button/Username"), Username): Text '' is set on object 'Object Repository/1. CURA Object button/Username'

16-07-2024T10:14:25 - [MESSAGE][PASSED] - Text '' is set on object 'Object Repository/1. CURA Object button/Username'

16-07-2024T10:14:25 - [TEST_STEP][PASSED] - setText(findTestObject("1. CURA Object button/Password"), Password): Text 'ThisIsNotAPassword' is set on object 'Object Repository/1. CURA Object button/Password'

16-07-2024T10:14:26 - [MESSAGE][PASSED] - Text 'ThisIsNotAPassword' is set on object 'Object Repository/1. CURA Object button/Password'

16-07-2024T10:14:26 - [TEST_STEP][PASSED] - click(findTestObject("1. CURA Object button/Login Button")): Object: 'Object Repository/1. CURA Object button/Login Button' is clicked on

16-07-2024T10:14:27 - [MESSAGE][PASSED] - Object: 'Object Repository/1. CURA Object button/Login Button' is clicked on

16-07-2024T10:14:27 - [TEST_STEP][PASSED] - if (username == "John Doe" && password == "ThisIsNotAPassword"): null

16-07-2024T10:14:27 - [TEST_STEP][PASSED] - else: Object 'Object Repository/7. Failed Login/Page_CURA/p_Login failed' is visible

16-07-2024T10:14:27 - [TEST_STEP][PASSED] - verifyElementVisible(findTestObject("7. Failed Login/Page_CURA/p_Login failed")): Object 'Object Repository/7. Failed Login/Page_CURA/p_Login failed' is visible

16-07-2024T10:14:28 - [MESSAGE][PASSED] - Object 'Object Repository/7. Failed Login/Page_CURA/p_Login failed' is visible]]></system-out>
         <system-err><![CDATA[]]></system-err>
      </testcase>
      <testcase name="Test Cases/CURA Web Test/TC17 - Login using data driven" time="10.288" classname="Test Cases/CURA Web Test/TC17 - Login using data driven" status="PASSED">
         <system-out><![CDATA[16-07-2024T10:14:28 - [TEST_CASE][PASSED] - Test Cases/CURA Web Test/TC17 - Login using data driven: Test Cases/CURA Web Test/TC17 - Login using data driven

16-07-2024T10:14:28 - [TEST_STEP][PASSED] - callTestCase(findTestCase("CURA Web Test/Properties/TCP01 - Open browser"), [:], STOP_ON_FAILURE): Call Test Case 'Test Cases/CURA Web Test/Properties/TCP01 - Open browser' successfully

16-07-2024T10:14:28 - [TEST_CASE][PASSED] - Test Cases/CURA Web Test/Properties/TCP01 - Open browser: Test Cases/CURA Web Test/Properties/TCP01 - Open browser

16-07-2024T10:14:28 - [TEST_STEP][PASSED] - openBrowser(""): Browser is opened with url: ''

16-07-2024T10:14:28 - [MESSAGE][WARNING] - A browser is already opened. Closing browser and opening a new one

16-07-2024T10:14:28 - [MESSAGE][INFO] - Starting 'Chrome' driver

16-07-2024T10:14:28 - [MESSAGE][INFO] - Action delay is set to 0 milliseconds

16-07-2024T10:14:29 - [MESSAGE][PASSED] - Browser is opened with url: ''

16-07-2024T10:14:29 - [TEST_STEP][PASSED] - navigateToUrl(URL): Navigate to 'https://katalon-demo-cura.herokuapp.com/' successfully

16-07-2024T10:14:33 - [MESSAGE][PASSED] - Navigate to 'https://katalon-demo-cura.herokuapp.com/' successfully

16-07-2024T10:14:33 - [MESSAGE][PASSED] - Call Test Case 'Test Cases/CURA Web Test/Properties/TCP01 - Open browser' successfully

16-07-2024T10:14:33 - [TEST_STEP][PASSED] - click(findTestObject("1. CURA Object button/Make Appointment")): Object: 'Object Repository/1. CURA Object button/Make Appointment' is clicked on

16-07-2024T10:14:34 - [MESSAGE][PASSED] - Object: 'Object Repository/1. CURA Object button/Make Appointment' is clicked on

16-07-2024T10:14:34 - [TEST_STEP][PASSED] - loginParameter = "varibleLogin": null

16-07-2024T10:14:34 - [TEST_STEP][PASSED] - username = getAttribute(findTestObject("1. CURA Object button/Username"), Username): Attribute 'John' of object 'Object Repository/1. CURA Object button/Username' is: 'null'

16-07-2024T10:14:35 - [MESSAGE][PASSED] - Attribute 'John' of object 'Object Repository/1. CURA Object button/Username' is: 'null'

16-07-2024T10:14:35 - [TEST_STEP][PASSED] - password = getAttribute(findTestObject("1. CURA Object button/Password"), Password): Attribute 'This' of object 'Object Repository/1. CURA Object button/Password' is: 'null'

16-07-2024T10:14:35 - [MESSAGE][PASSED] - Attribute 'This' of object 'Object Repository/1. CURA Object button/Password' is: 'null'

16-07-2024T10:14:35 - [TEST_STEP][PASSED] - setText(findTestObject("1. CURA Object button/Username"), Username): Text 'John' is set on object 'Object Repository/1. CURA Object button/Username'

16-07-2024T10:14:36 - [MESSAGE][PASSED] - Text 'John' is set on object 'Object Repository/1. CURA Object button/Username'

16-07-2024T10:14:36 - [TEST_STEP][PASSED] - setText(findTestObject("1. CURA Object button/Password"), Password): Text 'This' is set on object 'Object Repository/1. CURA Object button/Password'

16-07-2024T10:14:37 - [MESSAGE][PASSED] - Text 'This' is set on object 'Object Repository/1. CURA Object button/Password'

16-07-2024T10:14:37 - [TEST_STEP][PASSED] - click(findTestObject("1. CURA Object button/Login Button")): Object: 'Object Repository/1. CURA Object button/Login Button' is clicked on

16-07-2024T10:14:37 - [MESSAGE][PASSED] - Object: 'Object Repository/1. CURA Object button/Login Button' is clicked on

16-07-2024T10:14:37 - [TEST_STEP][PASSED] - if (username == "John Doe" && password == "ThisIsNotAPassword"): null

16-07-2024T10:14:37 - [TEST_STEP][PASSED] - else: Object 'Object Repository/7. Failed Login/Page_CURA/p_Login failed' is visible

16-07-2024T10:14:37 - [TEST_STEP][PASSED] - verifyElementVisible(findTestObject("7. Failed Login/Page_CURA/p_Login failed")): Object 'Object Repository/7. Failed Login/Page_CURA/p_Login failed' is visible

16-07-2024T10:14:38 - [MESSAGE][PASSED] - Object 'Object Repository/7. Failed Login/Page_CURA/p_Login failed' is visible]]></system-out>
         <system-err><![CDATA[]]></system-err>
      </testcase>
      <testcase name="Test Cases/CURA Web Test/TC17 - Login using data driven" time="9.206" classname="Test Cases/CURA Web Test/TC17 - Login using data driven" status="PASSED">
         <system-out><![CDATA[16-07-2024T10:14:38 - [TEST_CASE][PASSED] - Test Cases/CURA Web Test/TC17 - Login using data driven: Test Cases/CURA Web Test/TC17 - Login using data driven

16-07-2024T10:14:38 - [TEST_STEP][PASSED] - callTestCase(findTestCase("CURA Web Test/Properties/TCP01 - Open browser"), [:], STOP_ON_FAILURE): Call Test Case 'Test Cases/CURA Web Test/Properties/TCP01 - Open browser' successfully

16-07-2024T10:14:38 - [TEST_CASE][PASSED] - Test Cases/CURA Web Test/Properties/TCP01 - Open browser: Test Cases/CURA Web Test/Properties/TCP01 - Open browser

16-07-2024T10:14:38 - [TEST_STEP][PASSED] - openBrowser(""): Browser is opened with url: ''

16-07-2024T10:14:38 - [MESSAGE][WARNING] - A browser is already opened. Closing browser and opening a new one

16-07-2024T10:14:39 - [MESSAGE][INFO] - Starting 'Chrome' driver

16-07-2024T10:14:39 - [MESSAGE][INFO] - Action delay is set to 0 milliseconds

16-07-2024T10:14:40 - [MESSAGE][PASSED] - Browser is opened with url: ''

16-07-2024T10:14:40 - [TEST_STEP][PASSED] - navigateToUrl(URL): Navigate to 'https://katalon-demo-cura.herokuapp.com/' successfully

16-07-2024T10:14:43 - [MESSAGE][PASSED] - Navigate to 'https://katalon-demo-cura.herokuapp.com/' successfully

16-07-2024T10:14:43 - [MESSAGE][PASSED] - Call Test Case 'Test Cases/CURA Web Test/Properties/TCP01 - Open browser' successfully

16-07-2024T10:14:43 - [TEST_STEP][PASSED] - click(findTestObject("1. CURA Object button/Make Appointment")): Object: 'Object Repository/1. CURA Object button/Make Appointment' is clicked on

16-07-2024T10:14:44 - [MESSAGE][PASSED] - Object: 'Object Repository/1. CURA Object button/Make Appointment' is clicked on

16-07-2024T10:14:44 - [TEST_STEP][PASSED] - loginParameter = "varibleLogin": null

16-07-2024T10:14:44 - [TEST_STEP][PASSED] - username = getAttribute(findTestObject("1. CURA Object button/Username"), Username): Attribute 'John Doe' of object 'Object Repository/1. CURA Object button/Username' is: 'null'

16-07-2024T10:14:44 - [MESSAGE][PASSED] - Attribute 'John Doe' of object 'Object Repository/1. CURA Object button/Username' is: 'null'

16-07-2024T10:14:44 - [TEST_STEP][PASSED] - password = getAttribute(findTestObject("1. CURA Object button/Password"), Password): Attribute 'ThisIsNotAPassword' of object 'Object Repository/1. CURA Object button/Password' is: 'null'

16-07-2024T10:14:44 - [MESSAGE][PASSED] - Attribute 'ThisIsNotAPassword' of object 'Object Repository/1. CURA Object button/Password' is: 'null'

16-07-2024T10:14:44 - [TEST_STEP][PASSED] - setText(findTestObject("1. CURA Object button/Username"), Username): Text 'John Doe' is set on object 'Object Repository/1. CURA Object button/Username'

16-07-2024T10:14:45 - [MESSAGE][PASSED] - Text 'John Doe' is set on object 'Object Repository/1. CURA Object button/Username'

16-07-2024T10:14:45 - [TEST_STEP][PASSED] - setText(findTestObject("1. CURA Object button/Password"), Password): Text 'ThisIsNotAPassword' is set on object 'Object Repository/1. CURA Object button/Password'

16-07-2024T10:14:46 - [MESSAGE][PASSED] - Text 'ThisIsNotAPassword' is set on object 'Object Repository/1. CURA Object button/Password'

16-07-2024T10:14:46 - [TEST_STEP][PASSED] - click(findTestObject("1. CURA Object button/Login Button")): Object: 'Object Repository/1. CURA Object button/Login Button' is clicked on

16-07-2024T10:14:47 - [MESSAGE][PASSED] - Object: 'Object Repository/1. CURA Object button/Login Button' is clicked on

16-07-2024T10:14:47 - [TEST_STEP][PASSED] - if (username == "John Doe" && password == "ThisIsNotAPassword"): null

16-07-2024T10:14:47 - [TEST_STEP][PASSED] - else: Object 'Object Repository/7. Failed Login/Page_CURA/p_Login failed' is visible

16-07-2024T10:14:47 - [TEST_STEP][PASSED] - verifyElementVisible(findTestObject("7. Failed Login/Page_CURA/p_Login failed")): Object 'Object Repository/7. Failed Login/Page_CURA/p_Login failed' is visible

16-07-2024T10:14:47 - [MESSAGE][PASSED] - Object 'Object Repository/7. Failed Login/Page_CURA/p_Login failed' is visible]]></system-out>
         <system-err><![CDATA[]]></system-err>
      </testcase>
      <testcase name="Test Cases/CURA Web Test/Properties/TCP03 - Logout" time="2.11" classname="Test Cases/CURA Web Test/Properties/TCP03 - Logout" status="PASSED">
         <system-out><![CDATA[16-07-2024T10:14:47 - [TEST_CASE][PASSED] - Test Cases/CURA Web Test/Properties/TCP03 - Logout: Test Cases/CURA Web Test/Properties/TCP03 - Logout

16-07-2024T10:14:47 - [TEST_STEP][PASSED] - verifyElementText(findTestObject("2. CURA Object Text/Make Appointment"), "Make Appointment"): Actual text and expected text of test object 'Object Repository/2. CURA Object Text/Make Appointment' are matched.

16-07-2024T10:14:48 - [MESSAGE][PASSED] - Actual text and expected text of test object 'Object Repository/2. CURA Object Text/Make Appointment' are matched.

16-07-2024T10:14:48 - [TEST_STEP][PASSED] - click(findTestObject("1. CURA Object button/Menu")): Object: 'Object Repository/1. CURA Object button/Menu' is clicked on

16-07-2024T10:14:48 - [MESSAGE][PASSED] - Object: 'Object Repository/1. CURA Object button/Menu' is clicked on

16-07-2024T10:14:48 - [TEST_STEP][PASSED] - click(findTestObject("1. CURA Object button/Logout")): Object: 'Object Repository/1. CURA Object button/Logout' is clicked on

16-07-2024T10:14:49 - [MESSAGE][PASSED] - Object: 'Object Repository/1. CURA Object button/Logout' is clicked on

16-07-2024T10:14:49 - [TEST_STEP][PASSED] - closeBrowser(): Browser is closed

16-07-2024T10:14:49 - [MESSAGE][PASSED] - Browser is closed]]></system-out>
         <system-err><![CDATA[]]></system-err>
      </testcase>
      <system-out><![CDATA[16-07-2024T10:13:50 - [TEST_SUITE][PASSED] - TS09 - Login using data driven: Test Cases/CURA Web Test/Properties/TCP03 - Logout]]></system-out>
      <system-err><![CDATA[]]></system-err>
   </testsuite>
</testsuites>
