<?xml version="1.0" encoding="UTF-8"?>
<testsuites name="TSC01 - End to end test" time="0.011" tests="0" failures="0" errors="0">
   <testsuite name="Test Suites/CURA Test suites/TS02 - Login variation - Chrome - 20240710_154105" tests="0" failures="0" errors="0" time="0.0" skipped="0" timestamp="01-01-1970T07:00:00" hostname="">
      <properties>
         <property name="deviceName" value=""/>
         <property name="devicePlatform"/>
         <property name="logFolder" value="C:\\Users\\Lenovo\\git\\KatalonPractitionerLevel\\Reports\\20240710_154100\\CURA Test suites\\TS02 - Login variation\\20240710_154105"/>
         <property name="logFiles" value=""/>
         <property name="attachments" value=""/>
      </properties>
      <system-out><![CDATA[01-01-1970T07:00:00 - [TEST_SUITE][PASSED] - Test Suites/CURA Test suites/TS02 - Login variation - Chrome - 20240710_154105: null]]></system-out>
      <system-err><![CDATA[]]></system-err>
   </testsuite>
   <testsuite name="Test Suites/CURA Test suites/TS04 - Appointment check - Chrome - 20240710_154109" tests="0" failures="0" errors="0" time="0.0" skipped="0" timestamp="01-01-1970T07:00:00" hostname="">
      <properties>
         <property name="deviceName" value=""/>
         <property name="devicePlatform"/>
         <property name="logFolder" value="C:\\Users\\Lenovo\\git\\KatalonPractitionerLevel\\Reports\\20240710_154100\\CURA Test suites\\TS04 - Appointment check\\20240710_154109"/>
         <property name="logFiles" value=""/>
         <property name="attachments" value=""/>
      </properties>
      <system-out><![CDATA[01-01-1970T07:00:00 - [TEST_SUITE][PASSED] - Test Suites/CURA Test suites/TS04 - Appointment check - Chrome - 20240710_154109: null]]></system-out>
      <system-err><![CDATA[]]></system-err>
   </testsuite>
</testsuites>
