<?xml version="1.0" encoding="UTF-8"?>
<testsuites name="TS10 - Seoul appointment using data driven" time="91.631" tests="6" failures="0" errors="0">
   <testsuite name="TS10 - Seoul appointment using data driven" tests="6" failures="0" errors="0" time="91.631" skipped="0" timestamp="12-07-2024T19:57:10" hostname="Lenovo - LAPTOP-7QB5JFLU" id="Test Suites/CURA Test suites/TS10 - Seoul appointment using data driven">
      <properties>
         <property name="deviceName" value=""/>
         <property name="devicePlatform"/>
         <property name="logFolder" value="C:\\Users\\Lenovo\\git\\KatalonPractitionerLevel\\Reports\\20240712_194912\\CURA Test suites\\TS10 - Seoul appointment using data driven\\20240712_194931"/>
         <property name="logFiles" value="C:\\Users\\Lenovo\\git\\KatalonPractitionerLevel\\Reports\\20240712_194912\\CURA Test suites\\TS10 - Seoul appointment using data driven\\20240712_194931\\execution0.log"/>
         <property name="attachments" value=""/>
         <property name="hostName" value="Lenovo - LAPTOP-7QB5JFLU"/>
         <property name="os" value="Windows 11 64bit"/>
         <property name="katalonVersion" value="9.6.0.217"/>
         <property name="browser" value="Chrome 126.0.0.0"/>
         <property name="hostAddress" value="192.168.1.12"/>
         <property name="sessionId" value="178428777382f7e5deaae8d97d19723f"/>
         <property name="seleniumVersion" value="3.141.59"/>
         <property name="proxyInformation" value="ProxyInformation { proxyOption=NO_PROXY, proxyServerType=HTTP, username=, password=********, proxyServerAddress=, proxyServerPort=0, executionList=&quot;&quot;, isApplyToDesiredCapabilities=true }"/>
         <property name="platform" value="Windows 11"/>
      </properties>
      <testcase name="Test Cases/CURA Web Test/TC18 - Seoul Appointment using data driven" time="16.691" classname="Test Cases/CURA Web Test/TC18 - Seoul Appointment using data driven" status="PASSED">
         <system-out><![CDATA[12-07-2024T19:57:10 - [TEST_CASE][PASSED] - Test Cases/CURA Web Test/TC18 - Seoul Appointment using data driven: Test Cases/CURA Web Test/TC18 - Seoul Appointment using data driven

12-07-2024T19:57:11 - [TEST_STEP][PASSED] - propertiesPage.openBrowser.main(): propertiesPage.openBrowser.main is PASSED

12-07-2024T19:57:11 - [MESSAGE][INFO] - Starting 'Chrome' driver

12-07-2024T19:57:11 - [MESSAGE][INFO] - Action delay is set to 0 milliseconds

12-07-2024T19:57:12 - [MESSAGE][PASSED] - Browser is opened with url: ''

12-07-2024T19:57:17 - [MESSAGE][PASSED] - Navigate to 'https://katalon-demo-cura.herokuapp.com/' successfully

12-07-2024T19:57:17 - [MESSAGE][PASSED] - propertiesPage.openBrowser.main is PASSED

12-07-2024T19:57:17 - [TEST_STEP][PASSED] - propertiesPage.loginMenu.main(): propertiesPage.loginMenu.main is PASSED

12-07-2024T19:57:18 - [MESSAGE][PASSED] - Object: 'Object Repository/1. CURA Object button/Make Appointment' is clicked on

12-07-2024T19:57:18 - [MESSAGE][PASSED] - Actual text and expected text of test object 'Object Repository/2. CURA Object Text/Login Text' are matched.

12-07-2024T19:57:19 - [MESSAGE][PASSED] - Text 'John Doe' is set on object 'Object Repository/1. CURA Object button/Username'

12-07-2024T19:57:20 - [MESSAGE][PASSED] - Text 'ThisIsNotAPassword' is set on object 'Object Repository/1. CURA Object button/Password'

12-07-2024T19:57:21 - [MESSAGE][PASSED] - Object: 'Object Repository/1. CURA Object button/Login Button' is clicked on

12-07-2024T19:57:21 - [MESSAGE][PASSED] - propertiesPage.loginMenu.main is PASSED

12-07-2024T19:57:21 - [TEST_STEP][PASSED] - selectOptionByValue(findTestObject("1. CURA Object button/Facility"), facilityBook, true, CONTINUE_ON_FAILURE): All options with value 'Seoul CURA Healthcare Center' are selected in object 'Object Repository/1. CURA Object button/Facility'  using regular expression

12-07-2024T19:57:22 - [MESSAGE][PASSED] - All options with value 'Seoul CURA Healthcare Center' are selected in object 'Object Repository/1. CURA Object button/Facility'  using regular expression

12-07-2024T19:57:22 - [TEST_STEP][PASSED] - click(findTestObject("1. CURA Object button/Hospital Readmission")): Object: 'Object Repository/1. CURA Object button/Hospital Readmission' is clicked on

12-07-2024T19:57:22 - [MESSAGE][PASSED] - Object: 'Object Repository/1. CURA Object button/Hospital Readmission' is clicked on

12-07-2024T19:57:22 - [TEST_STEP][PASSED] - click(findTestObject("1. CURA Object button/Medicaid")): Object: 'Object Repository/1. CURA Object button/Medicaid' is clicked on

12-07-2024T19:57:22 - [MESSAGE][PASSED] - Object: 'Object Repository/1. CURA Object button/Medicaid' is clicked on

12-07-2024T19:57:22 - [TEST_STEP][PASSED] - click(findTestObject("1. CURA Object button/Visit Date")): Object: 'Object Repository/1. CURA Object button/Visit Date' is clicked on

12-07-2024T19:57:23 - [MESSAGE][PASSED] - Object: 'Object Repository/1. CURA Object button/Visit Date' is clicked on

12-07-2024T19:57:23 - [TEST_STEP][PASSED] - setText(findTestObject("1. CURA Object button/Visit Date"), visitDateBook): Text '09/07/2024' is set on object 'Object Repository/1. CURA Object button/Visit Date'

12-07-2024T19:57:24 - [MESSAGE][PASSED] - Text '09/07/2024' is set on object 'Object Repository/1. CURA Object button/Visit Date'

12-07-2024T19:57:24 - [TEST_STEP][PASSED] - setText(findTestObject("1. CURA Object button/Comment"), commentBook): Text 'Meet dr. Irsyad' is set on object 'Object Repository/1. CURA Object button/Comment'

12-07-2024T19:57:25 - [MESSAGE][PASSED] - Text 'Meet dr. Irsyad' is set on object 'Object Repository/1. CURA Object button/Comment'

12-07-2024T19:57:25 - [TEST_STEP][PASSED] - click(findTestObject("1. CURA Object button/Book Appointment")): Object: 'Object Repository/1. CURA Object button/Book Appointment' is clicked on

12-07-2024T19:57:25 - [MESSAGE][PASSED] - Object: 'Object Repository/1. CURA Object button/Book Appointment' is clicked on

12-07-2024T19:57:25 - [TEST_STEP][PASSED] - click(findTestObject("1. CURA Object button/Menu")): Object: 'Object Repository/1. CURA Object button/Menu' is clicked on

12-07-2024T19:57:26 - [MESSAGE][PASSED] - Object: 'Object Repository/1. CURA Object button/Menu' is clicked on

12-07-2024T19:57:26 - [TEST_STEP][PASSED] - click(findTestObject("1. CURA Object button/Home")): Object: 'Object Repository/1. CURA Object button/Home' is clicked on

12-07-2024T19:57:27 - [MESSAGE][PASSED] - Object: 'Object Repository/1. CURA Object button/Home' is clicked on

12-07-2024T19:57:27 - [TEST_STEP][PASSED] - click(findTestObject("1. CURA Object button/Make Appointment")): Object: 'Object Repository/1. CURA Object button/Make Appointment' is clicked on

12-07-2024T19:57:27 - [MESSAGE][PASSED] - Object: 'Object Repository/1. CURA Object button/Make Appointment' is clicked on]]></system-out>
         <system-err><![CDATA[]]></system-err>
      </testcase>
      <testcase name="Test Cases/CURA Web Test/TC18 - Seoul Appointment using data driven" time="15.937" classname="Test Cases/CURA Web Test/TC18 - Seoul Appointment using data driven" status="PASSED">
         <system-out><![CDATA[12-07-2024T19:57:27 - [TEST_CASE][PASSED] - Test Cases/CURA Web Test/TC18 - Seoul Appointment using data driven: Test Cases/CURA Web Test/TC18 - Seoul Appointment using data driven

12-07-2024T19:57:27 - [TEST_STEP][PASSED] - propertiesPage.openBrowser.main(): propertiesPage.openBrowser.main is PASSED

12-07-2024T19:57:27 - [MESSAGE][WARNING] - A browser is already opened. Closing browser and opening a new one

12-07-2024T19:57:27 - [MESSAGE][INFO] - Starting 'Chrome' driver

12-07-2024T19:57:27 - [MESSAGE][INFO] - Action delay is set to 0 milliseconds

12-07-2024T19:57:28 - [MESSAGE][PASSED] - Browser is opened with url: ''

12-07-2024T19:57:33 - [MESSAGE][PASSED] - Navigate to 'https://katalon-demo-cura.herokuapp.com/' successfully

12-07-2024T19:57:33 - [MESSAGE][PASSED] - propertiesPage.openBrowser.main is PASSED

12-07-2024T19:57:33 - [TEST_STEP][PASSED] - propertiesPage.loginMenu.main(): propertiesPage.loginMenu.main is PASSED

12-07-2024T19:57:34 - [MESSAGE][PASSED] - Object: 'Object Repository/1. CURA Object button/Make Appointment' is clicked on

12-07-2024T19:57:34 - [MESSAGE][PASSED] - Actual text and expected text of test object 'Object Repository/2. CURA Object Text/Login Text' are matched.

12-07-2024T19:57:35 - [MESSAGE][PASSED] - Text 'John Doe' is set on object 'Object Repository/1. CURA Object button/Username'

12-07-2024T19:57:36 - [MESSAGE][PASSED] - Text 'ThisIsNotAPassword' is set on object 'Object Repository/1. CURA Object button/Password'

12-07-2024T19:57:37 - [MESSAGE][PASSED] - Object: 'Object Repository/1. CURA Object button/Login Button' is clicked on

12-07-2024T19:57:37 - [MESSAGE][PASSED] - propertiesPage.loginMenu.main is PASSED

12-07-2024T19:57:37 - [TEST_STEP][PASSED] - selectOptionByValue(findTestObject("1. CURA Object button/Facility"), facilityBook, true, CONTINUE_ON_FAILURE): All options with value 'Seoul CURA Healthcare Center' are selected in object 'Object Repository/1. CURA Object button/Facility'  using regular expression

12-07-2024T19:57:38 - [MESSAGE][PASSED] - All options with value 'Seoul CURA Healthcare Center' are selected in object 'Object Repository/1. CURA Object button/Facility'  using regular expression

12-07-2024T19:57:38 - [TEST_STEP][PASSED] - click(findTestObject("1. CURA Object button/Hospital Readmission")): Object: 'Object Repository/1. CURA Object button/Hospital Readmission' is clicked on

12-07-2024T19:57:38 - [MESSAGE][PASSED] - Object: 'Object Repository/1. CURA Object button/Hospital Readmission' is clicked on

12-07-2024T19:57:38 - [TEST_STEP][PASSED] - click(findTestObject("1. CURA Object button/Medicaid")): Object: 'Object Repository/1. CURA Object button/Medicaid' is clicked on

12-07-2024T19:57:38 - [MESSAGE][PASSED] - Object: 'Object Repository/1. CURA Object button/Medicaid' is clicked on

12-07-2024T19:57:38 - [TEST_STEP][PASSED] - click(findTestObject("1. CURA Object button/Visit Date")): Object: 'Object Repository/1. CURA Object button/Visit Date' is clicked on

12-07-2024T19:57:39 - [MESSAGE][PASSED] - Object: 'Object Repository/1. CURA Object button/Visit Date' is clicked on

12-07-2024T19:57:39 - [TEST_STEP][PASSED] - setText(findTestObject("1. CURA Object button/Visit Date"), visitDateBook): Text '04/07/2024' is set on object 'Object Repository/1. CURA Object button/Visit Date'

12-07-2024T19:57:40 - [MESSAGE][PASSED] - Text '04/07/2024' is set on object 'Object Repository/1. CURA Object button/Visit Date'

12-07-2024T19:57:40 - [TEST_STEP][PASSED] - setText(findTestObject("1. CURA Object button/Comment"), commentBook): Text 'Reschedule, Meet dr. Indahsari' is set on object 'Object Repository/1. CURA Object button/Comment'

12-07-2024T19:57:41 - [MESSAGE][PASSED] - Text 'Reschedule, Meet dr. Indahsari' is set on object 'Object Repository/1. CURA Object button/Comment'

12-07-2024T19:57:41 - [TEST_STEP][PASSED] - click(findTestObject("1. CURA Object button/Book Appointment")): Object: 'Object Repository/1. CURA Object button/Book Appointment' is clicked on

12-07-2024T19:57:41 - [MESSAGE][PASSED] - Object: 'Object Repository/1. CURA Object button/Book Appointment' is clicked on

12-07-2024T19:57:41 - [TEST_STEP][PASSED] - click(findTestObject("1. CURA Object button/Menu")): Object: 'Object Repository/1. CURA Object button/Menu' is clicked on

12-07-2024T19:57:42 - [MESSAGE][PASSED] - Object: 'Object Repository/1. CURA Object button/Menu' is clicked on

12-07-2024T19:57:42 - [TEST_STEP][PASSED] - click(findTestObject("1. CURA Object button/Home")): Object: 'Object Repository/1. CURA Object button/Home' is clicked on

12-07-2024T19:57:43 - [MESSAGE][PASSED] - Object: 'Object Repository/1. CURA Object button/Home' is clicked on

12-07-2024T19:57:43 - [TEST_STEP][PASSED] - click(findTestObject("1. CURA Object button/Make Appointment")): Object: 'Object Repository/1. CURA Object button/Make Appointment' is clicked on

12-07-2024T19:57:43 - [MESSAGE][PASSED] - Object: 'Object Repository/1. CURA Object button/Make Appointment' is clicked on]]></system-out>
         <system-err><![CDATA[]]></system-err>
      </testcase>
      <testcase name="Test Cases/CURA Web Test/TC18 - Seoul Appointment using data driven" time="13.745" classname="Test Cases/CURA Web Test/TC18 - Seoul Appointment using data driven" status="PASSED">
         <system-out><![CDATA[12-07-2024T19:57:43 - [TEST_CASE][PASSED] - Test Cases/CURA Web Test/TC18 - Seoul Appointment using data driven: Test Cases/CURA Web Test/TC18 - Seoul Appointment using data driven

12-07-2024T19:57:43 - [TEST_STEP][PASSED] - propertiesPage.openBrowser.main(): propertiesPage.openBrowser.main is PASSED

12-07-2024T19:57:43 - [MESSAGE][WARNING] - A browser is already opened. Closing browser and opening a new one

12-07-2024T19:57:43 - [MESSAGE][INFO] - Starting 'Chrome' driver

12-07-2024T19:57:43 - [MESSAGE][INFO] - Action delay is set to 0 milliseconds

12-07-2024T19:57:44 - [MESSAGE][PASSED] - Browser is opened with url: ''

12-07-2024T19:57:47 - [MESSAGE][PASSED] - Navigate to 'https://katalon-demo-cura.herokuapp.com/' successfully

12-07-2024T19:57:47 - [MESSAGE][PASSED] - propertiesPage.openBrowser.main is PASSED

12-07-2024T19:57:47 - [TEST_STEP][PASSED] - propertiesPage.loginMenu.main(): propertiesPage.loginMenu.main is PASSED

12-07-2024T19:57:48 - [MESSAGE][PASSED] - Object: 'Object Repository/1. CURA Object button/Make Appointment' is clicked on

12-07-2024T19:57:48 - [MESSAGE][PASSED] - Actual text and expected text of test object 'Object Repository/2. CURA Object Text/Login Text' are matched.

12-07-2024T19:57:49 - [MESSAGE][PASSED] - Text 'John Doe' is set on object 'Object Repository/1. CURA Object button/Username'

12-07-2024T19:57:50 - [MESSAGE][PASSED] - Text 'ThisIsNotAPassword' is set on object 'Object Repository/1. CURA Object button/Password'

12-07-2024T19:57:51 - [MESSAGE][PASSED] - Object: 'Object Repository/1. CURA Object button/Login Button' is clicked on

12-07-2024T19:57:51 - [MESSAGE][PASSED] - propertiesPage.loginMenu.main is PASSED

12-07-2024T19:57:51 - [TEST_STEP][PASSED] - selectOptionByValue(findTestObject("1. CURA Object button/Facility"), facilityBook, true, CONTINUE_ON_FAILURE): All options with value 'Seoul CURA Healthcare Center' are selected in object 'Object Repository/1. CURA Object button/Facility'  using regular expression

12-07-2024T19:57:52 - [MESSAGE][PASSED] - All options with value 'Seoul CURA Healthcare Center' are selected in object 'Object Repository/1. CURA Object button/Facility'  using regular expression

12-07-2024T19:57:52 - [TEST_STEP][PASSED] - click(findTestObject("1. CURA Object button/Hospital Readmission")): Object: 'Object Repository/1. CURA Object button/Hospital Readmission' is clicked on

12-07-2024T19:57:52 - [MESSAGE][PASSED] - Object: 'Object Repository/1. CURA Object button/Hospital Readmission' is clicked on

12-07-2024T19:57:52 - [TEST_STEP][PASSED] - click(findTestObject("1. CURA Object button/Medicaid")): Object: 'Object Repository/1. CURA Object button/Medicaid' is clicked on

12-07-2024T19:57:52 - [MESSAGE][PASSED] - Object: 'Object Repository/1. CURA Object button/Medicaid' is clicked on

12-07-2024T19:57:52 - [TEST_STEP][PASSED] - click(findTestObject("1. CURA Object button/Visit Date")): Object: 'Object Repository/1. CURA Object button/Visit Date' is clicked on

12-07-2024T19:57:53 - [MESSAGE][PASSED] - Object: 'Object Repository/1. CURA Object button/Visit Date' is clicked on

12-07-2024T19:57:53 - [TEST_STEP][PASSED] - setText(findTestObject("1. CURA Object button/Visit Date"), visitDateBook): Text '01/03/2025' is set on object 'Object Repository/1. CURA Object button/Visit Date'

12-07-2024T19:57:54 - [MESSAGE][PASSED] - Text '01/03/2025' is set on object 'Object Repository/1. CURA Object button/Visit Date'

12-07-2024T19:57:54 - [TEST_STEP][PASSED] - setText(findTestObject("1. CURA Object button/Comment"), commentBook): Text 'Meet dr. Andika' is set on object 'Object Repository/1. CURA Object button/Comment'

12-07-2024T19:57:54 - [MESSAGE][PASSED] - Text 'Meet dr. Andika' is set on object 'Object Repository/1. CURA Object button/Comment'

12-07-2024T19:57:54 - [TEST_STEP][PASSED] - click(findTestObject("1. CURA Object button/Book Appointment")): Object: 'Object Repository/1. CURA Object button/Book Appointment' is clicked on

12-07-2024T19:57:55 - [MESSAGE][PASSED] - Object: 'Object Repository/1. CURA Object button/Book Appointment' is clicked on

12-07-2024T19:57:55 - [TEST_STEP][PASSED] - click(findTestObject("1. CURA Object button/Menu")): Object: 'Object Repository/1. CURA Object button/Menu' is clicked on

12-07-2024T19:57:56 - [MESSAGE][PASSED] - Object: 'Object Repository/1. CURA Object button/Menu' is clicked on

12-07-2024T19:57:56 - [TEST_STEP][PASSED] - click(findTestObject("1. CURA Object button/Home")): Object: 'Object Repository/1. CURA Object button/Home' is clicked on

12-07-2024T19:57:56 - [MESSAGE][PASSED] - Object: 'Object Repository/1. CURA Object button/Home' is clicked on

12-07-2024T19:57:56 - [TEST_STEP][PASSED] - click(findTestObject("1. CURA Object button/Make Appointment")): Object: 'Object Repository/1. CURA Object button/Make Appointment' is clicked on

12-07-2024T19:57:57 - [MESSAGE][PASSED] - Object: 'Object Repository/1. CURA Object button/Make Appointment' is clicked on]]></system-out>
         <system-err><![CDATA[]]></system-err>
      </testcase>
      <testcase name="Test Cases/CURA Web Test/TC18 - Seoul Appointment using data driven" time="19.987" classname="Test Cases/CURA Web Test/TC18 - Seoul Appointment using data driven" status="PASSED">
         <system-out><![CDATA[12-07-2024T19:57:57 - [TEST_CASE][PASSED] - Test Cases/CURA Web Test/TC18 - Seoul Appointment using data driven: Test Cases/CURA Web Test/TC18 - Seoul Appointment using data driven

12-07-2024T19:57:57 - [TEST_STEP][PASSED] - propertiesPage.openBrowser.main(): propertiesPage.openBrowser.main is PASSED

12-07-2024T19:57:57 - [MESSAGE][WARNING] - A browser is already opened. Closing browser and opening a new one

12-07-2024T19:57:57 - [MESSAGE][INFO] - Starting 'Chrome' driver

12-07-2024T19:57:57 - [MESSAGE][INFO] - Action delay is set to 0 milliseconds

12-07-2024T19:57:58 - [MESSAGE][PASSED] - Browser is opened with url: ''

12-07-2024T19:58:06 - [MESSAGE][PASSED] - Navigate to 'https://katalon-demo-cura.herokuapp.com/' successfully

12-07-2024T19:58:06 - [MESSAGE][PASSED] - propertiesPage.openBrowser.main is PASSED

12-07-2024T19:58:06 - [TEST_STEP][PASSED] - propertiesPage.loginMenu.main(): propertiesPage.loginMenu.main is PASSED

12-07-2024T19:58:07 - [MESSAGE][PASSED] - Object: 'Object Repository/1. CURA Object button/Make Appointment' is clicked on

12-07-2024T19:58:08 - [MESSAGE][PASSED] - Actual text and expected text of test object 'Object Repository/2. CURA Object Text/Login Text' are matched.

12-07-2024T19:58:09 - [MESSAGE][PASSED] - Text 'John Doe' is set on object 'Object Repository/1. CURA Object button/Username'

12-07-2024T19:58:09 - [MESSAGE][PASSED] - Text 'ThisIsNotAPassword' is set on object 'Object Repository/1. CURA Object button/Password'

12-07-2024T19:58:11 - [MESSAGE][PASSED] - Object: 'Object Repository/1. CURA Object button/Login Button' is clicked on

12-07-2024T19:58:11 - [MESSAGE][PASSED] - propertiesPage.loginMenu.main is PASSED

12-07-2024T19:58:11 - [TEST_STEP][PASSED] - selectOptionByValue(findTestObject("1. CURA Object button/Facility"), facilityBook, true, CONTINUE_ON_FAILURE): All options with value 'Seoul CURA Healthcare Center' are selected in object 'Object Repository/1. CURA Object button/Facility'  using regular expression

12-07-2024T19:58:12 - [MESSAGE][PASSED] - All options with value 'Seoul CURA Healthcare Center' are selected in object 'Object Repository/1. CURA Object button/Facility'  using regular expression

12-07-2024T19:58:12 - [TEST_STEP][PASSED] - click(findTestObject("1. CURA Object button/Hospital Readmission")): Object: 'Object Repository/1. CURA Object button/Hospital Readmission' is clicked on

12-07-2024T19:58:12 - [MESSAGE][PASSED] - Object: 'Object Repository/1. CURA Object button/Hospital Readmission' is clicked on

12-07-2024T19:58:12 - [TEST_STEP][PASSED] - click(findTestObject("1. CURA Object button/Medicaid")): Object: 'Object Repository/1. CURA Object button/Medicaid' is clicked on

12-07-2024T19:58:13 - [MESSAGE][PASSED] - Object: 'Object Repository/1. CURA Object button/Medicaid' is clicked on

12-07-2024T19:58:13 - [TEST_STEP][PASSED] - click(findTestObject("1. CURA Object button/Visit Date")): Object: 'Object Repository/1. CURA Object button/Visit Date' is clicked on

12-07-2024T19:58:13 - [MESSAGE][PASSED] - Object: 'Object Repository/1. CURA Object button/Visit Date' is clicked on

12-07-2024T19:58:13 - [TEST_STEP][PASSED] - setText(findTestObject("1. CURA Object button/Visit Date"), visitDateBook): Text '12/12/2024' is set on object 'Object Repository/1. CURA Object button/Visit Date'

12-07-2024T19:58:14 - [MESSAGE][PASSED] - Text '12/12/2024' is set on object 'Object Repository/1. CURA Object button/Visit Date'

12-07-2024T19:58:14 - [TEST_STEP][PASSED] - setText(findTestObject("1. CURA Object button/Comment"), commentBook): Text 'Meet dr. Azani' is set on object 'Object Repository/1. CURA Object button/Comment'

12-07-2024T19:58:15 - [MESSAGE][PASSED] - Text 'Meet dr. Azani' is set on object 'Object Repository/1. CURA Object button/Comment'

12-07-2024T19:58:15 - [TEST_STEP][PASSED] - click(findTestObject("1. CURA Object button/Book Appointment")): Object: 'Object Repository/1. CURA Object button/Book Appointment' is clicked on

12-07-2024T19:58:15 - [MESSAGE][PASSED] - Object: 'Object Repository/1. CURA Object button/Book Appointment' is clicked on

12-07-2024T19:58:15 - [TEST_STEP][PASSED] - click(findTestObject("1. CURA Object button/Menu")): Object: 'Object Repository/1. CURA Object button/Menu' is clicked on

12-07-2024T19:58:16 - [MESSAGE][PASSED] - Object: 'Object Repository/1. CURA Object button/Menu' is clicked on

12-07-2024T19:58:16 - [TEST_STEP][PASSED] - click(findTestObject("1. CURA Object button/Home")): Object: 'Object Repository/1. CURA Object button/Home' is clicked on

12-07-2024T19:58:16 - [MESSAGE][PASSED] - Object: 'Object Repository/1. CURA Object button/Home' is clicked on

12-07-2024T19:58:16 - [TEST_STEP][PASSED] - click(findTestObject("1. CURA Object button/Make Appointment")): Object: 'Object Repository/1. CURA Object button/Make Appointment' is clicked on

12-07-2024T19:58:17 - [MESSAGE][PASSED] - Object: 'Object Repository/1. CURA Object button/Make Appointment' is clicked on]]></system-out>
         <system-err><![CDATA[]]></system-err>
      </testcase>
      <testcase name="Test Cases/CURA Web Test/TC18 - Seoul Appointment using data driven" time="22.232" classname="Test Cases/CURA Web Test/TC18 - Seoul Appointment using data driven" status="PASSED">
         <system-out><![CDATA[12-07-2024T19:58:17 - [TEST_CASE][PASSED] - Test Cases/CURA Web Test/TC18 - Seoul Appointment using data driven: Test Cases/CURA Web Test/TC18 - Seoul Appointment using data driven

12-07-2024T19:58:17 - [TEST_STEP][PASSED] - propertiesPage.openBrowser.main(): propertiesPage.openBrowser.main is PASSED

12-07-2024T19:58:17 - [MESSAGE][WARNING] - A browser is already opened. Closing browser and opening a new one

12-07-2024T19:58:17 - [MESSAGE][INFO] - Starting 'Chrome' driver

12-07-2024T19:58:17 - [MESSAGE][INFO] - Action delay is set to 0 milliseconds

12-07-2024T19:58:17 - [MESSAGE][PASSED] - Browser is opened with url: ''

12-07-2024T19:58:29 - [MESSAGE][PASSED] - Navigate to 'https://katalon-demo-cura.herokuapp.com/' successfully

12-07-2024T19:58:29 - [MESSAGE][PASSED] - propertiesPage.openBrowser.main is PASSED

12-07-2024T19:58:29 - [TEST_STEP][PASSED] - propertiesPage.loginMenu.main(): propertiesPage.loginMenu.main is PASSED

12-07-2024T19:58:30 - [MESSAGE][PASSED] - Object: 'Object Repository/1. CURA Object button/Make Appointment' is clicked on

12-07-2024T19:58:30 - [MESSAGE][PASSED] - Actual text and expected text of test object 'Object Repository/2. CURA Object Text/Login Text' are matched.

12-07-2024T19:58:31 - [MESSAGE][PASSED] - Text 'John Doe' is set on object 'Object Repository/1. CURA Object button/Username'

12-07-2024T19:58:32 - [MESSAGE][PASSED] - Text 'ThisIsNotAPassword' is set on object 'Object Repository/1. CURA Object button/Password'

12-07-2024T19:58:33 - [MESSAGE][PASSED] - Object: 'Object Repository/1. CURA Object button/Login Button' is clicked on

12-07-2024T19:58:33 - [MESSAGE][PASSED] - propertiesPage.loginMenu.main is PASSED

12-07-2024T19:58:33 - [TEST_STEP][PASSED] - selectOptionByValue(findTestObject("1. CURA Object button/Facility"), facilityBook, true, CONTINUE_ON_FAILURE): All options with value 'Seoul CURA Healthcare Center' are selected in object 'Object Repository/1. CURA Object button/Facility'  using regular expression

12-07-2024T19:58:34 - [MESSAGE][PASSED] - All options with value 'Seoul CURA Healthcare Center' are selected in object 'Object Repository/1. CURA Object button/Facility'  using regular expression

12-07-2024T19:58:34 - [TEST_STEP][PASSED] - click(findTestObject("1. CURA Object button/Hospital Readmission")): Object: 'Object Repository/1. CURA Object button/Hospital Readmission' is clicked on

12-07-2024T19:58:34 - [MESSAGE][PASSED] - Object: 'Object Repository/1. CURA Object button/Hospital Readmission' is clicked on

12-07-2024T19:58:34 - [TEST_STEP][PASSED] - click(findTestObject("1. CURA Object button/Medicaid")): Object: 'Object Repository/1. CURA Object button/Medicaid' is clicked on

12-07-2024T19:58:34 - [MESSAGE][PASSED] - Object: 'Object Repository/1. CURA Object button/Medicaid' is clicked on

12-07-2024T19:58:34 - [TEST_STEP][PASSED] - click(findTestObject("1. CURA Object button/Visit Date")): Object: 'Object Repository/1. CURA Object button/Visit Date' is clicked on

12-07-2024T19:58:35 - [MESSAGE][PASSED] - Object: 'Object Repository/1. CURA Object button/Visit Date' is clicked on

12-07-2024T19:58:35 - [TEST_STEP][PASSED] - setText(findTestObject("1. CURA Object button/Visit Date"), visitDateBook): Text '05/07/2024' is set on object 'Object Repository/1. CURA Object button/Visit Date'

12-07-2024T19:58:36 - [MESSAGE][PASSED] - Text '05/07/2024' is set on object 'Object Repository/1. CURA Object button/Visit Date'

12-07-2024T19:58:36 - [TEST_STEP][PASSED] - setText(findTestObject("1. CURA Object button/Comment"), commentBook): Text 'Reschedule to 06/07/2024 with dr. Ava' is set on object 'Object Repository/1. CURA Object button/Comment'

12-07-2024T19:58:37 - [MESSAGE][PASSED] - Text 'Reschedule to 06/07/2024 with dr. Ava' is set on object 'Object Repository/1. CURA Object button/Comment'

12-07-2024T19:58:37 - [TEST_STEP][PASSED] - click(findTestObject("1. CURA Object button/Book Appointment")): Object: 'Object Repository/1. CURA Object button/Book Appointment' is clicked on

12-07-2024T19:58:37 - [MESSAGE][PASSED] - Object: 'Object Repository/1. CURA Object button/Book Appointment' is clicked on

12-07-2024T19:58:37 - [TEST_STEP][PASSED] - click(findTestObject("1. CURA Object button/Menu")): Object: 'Object Repository/1. CURA Object button/Menu' is clicked on

12-07-2024T19:58:38 - [MESSAGE][PASSED] - Object: 'Object Repository/1. CURA Object button/Menu' is clicked on

12-07-2024T19:58:38 - [TEST_STEP][PASSED] - click(findTestObject("1. CURA Object button/Home")): Object: 'Object Repository/1. CURA Object button/Home' is clicked on

12-07-2024T19:58:39 - [MESSAGE][PASSED] - Object: 'Object Repository/1. CURA Object button/Home' is clicked on

12-07-2024T19:58:39 - [TEST_STEP][PASSED] - click(findTestObject("1. CURA Object button/Make Appointment")): Object: 'Object Repository/1. CURA Object button/Make Appointment' is clicked on

12-07-2024T19:58:39 - [MESSAGE][PASSED] - Object: 'Object Repository/1. CURA Object button/Make Appointment' is clicked on]]></system-out>
         <system-err><![CDATA[]]></system-err>
      </testcase>
      <testcase name="Test Cases/CURA Web Test/Properties/TCP03 - Logout" time="2.29" classname="Test Cases/CURA Web Test/Properties/TCP03 - Logout" status="PASSED">
         <system-out><![CDATA[12-07-2024T19:58:39 - [TEST_CASE][PASSED] - Test Cases/CURA Web Test/Properties/TCP03 - Logout: Test Cases/CURA Web Test/Properties/TCP03 - Logout

12-07-2024T19:58:39 - [TEST_STEP][PASSED] - verifyElementText(findTestObject("2. CURA Object Text/Make Appointment"), "Make Appointment"): Actual text and expected text of test object 'Object Repository/2. CURA Object Text/Make Appointment' are matched.

12-07-2024T19:58:39 - [MESSAGE][PASSED] - Actual text and expected text of test object 'Object Repository/2. CURA Object Text/Make Appointment' are matched.

12-07-2024T19:58:39 - [TEST_STEP][PASSED] - click(findTestObject("1. CURA Object button/Menu")): Object: 'Object Repository/1. CURA Object button/Menu' is clicked on

12-07-2024T19:58:40 - [MESSAGE][PASSED] - Object: 'Object Repository/1. CURA Object button/Menu' is clicked on

12-07-2024T19:58:40 - [TEST_STEP][PASSED] - click(findTestObject("1. CURA Object button/Logout")): Object: 'Object Repository/1. CURA Object button/Logout' is clicked on

12-07-2024T19:58:41 - [MESSAGE][PASSED] - Object: 'Object Repository/1. CURA Object button/Logout' is clicked on

12-07-2024T19:58:41 - [TEST_STEP][PASSED] - closeBrowser(): Browser is closed

12-07-2024T19:58:41 - [MESSAGE][PASSED] - Browser is closed]]></system-out>
         <system-err><![CDATA[]]></system-err>
      </testcase>
      <system-out><![CDATA[12-07-2024T19:57:10 - [TEST_SUITE][PASSED] - TS10 - Seoul appointment using data driven: Test Cases/CURA Web Test/Properties/TCP03 - Logout]]></system-out>
      <system-err><![CDATA[]]></system-err>
   </testsuite>
</testsuites>
