<?xml version="1.0" encoding="UTF-8"?>
<testsuites name="TS08 - Hongkong appointment using variable" time="16.675" tests="3" failures="0" errors="0">
   <testsuite name="TS08 - Hongkong appointment using variable" tests="3" failures="0" errors="0" time="16.675" skipped="0" timestamp="02-07-2024T18:15:20" hostname="Lenovo - LAPTOP-7QB5JFLU" id="Test Suites/TS08 - Hongkong appointment using variable">
      <properties>
         <property name="deviceName" value=""/>
         <property name="devicePlatform"/>
         <property name="logFolder" value="C:\\Users\\Lenovo\\git\\KatalonPractitionerLevel\\Reports\\20240702_181515\\TS08 - Hongkong appointment using variable\\20240702_181516"/>
         <property name="logFiles" value="C:\\Users\\Lenovo\\git\\KatalonPractitionerLevel\\Reports\\20240702_181515\\TS08 - Hongkong appointment using variable\\20240702_181516\\execution0.log"/>
         <property name="attachments" value=""/>
         <property name="hostName" value="Lenovo - LAPTOP-7QB5JFLU"/>
         <property name="os" value="Windows 11 64bit"/>
         <property name="katalonVersion" value="9.6.0.217"/>
         <property name="browser" value="Chrome 126.0.0.0"/>
         <property name="hostAddress" value="192.168.1.12"/>
         <property name="sessionId" value="442c3ca87a35411e7c739a7032712fea"/>
         <property name="seleniumVersion" value="3.141.59"/>
         <property name="proxyInformation" value="ProxyInformation { proxyOption=NO_PROXY, proxyServerType=HTTP, username=, password=********, proxyServerAddress=, proxyServerPort=0, executionList=&quot;&quot;, isApplyToDesiredCapabilities=true }"/>
         <property name="platform" value="Windows 11"/>
      </properties>
      <testcase name="Test Cases/TC15 - Login using variable" time="8.765" classname="Test Cases/TC15 - Login using variable" status="PASSED">
         <system-out><![CDATA[02-07-2024T18:15:21 - [TEST_CASE][PASSED] - Test Cases/TC15 - Login using variable: Test Cases/TC15 - Login using variable

02-07-2024T18:15:21 - [TEST_STEP][PASSED] - openBrowser(""): Browser is opened with url: ''

02-07-2024T18:15:21 - [MESSAGE][INFO] - Starting 'Chrome' driver

02-07-2024T18:15:21 - [MESSAGE][INFO] - Action delay is set to 0 milliseconds

02-07-2024T18:15:22 - [MESSAGE][PASSED] - Browser is opened with url: ''

02-07-2024T18:15:22 - [TEST_STEP][PASSED] - navigateToUrl("https://katalon-demo-cura.herokuapp.com/"): Navigate to 'https://katalon-demo-cura.herokuapp.com/' successfully

02-07-2024T18:15:25 - [MESSAGE][PASSED] - Navigate to 'https://katalon-demo-cura.herokuapp.com/' successfully

02-07-2024T18:15:25 - [TEST_STEP][PASSED] - loginParameter = "varibleLogin": null

02-07-2024T18:15:25 - [TEST_STEP][PASSED] - click(findTestObject("1. CURA Test Object (Click, Set, Dropdown)/Make Appointment")): Object: 'Object Repository/1. CURA Test Object (Click, Set, Dropdown)/Make Appointment' is clicked on

02-07-2024T18:15:26 - [MESSAGE][PASSED] - Object: 'Object Repository/1. CURA Test Object (Click, Set, Dropdown)/Make Appointment' is clicked on

02-07-2024T18:15:26 - [TEST_STEP][PASSED] - setText(findTestObject("1. CURA Test Object (Click, Set, Dropdown)/Username"), Username): Text 'John Doe' is set on object 'Object Repository/1. CURA Test Object (Click, Set, Dropdown)/Username'

02-07-2024T18:15:27 - [MESSAGE][PASSED] - Text 'John Doe' is set on object 'Object Repository/1. CURA Test Object (Click, Set, Dropdown)/Username'

02-07-2024T18:15:27 - [TEST_STEP][PASSED] - setText(findTestObject("1. CURA Test Object (Click, Set, Dropdown)/Password"), Password): Text 'ThisIsNotAPassword' is set on object 'Object Repository/1. CURA Test Object (Click, Set, Dropdown)/Password'

02-07-2024T18:15:28 - [MESSAGE][PASSED] - Text 'ThisIsNotAPassword' is set on object 'Object Repository/1. CURA Test Object (Click, Set, Dropdown)/Password'

02-07-2024T18:15:28 - [TEST_STEP][PASSED] - click(findTestObject("1. CURA Test Object (Click, Set, Dropdown)/Login Button")): Object: 'Object Repository/1. CURA Test Object (Click, Set, Dropdown)/Login Button' is clicked on

02-07-2024T18:15:29 - [MESSAGE][PASSED] - Object: 'Object Repository/1. CURA Test Object (Click, Set, Dropdown)/Login Button' is clicked on]]></system-out>
         <system-err><![CDATA[]]></system-err>
      </testcase>
      <testcase name="Test Cases/TC16 - Appointment Hongkong using variable" time="5.818" classname="Test Cases/TC16 - Appointment Hongkong using variable" status="PASSED">
         <system-out><![CDATA[02-07-2024T18:15:29 - [TEST_CASE][PASSED] - Test Cases/TC16 - Appointment Hongkong using variable: Test Cases/TC16 - Appointment Hongkong using variable

02-07-2024T18:15:30 - [TEST_STEP][PASSED] - selectOptionByValue(findTestObject("1. CURA Test Object (Click, Set, Dropdown)/Facility"), "Hongkong CURA Healthcare Center", true, CONTINUE_ON_FAILURE): All options with value 'Hongkong CURA Healthcare Center' are selected in object 'Object Repository/1. CURA Test Object (Click, Set, Dropdown)/Facility'  using regular expression

02-07-2024T18:15:31 - [MESSAGE][PASSED] - All options with value 'Hongkong CURA Healthcare Center' are selected in object 'Object Repository/1. CURA Test Object (Click, Set, Dropdown)/Facility'  using regular expression

02-07-2024T18:15:31 - [TEST_STEP][PASSED] - click(findTestObject("1. CURA Test Object (Click, Set, Dropdown)/Apply for Hospital Readmission")): Object: 'Object Repository/1. CURA Test Object (Click, Set, Dropdown)/Apply for Hospital Readmission' is clicked on

02-07-2024T18:15:31 - [MESSAGE][PASSED] - Object: 'Object Repository/1. CURA Test Object (Click, Set, Dropdown)/Apply for Hospital Readmission' is clicked on

02-07-2024T18:15:31 - [TEST_STEP][PASSED] - click(findTestObject("1. CURA Test Object (Click, Set, Dropdown)/Medicaid")): Object: 'Object Repository/1. CURA Test Object (Click, Set, Dropdown)/Medicaid' is clicked on

02-07-2024T18:15:31 - [MESSAGE][PASSED] - Object: 'Object Repository/1. CURA Test Object (Click, Set, Dropdown)/Medicaid' is clicked on

02-07-2024T18:15:31 - [TEST_STEP][PASSED] - click(findTestObject("1. CURA Test Object (Click, Set, Dropdown)/Visit Date")): Object: 'Object Repository/1. CURA Test Object (Click, Set, Dropdown)/Visit Date' is clicked on

02-07-2024T18:15:32 - [MESSAGE][WARNING] - [SELF-HEALING] Failed to find element with id 'Object Repository/1. CURA Test Object (Click, Set, Dropdown)/Visit Date'. Try using Self-healing.

02-07-2024T18:15:32 - [MESSAGE][WARNING] - [SELF-HEALING] The current locator of test object 'Object Repository/1. CURA Test Object (Click, Set, Dropdown)/Visit Date' was broken. Propose an alternative one: '//*[@id = 'txt_visit_date' and @name = 'visit_date' and @type = 'text' and @placeholder = 'dd/mm/yyyy']'.

02-07-2024T18:15:32 - [MESSAGE][PASSED] - Object: 'Object Repository/1. CURA Test Object (Click, Set, Dropdown)/Visit Date' is clicked on

02-07-2024T18:15:32 - [TEST_STEP][PASSED] - setText(findTestObject("1. CURA Test Object (Click, Set, Dropdown)/Visit Date"), "18/07/2024"): Text '18/07/2024' is set on object 'Object Repository/1. CURA Test Object (Click, Set, Dropdown)/Visit Date'

02-07-2024T18:15:33 - [MESSAGE][WARNING] - [SELF-HEALING] Failed to find element with id 'Object Repository/1. CURA Test Object (Click, Set, Dropdown)/Visit Date'. Try using Self-healing.

02-07-2024T18:15:33 - [MESSAGE][WARNING] - [SELF-HEALING] The current locator of test object 'Object Repository/1. CURA Test Object (Click, Set, Dropdown)/Visit Date' was broken. Propose an alternative one: '//*[@id = 'txt_visit_date' and @name = 'visit_date' and @type = 'text' and @placeholder = 'dd/mm/yyyy']'.

02-07-2024T18:15:33 - [MESSAGE][WARNING] - [SELF-HEALING] Failed to find element with id 'Object Repository/1. CURA Test Object (Click, Set, Dropdown)/Visit Date'. Try using Self-healing.

02-07-2024T18:15:33 - [MESSAGE][WARNING] - [SELF-HEALING] The current locator of test object 'Object Repository/1. CURA Test Object (Click, Set, Dropdown)/Visit Date' was broken. Propose an alternative one: '//*[@id = 'txt_visit_date' and @name = 'visit_date' and @type = 'text' and @placeholder = 'dd/mm/yyyy']'.

02-07-2024T18:15:33 - [MESSAGE][PASSED] - Text '18/07/2024' is set on object 'Object Repository/1. CURA Test Object (Click, Set, Dropdown)/Visit Date'

02-07-2024T18:15:33 - [TEST_STEP][PASSED] - setText(findTestObject("1. CURA Test Object (Click, Set, Dropdown)/Comment"), Comment4): Text '' is set on object 'Object Repository/1. CURA Test Object (Click, Set, Dropdown)/Comment'

02-07-2024T18:15:34 - [MESSAGE][PASSED] - Text '' is set on object 'Object Repository/1. CURA Test Object (Click, Set, Dropdown)/Comment'

02-07-2024T18:15:34 - [TEST_STEP][PASSED] - click(findTestObject("1. CURA Test Object (Click, Set, Dropdown)/Book Appointment")): Object: 'Object Repository/1. CURA Test Object (Click, Set, Dropdown)/Book Appointment' is clicked on

02-07-2024T18:15:35 - [MESSAGE][PASSED] - Object: 'Object Repository/1. CURA Test Object (Click, Set, Dropdown)/Book Appointment' is clicked on]]></system-out>
         <system-err><![CDATA[]]></system-err>
      </testcase>
      <testcase name="Test Cases/TC12 - Logout via button toggle" time="1.911" classname="Test Cases/TC12 - Logout via button toggle" status="PASSED">
         <system-out><![CDATA[02-07-2024T18:15:35 - [TEST_CASE][PASSED] - Test Cases/TC12 - Logout via button toggle: Test Cases/TC12 - Logout via button toggle

02-07-2024T18:15:35 - [TEST_STEP][PASSED] - click(findTestObject("1. CURA Test Object (Click, Set, Dropdown)/Menu"), STOP_ON_FAILURE): Object: 'Object Repository/1. CURA Test Object (Click, Set, Dropdown)/Menu' is clicked on

02-07-2024T18:15:36 - [MESSAGE][PASSED] - Object: 'Object Repository/1. CURA Test Object (Click, Set, Dropdown)/Menu' is clicked on

02-07-2024T18:15:36 - [TEST_STEP][PASSED] - click(findTestObject("1. CURA Test Object (Click, Set, Dropdown)/Logout")): Object: 'Object Repository/1. CURA Test Object (Click, Set, Dropdown)/Logout' is clicked on

02-07-2024T18:15:37 - [MESSAGE][PASSED] - Object: 'Object Repository/1. CURA Test Object (Click, Set, Dropdown)/Logout' is clicked on

02-07-2024T18:15:37 - [TEST_STEP][PASSED] - verifyElementText(findTestObject("2. CURA Test Object (Verify parameter)/CURA Healthcare Service Label"), "CURA Healthcare Service"): Actual text and expected text of test object 'Object Repository/2. CURA Test Object (Verify parameter)/CURA Healthcare Service Label' are matched.

02-07-2024T18:15:37 - [MESSAGE][PASSED] - Actual text and expected text of test object 'Object Repository/2. CURA Test Object (Verify parameter)/CURA Healthcare Service Label' are matched.]]></system-out>
         <system-err><![CDATA[]]></system-err>
      </testcase>
      <system-out><![CDATA[02-07-2024T18:15:20 - [TEST_SUITE][PASSED] - TS08 - Hongkong appointment using variable: Test Cases/TC12 - Logout via button toggle]]></system-out>
      <system-err><![CDATA[]]></system-err>
   </testsuite>
</testsuites>
