<?xml version="1.0" encoding="UTF-8"?>
<testsuites name="DTS04 - Object properties using Keywords" time="87.481" tests="3" failures="0" errors="0">
   <testsuite name="DTS04 - Object properties using Keywords" tests="3" failures="0" errors="0" time="87.481" skipped="0" timestamp="05-07-2024T09:19:02" hostname="Lenovo - LAPTOP-7QB5JFLU" id="Test Suites/DTS04 - Object properties using Keywords">
      <properties>
         <property name="deviceName"/>
         <property name="devicePlatform" value="WINDOWS"/>
         <property name="logFolder" value="C:\\Users\\Lenovo\\git\\KatalonPractitionerLevel\\Reports\\20240705_091855\\DTS04 - Object properties using Keywords\\20240705_091855"/>
         <property name="logFiles" value="C:\\Users\\Lenovo\\git\\KatalonPractitionerLevel\\Reports\\20240705_091855\\DTS04 - Object properties using Keywords\\20240705_091855\\execution0.log"/>
         <property name="attachments" value=""/>
         <property name="hostName" value="Lenovo - LAPTOP-7QB5JFLU"/>
         <property name="remoteDriverUrl" value="testcloud.katalon.com/hub"/>
         <property name="desiredCapabilities" value="{&#xa;  &quot;timeouts&quot;: {&#xa;    &quot;implicit&quot;: 0,&#xa;    &quot;pageLoad&quot;: 300000,&#xa;    &quot;script&quot;: 30000&#xa;  },&#xa;  &quot;se:cdpEnabled&quot;: false,&#xa;  &quot;platform&quot;: &quot;WINDOWS&quot;,&#xa;  &quot;goog:chromeOptions&quot;: {&#xa;    &quot;debuggerAddress&quot;: &quot;localhost:9225&quot;&#xa;  },&#xa;  &quot;webauthn:extension:credBlob&quot;: true,&#xa;  &quot;acceptInsecureCerts&quot;: false,&#xa;  &quot;browserVersion&quot;: &quot;124.0.0.0&quot;,&#xa;  &quot;fedcm:accounts&quot;: true,&#xa;  &quot;kt:requestId&quot;: &quot;21f95e01-d826-4034-b4aa-dff7c1f7bb4d&quot;,&#xa;  &quot;browserName&quot;: &quot;chrome&quot;,&#xa;  &quot;javascriptEnabled&quot;: true,&#xa;  &quot;katalon:option&quot;: {&#xa;    &quot;apiKey&quot;: &quot;8a41d26a-66ca-469b-9f15-a8749e591f66&quot;,&#xa;    &quot;tunnelMetadataId&quot;: &quot;ab2bdee0-fc54-474a-ba83-b48d0e9d8959&quot;,&#xa;    &quot;userId&quot;: 1530440,&#xa;    &quot;organizationId&quot;: &quot;1561185&quot;,&#xa;    &quot;runFromTestCloud&quot;: true,&#xa;    &quot;tenant&quot;: &quot;KatalonStudio&quot;,&#xa;    &quot;usingTunnel&quot;: true,&#xa;    &quot;group&quot;: &quot;9b16dc41-f9b5-4d5f-83f4-beaaf7aa8de0&quot;&#xa;  },&#xa;  &quot;platformName&quot;: &quot;WINDOWS&quot;,&#xa;  &quot;setWindowRect&quot;: true,&#xa;  &quot;webauthn:extension:largeBlob&quot;: true,&#xa;  &quot;networkConnectionEnabled&quot;: false,&#xa;  &quot;chrome&quot;: {&#xa;    &quot;chromedriverVersion&quot;: &quot;124.0.6367.91 (51df0e5e17a8b0a4f281c1665dbd1b8a0c6b46af-refs/branch-heads/6367@{#984})&quot;,&#xa;    &quot;userDataDir&quot;: &quot;C:\\Program Files (x86)\\scoped_dir6540_1743830689&quot;&#xa;  },&#xa;  &quot;kt:rid&quot;: &quot;21f95e01-d826-4034-b4aa-dff7c1f7bb4d&quot;,&#xa;  &quot;pageLoadStrategy&quot;: &quot;normal&quot;,&#xa;  &quot;unhandledPromptBehavior&quot;: &quot;dismiss and notify&quot;,&#xa;  &quot;strictFileInteractability&quot;: false,&#xa;  &quot;***:loadExtension&quot;: [&#xa;    &quot;https://prod-magicleap-user-files-us-east-1-v1.s3.amazonaws.com/extensions/orgId-691279/SmartWait.zip&quot;&#xa;  ],&#xa;  &quot;se:bidiEnabled&quot;: false,&#xa;  &quot;proxy&quot;: {&#xa;    &quot;proxyType&quot;: &quot;UNSPECIFIED&quot;,&#xa;    &quot;autodetect&quot;: false&#xa;  },&#xa;  &quot;webauthn:extension:minPinLength&quot;: true,&#xa;  &quot;webauthn:extension:prf&quot;: true,&#xa;  &quot;webauthn:virtualAuthenticators&quot;: true&#xa;}"/>
         <property name="os" value="Windows 11 64bit"/>
         <property name="remoteOS" value="Windows"/>
         <property name="katalonVersion" value="9.6.0.217"/>
         <property name="browser" value="Chrome 124.0.0.0"/>
         <property name="hostAddress" value="192.168.1.12"/>
         <property name="sessionId" value="904b32ac845d8731ecbb90329f9f2a9a"/>
         <property name="seleniumVersion" value="3.141.59"/>
         <property name="proxyInformation" value="ProxyInformation { proxyOption=NO_PROXY, proxyServerType=HTTP, username=, password=********, proxyServerAddress=, proxyServerPort=0, executionList=&quot;&quot;, isApplyToDesiredCapabilities=true }"/>
         <property name="platform" value="Windows 11"/>
      </properties>
      <testcase name="Test Cases/TC26 - Open browser using Keywords" time="49.849" classname="Test Cases/TC26 - Open browser using Keywords" status="PASSED">
         <system-out><![CDATA[05-07-2024T09:19:02 - [TEST_CASE][PASSED] - Test Cases/TC26 - Open browser using Keywords: Test Cases/TC26 - Open browser using Keywords

05-07-2024T09:19:03 - [TEST_STEP][PASSED] - propertiesPage.openBrowser.main(): propertiesPage.openBrowser.main is PASSED

05-07-2024T09:19:03 - [MESSAGE][INFO] - User set preference: ['os', 'windows']

05-07-2024T09:19:03 - [MESSAGE][INFO] - User set preference: ['browserVersion', '124']

05-07-2024T09:19:03 - [MESSAGE][INFO] - User set preference: ['browserName', 'chrome']

05-07-2024T09:19:03 - [MESSAGE][INFO] - User set preference: ['katalon:option', '{organizationId=1561185, usingTunnel=true}']

05-07-2024T09:19:03 - [MESSAGE][INFO] - Connecting to remote web server 'testcloud.katalon.com/hub' with type 'Selenium'

05-07-2024T09:19:04 - [MESSAGE][INFO] - Action delay is set to 0 milliseconds

05-07-2024T09:19:46 - [MESSAGE][PASSED] - Browser is opened with url: ''

05-07-2024T09:19:52 - [MESSAGE][PASSED] - Navigate to 'https://katalon-demo-cura.herokuapp.com/' successfully

05-07-2024T09:19:52 - [MESSAGE][PASSED] - propertiesPage.openBrowser.main is PASSED]]></system-out>
         <system-err><![CDATA[]]></system-err>
      </testcase>
      <testcase name="Test Cases/TC27 - Login using Keywords" time="24.027" classname="Test Cases/TC27 - Login using Keywords" status="PASSED">
         <system-out><![CDATA[05-07-2024T09:19:52 - [TEST_CASE][PASSED] - Test Cases/TC27 - Login using Keywords: Test Cases/TC27 - Login using Keywords

05-07-2024T09:19:52 - [TEST_STEP][PASSED] - propertiesPage.loginMenu.main(): propertiesPage.loginMenu.main is PASSED

05-07-2024T09:19:56 - [MESSAGE][PASSED] - Object: 'Object Repository/1. CURA Test Object (Click, Set, Dropdown)/Make Appointment' is clicked on

05-07-2024T09:20:04 - [MESSAGE][PASSED] - Text 'John Doe' is set on object 'Object Repository/1. CURA Test Object (Click, Set, Dropdown)/Username'

05-07-2024T09:20:11 - [MESSAGE][PASSED] - Text 'ThisIsNotAPassword' is set on object 'Object Repository/1. CURA Test Object (Click, Set, Dropdown)/Password'

05-07-2024T09:20:16 - [MESSAGE][PASSED] - Object: 'Object Repository/1. CURA Test Object (Click, Set, Dropdown)/Login Button' is clicked on

05-07-2024T09:20:16 - [MESSAGE][PASSED] - propertiesPage.loginMenu.main is PASSED]]></system-out>
         <system-err><![CDATA[]]></system-err>
      </testcase>
      <testcase name="Test Cases/TC31- Logout using Keywords" time="13.253" classname="Test Cases/TC31- Logout using Keywords" status="PASSED">
         <system-out><![CDATA[05-07-2024T09:20:16 - [TEST_CASE][PASSED] - Test Cases/TC31- Logout using Keywords: Test Cases/TC31- Logout using Keywords

05-07-2024T09:20:16 - [TEST_STEP][PASSED] - propertiesPage.logoutMenu.main(): propertiesPage.logoutMenu.main is PASSED

05-07-2024T09:20:20 - [MESSAGE][PASSED] - Actual text and expected text of test object 'Object Repository/2. CURA Test Object (Verify parameter)/Make Appointment Text' are matched.

05-07-2024T09:20:24 - [MESSAGE][PASSED] - Object: 'Object Repository/1. CURA Test Object (Click, Set, Dropdown)/Menu' is clicked on

05-07-2024T09:20:28 - [MESSAGE][PASSED] - Object: 'Object Repository/1. CURA Test Object (Click, Set, Dropdown)/Logout' is clicked on

05-07-2024T09:20:30 - [MESSAGE][PASSED] - Browser is closed

05-07-2024T09:20:30 - [MESSAGE][PASSED] - propertiesPage.logoutMenu.main is PASSED]]></system-out>
         <system-err><![CDATA[]]></system-err>
      </testcase>
      <system-out><![CDATA[05-07-2024T09:19:02 - [TEST_SUITE][PASSED] - DTS04 - Object properties using Keywords: Test Cases/TC31- Logout using Keywords]]></system-out>
      <system-err><![CDATA[]]></system-err>
   </testsuite>
</testsuites>
