<?xml version="1.0" encoding="UTF-8"?>
<testsuites name="TS003 - Sign Up Via Sign In Page Variation" time="75.524" tests="13" failures="0" errors="0">
   <testsuite name="TS003 - Sign Up Via Sign In Page Variation" tests="13" failures="0" errors="0" time="75.524" skipped="0" timestamp="07-07-2024T15:38:16" hostname="Lenovo - LAPTOP-7QB5JFLU" id="Test Suites/Eklipse Test suite/TS003 - Sign Up Via Sign In Page Variation">
      <properties>
         <property name="deviceName" value=""/>
         <property name="devicePlatform"/>
         <property name="logFolder" value="C:\\Users\\Lenovo\\git\\KatalonPractitionerLevel\\Reports\\20240707_153809\\Eklipse Test suite\\TS003 - Sign Up Via Sign In Page Variation\\20240707_153809"/>
         <property name="logFiles" value="C:\\Users\\Lenovo\\git\\KatalonPractitionerLevel\\Reports\\20240707_153809\\Eklipse Test suite\\TS003 - Sign Up Via Sign In Page Variation\\20240707_153809\\execution0.log"/>
         <property name="attachments" value=""/>
         <property name="hostName" value="Lenovo - LAPTOP-7QB5JFLU"/>
         <property name="os" value="Windows 11 64bit"/>
         <property name="katalonVersion" value="9.6.0.217"/>
         <property name="browser" value="Chrome 126.0.0.0"/>
         <property name="hostAddress" value="192.168.1.12"/>
         <property name="sessionId" value="c4143cf272e253e4ea3cb2e2744988dc"/>
         <property name="seleniumVersion" value="3.141.59"/>
         <property name="proxyInformation" value="ProxyInformation { proxyOption=NO_PROXY, proxyServerType=HTTP, username=, password=********, proxyServerAddress=, proxyServerPort=0, executionList=&quot;&quot;, isApplyToDesiredCapabilities=true }"/>
         <property name="platform" value="Windows 11"/>
      </properties>
      <testcase name="Test Cases/Eklipse Test/Sign in and Sign Up/TC000 - Open - Sign In - Sign Up" time="20.386" classname="Test Cases/Eklipse Test/Sign in and Sign Up/TC000 - Open - Sign In - Sign Up" status="PASSED">
         <system-out><![CDATA[07-07-2024T15:38:16 - [TEST_CASE][PASSED] - Test Cases/Eklipse Test/Sign in and Sign Up/TC000 - Open - Sign In - Sign Up: Test Cases/Eklipse Test/Sign in and Sign Up/TC000 - Open - Sign In - Sign Up

07-07-2024T15:38:17 - [TEST_STEP][PASSED] - eklipse_keywords.openBrowserEklipse.main(): eklipse_keywords.openBrowserEklipse.main is PASSED

07-07-2024T15:38:17 - [MESSAGE][INFO] - Starting 'Chrome' driver

07-07-2024T15:38:17 - [MESSAGE][INFO] - Action delay is set to 0 milliseconds

07-07-2024T15:38:19 - [MESSAGE][PASSED] - Browser is opened with url: ''

07-07-2024T15:38:30 - [MESSAGE][PASSED] - Navigate to 'https://eklipse.gg/' successfully

07-07-2024T15:38:30 - [MESSAGE][PASSED] - eklipse_keywords.openBrowserEklipse.main is PASSED

07-07-2024T15:38:30 - [TEST_STEP][PASSED] - eklipse_keywords.signInToEklipse.main(): eklipse_keywords.signInToEklipse.main is PASSED

07-07-2024T15:38:36 - [MESSAGE][PASSED] - Object: 'Object Repository/Eklipse Landing Page/Page_Eklipse - Convert Twitch Clip To TikTok, Reels,  Shorts For Free/Sign In' is clicked on

07-07-2024T15:38:36 - [MESSAGE][PASSED] - eklipse_keywords.signInToEklipse.main is PASSED

07-07-2024T15:38:36 - [TEST_STEP][PASSED] - click(findTestObject("Sign in page/Page_Eklipse/button_Sign Up")): Object: 'Object Repository/Sign in page/Page_Eklipse/button_Sign Up' is clicked on

07-07-2024T15:38:37 - [MESSAGE][PASSED] - Object: 'Object Repository/Sign in page/Page_Eklipse/button_Sign Up' is clicked on]]></system-out>
         <system-err><![CDATA[]]></system-err>
      </testcase>
      <testcase name="Test Cases/Eklipse Test/Sign in and Sign Up/TC003 - Negative Test - Sign Up Via Sign In Page - Email has Taken" time="5.234" classname="Test Cases/Eklipse Test/Sign in and Sign Up/TC003 - Negative Test - Sign Up Via Sign In Page - Email has Taken" status="PASSED">
         <system-out><![CDATA[07-07-2024T15:38:37 - [TEST_CASE][PASSED] - Test Cases/Eklipse Test/Sign in and Sign Up/TC003 - Negative Test - Sign Up Via Sign In Page - Email has Taken: Test Cases/Eklipse Test/Sign in and Sign Up/TC003 - Negative Test - Sign Up Via Sign In Page - Email has Taken

07-07-2024T15:38:37 - [TEST_STEP][PASSED] - signUpName = getAttribute(findTestObject("Object Repository/Sign up page/Page_Eklipse/input_OR_name"), Name): Attribute 'April' of object 'Object Repository/Sign up page/Page_Eklipse/input_OR_name' is: 'null'

07-07-2024T15:38:38 - [MESSAGE][PASSED] - Attribute 'April' of object 'Object Repository/Sign up page/Page_Eklipse/input_OR_name' is: 'null'

07-07-2024T15:38:38 - [TEST_STEP][PASSED] - signUpEmail = getAttribute(findTestObject("Object Repository/Sign up page/Page_Eklipse/input_OR_email"), Email): Attribute 'titaapratama@gmail.com' of object 'Object Repository/Sign up page/Page_Eklipse/input_OR_email' is: 'null'

07-07-2024T15:38:38 - [MESSAGE][PASSED] - Attribute 'titaapratama@gmail.com' of object 'Object Repository/Sign up page/Page_Eklipse/input_OR_email' is: 'null'

07-07-2024T15:38:38 - [TEST_STEP][PASSED] - signUpPass1 = getAttribute(findTestObject("Object Repository/Sign up page/Page_Eklipse/input_OR_password"), Password11): Attribute 'Tita123.' of object 'Object Repository/Sign up page/Page_Eklipse/input_OR_password' is: 'null'

07-07-2024T15:38:38 - [MESSAGE][PASSED] - Attribute 'Tita123.' of object 'Object Repository/Sign up page/Page_Eklipse/input_OR_password' is: 'null'

07-07-2024T15:38:38 - [TEST_STEP][PASSED] - signUpPass2 = getAttribute(findTestObject("Object Repository/Sign up page/Page_Eklipse/input_OR_password_confirmation"), Password22): Attribute 'Tita123.' of object 'Object Repository/Sign up page/Page_Eklipse/input_OR_password_confirmation' is: 'null'

07-07-2024T15:38:38 - [MESSAGE][PASSED] - Attribute 'Tita123.' of object 'Object Repository/Sign up page/Page_Eklipse/input_OR_password_confirmation' is: 'null'

07-07-2024T15:38:38 - [TEST_STEP][PASSED] - setText(findTestObject("Object Repository/Sign up page/Page_Eklipse/input_OR_name"), Name): Text 'April' is set on object 'Object Repository/Sign up page/Page_Eklipse/input_OR_name'

07-07-2024T15:38:39 - [MESSAGE][PASSED] - Text 'April' is set on object 'Object Repository/Sign up page/Page_Eklipse/input_OR_name'

07-07-2024T15:38:39 - [TEST_STEP][PASSED] - setText(findTestObject("Object Repository/Sign up page/Page_Eklipse/input_OR_email"), Email): Text 'titaapratama@gmail.com' is set on object 'Object Repository/Sign up page/Page_Eklipse/input_OR_email'

07-07-2024T15:38:40 - [MESSAGE][PASSED] - Text 'titaapratama@gmail.com' is set on object 'Object Repository/Sign up page/Page_Eklipse/input_OR_email'

07-07-2024T15:38:40 - [TEST_STEP][PASSED] - setText(findTestObject("Object Repository/Sign up page/Page_Eklipse/input_OR_password"), Password11): Text 'Tita123.' is set on object 'Object Repository/Sign up page/Page_Eklipse/input_OR_password'

07-07-2024T15:38:41 - [MESSAGE][PASSED] - Text 'Tita123.' is set on object 'Object Repository/Sign up page/Page_Eklipse/input_OR_password'

07-07-2024T15:38:41 - [TEST_STEP][PASSED] - setText(findTestObject("Object Repository/Sign up page/Page_Eklipse/input_OR_password_confirmation"), Password22): Text 'Tita123.' is set on object 'Object Repository/Sign up page/Page_Eklipse/input_OR_password_confirmation'

07-07-2024T15:38:41 - [MESSAGE][PASSED] - Text 'Tita123.' is set on object 'Object Repository/Sign up page/Page_Eklipse/input_OR_password_confirmation'

07-07-2024T15:38:41 - [TEST_STEP][PASSED] - click(findTestObject("Object Repository/Sign up page/Page_Eklipse/button_Sign Up")): Object: 'Object Repository/Sign up page/Page_Eklipse/button_Sign Up' is clicked on

07-07-2024T15:38:42 - [MESSAGE][PASSED] - Object: 'Object Repository/Sign up page/Page_Eklipse/button_Sign Up' is clicked on

07-07-2024T15:38:42 - [TEST_STEP][PASSED] - if (signUpEmail == "titaapratama@gmail.com" || signUpEmail == "tita71@gmail.com" || signUpEmail == "tita72@gmail.com"): null]]></system-out>
         <system-err><![CDATA[]]></system-err>
      </testcase>
      <testcase name="Test Cases/Eklipse Test/Sign in and Sign Up/TC003 - Negative Test - Sign Up Via Sign In Page - Email has Taken" time="5.82" classname="Test Cases/Eklipse Test/Sign in and Sign Up/TC003 - Negative Test - Sign Up Via Sign In Page - Email has Taken" status="PASSED">
         <system-out><![CDATA[07-07-2024T15:38:42 - [TEST_CASE][PASSED] - Test Cases/Eklipse Test/Sign in and Sign Up/TC003 - Negative Test - Sign Up Via Sign In Page - Email has Taken: Test Cases/Eklipse Test/Sign in and Sign Up/TC003 - Negative Test - Sign Up Via Sign In Page - Email has Taken

07-07-2024T15:38:42 - [TEST_STEP][PASSED] - signUpName = getAttribute(findTestObject("Object Repository/Sign up page/Page_Eklipse/input_OR_name"), Name): Attribute 'April' of object 'Object Repository/Sign up page/Page_Eklipse/input_OR_name' is: 'null'

07-07-2024T15:38:43 - [MESSAGE][PASSED] - Attribute 'April' of object 'Object Repository/Sign up page/Page_Eklipse/input_OR_name' is: 'null'

07-07-2024T15:38:43 - [TEST_STEP][PASSED] - signUpEmail = getAttribute(findTestObject("Object Repository/Sign up page/Page_Eklipse/input_OR_email"), Email): Attribute 'tita71@gmail.com' of object 'Object Repository/Sign up page/Page_Eklipse/input_OR_email' is: 'null'

07-07-2024T15:38:43 - [MESSAGE][PASSED] - Attribute 'tita71@gmail.com' of object 'Object Repository/Sign up page/Page_Eklipse/input_OR_email' is: 'null'

07-07-2024T15:38:43 - [TEST_STEP][PASSED] - signUpPass1 = getAttribute(findTestObject("Object Repository/Sign up page/Page_Eklipse/input_OR_password"), Password11): Attribute 'Tita123.' of object 'Object Repository/Sign up page/Page_Eklipse/input_OR_password' is: 'null'

07-07-2024T15:38:44 - [MESSAGE][PASSED] - Attribute 'Tita123.' of object 'Object Repository/Sign up page/Page_Eklipse/input_OR_password' is: 'null'

07-07-2024T15:38:44 - [TEST_STEP][PASSED] - signUpPass2 = getAttribute(findTestObject("Object Repository/Sign up page/Page_Eklipse/input_OR_password_confirmation"), Password22): Attribute 'Tita123.' of object 'Object Repository/Sign up page/Page_Eklipse/input_OR_password_confirmation' is: 'null'

07-07-2024T15:38:44 - [MESSAGE][PASSED] - Attribute 'Tita123.' of object 'Object Repository/Sign up page/Page_Eklipse/input_OR_password_confirmation' is: 'null'

07-07-2024T15:38:44 - [TEST_STEP][PASSED] - setText(findTestObject("Object Repository/Sign up page/Page_Eklipse/input_OR_name"), Name): Text 'April' is set on object 'Object Repository/Sign up page/Page_Eklipse/input_OR_name'

07-07-2024T15:38:45 - [MESSAGE][PASSED] - Text 'April' is set on object 'Object Repository/Sign up page/Page_Eklipse/input_OR_name'

07-07-2024T15:38:45 - [TEST_STEP][PASSED] - setText(findTestObject("Object Repository/Sign up page/Page_Eklipse/input_OR_email"), Email): Text 'tita71@gmail.com' is set on object 'Object Repository/Sign up page/Page_Eklipse/input_OR_email'

07-07-2024T15:38:46 - [MESSAGE][PASSED] - Text 'tita71@gmail.com' is set on object 'Object Repository/Sign up page/Page_Eklipse/input_OR_email'

07-07-2024T15:38:46 - [TEST_STEP][PASSED] - setText(findTestObject("Object Repository/Sign up page/Page_Eklipse/input_OR_password"), Password11): Text 'Tita123.' is set on object 'Object Repository/Sign up page/Page_Eklipse/input_OR_password'

07-07-2024T15:38:46 - [MESSAGE][PASSED] - Text 'Tita123.' is set on object 'Object Repository/Sign up page/Page_Eklipse/input_OR_password'

07-07-2024T15:38:46 - [TEST_STEP][PASSED] - setText(findTestObject("Object Repository/Sign up page/Page_Eklipse/input_OR_password_confirmation"), Password22): Text 'Tita123.' is set on object 'Object Repository/Sign up page/Page_Eklipse/input_OR_password_confirmation'

07-07-2024T15:38:47 - [MESSAGE][PASSED] - Text 'Tita123.' is set on object 'Object Repository/Sign up page/Page_Eklipse/input_OR_password_confirmation'

07-07-2024T15:38:47 - [TEST_STEP][PASSED] - click(findTestObject("Object Repository/Sign up page/Page_Eklipse/button_Sign Up")): Object: 'Object Repository/Sign up page/Page_Eklipse/button_Sign Up' is clicked on

07-07-2024T15:38:48 - [MESSAGE][PASSED] - Object: 'Object Repository/Sign up page/Page_Eklipse/button_Sign Up' is clicked on

07-07-2024T15:38:48 - [TEST_STEP][PASSED] - if (signUpEmail == "titaapratama@gmail.com" || signUpEmail == "tita71@gmail.com" || signUpEmail == "tita72@gmail.com"): null]]></system-out>
         <system-err><![CDATA[]]></system-err>
      </testcase>
      <testcase name="Test Cases/Eklipse Test/Sign in and Sign Up/TC003 - Negative Test - Sign Up Via Sign In Page - Email has Taken" time="5.213" classname="Test Cases/Eklipse Test/Sign in and Sign Up/TC003 - Negative Test - Sign Up Via Sign In Page - Email has Taken" status="PASSED">
         <system-out><![CDATA[07-07-2024T15:38:48 - [TEST_CASE][PASSED] - Test Cases/Eklipse Test/Sign in and Sign Up/TC003 - Negative Test - Sign Up Via Sign In Page - Email has Taken: Test Cases/Eklipse Test/Sign in and Sign Up/TC003 - Negative Test - Sign Up Via Sign In Page - Email has Taken

07-07-2024T15:38:48 - [TEST_STEP][PASSED] - signUpName = getAttribute(findTestObject("Object Repository/Sign up page/Page_Eklipse/input_OR_name"), Name): Attribute 'April' of object 'Object Repository/Sign up page/Page_Eklipse/input_OR_name' is: 'null'

07-07-2024T15:38:48 - [MESSAGE][PASSED] - Attribute 'April' of object 'Object Repository/Sign up page/Page_Eklipse/input_OR_name' is: 'null'

07-07-2024T15:38:48 - [TEST_STEP][PASSED] - signUpEmail = getAttribute(findTestObject("Object Repository/Sign up page/Page_Eklipse/input_OR_email"), Email): Attribute 'tita72@gmail.com' of object 'Object Repository/Sign up page/Page_Eklipse/input_OR_email' is: 'null'

07-07-2024T15:38:49 - [MESSAGE][PASSED] - Attribute 'tita72@gmail.com' of object 'Object Repository/Sign up page/Page_Eklipse/input_OR_email' is: 'null'

07-07-2024T15:38:49 - [TEST_STEP][PASSED] - signUpPass1 = getAttribute(findTestObject("Object Repository/Sign up page/Page_Eklipse/input_OR_password"), Password11): Attribute 'Tita123.' of object 'Object Repository/Sign up page/Page_Eklipse/input_OR_password' is: 'null'

07-07-2024T15:38:49 - [MESSAGE][PASSED] - Attribute 'Tita123.' of object 'Object Repository/Sign up page/Page_Eklipse/input_OR_password' is: 'null'

07-07-2024T15:38:49 - [TEST_STEP][PASSED] - signUpPass2 = getAttribute(findTestObject("Object Repository/Sign up page/Page_Eklipse/input_OR_password_confirmation"), Password22): Attribute 'Tita123.' of object 'Object Repository/Sign up page/Page_Eklipse/input_OR_password_confirmation' is: 'null'

07-07-2024T15:38:49 - [MESSAGE][PASSED] - Attribute 'Tita123.' of object 'Object Repository/Sign up page/Page_Eklipse/input_OR_password_confirmation' is: 'null'

07-07-2024T15:38:49 - [TEST_STEP][PASSED] - setText(findTestObject("Object Repository/Sign up page/Page_Eklipse/input_OR_name"), Name): Text 'April' is set on object 'Object Repository/Sign up page/Page_Eklipse/input_OR_name'

07-07-2024T15:38:50 - [MESSAGE][PASSED] - Text 'April' is set on object 'Object Repository/Sign up page/Page_Eklipse/input_OR_name'

07-07-2024T15:38:50 - [TEST_STEP][PASSED] - setText(findTestObject("Object Repository/Sign up page/Page_Eklipse/input_OR_email"), Email): Text 'tita72@gmail.com' is set on object 'Object Repository/Sign up page/Page_Eklipse/input_OR_email'

07-07-2024T15:38:51 - [MESSAGE][PASSED] - Text 'tita72@gmail.com' is set on object 'Object Repository/Sign up page/Page_Eklipse/input_OR_email'

07-07-2024T15:38:51 - [TEST_STEP][PASSED] - setText(findTestObject("Object Repository/Sign up page/Page_Eklipse/input_OR_password"), Password11): Text 'Tita123.' is set on object 'Object Repository/Sign up page/Page_Eklipse/input_OR_password'

07-07-2024T15:38:52 - [MESSAGE][PASSED] - Text 'Tita123.' is set on object 'Object Repository/Sign up page/Page_Eklipse/input_OR_password'

07-07-2024T15:38:52 - [TEST_STEP][PASSED] - setText(findTestObject("Object Repository/Sign up page/Page_Eklipse/input_OR_password_confirmation"), Password22): Text 'Tita123.' is set on object 'Object Repository/Sign up page/Page_Eklipse/input_OR_password_confirmation'

07-07-2024T15:38:52 - [MESSAGE][PASSED] - Text 'Tita123.' is set on object 'Object Repository/Sign up page/Page_Eklipse/input_OR_password_confirmation'

07-07-2024T15:38:52 - [TEST_STEP][PASSED] - click(findTestObject("Object Repository/Sign up page/Page_Eklipse/button_Sign Up")): Object: 'Object Repository/Sign up page/Page_Eklipse/button_Sign Up' is clicked on

07-07-2024T15:38:53 - [MESSAGE][PASSED] - Object: 'Object Repository/Sign up page/Page_Eklipse/button_Sign Up' is clicked on

07-07-2024T15:38:53 - [TEST_STEP][PASSED] - if (signUpEmail == "titaapratama@gmail.com" || signUpEmail == "tita71@gmail.com" || signUpEmail == "tita72@gmail.com"): null]]></system-out>
         <system-err><![CDATA[]]></system-err>
      </testcase>
      <testcase name="Test Cases/Eklipse Test/Sign in and Sign Up/TC003 - Negative Test - Sign Up Via Sign In Page - Email has Taken" time="5.172" classname="Test Cases/Eklipse Test/Sign in and Sign Up/TC003 - Negative Test - Sign Up Via Sign In Page - Email has Taken" status="PASSED">
         <system-out><![CDATA[07-07-2024T15:38:53 - [TEST_CASE][PASSED] - Test Cases/Eklipse Test/Sign in and Sign Up/TC003 - Negative Test - Sign Up Via Sign In Page - Email has Taken: Test Cases/Eklipse Test/Sign in and Sign Up/TC003 - Negative Test - Sign Up Via Sign In Page - Email has Taken

07-07-2024T15:38:53 - [TEST_STEP][PASSED] - signUpName = getAttribute(findTestObject("Object Repository/Sign up page/Page_Eklipse/input_OR_name"), Name): Attribute 'April' of object 'Object Repository/Sign up page/Page_Eklipse/input_OR_name' is: 'null'

07-07-2024T15:38:54 - [MESSAGE][PASSED] - Attribute 'April' of object 'Object Repository/Sign up page/Page_Eklipse/input_OR_name' is: 'null'

07-07-2024T15:38:54 - [TEST_STEP][PASSED] - signUpEmail = getAttribute(findTestObject("Object Repository/Sign up page/Page_Eklipse/input_OR_email"), Email): Attribute 'tita28@gmail.com' of object 'Object Repository/Sign up page/Page_Eklipse/input_OR_email' is: 'null'

07-07-2024T15:38:54 - [MESSAGE][PASSED] - Attribute 'tita28@gmail.com' of object 'Object Repository/Sign up page/Page_Eklipse/input_OR_email' is: 'null'

07-07-2024T15:38:54 - [TEST_STEP][PASSED] - signUpPass1 = getAttribute(findTestObject("Object Repository/Sign up page/Page_Eklipse/input_OR_password"), Password11): Attribute 'Tita123.' of object 'Object Repository/Sign up page/Page_Eklipse/input_OR_password' is: 'null'

07-07-2024T15:38:54 - [MESSAGE][PASSED] - Attribute 'Tita123.' of object 'Object Repository/Sign up page/Page_Eklipse/input_OR_password' is: 'null'

07-07-2024T15:38:54 - [TEST_STEP][PASSED] - signUpPass2 = getAttribute(findTestObject("Object Repository/Sign up page/Page_Eklipse/input_OR_password_confirmation"), Password22): Attribute 'Tita456.' of object 'Object Repository/Sign up page/Page_Eklipse/input_OR_password_confirmation' is: 'null'

07-07-2024T15:38:55 - [MESSAGE][PASSED] - Attribute 'Tita456.' of object 'Object Repository/Sign up page/Page_Eklipse/input_OR_password_confirmation' is: 'null'

07-07-2024T15:38:55 - [TEST_STEP][PASSED] - setText(findTestObject("Object Repository/Sign up page/Page_Eklipse/input_OR_name"), Name): Text 'April' is set on object 'Object Repository/Sign up page/Page_Eklipse/input_OR_name'

07-07-2024T15:38:55 - [MESSAGE][PASSED] - Text 'April' is set on object 'Object Repository/Sign up page/Page_Eklipse/input_OR_name'

07-07-2024T15:38:55 - [TEST_STEP][PASSED] - setText(findTestObject("Object Repository/Sign up page/Page_Eklipse/input_OR_email"), Email): Text 'tita28@gmail.com' is set on object 'Object Repository/Sign up page/Page_Eklipse/input_OR_email'

07-07-2024T15:38:56 - [MESSAGE][PASSED] - Text 'tita28@gmail.com' is set on object 'Object Repository/Sign up page/Page_Eklipse/input_OR_email'

07-07-2024T15:38:56 - [TEST_STEP][PASSED] - setText(findTestObject("Object Repository/Sign up page/Page_Eklipse/input_OR_password"), Password11): Text 'Tita123.' is set on object 'Object Repository/Sign up page/Page_Eklipse/input_OR_password'

07-07-2024T15:38:57 - [MESSAGE][PASSED] - Text 'Tita123.' is set on object 'Object Repository/Sign up page/Page_Eklipse/input_OR_password'

07-07-2024T15:38:57 - [TEST_STEP][PASSED] - setText(findTestObject("Object Repository/Sign up page/Page_Eklipse/input_OR_password_confirmation"), Password22): Text 'Tita456.' is set on object 'Object Repository/Sign up page/Page_Eklipse/input_OR_password_confirmation'

07-07-2024T15:38:58 - [MESSAGE][PASSED] - Text 'Tita456.' is set on object 'Object Repository/Sign up page/Page_Eklipse/input_OR_password_confirmation'

07-07-2024T15:38:58 - [TEST_STEP][PASSED] - click(findTestObject("Object Repository/Sign up page/Page_Eklipse/button_Sign Up")): Object: 'Object Repository/Sign up page/Page_Eklipse/button_Sign Up' is clicked on

07-07-2024T15:38:58 - [MESSAGE][PASSED] - Object: 'Object Repository/Sign up page/Page_Eklipse/button_Sign Up' is clicked on

07-07-2024T15:38:58 - [TEST_STEP][PASSED] - if (signUpEmail == "titaapratama@gmail.com" || signUpEmail == "tita71@gmail.com" || signUpEmail == "tita72@gmail.com"): null]]></system-out>
         <system-err><![CDATA[]]></system-err>
      </testcase>
      <testcase name="Test Cases/Eklipse Test/Sign in and Sign Up/TC003 - Negative Test - Sign Up Via Sign In Page - Email has Taken" time="4.843" classname="Test Cases/Eklipse Test/Sign in and Sign Up/TC003 - Negative Test - Sign Up Via Sign In Page - Email has Taken" status="PASSED">
         <system-out><![CDATA[07-07-2024T15:38:58 - [TEST_CASE][PASSED] - Test Cases/Eklipse Test/Sign in and Sign Up/TC003 - Negative Test - Sign Up Via Sign In Page - Email has Taken: Test Cases/Eklipse Test/Sign in and Sign Up/TC003 - Negative Test - Sign Up Via Sign In Page - Email has Taken

07-07-2024T15:38:58 - [TEST_STEP][PASSED] - signUpName = getAttribute(findTestObject("Object Repository/Sign up page/Page_Eklipse/input_OR_name"), Name): Attribute 'April' of object 'Object Repository/Sign up page/Page_Eklipse/input_OR_name' is: 'null'

07-07-2024T15:38:59 - [MESSAGE][PASSED] - Attribute 'April' of object 'Object Repository/Sign up page/Page_Eklipse/input_OR_name' is: 'null'

07-07-2024T15:38:59 - [TEST_STEP][PASSED] - signUpEmail = getAttribute(findTestObject("Object Repository/Sign up page/Page_Eklipse/input_OR_email"), Email): Attribute 'tita28@gmail.com' of object 'Object Repository/Sign up page/Page_Eklipse/input_OR_email' is: 'null'

07-07-2024T15:38:59 - [MESSAGE][PASSED] - Attribute 'tita28@gmail.com' of object 'Object Repository/Sign up page/Page_Eklipse/input_OR_email' is: 'null'

07-07-2024T15:38:59 - [TEST_STEP][PASSED] - signUpPass1 = getAttribute(findTestObject("Object Repository/Sign up page/Page_Eklipse/input_OR_password"), Password11): Attribute 'Tita123.' of object 'Object Repository/Sign up page/Page_Eklipse/input_OR_password' is: 'null'

07-07-2024T15:38:59 - [MESSAGE][PASSED] - Attribute 'Tita123.' of object 'Object Repository/Sign up page/Page_Eklipse/input_OR_password' is: 'null'

07-07-2024T15:38:59 - [TEST_STEP][PASSED] - signUpPass2 = getAttribute(findTestObject("Object Repository/Sign up page/Page_Eklipse/input_OR_password_confirmation"), Password22): Attribute 'tita123.' of object 'Object Repository/Sign up page/Page_Eklipse/input_OR_password_confirmation' is: 'null'

07-07-2024T15:38:59 - [MESSAGE][PASSED] - Attribute 'tita123.' of object 'Object Repository/Sign up page/Page_Eklipse/input_OR_password_confirmation' is: 'null'

07-07-2024T15:38:59 - [TEST_STEP][PASSED] - setText(findTestObject("Object Repository/Sign up page/Page_Eklipse/input_OR_name"), Name): Text 'April' is set on object 'Object Repository/Sign up page/Page_Eklipse/input_OR_name'

07-07-2024T15:39:00 - [MESSAGE][PASSED] - Text 'April' is set on object 'Object Repository/Sign up page/Page_Eklipse/input_OR_name'

07-07-2024T15:39:00 - [TEST_STEP][PASSED] - setText(findTestObject("Object Repository/Sign up page/Page_Eklipse/input_OR_email"), Email): Text 'tita28@gmail.com' is set on object 'Object Repository/Sign up page/Page_Eklipse/input_OR_email'

07-07-2024T15:39:01 - [MESSAGE][PASSED] - Text 'tita28@gmail.com' is set on object 'Object Repository/Sign up page/Page_Eklipse/input_OR_email'

07-07-2024T15:39:01 - [TEST_STEP][PASSED] - setText(findTestObject("Object Repository/Sign up page/Page_Eklipse/input_OR_password"), Password11): Text 'Tita123.' is set on object 'Object Repository/Sign up page/Page_Eklipse/input_OR_password'

07-07-2024T15:39:02 - [MESSAGE][PASSED] - Text 'Tita123.' is set on object 'Object Repository/Sign up page/Page_Eklipse/input_OR_password'

07-07-2024T15:39:02 - [TEST_STEP][PASSED] - setText(findTestObject("Object Repository/Sign up page/Page_Eklipse/input_OR_password_confirmation"), Password22): Text 'tita123.' is set on object 'Object Repository/Sign up page/Page_Eklipse/input_OR_password_confirmation'

07-07-2024T15:39:02 - [MESSAGE][PASSED] - Text 'tita123.' is set on object 'Object Repository/Sign up page/Page_Eklipse/input_OR_password_confirmation'

07-07-2024T15:39:02 - [TEST_STEP][PASSED] - click(findTestObject("Object Repository/Sign up page/Page_Eklipse/button_Sign Up")): Object: 'Object Repository/Sign up page/Page_Eklipse/button_Sign Up' is clicked on

07-07-2024T15:39:03 - [MESSAGE][PASSED] - Object: 'Object Repository/Sign up page/Page_Eklipse/button_Sign Up' is clicked on

07-07-2024T15:39:03 - [TEST_STEP][PASSED] - if (signUpEmail == "titaapratama@gmail.com" || signUpEmail == "tita71@gmail.com" || signUpEmail == "tita72@gmail.com"): null]]></system-out>
         <system-err><![CDATA[]]></system-err>
      </testcase>
      <testcase name="Test Cases/Eklipse Test/Sign in and Sign Up/TC003 - Negative Test - Sign Up Via Sign In Page - Email has Taken" time="4.645" classname="Test Cases/Eklipse Test/Sign in and Sign Up/TC003 - Negative Test - Sign Up Via Sign In Page - Email has Taken" status="PASSED">
         <system-out><![CDATA[07-07-2024T15:39:03 - [TEST_CASE][PASSED] - Test Cases/Eklipse Test/Sign in and Sign Up/TC003 - Negative Test - Sign Up Via Sign In Page - Email has Taken: Test Cases/Eklipse Test/Sign in and Sign Up/TC003 - Negative Test - Sign Up Via Sign In Page - Email has Taken

07-07-2024T15:39:03 - [TEST_STEP][PASSED] - signUpName = getAttribute(findTestObject("Object Repository/Sign up page/Page_Eklipse/input_OR_name"), Name): Attribute 'April' of object 'Object Repository/Sign up page/Page_Eklipse/input_OR_name' is: 'null'

07-07-2024T15:39:03 - [MESSAGE][PASSED] - Attribute 'April' of object 'Object Repository/Sign up page/Page_Eklipse/input_OR_name' is: 'null'

07-07-2024T15:39:03 - [TEST_STEP][PASSED] - signUpEmail = getAttribute(findTestObject("Object Repository/Sign up page/Page_Eklipse/input_OR_email"), Email): Attribute 'tita29@gmail.com' of object 'Object Repository/Sign up page/Page_Eklipse/input_OR_email' is: 'null'

07-07-2024T15:39:04 - [MESSAGE][PASSED] - Attribute 'tita29@gmail.com' of object 'Object Repository/Sign up page/Page_Eklipse/input_OR_email' is: 'null'

07-07-2024T15:39:04 - [TEST_STEP][PASSED] - signUpPass1 = getAttribute(findTestObject("Object Repository/Sign up page/Page_Eklipse/input_OR_password"), Password11): Attribute 'Tita1.' of object 'Object Repository/Sign up page/Page_Eklipse/input_OR_password' is: 'null'

07-07-2024T15:39:04 - [MESSAGE][PASSED] - Attribute 'Tita1.' of object 'Object Repository/Sign up page/Page_Eklipse/input_OR_password' is: 'null'

07-07-2024T15:39:04 - [TEST_STEP][PASSED] - signUpPass2 = getAttribute(findTestObject("Object Repository/Sign up page/Page_Eklipse/input_OR_password_confirmation"), Password22): Attribute 'Tita1.' of object 'Object Repository/Sign up page/Page_Eklipse/input_OR_password_confirmation' is: 'null'

07-07-2024T15:39:04 - [MESSAGE][PASSED] - Attribute 'Tita1.' of object 'Object Repository/Sign up page/Page_Eklipse/input_OR_password_confirmation' is: 'null'

07-07-2024T15:39:04 - [TEST_STEP][PASSED] - setText(findTestObject("Object Repository/Sign up page/Page_Eklipse/input_OR_name"), Name): Text 'April' is set on object 'Object Repository/Sign up page/Page_Eklipse/input_OR_name'

07-07-2024T15:39:05 - [MESSAGE][PASSED] - Text 'April' is set on object 'Object Repository/Sign up page/Page_Eklipse/input_OR_name'

07-07-2024T15:39:05 - [TEST_STEP][PASSED] - setText(findTestObject("Object Repository/Sign up page/Page_Eklipse/input_OR_email"), Email): Text 'tita29@gmail.com' is set on object 'Object Repository/Sign up page/Page_Eklipse/input_OR_email'

07-07-2024T15:39:06 - [MESSAGE][PASSED] - Text 'tita29@gmail.com' is set on object 'Object Repository/Sign up page/Page_Eklipse/input_OR_email'

07-07-2024T15:39:06 - [TEST_STEP][PASSED] - setText(findTestObject("Object Repository/Sign up page/Page_Eklipse/input_OR_password"), Password11): Text 'Tita1.' is set on object 'Object Repository/Sign up page/Page_Eklipse/input_OR_password'

07-07-2024T15:39:06 - [MESSAGE][PASSED] - Text 'Tita1.' is set on object 'Object Repository/Sign up page/Page_Eklipse/input_OR_password'

07-07-2024T15:39:06 - [TEST_STEP][PASSED] - setText(findTestObject("Object Repository/Sign up page/Page_Eklipse/input_OR_password_confirmation"), Password22): Text 'Tita1.' is set on object 'Object Repository/Sign up page/Page_Eklipse/input_OR_password_confirmation'

07-07-2024T15:39:07 - [MESSAGE][PASSED] - Text 'Tita1.' is set on object 'Object Repository/Sign up page/Page_Eklipse/input_OR_password_confirmation'

07-07-2024T15:39:07 - [TEST_STEP][PASSED] - click(findTestObject("Object Repository/Sign up page/Page_Eklipse/button_Sign Up")): Object: 'Object Repository/Sign up page/Page_Eklipse/button_Sign Up' is clicked on

07-07-2024T15:39:08 - [MESSAGE][PASSED] - Object: 'Object Repository/Sign up page/Page_Eklipse/button_Sign Up' is clicked on

07-07-2024T15:39:08 - [TEST_STEP][PASSED] - if (signUpEmail == "titaapratama@gmail.com" || signUpEmail == "tita71@gmail.com" || signUpEmail == "tita72@gmail.com"): null]]></system-out>
         <system-err><![CDATA[]]></system-err>
      </testcase>
      <testcase name="Test Cases/Eklipse Test/Sign in and Sign Up/TC003 - Negative Test - Sign Up Via Sign In Page - Email has Taken" time="4.669" classname="Test Cases/Eklipse Test/Sign in and Sign Up/TC003 - Negative Test - Sign Up Via Sign In Page - Email has Taken" status="PASSED">
         <system-out><![CDATA[07-07-2024T15:39:08 - [TEST_CASE][PASSED] - Test Cases/Eklipse Test/Sign in and Sign Up/TC003 - Negative Test - Sign Up Via Sign In Page - Email has Taken: Test Cases/Eklipse Test/Sign in and Sign Up/TC003 - Negative Test - Sign Up Via Sign In Page - Email has Taken

07-07-2024T15:39:08 - [TEST_STEP][PASSED] - signUpName = getAttribute(findTestObject("Object Repository/Sign up page/Page_Eklipse/input_OR_name"), Name): Attribute 'April' of object 'Object Repository/Sign up page/Page_Eklipse/input_OR_name' is: 'null'

07-07-2024T15:39:08 - [MESSAGE][PASSED] - Attribute 'April' of object 'Object Repository/Sign up page/Page_Eklipse/input_OR_name' is: 'null'

07-07-2024T15:39:08 - [TEST_STEP][PASSED] - signUpEmail = getAttribute(findTestObject("Object Repository/Sign up page/Page_Eklipse/input_OR_email"), Email): Attribute 'tita29@gmail.com' of object 'Object Repository/Sign up page/Page_Eklipse/input_OR_email' is: 'null'

07-07-2024T15:39:08 - [MESSAGE][PASSED] - Attribute 'tita29@gmail.com' of object 'Object Repository/Sign up page/Page_Eklipse/input_OR_email' is: 'null'

07-07-2024T15:39:08 - [TEST_STEP][PASSED] - signUpPass1 = getAttribute(findTestObject("Object Repository/Sign up page/Page_Eklipse/input_OR_password"), Password11): Attribute 'Tita12.' of object 'Object Repository/Sign up page/Page_Eklipse/input_OR_password' is: 'null'

07-07-2024T15:39:09 - [MESSAGE][PASSED] - Attribute 'Tita12.' of object 'Object Repository/Sign up page/Page_Eklipse/input_OR_password' is: 'null'

07-07-2024T15:39:09 - [TEST_STEP][PASSED] - signUpPass2 = getAttribute(findTestObject("Object Repository/Sign up page/Page_Eklipse/input_OR_password_confirmation"), Password22): Attribute 'Tita12.' of object 'Object Repository/Sign up page/Page_Eklipse/input_OR_password_confirmation' is: 'null'

07-07-2024T15:39:09 - [MESSAGE][PASSED] - Attribute 'Tita12.' of object 'Object Repository/Sign up page/Page_Eklipse/input_OR_password_confirmation' is: 'null'

07-07-2024T15:39:09 - [TEST_STEP][PASSED] - setText(findTestObject("Object Repository/Sign up page/Page_Eklipse/input_OR_name"), Name): Text 'April' is set on object 'Object Repository/Sign up page/Page_Eklipse/input_OR_name'

07-07-2024T15:39:10 - [MESSAGE][PASSED] - Text 'April' is set on object 'Object Repository/Sign up page/Page_Eklipse/input_OR_name'

07-07-2024T15:39:10 - [TEST_STEP][PASSED] - setText(findTestObject("Object Repository/Sign up page/Page_Eklipse/input_OR_email"), Email): Text 'tita29@gmail.com' is set on object 'Object Repository/Sign up page/Page_Eklipse/input_OR_email'

07-07-2024T15:39:10 - [MESSAGE][PASSED] - Text 'tita29@gmail.com' is set on object 'Object Repository/Sign up page/Page_Eklipse/input_OR_email'

07-07-2024T15:39:10 - [TEST_STEP][PASSED] - setText(findTestObject("Object Repository/Sign up page/Page_Eklipse/input_OR_password"), Password11): Text 'Tita12.' is set on object 'Object Repository/Sign up page/Page_Eklipse/input_OR_password'

07-07-2024T15:39:11 - [MESSAGE][PASSED] - Text 'Tita12.' is set on object 'Object Repository/Sign up page/Page_Eklipse/input_OR_password'

07-07-2024T15:39:11 - [TEST_STEP][PASSED] - setText(findTestObject("Object Repository/Sign up page/Page_Eklipse/input_OR_password_confirmation"), Password22): Text 'Tita12.' is set on object 'Object Repository/Sign up page/Page_Eklipse/input_OR_password_confirmation'

07-07-2024T15:39:12 - [MESSAGE][PASSED] - Text 'Tita12.' is set on object 'Object Repository/Sign up page/Page_Eklipse/input_OR_password_confirmation'

07-07-2024T15:39:12 - [TEST_STEP][PASSED] - click(findTestObject("Object Repository/Sign up page/Page_Eklipse/button_Sign Up")): Object: 'Object Repository/Sign up page/Page_Eklipse/button_Sign Up' is clicked on

07-07-2024T15:39:12 - [MESSAGE][PASSED] - Object: 'Object Repository/Sign up page/Page_Eklipse/button_Sign Up' is clicked on

07-07-2024T15:39:12 - [TEST_STEP][PASSED] - if (signUpEmail == "titaapratama@gmail.com" || signUpEmail == "tita71@gmail.com" || signUpEmail == "tita72@gmail.com"): null]]></system-out>
         <system-err><![CDATA[]]></system-err>
      </testcase>
      <testcase name="Test Cases/Eklipse Test/Sign in and Sign Up/TC003 - Negative Test - Sign Up Via Sign In Page - Email has Taken" time="4.729" classname="Test Cases/Eklipse Test/Sign in and Sign Up/TC003 - Negative Test - Sign Up Via Sign In Page - Email has Taken" status="PASSED">
         <system-out><![CDATA[07-07-2024T15:39:12 - [TEST_CASE][PASSED] - Test Cases/Eklipse Test/Sign in and Sign Up/TC003 - Negative Test - Sign Up Via Sign In Page - Email has Taken: Test Cases/Eklipse Test/Sign in and Sign Up/TC003 - Negative Test - Sign Up Via Sign In Page - Email has Taken

07-07-2024T15:39:12 - [TEST_STEP][PASSED] - signUpName = getAttribute(findTestObject("Object Repository/Sign up page/Page_Eklipse/input_OR_name"), Name): Attribute '' of object 'Object Repository/Sign up page/Page_Eklipse/input_OR_name' is: 'null'

07-07-2024T15:39:13 - [MESSAGE][PASSED] - Attribute '' of object 'Object Repository/Sign up page/Page_Eklipse/input_OR_name' is: 'null'

07-07-2024T15:39:13 - [TEST_STEP][PASSED] - signUpEmail = getAttribute(findTestObject("Object Repository/Sign up page/Page_Eklipse/input_OR_email"), Email): Attribute 'tita29@gmail.com' of object 'Object Repository/Sign up page/Page_Eklipse/input_OR_email' is: 'null'

07-07-2024T15:39:13 - [MESSAGE][PASSED] - Attribute 'tita29@gmail.com' of object 'Object Repository/Sign up page/Page_Eklipse/input_OR_email' is: 'null'

07-07-2024T15:39:13 - [TEST_STEP][PASSED] - signUpPass1 = getAttribute(findTestObject("Object Repository/Sign up page/Page_Eklipse/input_OR_password"), Password11): Attribute 'Tita123.' of object 'Object Repository/Sign up page/Page_Eklipse/input_OR_password' is: 'null'

07-07-2024T15:39:13 - [MESSAGE][PASSED] - Attribute 'Tita123.' of object 'Object Repository/Sign up page/Page_Eklipse/input_OR_password' is: 'null'

07-07-2024T15:39:13 - [TEST_STEP][PASSED] - signUpPass2 = getAttribute(findTestObject("Object Repository/Sign up page/Page_Eklipse/input_OR_password_confirmation"), Password22): Attribute 'Tita123.' of object 'Object Repository/Sign up page/Page_Eklipse/input_OR_password_confirmation' is: 'null'

07-07-2024T15:39:14 - [MESSAGE][PASSED] - Attribute 'Tita123.' of object 'Object Repository/Sign up page/Page_Eklipse/input_OR_password_confirmation' is: 'null'

07-07-2024T15:39:14 - [TEST_STEP][PASSED] - setText(findTestObject("Object Repository/Sign up page/Page_Eklipse/input_OR_name"), Name): Text '' is set on object 'Object Repository/Sign up page/Page_Eklipse/input_OR_name'

07-07-2024T15:39:14 - [MESSAGE][PASSED] - Text '' is set on object 'Object Repository/Sign up page/Page_Eklipse/input_OR_name'

07-07-2024T15:39:14 - [TEST_STEP][PASSED] - setText(findTestObject("Object Repository/Sign up page/Page_Eklipse/input_OR_email"), Email): Text 'tita29@gmail.com' is set on object 'Object Repository/Sign up page/Page_Eklipse/input_OR_email'

07-07-2024T15:39:15 - [MESSAGE][PASSED] - Text 'tita29@gmail.com' is set on object 'Object Repository/Sign up page/Page_Eklipse/input_OR_email'

07-07-2024T15:39:15 - [TEST_STEP][PASSED] - setText(findTestObject("Object Repository/Sign up page/Page_Eklipse/input_OR_password"), Password11): Text 'Tita123.' is set on object 'Object Repository/Sign up page/Page_Eklipse/input_OR_password'

07-07-2024T15:39:16 - [MESSAGE][PASSED] - Text 'Tita123.' is set on object 'Object Repository/Sign up page/Page_Eklipse/input_OR_password'

07-07-2024T15:39:16 - [TEST_STEP][PASSED] - setText(findTestObject("Object Repository/Sign up page/Page_Eklipse/input_OR_password_confirmation"), Password22): Text 'Tita123.' is set on object 'Object Repository/Sign up page/Page_Eklipse/input_OR_password_confirmation'

07-07-2024T15:39:17 - [MESSAGE][PASSED] - Text 'Tita123.' is set on object 'Object Repository/Sign up page/Page_Eklipse/input_OR_password_confirmation'

07-07-2024T15:39:17 - [TEST_STEP][PASSED] - click(findTestObject("Object Repository/Sign up page/Page_Eklipse/button_Sign Up")): Object: 'Object Repository/Sign up page/Page_Eklipse/button_Sign Up' is clicked on

07-07-2024T15:39:17 - [MESSAGE][PASSED] - Object: 'Object Repository/Sign up page/Page_Eklipse/button_Sign Up' is clicked on

07-07-2024T15:39:17 - [TEST_STEP][PASSED] - if (signUpEmail == "titaapratama@gmail.com" || signUpEmail == "tita71@gmail.com" || signUpEmail == "tita72@gmail.com"): null]]></system-out>
         <system-err><![CDATA[]]></system-err>
      </testcase>
      <testcase name="Test Cases/Eklipse Test/Sign in and Sign Up/TC003 - Negative Test - Sign Up Via Sign In Page - Email has Taken" time="5.189" classname="Test Cases/Eklipse Test/Sign in and Sign Up/TC003 - Negative Test - Sign Up Via Sign In Page - Email has Taken" status="PASSED">
         <system-out><![CDATA[07-07-2024T15:39:17 - [TEST_CASE][PASSED] - Test Cases/Eklipse Test/Sign in and Sign Up/TC003 - Negative Test - Sign Up Via Sign In Page - Email has Taken: Test Cases/Eklipse Test/Sign in and Sign Up/TC003 - Negative Test - Sign Up Via Sign In Page - Email has Taken

07-07-2024T15:39:17 - [TEST_STEP][PASSED] - signUpName = getAttribute(findTestObject("Object Repository/Sign up page/Page_Eklipse/input_OR_name"), Name): Attribute 'April' of object 'Object Repository/Sign up page/Page_Eklipse/input_OR_name' is: 'null'

07-07-2024T15:39:18 - [MESSAGE][PASSED] - Attribute 'April' of object 'Object Repository/Sign up page/Page_Eklipse/input_OR_name' is: 'null'

07-07-2024T15:39:18 - [TEST_STEP][PASSED] - signUpEmail = getAttribute(findTestObject("Object Repository/Sign up page/Page_Eklipse/input_OR_email"), Email): Attribute '' of object 'Object Repository/Sign up page/Page_Eklipse/input_OR_email' is: 'null'

07-07-2024T15:39:18 - [MESSAGE][PASSED] - Attribute '' of object 'Object Repository/Sign up page/Page_Eklipse/input_OR_email' is: 'null'

07-07-2024T15:39:18 - [TEST_STEP][PASSED] - signUpPass1 = getAttribute(findTestObject("Object Repository/Sign up page/Page_Eklipse/input_OR_password"), Password11): Attribute 'Tita123.' of object 'Object Repository/Sign up page/Page_Eklipse/input_OR_password' is: 'null'

07-07-2024T15:39:18 - [MESSAGE][PASSED] - Attribute 'Tita123.' of object 'Object Repository/Sign up page/Page_Eklipse/input_OR_password' is: 'null'

07-07-2024T15:39:18 - [TEST_STEP][PASSED] - signUpPass2 = getAttribute(findTestObject("Object Repository/Sign up page/Page_Eklipse/input_OR_password_confirmation"), Password22): Attribute 'Tita123.' of object 'Object Repository/Sign up page/Page_Eklipse/input_OR_password_confirmation' is: 'null'

07-07-2024T15:39:18 - [MESSAGE][PASSED] - Attribute 'Tita123.' of object 'Object Repository/Sign up page/Page_Eklipse/input_OR_password_confirmation' is: 'null'

07-07-2024T15:39:18 - [TEST_STEP][PASSED] - setText(findTestObject("Object Repository/Sign up page/Page_Eklipse/input_OR_name"), Name): Text 'April' is set on object 'Object Repository/Sign up page/Page_Eklipse/input_OR_name'

07-07-2024T15:39:19 - [MESSAGE][PASSED] - Text 'April' is set on object 'Object Repository/Sign up page/Page_Eklipse/input_OR_name'

07-07-2024T15:39:19 - [TEST_STEP][PASSED] - setText(findTestObject("Object Repository/Sign up page/Page_Eklipse/input_OR_email"), Email): Text '' is set on object 'Object Repository/Sign up page/Page_Eklipse/input_OR_email'

07-07-2024T15:39:20 - [MESSAGE][PASSED] - Text '' is set on object 'Object Repository/Sign up page/Page_Eklipse/input_OR_email'

07-07-2024T15:39:20 - [TEST_STEP][PASSED] - setText(findTestObject("Object Repository/Sign up page/Page_Eklipse/input_OR_password"), Password11): Text 'Tita123.' is set on object 'Object Repository/Sign up page/Page_Eklipse/input_OR_password'

07-07-2024T15:39:21 - [MESSAGE][PASSED] - Text 'Tita123.' is set on object 'Object Repository/Sign up page/Page_Eklipse/input_OR_password'

07-07-2024T15:39:21 - [TEST_STEP][PASSED] - setText(findTestObject("Object Repository/Sign up page/Page_Eklipse/input_OR_password_confirmation"), Password22): Text 'Tita123.' is set on object 'Object Repository/Sign up page/Page_Eklipse/input_OR_password_confirmation'

07-07-2024T15:39:22 - [MESSAGE][PASSED] - Text 'Tita123.' is set on object 'Object Repository/Sign up page/Page_Eklipse/input_OR_password_confirmation'

07-07-2024T15:39:22 - [TEST_STEP][PASSED] - click(findTestObject("Object Repository/Sign up page/Page_Eklipse/button_Sign Up")): Object: 'Object Repository/Sign up page/Page_Eklipse/button_Sign Up' is clicked on

07-07-2024T15:39:22 - [MESSAGE][PASSED] - Object: 'Object Repository/Sign up page/Page_Eklipse/button_Sign Up' is clicked on

07-07-2024T15:39:22 - [TEST_STEP][PASSED] - if (signUpEmail == "titaapratama@gmail.com" || signUpEmail == "tita71@gmail.com" || signUpEmail == "tita72@gmail.com"): null]]></system-out>
         <system-err><![CDATA[]]></system-err>
      </testcase>
      <testcase name="Test Cases/Eklipse Test/Sign in and Sign Up/TC003 - Negative Test - Sign Up Via Sign In Page - Email has Taken" time="4.385" classname="Test Cases/Eklipse Test/Sign in and Sign Up/TC003 - Negative Test - Sign Up Via Sign In Page - Email has Taken" status="PASSED">
         <system-out><![CDATA[07-07-2024T15:39:22 - [TEST_CASE][PASSED] - Test Cases/Eklipse Test/Sign in and Sign Up/TC003 - Negative Test - Sign Up Via Sign In Page - Email has Taken: Test Cases/Eklipse Test/Sign in and Sign Up/TC003 - Negative Test - Sign Up Via Sign In Page - Email has Taken

07-07-2024T15:39:22 - [TEST_STEP][PASSED] - signUpName = getAttribute(findTestObject("Object Repository/Sign up page/Page_Eklipse/input_OR_name"), Name): Attribute 'April' of object 'Object Repository/Sign up page/Page_Eklipse/input_OR_name' is: 'null'

07-07-2024T15:39:23 - [MESSAGE][PASSED] - Attribute 'April' of object 'Object Repository/Sign up page/Page_Eklipse/input_OR_name' is: 'null'

07-07-2024T15:39:23 - [TEST_STEP][PASSED] - signUpEmail = getAttribute(findTestObject("Object Repository/Sign up page/Page_Eklipse/input_OR_email"), Email): Attribute 'tita29@gmail.com' of object 'Object Repository/Sign up page/Page_Eklipse/input_OR_email' is: 'null'

07-07-2024T15:39:23 - [MESSAGE][PASSED] - Attribute 'tita29@gmail.com' of object 'Object Repository/Sign up page/Page_Eklipse/input_OR_email' is: 'null'

07-07-2024T15:39:23 - [TEST_STEP][PASSED] - signUpPass1 = getAttribute(findTestObject("Object Repository/Sign up page/Page_Eklipse/input_OR_password"), Password11): Attribute 'Tita123.' of object 'Object Repository/Sign up page/Page_Eklipse/input_OR_password' is: 'null'

07-07-2024T15:39:23 - [MESSAGE][PASSED] - Attribute 'Tita123.' of object 'Object Repository/Sign up page/Page_Eklipse/input_OR_password' is: 'null'

07-07-2024T15:39:23 - [TEST_STEP][PASSED] - signUpPass2 = getAttribute(findTestObject("Object Repository/Sign up page/Page_Eklipse/input_OR_password_confirmation"), Password22): Attribute '' of object 'Object Repository/Sign up page/Page_Eklipse/input_OR_password_confirmation' is: 'null'

07-07-2024T15:39:24 - [MESSAGE][PASSED] - Attribute '' of object 'Object Repository/Sign up page/Page_Eklipse/input_OR_password_confirmation' is: 'null'

07-07-2024T15:39:24 - [TEST_STEP][PASSED] - setText(findTestObject("Object Repository/Sign up page/Page_Eklipse/input_OR_name"), Name): Text 'April' is set on object 'Object Repository/Sign up page/Page_Eklipse/input_OR_name'

07-07-2024T15:39:24 - [MESSAGE][PASSED] - Text 'April' is set on object 'Object Repository/Sign up page/Page_Eklipse/input_OR_name'

07-07-2024T15:39:24 - [TEST_STEP][PASSED] - setText(findTestObject("Object Repository/Sign up page/Page_Eklipse/input_OR_email"), Email): Text 'tita29@gmail.com' is set on object 'Object Repository/Sign up page/Page_Eklipse/input_OR_email'

07-07-2024T15:39:25 - [MESSAGE][PASSED] - Text 'tita29@gmail.com' is set on object 'Object Repository/Sign up page/Page_Eklipse/input_OR_email'

07-07-2024T15:39:25 - [TEST_STEP][PASSED] - setText(findTestObject("Object Repository/Sign up page/Page_Eklipse/input_OR_password"), Password11): Text 'Tita123.' is set on object 'Object Repository/Sign up page/Page_Eklipse/input_OR_password'

07-07-2024T15:39:26 - [MESSAGE][PASSED] - Text 'Tita123.' is set on object 'Object Repository/Sign up page/Page_Eklipse/input_OR_password'

07-07-2024T15:39:26 - [TEST_STEP][PASSED] - setText(findTestObject("Object Repository/Sign up page/Page_Eklipse/input_OR_password_confirmation"), Password22): Text '' is set on object 'Object Repository/Sign up page/Page_Eklipse/input_OR_password_confirmation'

07-07-2024T15:39:26 - [MESSAGE][PASSED] - Text '' is set on object 'Object Repository/Sign up page/Page_Eklipse/input_OR_password_confirmation'

07-07-2024T15:39:26 - [TEST_STEP][PASSED] - click(findTestObject("Object Repository/Sign up page/Page_Eklipse/button_Sign Up")): Object: 'Object Repository/Sign up page/Page_Eklipse/button_Sign Up' is clicked on

07-07-2024T15:39:27 - [MESSAGE][PASSED] - Object: 'Object Repository/Sign up page/Page_Eklipse/button_Sign Up' is clicked on

07-07-2024T15:39:27 - [TEST_STEP][PASSED] - if (signUpEmail == "titaapratama@gmail.com" || signUpEmail == "tita71@gmail.com" || signUpEmail == "tita72@gmail.com"): null]]></system-out>
         <system-err><![CDATA[]]></system-err>
      </testcase>
      <testcase name="Test Cases/Eklipse Test/Sign in and Sign Up/TC003 - Negative Test - Sign Up Via Sign In Page - Email has Taken" time="4.709" classname="Test Cases/Eklipse Test/Sign in and Sign Up/TC003 - Negative Test - Sign Up Via Sign In Page - Email has Taken" status="PASSED">
         <system-out><![CDATA[07-07-2024T15:39:27 - [TEST_CASE][PASSED] - Test Cases/Eklipse Test/Sign in and Sign Up/TC003 - Negative Test - Sign Up Via Sign In Page - Email has Taken: Test Cases/Eklipse Test/Sign in and Sign Up/TC003 - Negative Test - Sign Up Via Sign In Page - Email has Taken

07-07-2024T15:39:27 - [TEST_STEP][PASSED] - signUpName = getAttribute(findTestObject("Object Repository/Sign up page/Page_Eklipse/input_OR_name"), Name): Attribute 'April' of object 'Object Repository/Sign up page/Page_Eklipse/input_OR_name' is: 'null'

07-07-2024T15:39:27 - [MESSAGE][PASSED] - Attribute 'April' of object 'Object Repository/Sign up page/Page_Eklipse/input_OR_name' is: 'null'

07-07-2024T15:39:27 - [TEST_STEP][PASSED] - signUpEmail = getAttribute(findTestObject("Object Repository/Sign up page/Page_Eklipse/input_OR_email"), Email): Attribute 'tita30@gmail.com' of object 'Object Repository/Sign up page/Page_Eklipse/input_OR_email' is: 'null'

07-07-2024T15:39:27 - [MESSAGE][PASSED] - Attribute 'tita30@gmail.com' of object 'Object Repository/Sign up page/Page_Eklipse/input_OR_email' is: 'null'

07-07-2024T15:39:27 - [TEST_STEP][PASSED] - signUpPass1 = getAttribute(findTestObject("Object Repository/Sign up page/Page_Eklipse/input_OR_password"), Password11): Attribute 'Tita123.' of object 'Object Repository/Sign up page/Page_Eklipse/input_OR_password' is: 'null'

07-07-2024T15:39:28 - [MESSAGE][PASSED] - Attribute 'Tita123.' of object 'Object Repository/Sign up page/Page_Eklipse/input_OR_password' is: 'null'

07-07-2024T15:39:28 - [TEST_STEP][PASSED] - signUpPass2 = getAttribute(findTestObject("Object Repository/Sign up page/Page_Eklipse/input_OR_password_confirmation"), Password22): Attribute 'Tita123.' of object 'Object Repository/Sign up page/Page_Eklipse/input_OR_password_confirmation' is: 'null'

07-07-2024T15:39:28 - [MESSAGE][PASSED] - Attribute 'Tita123.' of object 'Object Repository/Sign up page/Page_Eklipse/input_OR_password_confirmation' is: 'null'

07-07-2024T15:39:28 - [TEST_STEP][PASSED] - setText(findTestObject("Object Repository/Sign up page/Page_Eklipse/input_OR_name"), Name): Text 'April' is set on object 'Object Repository/Sign up page/Page_Eklipse/input_OR_name'

07-07-2024T15:39:29 - [MESSAGE][PASSED] - Text 'April' is set on object 'Object Repository/Sign up page/Page_Eklipse/input_OR_name'

07-07-2024T15:39:29 - [TEST_STEP][PASSED] - setText(findTestObject("Object Repository/Sign up page/Page_Eklipse/input_OR_email"), Email): Text 'tita30@gmail.com' is set on object 'Object Repository/Sign up page/Page_Eklipse/input_OR_email'

07-07-2024T15:39:29 - [MESSAGE][PASSED] - Text 'tita30@gmail.com' is set on object 'Object Repository/Sign up page/Page_Eklipse/input_OR_email'

07-07-2024T15:39:29 - [TEST_STEP][PASSED] - setText(findTestObject("Object Repository/Sign up page/Page_Eklipse/input_OR_password"), Password11): Text 'Tita123.' is set on object 'Object Repository/Sign up page/Page_Eklipse/input_OR_password'

07-07-2024T15:39:30 - [MESSAGE][PASSED] - Text 'Tita123.' is set on object 'Object Repository/Sign up page/Page_Eklipse/input_OR_password'

07-07-2024T15:39:30 - [TEST_STEP][PASSED] - setText(findTestObject("Object Repository/Sign up page/Page_Eklipse/input_OR_password_confirmation"), Password22): Text 'Tita123.' is set on object 'Object Repository/Sign up page/Page_Eklipse/input_OR_password_confirmation'

07-07-2024T15:39:31 - [MESSAGE][PASSED] - Text 'Tita123.' is set on object 'Object Repository/Sign up page/Page_Eklipse/input_OR_password_confirmation'

07-07-2024T15:39:31 - [TEST_STEP][PASSED] - click(findTestObject("Object Repository/Sign up page/Page_Eklipse/button_Sign Up")): Object: 'Object Repository/Sign up page/Page_Eklipse/button_Sign Up' is clicked on

07-07-2024T15:39:31 - [MESSAGE][PASSED] - Object: 'Object Repository/Sign up page/Page_Eklipse/button_Sign Up' is clicked on

07-07-2024T15:39:31 - [TEST_STEP][PASSED] - if (signUpEmail == "titaapratama@gmail.com" || signUpEmail == "tita71@gmail.com" || signUpEmail == "tita72@gmail.com"): null]]></system-out>
         <system-err><![CDATA[]]></system-err>
      </testcase>
      <testcase name="Test Cases/Eklipse Test/Sign in and Sign Up/TC000 - Close browser" time="0.245" classname="Test Cases/Eklipse Test/Sign in and Sign Up/TC000 - Close browser" status="PASSED">
         <system-out><![CDATA[07-07-2024T15:39:31 - [TEST_CASE][PASSED] - Test Cases/Eklipse Test/Sign in and Sign Up/TC000 - Close browser: Test Cases/Eklipse Test/Sign in and Sign Up/TC000 - Close browser

07-07-2024T15:39:31 - [TEST_STEP][PASSED] - closeBrowser(): Browser is closed

07-07-2024T15:39:32 - [MESSAGE][PASSED] - Browser is closed]]></system-out>
         <system-err><![CDATA[]]></system-err>
      </testcase>
      <system-out><![CDATA[07-07-2024T15:38:16 - [TEST_SUITE][PASSED] - TS003 - Sign Up Via Sign In Page Variation: Test Cases/Eklipse Test/Sign in and Sign Up/TC000 - Close browser]]></system-out>
      <system-err><![CDATA[]]></system-err>
   </testsuite>
</testsuites>
