<?xml version="1.0" encoding="UTF-8"?>
<testsuites name="TS002 - Cross browser test" time="6.056" tests="1" failures="0" errors="0">
   <testsuite name="TS002 - Cross browser test" tests="1" failures="0" errors="0" time="6.056" skipped="0" timestamp="17-07-2024T13:56:48" hostname="Lenovo - LAPTOP-7QB5JFLU" id="Test Suites/Eklipse Test suite/TS002 - Cross browser test">
      <properties>
         <property name="deviceName" value=""/>
         <property name="devicePlatform"/>
         <property name="logFolder" value="C:\\Users\\Lenovo\\git\\KatalonPractitionerLevel\\Reports\\20240717_135601\\Eklipse Test suite\\TS002 - Cross browser test\\20240717_135604"/>
         <property name="logFiles" value="C:\\Users\\Lenovo\\git\\KatalonPractitionerLevel\\Reports\\20240717_135601\\Eklipse Test suite\\TS002 - Cross browser test\\20240717_135604\\execution0.log"/>
         <property name="attachments" value=""/>
         <property name="hostName" value="Lenovo - LAPTOP-7QB5JFLU"/>
         <property name="os" value="Windows 11 64bit"/>
         <property name="katalonVersion" value="9.6.0.217"/>
         <property name="browser" value="Chrome 126.0.0.0"/>
         <property name="hostAddress" value="192.168.1.12"/>
         <property name="sessionId" value="4636f0b9a21f4938aee8f3afad326698"/>
         <property name="seleniumVersion" value="3.141.59"/>
         <property name="proxyInformation" value="ProxyInformation { proxyOption=NO_PROXY, proxyServerType=HTTP, username=, password=********, proxyServerAddress=, proxyServerPort=0, executionList=&quot;&quot;, isApplyToDesiredCapabilities=true }"/>
         <property name="platform" value="Windows 11"/>
      </properties>
      <testcase name="Test Cases/Eklipse Test/Landing page/TC001 - Open browser" time="5.74" classname="Test Cases/Eklipse Test/Landing page/TC001 - Open browser" status="PASSED">
         <system-out><![CDATA[17-07-2024T13:56:48 - [TEST_CASE][PASSED] - Test Cases/Eklipse Test/Landing page/TC001 - Open browser: Test Cases/Eklipse Test/Landing page/TC001 - Open browser

17-07-2024T13:56:49 - [TEST_STEP][PASSED] - openBrowser(""): Browser is opened with url: ''

17-07-2024T13:56:49 - [MESSAGE][INFO] - Starting 'Chrome' driver

17-07-2024T13:56:49 - [MESSAGE][INFO] - Action delay is set to 0 milliseconds

17-07-2024T13:56:51 - [MESSAGE][PASSED] - Browser is opened with url: ''

17-07-2024T13:56:51 - [TEST_STEP][PASSED] - navigateToUrl("https://eklipse.gg/"): Navigate to 'https://eklipse.gg/' successfully

17-07-2024T13:56:54 - [MESSAGE][PASSED] - Navigate to 'https://eklipse.gg/' successfully

17-07-2024T13:56:54 - [TEST_STEP][NOT_RUN] - maximizeWindow(): NOT_RUN: maximizeWindow()

17-07-2024T13:56:54 - [MESSAGE][NOT_RUN] - NOT_RUN: maximizeWindow()]]></system-out>
         <system-err><![CDATA[]]></system-err>
      </testcase>
      <system-out><![CDATA[17-07-2024T13:56:48 - [TEST_SUITE][PASSED] - TS002 - Cross browser test: Test Cases/Eklipse Test/Landing page/TC001 - Open browser]]></system-out>
      <system-err><![CDATA[]]></system-err>
   </testsuite>
</testsuites>
