<?xml version="1.0" encoding="UTF-8"?>
<testsuites name="TS001 - Verify Landing Page" time="9.816" tests="1" failures="0" errors="0">
   <testsuite name="TS001 - Verify Landing Page" tests="1" failures="0" errors="0" time="9.816" skipped="0" timestamp="11-07-2024T14:09:18" hostname="Lenovo - LAPTOP-7QB5JFLU" id="Test Suites/Eklipse Test suite/TS001 - Verify Landing Page">
      <properties>
         <property name="deviceName" value=""/>
         <property name="devicePlatform"/>
         <property name="logFolder" value="C:\\Users\\Lenovo\\git\\KatalonPractitionerLevel\\Reports\\20240711_140911\\Eklipse Test suite\\TS001 - Verify Landing Page\\20240711_140911"/>
         <property name="logFiles" value="C:\\Users\\Lenovo\\git\\KatalonPractitionerLevel\\Reports\\20240711_140911\\Eklipse Test suite\\TS001 - Verify Landing Page\\20240711_140911\\execution0.log"/>
         <property name="attachments" value=""/>
         <property name="hostName" value="Lenovo - LAPTOP-7QB5JFLU"/>
         <property name="os" value="Windows 11 64bit"/>
         <property name="katalonVersion" value="9.6.0.217"/>
         <property name="browser" value="Chrome 126.0.0.0"/>
         <property name="hostAddress" value="192.168.1.12"/>
         <property name="sessionId" value="9e5ebc655cb80b59b8c15fa5a1314d2e"/>
         <property name="seleniumVersion" value="3.141.59"/>
         <property name="proxyInformation" value="ProxyInformation { proxyOption=NO_PROXY, proxyServerType=HTTP, username=, password=********, proxyServerAddress=, proxyServerPort=0, executionList=&quot;&quot;, isApplyToDesiredCapabilities=true }"/>
         <property name="platform" value="Windows 11"/>
      </properties>
      <testcase name="Test Cases/Eklipse Test/Landing page/TC003 - Verify web title" time="9.662" classname="Test Cases/Eklipse Test/Landing page/TC003 - Verify web title" status="PASSED">
         <system-out><![CDATA[11-07-2024T14:09:18 - [TEST_CASE][PASSED] - Test Cases/Eklipse Test/Landing page/TC003 - Verify web title: Test Cases/Eklipse Test/Landing page/TC003 - Verify web title

11-07-2024T14:09:18 - [TEST_STEP][PASSED] - openBrowser(""): Browser is opened with url: ''

11-07-2024T14:09:19 - [MESSAGE][INFO] - Starting 'Chrome' driver

11-07-2024T14:09:19 - [MESSAGE][INFO] - Action delay is set to 0 milliseconds

11-07-2024T14:09:21 - [MESSAGE][PASSED] - Browser is opened with url: ''

11-07-2024T14:09:21 - [TEST_STEP][PASSED] - navigateToUrl("https://eklipse.gg/"): Navigate to 'https://eklipse.gg/' successfully

11-07-2024T14:09:27 - [MESSAGE][PASSED] - Navigate to 'https://eklipse.gg/' successfully

11-07-2024T14:09:27 - [TEST_STEP][NOT_RUN] - waitForImagePresent(findTestObject("Eklipse Landing Page/Page_Eklipse - Convert Twitch Clip To TikTok, Reels,  Shorts For Free/img_Features_logo-desktop"), 3): NOT_RUN: waitForImagePresent(findTestObject("Eklipse Landing Page/Page_Eklipse - Convert Twitch Clip To TikTok, Reels,  Shorts For Free/img_Features_logo-desktop"), 3)

11-07-2024T14:09:27 - [MESSAGE][NOT_RUN] - NOT_RUN: waitForImagePresent(findTestObject("Eklipse Landing Page/Page_Eklipse - Convert Twitch Clip To TikTok, Reels,  Shorts For Free/img_Features_logo-desktop"), 3)

11-07-2024T14:09:27 - [TEST_STEP][NOT_RUN] - takeFullPageScreenshot(): NOT_RUN: takeFullPageScreenshot()

11-07-2024T14:09:27 - [MESSAGE][NOT_RUN] - NOT_RUN: takeFullPageScreenshot()

11-07-2024T14:09:27 - [TEST_STEP][PASSED] - title1 = getWindowTitle(): Current window's title is: 'Eklipse - Convert Twitch Clip To TikTok, Reels, & Shorts For Free'

11-07-2024T14:09:27 - [MESSAGE][PASSED] - Current window's title is: 'Eklipse - Convert Twitch Clip To TikTok, Reels, & Shorts For Free'

11-07-2024T14:09:27 - [TEST_STEP][PASSED] - title2 = "Eklipse - Convert Twitch Clip To TikTok, Reels, & Shorts For Free": null

11-07-2024T14:09:27 - [TEST_STEP][PASSED] - verifyEqual(title1, title2): Actual object 'Eklipse - Convert Twitch Clip To TikTok, Reels, & Shorts For Free' and expected object 'Eklipse - Convert Twitch Clip To TikTok, Reels, & Shorts For Free' are equal

11-07-2024T14:09:27 - [MESSAGE][PASSED] - Actual object 'Eklipse - Convert Twitch Clip To TikTok, Reels, & Shorts For Free' and expected object 'Eklipse - Convert Twitch Clip To TikTok, Reels, & Shorts For Free' are equal

11-07-2024T14:09:27 - [TEST_STEP][PASSED] - if (title1.equals(title2)): Execute JavaScript 'alert('PAGE TITLE MATCHED')' successfully

11-07-2024T14:09:27 - [TEST_STEP][PASSED] - comment("PAGE TITLE MATCHED"): PAGE TITLE MATCHED

11-07-2024T14:09:27 - [MESSAGE][INFO] - PAGE TITLE MATCHED

11-07-2024T14:09:27 - [TEST_STEP][PASSED] - executeJavaScript("alert('PAGE TITLE MATCHED')", null): Execute JavaScript 'alert('PAGE TITLE MATCHED')' successfully

11-07-2024T14:09:27 - [MESSAGE][PASSED] - Execute JavaScript 'alert('PAGE TITLE MATCHED')' successfully

11-07-2024T14:09:27 - [TEST_STEP][PASSED] - closeBrowser(): Browser is closed

11-07-2024T14:09:28 - [MESSAGE][PASSED] - Browser is closed]]></system-out>
         <system-err><![CDATA[]]></system-err>
      </testcase>
      <system-out><![CDATA[11-07-2024T14:09:18 - [TEST_SUITE][PASSED] - TS001 - Verify Landing Page: Test Cases/Eklipse Test/Landing page/TC003 - Verify web title]]></system-out>
      <system-err><![CDATA[]]></system-err>
   </testsuite>
</testsuites>
