<?xml version="1.0" encoding="UTF-8"?>
<testsuites name="TS12 - Tokyo appointment using data driven" time="38.969" tests="4" failures="0" errors="0">
   <testsuite name="TS12 - Tokyo appointment using data driven" tests="4" failures="0" errors="0" time="38.969" skipped="0" timestamp="12-07-2024T13:11:47" hostname="Lenovo - LAPTOP-7QB5JFLU" id="Test Suites/CURA Test suites/TS12 - Tokyo appointment using data driven">
      <properties>
         <property name="deviceName" value=""/>
         <property name="devicePlatform"/>
         <property name="logFolder" value="C:\\Users\\Lenovo\\git\\KatalonPractitionerLevel\\Reports\\20240712_130150\\CURA Test suites\\TS12 - Tokyo appointment using data driven\\20240712_130213"/>
         <property name="logFiles" value="C:\\Users\\Lenovo\\git\\KatalonPractitionerLevel\\Reports\\20240712_130150\\CURA Test suites\\TS12 - Tokyo appointment using data driven\\20240712_130213\\execution0.log"/>
         <property name="attachments" value=""/>
         <property name="hostName" value="Lenovo - LAPTOP-7QB5JFLU"/>
         <property name="os" value="Windows 11 64bit"/>
         <property name="katalonVersion" value="9.6.0.217"/>
         <property name="browser" value="Chrome 126.0.0.0"/>
         <property name="hostAddress" value="192.168.1.12"/>
         <property name="sessionId" value="f105452ae6912fc0f55c98a5a7b99067"/>
         <property name="seleniumVersion" value="3.141.59"/>
         <property name="proxyInformation" value="ProxyInformation { proxyOption=NO_PROXY, proxyServerType=HTTP, username=, password=********, proxyServerAddress=, proxyServerPort=0, executionList=&quot;&quot;, isApplyToDesiredCapabilities=true }"/>
         <property name="platform" value="Windows 11"/>
      </properties>
      <testcase name="Test Cases/CURA Web Test/TC20 - Tokyo appointment using data driven" time="13.355" classname="Test Cases/CURA Web Test/TC20 - Tokyo appointment using data driven" status="PASSED">
         <system-out><![CDATA[12-07-2024T13:11:47 - [TEST_CASE][PASSED] - Test Cases/CURA Web Test/TC20 - Tokyo appointment using data driven: Test Cases/CURA Web Test/TC20 - Tokyo appointment using data driven

12-07-2024T13:11:48 - [TEST_STEP][PASSED] - propertiesPage.openBrowser.main(): propertiesPage.openBrowser.main is PASSED

12-07-2024T13:11:48 - [MESSAGE][INFO] - Starting 'Chrome' driver

12-07-2024T13:11:48 - [MESSAGE][INFO] - Action delay is set to 0 milliseconds

12-07-2024T13:11:49 - [MESSAGE][PASSED] - Browser is opened with url: ''

12-07-2024T13:11:52 - [MESSAGE][PASSED] - Navigate to 'https://katalon-demo-cura.herokuapp.com/' successfully

12-07-2024T13:11:52 - [MESSAGE][PASSED] - propertiesPage.openBrowser.main is PASSED

12-07-2024T13:11:52 - [TEST_STEP][PASSED] - propertiesPage.loginMenu.main(): propertiesPage.loginMenu.main is PASSED

12-07-2024T13:11:53 - [MESSAGE][PASSED] - Object: 'Object Repository/1. CURA Test Object (Click, Set, Dropdown)/Make Appointment' is clicked on

12-07-2024T13:11:54 - [MESSAGE][PASSED] - Text 'John Doe' is set on object 'Object Repository/1. CURA Test Object (Click, Set, Dropdown)/Username'

12-07-2024T13:11:54 - [MESSAGE][PASSED] - Text 'ThisIsNotAPassword' is set on object 'Object Repository/1. CURA Test Object (Click, Set, Dropdown)/Password'

12-07-2024T13:11:55 - [MESSAGE][PASSED] - Object: 'Object Repository/1. CURA Test Object (Click, Set, Dropdown)/Login Button' is clicked on

12-07-2024T13:11:55 - [MESSAGE][PASSED] - propertiesPage.loginMenu.main is PASSED

12-07-2024T13:11:55 - [TEST_STEP][PASSED] - selectOptionByValue(findTestObject("1. CURA Test Object (Click, Set, Dropdown)/Facility"), facility, true): All options with value 'Tokyo CURA Healthcare Center' are selected in object 'Object Repository/1. CURA Test Object (Click, Set, Dropdown)/Facility'  using regular expression

12-07-2024T13:11:56 - [MESSAGE][PASSED] - All options with value 'Tokyo CURA Healthcare Center' are selected in object 'Object Repository/1. CURA Test Object (Click, Set, Dropdown)/Facility'  using regular expression

12-07-2024T13:11:56 - [TEST_STEP][PASSED] - click(findTestObject("1. CURA Test Object (Click, Set, Dropdown)/Medicare")): Object: 'Object Repository/1. CURA Test Object (Click, Set, Dropdown)/Medicare' is clicked on

12-07-2024T13:11:57 - [MESSAGE][PASSED] - Object: 'Object Repository/1. CURA Test Object (Click, Set, Dropdown)/Medicare' is clicked on

12-07-2024T13:11:57 - [TEST_STEP][PASSED] - click(findTestObject("1. CURA Test Object (Click, Set, Dropdown)/Visit Date")): Object: 'Object Repository/1. CURA Test Object (Click, Set, Dropdown)/Visit Date' is clicked on

12-07-2024T13:11:57 - [MESSAGE][PASSED] - Object: 'Object Repository/1. CURA Test Object (Click, Set, Dropdown)/Visit Date' is clicked on

12-07-2024T13:11:57 - [TEST_STEP][PASSED] - setText(findTestObject("1. CURA Test Object (Click, Set, Dropdown)/Visit Date"), datevisit): Text '01/07/2024' is set on object 'Object Repository/1. CURA Test Object (Click, Set, Dropdown)/Visit Date'

12-07-2024T13:11:58 - [MESSAGE][PASSED] - Text '01/07/2024' is set on object 'Object Repository/1. CURA Test Object (Click, Set, Dropdown)/Visit Date'

12-07-2024T13:11:58 - [TEST_STEP][PASSED] - setText(findTestObject("1. CURA Test Object (Click, Set, Dropdown)/Comment"), commentbook): Text 'Reschedule to 08/07/2024' is set on object 'Object Repository/1. CURA Test Object (Click, Set, Dropdown)/Comment'

12-07-2024T13:11:58 - [MESSAGE][PASSED] - Text 'Reschedule to 08/07/2024' is set on object 'Object Repository/1. CURA Test Object (Click, Set, Dropdown)/Comment'

12-07-2024T13:11:59 - [TEST_STEP][PASSED] - click(findTestObject("1. CURA Test Object (Click, Set, Dropdown)/Book Appointment")): Object: 'Object Repository/1. CURA Test Object (Click, Set, Dropdown)/Book Appointment' is clicked on

12-07-2024T13:11:59 - [MESSAGE][PASSED] - Object: 'Object Repository/1. CURA Test Object (Click, Set, Dropdown)/Book Appointment' is clicked on

12-07-2024T13:11:59 - [TEST_STEP][PASSED] - click(findTestObject("1. CURA Test Object (Click, Set, Dropdown)/Menu")): Object: 'Object Repository/1. CURA Test Object (Click, Set, Dropdown)/Menu' is clicked on

12-07-2024T13:12:00 - [MESSAGE][PASSED] - Object: 'Object Repository/1. CURA Test Object (Click, Set, Dropdown)/Menu' is clicked on

12-07-2024T13:12:00 - [TEST_STEP][PASSED] - click(findTestObject("1. CURA Test Object (Click, Set, Dropdown)/Home")): Object: 'Object Repository/1. CURA Test Object (Click, Set, Dropdown)/Home' is clicked on

12-07-2024T13:12:00 - [MESSAGE][PASSED] - Object: 'Object Repository/1. CURA Test Object (Click, Set, Dropdown)/Home' is clicked on

12-07-2024T13:12:00 - [TEST_STEP][PASSED] - verifyElementPresent(findTestObject("2. CURA Test Object (Verify parameter)/CURA Healthcare Service Label"), 0): Object 'Object Repository/2. CURA Test Object (Verify parameter)/CURA Healthcare Service Label' is present

12-07-2024T13:12:00 - [MESSAGE][WARNING] - Timeout '0' is invalid. Using default page load timeout: '30'

12-07-2024T13:12:00 - [MESSAGE][PASSED] - Object 'Object Repository/2. CURA Test Object (Verify parameter)/CURA Healthcare Service Label' is present

12-07-2024T13:12:00 - [TEST_STEP][PASSED] - click(findTestObject("1. CURA Test Object (Click, Set, Dropdown)/Make Appointment")): Object: 'Object Repository/1. CURA Test Object (Click, Set, Dropdown)/Make Appointment' is clicked on

12-07-2024T13:12:01 - [MESSAGE][PASSED] - Object: 'Object Repository/1. CURA Test Object (Click, Set, Dropdown)/Make Appointment' is clicked on]]></system-out>
         <system-err><![CDATA[]]></system-err>
      </testcase>
      <testcase name="Test Cases/CURA Web Test/TC20 - Tokyo appointment using data driven" time="11.791" classname="Test Cases/CURA Web Test/TC20 - Tokyo appointment using data driven" status="PASSED">
         <system-out><![CDATA[12-07-2024T13:12:01 - [TEST_CASE][PASSED] - Test Cases/CURA Web Test/TC20 - Tokyo appointment using data driven: Test Cases/CURA Web Test/TC20 - Tokyo appointment using data driven

12-07-2024T13:12:01 - [TEST_STEP][PASSED] - propertiesPage.openBrowser.main(): propertiesPage.openBrowser.main is PASSED

12-07-2024T13:12:01 - [MESSAGE][WARNING] - A browser is already opened. Closing browser and opening a new one

12-07-2024T13:12:01 - [MESSAGE][INFO] - Starting 'Chrome' driver

12-07-2024T13:12:01 - [MESSAGE][INFO] - Action delay is set to 0 milliseconds

12-07-2024T13:12:01 - [MESSAGE][PASSED] - Browser is opened with url: ''

12-07-2024T13:12:04 - [MESSAGE][PASSED] - Navigate to 'https://katalon-demo-cura.herokuapp.com/' successfully

12-07-2024T13:12:04 - [MESSAGE][PASSED] - propertiesPage.openBrowser.main is PASSED

12-07-2024T13:12:04 - [TEST_STEP][PASSED] - propertiesPage.loginMenu.main(): propertiesPage.loginMenu.main is PASSED

12-07-2024T13:12:05 - [MESSAGE][PASSED] - Object: 'Object Repository/1. CURA Test Object (Click, Set, Dropdown)/Make Appointment' is clicked on

12-07-2024T13:12:06 - [MESSAGE][PASSED] - Text 'John Doe' is set on object 'Object Repository/1. CURA Test Object (Click, Set, Dropdown)/Username'

12-07-2024T13:12:06 - [MESSAGE][PASSED] - Text 'ThisIsNotAPassword' is set on object 'Object Repository/1. CURA Test Object (Click, Set, Dropdown)/Password'

12-07-2024T13:12:07 - [MESSAGE][PASSED] - Object: 'Object Repository/1. CURA Test Object (Click, Set, Dropdown)/Login Button' is clicked on

12-07-2024T13:12:07 - [MESSAGE][PASSED] - propertiesPage.loginMenu.main is PASSED

12-07-2024T13:12:07 - [TEST_STEP][PASSED] - selectOptionByValue(findTestObject("1. CURA Test Object (Click, Set, Dropdown)/Facility"), facility, true): All options with value 'Tokyo CURA Healthcare Center' are selected in object 'Object Repository/1. CURA Test Object (Click, Set, Dropdown)/Facility'  using regular expression

12-07-2024T13:12:08 - [MESSAGE][PASSED] - All options with value 'Tokyo CURA Healthcare Center' are selected in object 'Object Repository/1. CURA Test Object (Click, Set, Dropdown)/Facility'  using regular expression

12-07-2024T13:12:08 - [TEST_STEP][PASSED] - click(findTestObject("1. CURA Test Object (Click, Set, Dropdown)/Medicare")): Object: 'Object Repository/1. CURA Test Object (Click, Set, Dropdown)/Medicare' is clicked on

12-07-2024T13:12:08 - [MESSAGE][PASSED] - Object: 'Object Repository/1. CURA Test Object (Click, Set, Dropdown)/Medicare' is clicked on

12-07-2024T13:12:08 - [TEST_STEP][PASSED] - click(findTestObject("1. CURA Test Object (Click, Set, Dropdown)/Visit Date")): Object: 'Object Repository/1. CURA Test Object (Click, Set, Dropdown)/Visit Date' is clicked on

12-07-2024T13:12:09 - [MESSAGE][PASSED] - Object: 'Object Repository/1. CURA Test Object (Click, Set, Dropdown)/Visit Date' is clicked on

12-07-2024T13:12:09 - [TEST_STEP][PASSED] - setText(findTestObject("1. CURA Test Object (Click, Set, Dropdown)/Visit Date"), datevisit): Text '09/09/2024' is set on object 'Object Repository/1. CURA Test Object (Click, Set, Dropdown)/Visit Date'

12-07-2024T13:12:10 - [MESSAGE][PASSED] - Text '09/09/2024' is set on object 'Object Repository/1. CURA Test Object (Click, Set, Dropdown)/Visit Date'

12-07-2024T13:12:10 - [TEST_STEP][PASSED] - setText(findTestObject("1. CURA Test Object (Click, Set, Dropdown)/Comment"), commentbook): Text 'Meet dr. Yuki' is set on object 'Object Repository/1. CURA Test Object (Click, Set, Dropdown)/Comment'

12-07-2024T13:12:10 - [MESSAGE][PASSED] - Text 'Meet dr. Yuki' is set on object 'Object Repository/1. CURA Test Object (Click, Set, Dropdown)/Comment'

12-07-2024T13:12:10 - [TEST_STEP][PASSED] - click(findTestObject("1. CURA Test Object (Click, Set, Dropdown)/Book Appointment")): Object: 'Object Repository/1. CURA Test Object (Click, Set, Dropdown)/Book Appointment' is clicked on

12-07-2024T13:12:11 - [MESSAGE][PASSED] - Object: 'Object Repository/1. CURA Test Object (Click, Set, Dropdown)/Book Appointment' is clicked on

12-07-2024T13:12:11 - [TEST_STEP][PASSED] - click(findTestObject("1. CURA Test Object (Click, Set, Dropdown)/Menu")): Object: 'Object Repository/1. CURA Test Object (Click, Set, Dropdown)/Menu' is clicked on

12-07-2024T13:12:11 - [MESSAGE][PASSED] - Object: 'Object Repository/1. CURA Test Object (Click, Set, Dropdown)/Menu' is clicked on

12-07-2024T13:12:11 - [TEST_STEP][PASSED] - click(findTestObject("1. CURA Test Object (Click, Set, Dropdown)/Home")): Object: 'Object Repository/1. CURA Test Object (Click, Set, Dropdown)/Home' is clicked on

12-07-2024T13:12:12 - [MESSAGE][PASSED] - Object: 'Object Repository/1. CURA Test Object (Click, Set, Dropdown)/Home' is clicked on

12-07-2024T13:12:12 - [TEST_STEP][PASSED] - verifyElementPresent(findTestObject("2. CURA Test Object (Verify parameter)/CURA Healthcare Service Label"), 0): Object 'Object Repository/2. CURA Test Object (Verify parameter)/CURA Healthcare Service Label' is present

12-07-2024T13:12:12 - [MESSAGE][WARNING] - Timeout '0' is invalid. Using default page load timeout: '30'

12-07-2024T13:12:12 - [MESSAGE][PASSED] - Object 'Object Repository/2. CURA Test Object (Verify parameter)/CURA Healthcare Service Label' is present

12-07-2024T13:12:12 - [TEST_STEP][PASSED] - click(findTestObject("1. CURA Test Object (Click, Set, Dropdown)/Make Appointment")): Object: 'Object Repository/1. CURA Test Object (Click, Set, Dropdown)/Make Appointment' is clicked on

12-07-2024T13:12:12 - [MESSAGE][PASSED] - Object: 'Object Repository/1. CURA Test Object (Click, Set, Dropdown)/Make Appointment' is clicked on]]></system-out>
         <system-err><![CDATA[]]></system-err>
      </testcase>
      <testcase name="Test Cases/CURA Web Test/TC20 - Tokyo appointment using data driven" time="11.669" classname="Test Cases/CURA Web Test/TC20 - Tokyo appointment using data driven" status="PASSED">
         <system-out><![CDATA[12-07-2024T13:12:13 - [TEST_CASE][PASSED] - Test Cases/CURA Web Test/TC20 - Tokyo appointment using data driven: Test Cases/CURA Web Test/TC20 - Tokyo appointment using data driven

12-07-2024T13:12:13 - [TEST_STEP][PASSED] - propertiesPage.openBrowser.main(): propertiesPage.openBrowser.main is PASSED

12-07-2024T13:12:13 - [MESSAGE][WARNING] - A browser is already opened. Closing browser and opening a new one

12-07-2024T13:12:13 - [MESSAGE][INFO] - Starting 'Chrome' driver

12-07-2024T13:12:13 - [MESSAGE][INFO] - Action delay is set to 0 milliseconds

12-07-2024T13:12:13 - [MESSAGE][PASSED] - Browser is opened with url: ''

12-07-2024T13:12:16 - [MESSAGE][PASSED] - Navigate to 'https://katalon-demo-cura.herokuapp.com/' successfully

12-07-2024T13:12:16 - [MESSAGE][PASSED] - propertiesPage.openBrowser.main is PASSED

12-07-2024T13:12:16 - [TEST_STEP][PASSED] - propertiesPage.loginMenu.main(): propertiesPage.loginMenu.main is PASSED

12-07-2024T13:12:17 - [MESSAGE][PASSED] - Object: 'Object Repository/1. CURA Test Object (Click, Set, Dropdown)/Make Appointment' is clicked on

12-07-2024T13:12:17 - [MESSAGE][PASSED] - Text 'John Doe' is set on object 'Object Repository/1. CURA Test Object (Click, Set, Dropdown)/Username'

12-07-2024T13:12:18 - [MESSAGE][PASSED] - Text 'ThisIsNotAPassword' is set on object 'Object Repository/1. CURA Test Object (Click, Set, Dropdown)/Password'

12-07-2024T13:12:19 - [MESSAGE][PASSED] - Object: 'Object Repository/1. CURA Test Object (Click, Set, Dropdown)/Login Button' is clicked on

12-07-2024T13:12:19 - [MESSAGE][PASSED] - propertiesPage.loginMenu.main is PASSED

12-07-2024T13:12:19 - [TEST_STEP][PASSED] - selectOptionByValue(findTestObject("1. CURA Test Object (Click, Set, Dropdown)/Facility"), facility, true): All options with value 'Tokyo CURA Healthcare Center' are selected in object 'Object Repository/1. CURA Test Object (Click, Set, Dropdown)/Facility'  using regular expression

12-07-2024T13:12:20 - [MESSAGE][PASSED] - All options with value 'Tokyo CURA Healthcare Center' are selected in object 'Object Repository/1. CURA Test Object (Click, Set, Dropdown)/Facility'  using regular expression

12-07-2024T13:12:20 - [TEST_STEP][PASSED] - click(findTestObject("1. CURA Test Object (Click, Set, Dropdown)/Medicare")): Object: 'Object Repository/1. CURA Test Object (Click, Set, Dropdown)/Medicare' is clicked on

12-07-2024T13:12:20 - [MESSAGE][PASSED] - Object: 'Object Repository/1. CURA Test Object (Click, Set, Dropdown)/Medicare' is clicked on

12-07-2024T13:12:20 - [TEST_STEP][PASSED] - click(findTestObject("1. CURA Test Object (Click, Set, Dropdown)/Visit Date")): Object: 'Object Repository/1. CURA Test Object (Click, Set, Dropdown)/Visit Date' is clicked on

12-07-2024T13:12:20 - [MESSAGE][PASSED] - Object: 'Object Repository/1. CURA Test Object (Click, Set, Dropdown)/Visit Date' is clicked on

12-07-2024T13:12:20 - [TEST_STEP][PASSED] - setText(findTestObject("1. CURA Test Object (Click, Set, Dropdown)/Visit Date"), datevisit): Text '24/12/2024' is set on object 'Object Repository/1. CURA Test Object (Click, Set, Dropdown)/Visit Date'

12-07-2024T13:12:21 - [MESSAGE][PASSED] - Text '24/12/2024' is set on object 'Object Repository/1. CURA Test Object (Click, Set, Dropdown)/Visit Date'

12-07-2024T13:12:21 - [TEST_STEP][PASSED] - setText(findTestObject("1. CURA Test Object (Click, Set, Dropdown)/Comment"), commentbook): Text 'Meet dr. Kento Momota' is set on object 'Object Repository/1. CURA Test Object (Click, Set, Dropdown)/Comment'

12-07-2024T13:12:22 - [MESSAGE][PASSED] - Text 'Meet dr. Kento Momota' is set on object 'Object Repository/1. CURA Test Object (Click, Set, Dropdown)/Comment'

12-07-2024T13:12:22 - [TEST_STEP][PASSED] - click(findTestObject("1. CURA Test Object (Click, Set, Dropdown)/Book Appointment")): Object: 'Object Repository/1. CURA Test Object (Click, Set, Dropdown)/Book Appointment' is clicked on

12-07-2024T13:12:23 - [MESSAGE][PASSED] - Object: 'Object Repository/1. CURA Test Object (Click, Set, Dropdown)/Book Appointment' is clicked on

12-07-2024T13:12:23 - [TEST_STEP][PASSED] - click(findTestObject("1. CURA Test Object (Click, Set, Dropdown)/Menu")): Object: 'Object Repository/1. CURA Test Object (Click, Set, Dropdown)/Menu' is clicked on

12-07-2024T13:12:23 - [MESSAGE][PASSED] - Object: 'Object Repository/1. CURA Test Object (Click, Set, Dropdown)/Menu' is clicked on

12-07-2024T13:12:23 - [TEST_STEP][PASSED] - click(findTestObject("1. CURA Test Object (Click, Set, Dropdown)/Home")): Object: 'Object Repository/1. CURA Test Object (Click, Set, Dropdown)/Home' is clicked on

12-07-2024T13:12:24 - [MESSAGE][PASSED] - Object: 'Object Repository/1. CURA Test Object (Click, Set, Dropdown)/Home' is clicked on

12-07-2024T13:12:24 - [TEST_STEP][PASSED] - verifyElementPresent(findTestObject("2. CURA Test Object (Verify parameter)/CURA Healthcare Service Label"), 0): Object 'Object Repository/2. CURA Test Object (Verify parameter)/CURA Healthcare Service Label' is present

12-07-2024T13:12:24 - [MESSAGE][WARNING] - Timeout '0' is invalid. Using default page load timeout: '30'

12-07-2024T13:12:24 - [MESSAGE][PASSED] - Object 'Object Repository/2. CURA Test Object (Verify parameter)/CURA Healthcare Service Label' is present

12-07-2024T13:12:24 - [TEST_STEP][PASSED] - click(findTestObject("1. CURA Test Object (Click, Set, Dropdown)/Make Appointment")): Object: 'Object Repository/1. CURA Test Object (Click, Set, Dropdown)/Make Appointment' is clicked on

12-07-2024T13:12:24 - [MESSAGE][PASSED] - Object: 'Object Repository/1. CURA Test Object (Click, Set, Dropdown)/Make Appointment' is clicked on]]></system-out>
         <system-err><![CDATA[]]></system-err>
      </testcase>
      <testcase name="Test Cases/CURA Web Test/Properties/TCP03 - Logout" time="1.923" classname="Test Cases/CURA Web Test/Properties/TCP03 - Logout" status="PASSED">
         <system-out><![CDATA[12-07-2024T13:12:24 - [TEST_CASE][PASSED] - Test Cases/CURA Web Test/Properties/TCP03 - Logout: Test Cases/CURA Web Test/Properties/TCP03 - Logout

12-07-2024T13:12:24 - [TEST_STEP][PASSED] - verifyElementText(findTestObject("2. CURA Test Object (Verify parameter)/Make Appointment Text"), "Make Appointment"): Actual text and expected text of test object 'Object Repository/2. CURA Test Object (Verify parameter)/Make Appointment Text' are matched.

12-07-2024T13:12:24 - [MESSAGE][PASSED] - Actual text and expected text of test object 'Object Repository/2. CURA Test Object (Verify parameter)/Make Appointment Text' are matched.

12-07-2024T13:12:24 - [TEST_STEP][PASSED] - click(findTestObject("1. CURA Test Object (Click, Set, Dropdown)/Menu")): Object: 'Object Repository/1. CURA Test Object (Click, Set, Dropdown)/Menu' is clicked on

12-07-2024T13:12:25 - [MESSAGE][PASSED] - Object: 'Object Repository/1. CURA Test Object (Click, Set, Dropdown)/Menu' is clicked on

12-07-2024T13:12:25 - [TEST_STEP][PASSED] - click(findTestObject("1. CURA Test Object (Click, Set, Dropdown)/Logout")): Object: 'Object Repository/1. CURA Test Object (Click, Set, Dropdown)/Logout' is clicked on

12-07-2024T13:12:26 - [MESSAGE][PASSED] - Object: 'Object Repository/1. CURA Test Object (Click, Set, Dropdown)/Logout' is clicked on

12-07-2024T13:12:26 - [TEST_STEP][PASSED] - closeBrowser(): Browser is closed

12-07-2024T13:12:26 - [MESSAGE][PASSED] - Browser is closed]]></system-out>
         <system-err><![CDATA[]]></system-err>
      </testcase>
      <system-out><![CDATA[12-07-2024T13:11:47 - [TEST_SUITE][PASSED] - TS12 - Tokyo appointment using data driven: Test Cases/CURA Web Test/Properties/TCP03 - Logout]]></system-out>
      <system-err><![CDATA[]]></system-err>
   </testsuite>
</testsuites>
