<?xml version="1.0" encoding="UTF-8"?>
<testsuites name="TS002 - Cross browser testing" time="8.793" tests="1" failures="0" errors="0">
   <testsuite name="TS002 - Cross browser testing" tests="1" failures="0" errors="0" time="8.793" skipped="0" timestamp="12-07-2024T13:49:15" hostname="Lenovo - LAPTOP-7QB5JFLU" id="Test Suites/Eklipse Test suite/TS002 - Cross browser testing">
      <properties>
         <property name="deviceName" value=""/>
         <property name="devicePlatform"/>
         <property name="logFolder" value="C:\\Users\\Lenovo\\git\\KatalonPractitionerLevel\\Reports\\20240712_134909\\Eklipse Test suite\\TS002 - Cross browser testing\\20240712_134910"/>
         <property name="logFiles" value="C:\\Users\\Lenovo\\git\\KatalonPractitionerLevel\\Reports\\20240712_134909\\Eklipse Test suite\\TS002 - Cross browser testing\\20240712_134910\\execution0.log"/>
         <property name="attachments" value=""/>
         <property name="hostName" value="Lenovo - LAPTOP-7QB5JFLU"/>
         <property name="os" value="Windows 11 64bit"/>
         <property name="katalonVersion" value="9.6.0.217"/>
         <property name="browser" value="Chrome 126.0.0.0"/>
         <property name="hostAddress" value="192.168.1.12"/>
         <property name="sessionId" value="01c79deafa43b4dde42984f772a37c43"/>
         <property name="seleniumVersion" value="3.141.59"/>
         <property name="proxyInformation" value="ProxyInformation { proxyOption=NO_PROXY, proxyServerType=HTTP, username=, password=********, proxyServerAddress=, proxyServerPort=0, executionList=&quot;&quot;, isApplyToDesiredCapabilities=true }"/>
         <property name="platform" value="Windows 11"/>
      </properties>
      <testcase name="Test Cases/Eklipse Test/Landing page/TC001 - Open browser" time="8.657" classname="Test Cases/Eklipse Test/Landing page/TC001 - Open browser" status="PASSED">
         <system-out><![CDATA[12-07-2024T13:49:16 - [TEST_CASE][PASSED] - Test Cases/Eklipse Test/Landing page/TC001 - Open browser: Test Cases/Eklipse Test/Landing page/TC001 - Open browser

12-07-2024T13:49:16 - [TEST_STEP][PASSED] - openBrowser(""): Browser is opened with url: ''

12-07-2024T13:49:16 - [MESSAGE][INFO] - Starting 'Chrome' driver

12-07-2024T13:49:16 - [MESSAGE][INFO] - Action delay is set to 0 milliseconds

12-07-2024T13:49:17 - [MESSAGE][PASSED] - Browser is opened with url: ''

12-07-2024T13:49:17 - [TEST_STEP][PASSED] - navigateToUrl("https://eklipse.gg/"): Navigate to 'https://eklipse.gg/' successfully

12-07-2024T13:49:24 - [MESSAGE][PASSED] - Navigate to 'https://eklipse.gg/' successfully

12-07-2024T13:49:24 - [TEST_STEP][PASSED] - maximizeWindow(): Current window maximized

12-07-2024T13:49:24 - [MESSAGE][PASSED] - Current window maximized]]></system-out>
         <system-err><![CDATA[]]></system-err>
      </testcase>
      <system-out><![CDATA[12-07-2024T13:49:15 - [TEST_SUITE][PASSED] - TS002 - Cross browser testing: Test Cases/Eklipse Test/Landing page/TC001 - Open browser]]></system-out>
      <system-err><![CDATA[]]></system-err>
   </testsuite>
</testsuites>
