<?xml version="1.0" encoding="UTF-8"?>
<testsuites name="TS002 - Cross browser testing" time="8.486" tests="1" failures="0" errors="0">
   <testsuite name="TS002 - Cross browser testing" tests="1" failures="0" errors="0" time="8.486" skipped="0" timestamp="13-07-2024T23:02:47" hostname="Lenovo - LAPTOP-7QB5JFLU" id="Test Suites/Eklipse Test suite/TS002 - Cross browser testing">
      <properties>
         <property name="deviceName" value=""/>
         <property name="devicePlatform"/>
         <property name="logFolder" value="C:\\Users\\Lenovo\\git\\KatalonPractitionerLevel\\Reports\\20240713_230242\\Eklipse Test suite\\TS002 - Cross browser testing\\20240713_230242"/>
         <property name="logFiles" value="C:\\Users\\Lenovo\\git\\KatalonPractitionerLevel\\Reports\\20240713_230242\\Eklipse Test suite\\TS002 - Cross browser testing\\20240713_230242\\execution0.log"/>
         <property name="attachments" value=""/>
         <property name="hostName" value="Lenovo - LAPTOP-7QB5JFLU"/>
         <property name="os" value="Windows 11 64bit"/>
         <property name="katalonVersion" value="9.6.0.217"/>
         <property name="browser" value="Chrome 126.0.0.0"/>
         <property name="hostAddress" value="192.168.1.12"/>
         <property name="sessionId" value="e3d8d9aa84910ee7fa35231052515b42"/>
         <property name="seleniumVersion" value="3.141.59"/>
         <property name="proxyInformation" value="ProxyInformation { proxyOption=NO_PROXY, proxyServerType=HTTP, username=, password=********, proxyServerAddress=, proxyServerPort=0, executionList=&quot;&quot;, isApplyToDesiredCapabilities=true }"/>
         <property name="platform" value="Windows 11"/>
      </properties>
      <testcase name="Test Cases/Eklipse Test/Landing page/TC001 - Open browser" time="8.335" classname="Test Cases/Eklipse Test/Landing page/TC001 - Open browser" status="PASSED">
         <system-out><![CDATA[13-07-2024T23:02:48 - [TEST_CASE][PASSED] - Test Cases/Eklipse Test/Landing page/TC001 - Open browser: Test Cases/Eklipse Test/Landing page/TC001 - Open browser

13-07-2024T23:02:48 - [TEST_STEP][PASSED] - openBrowser(""): Browser is opened with url: ''

13-07-2024T23:02:48 - [MESSAGE][INFO] - Starting 'Chrome' driver

13-07-2024T23:02:48 - [MESSAGE][INFO] - Action delay is set to 0 milliseconds

13-07-2024T23:02:49 - [MESSAGE][PASSED] - Browser is opened with url: ''

13-07-2024T23:02:49 - [TEST_STEP][PASSED] - navigateToUrl("https://eklipse.gg/"): Navigate to 'https://eklipse.gg/' successfully

13-07-2024T23:02:56 - [MESSAGE][PASSED] - Navigate to 'https://eklipse.gg/' successfully

13-07-2024T23:02:56 - [TEST_STEP][NOT_RUN] - maximizeWindow(): NOT_RUN: maximizeWindow()

13-07-2024T23:02:56 - [MESSAGE][NOT_RUN] - NOT_RUN: maximizeWindow()]]></system-out>
         <system-err><![CDATA[]]></system-err>
      </testcase>
      <system-out><![CDATA[13-07-2024T23:02:47 - [TEST_SUITE][PASSED] - TS002 - Cross browser testing: Test Cases/Eklipse Test/Landing page/TC001 - Open browser]]></system-out>
      <system-err><![CDATA[]]></system-err>
   </testsuite>
</testsuites>
