<?xml version="1.0" encoding="UTF-8"?>
<testsuites name="DTS02 - Object properties" time="10.983" tests="3" failures="0" errors="0">
   <testsuite name="DTS02 - Object properties" tests="3" failures="0" errors="0" time="10.983" skipped="0" timestamp="04-07-2024T11:50:19" hostname="Lenovo - LAPTOP-7QB5JFLU" id="Test Suites/DTS02 - Object properties">
      <properties>
         <property name="deviceName" value=""/>
         <property name="devicePlatform"/>
         <property name="logFolder" value="C:\\Users\\Lenovo\\git\\KatalonPractitionerLevel\\Reports\\20240704_115012\\DTS02 - Object properties\\20240704_115012"/>
         <property name="logFiles" value="C:\\Users\\Lenovo\\git\\KatalonPractitionerLevel\\Reports\\20240704_115012\\DTS02 - Object properties\\20240704_115012\\execution0.log"/>
         <property name="attachments" value=""/>
         <property name="hostName" value="Lenovo - LAPTOP-7QB5JFLU"/>
         <property name="os" value="Windows 11 64bit"/>
         <property name="katalonVersion" value="9.6.0.217"/>
         <property name="browser" value="Chrome 126.0.0.0"/>
         <property name="hostAddress" value="192.168.1.12"/>
         <property name="sessionId" value="f98e4856f27624ab798593997e95df63"/>
         <property name="seleniumVersion" value="3.141.59"/>
         <property name="proxyInformation" value="ProxyInformation { proxyOption=NO_PROXY, proxyServerType=HTTP, username=, password=********, proxyServerAddress=, proxyServerPort=0, executionList=&quot;&quot;, isApplyToDesiredCapabilities=true }"/>
         <property name="platform" value="Windows 11"/>
      </properties>
      <testcase name="Test Cases/Properties/TCP01 - Open browser" time="4.597" classname="Test Cases/Properties/TCP01 - Open browser" status="PASSED">
         <system-out><![CDATA[04-07-2024T11:50:19 - [TEST_CASE][PASSED] - Test Cases/Properties/TCP01 - Open browser: Test Cases/Properties/TCP01 - Open browser

04-07-2024T11:50:19 - [TEST_STEP][PASSED] - openBrowser(""): Browser is opened with url: ''

04-07-2024T11:50:20 - [MESSAGE][INFO] - Starting 'Chrome' driver

04-07-2024T11:50:20 - [MESSAGE][INFO] - Action delay is set to 0 milliseconds

04-07-2024T11:50:21 - [MESSAGE][PASSED] - Browser is opened with url: ''

04-07-2024T11:50:21 - [TEST_STEP][PASSED] - navigateToUrl("https://katalon-demo-cura.herokuapp.com/"): Navigate to 'https://katalon-demo-cura.herokuapp.com/' successfully

04-07-2024T11:50:24 - [MESSAGE][PASSED] - Navigate to 'https://katalon-demo-cura.herokuapp.com/' successfully]]></system-out>
         <system-err><![CDATA[]]></system-err>
      </testcase>
      <testcase name="Test Cases/Properties/TCP02 - Login" time="3.9" classname="Test Cases/Properties/TCP02 - Login" status="PASSED">
         <system-out><![CDATA[04-07-2024T11:50:24 - [TEST_CASE][PASSED] - Test Cases/Properties/TCP02 - Login: Test Cases/Properties/TCP02 - Login

04-07-2024T11:50:24 - [TEST_STEP][PASSED] - click(findTestObject("1. CURA Test Object (Click, Set, Dropdown)/Make Appointment")): Object: 'Object Repository/1. CURA Test Object (Click, Set, Dropdown)/Make Appointment' is clicked on

04-07-2024T11:50:25 - [MESSAGE][PASSED] - Object: 'Object Repository/1. CURA Test Object (Click, Set, Dropdown)/Make Appointment' is clicked on

04-07-2024T11:50:25 - [TEST_STEP][NOT_RUN] - verifyElementPresent(findTestObject("2. CURA Test Object (Verify parameter)/Login Text"), 0): NOT_RUN: verifyElementPresent(findTestObject("2. CURA Test Object (Verify parameter)/Login Text"), 0)

04-07-2024T11:50:25 - [MESSAGE][NOT_RUN] - NOT_RUN: verifyElementPresent(findTestObject("2. CURA Test Object (Verify parameter)/Login Text"), 0)

04-07-2024T11:50:25 - [TEST_STEP][PASSED] - setText(findTestObject("1. CURA Test Object (Click, Set, Dropdown)/Username"), "John Doe"): Text 'John Doe' is set on object 'Object Repository/1. CURA Test Object (Click, Set, Dropdown)/Username'

04-07-2024T11:50:26 - [MESSAGE][PASSED] - Text 'John Doe' is set on object 'Object Repository/1. CURA Test Object (Click, Set, Dropdown)/Username'

04-07-2024T11:50:26 - [TEST_STEP][PASSED] - setText(findTestObject("1. CURA Test Object (Click, Set, Dropdown)/Password"), "ThisIsNotAPassword"): Text 'ThisIsNotAPassword' is set on object 'Object Repository/1. CURA Test Object (Click, Set, Dropdown)/Password'

04-07-2024T11:50:27 - [MESSAGE][PASSED] - Text 'ThisIsNotAPassword' is set on object 'Object Repository/1. CURA Test Object (Click, Set, Dropdown)/Password'

04-07-2024T11:50:27 - [TEST_STEP][PASSED] - click(findTestObject("1. CURA Test Object (Click, Set, Dropdown)/Login Button")): Object: 'Object Repository/1. CURA Test Object (Click, Set, Dropdown)/Login Button' is clicked on

04-07-2024T11:50:28 - [MESSAGE][PASSED] - Object: 'Object Repository/1. CURA Test Object (Click, Set, Dropdown)/Login Button' is clicked on]]></system-out>
         <system-err><![CDATA[]]></system-err>
      </testcase>
      <testcase name="Test Cases/Properties/TCP03 - Logout" time="2.286" classname="Test Cases/Properties/TCP03 - Logout" status="PASSED">
         <system-out><![CDATA[04-07-2024T11:50:28 - [TEST_CASE][PASSED] - Test Cases/Properties/TCP03 - Logout: Test Cases/Properties/TCP03 - Logout

04-07-2024T11:50:28 - [TEST_STEP][PASSED] - verifyElementText(findTestObject("2. CURA Test Object (Verify parameter)/Make Appointment Text"), "Make Appointment"): Actual text and expected text of test object 'Object Repository/2. CURA Test Object (Verify parameter)/Make Appointment Text' are matched.

04-07-2024T11:50:28 - [MESSAGE][PASSED] - Actual text and expected text of test object 'Object Repository/2. CURA Test Object (Verify parameter)/Make Appointment Text' are matched.

04-07-2024T11:50:28 - [TEST_STEP][PASSED] - click(findTestObject("1. CURA Test Object (Click, Set, Dropdown)/Menu")): Object: 'Object Repository/1. CURA Test Object (Click, Set, Dropdown)/Menu' is clicked on

04-07-2024T11:50:29 - [MESSAGE][PASSED] - Object: 'Object Repository/1. CURA Test Object (Click, Set, Dropdown)/Menu' is clicked on

04-07-2024T11:50:29 - [TEST_STEP][PASSED] - click(findTestObject("1. CURA Test Object (Click, Set, Dropdown)/Logout")): Object: 'Object Repository/1. CURA Test Object (Click, Set, Dropdown)/Logout' is clicked on

04-07-2024T11:50:30 - [MESSAGE][PASSED] - Object: 'Object Repository/1. CURA Test Object (Click, Set, Dropdown)/Logout' is clicked on

04-07-2024T11:50:30 - [TEST_STEP][PASSED] - closeBrowser(): Browser is closed

04-07-2024T11:50:30 - [MESSAGE][PASSED] - Browser is closed]]></system-out>
         <system-err><![CDATA[]]></system-err>
      </testcase>
      <system-out><![CDATA[04-07-2024T11:50:19 - [TEST_SUITE][PASSED] - DTS02 - Object properties: Test Cases/Properties/TCP03 - Logout]]></system-out>
      <system-err><![CDATA[]]></system-err>
   </testsuite>
</testsuites>
