<?xml version="1.0" encoding="UTF-8"?>
<testsuites name="TS05 - Button Check" time="76.748" tests="3" failures="0" errors="0">
   <testsuite name="TS05 - Button Check" tests="3" failures="0" errors="0" time="76.748" skipped="0" timestamp="29-06-2024T13:00:43" hostname="Lenovo - LAPTOP-7QB5JFLU" id="Test Suites/TS05 - Button Check">
      <properties>
         <property name="deviceName" value=""/>
         <property name="devicePlatform"/>
         <property name="logFolder" value="C:\\Users\\Lenovo\\git\\KatalonPractitionerLevel\\Reports\\20240629_130040\\TS05 - Button Check\\20240629_130040"/>
         <property name="logFiles" value="C:\\Users\\Lenovo\\git\\KatalonPractitionerLevel\\Reports\\20240629_130040\\TS05 - Button Check\\20240629_130040\\execution0.log"/>
         <property name="attachments" value=""/>
         <property name="hostName" value="Lenovo - LAPTOP-7QB5JFLU"/>
         <property name="os" value="Windows 11 64bit"/>
         <property name="katalonVersion" value="9.6.0.217"/>
         <property name="browser" value="Chrome 126.0.0.0"/>
         <property name="hostAddress" value="192.168.1.12"/>
         <property name="sessionId" value="2c0359b09a2b34efdea56ec47a79041d"/>
         <property name="seleniumVersion" value="3.141.59"/>
         <property name="proxyInformation" value="ProxyInformation { proxyOption=NO_PROXY, proxyServerType=HTTP, username=, password=********, proxyServerAddress=, proxyServerPort=0, executionList=&quot;&quot;, isApplyToDesiredCapabilities=true }"/>
         <property name="platform" value="Windows 11"/>
      </properties>
      <testcase name="Test Cases/Test Case Properties/TCP01 - Open Browser" time="5.652" classname="Test Cases/Test Case Properties/TCP01 - Open Browser" status="PASSED">
         <system-out><![CDATA[29-06-2024T13:00:44 - [TEST_CASE][PASSED] - Test Cases/Test Case Properties/TCP01 - Open Browser: Test Cases/Test Case Properties/TCP01 - Open Browser

29-06-2024T13:00:44 - [TEST_STEP][PASSED] - openBrowser(""): Browser is opened with url: ''

29-06-2024T13:00:45 - [MESSAGE][INFO] - Starting 'Chrome' driver

29-06-2024T13:00:45 - [MESSAGE][INFO] - Action delay is set to 0 milliseconds

29-06-2024T13:00:46 - [MESSAGE][PASSED] - Browser is opened with url: ''

29-06-2024T13:00:46 - [TEST_STEP][PASSED] - navigateToUrl("https://katalon-demo-cura.herokuapp.com/"): Navigate to 'https://katalon-demo-cura.herokuapp.com/' successfully

29-06-2024T13:00:50 - [MESSAGE][PASSED] - Navigate to 'https://katalon-demo-cura.herokuapp.com/' successfully]]></system-out>
         <system-err><![CDATA[]]></system-err>
      </testcase>
      <testcase name="Test Cases/TC11 - Button Check" time="68.311" classname="Test Cases/TC11 - Button Check" status="PASSED">
         <system-out><![CDATA[29-06-2024T13:00:50 - [TEST_CASE][PASSED] - Test Cases/TC11 - Button Check: Test Cases/TC11 - Button Check

29-06-2024T13:00:50 - [TEST_STEP][PASSED] - verifyElementClickable(findTestObject("Login page/Page_CURA Healthcare Service/a_Make Appointment")): Object 'Object Repository/Login page/Page_CURA Healthcare Service/a_Make Appointment' is clickable

29-06-2024T13:00:50 - [MESSAGE][PASSED] - Object 'Object Repository/Login page/Page_CURA Healthcare Service/a_Make Appointment' is clickable

29-06-2024T13:00:50 - [TEST_STEP][PASSED] - click(findTestObject("Login page/Page_CURA Healthcare Service/a_Make Appointment")): Object: 'Object Repository/Login page/Page_CURA Healthcare Service/a_Make Appointment' is clicked on

29-06-2024T13:00:51 - [MESSAGE][PASSED] - Object: 'Object Repository/Login page/Page_CURA Healthcare Service/a_Make Appointment' is clicked on

29-06-2024T13:00:51 - [TEST_STEP][PASSED] - setText(findTestObject("Login page/Page_CURA Healthcare Service/input_Username_username"), "John Doe"): Text 'John Doe' is set on object 'Object Repository/Login page/Page_CURA Healthcare Service/input_Username_username'

29-06-2024T13:01:22 - [MESSAGE][INFO] - Unable to find the element located by 'By.xpath: John'. Please recheck the objects properties to make sure the desired element is located. 

29-06-2024T13:01:22 - [MESSAGE][WARNING] - [SELF-HEALING] Failed to find element with id 'Object Repository/Login page/Page_CURA Healthcare Service/input_Username_username'. Try using Self-healing.

29-06-2024T13:01:23 - [MESSAGE][WARNING] - [SELF-HEALING] The current locator of test object 'Object Repository/Login page/Page_CURA Healthcare Service/input_Username_username' was broken. Propose an alternative one: '//input[@id='txt-username']'.

29-06-2024T13:01:54 - [MESSAGE][INFO] - Unable to find the element located by 'By.xpath: John'. Please recheck the objects properties to make sure the desired element is located. 

29-06-2024T13:01:54 - [MESSAGE][WARNING] - [SELF-HEALING] Failed to find element with id 'Object Repository/Login page/Page_CURA Healthcare Service/input_Username_username'. Try using Self-healing.

29-06-2024T13:01:54 - [MESSAGE][WARNING] - [SELF-HEALING] The current locator of test object 'Object Repository/Login page/Page_CURA Healthcare Service/input_Username_username' was broken. Propose an alternative one: '//input[@id='txt-username']'.

29-06-2024T13:01:54 - [MESSAGE][PASSED] - Text 'John Doe' is set on object 'Object Repository/Login page/Page_CURA Healthcare Service/input_Username_username'

29-06-2024T13:01:54 - [TEST_STEP][PASSED] - setText(findTestObject("Login page/Page_CURA Healthcare Service/input_Password_password"), "ThisIsNotAPassword"): Text 'ThisIsNotAPassword' is set on object 'Object Repository/Login page/Page_CURA Healthcare Service/input_Password_password'

29-06-2024T13:01:55 - [MESSAGE][PASSED] - Text 'ThisIsNotAPassword' is set on object 'Object Repository/Login page/Page_CURA Healthcare Service/input_Password_password'

29-06-2024T13:01:55 - [TEST_STEP][PASSED] - verifyElementClickable(findTestObject("Login page/Page_CURA Healthcare Service/button_Login")): Object 'Object Repository/Login page/Page_CURA Healthcare Service/button_Login' is clickable

29-06-2024T13:01:55 - [MESSAGE][PASSED] - Object 'Object Repository/Login page/Page_CURA Healthcare Service/button_Login' is clickable

29-06-2024T13:01:55 - [TEST_STEP][PASSED] - click(findTestObject("Login page/Page_CURA Healthcare Service/button_Login")): Object: 'Object Repository/Login page/Page_CURA Healthcare Service/button_Login' is clicked on

29-06-2024T13:01:57 - [MESSAGE][PASSED] - Object: 'Object Repository/Login page/Page_CURA Healthcare Service/button_Login' is clicked on

29-06-2024T13:01:57 - [TEST_STEP][PASSED] - verifyElementClickable(findTestObject("Appointment/Page_CURA Healthcare Service/button_Book Appointment")): Object 'Object Repository/Appointment/Page_CURA Healthcare Service/button_Book Appointment' is clickable

29-06-2024T13:01:58 - [MESSAGE][PASSED] - Object 'Object Repository/Appointment/Page_CURA Healthcare Service/button_Book Appointment' is clickable

29-06-2024T13:01:58 - [TEST_STEP][PASSED] - verifyElementClickable(findTestObject("History check/Page_CURA Healthcare Service/i_CURA Healthcare_fa fa-bars")): Object 'Object Repository/History check/Page_CURA Healthcare Service/i_CURA Healthcare_fa fa-bars' is clickable

29-06-2024T13:01:58 - [MESSAGE][PASSED] - Object 'Object Repository/History check/Page_CURA Healthcare Service/i_CURA Healthcare_fa fa-bars' is clickable]]></system-out>
         <system-err><![CDATA[]]></system-err>
      </testcase>
      <testcase name="Test Cases/Test Case Properties/TCP03 - Logout" time="2.244" classname="Test Cases/Test Case Properties/TCP03 - Logout" status="PASSED">
         <system-out><![CDATA[29-06-2024T13:01:58 - [TEST_CASE][PASSED] - Test Cases/Test Case Properties/TCP03 - Logout: Test Cases/Test Case Properties/TCP03 - Logout

29-06-2024T13:01:58 - [TEST_STEP][PASSED] - verifyElementText(findTestObject("Appointment/Page_CURA Healthcare Service/h2_Make Appointment"), "Make Appointment"): Actual text and expected text of test object 'Object Repository/Appointment/Page_CURA Healthcare Service/h2_Make Appointment' are matched.

29-06-2024T13:01:58 - [MESSAGE][PASSED] - Actual text and expected text of test object 'Object Repository/Appointment/Page_CURA Healthcare Service/h2_Make Appointment' are matched.

29-06-2024T13:01:58 - [TEST_STEP][PASSED] - click(findTestObject("History check/Page_CURA Healthcare Service/i_CURA Healthcare_fa fa-bars")): Object: 'Object Repository/History check/Page_CURA Healthcare Service/i_CURA Healthcare_fa fa-bars' is clicked on

29-06-2024T13:01:59 - [MESSAGE][PASSED] - Object: 'Object Repository/History check/Page_CURA Healthcare Service/i_CURA Healthcare_fa fa-bars' is clicked on

29-06-2024T13:01:59 - [TEST_STEP][PASSED] - click(findTestObject("Log out/Page_CURA Healthcare Service/a_Logout")): Object: 'Object Repository/Log out/Page_CURA Healthcare Service/a_Logout' is clicked on

29-06-2024T13:02:00 - [MESSAGE][PASSED] - Object: 'Object Repository/Log out/Page_CURA Healthcare Service/a_Logout' is clicked on

29-06-2024T13:02:00 - [TEST_STEP][PASSED] - closeBrowser(): Browser is closed

29-06-2024T13:02:00 - [MESSAGE][PASSED] - Browser is closed]]></system-out>
         <system-err><![CDATA[]]></system-err>
      </testcase>
      <system-out><![CDATA[29-06-2024T13:00:43 - [TEST_SUITE][PASSED] - TS05 - Button Check: Test Cases/Test Case Properties/TCP03 - Logout]]></system-out>
      <system-err><![CDATA[]]></system-err>
   </testsuite>
</testsuites>
