<?xml version="1.0" encoding="UTF-8"?>
<testsuites name="TS09 - Login using data driven" time="63.168" tests="7" failures="0" errors="0">
   <testsuite name="TS09 - Login using data driven" tests="7" failures="0" errors="0" time="63.168" skipped="0" timestamp="03-07-2024T15:40:19" hostname="Lenovo - LAPTOP-7QB5JFLU" id="Test Suites/TS09 - Login using data driven">
      <properties>
         <property name="deviceName" value=""/>
         <property name="devicePlatform"/>
         <property name="logFolder" value="C:\\Users\\Lenovo\\git\\KatalonPractitionerLevel\\Reports\\20240703_154015\\TS09 - Login using data driven\\20240703_154015"/>
         <property name="logFiles" value="C:\\Users\\Lenovo\\git\\KatalonPractitionerLevel\\Reports\\20240703_154015\\TS09 - Login using data driven\\20240703_154015\\execution0.log"/>
         <property name="attachments" value=""/>
         <property name="hostName" value="Lenovo - LAPTOP-7QB5JFLU"/>
         <property name="os" value="Windows 11 64bit"/>
         <property name="katalonVersion" value="9.6.0.217"/>
         <property name="browser" value="Chrome 126.0.0.0"/>
         <property name="hostAddress" value="192.168.1.12"/>
         <property name="sessionId" value="c14b214c217fe03cf4e1934097bfe2cb"/>
         <property name="seleniumVersion" value="3.141.59"/>
         <property name="proxyInformation" value="ProxyInformation { proxyOption=NO_PROXY, proxyServerType=HTTP, username=, password=********, proxyServerAddress=, proxyServerPort=0, executionList=&quot;&quot;, isApplyToDesiredCapabilities=true }"/>
         <property name="platform" value="Windows 11"/>
      </properties>
      <testcase name="Test Cases/Test Case Properties/TCP01 - Open browser" time="5.14" classname="Test Cases/Test Case Properties/TCP01 - Open browser" status="PASSED">
         <system-out><![CDATA[03-07-2024T15:40:19 - [TEST_CASE][PASSED] - Test Cases/Test Case Properties/TCP01 - Open browser: Test Cases/Test Case Properties/TCP01 - Open browser

03-07-2024T15:40:19 - [TEST_STEP][PASSED] - openBrowser(""): Browser is opened with url: ''

03-07-2024T15:40:20 - [MESSAGE][INFO] - Starting 'Chrome' driver

03-07-2024T15:40:20 - [MESSAGE][INFO] - Action delay is set to 0 milliseconds

03-07-2024T15:40:21 - [MESSAGE][PASSED] - Browser is opened with url: ''

03-07-2024T15:40:21 - [TEST_STEP][PASSED] - navigateToUrl("https://katalon-demo-cura.herokuapp.com/"): Navigate to 'https://katalon-demo-cura.herokuapp.com/' successfully

03-07-2024T15:40:24 - [MESSAGE][PASSED] - Navigate to 'https://katalon-demo-cura.herokuapp.com/' successfully]]></system-out>
         <system-err><![CDATA[]]></system-err>
      </testcase>
      <testcase name="Test Cases/TC17 - Login using data driven" time="5.745" classname="Test Cases/TC17 - Login using data driven" status="PASSED">
         <system-out><![CDATA[03-07-2024T15:40:24 - [TEST_CASE][PASSED] - Test Cases/TC17 - Login using data driven: Test Cases/TC17 - Login using data driven

03-07-2024T15:40:24 - [TEST_STEP][PASSED] - click(findTestObject("1. CURA Test Object (Click, Set, Dropdown)/Make Appointment")): Object: 'Object Repository/1. CURA Test Object (Click, Set, Dropdown)/Make Appointment' is clicked on

03-07-2024T15:40:25 - [MESSAGE][PASSED] - Object: 'Object Repository/1. CURA Test Object (Click, Set, Dropdown)/Make Appointment' is clicked on

03-07-2024T15:40:25 - [TEST_STEP][PASSED] - loginParameter = "varibleLogin": null

03-07-2024T15:40:25 - [TEST_STEP][PASSED] - username = getAttribute(findTestObject("1. CURA Test Object (Click, Set, Dropdown)/Username"), Username): Attribute 'John' of object 'Object Repository/1. CURA Test Object (Click, Set, Dropdown)/Username' is: 'null'

03-07-2024T15:40:26 - [MESSAGE][PASSED] - Attribute 'John' of object 'Object Repository/1. CURA Test Object (Click, Set, Dropdown)/Username' is: 'null'

03-07-2024T15:40:26 - [TEST_STEP][PASSED] - password = getAttribute(findTestObject("1. CURA Test Object (Click, Set, Dropdown)/Password"), Password): Attribute '' of object 'Object Repository/1. CURA Test Object (Click, Set, Dropdown)/Password' is: 'null'

03-07-2024T15:40:26 - [MESSAGE][PASSED] - Attribute '' of object 'Object Repository/1. CURA Test Object (Click, Set, Dropdown)/Password' is: 'null'

03-07-2024T15:40:26 - [TEST_STEP][PASSED] - setText(findTestObject("1. CURA Test Object (Click, Set, Dropdown)/Username"), Username): Text 'John' is set on object 'Object Repository/1. CURA Test Object (Click, Set, Dropdown)/Username'

03-07-2024T15:40:27 - [MESSAGE][PASSED] - Text 'John' is set on object 'Object Repository/1. CURA Test Object (Click, Set, Dropdown)/Username'

03-07-2024T15:40:27 - [TEST_STEP][PASSED] - setText(findTestObject("1. CURA Test Object (Click, Set, Dropdown)/Password"), Password): Text '' is set on object 'Object Repository/1. CURA Test Object (Click, Set, Dropdown)/Password'

03-07-2024T15:40:28 - [MESSAGE][PASSED] - Text '' is set on object 'Object Repository/1. CURA Test Object (Click, Set, Dropdown)/Password'

03-07-2024T15:40:28 - [TEST_STEP][PASSED] - click(findTestObject("1. CURA Test Object (Click, Set, Dropdown)/Login Button")): Object: 'Object Repository/1. CURA Test Object (Click, Set, Dropdown)/Login Button' is clicked on

03-07-2024T15:40:29 - [MESSAGE][PASSED] - Object: 'Object Repository/1. CURA Test Object (Click, Set, Dropdown)/Login Button' is clicked on

03-07-2024T15:40:29 - [TEST_STEP][PASSED] - if (username == "John Doe" && password == "ThisIsNotAPassword"): null

03-07-2024T15:40:29 - [TEST_STEP][PASSED] - else: Object 'Object Repository/7. Failed Login/Page_CURA Healthcare Service/p_Login failed Please ensure the username a_eb55b5' is visible

03-07-2024T15:40:29 - [TEST_STEP][PASSED] - verifyElementVisible(findTestObject("Object Repository/7. Failed Login/Page_CURA Healthcare Service/p_Login failed Please ensure the username a_eb55b5")): Object 'Object Repository/7. Failed Login/Page_CURA Healthcare Service/p_Login failed Please ensure the username a_eb55b5' is visible

03-07-2024T15:40:30 - [MESSAGE][PASSED] - Object 'Object Repository/7. Failed Login/Page_CURA Healthcare Service/p_Login failed Please ensure the username a_eb55b5' is visible]]></system-out>
         <system-err><![CDATA[]]></system-err>
      </testcase>
      <testcase name="Test Cases/TC17 - Login using data driven" time="3.636" classname="Test Cases/TC17 - Login using data driven" status="PASSED">
         <system-out><![CDATA[03-07-2024T15:40:30 - [TEST_CASE][PASSED] - Test Cases/TC17 - Login using data driven: Test Cases/TC17 - Login using data driven

03-07-2024T15:40:30 - [TEST_STEP][PASSED] - click(findTestObject("1. CURA Test Object (Click, Set, Dropdown)/Make Appointment")): Object: 'Object Repository/1. CURA Test Object (Click, Set, Dropdown)/Make Appointment' is clicked on

03-07-2024T15:40:31 - [MESSAGE][PASSED] - Object: 'Object Repository/1. CURA Test Object (Click, Set, Dropdown)/Make Appointment' is clicked on

03-07-2024T15:40:31 - [TEST_STEP][PASSED] - loginParameter = "varibleLogin": null

03-07-2024T15:40:31 - [TEST_STEP][PASSED] - username = getAttribute(findTestObject("1. CURA Test Object (Click, Set, Dropdown)/Username"), Username): Attribute 'John Doe' of object 'Object Repository/1. CURA Test Object (Click, Set, Dropdown)/Username' is: 'null'

03-07-2024T15:40:31 - [MESSAGE][PASSED] - Attribute 'John Doe' of object 'Object Repository/1. CURA Test Object (Click, Set, Dropdown)/Username' is: 'null'

03-07-2024T15:40:31 - [TEST_STEP][PASSED] - password = getAttribute(findTestObject("1. CURA Test Object (Click, Set, Dropdown)/Password"), Password): Attribute 'This' of object 'Object Repository/1. CURA Test Object (Click, Set, Dropdown)/Password' is: 'null'

03-07-2024T15:40:31 - [MESSAGE][PASSED] - Attribute 'This' of object 'Object Repository/1. CURA Test Object (Click, Set, Dropdown)/Password' is: 'null'

03-07-2024T15:40:31 - [TEST_STEP][PASSED] - setText(findTestObject("1. CURA Test Object (Click, Set, Dropdown)/Username"), Username): Text 'John Doe' is set on object 'Object Repository/1. CURA Test Object (Click, Set, Dropdown)/Username'

03-07-2024T15:40:32 - [MESSAGE][PASSED] - Text 'John Doe' is set on object 'Object Repository/1. CURA Test Object (Click, Set, Dropdown)/Username'

03-07-2024T15:40:32 - [TEST_STEP][PASSED] - setText(findTestObject("1. CURA Test Object (Click, Set, Dropdown)/Password"), Password): Text 'This' is set on object 'Object Repository/1. CURA Test Object (Click, Set, Dropdown)/Password'

03-07-2024T15:40:32 - [MESSAGE][PASSED] - Text 'This' is set on object 'Object Repository/1. CURA Test Object (Click, Set, Dropdown)/Password'

03-07-2024T15:40:32 - [TEST_STEP][PASSED] - click(findTestObject("1. CURA Test Object (Click, Set, Dropdown)/Login Button")): Object: 'Object Repository/1. CURA Test Object (Click, Set, Dropdown)/Login Button' is clicked on

03-07-2024T15:40:33 - [MESSAGE][PASSED] - Object: 'Object Repository/1. CURA Test Object (Click, Set, Dropdown)/Login Button' is clicked on

03-07-2024T15:40:33 - [TEST_STEP][PASSED] - if (username == "John Doe" && password == "ThisIsNotAPassword"): null

03-07-2024T15:40:33 - [TEST_STEP][PASSED] - else: Object 'Object Repository/7. Failed Login/Page_CURA Healthcare Service/p_Login failed Please ensure the username a_eb55b5' is visible

03-07-2024T15:40:33 - [TEST_STEP][PASSED] - verifyElementVisible(findTestObject("Object Repository/7. Failed Login/Page_CURA Healthcare Service/p_Login failed Please ensure the username a_eb55b5")): Object 'Object Repository/7. Failed Login/Page_CURA Healthcare Service/p_Login failed Please ensure the username a_eb55b5' is visible

03-07-2024T15:40:34 - [MESSAGE][PASSED] - Object 'Object Repository/7. Failed Login/Page_CURA Healthcare Service/p_Login failed Please ensure the username a_eb55b5' is visible]]></system-out>
         <system-err><![CDATA[]]></system-err>
      </testcase>
      <testcase name="Test Cases/TC17 - Login using data driven" time="3.963" classname="Test Cases/TC17 - Login using data driven" status="PASSED">
         <system-out><![CDATA[03-07-2024T15:40:34 - [TEST_CASE][PASSED] - Test Cases/TC17 - Login using data driven: Test Cases/TC17 - Login using data driven

03-07-2024T15:40:34 - [TEST_STEP][PASSED] - click(findTestObject("1. CURA Test Object (Click, Set, Dropdown)/Make Appointment")): Object: 'Object Repository/1. CURA Test Object (Click, Set, Dropdown)/Make Appointment' is clicked on

03-07-2024T15:40:34 - [MESSAGE][PASSED] - Object: 'Object Repository/1. CURA Test Object (Click, Set, Dropdown)/Make Appointment' is clicked on

03-07-2024T15:40:34 - [TEST_STEP][PASSED] - loginParameter = "varibleLogin": null

03-07-2024T15:40:34 - [TEST_STEP][PASSED] - username = getAttribute(findTestObject("1. CURA Test Object (Click, Set, Dropdown)/Username"), Username): Attribute '' of object 'Object Repository/1. CURA Test Object (Click, Set, Dropdown)/Username' is: 'null'

03-07-2024T15:40:34 - [MESSAGE][PASSED] - Attribute '' of object 'Object Repository/1. CURA Test Object (Click, Set, Dropdown)/Username' is: 'null'

03-07-2024T15:40:34 - [TEST_STEP][PASSED] - password = getAttribute(findTestObject("1. CURA Test Object (Click, Set, Dropdown)/Password"), Password): Attribute 'ThisIsNotAPassword' of object 'Object Repository/1. CURA Test Object (Click, Set, Dropdown)/Password' is: 'null'

03-07-2024T15:40:35 - [MESSAGE][PASSED] - Attribute 'ThisIsNotAPassword' of object 'Object Repository/1. CURA Test Object (Click, Set, Dropdown)/Password' is: 'null'

03-07-2024T15:40:35 - [TEST_STEP][PASSED] - setText(findTestObject("1. CURA Test Object (Click, Set, Dropdown)/Username"), Username): Text '' is set on object 'Object Repository/1. CURA Test Object (Click, Set, Dropdown)/Username'

03-07-2024T15:40:35 - [MESSAGE][PASSED] - Text '' is set on object 'Object Repository/1. CURA Test Object (Click, Set, Dropdown)/Username'

03-07-2024T15:40:35 - [TEST_STEP][PASSED] - setText(findTestObject("1. CURA Test Object (Click, Set, Dropdown)/Password"), Password): Text 'ThisIsNotAPassword' is set on object 'Object Repository/1. CURA Test Object (Click, Set, Dropdown)/Password'

03-07-2024T15:40:36 - [MESSAGE][PASSED] - Text 'ThisIsNotAPassword' is set on object 'Object Repository/1. CURA Test Object (Click, Set, Dropdown)/Password'

03-07-2024T15:40:36 - [TEST_STEP][PASSED] - click(findTestObject("1. CURA Test Object (Click, Set, Dropdown)/Login Button")): Object: 'Object Repository/1. CURA Test Object (Click, Set, Dropdown)/Login Button' is clicked on

03-07-2024T15:40:37 - [MESSAGE][PASSED] - Object: 'Object Repository/1. CURA Test Object (Click, Set, Dropdown)/Login Button' is clicked on

03-07-2024T15:40:37 - [TEST_STEP][PASSED] - if (username == "John Doe" && password == "ThisIsNotAPassword"): null

03-07-2024T15:40:37 - [TEST_STEP][PASSED] - else: Object 'Object Repository/7. Failed Login/Page_CURA Healthcare Service/p_Login failed Please ensure the username a_eb55b5' is visible

03-07-2024T15:40:37 - [TEST_STEP][PASSED] - verifyElementVisible(findTestObject("Object Repository/7. Failed Login/Page_CURA Healthcare Service/p_Login failed Please ensure the username a_eb55b5")): Object 'Object Repository/7. Failed Login/Page_CURA Healthcare Service/p_Login failed Please ensure the username a_eb55b5' is visible

03-07-2024T15:40:38 - [MESSAGE][PASSED] - Object 'Object Repository/7. Failed Login/Page_CURA Healthcare Service/p_Login failed Please ensure the username a_eb55b5' is visible]]></system-out>
         <system-err><![CDATA[]]></system-err>
      </testcase>
      <testcase name="Test Cases/TC17 - Login using data driven" time="4.562" classname="Test Cases/TC17 - Login using data driven" status="PASSED">
         <system-out><![CDATA[03-07-2024T15:40:38 - [TEST_CASE][PASSED] - Test Cases/TC17 - Login using data driven: Test Cases/TC17 - Login using data driven

03-07-2024T15:40:38 - [TEST_STEP][PASSED] - click(findTestObject("1. CURA Test Object (Click, Set, Dropdown)/Make Appointment")): Object: 'Object Repository/1. CURA Test Object (Click, Set, Dropdown)/Make Appointment' is clicked on

03-07-2024T15:40:38 - [MESSAGE][PASSED] - Object: 'Object Repository/1. CURA Test Object (Click, Set, Dropdown)/Make Appointment' is clicked on

03-07-2024T15:40:38 - [TEST_STEP][PASSED] - loginParameter = "varibleLogin": null

03-07-2024T15:40:38 - [TEST_STEP][PASSED] - username = getAttribute(findTestObject("1. CURA Test Object (Click, Set, Dropdown)/Username"), Username): Attribute 'John' of object 'Object Repository/1. CURA Test Object (Click, Set, Dropdown)/Username' is: 'null'

03-07-2024T15:40:38 - [MESSAGE][PASSED] - Attribute 'John' of object 'Object Repository/1. CURA Test Object (Click, Set, Dropdown)/Username' is: 'null'

03-07-2024T15:40:38 - [TEST_STEP][PASSED] - password = getAttribute(findTestObject("1. CURA Test Object (Click, Set, Dropdown)/Password"), Password): Attribute 'ThisIs' of object 'Object Repository/1. CURA Test Object (Click, Set, Dropdown)/Password' is: 'null'

03-07-2024T15:40:39 - [MESSAGE][PASSED] - Attribute 'ThisIs' of object 'Object Repository/1. CURA Test Object (Click, Set, Dropdown)/Password' is: 'null'

03-07-2024T15:40:39 - [TEST_STEP][PASSED] - setText(findTestObject("1. CURA Test Object (Click, Set, Dropdown)/Username"), Username): Text 'John' is set on object 'Object Repository/1. CURA Test Object (Click, Set, Dropdown)/Username'

03-07-2024T15:40:40 - [MESSAGE][PASSED] - Text 'John' is set on object 'Object Repository/1. CURA Test Object (Click, Set, Dropdown)/Username'

03-07-2024T15:40:40 - [TEST_STEP][PASSED] - setText(findTestObject("1. CURA Test Object (Click, Set, Dropdown)/Password"), Password): Text 'ThisIs' is set on object 'Object Repository/1. CURA Test Object (Click, Set, Dropdown)/Password'

03-07-2024T15:40:41 - [MESSAGE][PASSED] - Text 'ThisIs' is set on object 'Object Repository/1. CURA Test Object (Click, Set, Dropdown)/Password'

03-07-2024T15:40:41 - [TEST_STEP][PASSED] - click(findTestObject("1. CURA Test Object (Click, Set, Dropdown)/Login Button")): Object: 'Object Repository/1. CURA Test Object (Click, Set, Dropdown)/Login Button' is clicked on

03-07-2024T15:40:42 - [MESSAGE][PASSED] - Object: 'Object Repository/1. CURA Test Object (Click, Set, Dropdown)/Login Button' is clicked on

03-07-2024T15:40:42 - [TEST_STEP][PASSED] - if (username == "John Doe" && password == "ThisIsNotAPassword"): null

03-07-2024T15:40:42 - [TEST_STEP][PASSED] - else: Object 'Object Repository/7. Failed Login/Page_CURA Healthcare Service/p_Login failed Please ensure the username a_eb55b5' is visible

03-07-2024T15:40:42 - [TEST_STEP][PASSED] - verifyElementVisible(findTestObject("Object Repository/7. Failed Login/Page_CURA Healthcare Service/p_Login failed Please ensure the username a_eb55b5")): Object 'Object Repository/7. Failed Login/Page_CURA Healthcare Service/p_Login failed Please ensure the username a_eb55b5' is visible

03-07-2024T15:40:42 - [MESSAGE][PASSED] - Object 'Object Repository/7. Failed Login/Page_CURA Healthcare Service/p_Login failed Please ensure the username a_eb55b5' is visible]]></system-out>
         <system-err><![CDATA[]]></system-err>
      </testcase>
      <testcase name="Test Cases/TC17 - Login using data driven" time="36.579" classname="Test Cases/TC17 - Login using data driven" status="PASSED">
         <system-out><![CDATA[03-07-2024T15:40:42 - [TEST_CASE][PASSED] - Test Cases/TC17 - Login using data driven: Test Cases/TC17 - Login using data driven

03-07-2024T15:40:42 - [TEST_STEP][PASSED] - click(findTestObject("1. CURA Test Object (Click, Set, Dropdown)/Make Appointment")): Object: 'Object Repository/1. CURA Test Object (Click, Set, Dropdown)/Make Appointment' is clicked on

03-07-2024T15:40:43 - [MESSAGE][PASSED] - Object: 'Object Repository/1. CURA Test Object (Click, Set, Dropdown)/Make Appointment' is clicked on

03-07-2024T15:40:43 - [TEST_STEP][PASSED] - loginParameter = "varibleLogin": null

03-07-2024T15:40:43 - [TEST_STEP][PASSED] - username = getAttribute(findTestObject("1. CURA Test Object (Click, Set, Dropdown)/Username"), Username): Attribute 'John Doe' of object 'Object Repository/1. CURA Test Object (Click, Set, Dropdown)/Username' is: 'null'

03-07-2024T15:40:44 - [MESSAGE][PASSED] - Attribute 'John Doe' of object 'Object Repository/1. CURA Test Object (Click, Set, Dropdown)/Username' is: 'null'

03-07-2024T15:40:44 - [TEST_STEP][PASSED] - password = getAttribute(findTestObject("1. CURA Test Object (Click, Set, Dropdown)/Password"), Password): Attribute 'ThisIsNotAPassword' of object 'Object Repository/1. CURA Test Object (Click, Set, Dropdown)/Password' is: 'null'

03-07-2024T15:40:44 - [MESSAGE][PASSED] - Attribute 'ThisIsNotAPassword' of object 'Object Repository/1. CURA Test Object (Click, Set, Dropdown)/Password' is: 'null'

03-07-2024T15:40:44 - [TEST_STEP][PASSED] - setText(findTestObject("1. CURA Test Object (Click, Set, Dropdown)/Username"), Username): Text 'John Doe' is set on object 'Object Repository/1. CURA Test Object (Click, Set, Dropdown)/Username'

03-07-2024T15:40:45 - [MESSAGE][PASSED] - Text 'John Doe' is set on object 'Object Repository/1. CURA Test Object (Click, Set, Dropdown)/Username'

03-07-2024T15:40:45 - [TEST_STEP][PASSED] - setText(findTestObject("1. CURA Test Object (Click, Set, Dropdown)/Password"), Password): Text 'ThisIsNotAPassword' is set on object 'Object Repository/1. CURA Test Object (Click, Set, Dropdown)/Password'

03-07-2024T15:40:46 - [MESSAGE][PASSED] - Text 'ThisIsNotAPassword' is set on object 'Object Repository/1. CURA Test Object (Click, Set, Dropdown)/Password'

03-07-2024T15:40:46 - [TEST_STEP][PASSED] - click(findTestObject("1. CURA Test Object (Click, Set, Dropdown)/Login Button")): Object: 'Object Repository/1. CURA Test Object (Click, Set, Dropdown)/Login Button' is clicked on

03-07-2024T15:40:47 - [MESSAGE][PASSED] - Object: 'Object Repository/1. CURA Test Object (Click, Set, Dropdown)/Login Button' is clicked on

03-07-2024T15:40:47 - [TEST_STEP][PASSED] - if (username == "John Doe" && password == "ThisIsNotAPassword"): null

03-07-2024T15:40:47 - [TEST_STEP][PASSED] - else: Object 'Object Repository/7. Failed Login/Page_CURA Healthcare Service/p_Login failed Please ensure the username a_eb55b5' is visible

03-07-2024T15:40:47 - [TEST_STEP][PASSED] - verifyElementVisible(findTestObject("Object Repository/7. Failed Login/Page_CURA Healthcare Service/p_Login failed Please ensure the username a_eb55b5")): Object 'Object Repository/7. Failed Login/Page_CURA Healthcare Service/p_Login failed Please ensure the username a_eb55b5' is visible

03-07-2024T15:41:18 - [MESSAGE][INFO] - Unable to find the element located by 'By.xpath: //section[@id='login']/div/div/div/p[2]'. Please recheck the objects properties to make sure the desired element is located. 

03-07-2024T15:41:18 - [MESSAGE][WARNING] - [SELF-HEALING] Failed to find element with id 'Object Repository/7. Failed Login/Page_CURA Healthcare Service/p_Login failed Please ensure the username a_eb55b5'. Try using Self-healing.

03-07-2024T15:41:19 - [MESSAGE][WARNING] - [SELF-HEALING] The current locator of test object 'Object Repository/7. Failed Login/Page_CURA Healthcare Service/p_Login failed Please ensure the username a_eb55b5' was broken. Propose an alternative one: '(.//*[normalize-space(text()) and normalize-space(.)='Make Appointment'])[1]/following::p[2]'.

03-07-2024T15:41:19 - [MESSAGE][PASSED] - Object 'Object Repository/7. Failed Login/Page_CURA Healthcare Service/p_Login failed Please ensure the username a_eb55b5' is visible]]></system-out>
         <system-err><![CDATA[]]></system-err>
      </testcase>
      <testcase name="Test Cases/Test Case Properties/TCP03 - Logout" time="3.286" classname="Test Cases/Test Case Properties/TCP03 - Logout" status="PASSED">
         <system-out><![CDATA[03-07-2024T15:41:19 - [TEST_CASE][PASSED] - Test Cases/Test Case Properties/TCP03 - Logout: Test Cases/Test Case Properties/TCP03 - Logout

03-07-2024T15:41:19 - [TEST_STEP][PASSED] - verifyElementText(findTestObject("2. CURA Test Object (Verify parameter)/Make Appointment Text"), "Make Appointment"): Actual text and expected text of test object 'Object Repository/2. CURA Test Object (Verify parameter)/Make Appointment Text' are matched.

03-07-2024T15:41:20 - [MESSAGE][PASSED] - Actual text and expected text of test object 'Object Repository/2. CURA Test Object (Verify parameter)/Make Appointment Text' are matched.

03-07-2024T15:41:20 - [TEST_STEP][PASSED] - click(findTestObject("1. CURA Test Object (Click, Set, Dropdown)/Menu")): Object: 'Object Repository/1. CURA Test Object (Click, Set, Dropdown)/Menu' is clicked on

03-07-2024T15:41:20 - [MESSAGE][PASSED] - Object: 'Object Repository/1. CURA Test Object (Click, Set, Dropdown)/Menu' is clicked on

03-07-2024T15:41:20 - [TEST_STEP][PASSED] - click(findTestObject("1. CURA Test Object (Click, Set, Dropdown)/Logout")): Object: 'Object Repository/1. CURA Test Object (Click, Set, Dropdown)/Logout' is clicked on

03-07-2024T15:41:22 - [MESSAGE][PASSED] - Object: 'Object Repository/1. CURA Test Object (Click, Set, Dropdown)/Logout' is clicked on

03-07-2024T15:41:22 - [TEST_STEP][PASSED] - closeBrowser(): Browser is closed

03-07-2024T15:41:22 - [MESSAGE][PASSED] - Browser is closed]]></system-out>
         <system-err><![CDATA[]]></system-err>
      </testcase>
      <system-out><![CDATA[03-07-2024T15:40:19 - [TEST_SUITE][PASSED] - TS09 - Login using data driven: Test Cases/Test Case Properties/TCP03 - Logout]]></system-out>
      <system-err><![CDATA[]]></system-err>
   </testsuite>
</testsuites>
