<?xml version="1.0" encoding="UTF-8"?>
<testsuites name="TS02 - Appointment check" time="64.523" tests="4" failures="0" errors="0">
   <testsuite name="TS02 - Appointment check" tests="4" failures="0" errors="0" time="64.523" skipped="0" timestamp="29-06-2024T12:44:15" hostname="Lenovo - LAPTOP-7QB5JFLU" id="Test Suites/TS02 - Appointment check">
      <properties>
         <property name="deviceName" value=""/>
         <property name="devicePlatform"/>
         <property name="logFolder" value="C:\\Users\\Lenovo\\git\\KatalonPractitionerLevel\\Reports\\20240629_124006\\TS02 - Appointment check\\20240629_124009"/>
         <property name="logFiles" value="C:\\Users\\Lenovo\\git\\KatalonPractitionerLevel\\Reports\\20240629_124006\\TS02 - Appointment check\\20240629_124009\\execution0.log"/>
         <property name="attachments" value="keyes\keyes-CURA Homepage.png, keyes\keyes-Tokyo Appointment Confirmation.png, keyes\keyes-Hongkong Appointment Confirmation.png, keyes\keyes-History Hongkong Appointment.png"/>
         <property name="hostName" value="Lenovo - LAPTOP-7QB5JFLU"/>
         <property name="os" value="Windows 11 64bit"/>
         <property name="katalonVersion" value="9.6.0.217"/>
         <property name="browser" value="Chrome 126.0.0.0"/>
         <property name="hostAddress" value="192.168.1.12"/>
         <property name="sessionId" value="e20b879be9a17da75c10c672ae83229d"/>
         <property name="seleniumVersion" value="3.141.59"/>
         <property name="proxyInformation" value="ProxyInformation { proxyOption=NO_PROXY, proxyServerType=HTTP, username=, password=********, proxyServerAddress=, proxyServerPort=0, executionList=&quot;&quot;, isApplyToDesiredCapabilities=true }"/>
         <property name="platform" value="Windows 11"/>
      </properties>
      <testcase name="Test Cases/TC01 - Verify Home Page of CURA" time="10.915" classname="Test Cases/TC01 - Verify Home Page of CURA" status="PASSED">
         <system-out><![CDATA[29-06-2024T12:44:15 - [TEST_CASE][PASSED] - Test Cases/TC01 - Verify Home Page of CURA: Test Cases/TC01 - Verify Home Page of CURA

29-06-2024T12:44:16 - [TEST_STEP][PASSED] - openBrowser(""): Browser is opened with url: ''

29-06-2024T12:44:16 - [MESSAGE][INFO] - Starting 'Chrome' driver

29-06-2024T12:44:16 - [MESSAGE][INFO] - Action delay is set to 0 milliseconds

29-06-2024T12:44:18 - [MESSAGE][PASSED] - Browser is opened with url: ''

29-06-2024T12:44:18 - [TEST_STEP][PASSED] - navigateToUrl("https://katalon-demo-cura.herokuapp.com/"): Navigate to 'https://katalon-demo-cura.herokuapp.com/' successfully

29-06-2024T12:44:20 - [MESSAGE][PASSED] - Navigate to 'https://katalon-demo-cura.herokuapp.com/' successfully

29-06-2024T12:44:21 - [TEST_STEP][PASSED] - takeScreenshotAsCheckpoint("CURA Homepage"): Taking screenshot successfully

29-06-2024T12:44:22 - [MESSAGE][INFO] - 0 hidden object(s)

29-06-2024T12:44:22 - [MESSAGE][PASSED] - Taking screenshot successfully
[[ATTACHMENT|keyes\keyes-CURA Homepage.png]]

29-06-2024T12:44:22 - [TEST_STEP][PASSED] - verifyElementText(findTestObject("Object Repository/Homepage of CURA/Page_CURA Healthcare Service/h1_CURA Healthcare Service"), "CURA Healthcare Service"): Actual text and expected text of test object 'Object Repository/Homepage of CURA/Page_CURA Healthcare Service/h1_CURA Healthcare Service' are matched.

29-06-2024T12:44:22 - [MESSAGE][PASSED] - Actual text and expected text of test object 'Object Repository/Homepage of CURA/Page_CURA Healthcare Service/h1_CURA Healthcare Service' are matched.

29-06-2024T12:44:22 - [TEST_STEP][PASSED] - verifyElementText(findTestObject("Object Repository/Homepage of CURA/Page_CURA Healthcare Service/h3_We Care About Your Health"), "We Care About Your Health"): Actual text and expected text of test object 'Object Repository/Homepage of CURA/Page_CURA Healthcare Service/h3_We Care About Your Health' are matched.

29-06-2024T12:44:22 - [MESSAGE][PASSED] - Actual text and expected text of test object 'Object Repository/Homepage of CURA/Page_CURA Healthcare Service/h3_We Care About Your Health' are matched.

29-06-2024T12:44:22 - [TEST_STEP][PASSED] - verifyElementText(findTestObject("Object Repository/Homepage of CURA/Page_CURA Healthcare Service/strong_CURA Healthcare Service"), "CURA Healthcare Service"): Actual text and expected text of test object 'Object Repository/Homepage of CURA/Page_CURA Healthcare Service/strong_CURA Healthcare Service' are matched.

29-06-2024T12:44:23 - [MESSAGE][PASSED] - Actual text and expected text of test object 'Object Repository/Homepage of CURA/Page_CURA Healthcare Service/strong_CURA Healthcare Service' are matched.

29-06-2024T12:44:23 - [TEST_STEP][PASSED] - ExpectedValue = "Atlanta 550 Pharr Road NE Suite 525
Atlanta, GA 30305": null

29-06-2024T12:44:23 - [TEST_STEP][PASSED] - verifyElementText(findTestObject("Object Repository/Homepage of CURA/Page_CURA Healthcare Service/p_Atlanta 550 Pharr Road NE Suite 525Atlant_8f4c85"), ExpectedValue): Actual text and expected text of test object 'Object Repository/Homepage of CURA/Page_CURA Healthcare Service/p_Atlanta 550 Pharr Road NE Suite 525Atlant_8f4c85' are matched.

29-06-2024T12:44:23 - [MESSAGE][PASSED] - Actual text and expected text of test object 'Object Repository/Homepage of CURA/Page_CURA Healthcare Service/p_Atlanta 550 Pharr Road NE Suite 525Atlant_8f4c85' are matched.

29-06-2024T12:44:23 - [TEST_STEP][PASSED] - verifyElementText(findTestObject("Object Repository/Homepage of CURA/Page_CURA Healthcare Service/li_(678) 813-1KMS"), "(678) 813-1KMS"): Actual text and expected text of test object 'Object Repository/Homepage of CURA/Page_CURA Healthcare Service/li_(678) 813-1KMS' are matched.

29-06-2024T12:44:23 - [MESSAGE][PASSED] - Actual text and expected text of test object 'Object Repository/Homepage of CURA/Page_CURA Healthcare Service/li_(678) 813-1KMS' are matched.

29-06-2024T12:44:23 - [TEST_STEP][PASSED] - verifyElementText(findTestObject("Object Repository/Homepage of CURA/Page_CURA Healthcare Service/li_infokatalon.com"), "info@katalon.com"): Actual text and expected text of test object 'Object Repository/Homepage of CURA/Page_CURA Healthcare Service/li_infokatalon.com' are matched.

29-06-2024T12:44:24 - [MESSAGE][PASSED] - Actual text and expected text of test object 'Object Repository/Homepage of CURA/Page_CURA Healthcare Service/li_infokatalon.com' are matched.

29-06-2024T12:44:24 - [TEST_STEP][PASSED] - verifyElementClickable(findTestObject("Object Repository/Homepage of CURA/Page_CURA Healthcare Service/i_infokatalon.com_fa fa-facebook fa-fw fa-3x")): Object 'Object Repository/Homepage of CURA/Page_CURA Healthcare Service/i_infokatalon.com_fa fa-facebook fa-fw fa-3x' is clickable

29-06-2024T12:44:24 - [MESSAGE][PASSED] - Object 'Object Repository/Homepage of CURA/Page_CURA Healthcare Service/i_infokatalon.com_fa fa-facebook fa-fw fa-3x' is clickable

29-06-2024T12:44:24 - [TEST_STEP][PASSED] - verifyElementClickable(findTestObject("Object Repository/Homepage of CURA/Page_CURA Healthcare Service/i_infokatalon.com_fa fa-twitter fa-fw fa-3x")): Object 'Object Repository/Homepage of CURA/Page_CURA Healthcare Service/i_infokatalon.com_fa fa-twitter fa-fw fa-3x' is clickable

29-06-2024T12:44:24 - [MESSAGE][PASSED] - Object 'Object Repository/Homepage of CURA/Page_CURA Healthcare Service/i_infokatalon.com_fa fa-twitter fa-fw fa-3x' is clickable

29-06-2024T12:44:24 - [TEST_STEP][PASSED] - verifyElementClickable(findTestObject("Object Repository/Homepage of CURA/Page_CURA Healthcare Service/i_infokatalon.com_fa fa-dribbble fa-fw fa-3x")): Object 'Object Repository/Homepage of CURA/Page_CURA Healthcare Service/i_infokatalon.com_fa fa-dribbble fa-fw fa-3x' is clickable

29-06-2024T12:44:25 - [MESSAGE][PASSED] - Object 'Object Repository/Homepage of CURA/Page_CURA Healthcare Service/i_infokatalon.com_fa fa-dribbble fa-fw fa-3x' is clickable

29-06-2024T12:44:25 - [TEST_STEP][PASSED] - verifyElementText(findTestObject("Object Repository/Homepage of CURA/Page_CURA Healthcare Service/p_Copyright  CURA Healthcare Service 2024"), "Copyright Â© CURA Healthcare Service 2024"): Actual text and expected text of test object 'Object Repository/Homepage of CURA/Page_CURA Healthcare Service/p_Copyright  CURA Healthcare Service 2024' are matched.

29-06-2024T12:44:25 - [MESSAGE][PASSED] - Actual text and expected text of test object 'Object Repository/Homepage of CURA/Page_CURA Healthcare Service/p_Copyright  CURA Healthcare Service 2024' are matched.

29-06-2024T12:44:25 - [TEST_STEP][PASSED] - verifyElementClickable(findTestObject("Object Repository/Homepage of CURA/Page_CURA Healthcare Service/a_Make Appointment")): Object 'Object Repository/Homepage of CURA/Page_CURA Healthcare Service/a_Make Appointment' is clickable

29-06-2024T12:44:26 - [MESSAGE][PASSED] - Object 'Object Repository/Homepage of CURA/Page_CURA Healthcare Service/a_Make Appointment' is clickable

29-06-2024T12:44:26 - [TEST_STEP][PASSED] - closeBrowser(): Browser is closed

29-06-2024T12:44:26 - [MESSAGE][PASSED] - Browser is closed]]></system-out>
         <system-err><![CDATA[]]></system-err>
      </testcase>
      <testcase name="Test Cases/TC05 - Appointment Tokyo" time="18.579" classname="Test Cases/TC05 - Appointment Tokyo" status="PASSED">
         <system-out><![CDATA[29-06-2024T12:44:26 - [TEST_CASE][PASSED] - Test Cases/TC05 - Appointment Tokyo: Test Cases/TC05 - Appointment Tokyo

29-06-2024T12:44:26 - [TEST_STEP][PASSED] - openBrowser(""): Browser is opened with url: ''

29-06-2024T12:44:26 - [MESSAGE][INFO] - Starting 'Chrome' driver

29-06-2024T12:44:26 - [MESSAGE][INFO] - Action delay is set to 0 milliseconds

29-06-2024T12:44:27 - [MESSAGE][PASSED] - Browser is opened with url: ''

29-06-2024T12:44:27 - [TEST_STEP][PASSED] - navigateToUrl("https://katalon-demo-cura.herokuapp.com/"): Navigate to 'https://katalon-demo-cura.herokuapp.com/' successfully

29-06-2024T12:44:29 - [MESSAGE][PASSED] - Navigate to 'https://katalon-demo-cura.herokuapp.com/' successfully

29-06-2024T12:44:29 - [TEST_STEP][PASSED] - click(findTestObject("Object Repository/Appointment Tokyo/Page_CURA Healthcare Service/a_Make Appointment")): Object: 'Object Repository/Appointment Tokyo/Page_CURA Healthcare Service/a_Make Appointment' is clicked on

29-06-2024T12:44:30 - [MESSAGE][PASSED] - Object: 'Object Repository/Appointment Tokyo/Page_CURA Healthcare Service/a_Make Appointment' is clicked on

29-06-2024T12:44:30 - [TEST_STEP][PASSED] - setText(findTestObject("Object Repository/Appointment Tokyo/Page_CURA Healthcare Service/input_Username_username"), "John Doe"): Text 'John Doe' is set on object 'Object Repository/Appointment Tokyo/Page_CURA Healthcare Service/input_Username_username'

29-06-2024T12:44:31 - [MESSAGE][PASSED] - Text 'John Doe' is set on object 'Object Repository/Appointment Tokyo/Page_CURA Healthcare Service/input_Username_username'

29-06-2024T12:44:31 - [TEST_STEP][PASSED] - setEncryptedText(findTestObject("Object Repository/Appointment Tokyo/Page_CURA Healthcare Service/input_Password_password"), "g3/DOGG74jC3Flrr3yH+3D/yKbOqqUNM"): Text ****** has been set on object 'Object Repository/Appointment Tokyo/Page_CURA Healthcare Service/input_Password_password'

29-06-2024T12:44:32 - [MESSAGE][PASSED] - Text ****** has been set on object 'Object Repository/Appointment Tokyo/Page_CURA Healthcare Service/input_Password_password'

29-06-2024T12:44:32 - [TEST_STEP][PASSED] - click(findTestObject("Object Repository/Appointment Tokyo/Page_CURA Healthcare Service/button_Login")): Object: 'Object Repository/Appointment Tokyo/Page_CURA Healthcare Service/button_Login' is clicked on

29-06-2024T12:44:33 - [MESSAGE][PASSED] - Object: 'Object Repository/Appointment Tokyo/Page_CURA Healthcare Service/button_Login' is clicked on

29-06-2024T12:44:33 - [TEST_STEP][PASSED] - selectOptionByValue(findTestObject("Object Repository/Appointment Tokyo/Page_CURA Healthcare Service/select_Tokyo CURA Healthcare Center        _5b4107"), "Hongkong CURA Healthcare Center", true): All options with value 'Hongkong CURA Healthcare Center' are selected in object 'Object Repository/Appointment Tokyo/Page_CURA Healthcare Service/select_Tokyo CURA Healthcare Center        _5b4107'  using regular expression

29-06-2024T12:44:34 - [MESSAGE][PASSED] - All options with value 'Hongkong CURA Healthcare Center' are selected in object 'Object Repository/Appointment Tokyo/Page_CURA Healthcare Service/select_Tokyo CURA Healthcare Center        _5b4107'  using regular expression

29-06-2024T12:44:34 - [TEST_STEP][PASSED] - selectOptionByValue(findTestObject("Object Repository/Appointment Tokyo/Page_CURA Healthcare Service/select_Tokyo CURA Healthcare Center        _5b4107"), "Tokyo CURA Healthcare Center", true): All options with value 'Tokyo CURA Healthcare Center' are selected in object 'Object Repository/Appointment Tokyo/Page_CURA Healthcare Service/select_Tokyo CURA Healthcare Center        _5b4107'  using regular expression

29-06-2024T12:44:35 - [MESSAGE][PASSED] - All options with value 'Tokyo CURA Healthcare Center' are selected in object 'Object Repository/Appointment Tokyo/Page_CURA Healthcare Service/select_Tokyo CURA Healthcare Center        _5b4107'  using regular expression

29-06-2024T12:44:35 - [TEST_STEP][PASSED] - click(findTestObject("Object Repository/Appointment Tokyo/Page_CURA Healthcare Service/input_Apply for hospital readmission_hospit_63901f")): Object: 'Object Repository/Appointment Tokyo/Page_CURA Healthcare Service/input_Apply for hospital readmission_hospit_63901f' is clicked on

29-06-2024T12:44:36 - [MESSAGE][PASSED] - Object: 'Object Repository/Appointment Tokyo/Page_CURA Healthcare Service/input_Apply for hospital readmission_hospit_63901f' is clicked on

29-06-2024T12:44:36 - [TEST_STEP][PASSED] - uncheck(findTestObject("Object Repository/Appointment Tokyo/Page_CURA Healthcare Service/input_Apply for hospital readmission_hospit_63901f")): Object 'Object Repository/Appointment Tokyo/Page_CURA Healthcare Service/input_Apply for hospital readmission_hospit_63901f' is un-checked

29-06-2024T12:44:36 - [MESSAGE][PASSED] - Object 'Object Repository/Appointment Tokyo/Page_CURA Healthcare Service/input_Apply for hospital readmission_hospit_63901f' is un-checked

29-06-2024T12:44:36 - [TEST_STEP][PASSED] - click(findTestObject("Object Repository/Appointment Tokyo/Page_CURA Healthcare Service/input_None_programs"), CONTINUE_ON_FAILURE): Object: 'Object Repository/Appointment Tokyo/Page_CURA Healthcare Service/input_None_programs' is clicked on

29-06-2024T12:44:36 - [MESSAGE][PASSED] - Object: 'Object Repository/Appointment Tokyo/Page_CURA Healthcare Service/input_None_programs' is clicked on

29-06-2024T12:44:36 - [TEST_STEP][PASSED] - click(findTestObject("Object Repository/Appointment Tokyo/Page_CURA Healthcare Service/input_Medicare_programs"), CONTINUE_ON_FAILURE): Object: 'Object Repository/Appointment Tokyo/Page_CURA Healthcare Service/input_Medicare_programs' is clicked on

29-06-2024T12:44:37 - [MESSAGE][PASSED] - Object: 'Object Repository/Appointment Tokyo/Page_CURA Healthcare Service/input_Medicare_programs' is clicked on

29-06-2024T12:44:37 - [TEST_STEP][PASSED] - click(findTestObject("Appointment Tokyo/Page_CURA Healthcare Service/input_Medicaid_programs")): Object: 'Object Repository/Appointment Tokyo/Page_CURA Healthcare Service/input_Medicaid_programs' is clicked on

29-06-2024T12:44:37 - [MESSAGE][PASSED] - Object: 'Object Repository/Appointment Tokyo/Page_CURA Healthcare Service/input_Medicaid_programs' is clicked on

29-06-2024T12:44:37 - [TEST_STEP][PASSED] - click(findTestObject("Object Repository/Appointment Tokyo/Page_CURA Healthcare Service/input_Medicare_programs")): Object: 'Object Repository/Appointment Tokyo/Page_CURA Healthcare Service/input_Medicare_programs' is clicked on

29-06-2024T12:44:37 - [MESSAGE][PASSED] - Object: 'Object Repository/Appointment Tokyo/Page_CURA Healthcare Service/input_Medicare_programs' is clicked on

29-06-2024T12:44:37 - [TEST_STEP][PASSED] - click(findTestObject("Object Repository/Appointment Tokyo/Page_CURA Healthcare Service/span_Visit Date (Required)_glyphicon glyphi_cada34")): Object: 'Object Repository/Appointment Tokyo/Page_CURA Healthcare Service/span_Visit Date (Required)_glyphicon glyphi_cada34' is clicked on

29-06-2024T12:44:38 - [MESSAGE][PASSED] - Object: 'Object Repository/Appointment Tokyo/Page_CURA Healthcare Service/span_Visit Date (Required)_glyphicon glyphi_cada34' is clicked on

29-06-2024T12:44:38 - [TEST_STEP][PASSED] - click(findTestObject("Object Repository/Appointment Tokyo/Page_CURA Healthcare Service/input_Visit Date (Required)_visit_date")): Object: 'Object Repository/Appointment Tokyo/Page_CURA Healthcare Service/input_Visit Date (Required)_visit_date' is clicked on

29-06-2024T12:44:38 - [MESSAGE][PASSED] - Object: 'Object Repository/Appointment Tokyo/Page_CURA Healthcare Service/input_Visit Date (Required)_visit_date' is clicked on

29-06-2024T12:44:38 - [TEST_STEP][PASSED] - click(findTestObject("Object Repository/Appointment Tokyo/Page_CURA Healthcare Service/td_30")): Object: 'Object Repository/Appointment Tokyo/Page_CURA Healthcare Service/td_30' is clicked on

29-06-2024T12:44:39 - [MESSAGE][PASSED] - Object: 'Object Repository/Appointment Tokyo/Page_CURA Healthcare Service/td_30' is clicked on

29-06-2024T12:44:39 - [TEST_STEP][PASSED] - click(findTestObject("Object Repository/Appointment Tokyo/Page_CURA Healthcare Service/button_Book Appointment")): Object: 'Object Repository/Appointment Tokyo/Page_CURA Healthcare Service/button_Book Appointment' is clicked on

29-06-2024T12:44:40 - [MESSAGE][PASSED] - Object: 'Object Repository/Appointment Tokyo/Page_CURA Healthcare Service/button_Book Appointment' is clicked on

29-06-2024T12:44:40 - [TEST_STEP][PASSED] - takeScreenshotAsCheckpoint("Tokyo Appointment Confirmation"): Taking screenshot successfully

29-06-2024T12:44:40 - [MESSAGE][INFO] - 0 hidden object(s)

29-06-2024T12:44:40 - [MESSAGE][PASSED] - Taking screenshot successfully
[[ATTACHMENT|keyes\keyes-Tokyo Appointment Confirmation.png]]

29-06-2024T12:44:40 - [TEST_STEP][PASSED] - verifyElementText(findTestObject("Object Repository/Appointment Tokyo/Page_CURA Healthcare Service/h2_Appointment Confirmation"), "Appointment Confirmation"): Actual text and expected text of test object 'Object Repository/Appointment Tokyo/Page_CURA Healthcare Service/h2_Appointment Confirmation' are matched.

29-06-2024T12:44:41 - [MESSAGE][PASSED] - Actual text and expected text of test object 'Object Repository/Appointment Tokyo/Page_CURA Healthcare Service/h2_Appointment Confirmation' are matched.

29-06-2024T12:44:41 - [TEST_STEP][PASSED] - verifyElementText(findTestObject("Object Repository/Appointment Tokyo/Page_CURA Healthcare Service/p_Please be informed that your appointment _11813a"), "Please be informed that your appointment has been booked as following:"): Actual text and expected text of test object 'Object Repository/Appointment Tokyo/Page_CURA Healthcare Service/p_Please be informed that your appointment _11813a' are matched.

29-06-2024T12:44:41 - [MESSAGE][PASSED] - Actual text and expected text of test object 'Object Repository/Appointment Tokyo/Page_CURA Healthcare Service/p_Please be informed that your appointment _11813a' are matched.

29-06-2024T12:44:41 - [TEST_STEP][PASSED] - verifyElementText(findTestObject("Object Repository/Appointment Tokyo/Page_CURA Healthcare Service/p_Tokyo CURA Healthcare Center"), "Tokyo CURA Healthcare Center"): Actual text and expected text of test object 'Object Repository/Appointment Tokyo/Page_CURA Healthcare Service/p_Tokyo CURA Healthcare Center' are matched.

29-06-2024T12:44:41 - [MESSAGE][PASSED] - Actual text and expected text of test object 'Object Repository/Appointment Tokyo/Page_CURA Healthcare Service/p_Tokyo CURA Healthcare Center' are matched.

29-06-2024T12:44:41 - [TEST_STEP][PASSED] - verifyElementText(findTestObject("Object Repository/Appointment Tokyo/Page_CURA Healthcare Service/p_Yes"), "No"): Actual text and expected text of test object 'Object Repository/Appointment Tokyo/Page_CURA Healthcare Service/p_Yes' are matched.

29-06-2024T12:44:42 - [MESSAGE][PASSED] - Actual text and expected text of test object 'Object Repository/Appointment Tokyo/Page_CURA Healthcare Service/p_Yes' are matched.

29-06-2024T12:44:42 - [TEST_STEP][PASSED] - verifyElementText(findTestObject("Object Repository/Appointment Tokyo/Page_CURA Healthcare Service/p_Medicare"), "Medicare"): Actual text and expected text of test object 'Object Repository/Appointment Tokyo/Page_CURA Healthcare Service/p_Medicare' are matched.

29-06-2024T12:44:42 - [MESSAGE][PASSED] - Actual text and expected text of test object 'Object Repository/Appointment Tokyo/Page_CURA Healthcare Service/p_Medicare' are matched.

29-06-2024T12:44:42 - [TEST_STEP][PASSED] - verifyElementText(findTestObject("Object Repository/Appointment Tokyo/Page_CURA Healthcare Service/p_30062024"), "30/06/2024"): Actual text and expected text of test object 'Object Repository/Appointment Tokyo/Page_CURA Healthcare Service/p_30062024' are matched.

29-06-2024T12:44:43 - [MESSAGE][PASSED] - Actual text and expected text of test object 'Object Repository/Appointment Tokyo/Page_CURA Healthcare Service/p_30062024' are matched.

29-06-2024T12:44:43 - [TEST_STEP][PASSED] - verifyElementText(findTestObject("Object Repository/Appointment Tokyo/Page_CURA Healthcare Service/div_Comment_col-xs-8"), ""): Actual text and expected text of test object 'Object Repository/Appointment Tokyo/Page_CURA Healthcare Service/div_Comment_col-xs-8' are matched.

29-06-2024T12:44:43 - [MESSAGE][PASSED] - Actual text and expected text of test object 'Object Repository/Appointment Tokyo/Page_CURA Healthcare Service/div_Comment_col-xs-8' are matched.

29-06-2024T12:44:43 - [TEST_STEP][PASSED] - click(findTestObject("Object Repository/Appointment Tokyo/Page_CURA Healthcare Service/a_Go to Homepage")): Object: 'Object Repository/Appointment Tokyo/Page_CURA Healthcare Service/a_Go to Homepage' is clicked on

29-06-2024T12:44:44 - [MESSAGE][PASSED] - Object: 'Object Repository/Appointment Tokyo/Page_CURA Healthcare Service/a_Go to Homepage' is clicked on

29-06-2024T12:44:44 - [TEST_STEP][PASSED] - verifyElementText(findTestObject("Object Repository/Appointment Tokyo/Page_CURA Healthcare Service/h1_CURA Healthcare Service"), "CURA Healthcare Service"): Actual text and expected text of test object 'Object Repository/Appointment Tokyo/Page_CURA Healthcare Service/h1_CURA Healthcare Service' are matched.

29-06-2024T12:44:44 - [MESSAGE][PASSED] - Actual text and expected text of test object 'Object Repository/Appointment Tokyo/Page_CURA Healthcare Service/h1_CURA Healthcare Service' are matched.

29-06-2024T12:44:44 - [TEST_STEP][PASSED] - closeBrowser(): Browser is closed

29-06-2024T12:44:45 - [MESSAGE][PASSED] - Browser is closed]]></system-out>
         <system-err><![CDATA[]]></system-err>
      </testcase>
      <testcase name="Test Cases/TC06 - Appointment Hongkong" time="18.219" classname="Test Cases/TC06 - Appointment Hongkong" status="PASSED">
         <system-out><![CDATA[29-06-2024T12:44:45 - [TEST_CASE][PASSED] - Test Cases/TC06 - Appointment Hongkong: Test Cases/TC06 - Appointment Hongkong

29-06-2024T12:44:45 - [TEST_STEP][PASSED] - openBrowser(""): Browser is opened with url: ''

29-06-2024T12:44:45 - [MESSAGE][INFO] - Starting 'Chrome' driver

29-06-2024T12:44:45 - [MESSAGE][INFO] - Action delay is set to 0 milliseconds

29-06-2024T12:44:45 - [MESSAGE][PASSED] - Browser is opened with url: ''

29-06-2024T12:44:45 - [TEST_STEP][PASSED] - navigateToUrl("https://katalon-demo-cura.herokuapp.com/"): Navigate to 'https://katalon-demo-cura.herokuapp.com/' successfully

29-06-2024T12:44:48 - [MESSAGE][PASSED] - Navigate to 'https://katalon-demo-cura.herokuapp.com/' successfully

29-06-2024T12:44:48 - [TEST_STEP][PASSED] - click(findTestObject("Object Repository/Appointment Hongkong/Page_CURA Healthcare Service/a_Make Appointment")): Object: 'Object Repository/Appointment Hongkong/Page_CURA Healthcare Service/a_Make Appointment' is clicked on

29-06-2024T12:44:49 - [MESSAGE][PASSED] - Object: 'Object Repository/Appointment Hongkong/Page_CURA Healthcare Service/a_Make Appointment' is clicked on

29-06-2024T12:44:49 - [TEST_STEP][PASSED] - setText(findTestObject("Object Repository/Appointment Hongkong/Page_CURA Healthcare Service/input_Username_username"), "John Doe"): Text 'John Doe' is set on object 'Object Repository/Appointment Hongkong/Page_CURA Healthcare Service/input_Username_username'

29-06-2024T12:44:50 - [MESSAGE][PASSED] - Text 'John Doe' is set on object 'Object Repository/Appointment Hongkong/Page_CURA Healthcare Service/input_Username_username'

29-06-2024T12:44:50 - [TEST_STEP][PASSED] - setEncryptedText(findTestObject("Object Repository/Appointment Hongkong/Page_CURA Healthcare Service/input_Password_password"), "g3/DOGG74jC3Flrr3yH+3D/yKbOqqUNM"): Text ****** has been set on object 'Object Repository/Appointment Hongkong/Page_CURA Healthcare Service/input_Password_password'

29-06-2024T12:44:51 - [MESSAGE][PASSED] - Text ****** has been set on object 'Object Repository/Appointment Hongkong/Page_CURA Healthcare Service/input_Password_password'

29-06-2024T12:44:51 - [TEST_STEP][PASSED] - click(findTestObject("Object Repository/Appointment Hongkong/Page_CURA Healthcare Service/button_Login")): Object: 'Object Repository/Appointment Hongkong/Page_CURA Healthcare Service/button_Login' is clicked on

29-06-2024T12:44:52 - [MESSAGE][PASSED] - Object: 'Object Repository/Appointment Hongkong/Page_CURA Healthcare Service/button_Login' is clicked on

29-06-2024T12:44:52 - [TEST_STEP][PASSED] - selectOptionByValue(findTestObject("Object Repository/Appointment Hongkong/Page_CURA Healthcare Service/select_Tokyo CURA Healthcare Center        _5b4107"), "Seoul CURA Healthcare Center", true): All options with value 'Seoul CURA Healthcare Center' are selected in object 'Object Repository/Appointment Hongkong/Page_CURA Healthcare Service/select_Tokyo CURA Healthcare Center        _5b4107'  using regular expression

29-06-2024T12:44:53 - [MESSAGE][PASSED] - All options with value 'Seoul CURA Healthcare Center' are selected in object 'Object Repository/Appointment Hongkong/Page_CURA Healthcare Service/select_Tokyo CURA Healthcare Center        _5b4107'  using regular expression

29-06-2024T12:44:53 - [TEST_STEP][PASSED] - selectOptionByValue(findTestObject("Object Repository/Appointment Hongkong/Page_CURA Healthcare Service/select_Tokyo CURA Healthcare Center        _5b4107"), "Hongkong CURA Healthcare Center", true): All options with value 'Hongkong CURA Healthcare Center' are selected in object 'Object Repository/Appointment Hongkong/Page_CURA Healthcare Service/select_Tokyo CURA Healthcare Center        _5b4107'  using regular expression

29-06-2024T12:44:54 - [MESSAGE][PASSED] - All options with value 'Hongkong CURA Healthcare Center' are selected in object 'Object Repository/Appointment Hongkong/Page_CURA Healthcare Service/select_Tokyo CURA Healthcare Center        _5b4107'  using regular expression

29-06-2024T12:44:54 - [TEST_STEP][PASSED] - click(findTestObject("Object Repository/Appointment Hongkong/Page_CURA Healthcare Service/input_Apply for hospital readmission_hospit_63901f")): Object: 'Object Repository/Appointment Hongkong/Page_CURA Healthcare Service/input_Apply for hospital readmission_hospit_63901f' is clicked on

29-06-2024T12:44:54 - [MESSAGE][PASSED] - Object: 'Object Repository/Appointment Hongkong/Page_CURA Healthcare Service/input_Apply for hospital readmission_hospit_63901f' is clicked on

29-06-2024T12:44:54 - [TEST_STEP][PASSED] - click(findTestObject("Object Repository/Appointment Hongkong/Page_CURA Healthcare Service/input_None_programs")): Object: 'Object Repository/Appointment Hongkong/Page_CURA Healthcare Service/input_None_programs' is clicked on

29-06-2024T12:44:55 - [MESSAGE][PASSED] - Object: 'Object Repository/Appointment Hongkong/Page_CURA Healthcare Service/input_None_programs' is clicked on

29-06-2024T12:44:55 - [TEST_STEP][PASSED] - click(findTestObject("Object Repository/Appointment Hongkong/Page_CURA Healthcare Service/input_Medicare_programs")): Object: 'Object Repository/Appointment Hongkong/Page_CURA Healthcare Service/input_Medicare_programs' is clicked on

29-06-2024T12:44:55 - [MESSAGE][PASSED] - Object: 'Object Repository/Appointment Hongkong/Page_CURA Healthcare Service/input_Medicare_programs' is clicked on

29-06-2024T12:44:55 - [TEST_STEP][PASSED] - click(findTestObject("Object Repository/Appointment Hongkong/Page_CURA Healthcare Service/span_Visit Date (Required)_glyphicon glyphi_cada34")): Object: 'Object Repository/Appointment Hongkong/Page_CURA Healthcare Service/span_Visit Date (Required)_glyphicon glyphi_cada34' is clicked on

29-06-2024T12:44:55 - [MESSAGE][PASSED] - Object: 'Object Repository/Appointment Hongkong/Page_CURA Healthcare Service/span_Visit Date (Required)_glyphicon glyphi_cada34' is clicked on

29-06-2024T12:44:55 - [TEST_STEP][PASSED] - click(findTestObject("Object Repository/Appointment Hongkong/Page_CURA Healthcare Service/td_1")): Object: 'Object Repository/Appointment Hongkong/Page_CURA Healthcare Service/td_1' is clicked on

29-06-2024T12:44:56 - [MESSAGE][PASSED] - Object: 'Object Repository/Appointment Hongkong/Page_CURA Healthcare Service/td_1' is clicked on

29-06-2024T12:44:56 - [TEST_STEP][PASSED] - click(findTestObject("Object Repository/Appointment Hongkong/Page_CURA Healthcare Service/input_Visit Date (Required)_visit_date")): Object: 'Object Repository/Appointment Hongkong/Page_CURA Healthcare Service/input_Visit Date (Required)_visit_date' is clicked on

29-06-2024T12:44:56 - [MESSAGE][PASSED] - Object: 'Object Repository/Appointment Hongkong/Page_CURA Healthcare Service/input_Visit Date (Required)_visit_date' is clicked on

29-06-2024T12:44:56 - [TEST_STEP][PASSED] - setText(findTestObject("Object Repository/Appointment Hongkong/Page_CURA Healthcare Service/textarea_Comment_comment"), "Lets meet at 8 PM"): Text 'Lets meet at 8 PM' is set on object 'Object Repository/Appointment Hongkong/Page_CURA Healthcare Service/textarea_Comment_comment'

29-06-2024T12:44:57 - [MESSAGE][PASSED] - Text 'Lets meet at 8 PM' is set on object 'Object Repository/Appointment Hongkong/Page_CURA Healthcare Service/textarea_Comment_comment'

29-06-2024T12:44:57 - [TEST_STEP][PASSED] - click(findTestObject("Object Repository/Appointment Hongkong/Page_CURA Healthcare Service/button_Book Appointment")): Object: 'Object Repository/Appointment Hongkong/Page_CURA Healthcare Service/button_Book Appointment' is clicked on

29-06-2024T12:44:58 - [MESSAGE][PASSED] - Object: 'Object Repository/Appointment Hongkong/Page_CURA Healthcare Service/button_Book Appointment' is clicked on

29-06-2024T12:44:58 - [TEST_STEP][PASSED] - takeScreenshotAsCheckpoint("Hongkong Appointment Confirmation"): Taking screenshot successfully

29-06-2024T12:44:59 - [MESSAGE][INFO] - 0 hidden object(s)

29-06-2024T12:44:59 - [MESSAGE][PASSED] - Taking screenshot successfully
[[ATTACHMENT|keyes\keyes-Hongkong Appointment Confirmation.png]]

29-06-2024T12:44:59 - [TEST_STEP][PASSED] - click(findTestObject("Object Repository/Appointment Hongkong/Page_CURA Healthcare Service/h2_Appointment Confirmation")): Object: 'Object Repository/Appointment Hongkong/Page_CURA Healthcare Service/h2_Appointment Confirmation' is clicked on

29-06-2024T12:44:59 - [MESSAGE][PASSED] - Object: 'Object Repository/Appointment Hongkong/Page_CURA Healthcare Service/h2_Appointment Confirmation' is clicked on

29-06-2024T12:44:59 - [TEST_STEP][PASSED] - click(findTestObject("Object Repository/Appointment Hongkong/Page_CURA Healthcare Service/p_Please be informed that your appointment _11813a")): Object: 'Object Repository/Appointment Hongkong/Page_CURA Healthcare Service/p_Please be informed that your appointment _11813a' is clicked on

29-06-2024T12:45:00 - [MESSAGE][PASSED] - Object: 'Object Repository/Appointment Hongkong/Page_CURA Healthcare Service/p_Please be informed that your appointment _11813a' is clicked on

29-06-2024T12:45:00 - [TEST_STEP][PASSED] - click(findTestObject("Object Repository/Appointment Hongkong/Page_CURA Healthcare Service/p_Hongkong CURA Healthcare Center")): Object: 'Object Repository/Appointment Hongkong/Page_CURA Healthcare Service/p_Hongkong CURA Healthcare Center' is clicked on

29-06-2024T12:45:00 - [MESSAGE][PASSED] - Object: 'Object Repository/Appointment Hongkong/Page_CURA Healthcare Service/p_Hongkong CURA Healthcare Center' is clicked on

29-06-2024T12:45:00 - [TEST_STEP][PASSED] - verifyElementPresent(findTestObject("Object Repository/Appointment Hongkong/Page_CURA Healthcare Service/p_Yes"), 0): Object 'Object Repository/Appointment Hongkong/Page_CURA Healthcare Service/p_Yes' is present

29-06-2024T12:45:00 - [MESSAGE][WARNING] - Timeout '0' is invalid. Using default page load timeout: '30'

29-06-2024T12:45:00 - [MESSAGE][PASSED] - Object 'Object Repository/Appointment Hongkong/Page_CURA Healthcare Service/p_Yes' is present

29-06-2024T12:45:00 - [TEST_STEP][PASSED] - verifyElementPresent(findTestObject("Object Repository/Appointment Hongkong/Page_CURA Healthcare Service/p_Medicare"), 0): Object 'Object Repository/Appointment Hongkong/Page_CURA Healthcare Service/p_Medicare' is present

29-06-2024T12:45:00 - [MESSAGE][WARNING] - Timeout '0' is invalid. Using default page load timeout: '30'

29-06-2024T12:45:01 - [MESSAGE][PASSED] - Object 'Object Repository/Appointment Hongkong/Page_CURA Healthcare Service/p_Medicare' is present

29-06-2024T12:45:01 - [TEST_STEP][PASSED] - verifyElementPresent(findTestObject("Object Repository/Appointment Hongkong/Page_CURA Healthcare Service/p_01072024"), 0): Object 'Object Repository/Appointment Hongkong/Page_CURA Healthcare Service/p_01072024' is present

29-06-2024T12:45:01 - [MESSAGE][WARNING] - Timeout '0' is invalid. Using default page load timeout: '30'

29-06-2024T12:45:01 - [MESSAGE][PASSED] - Object 'Object Repository/Appointment Hongkong/Page_CURA Healthcare Service/p_01072024' is present

29-06-2024T12:45:01 - [TEST_STEP][PASSED] - verifyElementPresent(findTestObject("Object Repository/Appointment Hongkong/Page_CURA Healthcare Service/p_Lets meet at 8 PM"), 0): Object 'Object Repository/Appointment Hongkong/Page_CURA Healthcare Service/p_Lets meet at 8 PM' is present

29-06-2024T12:45:01 - [MESSAGE][WARNING] - Timeout '0' is invalid. Using default page load timeout: '30'

29-06-2024T12:45:01 - [MESSAGE][PASSED] - Object 'Object Repository/Appointment Hongkong/Page_CURA Healthcare Service/p_Lets meet at 8 PM' is present

29-06-2024T12:45:01 - [TEST_STEP][PASSED] - click(findTestObject("Object Repository/Appointment Hongkong/Page_CURA Healthcare Service/a_Go to Homepage")): Object: 'Object Repository/Appointment Hongkong/Page_CURA Healthcare Service/a_Go to Homepage' is clicked on

29-06-2024T12:45:02 - [MESSAGE][PASSED] - Object: 'Object Repository/Appointment Hongkong/Page_CURA Healthcare Service/a_Go to Homepage' is clicked on

29-06-2024T12:45:02 - [TEST_STEP][PASSED] - click(findTestObject("Object Repository/Appointment Hongkong/Page_CURA Healthcare Service/h1_CURA Healthcare Service")): Object: 'Object Repository/Appointment Hongkong/Page_CURA Healthcare Service/h1_CURA Healthcare Service' is clicked on

29-06-2024T12:45:02 - [MESSAGE][PASSED] - Object: 'Object Repository/Appointment Hongkong/Page_CURA Healthcare Service/h1_CURA Healthcare Service' is clicked on

29-06-2024T12:45:02 - [TEST_STEP][PASSED] - closeBrowser(): Browser is closed

29-06-2024T12:45:03 - [MESSAGE][PASSED] - Browser is closed]]></system-out>
         <system-err><![CDATA[]]></system-err>
      </testcase>
      <testcase name="Test Cases/TC07 - History menu check" time="16.491" classname="Test Cases/TC07 - History menu check" status="PASSED">
         <system-out><![CDATA[29-06-2024T12:45:03 - [TEST_CASE][PASSED] - Test Cases/TC07 - History menu check: Test Cases/TC07 - History menu check

29-06-2024T12:45:03 - [TEST_STEP][PASSED] - openBrowser(""): Browser is opened with url: ''

29-06-2024T12:45:03 - [MESSAGE][INFO] - Starting 'Chrome' driver

29-06-2024T12:45:03 - [MESSAGE][INFO] - Action delay is set to 0 milliseconds

29-06-2024T12:45:04 - [MESSAGE][PASSED] - Browser is opened with url: ''

29-06-2024T12:45:04 - [TEST_STEP][PASSED] - navigateToUrl("https://katalon-demo-cura.herokuapp.com/"): Navigate to 'https://katalon-demo-cura.herokuapp.com/' successfully

29-06-2024T12:45:07 - [MESSAGE][PASSED] - Navigate to 'https://katalon-demo-cura.herokuapp.com/' successfully

29-06-2024T12:45:07 - [TEST_STEP][PASSED] - click(findTestObject("Object Repository/History check/Page_CURA Healthcare Service/a_Make Appointment")): Object: 'Object Repository/History check/Page_CURA Healthcare Service/a_Make Appointment' is clicked on

29-06-2024T12:45:08 - [MESSAGE][PASSED] - Object: 'Object Repository/History check/Page_CURA Healthcare Service/a_Make Appointment' is clicked on

29-06-2024T12:45:08 - [TEST_STEP][PASSED] - setText(findTestObject("Object Repository/History check/Page_CURA Healthcare Service/input_Username_username"), "John Doe"): Text 'John Doe' is set on object 'Object Repository/History check/Page_CURA Healthcare Service/input_Username_username'

29-06-2024T12:45:08 - [MESSAGE][PASSED] - Text 'John Doe' is set on object 'Object Repository/History check/Page_CURA Healthcare Service/input_Username_username'

29-06-2024T12:45:08 - [TEST_STEP][PASSED] - setEncryptedText(findTestObject("Object Repository/History check/Page_CURA Healthcare Service/input_Password_password"), "g3/DOGG74jC3Flrr3yH+3D/yKbOqqUNM"): Text ****** has been set on object 'Object Repository/History check/Page_CURA Healthcare Service/input_Password_password'

29-06-2024T12:45:09 - [MESSAGE][PASSED] - Text ****** has been set on object 'Object Repository/History check/Page_CURA Healthcare Service/input_Password_password'

29-06-2024T12:45:09 - [TEST_STEP][PASSED] - click(findTestObject("Object Repository/History check/Page_CURA Healthcare Service/button_Login")): Object: 'Object Repository/History check/Page_CURA Healthcare Service/button_Login' is clicked on

29-06-2024T12:45:10 - [MESSAGE][PASSED] - Object: 'Object Repository/History check/Page_CURA Healthcare Service/button_Login' is clicked on

29-06-2024T12:45:10 - [TEST_STEP][PASSED] - selectOptionByValue(findTestObject("Object Repository/History check/Page_CURA Healthcare Service/select_Tokyo CURA Healthcare Center        _5b4107"), "Hongkong CURA Healthcare Center", true): All options with value 'Hongkong CURA Healthcare Center' are selected in object 'Object Repository/History check/Page_CURA Healthcare Service/select_Tokyo CURA Healthcare Center        _5b4107'  using regular expression

29-06-2024T12:45:11 - [MESSAGE][PASSED] - All options with value 'Hongkong CURA Healthcare Center' are selected in object 'Object Repository/History check/Page_CURA Healthcare Service/select_Tokyo CURA Healthcare Center        _5b4107'  using regular expression

29-06-2024T12:45:11 - [TEST_STEP][PASSED] - click(findTestObject("Object Repository/History check/Page_CURA Healthcare Service/input_Apply for hospital readmission_hospit_63901f")): Object: 'Object Repository/History check/Page_CURA Healthcare Service/input_Apply for hospital readmission_hospit_63901f' is clicked on

29-06-2024T12:45:12 - [MESSAGE][PASSED] - Object: 'Object Repository/History check/Page_CURA Healthcare Service/input_Apply for hospital readmission_hospit_63901f' is clicked on

29-06-2024T12:45:12 - [TEST_STEP][PASSED] - click(findTestObject("Object Repository/History check/Page_CURA Healthcare Service/span_Visit Date (Required)_glyphicon glyphi_cada34")): Object: 'Object Repository/History check/Page_CURA Healthcare Service/span_Visit Date (Required)_glyphicon glyphi_cada34' is clicked on

29-06-2024T12:45:12 - [MESSAGE][PASSED] - Object: 'Object Repository/History check/Page_CURA Healthcare Service/span_Visit Date (Required)_glyphicon glyphi_cada34' is clicked on

29-06-2024T12:45:12 - [TEST_STEP][PASSED] - click(findTestObject("Object Repository/History check/Page_CURA Healthcare Service/td_28")): Object: 'Object Repository/History check/Page_CURA Healthcare Service/td_28' is clicked on

29-06-2024T12:45:13 - [MESSAGE][PASSED] - Object: 'Object Repository/History check/Page_CURA Healthcare Service/td_28' is clicked on

29-06-2024T12:45:13 - [TEST_STEP][PASSED] - setText(findTestObject("Object Repository/History check/Page_CURA Healthcare Service/textarea_Comment_comment"), "Let's meet at 9 AM"): Text 'Let's meet at 9 AM' is set on object 'Object Repository/History check/Page_CURA Healthcare Service/textarea_Comment_comment'

29-06-2024T12:45:14 - [MESSAGE][PASSED] - Text 'Let's meet at 9 AM' is set on object 'Object Repository/History check/Page_CURA Healthcare Service/textarea_Comment_comment'

29-06-2024T12:45:14 - [TEST_STEP][PASSED] - click(findTestObject("Appointment Hongkong/Page_CURA Healthcare Service/button_Book Appointment")): Object: 'Object Repository/Appointment Hongkong/Page_CURA Healthcare Service/button_Book Appointment' is clicked on

29-06-2024T12:45:14 - [MESSAGE][PASSED] - Object: 'Object Repository/Appointment Hongkong/Page_CURA Healthcare Service/button_Book Appointment' is clicked on

29-06-2024T12:45:14 - [TEST_STEP][PASSED] - verifyElementText(findTestObject("Appointment Hongkong/Page_CURA Healthcare Service/h2_Appointment Confirmation"), "Appointment Confirmation"): Actual text and expected text of test object 'Object Repository/Appointment Hongkong/Page_CURA Healthcare Service/h2_Appointment Confirmation' are matched.

29-06-2024T12:45:15 - [MESSAGE][PASSED] - Actual text and expected text of test object 'Object Repository/Appointment Hongkong/Page_CURA Healthcare Service/h2_Appointment Confirmation' are matched.

29-06-2024T12:45:15 - [TEST_STEP][PASSED] - click(findTestObject("Object Repository/History check/Page_CURA Healthcare Service/i_CURA Healthcare_fa fa-bars")): Object: 'Object Repository/History check/Page_CURA Healthcare Service/i_CURA Healthcare_fa fa-bars' is clicked on

29-06-2024T12:45:15 - [MESSAGE][PASSED] - Object: 'Object Repository/History check/Page_CURA Healthcare Service/i_CURA Healthcare_fa fa-bars' is clicked on

29-06-2024T12:45:15 - [TEST_STEP][PASSED] - click(findTestObject("Object Repository/History check/Page_CURA Healthcare Service/a_History")): Object: 'Object Repository/History check/Page_CURA Healthcare Service/a_History' is clicked on

29-06-2024T12:45:16 - [MESSAGE][PASSED] - Object: 'Object Repository/History check/Page_CURA Healthcare Service/a_History' is clicked on

29-06-2024T12:45:16 - [TEST_STEP][PASSED] - takeScreenshotAsCheckpoint("History Hongkong Appointment"): Taking screenshot successfully

29-06-2024T12:45:16 - [MESSAGE][INFO] - 0 hidden object(s)

29-06-2024T12:45:16 - [MESSAGE][PASSED] - Taking screenshot successfully
[[ATTACHMENT|keyes\keyes-History Hongkong Appointment.png]]

29-06-2024T12:45:16 - [TEST_STEP][PASSED] - verifyElementText(findTestObject("Object Repository/History check/Page_CURA Healthcare Service/h2_History"), "History"): Actual text and expected text of test object 'Object Repository/History check/Page_CURA Healthcare Service/h2_History' are matched.

29-06-2024T12:45:17 - [MESSAGE][PASSED] - Actual text and expected text of test object 'Object Repository/History check/Page_CURA Healthcare Service/h2_History' are matched.

29-06-2024T12:45:17 - [TEST_STEP][PASSED] - verifyElementText(findTestObject("Object Repository/History check/Page_CURA Healthcare Service/div_28062024"), "28/06/2024"): Actual text and expected text of test object 'Object Repository/History check/Page_CURA Healthcare Service/div_28062024' are matched.

29-06-2024T12:45:17 - [MESSAGE][PASSED] - Actual text and expected text of test object 'Object Repository/History check/Page_CURA Healthcare Service/div_28062024' are matched.

29-06-2024T12:45:17 - [TEST_STEP][PASSED] - verifyElementText(findTestObject("Object Repository/History check/Page_CURA Healthcare Service/p_Hongkong CURA Healthcare Center"), "Hongkong CURA Healthcare Center"): Actual text and expected text of test object 'Object Repository/History check/Page_CURA Healthcare Service/p_Hongkong CURA Healthcare Center' are matched.

29-06-2024T12:45:17 - [MESSAGE][PASSED] - Actual text and expected text of test object 'Object Repository/History check/Page_CURA Healthcare Service/p_Hongkong CURA Healthcare Center' are matched.

29-06-2024T12:45:17 - [TEST_STEP][PASSED] - verifyElementText(findTestObject("Object Repository/History check/Page_CURA Healthcare Service/p_Yes"), "Yes"): Actual text and expected text of test object 'Object Repository/History check/Page_CURA Healthcare Service/p_Yes' are matched.

29-06-2024T12:45:18 - [MESSAGE][PASSED] - Actual text and expected text of test object 'Object Repository/History check/Page_CURA Healthcare Service/p_Yes' are matched.

29-06-2024T12:45:18 - [TEST_STEP][PASSED] - verifyElementText(findTestObject("Object Repository/History check/Page_CURA Healthcare Service/p_Medicare"), "Medicare"): Actual text and expected text of test object 'Object Repository/History check/Page_CURA Healthcare Service/p_Medicare' are matched.

29-06-2024T12:45:18 - [MESSAGE][PASSED] - Actual text and expected text of test object 'Object Repository/History check/Page_CURA Healthcare Service/p_Medicare' are matched.

29-06-2024T12:45:18 - [TEST_STEP][PASSED] - verifyElementText(findTestObject("Object Repository/History check/Page_CURA Healthcare Service/p_Lets meet at 9 AM"), "Let's meet at 9 AM"): Actual text and expected text of test object 'Object Repository/History check/Page_CURA Healthcare Service/p_Lets meet at 9 AM' are matched.

29-06-2024T12:45:18 - [MESSAGE][PASSED] - Actual text and expected text of test object 'Object Repository/History check/Page_CURA Healthcare Service/p_Lets meet at 9 AM' are matched.

29-06-2024T12:45:18 - [TEST_STEP][PASSED] - click(findTestObject("Object Repository/History check/Page_CURA Healthcare Service/a_Go to Homepage")): Object: 'Object Repository/History check/Page_CURA Healthcare Service/a_Go to Homepage' is clicked on

29-06-2024T12:45:19 - [MESSAGE][PASSED] - Object: 'Object Repository/History check/Page_CURA Healthcare Service/a_Go to Homepage' is clicked on

29-06-2024T12:45:19 - [TEST_STEP][PASSED] - verifyElementText(findTestObject("Homepage of CURA/Page_CURA Healthcare Service/h1_CURA Healthcare Service"), "CURA Healthcare Service"): Actual text and expected text of test object 'Object Repository/Homepage of CURA/Page_CURA Healthcare Service/h1_CURA Healthcare Service' are matched.

29-06-2024T12:45:19 - [MESSAGE][PASSED] - Actual text and expected text of test object 'Object Repository/Homepage of CURA/Page_CURA Healthcare Service/h1_CURA Healthcare Service' are matched.]]></system-out>
         <system-err><![CDATA[]]></system-err>
      </testcase>
      <system-out><![CDATA[29-06-2024T12:44:15 - [TEST_SUITE][PASSED] - TS02 - Appointment check: Test Cases/TC07 - History menu check]]></system-out>
      <system-err><![CDATA[]]></system-err>
   </testsuite>
</testsuites>
