<?xml version="1.0" encoding="UTF-8"?>
<testsuites name="TS003 - Sign Up Variation" time="46.538" tests="2" failures="0" errors="0">
   <testsuite name="TS003 - Sign Up Variation" tests="2" failures="0" errors="0" time="46.538" skipped="0" timestamp="17-07-2024T13:57:10" hostname="Lenovo - LAPTOP-7QB5JFLU" id="Test Suites/Eklipse Test suite/TS003 - Sign Up Variation">
      <properties>
         <property name="deviceName" value=""/>
         <property name="devicePlatform"/>
         <property name="logFolder" value="C:\\Users\\Lenovo\\git\\KatalonPractitionerLevel\\Reports\\20240717_135601\\Eklipse Test suite\\TS003 - Sign Up Variation\\20240717_135606"/>
         <property name="logFiles" value="C:\\Users\\Lenovo\\git\\KatalonPractitionerLevel\\Reports\\20240717_135601\\Eklipse Test suite\\TS003 - Sign Up Variation\\20240717_135606\\execution0.log"/>
         <property name="attachments" value=""/>
         <property name="hostName" value="Lenovo - LAPTOP-7QB5JFLU"/>
         <property name="os" value="Windows 11 64bit"/>
         <property name="katalonVersion" value="9.6.0.217"/>
         <property name="browser" value="Chrome 126.0.0.0"/>
         <property name="hostAddress" value="192.168.1.12"/>
         <property name="sessionId" value="2048e0e9d85a4818df534a345a8dbcf3"/>
         <property name="seleniumVersion" value="3.141.59"/>
         <property name="proxyInformation" value="ProxyInformation { proxyOption=NO_PROXY, proxyServerType=HTTP, username=, password=********, proxyServerAddress=, proxyServerPort=0, executionList=&quot;&quot;, isApplyToDesiredCapabilities=true }"/>
         <property name="platform" value="Windows 11"/>
      </properties>
      <testcase name="Test Cases/Eklipse Test/Sign in and Sign Up/TC003 - Negative Test - Sign Up Variation" time="46.347" classname="Test Cases/Eklipse Test/Sign in and Sign Up/TC003 - Negative Test - Sign Up Variation" status="PASSED">
         <system-out><![CDATA[17-07-2024T13:57:10 - [TEST_CASE][PASSED] - Test Cases/Eklipse Test/Sign in and Sign Up/TC003 - Negative Test - Sign Up Variation: Test Cases/Eklipse Test/Sign in and Sign Up/TC003 - Negative Test - Sign Up Variation

17-07-2024T13:57:10 - [TEST_STEP][PASSED] - eklipse_keywords.openBrowserEklipse.main(): eklipse_keywords.openBrowserEklipse.main is PASSED

17-07-2024T13:57:10 - [MESSAGE][INFO] - Starting 'Chrome' driver

17-07-2024T13:57:11 - [MESSAGE][INFO] - Action delay is set to 0 milliseconds

17-07-2024T13:57:12 - [MESSAGE][PASSED] - Browser is opened with url: ''

17-07-2024T13:57:20 - [MESSAGE][PASSED] - Navigate to 'https://eklipse.gg/' successfully

17-07-2024T13:57:20 - [MESSAGE][PASSED] - eklipse_keywords.openBrowserEklipse.main is PASSED

17-07-2024T13:57:20 - [TEST_STEP][PASSED] - eklipse_keywords.signInToEklipse.main(): eklipse_keywords.signInToEklipse.main is PASSED

17-07-2024T13:57:24 - [MESSAGE][PASSED] - Object: 'Object Repository/Eklipse Landing Page/Page_Eklipse/Sign In' is clicked on

17-07-2024T13:57:24 - [MESSAGE][PASSED] - eklipse_keywords.signInToEklipse.main is PASSED

17-07-2024T13:57:24 - [TEST_STEP][PASSED] - click(findTestObject("Sign in page/Page_Eklipse/button_Sign Up")): Object: 'Object Repository/Sign in page/Page_Eklipse/button_Sign Up' is clicked on

17-07-2024T13:57:25 - [MESSAGE][PASSED] - Object: 'Object Repository/Sign in page/Page_Eklipse/button_Sign Up' is clicked on

17-07-2024T13:57:25 - [TEST_STEP][PASSED] - setText(findTestObject("Sign up page/Page_Eklipse/input_OR_name"), "April"): Text 'April' is set on object 'Object Repository/Sign up page/Page_Eklipse/input_OR_name'

17-07-2024T13:57:27 - [MESSAGE][PASSED] - Text 'April' is set on object 'Object Repository/Sign up page/Page_Eklipse/input_OR_name'

17-07-2024T13:57:27 - [TEST_STEP][PASSED] - setText(findTestObject("Sign up page/Page_Eklipse/input_OR_email"), "titaapratama@gmail.com"): Text 'titaapratama@gmail.com' is set on object 'Object Repository/Sign up page/Page_Eklipse/input_OR_email'

17-07-2024T13:57:27 - [MESSAGE][PASSED] - Text 'titaapratama@gmail.com' is set on object 'Object Repository/Sign up page/Page_Eklipse/input_OR_email'

17-07-2024T13:57:27 - [TEST_STEP][PASSED] - setText(findTestObject("Sign up page/Page_Eklipse/input_OR_password"), "Tita123."): Text 'Tita123.' is set on object 'Object Repository/Sign up page/Page_Eklipse/input_OR_password'

17-07-2024T13:57:28 - [MESSAGE][PASSED] - Text 'Tita123.' is set on object 'Object Repository/Sign up page/Page_Eklipse/input_OR_password'

17-07-2024T13:57:28 - [TEST_STEP][PASSED] - setText(findTestObject("Sign up page/Page_Eklipse/input_password_confirmation"), "Tita123."): Text 'Tita123.' is set on object 'Object Repository/Sign up page/Page_Eklipse/input_password_confirmation'

17-07-2024T13:57:29 - [MESSAGE][PASSED] - Text 'Tita123.' is set on object 'Object Repository/Sign up page/Page_Eklipse/input_password_confirmation'

17-07-2024T13:57:29 - [TEST_STEP][PASSED] - click(findTestObject("Sign up page/Page_Eklipse/button_Sign Up")): Object: 'Object Repository/Sign up page/Page_Eklipse/button_Sign Up' is clicked on

17-07-2024T13:57:30 - [MESSAGE][PASSED] - Object: 'Object Repository/Sign up page/Page_Eklipse/button_Sign Up' is clicked on

17-07-2024T13:57:30 - [TEST_STEP][PASSED] - delay(3): Delayed 3 second(s)

17-07-2024T13:57:33 - [MESSAGE][PASSED] - Delayed 3 second(s)

17-07-2024T13:57:33 - [TEST_STEP][PASSED] - result = "": null

17-07-2024T13:57:33 - [TEST_STEP][PASSED] - if (verifyElementPresent(findTestObject("Sign up page/Page_Eklipse/email already taken"), 0)): null

17-07-2024T13:57:33 - [MESSAGE][WARNING] - Timeout '0' is invalid. Using default page load timeout: '30'

17-07-2024T13:57:33 - [MESSAGE][PASSED] - Object 'Object Repository/Sign up page/Page_Eklipse/email already taken' is present

17-07-2024T13:57:33 - [TEST_STEP][PASSED] - result += "1. Passed: The email has already ben taken
": null

17-07-2024T13:57:33 - [TEST_STEP][PASSED] - setText(findTestObject("Sign up page/Page_Eklipse/input_OR_name"), "April"): Text 'April' is set on object 'Object Repository/Sign up page/Page_Eklipse/input_OR_name'

17-07-2024T13:57:34 - [MESSAGE][PASSED] - Text 'April' is set on object 'Object Repository/Sign up page/Page_Eklipse/input_OR_name'

17-07-2024T13:57:34 - [TEST_STEP][PASSED] - setText(findTestObject("Sign up page/Page_Eklipse/input_OR_email"), "titaapratama@gmail.com"): Text 'titaapratama@gmail.com' is set on object 'Object Repository/Sign up page/Page_Eklipse/input_OR_email'

17-07-2024T13:57:35 - [MESSAGE][PASSED] - Text 'titaapratama@gmail.com' is set on object 'Object Repository/Sign up page/Page_Eklipse/input_OR_email'

17-07-2024T13:57:35 - [TEST_STEP][PASSED] - setText(findTestObject("Sign up page/Page_Eklipse/input_OR_password"), "Tita123."): Text 'Tita123.' is set on object 'Object Repository/Sign up page/Page_Eklipse/input_OR_password'

17-07-2024T13:57:36 - [MESSAGE][PASSED] - Text 'Tita123.' is set on object 'Object Repository/Sign up page/Page_Eklipse/input_OR_password'

17-07-2024T13:57:36 - [TEST_STEP][PASSED] - setText(findTestObject("Sign up page/Page_Eklipse/input_password_confirmation"), "tita123."): Text 'tita123.' is set on object 'Object Repository/Sign up page/Page_Eklipse/input_password_confirmation'

17-07-2024T13:57:37 - [MESSAGE][PASSED] - Text 'tita123.' is set on object 'Object Repository/Sign up page/Page_Eklipse/input_password_confirmation'

17-07-2024T13:57:37 - [TEST_STEP][PASSED] - click(findTestObject("Sign up page/Page_Eklipse/button_Sign Up")): Object: 'Object Repository/Sign up page/Page_Eklipse/button_Sign Up' is clicked on

17-07-2024T13:57:37 - [MESSAGE][PASSED] - Object: 'Object Repository/Sign up page/Page_Eklipse/button_Sign Up' is clicked on

17-07-2024T13:57:37 - [TEST_STEP][PASSED] - delay(3): Delayed 3 second(s)

17-07-2024T13:57:40 - [MESSAGE][PASSED] - Delayed 3 second(s)

17-07-2024T13:57:40 - [TEST_STEP][PASSED] - if (verifyElementPresent(findTestObject("Sign up page/Page_Eklipse/Password Confirm not match"), 0)): null

17-07-2024T13:57:40 - [MESSAGE][WARNING] - Timeout '0' is invalid. Using default page load timeout: '30'

17-07-2024T13:57:41 - [MESSAGE][PASSED] - Object 'Object Repository/Sign up page/Page_Eklipse/Password Confirm not match' is present

17-07-2024T13:57:41 - [TEST_STEP][PASSED] - result += "1. Passed: Password confirm Password does not match
": null

17-07-2024T13:57:41 - [TEST_STEP][PASSED] - setText(findTestObject("Sign up page/Page_Eklipse/input_OR_name"), "April"): Text 'April' is set on object 'Object Repository/Sign up page/Page_Eklipse/input_OR_name'

17-07-2024T13:57:42 - [MESSAGE][PASSED] - Text 'April' is set on object 'Object Repository/Sign up page/Page_Eklipse/input_OR_name'

17-07-2024T13:57:42 - [TEST_STEP][PASSED] - setText(findTestObject("Sign up page/Page_Eklipse/input_OR_email"), "titaapratama@gmail.com"): Text 'titaapratama@gmail.com' is set on object 'Object Repository/Sign up page/Page_Eklipse/input_OR_email'

17-07-2024T13:57:42 - [MESSAGE][PASSED] - Text 'titaapratama@gmail.com' is set on object 'Object Repository/Sign up page/Page_Eklipse/input_OR_email'

17-07-2024T13:57:42 - [TEST_STEP][PASSED] - setText(findTestObject("Sign up page/Page_Eklipse/input_OR_password"), "Tita12."): Text 'Tita12.' is set on object 'Object Repository/Sign up page/Page_Eklipse/input_OR_password'

17-07-2024T13:57:43 - [MESSAGE][PASSED] - Text 'Tita12.' is set on object 'Object Repository/Sign up page/Page_Eklipse/input_OR_password'

17-07-2024T13:57:43 - [TEST_STEP][PASSED] - setText(findTestObject("Sign up page/Page_Eklipse/input_password_confirmation"), "Tita12."): Text 'Tita12.' is set on object 'Object Repository/Sign up page/Page_Eklipse/input_password_confirmation'

17-07-2024T13:57:44 - [MESSAGE][PASSED] - Text 'Tita12.' is set on object 'Object Repository/Sign up page/Page_Eklipse/input_password_confirmation'

17-07-2024T13:57:44 - [TEST_STEP][PASSED] - click(findTestObject("Sign up page/Page_Eklipse/button_Sign Up")): Object: 'Object Repository/Sign up page/Page_Eklipse/button_Sign Up' is clicked on

17-07-2024T13:57:45 - [MESSAGE][PASSED] - Object: 'Object Repository/Sign up page/Page_Eklipse/button_Sign Up' is clicked on

17-07-2024T13:57:45 - [TEST_STEP][PASSED] - delay(3): Delayed 3 second(s)

17-07-2024T13:57:48 - [MESSAGE][PASSED] - Delayed 3 second(s)

17-07-2024T13:57:48 - [TEST_STEP][PASSED] - if (verifyElementPresent(findTestObject("Sign up page/Page_Eklipse/The password must be 8car"), 0)): null

17-07-2024T13:57:48 - [MESSAGE][WARNING] - Timeout '0' is invalid. Using default page load timeout: '30'

17-07-2024T13:57:48 - [MESSAGE][PASSED] - Object 'Object Repository/Sign up page/Page_Eklipse/The password must be 8car' is present

17-07-2024T13:57:48 - [TEST_STEP][PASSED] - result += "1. Passed: The password field must be at least 8 characters
": null

17-07-2024T13:57:48 - [TEST_STEP][PASSED] - setText(findTestObject("Sign up page/Page_Eklipse/input_OR_name"), ""): Text '' is set on object 'Object Repository/Sign up page/Page_Eklipse/input_OR_name'

17-07-2024T13:57:49 - [MESSAGE][PASSED] - Text '' is set on object 'Object Repository/Sign up page/Page_Eklipse/input_OR_name'

17-07-2024T13:57:49 - [TEST_STEP][PASSED] - setText(findTestObject("Sign up page/Page_Eklipse/input_OR_email"), ""): Text '' is set on object 'Object Repository/Sign up page/Page_Eklipse/input_OR_email'

17-07-2024T13:57:50 - [MESSAGE][PASSED] - Text '' is set on object 'Object Repository/Sign up page/Page_Eklipse/input_OR_email'

17-07-2024T13:57:50 - [TEST_STEP][PASSED] - setText(findTestObject("Sign up page/Page_Eklipse/input_OR_password"), ""): Text '' is set on object 'Object Repository/Sign up page/Page_Eklipse/input_OR_password'

17-07-2024T13:57:50 - [MESSAGE][PASSED] - Text '' is set on object 'Object Repository/Sign up page/Page_Eklipse/input_OR_password'

17-07-2024T13:57:50 - [TEST_STEP][PASSED] - setText(findTestObject("Sign up page/Page_Eklipse/input_password_confirmation"), ""): Text '' is set on object 'Object Repository/Sign up page/Page_Eklipse/input_password_confirmation'

17-07-2024T13:57:51 - [MESSAGE][PASSED] - Text '' is set on object 'Object Repository/Sign up page/Page_Eklipse/input_password_confirmation'

17-07-2024T13:57:51 - [TEST_STEP][PASSED] - click(findTestObject("Sign up page/Page_Eklipse/button_Sign Up")): Object: 'Object Repository/Sign up page/Page_Eklipse/button_Sign Up' is clicked on

17-07-2024T13:57:52 - [MESSAGE][PASSED] - Object: 'Object Repository/Sign up page/Page_Eklipse/button_Sign Up' is clicked on

17-07-2024T13:57:52 - [TEST_STEP][PASSED] - delay(3): Delayed 3 second(s)

17-07-2024T13:57:55 - [MESSAGE][PASSED] - Delayed 3 second(s)

17-07-2024T13:57:55 - [TEST_STEP][PASSED] - isWarningDisplayed = verifyElementPresent(findTestObject("Sign up page/Page_Eklipse/input_OR_name"), 10): Object 'Object Repository/Sign up page/Page_Eklipse/input_OR_name' is present

17-07-2024T13:57:55 - [MESSAGE][PASSED] - Object 'Object Repository/Sign up page/Page_Eklipse/input_OR_name' is present

17-07-2024T13:57:55 - [TEST_STEP][PASSED] - warningText = getAttribute(findTestObject("Sign up page/Page_Eklipse/input_OR_name"), "validationMessage"): Attribute 'validationMessage' of object 'Object Repository/Sign up page/Page_Eklipse/input_OR_name' is: 'Please fill out this field.'

17-07-2024T13:57:56 - [MESSAGE][PASSED] - Attribute 'validationMessage' of object 'Object Repository/Sign up page/Page_Eklipse/input_OR_name' is: 'Please fill out this field.'

17-07-2024T13:57:56 - [TEST_STEP][PASSED] - if (isWarningDisplayed && warningText == "Please fill out this field."): null

17-07-2024T13:57:56 - [TEST_STEP][PASSED] - println("Test Passed: Warning text detected correctly."): null

17-07-2024T13:57:56 - [TEST_STEP][PASSED] - closeBrowser(): Browser is closed

17-07-2024T13:57:56 - [MESSAGE][PASSED] - Browser is closed]]></system-out>
         <system-err><![CDATA[]]></system-err>
      </testcase>
      <testcase name="Test Cases/Eklipse Test/Sign in and Sign Up/TC000 - Close browser" time="0.05" classname="Test Cases/Eklipse Test/Sign in and Sign Up/TC000 - Close browser" status="PASSED">
         <system-out><![CDATA[17-07-2024T13:57:56 - [TEST_CASE][PASSED] - Test Cases/Eklipse Test/Sign in and Sign Up/TC000 - Close browser: Test Cases/Eklipse Test/Sign in and Sign Up/TC000 - Close browser

17-07-2024T13:57:56 - [TEST_STEP][PASSED] - closeBrowser(): Browser is closed

17-07-2024T13:57:56 - [MESSAGE][PASSED] - Browser is closed]]></system-out>
         <system-err><![CDATA[]]></system-err>
      </testcase>
      <system-out><![CDATA[17-07-2024T13:57:10 - [TEST_SUITE][PASSED] - TS003 - Sign Up Variation: Test Cases/Eklipse Test/Sign in and Sign Up/TC000 - Close browser]]></system-out>
      <system-err><![CDATA[]]></system-err>
   </testsuite>
</testsuites>
