<?xml version="1.0" encoding="UTF-8"?>
<testsuites name="TS06 - Button check" time="10.973" tests="3" failures="0" errors="0">
   <testsuite name="TS06 - Button check" tests="3" failures="0" errors="0" time="10.973" skipped="0" timestamp="12-07-2024T13:23:06" hostname="Lenovo - LAPTOP-7QB5JFLU" id="Test Suites/CURA Test suites/TS06 - Button check">
      <properties>
         <property name="deviceName" value=""/>
         <property name="devicePlatform"/>
         <property name="logFolder" value="C:\\Users\\Lenovo\\git\\KatalonPractitionerLevel\\Reports\\20240712_132259\\CURA Test suites\\TS06 - Button check\\20240712_132300"/>
         <property name="logFiles" value="C:\\Users\\Lenovo\\git\\KatalonPractitionerLevel\\Reports\\20240712_132259\\CURA Test suites\\TS06 - Button check\\20240712_132300\\execution0.log"/>
         <property name="attachments" value=""/>
         <property name="hostName" value="Lenovo - LAPTOP-7QB5JFLU"/>
         <property name="os" value="Windows 11 64bit"/>
         <property name="katalonVersion" value="9.6.0.217"/>
         <property name="browser" value="Chrome 126.0.0.0"/>
         <property name="hostAddress" value="192.168.1.12"/>
         <property name="sessionId" value="c1095ba5eef0ae9cf544977bb0203b23"/>
         <property name="seleniumVersion" value="3.141.59"/>
         <property name="proxyInformation" value="ProxyInformation { proxyOption=NO_PROXY, proxyServerType=HTTP, username=, password=********, proxyServerAddress=, proxyServerPort=0, executionList=&quot;&quot;, isApplyToDesiredCapabilities=true }"/>
         <property name="platform" value="Windows 11"/>
      </properties>
      <testcase name="Test Cases/CURA Web Test/Properties/TCP01 - Open browser" time="4.906" classname="Test Cases/CURA Web Test/Properties/TCP01 - Open browser" status="PASSED">
         <system-out><![CDATA[12-07-2024T13:23:06 - [TEST_CASE][PASSED] - Test Cases/CURA Web Test/Properties/TCP01 - Open browser: Test Cases/CURA Web Test/Properties/TCP01 - Open browser

12-07-2024T13:23:06 - [TEST_STEP][PASSED] - openBrowser(""): Browser is opened with url: ''

12-07-2024T13:23:06 - [MESSAGE][INFO] - Starting 'Chrome' driver

12-07-2024T13:23:06 - [MESSAGE][INFO] - Action delay is set to 0 milliseconds

12-07-2024T13:23:08 - [MESSAGE][PASSED] - Browser is opened with url: ''

12-07-2024T13:23:08 - [TEST_STEP][PASSED] - navigateToUrl(URL): Navigate to 'https://katalon-demo-cura.herokuapp.com/' successfully

12-07-2024T13:23:11 - [MESSAGE][PASSED] - Navigate to 'https://katalon-demo-cura.herokuapp.com/' successfully]]></system-out>
         <system-err><![CDATA[]]></system-err>
      </testcase>
      <testcase name="Test Cases/CURA Web Test/TC11 - All button check" time="4.309" classname="Test Cases/CURA Web Test/TC11 - All button check" status="PASSED">
         <system-out><![CDATA[12-07-2024T13:23:11 - [TEST_CASE][PASSED] - Test Cases/CURA Web Test/TC11 - All button check: Test Cases/CURA Web Test/TC11 - All button check

12-07-2024T13:23:11 - [TEST_STEP][PASSED] - verifyElementClickable(findTestObject("10. Login page/Page_CURA Healthcare Service/a_Make Appointment")): Object 'Object Repository/10. Login page/Page_CURA Healthcare Service/a_Make Appointment' is clickable

12-07-2024T13:23:11 - [MESSAGE][PASSED] - Object 'Object Repository/10. Login page/Page_CURA Healthcare Service/a_Make Appointment' is clickable

12-07-2024T13:23:11 - [TEST_STEP][PASSED] - click(findTestObject("10. Login page/Page_CURA Healthcare Service/a_Make Appointment")): Object: 'Object Repository/10. Login page/Page_CURA Healthcare Service/a_Make Appointment' is clicked on

12-07-2024T13:23:12 - [MESSAGE][PASSED] - Object: 'Object Repository/10. Login page/Page_CURA Healthcare Service/a_Make Appointment' is clicked on

12-07-2024T13:23:12 - [TEST_STEP][PASSED] - setText(findTestObject("10. Login page/Page_CURA Healthcare Service/input_Username_username"), "John Doe"): Text 'John Doe' is set on object 'Object Repository/10. Login page/Page_CURA Healthcare Service/input_Username_username'

12-07-2024T13:23:13 - [MESSAGE][PASSED] - Text 'John Doe' is set on object 'Object Repository/10. Login page/Page_CURA Healthcare Service/input_Username_username'

12-07-2024T13:23:13 - [TEST_STEP][PASSED] - setText(findTestObject("10. Login page/Page_CURA Healthcare Service/input_Password_password"), "ThisIsNotAPassword"): Text 'ThisIsNotAPassword' is set on object 'Object Repository/10. Login page/Page_CURA Healthcare Service/input_Password_password'

12-07-2024T13:23:13 - [MESSAGE][PASSED] - Text 'ThisIsNotAPassword' is set on object 'Object Repository/10. Login page/Page_CURA Healthcare Service/input_Password_password'

12-07-2024T13:23:13 - [TEST_STEP][PASSED] - verifyElementClickable(findTestObject("10. Login page/Page_CURA Healthcare Service/button_Login")): Object 'Object Repository/10. Login page/Page_CURA Healthcare Service/button_Login' is clickable

12-07-2024T13:23:13 - [MESSAGE][PASSED] - Object 'Object Repository/10. Login page/Page_CURA Healthcare Service/button_Login' is clickable

12-07-2024T13:23:13 - [TEST_STEP][PASSED] - click(findTestObject("10. Login page/Page_CURA Healthcare Service/button_Login")): Object: 'Object Repository/10. Login page/Page_CURA Healthcare Service/button_Login' is clicked on

12-07-2024T13:23:14 - [MESSAGE][PASSED] - Object: 'Object Repository/10. Login page/Page_CURA Healthcare Service/button_Login' is clicked on

12-07-2024T13:23:14 - [TEST_STEP][PASSED] - verifyElementClickable(findTestObject("3. Appointment/Page_CURA Healthcare Service/button_Book Appointment")): Object 'Object Repository/3. Appointment/Page_CURA Healthcare Service/button_Book Appointment' is clickable

12-07-2024T13:23:15 - [MESSAGE][PASSED] - Object 'Object Repository/3. Appointment/Page_CURA Healthcare Service/button_Book Appointment' is clickable

12-07-2024T13:23:15 - [TEST_STEP][PASSED] - verifyElementClickable(findTestObject("8. History check/Page_CURA Healthcare Service/i_CURA Healthcare_fa fa-bars")): Object 'Object Repository/8. History check/Page_CURA Healthcare Service/i_CURA Healthcare_fa fa-bars' is clickable

12-07-2024T13:23:15 - [MESSAGE][PASSED] - Object 'Object Repository/8. History check/Page_CURA Healthcare Service/i_CURA Healthcare_fa fa-bars' is clickable]]></system-out>
         <system-err><![CDATA[]]></system-err>
      </testcase>
      <testcase name="Test Cases/CURA Web Test/Properties/TCP03 - Logout" time="1.611" classname="Test Cases/CURA Web Test/Properties/TCP03 - Logout" status="PASSED">
         <system-out><![CDATA[12-07-2024T13:23:15 - [TEST_CASE][PASSED] - Test Cases/CURA Web Test/Properties/TCP03 - Logout: Test Cases/CURA Web Test/Properties/TCP03 - Logout

12-07-2024T13:23:15 - [TEST_STEP][PASSED] - verifyElementText(findTestObject("2. CURA Test Object (Verify parameter)/Make Appointment Text"), "Make Appointment"): Actual text and expected text of test object 'Object Repository/2. CURA Test Object (Verify parameter)/Make Appointment Text' are matched.

12-07-2024T13:23:15 - [MESSAGE][PASSED] - Actual text and expected text of test object 'Object Repository/2. CURA Test Object (Verify parameter)/Make Appointment Text' are matched.

12-07-2024T13:23:15 - [TEST_STEP][PASSED] - click(findTestObject("1. CURA Test Object (Click, Set, Dropdown)/Menu")): Object: 'Object Repository/1. CURA Test Object (Click, Set, Dropdown)/Menu' is clicked on

12-07-2024T13:23:16 - [MESSAGE][PASSED] - Object: 'Object Repository/1. CURA Test Object (Click, Set, Dropdown)/Menu' is clicked on

12-07-2024T13:23:16 - [TEST_STEP][PASSED] - click(findTestObject("1. CURA Test Object (Click, Set, Dropdown)/Logout")): Object: 'Object Repository/1. CURA Test Object (Click, Set, Dropdown)/Logout' is clicked on

12-07-2024T13:23:16 - [MESSAGE][PASSED] - Object: 'Object Repository/1. CURA Test Object (Click, Set, Dropdown)/Logout' is clicked on

12-07-2024T13:23:16 - [TEST_STEP][PASSED] - closeBrowser(): Browser is closed

12-07-2024T13:23:17 - [MESSAGE][PASSED] - Browser is closed]]></system-out>
         <system-err><![CDATA[]]></system-err>
      </testcase>
      <system-out><![CDATA[12-07-2024T13:23:06 - [TEST_SUITE][PASSED] - TS06 - Button check: Test Cases/CURA Web Test/Properties/TCP03 - Logout]]></system-out>
      <system-err><![CDATA[]]></system-err>
   </testsuite>
</testsuites>
