<?xml version="1.0" encoding="UTF-8"?>
<testsuites name="TS12 - Tokyo appointment using data driven" time="54.572" tests="4" failures="0" errors="0">
   <testsuite name="TS12 - Tokyo appointment using data driven" tests="4" failures="0" errors="0" time="54.572" skipped="0" timestamp="08-07-2024T22:22:13" hostname="Lenovo - LAPTOP-7QB5JFLU" id="Test Suites/CURA Test suites/TS12 - Tokyo appointment using data driven">
      <properties>
         <property name="deviceName" value=""/>
         <property name="devicePlatform"/>
         <property name="logFolder" value="C:\\Users\\Lenovo\\git\\KatalonPractitionerLevel\\Reports\\20240708_222206\\CURA Test suites\\TS12 - Tokyo appointment using data driven\\20240708_222206"/>
         <property name="logFiles" value="C:\\Users\\Lenovo\\git\\KatalonPractitionerLevel\\Reports\\20240708_222206\\CURA Test suites\\TS12 - Tokyo appointment using data driven\\20240708_222206\\execution0.log"/>
         <property name="attachments" value=""/>
         <property name="hostName" value="Lenovo - LAPTOP-7QB5JFLU"/>
         <property name="os" value="Windows 11 64bit"/>
         <property name="katalonVersion" value="9.6.0.217"/>
         <property name="browser" value="Chrome 126.0.0.0"/>
         <property name="hostAddress" value="192.168.1.12"/>
         <property name="sessionId" value="4b7b50020da1061f08f0c98f081269ad"/>
         <property name="seleniumVersion" value="3.141.59"/>
         <property name="proxyInformation" value="ProxyInformation { proxyOption=NO_PROXY, proxyServerType=HTTP, username=, password=********, proxyServerAddress=, proxyServerPort=0, executionList=&quot;&quot;, isApplyToDesiredCapabilities=true }"/>
         <property name="platform" value="Windows 11"/>
      </properties>
      <testcase name="Test Cases/CURA Web Test/TC20 - Tokyo appointment using data driven" time="20.854" classname="Test Cases/CURA Web Test/TC20 - Tokyo appointment using data driven" status="PASSED">
         <system-out><![CDATA[08-07-2024T22:22:13 - [TEST_CASE][PASSED] - Test Cases/CURA Web Test/TC20 - Tokyo appointment using data driven: Test Cases/CURA Web Test/TC20 - Tokyo appointment using data driven

08-07-2024T22:22:14 - [TEST_STEP][PASSED] - propertiesPage.openBrowser.main(): propertiesPage.openBrowser.main is PASSED

08-07-2024T22:22:14 - [MESSAGE][INFO] - Starting 'Chrome' driver

08-07-2024T22:22:14 - [MESSAGE][INFO] - Action delay is set to 0 milliseconds

08-07-2024T22:22:16 - [MESSAGE][PASSED] - Browser is opened with url: ''

08-07-2024T22:22:24 - [MESSAGE][PASSED] - Navigate to 'https://katalon-demo-cura.herokuapp.com/' successfully

08-07-2024T22:22:24 - [MESSAGE][PASSED] - propertiesPage.openBrowser.main is PASSED

08-07-2024T22:22:24 - [TEST_STEP][PASSED] - propertiesPage.loginMenu.main(): propertiesPage.loginMenu.main is PASSED

08-07-2024T22:22:25 - [MESSAGE][PASSED] - Object: 'Object Repository/1. CURA Test Object (Click, Set, Dropdown)/Make Appointment' is clicked on

08-07-2024T22:22:26 - [MESSAGE][PASSED] - Text 'John Doe' is set on object 'Object Repository/1. CURA Test Object (Click, Set, Dropdown)/Username'

08-07-2024T22:22:27 - [MESSAGE][PASSED] - Text 'ThisIsNotAPassword' is set on object 'Object Repository/1. CURA Test Object (Click, Set, Dropdown)/Password'

08-07-2024T22:22:28 - [MESSAGE][PASSED] - Object: 'Object Repository/1. CURA Test Object (Click, Set, Dropdown)/Login Button' is clicked on

08-07-2024T22:22:28 - [MESSAGE][PASSED] - propertiesPage.loginMenu.main is PASSED

08-07-2024T22:22:28 - [TEST_STEP][PASSED] - selectOptionByValue(findTestObject("1. CURA Test Object (Click, Set, Dropdown)/Facility"), facility, true): All options with value 'Tokyo CURA Healthcare Center' are selected in object 'Object Repository/1. CURA Test Object (Click, Set, Dropdown)/Facility'  using regular expression

08-07-2024T22:22:29 - [MESSAGE][PASSED] - All options with value 'Tokyo CURA Healthcare Center' are selected in object 'Object Repository/1. CURA Test Object (Click, Set, Dropdown)/Facility'  using regular expression

08-07-2024T22:22:29 - [TEST_STEP][PASSED] - click(findTestObject("1. CURA Test Object (Click, Set, Dropdown)/Medicare")): Object: 'Object Repository/1. CURA Test Object (Click, Set, Dropdown)/Medicare' is clicked on

08-07-2024T22:22:29 - [MESSAGE][PASSED] - Object: 'Object Repository/1. CURA Test Object (Click, Set, Dropdown)/Medicare' is clicked on

08-07-2024T22:22:29 - [TEST_STEP][PASSED] - click(findTestObject("1. CURA Test Object (Click, Set, Dropdown)/Visit Date")): Object: 'Object Repository/1. CURA Test Object (Click, Set, Dropdown)/Visit Date' is clicked on

08-07-2024T22:22:30 - [MESSAGE][PASSED] - Object: 'Object Repository/1. CURA Test Object (Click, Set, Dropdown)/Visit Date' is clicked on

08-07-2024T22:22:30 - [TEST_STEP][PASSED] - setText(findTestObject("1. CURA Test Object (Click, Set, Dropdown)/Visit Date"), datevisit): Text '01/07/2024' is set on object 'Object Repository/1. CURA Test Object (Click, Set, Dropdown)/Visit Date'

08-07-2024T22:22:30 - [MESSAGE][PASSED] - Text '01/07/2024' is set on object 'Object Repository/1. CURA Test Object (Click, Set, Dropdown)/Visit Date'

08-07-2024T22:22:30 - [TEST_STEP][PASSED] - setText(findTestObject("1. CURA Test Object (Click, Set, Dropdown)/Comment"), commentbook): Text 'Reschedule to 08/07/2024' is set on object 'Object Repository/1. CURA Test Object (Click, Set, Dropdown)/Comment'

08-07-2024T22:22:31 - [MESSAGE][PASSED] - Text 'Reschedule to 08/07/2024' is set on object 'Object Repository/1. CURA Test Object (Click, Set, Dropdown)/Comment'

08-07-2024T22:22:31 - [TEST_STEP][PASSED] - click(findTestObject("1. CURA Test Object (Click, Set, Dropdown)/Book Appointment")): Object: 'Object Repository/1. CURA Test Object (Click, Set, Dropdown)/Book Appointment' is clicked on

08-07-2024T22:22:32 - [MESSAGE][PASSED] - Object: 'Object Repository/1. CURA Test Object (Click, Set, Dropdown)/Book Appointment' is clicked on

08-07-2024T22:22:32 - [TEST_STEP][PASSED] - click(findTestObject("1. CURA Test Object (Click, Set, Dropdown)/Menu")): Object: 'Object Repository/1. CURA Test Object (Click, Set, Dropdown)/Menu' is clicked on

08-07-2024T22:22:33 - [MESSAGE][PASSED] - Object: 'Object Repository/1. CURA Test Object (Click, Set, Dropdown)/Menu' is clicked on

08-07-2024T22:22:33 - [TEST_STEP][PASSED] - click(findTestObject("1. CURA Test Object (Click, Set, Dropdown)/Home")): Object: 'Object Repository/1. CURA Test Object (Click, Set, Dropdown)/Home' is clicked on

08-07-2024T22:22:33 - [MESSAGE][PASSED] - Object: 'Object Repository/1. CURA Test Object (Click, Set, Dropdown)/Home' is clicked on

08-07-2024T22:22:33 - [TEST_STEP][PASSED] - verifyElementPresent(findTestObject("2. CURA Test Object (Verify parameter)/CURA Healthcare Service Label"), 0): Object 'Object Repository/2. CURA Test Object (Verify parameter)/CURA Healthcare Service Label' is present

08-07-2024T22:22:33 - [MESSAGE][WARNING] - Timeout '0' is invalid. Using default page load timeout: '30'

08-07-2024T22:22:34 - [MESSAGE][PASSED] - Object 'Object Repository/2. CURA Test Object (Verify parameter)/CURA Healthcare Service Label' is present

08-07-2024T22:22:34 - [TEST_STEP][PASSED] - click(findTestObject("1. CURA Test Object (Click, Set, Dropdown)/Make Appointment")): Object: 'Object Repository/1. CURA Test Object (Click, Set, Dropdown)/Make Appointment' is clicked on

08-07-2024T22:22:34 - [MESSAGE][PASSED] - Object: 'Object Repository/1. CURA Test Object (Click, Set, Dropdown)/Make Appointment' is clicked on]]></system-out>
         <system-err><![CDATA[]]></system-err>
      </testcase>
      <testcase name="Test Cases/CURA Web Test/TC20 - Tokyo appointment using data driven" time="15.328" classname="Test Cases/CURA Web Test/TC20 - Tokyo appointment using data driven" status="PASSED">
         <system-out><![CDATA[08-07-2024T22:22:34 - [TEST_CASE][PASSED] - Test Cases/CURA Web Test/TC20 - Tokyo appointment using data driven: Test Cases/CURA Web Test/TC20 - Tokyo appointment using data driven

08-07-2024T22:22:34 - [TEST_STEP][PASSED] - propertiesPage.openBrowser.main(): propertiesPage.openBrowser.main is PASSED

08-07-2024T22:22:34 - [MESSAGE][WARNING] - A browser is already opened. Closing browser and opening a new one

08-07-2024T22:22:35 - [MESSAGE][INFO] - Starting 'Chrome' driver

08-07-2024T22:22:35 - [MESSAGE][INFO] - Action delay is set to 0 milliseconds

08-07-2024T22:22:35 - [MESSAGE][PASSED] - Browser is opened with url: ''

08-07-2024T22:22:39 - [MESSAGE][PASSED] - Navigate to 'https://katalon-demo-cura.herokuapp.com/' successfully

08-07-2024T22:22:39 - [MESSAGE][PASSED] - propertiesPage.openBrowser.main is PASSED

08-07-2024T22:22:39 - [TEST_STEP][PASSED] - propertiesPage.loginMenu.main(): propertiesPage.loginMenu.main is PASSED

08-07-2024T22:22:40 - [MESSAGE][PASSED] - Object: 'Object Repository/1. CURA Test Object (Click, Set, Dropdown)/Make Appointment' is clicked on

08-07-2024T22:22:41 - [MESSAGE][PASSED] - Text 'John Doe' is set on object 'Object Repository/1. CURA Test Object (Click, Set, Dropdown)/Username'

08-07-2024T22:22:42 - [MESSAGE][PASSED] - Text 'ThisIsNotAPassword' is set on object 'Object Repository/1. CURA Test Object (Click, Set, Dropdown)/Password'

08-07-2024T22:22:43 - [MESSAGE][PASSED] - Object: 'Object Repository/1. CURA Test Object (Click, Set, Dropdown)/Login Button' is clicked on

08-07-2024T22:22:43 - [MESSAGE][PASSED] - propertiesPage.loginMenu.main is PASSED

08-07-2024T22:22:43 - [TEST_STEP][PASSED] - selectOptionByValue(findTestObject("1. CURA Test Object (Click, Set, Dropdown)/Facility"), facility, true): All options with value 'Tokyo CURA Healthcare Center' are selected in object 'Object Repository/1. CURA Test Object (Click, Set, Dropdown)/Facility'  using regular expression

08-07-2024T22:22:44 - [MESSAGE][PASSED] - All options with value 'Tokyo CURA Healthcare Center' are selected in object 'Object Repository/1. CURA Test Object (Click, Set, Dropdown)/Facility'  using regular expression

08-07-2024T22:22:44 - [TEST_STEP][PASSED] - click(findTestObject("1. CURA Test Object (Click, Set, Dropdown)/Medicare")): Object: 'Object Repository/1. CURA Test Object (Click, Set, Dropdown)/Medicare' is clicked on

08-07-2024T22:22:45 - [MESSAGE][PASSED] - Object: 'Object Repository/1. CURA Test Object (Click, Set, Dropdown)/Medicare' is clicked on

08-07-2024T22:22:45 - [TEST_STEP][PASSED] - click(findTestObject("1. CURA Test Object (Click, Set, Dropdown)/Visit Date")): Object: 'Object Repository/1. CURA Test Object (Click, Set, Dropdown)/Visit Date' is clicked on

08-07-2024T22:22:45 - [MESSAGE][PASSED] - Object: 'Object Repository/1. CURA Test Object (Click, Set, Dropdown)/Visit Date' is clicked on

08-07-2024T22:22:45 - [TEST_STEP][PASSED] - setText(findTestObject("1. CURA Test Object (Click, Set, Dropdown)/Visit Date"), datevisit): Text '09/09/2024' is set on object 'Object Repository/1. CURA Test Object (Click, Set, Dropdown)/Visit Date'

08-07-2024T22:22:46 - [MESSAGE][PASSED] - Text '09/09/2024' is set on object 'Object Repository/1. CURA Test Object (Click, Set, Dropdown)/Visit Date'

08-07-2024T22:22:46 - [TEST_STEP][PASSED] - setText(findTestObject("1. CURA Test Object (Click, Set, Dropdown)/Comment"), commentbook): Text 'Meet dr. Yuki' is set on object 'Object Repository/1. CURA Test Object (Click, Set, Dropdown)/Comment'

08-07-2024T22:22:47 - [MESSAGE][PASSED] - Text 'Meet dr. Yuki' is set on object 'Object Repository/1. CURA Test Object (Click, Set, Dropdown)/Comment'

08-07-2024T22:22:47 - [TEST_STEP][PASSED] - click(findTestObject("1. CURA Test Object (Click, Set, Dropdown)/Book Appointment")): Object: 'Object Repository/1. CURA Test Object (Click, Set, Dropdown)/Book Appointment' is clicked on

08-07-2024T22:22:48 - [MESSAGE][PASSED] - Object: 'Object Repository/1. CURA Test Object (Click, Set, Dropdown)/Book Appointment' is clicked on

08-07-2024T22:22:48 - [TEST_STEP][PASSED] - click(findTestObject("1. CURA Test Object (Click, Set, Dropdown)/Menu")): Object: 'Object Repository/1. CURA Test Object (Click, Set, Dropdown)/Menu' is clicked on

08-07-2024T22:22:48 - [MESSAGE][PASSED] - Object: 'Object Repository/1. CURA Test Object (Click, Set, Dropdown)/Menu' is clicked on

08-07-2024T22:22:48 - [TEST_STEP][PASSED] - click(findTestObject("1. CURA Test Object (Click, Set, Dropdown)/Home")): Object: 'Object Repository/1. CURA Test Object (Click, Set, Dropdown)/Home' is clicked on

08-07-2024T22:22:49 - [MESSAGE][PASSED] - Object: 'Object Repository/1. CURA Test Object (Click, Set, Dropdown)/Home' is clicked on

08-07-2024T22:22:49 - [TEST_STEP][PASSED] - verifyElementPresent(findTestObject("2. CURA Test Object (Verify parameter)/CURA Healthcare Service Label"), 0): Object 'Object Repository/2. CURA Test Object (Verify parameter)/CURA Healthcare Service Label' is present

08-07-2024T22:22:49 - [MESSAGE][WARNING] - Timeout '0' is invalid. Using default page load timeout: '30'

08-07-2024T22:22:49 - [MESSAGE][PASSED] - Object 'Object Repository/2. CURA Test Object (Verify parameter)/CURA Healthcare Service Label' is present

08-07-2024T22:22:49 - [TEST_STEP][PASSED] - click(findTestObject("1. CURA Test Object (Click, Set, Dropdown)/Make Appointment")): Object: 'Object Repository/1. CURA Test Object (Click, Set, Dropdown)/Make Appointment' is clicked on

08-07-2024T22:22:50 - [MESSAGE][PASSED] - Object: 'Object Repository/1. CURA Test Object (Click, Set, Dropdown)/Make Appointment' is clicked on]]></system-out>
         <system-err><![CDATA[]]></system-err>
      </testcase>
      <testcase name="Test Cases/CURA Web Test/TC20 - Tokyo appointment using data driven" time="14.852" classname="Test Cases/CURA Web Test/TC20 - Tokyo appointment using data driven" status="PASSED">
         <system-out><![CDATA[08-07-2024T22:22:50 - [TEST_CASE][PASSED] - Test Cases/CURA Web Test/TC20 - Tokyo appointment using data driven: Test Cases/CURA Web Test/TC20 - Tokyo appointment using data driven

08-07-2024T22:22:50 - [TEST_STEP][PASSED] - propertiesPage.openBrowser.main(): propertiesPage.openBrowser.main is PASSED

08-07-2024T22:22:50 - [MESSAGE][WARNING] - A browser is already opened. Closing browser and opening a new one

08-07-2024T22:22:50 - [MESSAGE][INFO] - Starting 'Chrome' driver

08-07-2024T22:22:50 - [MESSAGE][INFO] - Action delay is set to 0 milliseconds

08-07-2024T22:22:51 - [MESSAGE][PASSED] - Browser is opened with url: ''

08-07-2024T22:22:54 - [MESSAGE][PASSED] - Navigate to 'https://katalon-demo-cura.herokuapp.com/' successfully

08-07-2024T22:22:54 - [MESSAGE][PASSED] - propertiesPage.openBrowser.main is PASSED

08-07-2024T22:22:54 - [TEST_STEP][PASSED] - propertiesPage.loginMenu.main(): propertiesPage.loginMenu.main is PASSED

08-07-2024T22:22:55 - [MESSAGE][PASSED] - Object: 'Object Repository/1. CURA Test Object (Click, Set, Dropdown)/Make Appointment' is clicked on

08-07-2024T22:22:56 - [MESSAGE][PASSED] - Text 'John Doe' is set on object 'Object Repository/1. CURA Test Object (Click, Set, Dropdown)/Username'

08-07-2024T22:22:57 - [MESSAGE][PASSED] - Text 'ThisIsNotAPassword' is set on object 'Object Repository/1. CURA Test Object (Click, Set, Dropdown)/Password'

08-07-2024T22:22:58 - [MESSAGE][PASSED] - Object: 'Object Repository/1. CURA Test Object (Click, Set, Dropdown)/Login Button' is clicked on

08-07-2024T22:22:58 - [MESSAGE][PASSED] - propertiesPage.loginMenu.main is PASSED

08-07-2024T22:22:58 - [TEST_STEP][PASSED] - selectOptionByValue(findTestObject("1. CURA Test Object (Click, Set, Dropdown)/Facility"), facility, true): All options with value 'Tokyo CURA Healthcare Center' are selected in object 'Object Repository/1. CURA Test Object (Click, Set, Dropdown)/Facility'  using regular expression

08-07-2024T22:22:59 - [MESSAGE][PASSED] - All options with value 'Tokyo CURA Healthcare Center' are selected in object 'Object Repository/1. CURA Test Object (Click, Set, Dropdown)/Facility'  using regular expression

08-07-2024T22:22:59 - [TEST_STEP][PASSED] - click(findTestObject("1. CURA Test Object (Click, Set, Dropdown)/Medicare")): Object: 'Object Repository/1. CURA Test Object (Click, Set, Dropdown)/Medicare' is clicked on

08-07-2024T22:23:00 - [MESSAGE][PASSED] - Object: 'Object Repository/1. CURA Test Object (Click, Set, Dropdown)/Medicare' is clicked on

08-07-2024T22:23:00 - [TEST_STEP][PASSED] - click(findTestObject("1. CURA Test Object (Click, Set, Dropdown)/Visit Date")): Object: 'Object Repository/1. CURA Test Object (Click, Set, Dropdown)/Visit Date' is clicked on

08-07-2024T22:23:00 - [MESSAGE][PASSED] - Object: 'Object Repository/1. CURA Test Object (Click, Set, Dropdown)/Visit Date' is clicked on

08-07-2024T22:23:00 - [TEST_STEP][PASSED] - setText(findTestObject("1. CURA Test Object (Click, Set, Dropdown)/Visit Date"), datevisit): Text '24/12/2024' is set on object 'Object Repository/1. CURA Test Object (Click, Set, Dropdown)/Visit Date'

08-07-2024T22:23:01 - [MESSAGE][PASSED] - Text '24/12/2024' is set on object 'Object Repository/1. CURA Test Object (Click, Set, Dropdown)/Visit Date'

08-07-2024T22:23:01 - [TEST_STEP][PASSED] - setText(findTestObject("1. CURA Test Object (Click, Set, Dropdown)/Comment"), commentbook): Text 'Meet dr. Kento Momota' is set on object 'Object Repository/1. CURA Test Object (Click, Set, Dropdown)/Comment'

08-07-2024T22:23:02 - [MESSAGE][PASSED] - Text 'Meet dr. Kento Momota' is set on object 'Object Repository/1. CURA Test Object (Click, Set, Dropdown)/Comment'

08-07-2024T22:23:02 - [TEST_STEP][PASSED] - click(findTestObject("1. CURA Test Object (Click, Set, Dropdown)/Book Appointment")): Object: 'Object Repository/1. CURA Test Object (Click, Set, Dropdown)/Book Appointment' is clicked on

08-07-2024T22:23:02 - [MESSAGE][PASSED] - Object: 'Object Repository/1. CURA Test Object (Click, Set, Dropdown)/Book Appointment' is clicked on

08-07-2024T22:23:02 - [TEST_STEP][PASSED] - click(findTestObject("1. CURA Test Object (Click, Set, Dropdown)/Menu")): Object: 'Object Repository/1. CURA Test Object (Click, Set, Dropdown)/Menu' is clicked on

08-07-2024T22:23:03 - [MESSAGE][PASSED] - Object: 'Object Repository/1. CURA Test Object (Click, Set, Dropdown)/Menu' is clicked on

08-07-2024T22:23:03 - [TEST_STEP][PASSED] - click(findTestObject("1. CURA Test Object (Click, Set, Dropdown)/Home")): Object: 'Object Repository/1. CURA Test Object (Click, Set, Dropdown)/Home' is clicked on

08-07-2024T22:23:04 - [MESSAGE][PASSED] - Object: 'Object Repository/1. CURA Test Object (Click, Set, Dropdown)/Home' is clicked on

08-07-2024T22:23:04 - [TEST_STEP][PASSED] - verifyElementPresent(findTestObject("2. CURA Test Object (Verify parameter)/CURA Healthcare Service Label"), 0): Object 'Object Repository/2. CURA Test Object (Verify parameter)/CURA Healthcare Service Label' is present

08-07-2024T22:23:04 - [MESSAGE][WARNING] - Timeout '0' is invalid. Using default page load timeout: '30'

08-07-2024T22:23:04 - [MESSAGE][PASSED] - Object 'Object Repository/2. CURA Test Object (Verify parameter)/CURA Healthcare Service Label' is present

08-07-2024T22:23:04 - [TEST_STEP][PASSED] - click(findTestObject("1. CURA Test Object (Click, Set, Dropdown)/Make Appointment")): Object: 'Object Repository/1. CURA Test Object (Click, Set, Dropdown)/Make Appointment' is clicked on

08-07-2024T22:23:04 - [MESSAGE][PASSED] - Object: 'Object Repository/1. CURA Test Object (Click, Set, Dropdown)/Make Appointment' is clicked on]]></system-out>
         <system-err><![CDATA[]]></system-err>
      </testcase>
      <testcase name="Test Cases/CURA Web Test/Properties/TCP03 - Logout" time="3.037" classname="Test Cases/CURA Web Test/Properties/TCP03 - Logout" status="PASSED">
         <system-out><![CDATA[08-07-2024T22:23:04 - [TEST_CASE][PASSED] - Test Cases/CURA Web Test/Properties/TCP03 - Logout: Test Cases/CURA Web Test/Properties/TCP03 - Logout

08-07-2024T22:23:05 - [TEST_STEP][PASSED] - verifyElementText(findTestObject("2. CURA Test Object (Verify parameter)/Make Appointment Text"), "Make Appointment"): Actual text and expected text of test object 'Object Repository/2. CURA Test Object (Verify parameter)/Make Appointment Text' are matched.

08-07-2024T22:23:05 - [MESSAGE][PASSED] - Actual text and expected text of test object 'Object Repository/2. CURA Test Object (Verify parameter)/Make Appointment Text' are matched.

08-07-2024T22:23:05 - [TEST_STEP][PASSED] - click(findTestObject("1. CURA Test Object (Click, Set, Dropdown)/Menu")): Object: 'Object Repository/1. CURA Test Object (Click, Set, Dropdown)/Menu' is clicked on

08-07-2024T22:23:06 - [MESSAGE][PASSED] - Object: 'Object Repository/1. CURA Test Object (Click, Set, Dropdown)/Menu' is clicked on

08-07-2024T22:23:06 - [TEST_STEP][PASSED] - click(findTestObject("1. CURA Test Object (Click, Set, Dropdown)/Logout")): Object: 'Object Repository/1. CURA Test Object (Click, Set, Dropdown)/Logout' is clicked on

08-07-2024T22:23:07 - [MESSAGE][PASSED] - Object: 'Object Repository/1. CURA Test Object (Click, Set, Dropdown)/Logout' is clicked on

08-07-2024T22:23:07 - [TEST_STEP][PASSED] - closeBrowser(): Browser is closed

08-07-2024T22:23:08 - [MESSAGE][PASSED] - Browser is closed]]></system-out>
         <system-err><![CDATA[]]></system-err>
      </testcase>
      <system-out><![CDATA[08-07-2024T22:22:13 - [TEST_SUITE][PASSED] - TS12 - Tokyo appointment using data driven: Test Cases/CURA Web Test/Properties/TCP03 - Logout]]></system-out>
      <system-err><![CDATA[]]></system-err>
   </testsuite>
</testsuites>
