<?xml version="1.0" encoding="UTF-8"?>
<testsuites name="TS07 - Home button variation" time="109.962" tests="4" failures="0" errors="0">
   <testsuite name="TS07 - Home button variation" tests="4" failures="0" errors="0" time="109.962" skipped="0" timestamp="29-06-2024T14:31:36" hostname="Lenovo - LAPTOP-7QB5JFLU" id="Test Suites/TS07 - Home button variation">
      <properties>
         <property name="deviceName" value=""/>
         <property name="devicePlatform"/>
         <property name="logFolder" value="C:\\Users\\Lenovo\\git\\KatalonPractitionerLevel\\Reports\\20240629_143132\\TS07 - Home button variation\\20240629_143132"/>
         <property name="logFiles" value="C:\\Users\\Lenovo\\git\\KatalonPractitionerLevel\\Reports\\20240629_143132\\TS07 - Home button variation\\20240629_143132\\execution0.log"/>
         <property name="attachments" value=""/>
         <property name="hostName" value="Lenovo - LAPTOP-7QB5JFLU"/>
         <property name="os" value="Windows 11 64bit"/>
         <property name="katalonVersion" value="9.6.0.217"/>
         <property name="browser" value="Chrome 126.0.0.0"/>
         <property name="hostAddress" value="192.168.1.12"/>
         <property name="sessionId" value="931a761de59d8749575365581001178d"/>
         <property name="seleniumVersion" value="3.141.59"/>
         <property name="proxyInformation" value="ProxyInformation { proxyOption=NO_PROXY, proxyServerType=HTTP, username=, password=********, proxyServerAddress=, proxyServerPort=0, executionList=&quot;&quot;, isApplyToDesiredCapabilities=true }"/>
         <property name="platform" value="Windows 11"/>
      </properties>
      <testcase name="Test Cases/Test Case Properties/TCP01 - Open Browser" time="4.753" classname="Test Cases/Test Case Properties/TCP01 - Open Browser" status="PASSED">
         <system-out><![CDATA[29-06-2024T14:31:36 - [TEST_CASE][PASSED] - Test Cases/Test Case Properties/TCP01 - Open Browser: Test Cases/Test Case Properties/TCP01 - Open Browser

29-06-2024T14:31:36 - [TEST_STEP][PASSED] - openBrowser(""): Browser is opened with url: ''

29-06-2024T14:31:36 - [MESSAGE][INFO] - Starting 'Chrome' driver

29-06-2024T14:31:36 - [MESSAGE][INFO] - Action delay is set to 0 milliseconds

29-06-2024T14:31:38 - [MESSAGE][PASSED] - Browser is opened with url: ''

29-06-2024T14:31:38 - [TEST_STEP][PASSED] - navigateToUrl("https://katalon-demo-cura.herokuapp.com/"): Navigate to 'https://katalon-demo-cura.herokuapp.com/' successfully

29-06-2024T14:31:41 - [MESSAGE][PASSED] - Navigate to 'https://katalon-demo-cura.herokuapp.com/' successfully]]></system-out>
         <system-err><![CDATA[]]></system-err>
      </testcase>
      <testcase name="Test Cases/Test Case Properties/TCP02 - Login" time="67.114" classname="Test Cases/Test Case Properties/TCP02 - Login" status="PASSED">
         <system-out><![CDATA[29-06-2024T14:31:41 - [TEST_CASE][PASSED] - Test Cases/Test Case Properties/TCP02 - Login: Test Cases/Test Case Properties/TCP02 - Login

29-06-2024T14:31:41 - [TEST_STEP][PASSED] - click(findTestObject("Login page/Page_CURA Healthcare Service/a_Make Appointment")): Object: 'Object Repository/Login page/Page_CURA Healthcare Service/a_Make Appointment' is clicked on

29-06-2024T14:31:42 - [MESSAGE][PASSED] - Object: 'Object Repository/Login page/Page_CURA Healthcare Service/a_Make Appointment' is clicked on

29-06-2024T14:31:42 - [TEST_STEP][PASSED] - verifyElementText(findTestObject("Login menu check/Page_CURA Healthcare Service/h2_Login"), "Login"): Actual text and expected text of test object 'Object Repository/Login menu check/Page_CURA Healthcare Service/h2_Login' are matched.

29-06-2024T14:31:42 - [MESSAGE][PASSED] - Actual text and expected text of test object 'Object Repository/Login menu check/Page_CURA Healthcare Service/h2_Login' are matched.

29-06-2024T14:31:42 - [TEST_STEP][PASSED] - setText(findTestObject("Login page/Page_CURA Healthcare Service/input_Username_username"), "John Doe"): Text 'John Doe' is set on object 'Object Repository/Login page/Page_CURA Healthcare Service/input_Username_username'

29-06-2024T14:32:14 - [MESSAGE][INFO] - Unable to find the element located by 'By.xpath: John'. Please recheck the objects properties to make sure the desired element is located. 

29-06-2024T14:32:14 - [MESSAGE][WARNING] - [SELF-HEALING] Failed to find element with id 'Object Repository/Login page/Page_CURA Healthcare Service/input_Username_username'. Try using Self-healing.

29-06-2024T14:32:14 - [MESSAGE][WARNING] - [SELF-HEALING] The current locator of test object 'Object Repository/Login page/Page_CURA Healthcare Service/input_Username_username' was broken. Propose an alternative one: '//input[@id='txt-username']'.

29-06-2024T14:32:45 - [MESSAGE][INFO] - Unable to find the element located by 'By.xpath: John'. Please recheck the objects properties to make sure the desired element is located. 

29-06-2024T14:32:45 - [MESSAGE][WARNING] - [SELF-HEALING] Failed to find element with id 'Object Repository/Login page/Page_CURA Healthcare Service/input_Username_username'. Try using Self-healing.

29-06-2024T14:32:45 - [MESSAGE][WARNING] - [SELF-HEALING] The current locator of test object 'Object Repository/Login page/Page_CURA Healthcare Service/input_Username_username' was broken. Propose an alternative one: '//input[@id='txt-username']'.

29-06-2024T14:32:45 - [MESSAGE][PASSED] - Text 'John Doe' is set on object 'Object Repository/Login page/Page_CURA Healthcare Service/input_Username_username'

29-06-2024T14:32:45 - [TEST_STEP][PASSED] - setText(findTestObject("Login page/Page_CURA Healthcare Service/input_Password_password"), "ThisIsNotAPassword"): Text 'ThisIsNotAPassword' is set on object 'Object Repository/Login page/Page_CURA Healthcare Service/input_Password_password'

29-06-2024T14:32:46 - [MESSAGE][PASSED] - Text 'ThisIsNotAPassword' is set on object 'Object Repository/Login page/Page_CURA Healthcare Service/input_Password_password'

29-06-2024T14:32:46 - [TEST_STEP][PASSED] - click(findTestObject("Login page/Page_CURA Healthcare Service/button_Login")): Object: 'Object Repository/Login page/Page_CURA Healthcare Service/button_Login' is clicked on

29-06-2024T14:32:48 - [MESSAGE][PASSED] - Object: 'Object Repository/Login page/Page_CURA Healthcare Service/button_Login' is clicked on]]></system-out>
         <system-err><![CDATA[]]></system-err>
      </testcase>
      <testcase name="Test Cases/TC14 - Home button" time="4.085" classname="Test Cases/TC14 - Home button" status="PASSED">
         <system-out><![CDATA[29-06-2024T14:32:48 - [TEST_CASE][PASSED] - Test Cases/TC14 - Home button: Test Cases/TC14 - Home button

29-06-2024T14:32:48 - [TEST_STEP][PASSED] - verifyElementPresent(findTestObject("Homepage of CURA/Page_CURA Healthcare Service/h1_CURA Healthcare Service"), 0): Object 'Object Repository/Homepage of CURA/Page_CURA Healthcare Service/h1_CURA Healthcare Service' is present

29-06-2024T14:32:48 - [MESSAGE][WARNING] - Timeout '0' is invalid. Using default page load timeout: '30'

29-06-2024T14:32:48 - [MESSAGE][PASSED] - Object 'Object Repository/Homepage of CURA/Page_CURA Healthcare Service/h1_CURA Healthcare Service' is present

29-06-2024T14:32:48 - [TEST_STEP][PASSED] - click(findTestObject("CURA menu/Page_CURA Healthcare Service/i_CURA Healthcare_fa fa-bars")): Object: 'Object Repository/CURA menu/Page_CURA Healthcare Service/i_CURA Healthcare_fa fa-bars' is clicked on

29-06-2024T14:32:49 - [MESSAGE][PASSED] - Object: 'Object Repository/CURA menu/Page_CURA Healthcare Service/i_CURA Healthcare_fa fa-bars' is clicked on

29-06-2024T14:32:49 - [TEST_STEP][PASSED] - click(findTestObject("Login menu check/Page_CURA Healthcare Service/a_Home")): Object: 'Object Repository/Login menu check/Page_CURA Healthcare Service/a_Home' is clicked on

29-06-2024T14:32:50 - [MESSAGE][PASSED] - Object: 'Object Repository/Login menu check/Page_CURA Healthcare Service/a_Home' is clicked on

29-06-2024T14:32:50 - [TEST_STEP][PASSED] - verifyElementPresent(findTestObject("Login menu check/Page_CURA Healthcare Service/h1_CURA Healthcare Service"), 0): Object 'Object Repository/Login menu check/Page_CURA Healthcare Service/h1_CURA Healthcare Service' is present

29-06-2024T14:32:50 - [MESSAGE][WARNING] - Timeout '0' is invalid. Using default page load timeout: '30'

29-06-2024T14:32:50 - [MESSAGE][PASSED] - Object 'Object Repository/Login menu check/Page_CURA Healthcare Service/h1_CURA Healthcare Service' is present

29-06-2024T14:32:50 - [TEST_STEP][PASSED] - click(findTestObject("Login menu check/Page_CURA Healthcare Service/i_CURA Healthcare_fa fa-bars")): Object: 'Object Repository/Login menu check/Page_CURA Healthcare Service/i_CURA Healthcare_fa fa-bars' is clicked on

29-06-2024T14:32:50 - [MESSAGE][PASSED] - Object: 'Object Repository/Login menu check/Page_CURA Healthcare Service/i_CURA Healthcare_fa fa-bars' is clicked on

29-06-2024T14:32:50 - [TEST_STEP][PASSED] - click(findTestObject("History check/Page_CURA Healthcare Service/a_History")): Object: 'Object Repository/History check/Page_CURA Healthcare Service/a_History' is clicked on

29-06-2024T14:32:51 - [MESSAGE][PASSED] - Object: 'Object Repository/History check/Page_CURA Healthcare Service/a_History' is clicked on

29-06-2024T14:32:51 - [TEST_STEP][PASSED] - click(findTestObject("History check/Page_CURA Healthcare Service/a_Go to Homepage")): Object: 'Object Repository/History check/Page_CURA Healthcare Service/a_Go to Homepage' is clicked on

29-06-2024T14:32:52 - [MESSAGE][PASSED] - Object: 'Object Repository/History check/Page_CURA Healthcare Service/a_Go to Homepage' is clicked on]]></system-out>
         <system-err><![CDATA[]]></system-err>
      </testcase>
      <testcase name="Test Cases/Test Case Properties/TCP03 - Logout" time="33.863" classname="Test Cases/Test Case Properties/TCP03 - Logout" status="PASSED">
         <system-out><![CDATA[29-06-2024T14:32:52 - [TEST_CASE][PASSED] - Test Cases/Test Case Properties/TCP03 - Logout: Test Cases/Test Case Properties/TCP03 - Logout

29-06-2024T14:32:52 - [TEST_STEP][PASSED] - verifyElementText(findTestObject("Appointment/Page_CURA Healthcare Service/h2_Make Appointment"), "Make Appointment"): Actual text and expected text of test object 'Object Repository/Appointment/Page_CURA Healthcare Service/h2_Make Appointment' are matched.

29-06-2024T14:32:52 - [MESSAGE][PASSED] - Actual text and expected text of test object 'Object Repository/Appointment/Page_CURA Healthcare Service/h2_Make Appointment' are matched.

29-06-2024T14:32:52 - [TEST_STEP][PASSED] - click(findTestObject("History check/Page_CURA Healthcare Service/i_CURA Healthcare_fa fa-bars")): Object: 'Object Repository/History check/Page_CURA Healthcare Service/i_CURA Healthcare_fa fa-bars' is clicked on

29-06-2024T14:32:53 - [MESSAGE][PASSED] - Object: 'Object Repository/History check/Page_CURA Healthcare Service/i_CURA Healthcare_fa fa-bars' is clicked on

29-06-2024T14:32:53 - [TEST_STEP][PASSED] - click(findTestObject("Log out/Page_CURA Healthcare Service/a_Logout_1")): Object: 'Object Repository/Log out/Page_CURA Healthcare Service/a_Logout_1' is clicked on

29-06-2024T14:33:24 - [MESSAGE][INFO] - Unable to find the element located by 'By.xpath: //section[@id='profile']/div/div/div/p[2]/a'. Please recheck the objects properties to make sure the desired element is located. 

29-06-2024T14:33:24 - [MESSAGE][WARNING] - [SELF-HEALING] Failed to find element with id 'Object Repository/Log out/Page_CURA Healthcare Service/a_Logout_1'. Try using Self-healing.

29-06-2024T14:33:24 - [MESSAGE][INFO] - [SELF-HEALING] Failed Locator: '//section[@id='profile']/div/div/div/p[2]/a'.

29-06-2024T14:33:24 - [MESSAGE][INFO] - [SELF-HEALING] Failed Locator: '(//a[contains(text(),'Logout')])[2]'.

29-06-2024T14:33:25 - [MESSAGE][INFO] - [SELF-HEALING] Failed Locator: '(.//*[normalize-space(text()) and normalize-space(.)='Profile'])[2]/following::a[1]'.

29-06-2024T14:33:25 - [MESSAGE][INFO] - [SELF-HEALING] Working Locator: '(.//*[normalize-space(text()) and normalize-space(.)='Make Appointment'])[1]/following::a[1]'.

29-06-2024T14:33:25 - [MESSAGE][INFO] - [SELF-HEALING] Screenshot: C:/Users/Lenovo/git/KatalonPractitionerLevel/Reports/Self-healing/Object Repository/Log out/Page_CURA Healthcare Service/a_Logout_1_neighbor.png

29-06-2024T14:33:25 - [MESSAGE][WARNING] - [SELF-HEALING] The current locator of test object 'Object Repository/Log out/Page_CURA Healthcare Service/a_Logout_1' was broken. Propose an alternative one: '(.//*[normalize-space(text()) and normalize-space(.)='Make Appointment'])[1]/following::a[1]'.

29-06-2024T14:33:25 - [MESSAGE][PASSED] - Object: 'Object Repository/Log out/Page_CURA Healthcare Service/a_Logout_1' is clicked on

29-06-2024T14:33:25 - [TEST_STEP][PASSED] - closeBrowser(): Browser is closed

29-06-2024T14:33:26 - [MESSAGE][PASSED] - Browser is closed]]></system-out>
         <system-err><![CDATA[]]></system-err>
      </testcase>
      <system-out><![CDATA[29-06-2024T14:31:36 - [TEST_SUITE][PASSED] - TS07 - Home button variation: Test Cases/Test Case Properties/TCP03 - Logout]]></system-out>
      <system-err><![CDATA[]]></system-err>
   </testsuite>
</testsuites>
