<?xml version="1.0" encoding="UTF-8"?>
<testsuites name="TS05 - History check" time="23.361" tests="2" failures="0" errors="0">
   <testsuite name="TS05 - History check" tests="2" failures="0" errors="0" time="23.361" skipped="0" timestamp="2024-07-12 15:38:54" hostname="Lenovo - LAPTOP-7QB5JFLU" id="Test Suites/CURA Test suites/TS05 - History check">
      <properties>
         <property name="deviceName" value=""/>
         <property name="devicePlatform" value=""/>
         <property name="logFolder" value="C:\\Users\\Lenovo\\git\\KatalonPractitionerLevel\\Reports\\20240712_153554\\CURA Test suites\\TS05 - History check\\20240712_153607"/>
         <property name="logFiles" value="C:\\Users\\Lenovo\\git\\KatalonPractitionerLevel\\Reports\\20240712_153554\\CURA Test suites\\TS05 - History check\\20240712_153607\\execution0.log"/>
         <property name="attachments" value="keyes\keyes-History Hongkong Appointment.png"/>
         <property name="hostName" value="Lenovo - LAPTOP-7QB5JFLU"/>
         <property name="os" value="Windows 11 64bit"/>
         <property name="katalonVersion" value="8.6.9.208"/>
         <property name="browser" value="Chrome 126.0.0.0"/>
         <property name="hostAddress" value="192.168.1.12"/>
         <property name="sessionId" value="efb603b17d5606f9d8ca512a07dc50a7"/>
         <property name="seleniumVersion" value="3.141.59"/>
         <property name="proxyInformation" value="ProxyInformation { proxyOption=NO_PROXY, proxyServerType=HTTP, username=, password=********, proxyServerAddress=, proxyServerPort=0, executionList=&quot;&quot;, isApplyToDesiredCapabilities=true }"/>
         <property name="platform" value="Windows 11"/>
      </properties>
      <testcase name="Test Cases/CURA Web Test/TC10 - History menu check" time="20.055" classname="Test Cases/CURA Web Test/TC10 - History menu check" status="PASSED">
         <system-out><![CDATA[2024-07-12 15:38:54 - [TEST_CASE][PASSED] - Test Cases/CURA Web Test/TC10 - History menu check: Test Cases/CURA Web Test/TC10 - History menu check

2024-07-12 15:38:55 - [TEST_STEP][PASSED] - openBrowser(""): Browser is opened with url: ''

2024-07-12 15:38:55 - [MESSAGE][INFO] - Starting 'Chrome' driver

2024-07-12 15:38:55 - [MESSAGE][INFO] - Action delay is set to 0 milliseconds

2024-07-12 15:38:57 - [MESSAGE][PASSED] - Browser is opened with url: ''

2024-07-12 15:38:57 - [TEST_STEP][PASSED] - navigateToUrl("https://katalon-demo-cura.herokuapp.com/"): Navigate to 'https://katalon-demo-cura.herokuapp.com/' successfully

2024-07-12 15:39:00 - [MESSAGE][PASSED] - Navigate to 'https://katalon-demo-cura.herokuapp.com/' successfully

2024-07-12 15:39:00 - [TEST_STEP][PASSED] - click(findTestObject("1. CURA Test Object (Click, Set, Dropdown)/Make Appointment")): Object: 'Object Repository/1. CURA Test Object (Click, Set, Dropdown)/Make Appointment' is clicked on

2024-07-12 15:39:01 - [MESSAGE][PASSED] - Object: 'Object Repository/1. CURA Test Object (Click, Set, Dropdown)/Make Appointment' is clicked on

2024-07-12 15:39:01 - [TEST_STEP][PASSED] - setText(findTestObject("1. CURA Test Object (Click, Set, Dropdown)/Username"), "John Doe"): Text 'John Doe' is set on object 'Object Repository/1. CURA Test Object (Click, Set, Dropdown)/Username'

2024-07-12 15:39:02 - [MESSAGE][PASSED] - Text 'John Doe' is set on object 'Object Repository/1. CURA Test Object (Click, Set, Dropdown)/Username'

2024-07-12 15:39:02 - [TEST_STEP][PASSED] - setEncryptedText(findTestObject("1. CURA Test Object (Click, Set, Dropdown)/Password"), "g3/DOGG74jC3Flrr3yH+3D/yKbOqqUNM"): Text ****** has been set on object 'Object Repository/1. CURA Test Object (Click, Set, Dropdown)/Password'

2024-07-12 15:39:02 - [MESSAGE][PASSED] - Text ****** has been set on object 'Object Repository/1. CURA Test Object (Click, Set, Dropdown)/Password'

2024-07-12 15:39:02 - [TEST_STEP][PASSED] - click(findTestObject("1. CURA Test Object (Click, Set, Dropdown)/Login Button")): Object: 'Object Repository/1. CURA Test Object (Click, Set, Dropdown)/Login Button' is clicked on

2024-07-12 15:39:04 - [MESSAGE][PASSED] - Object: 'Object Repository/1. CURA Test Object (Click, Set, Dropdown)/Login Button' is clicked on

2024-07-12 15:39:04 - [TEST_STEP][PASSED] - selectOptionByValue(findTestObject("1. CURA Test Object (Click, Set, Dropdown)/Facility"), "Hongkong CURA Healthcare Center", true): All options with value 'Hongkong CURA Healthcare Center' are selected in object 'Object Repository/1. CURA Test Object (Click, Set, Dropdown)/Facility'  using regular expression

2024-07-12 15:39:05 - [MESSAGE][PASSED] - All options with value 'Hongkong CURA Healthcare Center' are selected in object 'Object Repository/1. CURA Test Object (Click, Set, Dropdown)/Facility'  using regular expression

2024-07-12 15:39:05 - [TEST_STEP][PASSED] - click(findTestObject("1. CURA Test Object (Click, Set, Dropdown)/Apply for Hospital Readmission")): Object: 'Object Repository/1. CURA Test Object (Click, Set, Dropdown)/Apply for Hospital Readmission' is clicked on

2024-07-12 15:39:05 - [MESSAGE][PASSED] - Object: 'Object Repository/1. CURA Test Object (Click, Set, Dropdown)/Apply for Hospital Readmission' is clicked on

2024-07-12 15:39:05 - [TEST_STEP][PASSED] - setText(findTestObject("1. CURA Test Object (Click, Set, Dropdown)/Visit Date"), "28/06/2024"): Text '28/06/2024' is set on object 'Object Repository/1. CURA Test Object (Click, Set, Dropdown)/Visit Date'

2024-07-12 15:39:06 - [MESSAGE][PASSED] - Text '28/06/2024' is set on object 'Object Repository/1. CURA Test Object (Click, Set, Dropdown)/Visit Date'

2024-07-12 15:39:06 - [TEST_STEP][PASSED] - setText(findTestObject("1. CURA Test Object (Click, Set, Dropdown)/Comment"), "Let's meet at 9 AM"): Text 'Let's meet at 9 AM' is set on object 'Object Repository/1. CURA Test Object (Click, Set, Dropdown)/Comment'

2024-07-12 15:39:07 - [MESSAGE][PASSED] - Text 'Let's meet at 9 AM' is set on object 'Object Repository/1. CURA Test Object (Click, Set, Dropdown)/Comment'

2024-07-12 15:39:07 - [TEST_STEP][PASSED] - click(findTestObject("1. CURA Test Object (Click, Set, Dropdown)/Book Appointment")): Object: 'Object Repository/1. CURA Test Object (Click, Set, Dropdown)/Book Appointment' is clicked on

2024-07-12 15:39:08 - [MESSAGE][PASSED] - Object: 'Object Repository/1. CURA Test Object (Click, Set, Dropdown)/Book Appointment' is clicked on

2024-07-12 15:39:08 - [TEST_STEP][PASSED] - verifyElementText(findTestObject("4. Appointment Hongkong/Page_CURA Healthcare Service/h2_Appointment Confirmation"), "Appointment Confirmation"): Actual text and expected text of test object 'Object Repository/4. Appointment Hongkong/Page_CURA Healthcare Service/h2_Appointment Confirmation' are matched.

2024-07-12 15:39:09 - [MESSAGE][PASSED] - Actual text and expected text of test object 'Object Repository/4. Appointment Hongkong/Page_CURA Healthcare Service/h2_Appointment Confirmation' are matched.

2024-07-12 15:39:09 - [TEST_STEP][PASSED] - click(findTestObject("1. CURA Test Object (Click, Set, Dropdown)/Menu")): Object: 'Object Repository/1. CURA Test Object (Click, Set, Dropdown)/Menu' is clicked on

2024-07-12 15:39:09 - [MESSAGE][PASSED] - Object: 'Object Repository/1. CURA Test Object (Click, Set, Dropdown)/Menu' is clicked on

2024-07-12 15:39:09 - [TEST_STEP][PASSED] - click(findTestObject("1. CURA Test Object (Click, Set, Dropdown)/History")): Object: 'Object Repository/1. CURA Test Object (Click, Set, Dropdown)/History' is clicked on

2024-07-12 15:39:10 - [MESSAGE][PASSED] - Object: 'Object Repository/1. CURA Test Object (Click, Set, Dropdown)/History' is clicked on

2024-07-12 15:39:10 - [TEST_STEP][PASSED] - takeScreenshotAsCheckpoint("History Hongkong Appointment"): Taking screenshot successfully

2024-07-12 15:39:11 - [MESSAGE][INFO] - 0 hidden object(s)

2024-07-12 15:39:11 - [MESSAGE][PASSED] - Taking screenshot successfully
[[ATTACHMENT|keyes\keyes-History Hongkong Appointment.png]]

2024-07-12 15:39:11 - [TEST_STEP][PASSED] - verifyElementText(findTestObject("Object Repository/8. History check/Page_CURA Healthcare Service/h2_History"), "History"): Actual text and expected text of test object 'Object Repository/8. History check/Page_CURA Healthcare Service/h2_History' are matched.

2024-07-12 15:39:11 - [MESSAGE][PASSED] - Actual text and expected text of test object 'Object Repository/8. History check/Page_CURA Healthcare Service/h2_History' are matched.

2024-07-12 15:39:11 - [TEST_STEP][PASSED] - verifyElementText(findTestObject("Object Repository/8. History check/Page_CURA Healthcare Service/div_28062024"), "28/06/2024"): Actual text and expected text of test object 'Object Repository/8. History check/Page_CURA Healthcare Service/div_28062024' are matched.

2024-07-12 15:39:12 - [MESSAGE][PASSED] - Actual text and expected text of test object 'Object Repository/8. History check/Page_CURA Healthcare Service/div_28062024' are matched.

2024-07-12 15:39:12 - [TEST_STEP][PASSED] - verifyElementText(findTestObject("Object Repository/8. History check/Page_CURA Healthcare Service/p_Hongkong CURA Healthcare Center"), "Hongkong CURA Healthcare Center"): Actual text and expected text of test object 'Object Repository/8. History check/Page_CURA Healthcare Service/p_Hongkong CURA Healthcare Center' are matched.

2024-07-12 15:39:12 - [MESSAGE][PASSED] - Actual text and expected text of test object 'Object Repository/8. History check/Page_CURA Healthcare Service/p_Hongkong CURA Healthcare Center' are matched.

2024-07-12 15:39:12 - [TEST_STEP][PASSED] - verifyElementText(findTestObject("Object Repository/8. History check/Page_CURA Healthcare Service/p_Yes"), "Yes"): Actual text and expected text of test object 'Object Repository/8. History check/Page_CURA Healthcare Service/p_Yes' are matched.

2024-07-12 15:39:12 - [MESSAGE][PASSED] - Actual text and expected text of test object 'Object Repository/8. History check/Page_CURA Healthcare Service/p_Yes' are matched.

2024-07-12 15:39:12 - [TEST_STEP][PASSED] - verifyElementText(findTestObject("Object Repository/8. History check/Page_CURA Healthcare Service/p_Medicare"), "Medicare"): Actual text and expected text of test object 'Object Repository/8. History check/Page_CURA Healthcare Service/p_Medicare' are matched.

2024-07-12 15:39:13 - [MESSAGE][PASSED] - Actual text and expected text of test object 'Object Repository/8. History check/Page_CURA Healthcare Service/p_Medicare' are matched.

2024-07-12 15:39:13 - [TEST_STEP][PASSED] - verifyElementText(findTestObject("Object Repository/8. History check/Page_CURA Healthcare Service/p_Lets meet at 9 AM"), "Let's meet at 9 AM"): Actual text and expected text of test object 'Object Repository/8. History check/Page_CURA Healthcare Service/p_Lets meet at 9 AM' are matched.

2024-07-12 15:39:13 - [MESSAGE][PASSED] - Actual text and expected text of test object 'Object Repository/8. History check/Page_CURA Healthcare Service/p_Lets meet at 9 AM' are matched.

2024-07-12 15:39:13 - [TEST_STEP][PASSED] - click(findTestObject("1. CURA Test Object (Click, Set, Dropdown)/Go to Homepage")): Object: 'Object Repository/1. CURA Test Object (Click, Set, Dropdown)/Go to Homepage' is clicked on

2024-07-12 15:39:14 - [MESSAGE][PASSED] - Object: 'Object Repository/1. CURA Test Object (Click, Set, Dropdown)/Go to Homepage' is clicked on

2024-07-12 15:39:14 - [TEST_STEP][PASSED] - verifyElementText(findTestObject("2. CURA Test Object (Verify parameter)/CURA Healthcare Service Label"), "CURA Healthcare Service"): Actual text and expected text of test object 'Object Repository/2. CURA Test Object (Verify parameter)/CURA Healthcare Service Label' are matched.

2024-07-12 15:39:14 - [MESSAGE][PASSED] - Actual text and expected text of test object 'Object Repository/2. CURA Test Object (Verify parameter)/CURA Healthcare Service Label' are matched.]]></system-out>
         <system-err><![CDATA[]]></system-err>
      </testcase>
      <testcase name="Test Cases/CURA Web Test/Properties/TCP03 - Logout" time="3.106" classname="Test Cases/CURA Web Test/Properties/TCP03 - Logout" status="PASSED">
         <system-out><![CDATA[2024-07-12 15:39:14 - [TEST_CASE][PASSED] - Test Cases/CURA Web Test/Properties/TCP03 - Logout: Test Cases/CURA Web Test/Properties/TCP03 - Logout

2024-07-12 15:39:15 - [TEST_STEP][PASSED] - verifyElementText(findTestObject("2. CURA Test Object (Verify parameter)/Make Appointment Text"), "Make Appointment"): Actual text and expected text of test object 'Object Repository/2. CURA Test Object (Verify parameter)/Make Appointment Text' are matched.

2024-07-12 15:39:15 - [MESSAGE][PASSED] - Actual text and expected text of test object 'Object Repository/2. CURA Test Object (Verify parameter)/Make Appointment Text' are matched.

2024-07-12 15:39:15 - [TEST_STEP][PASSED] - click(findTestObject("1. CURA Test Object (Click, Set, Dropdown)/Menu")): Object: 'Object Repository/1. CURA Test Object (Click, Set, Dropdown)/Menu' is clicked on

2024-07-12 15:39:15 - [MESSAGE][PASSED] - Object: 'Object Repository/1. CURA Test Object (Click, Set, Dropdown)/Menu' is clicked on

2024-07-12 15:39:15 - [TEST_STEP][PASSED] - click(findTestObject("1. CURA Test Object (Click, Set, Dropdown)/Logout")): Object: 'Object Repository/1. CURA Test Object (Click, Set, Dropdown)/Logout' is clicked on

2024-07-12 15:39:17 - [MESSAGE][PASSED] - Object: 'Object Repository/1. CURA Test Object (Click, Set, Dropdown)/Logout' is clicked on

2024-07-12 15:39:17 - [TEST_STEP][PASSED] - closeBrowser(): Browser is closed

2024-07-12 15:39:18 - [MESSAGE][PASSED] - Browser is closed]]></system-out>
         <system-err><![CDATA[]]></system-err>
      </testcase>
      <system-out><![CDATA[2024-07-12 15:38:54 - [TEST_SUITE][PASSED] - TS05 - History check: Test Cases/CURA Web Test/Properties/TCP03 - Logout]]></system-out>
      <system-err><![CDATA[]]></system-err>
   </testsuite>
</testsuites>
