<?xml version="1.0" encoding="UTF-8"?>
<testsuites name="TS003 - Sign Up Via Sign In Page Variation" time="45.539" tests="7" failures="0" errors="0">
   <testsuite name="TS003 - Sign Up Via Sign In Page Variation" tests="7" failures="0" errors="0" time="45.539" skipped="0" timestamp="07-07-2024T13:56:17" hostname="Lenovo - LAPTOP-7QB5JFLU" id="Test Suites/Eklipse Test suite/TS003 - Sign Up Via Sign In Page Variation">
      <properties>
         <property name="deviceName" value=""/>
         <property name="devicePlatform"/>
         <property name="logFolder" value="C:\\Users\\Lenovo\\git\\KatalonPractitionerLevel\\Reports\\20240707_135610\\Eklipse Test suite\\TS003 - Sign Up Via Sign In Page Variation\\20240707_135610"/>
         <property name="logFiles" value="C:\\Users\\Lenovo\\git\\KatalonPractitionerLevel\\Reports\\20240707_135610\\Eklipse Test suite\\TS003 - Sign Up Via Sign In Page Variation\\20240707_135610\\execution0.log"/>
         <property name="attachments" value=""/>
         <property name="hostName" value="Lenovo - LAPTOP-7QB5JFLU"/>
         <property name="os" value="Windows 11 64bit"/>
         <property name="katalonVersion" value="9.6.0.217"/>
         <property name="browser" value="Chrome 126.0.0.0"/>
         <property name="hostAddress" value="192.168.1.12"/>
         <property name="sessionId" value="5ea487d316ae50ffd0fe73a7ae69c1c8"/>
         <property name="seleniumVersion" value="3.141.59"/>
         <property name="proxyInformation" value="ProxyInformation { proxyOption=NO_PROXY, proxyServerType=HTTP, username=, password=********, proxyServerAddress=, proxyServerPort=0, executionList=&quot;&quot;, isApplyToDesiredCapabilities=true }"/>
         <property name="platform" value="Windows 11"/>
      </properties>
      <testcase name="Test Cases/Eklipse Test/Sign in and Sign Up/TC000 - Open - Sign In - Sign Up" time="17.119" classname="Test Cases/Eklipse Test/Sign in and Sign Up/TC000 - Open - Sign In - Sign Up" status="PASSED">
         <system-out><![CDATA[07-07-2024T13:56:17 - [TEST_CASE][PASSED] - Test Cases/Eklipse Test/Sign in and Sign Up/TC000 - Open - Sign In - Sign Up: Test Cases/Eklipse Test/Sign in and Sign Up/TC000 - Open - Sign In - Sign Up

07-07-2024T13:56:18 - [TEST_STEP][PASSED] - eklipse_keywords.openBrowserEklipse.main(): eklipse_keywords.openBrowserEklipse.main is PASSED

07-07-2024T13:56:18 - [MESSAGE][INFO] - Starting 'Chrome' driver

07-07-2024T13:56:18 - [MESSAGE][INFO] - Action delay is set to 0 milliseconds

07-07-2024T13:56:19 - [MESSAGE][PASSED] - Browser is opened with url: ''

07-07-2024T13:56:27 - [MESSAGE][PASSED] - Navigate to 'https://eklipse.gg/' successfully

07-07-2024T13:56:27 - [MESSAGE][PASSED] - eklipse_keywords.openBrowserEklipse.main is PASSED

07-07-2024T13:56:27 - [TEST_STEP][PASSED] - eklipse_keywords.signInToEklipse.main(): eklipse_keywords.signInToEklipse.main is PASSED

07-07-2024T13:56:33 - [MESSAGE][PASSED] - Object: 'Object Repository/Eklipse Landing Page/Page_Eklipse - Convert Twitch Clip To TikTok, Reels,  Shorts For Free/Sign In' is clicked on

07-07-2024T13:56:33 - [MESSAGE][PASSED] - eklipse_keywords.signInToEklipse.main is PASSED

07-07-2024T13:56:33 - [TEST_STEP][PASSED] - click(findTestObject("Sign in page/Page_Eklipse/button_Sign Up")): Object: 'Object Repository/Sign in page/Page_Eklipse/button_Sign Up' is clicked on

07-07-2024T13:56:34 - [MESSAGE][PASSED] - Object: 'Object Repository/Sign in page/Page_Eklipse/button_Sign Up' is clicked on]]></system-out>
         <system-err><![CDATA[]]></system-err>
      </testcase>
      <testcase name="Test Cases/Eklipse Test/Sign in and Sign Up/TC003 - Negative Test - Sign Up Via Sign In Page - Email has Taken" time="5.755" classname="Test Cases/Eklipse Test/Sign in and Sign Up/TC003 - Negative Test - Sign Up Via Sign In Page - Email has Taken" status="PASSED">
         <system-out><![CDATA[07-07-2024T13:56:34 - [TEST_CASE][PASSED] - Test Cases/Eklipse Test/Sign in and Sign Up/TC003 - Negative Test - Sign Up Via Sign In Page - Email has Taken: Test Cases/Eklipse Test/Sign in and Sign Up/TC003 - Negative Test - Sign Up Via Sign In Page - Email has Taken

07-07-2024T13:56:35 - [TEST_STEP][PASSED] - signUpName = getAttribute(findTestObject("Object Repository/Sign up page/Page_Eklipse/input_OR_name"), Name): Attribute 'April' of object 'Object Repository/Sign up page/Page_Eklipse/input_OR_name' is: 'null'

07-07-2024T13:56:35 - [MESSAGE][PASSED] - Attribute 'April' of object 'Object Repository/Sign up page/Page_Eklipse/input_OR_name' is: 'null'

07-07-2024T13:56:35 - [TEST_STEP][PASSED] - signUpEmail = getAttribute(findTestObject("Object Repository/Sign up page/Page_Eklipse/input_OR_email"), Email): Attribute 'titaapratama@gmail.com' of object 'Object Repository/Sign up page/Page_Eklipse/input_OR_email' is: 'null'

07-07-2024T13:56:36 - [MESSAGE][PASSED] - Attribute 'titaapratama@gmail.com' of object 'Object Repository/Sign up page/Page_Eklipse/input_OR_email' is: 'null'

07-07-2024T13:56:36 - [TEST_STEP][PASSED] - signUpPass1 = getAttribute(findTestObject("Object Repository/Sign up page/Page_Eklipse/input_OR_password"), Password11): Attribute 'Tita123.' of object 'Object Repository/Sign up page/Page_Eklipse/input_OR_password' is: 'null'

07-07-2024T13:56:36 - [MESSAGE][PASSED] - Attribute 'Tita123.' of object 'Object Repository/Sign up page/Page_Eklipse/input_OR_password' is: 'null'

07-07-2024T13:56:36 - [TEST_STEP][PASSED] - signUpPass2 = getAttribute(findTestObject("Object Repository/Sign up page/Page_Eklipse/input_OR_password_confirmation"), Password22): Attribute 'Tita123.' of object 'Object Repository/Sign up page/Page_Eklipse/input_OR_password_confirmation' is: 'null'

07-07-2024T13:56:36 - [MESSAGE][PASSED] - Attribute 'Tita123.' of object 'Object Repository/Sign up page/Page_Eklipse/input_OR_password_confirmation' is: 'null'

07-07-2024T13:56:36 - [TEST_STEP][PASSED] - setText(findTestObject("Object Repository/Sign up page/Page_Eklipse/input_OR_name"), Name): Text 'April' is set on object 'Object Repository/Sign up page/Page_Eklipse/input_OR_name'

07-07-2024T13:56:37 - [MESSAGE][PASSED] - Text 'April' is set on object 'Object Repository/Sign up page/Page_Eklipse/input_OR_name'

07-07-2024T13:56:37 - [TEST_STEP][PASSED] - setText(findTestObject("Object Repository/Sign up page/Page_Eklipse/input_OR_email"), Email): Text 'titaapratama@gmail.com' is set on object 'Object Repository/Sign up page/Page_Eklipse/input_OR_email'

07-07-2024T13:56:38 - [MESSAGE][PASSED] - Text 'titaapratama@gmail.com' is set on object 'Object Repository/Sign up page/Page_Eklipse/input_OR_email'

07-07-2024T13:56:38 - [TEST_STEP][PASSED] - setText(findTestObject("Object Repository/Sign up page/Page_Eklipse/input_OR_password"), Password11): Text 'Tita123.' is set on object 'Object Repository/Sign up page/Page_Eklipse/input_OR_password'

07-07-2024T13:56:39 - [MESSAGE][PASSED] - Text 'Tita123.' is set on object 'Object Repository/Sign up page/Page_Eklipse/input_OR_password'

07-07-2024T13:56:39 - [TEST_STEP][PASSED] - setText(findTestObject("Object Repository/Sign up page/Page_Eklipse/input_OR_password_confirmation"), Password22): Text 'Tita123.' is set on object 'Object Repository/Sign up page/Page_Eklipse/input_OR_password_confirmation'

07-07-2024T13:56:39 - [MESSAGE][PASSED] - Text 'Tita123.' is set on object 'Object Repository/Sign up page/Page_Eklipse/input_OR_password_confirmation'

07-07-2024T13:56:39 - [TEST_STEP][PASSED] - click(findTestObject("Object Repository/Sign up page/Page_Eklipse/button_Sign Up")): Object: 'Object Repository/Sign up page/Page_Eklipse/button_Sign Up' is clicked on

07-07-2024T13:56:40 - [MESSAGE][PASSED] - Object: 'Object Repository/Sign up page/Page_Eklipse/button_Sign Up' is clicked on

07-07-2024T13:56:40 - [TEST_STEP][PASSED] - if (signUpEmail == "titaapratama@gmail.com" || signUpEmail == "tita71@gmail.com" || signUpEmail == "tita72@gmail.com"): null]]></system-out>
         <system-err><![CDATA[]]></system-err>
      </testcase>
      <testcase name="Test Cases/Eklipse Test/Sign in and Sign Up/TC003 - Negative Test - Sign Up Via Sign In Page - Email has Taken" time="5.809" classname="Test Cases/Eklipse Test/Sign in and Sign Up/TC003 - Negative Test - Sign Up Via Sign In Page - Email has Taken" status="PASSED">
         <system-out><![CDATA[07-07-2024T13:56:40 - [TEST_CASE][PASSED] - Test Cases/Eklipse Test/Sign in and Sign Up/TC003 - Negative Test - Sign Up Via Sign In Page - Email has Taken: Test Cases/Eklipse Test/Sign in and Sign Up/TC003 - Negative Test - Sign Up Via Sign In Page - Email has Taken

07-07-2024T13:56:40 - [TEST_STEP][PASSED] - signUpName = getAttribute(findTestObject("Object Repository/Sign up page/Page_Eklipse/input_OR_name"), Name): Attribute 'April' of object 'Object Repository/Sign up page/Page_Eklipse/input_OR_name' is: 'null'

07-07-2024T13:56:41 - [MESSAGE][PASSED] - Attribute 'April' of object 'Object Repository/Sign up page/Page_Eklipse/input_OR_name' is: 'null'

07-07-2024T13:56:41 - [TEST_STEP][PASSED] - signUpEmail = getAttribute(findTestObject("Object Repository/Sign up page/Page_Eklipse/input_OR_email"), Email): Attribute 'tita71@gmail.com' of object 'Object Repository/Sign up page/Page_Eklipse/input_OR_email' is: 'null'

07-07-2024T13:56:41 - [MESSAGE][PASSED] - Attribute 'tita71@gmail.com' of object 'Object Repository/Sign up page/Page_Eklipse/input_OR_email' is: 'null'

07-07-2024T13:56:41 - [TEST_STEP][PASSED] - signUpPass1 = getAttribute(findTestObject("Object Repository/Sign up page/Page_Eklipse/input_OR_password"), Password11): Attribute 'Tita123.' of object 'Object Repository/Sign up page/Page_Eklipse/input_OR_password' is: 'null'

07-07-2024T13:56:42 - [MESSAGE][PASSED] - Attribute 'Tita123.' of object 'Object Repository/Sign up page/Page_Eklipse/input_OR_password' is: 'null'

07-07-2024T13:56:42 - [TEST_STEP][PASSED] - signUpPass2 = getAttribute(findTestObject("Object Repository/Sign up page/Page_Eklipse/input_OR_password_confirmation"), Password22): Attribute 'Tita123.' of object 'Object Repository/Sign up page/Page_Eklipse/input_OR_password_confirmation' is: 'null'

07-07-2024T13:56:42 - [MESSAGE][PASSED] - Attribute 'Tita123.' of object 'Object Repository/Sign up page/Page_Eklipse/input_OR_password_confirmation' is: 'null'

07-07-2024T13:56:42 - [TEST_STEP][PASSED] - setText(findTestObject("Object Repository/Sign up page/Page_Eklipse/input_OR_name"), Name): Text 'April' is set on object 'Object Repository/Sign up page/Page_Eklipse/input_OR_name'

07-07-2024T13:56:43 - [MESSAGE][PASSED] - Text 'April' is set on object 'Object Repository/Sign up page/Page_Eklipse/input_OR_name'

07-07-2024T13:56:43 - [TEST_STEP][PASSED] - setText(findTestObject("Object Repository/Sign up page/Page_Eklipse/input_OR_email"), Email): Text 'tita71@gmail.com' is set on object 'Object Repository/Sign up page/Page_Eklipse/input_OR_email'

07-07-2024T13:56:44 - [MESSAGE][PASSED] - Text 'tita71@gmail.com' is set on object 'Object Repository/Sign up page/Page_Eklipse/input_OR_email'

07-07-2024T13:56:44 - [TEST_STEP][PASSED] - setText(findTestObject("Object Repository/Sign up page/Page_Eklipse/input_OR_password"), Password11): Text 'Tita123.' is set on object 'Object Repository/Sign up page/Page_Eklipse/input_OR_password'

07-07-2024T13:56:44 - [MESSAGE][PASSED] - Text 'Tita123.' is set on object 'Object Repository/Sign up page/Page_Eklipse/input_OR_password'

07-07-2024T13:56:44 - [TEST_STEP][PASSED] - setText(findTestObject("Object Repository/Sign up page/Page_Eklipse/input_OR_password_confirmation"), Password22): Text 'Tita123.' is set on object 'Object Repository/Sign up page/Page_Eklipse/input_OR_password_confirmation'

07-07-2024T13:56:45 - [MESSAGE][PASSED] - Text 'Tita123.' is set on object 'Object Repository/Sign up page/Page_Eklipse/input_OR_password_confirmation'

07-07-2024T13:56:45 - [TEST_STEP][PASSED] - click(findTestObject("Object Repository/Sign up page/Page_Eklipse/button_Sign Up")): Object: 'Object Repository/Sign up page/Page_Eklipse/button_Sign Up' is clicked on

07-07-2024T13:56:46 - [MESSAGE][PASSED] - Object: 'Object Repository/Sign up page/Page_Eklipse/button_Sign Up' is clicked on

07-07-2024T13:56:46 - [TEST_STEP][PASSED] - if (signUpEmail == "titaapratama@gmail.com" || signUpEmail == "tita71@gmail.com" || signUpEmail == "tita72@gmail.com"): null]]></system-out>
         <system-err><![CDATA[]]></system-err>
      </testcase>
      <testcase name="Test Cases/Eklipse Test/Sign in and Sign Up/TC003 - Negative Test - Sign Up Via Sign In Page - Email has Taken" time="5.559" classname="Test Cases/Eklipse Test/Sign in and Sign Up/TC003 - Negative Test - Sign Up Via Sign In Page - Email has Taken" status="PASSED">
         <system-out><![CDATA[07-07-2024T13:56:46 - [TEST_CASE][PASSED] - Test Cases/Eklipse Test/Sign in and Sign Up/TC003 - Negative Test - Sign Up Via Sign In Page - Email has Taken: Test Cases/Eklipse Test/Sign in and Sign Up/TC003 - Negative Test - Sign Up Via Sign In Page - Email has Taken

07-07-2024T13:56:46 - [TEST_STEP][PASSED] - signUpName = getAttribute(findTestObject("Object Repository/Sign up page/Page_Eklipse/input_OR_name"), Name): Attribute 'April' of object 'Object Repository/Sign up page/Page_Eklipse/input_OR_name' is: 'null'

07-07-2024T13:56:47 - [MESSAGE][PASSED] - Attribute 'April' of object 'Object Repository/Sign up page/Page_Eklipse/input_OR_name' is: 'null'

07-07-2024T13:56:47 - [TEST_STEP][PASSED] - signUpEmail = getAttribute(findTestObject("Object Repository/Sign up page/Page_Eklipse/input_OR_email"), Email): Attribute 'tita72@gmail.com' of object 'Object Repository/Sign up page/Page_Eklipse/input_OR_email' is: 'null'

07-07-2024T13:56:47 - [MESSAGE][PASSED] - Attribute 'tita72@gmail.com' of object 'Object Repository/Sign up page/Page_Eklipse/input_OR_email' is: 'null'

07-07-2024T13:56:47 - [TEST_STEP][PASSED] - signUpPass1 = getAttribute(findTestObject("Object Repository/Sign up page/Page_Eklipse/input_OR_password"), Password11): Attribute 'Tita123.' of object 'Object Repository/Sign up page/Page_Eklipse/input_OR_password' is: 'null'

07-07-2024T13:56:47 - [MESSAGE][PASSED] - Attribute 'Tita123.' of object 'Object Repository/Sign up page/Page_Eklipse/input_OR_password' is: 'null'

07-07-2024T13:56:47 - [TEST_STEP][PASSED] - signUpPass2 = getAttribute(findTestObject("Object Repository/Sign up page/Page_Eklipse/input_OR_password_confirmation"), Password22): Attribute 'Tita123.' of object 'Object Repository/Sign up page/Page_Eklipse/input_OR_password_confirmation' is: 'null'

07-07-2024T13:56:48 - [MESSAGE][PASSED] - Attribute 'Tita123.' of object 'Object Repository/Sign up page/Page_Eklipse/input_OR_password_confirmation' is: 'null'

07-07-2024T13:56:48 - [TEST_STEP][PASSED] - setText(findTestObject("Object Repository/Sign up page/Page_Eklipse/input_OR_name"), Name): Text 'April' is set on object 'Object Repository/Sign up page/Page_Eklipse/input_OR_name'

07-07-2024T13:56:48 - [MESSAGE][PASSED] - Text 'April' is set on object 'Object Repository/Sign up page/Page_Eklipse/input_OR_name'

07-07-2024T13:56:48 - [TEST_STEP][PASSED] - setText(findTestObject("Object Repository/Sign up page/Page_Eklipse/input_OR_email"), Email): Text 'tita72@gmail.com' is set on object 'Object Repository/Sign up page/Page_Eklipse/input_OR_email'

07-07-2024T13:56:49 - [MESSAGE][PASSED] - Text 'tita72@gmail.com' is set on object 'Object Repository/Sign up page/Page_Eklipse/input_OR_email'

07-07-2024T13:56:49 - [TEST_STEP][PASSED] - setText(findTestObject("Object Repository/Sign up page/Page_Eklipse/input_OR_password"), Password11): Text 'Tita123.' is set on object 'Object Repository/Sign up page/Page_Eklipse/input_OR_password'

07-07-2024T13:56:50 - [MESSAGE][PASSED] - Text 'Tita123.' is set on object 'Object Repository/Sign up page/Page_Eklipse/input_OR_password'

07-07-2024T13:56:50 - [TEST_STEP][PASSED] - setText(findTestObject("Object Repository/Sign up page/Page_Eklipse/input_OR_password_confirmation"), Password22): Text 'Tita123.' is set on object 'Object Repository/Sign up page/Page_Eklipse/input_OR_password_confirmation'

07-07-2024T13:56:51 - [MESSAGE][PASSED] - Text 'Tita123.' is set on object 'Object Repository/Sign up page/Page_Eklipse/input_OR_password_confirmation'

07-07-2024T13:56:51 - [TEST_STEP][PASSED] - click(findTestObject("Object Repository/Sign up page/Page_Eklipse/button_Sign Up")): Object: 'Object Repository/Sign up page/Page_Eklipse/button_Sign Up' is clicked on

07-07-2024T13:56:51 - [MESSAGE][PASSED] - Object: 'Object Repository/Sign up page/Page_Eklipse/button_Sign Up' is clicked on

07-07-2024T13:56:51 - [TEST_STEP][PASSED] - if (signUpEmail == "titaapratama@gmail.com" || signUpEmail == "tita71@gmail.com" || signUpEmail == "tita72@gmail.com"): null]]></system-out>
         <system-err><![CDATA[]]></system-err>
      </testcase>
      <testcase name="Test Cases/Eklipse Test/Sign in and Sign Up/TC003 - Negative Test - Sign Up Via Sign In Page - Email has Taken" time="5.491" classname="Test Cases/Eklipse Test/Sign in and Sign Up/TC003 - Negative Test - Sign Up Via Sign In Page - Email has Taken" status="PASSED">
         <system-out><![CDATA[07-07-2024T13:56:52 - [TEST_CASE][PASSED] - Test Cases/Eklipse Test/Sign in and Sign Up/TC003 - Negative Test - Sign Up Via Sign In Page - Email has Taken: Test Cases/Eklipse Test/Sign in and Sign Up/TC003 - Negative Test - Sign Up Via Sign In Page - Email has Taken

07-07-2024T13:56:52 - [TEST_STEP][PASSED] - signUpName = getAttribute(findTestObject("Object Repository/Sign up page/Page_Eklipse/input_OR_name"), Name): Attribute 'April' of object 'Object Repository/Sign up page/Page_Eklipse/input_OR_name' is: 'null'

07-07-2024T13:56:52 - [MESSAGE][PASSED] - Attribute 'April' of object 'Object Repository/Sign up page/Page_Eklipse/input_OR_name' is: 'null'

07-07-2024T13:56:52 - [TEST_STEP][PASSED] - signUpEmail = getAttribute(findTestObject("Object Repository/Sign up page/Page_Eklipse/input_OR_email"), Email): Attribute 'tita28@gmail.com' of object 'Object Repository/Sign up page/Page_Eklipse/input_OR_email' is: 'null'

07-07-2024T13:56:52 - [MESSAGE][PASSED] - Attribute 'tita28@gmail.com' of object 'Object Repository/Sign up page/Page_Eklipse/input_OR_email' is: 'null'

07-07-2024T13:56:52 - [TEST_STEP][PASSED] - signUpPass1 = getAttribute(findTestObject("Object Repository/Sign up page/Page_Eklipse/input_OR_password"), Password11): Attribute 'Tita123.' of object 'Object Repository/Sign up page/Page_Eklipse/input_OR_password' is: 'null'

07-07-2024T13:56:53 - [MESSAGE][PASSED] - Attribute 'Tita123.' of object 'Object Repository/Sign up page/Page_Eklipse/input_OR_password' is: 'null'

07-07-2024T13:56:53 - [TEST_STEP][PASSED] - signUpPass2 = getAttribute(findTestObject("Object Repository/Sign up page/Page_Eklipse/input_OR_password_confirmation"), Password22): Attribute 'Tita456.' of object 'Object Repository/Sign up page/Page_Eklipse/input_OR_password_confirmation' is: 'null'

07-07-2024T13:56:53 - [MESSAGE][PASSED] - Attribute 'Tita456.' of object 'Object Repository/Sign up page/Page_Eklipse/input_OR_password_confirmation' is: 'null'

07-07-2024T13:56:53 - [TEST_STEP][PASSED] - setText(findTestObject("Object Repository/Sign up page/Page_Eklipse/input_OR_name"), Name): Text 'April' is set on object 'Object Repository/Sign up page/Page_Eklipse/input_OR_name'

07-07-2024T13:56:54 - [MESSAGE][PASSED] - Text 'April' is set on object 'Object Repository/Sign up page/Page_Eklipse/input_OR_name'

07-07-2024T13:56:54 - [TEST_STEP][PASSED] - setText(findTestObject("Object Repository/Sign up page/Page_Eklipse/input_OR_email"), Email): Text 'tita28@gmail.com' is set on object 'Object Repository/Sign up page/Page_Eklipse/input_OR_email'

07-07-2024T13:56:55 - [MESSAGE][PASSED] - Text 'tita28@gmail.com' is set on object 'Object Repository/Sign up page/Page_Eklipse/input_OR_email'

07-07-2024T13:56:55 - [TEST_STEP][PASSED] - setText(findTestObject("Object Repository/Sign up page/Page_Eklipse/input_OR_password"), Password11): Text 'Tita123.' is set on object 'Object Repository/Sign up page/Page_Eklipse/input_OR_password'

07-07-2024T13:56:55 - [MESSAGE][PASSED] - Text 'Tita123.' is set on object 'Object Repository/Sign up page/Page_Eklipse/input_OR_password'

07-07-2024T13:56:55 - [TEST_STEP][PASSED] - setText(findTestObject("Object Repository/Sign up page/Page_Eklipse/input_OR_password_confirmation"), Password22): Text 'Tita456.' is set on object 'Object Repository/Sign up page/Page_Eklipse/input_OR_password_confirmation'

07-07-2024T13:56:56 - [MESSAGE][PASSED] - Text 'Tita456.' is set on object 'Object Repository/Sign up page/Page_Eklipse/input_OR_password_confirmation'

07-07-2024T13:56:56 - [TEST_STEP][PASSED] - click(findTestObject("Object Repository/Sign up page/Page_Eklipse/button_Sign Up")): Object: 'Object Repository/Sign up page/Page_Eklipse/button_Sign Up' is clicked on

07-07-2024T13:56:57 - [MESSAGE][PASSED] - Object: 'Object Repository/Sign up page/Page_Eklipse/button_Sign Up' is clicked on

07-07-2024T13:56:57 - [TEST_STEP][PASSED] - if (signUpEmail == "titaapratama@gmail.com" || signUpEmail == "tita71@gmail.com" || signUpEmail == "tita72@gmail.com"): null]]></system-out>
         <system-err><![CDATA[]]></system-err>
      </testcase>
      <testcase name="Test Cases/Eklipse Test/Sign in and Sign Up/TC003 - Negative Test - Sign Up Via Sign In Page - Email has Taken" time="5.0" classname="Test Cases/Eklipse Test/Sign in and Sign Up/TC003 - Negative Test - Sign Up Via Sign In Page - Email has Taken" status="PASSED">
         <system-out><![CDATA[07-07-2024T13:56:57 - [TEST_CASE][PASSED] - Test Cases/Eklipse Test/Sign in and Sign Up/TC003 - Negative Test - Sign Up Via Sign In Page - Email has Taken: Test Cases/Eklipse Test/Sign in and Sign Up/TC003 - Negative Test - Sign Up Via Sign In Page - Email has Taken

07-07-2024T13:56:57 - [TEST_STEP][PASSED] - signUpName = getAttribute(findTestObject("Object Repository/Sign up page/Page_Eklipse/input_OR_name"), Name): Attribute 'April' of object 'Object Repository/Sign up page/Page_Eklipse/input_OR_name' is: 'null'

07-07-2024T13:56:57 - [MESSAGE][PASSED] - Attribute 'April' of object 'Object Repository/Sign up page/Page_Eklipse/input_OR_name' is: 'null'

07-07-2024T13:56:57 - [TEST_STEP][PASSED] - signUpEmail = getAttribute(findTestObject("Object Repository/Sign up page/Page_Eklipse/input_OR_email"), Email): Attribute 'tita28@gmail.com' of object 'Object Repository/Sign up page/Page_Eklipse/input_OR_email' is: 'null'

07-07-2024T13:56:58 - [MESSAGE][PASSED] - Attribute 'tita28@gmail.com' of object 'Object Repository/Sign up page/Page_Eklipse/input_OR_email' is: 'null'

07-07-2024T13:56:58 - [TEST_STEP][PASSED] - signUpPass1 = getAttribute(findTestObject("Object Repository/Sign up page/Page_Eklipse/input_OR_password"), Password11): Attribute 'Tita123.' of object 'Object Repository/Sign up page/Page_Eklipse/input_OR_password' is: 'null'

07-07-2024T13:56:58 - [MESSAGE][PASSED] - Attribute 'Tita123.' of object 'Object Repository/Sign up page/Page_Eklipse/input_OR_password' is: 'null'

07-07-2024T13:56:58 - [TEST_STEP][PASSED] - signUpPass2 = getAttribute(findTestObject("Object Repository/Sign up page/Page_Eklipse/input_OR_password_confirmation"), Password22): Attribute 'tita123.' of object 'Object Repository/Sign up page/Page_Eklipse/input_OR_password_confirmation' is: 'null'

07-07-2024T13:56:58 - [MESSAGE][PASSED] - Attribute 'tita123.' of object 'Object Repository/Sign up page/Page_Eklipse/input_OR_password_confirmation' is: 'null'

07-07-2024T13:56:58 - [TEST_STEP][PASSED] - setText(findTestObject("Object Repository/Sign up page/Page_Eklipse/input_OR_name"), Name): Text 'April' is set on object 'Object Repository/Sign up page/Page_Eklipse/input_OR_name'

07-07-2024T13:56:59 - [MESSAGE][PASSED] - Text 'April' is set on object 'Object Repository/Sign up page/Page_Eklipse/input_OR_name'

07-07-2024T13:56:59 - [TEST_STEP][PASSED] - setText(findTestObject("Object Repository/Sign up page/Page_Eklipse/input_OR_email"), Email): Text 'tita28@gmail.com' is set on object 'Object Repository/Sign up page/Page_Eklipse/input_OR_email'

07-07-2024T13:57:00 - [MESSAGE][PASSED] - Text 'tita28@gmail.com' is set on object 'Object Repository/Sign up page/Page_Eklipse/input_OR_email'

07-07-2024T13:57:00 - [TEST_STEP][PASSED] - setText(findTestObject("Object Repository/Sign up page/Page_Eklipse/input_OR_password"), Password11): Text 'Tita123.' is set on object 'Object Repository/Sign up page/Page_Eklipse/input_OR_password'

07-07-2024T13:57:01 - [MESSAGE][PASSED] - Text 'Tita123.' is set on object 'Object Repository/Sign up page/Page_Eklipse/input_OR_password'

07-07-2024T13:57:01 - [TEST_STEP][PASSED] - setText(findTestObject("Object Repository/Sign up page/Page_Eklipse/input_OR_password_confirmation"), Password22): Text 'tita123.' is set on object 'Object Repository/Sign up page/Page_Eklipse/input_OR_password_confirmation'

07-07-2024T13:57:01 - [MESSAGE][PASSED] - Text 'tita123.' is set on object 'Object Repository/Sign up page/Page_Eklipse/input_OR_password_confirmation'

07-07-2024T13:57:01 - [TEST_STEP][PASSED] - click(findTestObject("Object Repository/Sign up page/Page_Eklipse/button_Sign Up")): Object: 'Object Repository/Sign up page/Page_Eklipse/button_Sign Up' is clicked on

07-07-2024T13:57:02 - [MESSAGE][PASSED] - Object: 'Object Repository/Sign up page/Page_Eklipse/button_Sign Up' is clicked on

07-07-2024T13:57:02 - [TEST_STEP][PASSED] - if (signUpEmail == "titaapratama@gmail.com" || signUpEmail == "tita71@gmail.com" || signUpEmail == "tita72@gmail.com"): null]]></system-out>
         <system-err><![CDATA[]]></system-err>
      </testcase>
      <testcase name="Test Cases/Eklipse Test/Sign in and Sign Up/TC000 - Close browser" time="0.363" classname="Test Cases/Eklipse Test/Sign in and Sign Up/TC000 - Close browser" status="PASSED">
         <system-out><![CDATA[07-07-2024T13:57:02 - [TEST_CASE][PASSED] - Test Cases/Eklipse Test/Sign in and Sign Up/TC000 - Close browser: Test Cases/Eklipse Test/Sign in and Sign Up/TC000 - Close browser

07-07-2024T13:57:02 - [TEST_STEP][PASSED] - closeBrowser(): Browser is closed

07-07-2024T13:57:02 - [MESSAGE][PASSED] - Browser is closed]]></system-out>
         <system-err><![CDATA[]]></system-err>
      </testcase>
      <system-out><![CDATA[07-07-2024T13:56:17 - [TEST_SUITE][PASSED] - TS003 - Sign Up Via Sign In Page Variation: Test Cases/Eklipse Test/Sign in and Sign Up/TC000 - Close browser]]></system-out>
      <system-err><![CDATA[]]></system-err>
   </testsuite>
</testsuites>
