<?xml version="1.0" encoding="UTF-8"?>
<testsuites name="TS04 - Verify CURA page" time="20.751" tests="2" failures="0" errors="0">
   <testsuite name="TS04 - Verify CURA page" tests="2" failures="0" errors="0" time="20.751" skipped="0" timestamp="27-06-2024T16:42:11" hostname="Lenovo - LAPTOP-7QB5JFLU" id="Test Suites/TS04 - Verify CURA page">
      <properties>
         <property name="deviceName" value=""/>
         <property name="devicePlatform"/>
         <property name="logFolder" value="C:\\Users\\Lenovo\\git\\KatalonPractitionerLevel\\Reports\\20240627_164208\\TS04 - Verify CURA page\\20240627_164208"/>
         <property name="logFiles" value="C:\\Users\\Lenovo\\git\\KatalonPractitionerLevel\\Reports\\20240627_164208\\TS04 - Verify CURA page\\20240627_164208\\execution0.log"/>
         <property name="attachments" value=""/>
         <property name="hostName" value="Lenovo - LAPTOP-7QB5JFLU"/>
         <property name="os" value="Windows 11 64bit"/>
         <property name="katalonVersion" value="9.6.0.217"/>
         <property name="browser" value="Chrome 126.0.0.0"/>
         <property name="hostAddress" value="192.168.1.12"/>
         <property name="sessionId" value="4aa2072fde902df619a34cabc751faa4"/>
         <property name="seleniumVersion" value="3.141.59"/>
         <property name="proxyInformation" value="ProxyInformation { proxyOption=NO_PROXY, proxyServerType=HTTP, username=, password=********, proxyServerAddress=, proxyServerPort=0, executionList=&quot;&quot;, isApplyToDesiredCapabilities=true }"/>
         <property name="platform" value="Windows 11"/>
      </properties>
      <testcase name="Test Cases/TC01 - Verify Home Page of CURA" time="7.319" classname="Test Cases/TC01 - Verify Home Page of CURA" status="PASSED">
         <system-out><![CDATA[27-06-2024T16:42:11 - [TEST_CASE][PASSED] - Test Cases/TC01 - Verify Home Page of CURA: Test Cases/TC01 - Verify Home Page of CURA

27-06-2024T16:42:11 - [TEST_STEP][PASSED] - openBrowser(""): Browser is opened with url: ''

27-06-2024T16:42:11 - [MESSAGE][INFO] - Starting 'Chrome' driver

27-06-2024T16:42:12 - [MESSAGE][INFO] - Action delay is set to 0 milliseconds

27-06-2024T16:42:13 - [MESSAGE][PASSED] - Browser is opened with url: ''

27-06-2024T16:42:13 - [TEST_STEP][PASSED] - navigateToUrl("https://katalon-demo-cura.herokuapp.com/"): Navigate to 'https://katalon-demo-cura.herokuapp.com/' successfully

27-06-2024T16:42:15 - [MESSAGE][PASSED] - Navigate to 'https://katalon-demo-cura.herokuapp.com/' successfully

27-06-2024T16:42:15 - [TEST_STEP][PASSED] - verifyElementText(findTestObject("Object Repository/Homepage of CURA/Page_CURA Healthcare Service/h1_CURA Healthcare Service"), "CURA Healthcare Service"): Actual text and expected text of test object 'Object Repository/Homepage of CURA/Page_CURA Healthcare Service/h1_CURA Healthcare Service' are matched.

27-06-2024T16:42:15 - [MESSAGE][PASSED] - Actual text and expected text of test object 'Object Repository/Homepage of CURA/Page_CURA Healthcare Service/h1_CURA Healthcare Service' are matched.

27-06-2024T16:42:15 - [TEST_STEP][PASSED] - verifyElementText(findTestObject("Object Repository/Homepage of CURA/Page_CURA Healthcare Service/h3_We Care About Your Health"), "We Care About Your Health"): Actual text and expected text of test object 'Object Repository/Homepage of CURA/Page_CURA Healthcare Service/h3_We Care About Your Health' are matched.

27-06-2024T16:42:16 - [MESSAGE][PASSED] - Actual text and expected text of test object 'Object Repository/Homepage of CURA/Page_CURA Healthcare Service/h3_We Care About Your Health' are matched.

27-06-2024T16:42:16 - [TEST_STEP][PASSED] - verifyElementText(findTestObject("Object Repository/Homepage of CURA/Page_CURA Healthcare Service/strong_CURA Healthcare Service"), "CURA Healthcare Service"): Actual text and expected text of test object 'Object Repository/Homepage of CURA/Page_CURA Healthcare Service/strong_CURA Healthcare Service' are matched.

27-06-2024T16:42:16 - [MESSAGE][PASSED] - Actual text and expected text of test object 'Object Repository/Homepage of CURA/Page_CURA Healthcare Service/strong_CURA Healthcare Service' are matched.

27-06-2024T16:42:16 - [TEST_STEP][PASSED] - ExpectedValue = "Atlanta 550 Pharr Road NE Suite 525
Atlanta, GA 30305": null

27-06-2024T16:42:16 - [TEST_STEP][PASSED] - verifyElementText(findTestObject("Object Repository/Homepage of CURA/Page_CURA Healthcare Service/p_Atlanta 550 Pharr Road NE Suite 525Atlant_8f4c85"), ExpectedValue): Actual text and expected text of test object 'Object Repository/Homepage of CURA/Page_CURA Healthcare Service/p_Atlanta 550 Pharr Road NE Suite 525Atlant_8f4c85' are matched.

27-06-2024T16:42:16 - [MESSAGE][PASSED] - Actual text and expected text of test object 'Object Repository/Homepage of CURA/Page_CURA Healthcare Service/p_Atlanta 550 Pharr Road NE Suite 525Atlant_8f4c85' are matched.

27-06-2024T16:42:16 - [TEST_STEP][PASSED] - verifyElementText(findTestObject("Object Repository/Homepage of CURA/Page_CURA Healthcare Service/li_(678) 813-1KMS"), "(678) 813-1KMS"): Actual text and expected text of test object 'Object Repository/Homepage of CURA/Page_CURA Healthcare Service/li_(678) 813-1KMS' are matched.

27-06-2024T16:42:17 - [MESSAGE][PASSED] - Actual text and expected text of test object 'Object Repository/Homepage of CURA/Page_CURA Healthcare Service/li_(678) 813-1KMS' are matched.

27-06-2024T16:42:17 - [TEST_STEP][PASSED] - verifyElementText(findTestObject("Object Repository/Homepage of CURA/Page_CURA Healthcare Service/li_infokatalon.com"), "info@katalon.com"): Actual text and expected text of test object 'Object Repository/Homepage of CURA/Page_CURA Healthcare Service/li_infokatalon.com' are matched.

27-06-2024T16:42:17 - [MESSAGE][PASSED] - Actual text and expected text of test object 'Object Repository/Homepage of CURA/Page_CURA Healthcare Service/li_infokatalon.com' are matched.

27-06-2024T16:42:17 - [TEST_STEP][PASSED] - verifyElementClickable(findTestObject("Object Repository/Homepage of CURA/Page_CURA Healthcare Service/i_infokatalon.com_fa fa-facebook fa-fw fa-3x")): Object 'Object Repository/Homepage of CURA/Page_CURA Healthcare Service/i_infokatalon.com_fa fa-facebook fa-fw fa-3x' is clickable

27-06-2024T16:42:17 - [MESSAGE][PASSED] - Object 'Object Repository/Homepage of CURA/Page_CURA Healthcare Service/i_infokatalon.com_fa fa-facebook fa-fw fa-3x' is clickable

27-06-2024T16:42:17 - [TEST_STEP][PASSED] - verifyElementClickable(findTestObject("Object Repository/Homepage of CURA/Page_CURA Healthcare Service/i_infokatalon.com_fa fa-twitter fa-fw fa-3x")): Object 'Object Repository/Homepage of CURA/Page_CURA Healthcare Service/i_infokatalon.com_fa fa-twitter fa-fw fa-3x' is clickable

27-06-2024T16:42:17 - [MESSAGE][PASSED] - Object 'Object Repository/Homepage of CURA/Page_CURA Healthcare Service/i_infokatalon.com_fa fa-twitter fa-fw fa-3x' is clickable

27-06-2024T16:42:17 - [TEST_STEP][PASSED] - verifyElementClickable(findTestObject("Object Repository/Homepage of CURA/Page_CURA Healthcare Service/i_infokatalon.com_fa fa-dribbble fa-fw fa-3x")): Object 'Object Repository/Homepage of CURA/Page_CURA Healthcare Service/i_infokatalon.com_fa fa-dribbble fa-fw fa-3x' is clickable

27-06-2024T16:42:18 - [MESSAGE][PASSED] - Object 'Object Repository/Homepage of CURA/Page_CURA Healthcare Service/i_infokatalon.com_fa fa-dribbble fa-fw fa-3x' is clickable

27-06-2024T16:42:18 - [TEST_STEP][PASSED] - verifyElementText(findTestObject("Object Repository/Homepage of CURA/Page_CURA Healthcare Service/p_Copyright  CURA Healthcare Service 2024"), "Copyright Â© CURA Healthcare Service 2024"): Actual text and expected text of test object 'Object Repository/Homepage of CURA/Page_CURA Healthcare Service/p_Copyright  CURA Healthcare Service 2024' are matched.

27-06-2024T16:42:18 - [MESSAGE][PASSED] - Actual text and expected text of test object 'Object Repository/Homepage of CURA/Page_CURA Healthcare Service/p_Copyright  CURA Healthcare Service 2024' are matched.

27-06-2024T16:42:18 - [TEST_STEP][PASSED] - verifyElementClickable(findTestObject("Object Repository/Homepage of CURA/Page_CURA Healthcare Service/a_Make Appointment")): Object 'Object Repository/Homepage of CURA/Page_CURA Healthcare Service/a_Make Appointment' is clickable

27-06-2024T16:42:18 - [MESSAGE][PASSED] - Object 'Object Repository/Homepage of CURA/Page_CURA Healthcare Service/a_Make Appointment' is clickable

27-06-2024T16:42:18 - [TEST_STEP][PASSED] - closeBrowser(): Browser is closed

27-06-2024T16:42:18 - [MESSAGE][PASSED] - Browser is closed]]></system-out>
         <system-err><![CDATA[]]></system-err>
      </testcase>
      <testcase name="Test Cases/TC09 - CURA menu check" time="13.295" classname="Test Cases/TC09 - CURA menu check" status="PASSED">
         <system-out><![CDATA[27-06-2024T16:42:18 - [TEST_CASE][PASSED] - Test Cases/TC09 - CURA menu check: Test Cases/TC09 - CURA menu check

27-06-2024T16:42:18 - [TEST_STEP][PASSED] - openBrowser(""): Browser is opened with url: ''

27-06-2024T16:42:18 - [MESSAGE][INFO] - Starting 'Chrome' driver

27-06-2024T16:42:18 - [MESSAGE][INFO] - Action delay is set to 0 milliseconds

27-06-2024T16:42:19 - [MESSAGE][PASSED] - Browser is opened with url: ''

27-06-2024T16:42:19 - [TEST_STEP][PASSED] - navigateToUrl("https://katalon-demo-cura.herokuapp.com/"): Navigate to 'https://katalon-demo-cura.herokuapp.com/' successfully

27-06-2024T16:42:22 - [MESSAGE][PASSED] - Navigate to 'https://katalon-demo-cura.herokuapp.com/' successfully

27-06-2024T16:42:22 - [TEST_STEP][PASSED] - verifyElementClickable(findTestObject("CURA menu/Page_CURA Healthcare Service/a_CURA Healthcare_menu-toggle")): Object 'Object Repository/CURA menu/Page_CURA Healthcare Service/a_CURA Healthcare_menu-toggle' is clickable

27-06-2024T16:42:22 - [MESSAGE][PASSED] - Object 'Object Repository/CURA menu/Page_CURA Healthcare Service/a_CURA Healthcare_menu-toggle' is clickable

27-06-2024T16:42:22 - [TEST_STEP][PASSED] - click(findTestObject("Object Repository/CURA menu/Page_CURA Healthcare Service/a_CURA Healthcare_menu-toggle")): Object: 'Object Repository/CURA menu/Page_CURA Healthcare Service/a_CURA Healthcare_menu-toggle' is clicked on

27-06-2024T16:42:22 - [MESSAGE][PASSED] - Object: 'Object Repository/CURA menu/Page_CURA Healthcare Service/a_CURA Healthcare_menu-toggle' is clicked on

27-06-2024T16:42:22 - [TEST_STEP][PASSED] - click(findTestObject("Object Repository/CURA menu/Page_CURA Healthcare Service/a_Home")): Object: 'Object Repository/CURA menu/Page_CURA Healthcare Service/a_Home' is clicked on

27-06-2024T16:42:23 - [MESSAGE][PASSED] - Object: 'Object Repository/CURA menu/Page_CURA Healthcare Service/a_Home' is clicked on

27-06-2024T16:42:23 - [TEST_STEP][PASSED] - verifyElementText(findTestObject("Object Repository/CURA menu/Page_CURA Healthcare Service/h1_CURA Healthcare Service"), "CURA Healthcare Service"): Actual text and expected text of test object 'Object Repository/CURA menu/Page_CURA Healthcare Service/h1_CURA Healthcare Service' are matched.

27-06-2024T16:42:23 - [MESSAGE][PASSED] - Actual text and expected text of test object 'Object Repository/CURA menu/Page_CURA Healthcare Service/h1_CURA Healthcare Service' are matched.

27-06-2024T16:42:23 - [TEST_STEP][PASSED] - verifyElementClickable(findTestObject("CURA menu/Page_CURA Healthcare Service/i_CURA Healthcare_fa fa-bars")): Object 'Object Repository/CURA menu/Page_CURA Healthcare Service/i_CURA Healthcare_fa fa-bars' is clickable

27-06-2024T16:42:23 - [MESSAGE][PASSED] - Object 'Object Repository/CURA menu/Page_CURA Healthcare Service/i_CURA Healthcare_fa fa-bars' is clickable

27-06-2024T16:42:23 - [TEST_STEP][PASSED] - click(findTestObject("Object Repository/CURA menu/Page_CURA Healthcare Service/i_CURA Healthcare_fa fa-bars")): Object: 'Object Repository/CURA menu/Page_CURA Healthcare Service/i_CURA Healthcare_fa fa-bars' is clicked on

27-06-2024T16:42:24 - [MESSAGE][PASSED] - Object: 'Object Repository/CURA menu/Page_CURA Healthcare Service/i_CURA Healthcare_fa fa-bars' is clicked on

27-06-2024T16:42:24 - [TEST_STEP][PASSED] - click(findTestObject("Object Repository/CURA menu/Page_CURA Healthcare Service/a_Login")): Object: 'Object Repository/CURA menu/Page_CURA Healthcare Service/a_Login' is clicked on

27-06-2024T16:42:24 - [MESSAGE][PASSED] - Object: 'Object Repository/CURA menu/Page_CURA Healthcare Service/a_Login' is clicked on

27-06-2024T16:42:24 - [TEST_STEP][PASSED] - verifyElementText(findTestObject("Object Repository/CURA menu/Page_CURA Healthcare Service/h2_Login"), "Login"): Actual text and expected text of test object 'Object Repository/CURA menu/Page_CURA Healthcare Service/h2_Login' are matched.

27-06-2024T16:42:25 - [MESSAGE][PASSED] - Actual text and expected text of test object 'Object Repository/CURA menu/Page_CURA Healthcare Service/h2_Login' are matched.

27-06-2024T16:42:25 - [TEST_STEP][PASSED] - setText(findTestObject("Object Repository/CURA menu/Page_CURA Healthcare Service/input_Username_username"), "John Doe"): Text 'John Doe' is set on object 'Object Repository/CURA menu/Page_CURA Healthcare Service/input_Username_username'

27-06-2024T16:42:25 - [MESSAGE][PASSED] - Text 'John Doe' is set on object 'Object Repository/CURA menu/Page_CURA Healthcare Service/input_Username_username'

27-06-2024T16:42:25 - [TEST_STEP][PASSED] - setEncryptedText(findTestObject("Object Repository/CURA menu/Page_CURA Healthcare Service/input_Password_password"), "g3/DOGG74jC3Flrr3yH+3D/yKbOqqUNM"): Text ****** has been set on object 'Object Repository/CURA menu/Page_CURA Healthcare Service/input_Password_password'

27-06-2024T16:42:26 - [MESSAGE][PASSED] - Text ****** has been set on object 'Object Repository/CURA menu/Page_CURA Healthcare Service/input_Password_password'

27-06-2024T16:42:26 - [TEST_STEP][PASSED] - click(findTestObject("Object Repository/CURA menu/Page_CURA Healthcare Service/button_Login")): Object: 'Object Repository/CURA menu/Page_CURA Healthcare Service/button_Login' is clicked on

27-06-2024T16:42:26 - [MESSAGE][PASSED] - Object: 'Object Repository/CURA menu/Page_CURA Healthcare Service/button_Login' is clicked on

27-06-2024T16:42:26 - [TEST_STEP][PASSED] - click(findTestObject("Object Repository/CURA menu/Page_CURA Healthcare Service/a_CURA Healthcare_menu-toggle")): Object: 'Object Repository/CURA menu/Page_CURA Healthcare Service/a_CURA Healthcare_menu-toggle' is clicked on

27-06-2024T16:42:27 - [MESSAGE][PASSED] - Object: 'Object Repository/CURA menu/Page_CURA Healthcare Service/a_CURA Healthcare_menu-toggle' is clicked on

27-06-2024T16:42:27 - [TEST_STEP][PASSED] - click(findTestObject("Object Repository/CURA menu/Page_CURA Healthcare Service/a_Home")): Object: 'Object Repository/CURA menu/Page_CURA Healthcare Service/a_Home' is clicked on

27-06-2024T16:42:27 - [MESSAGE][PASSED] - Object: 'Object Repository/CURA menu/Page_CURA Healthcare Service/a_Home' is clicked on

27-06-2024T16:42:27 - [TEST_STEP][PASSED] - verifyElementText(findTestObject("Object Repository/CURA menu/Page_CURA Healthcare Service/h1_CURA Healthcare Service"), "CURA Healthcare Service"): Actual text and expected text of test object 'Object Repository/CURA menu/Page_CURA Healthcare Service/h1_CURA Healthcare Service' are matched.

27-06-2024T16:42:27 - [MESSAGE][PASSED] - Actual text and expected text of test object 'Object Repository/CURA menu/Page_CURA Healthcare Service/h1_CURA Healthcare Service' are matched.

27-06-2024T16:42:27 - [TEST_STEP][PASSED] - click(findTestObject("Object Repository/CURA menu/Page_CURA Healthcare Service/a_CURA Healthcare_menu-toggle")): Object: 'Object Repository/CURA menu/Page_CURA Healthcare Service/a_CURA Healthcare_menu-toggle' is clicked on

27-06-2024T16:42:28 - [MESSAGE][PASSED] - Object: 'Object Repository/CURA menu/Page_CURA Healthcare Service/a_CURA Healthcare_menu-toggle' is clicked on

27-06-2024T16:42:28 - [TEST_STEP][PASSED] - click(findTestObject("Object Repository/CURA menu/Page_CURA Healthcare Service/a_History")): Object: 'Object Repository/CURA menu/Page_CURA Healthcare Service/a_History' is clicked on

27-06-2024T16:42:28 - [MESSAGE][PASSED] - Object: 'Object Repository/CURA menu/Page_CURA Healthcare Service/a_History' is clicked on

27-06-2024T16:42:28 - [TEST_STEP][PASSED] - verifyElementText(findTestObject("Object Repository/CURA menu/Page_CURA Healthcare Service/h2_History"), "History"): Actual text and expected text of test object 'Object Repository/CURA menu/Page_CURA Healthcare Service/h2_History' are matched.

27-06-2024T16:42:29 - [MESSAGE][PASSED] - Actual text and expected text of test object 'Object Repository/CURA menu/Page_CURA Healthcare Service/h2_History' are matched.

27-06-2024T16:42:29 - [TEST_STEP][PASSED] - click(findTestObject("Object Repository/CURA menu/Page_CURA Healthcare Service/a_CURA Healthcare_menu-toggle")): Object: 'Object Repository/CURA menu/Page_CURA Healthcare Service/a_CURA Healthcare_menu-toggle' is clicked on

27-06-2024T16:42:29 - [MESSAGE][PASSED] - Object: 'Object Repository/CURA menu/Page_CURA Healthcare Service/a_CURA Healthcare_menu-toggle' is clicked on

27-06-2024T16:42:29 - [TEST_STEP][PASSED] - click(findTestObject("Object Repository/CURA menu/Page_CURA Healthcare Service/a_Profile")): Object: 'Object Repository/CURA menu/Page_CURA Healthcare Service/a_Profile' is clicked on

27-06-2024T16:42:30 - [MESSAGE][PASSED] - Object: 'Object Repository/CURA menu/Page_CURA Healthcare Service/a_Profile' is clicked on

27-06-2024T16:42:30 - [TEST_STEP][PASSED] - verifyElementText(findTestObject("Object Repository/CURA menu/Page_CURA Healthcare Service/h2_Profile"), "Profile"): Actual text and expected text of test object 'Object Repository/CURA menu/Page_CURA Healthcare Service/h2_Profile' are matched.

27-06-2024T16:42:30 - [MESSAGE][PASSED] - Actual text and expected text of test object 'Object Repository/CURA menu/Page_CURA Healthcare Service/h2_Profile' are matched.

27-06-2024T16:42:30 - [TEST_STEP][PASSED] - click(findTestObject("Object Repository/CURA menu/Page_CURA Healthcare Service/i_CURA Healthcare_fa fa-bars")): Object: 'Object Repository/CURA menu/Page_CURA Healthcare Service/i_CURA Healthcare_fa fa-bars' is clicked on

27-06-2024T16:42:30 - [MESSAGE][PASSED] - Object: 'Object Repository/CURA menu/Page_CURA Healthcare Service/i_CURA Healthcare_fa fa-bars' is clicked on

27-06-2024T16:42:30 - [TEST_STEP][PASSED] - click(findTestObject("Object Repository/CURA menu/Page_CURA Healthcare Service/a_Logout")): Object: 'Object Repository/CURA menu/Page_CURA Healthcare Service/a_Logout' is clicked on

27-06-2024T16:42:31 - [MESSAGE][PASSED] - Object: 'Object Repository/CURA menu/Page_CURA Healthcare Service/a_Logout' is clicked on

27-06-2024T16:42:31 - [TEST_STEP][PASSED] - verifyElementText(findTestObject("Object Repository/CURA menu/Page_CURA Healthcare Service/h1_CURA Healthcare Service"), "CURA Healthcare Service"): Actual text and expected text of test object 'Object Repository/CURA menu/Page_CURA Healthcare Service/h1_CURA Healthcare Service' are matched.

27-06-2024T16:42:32 - [MESSAGE][PASSED] - Actual text and expected text of test object 'Object Repository/CURA menu/Page_CURA Healthcare Service/h1_CURA Healthcare Service' are matched.

27-06-2024T16:42:32 - [TEST_STEP][PASSED] - closeBrowser(): Browser is closed

27-06-2024T16:42:32 - [MESSAGE][PASSED] - Browser is closed]]></system-out>
         <system-err><![CDATA[]]></system-err>
      </testcase>
      <system-out><![CDATA[27-06-2024T16:42:11 - [TEST_SUITE][PASSED] - TS04 - Verify CURA page: Test Cases/TC09 - CURA menu check]]></system-out>
      <system-err><![CDATA[]]></system-err>
   </testsuite>
</testsuites>
