<?xml version="1.0" encoding="UTF-8"?>
<testsuites name="TSC04 - Regression Test" time="617.51" tests="63" failures="1" errors="0">
   <testsuite name="TS01 - Verify CURA page" tests="2" failures="0" errors="0" time="22.388" skipped="0" timestamp="13-07-2024T22:44:35" hostname="Lenovo - LAPTOP-7QB5JFLU" id="Test Suites/CURA Test suites/TS01 - Verify CURA page">
      <properties>
         <property name="deviceName" value=""/>
         <property name="devicePlatform"/>
         <property name="logFolder" value="C:\\Users\\Lenovo\\git\\KatalonPractitionerLevel\\Reports\\20240713_224359\\CURA Test suites\\TS01 - Verify CURA page\\20240713_224400"/>
         <property name="logFiles" value="C:\\Users\\Lenovo\\git\\KatalonPractitionerLevel\\Reports\\20240713_224359\\CURA Test suites\\TS01 - Verify CURA page\\20240713_224400\\execution0.log"/>
         <property name="attachments" value="keyes\keyes-CURA Homepage.png"/>
         <property name="hostName" value="Lenovo - LAPTOP-7QB5JFLU"/>
         <property name="os" value="Windows 11 64bit"/>
         <property name="katalonVersion" value="9.6.0.217"/>
         <property name="browser" value="Chrome 126.0.0.0"/>
         <property name="hostAddress" value="192.168.1.12"/>
         <property name="sessionId" value="98f8d93538768f23d8fc6e342bb82bb5"/>
         <property name="seleniumVersion" value="3.141.59"/>
         <property name="proxyInformation" value="ProxyInformation { proxyOption=NO_PROXY, proxyServerType=HTTP, username=, password=********, proxyServerAddress=, proxyServerPort=0, executionList=&quot;&quot;, isApplyToDesiredCapabilities=true }"/>
         <property name="platform" value="Windows 11"/>
      </properties>
      <testcase name="Test Cases/CURA Web Test/TC01 - Verify homepage of CURA" time="8.106" classname="Test Cases/CURA Web Test/TC01 - Verify homepage of CURA" status="PASSED">
         <system-out><![CDATA[13-07-2024T22:44:35 - [TEST_CASE][PASSED] - Test Cases/CURA Web Test/TC01 - Verify homepage of CURA: Test Cases/CURA Web Test/TC01 - Verify homepage of CURA

13-07-2024T22:44:35 - [TEST_STEP][PASSED] - openBrowser(""): Browser is opened with url: ''

13-07-2024T22:44:36 - [MESSAGE][INFO] - Starting 'Chrome' driver

13-07-2024T22:44:36 - [MESSAGE][INFO] - Action delay is set to 0 milliseconds

13-07-2024T22:44:37 - [MESSAGE][PASSED] - Browser is opened with url: ''

13-07-2024T22:44:37 - [TEST_STEP][PASSED] - navigateToUrl("https://katalon-demo-cura.herokuapp.com/"): Navigate to 'https://katalon-demo-cura.herokuapp.com/' successfully

13-07-2024T22:44:40 - [MESSAGE][PASSED] - Navigate to 'https://katalon-demo-cura.herokuapp.com/' successfully

13-07-2024T22:44:40 - [TEST_STEP][PASSED] - takeScreenshotAsCheckpoint("CURA Homepage"): Taking screenshot successfully

13-07-2024T22:44:40 - [MESSAGE][INFO] - 0 hidden object(s)

13-07-2024T22:44:40 - [MESSAGE][PASSED] - Taking screenshot successfully
[[ATTACHMENT|keyes\keyes-CURA Homepage.png]]

13-07-2024T22:44:40 - [TEST_STEP][PASSED] - verifyElementText(findTestObject("2. CURA Object Text/Healthcare Service"), "CURA Healthcare Service"): Actual text and expected text of test object 'Object Repository/2. CURA Object Text/Healthcare Service' are matched.

13-07-2024T22:44:41 - [MESSAGE][PASSED] - Actual text and expected text of test object 'Object Repository/2. CURA Object Text/Healthcare Service' are matched.

13-07-2024T22:44:41 - [TEST_STEP][PASSED] - verifyElementText(findTestObject("2. CURA Object Text/About Your Health"), "We Care About Your Health"): Actual text and expected text of test object 'Object Repository/2. CURA Object Text/About Your Health' are matched.

13-07-2024T22:44:41 - [MESSAGE][PASSED] - Actual text and expected text of test object 'Object Repository/2. CURA Object Text/About Your Health' are matched.

13-07-2024T22:44:41 - [TEST_STEP][PASSED] - verifyElementText(findTestObject("2. CURA Object Text/strong Healthcare"), "CURA Healthcare Service"): Actual text and expected text of test object 'Object Repository/2. CURA Object Text/strong Healthcare' are matched.

13-07-2024T22:44:41 - [MESSAGE][PASSED] - Actual text and expected text of test object 'Object Repository/2. CURA Object Text/strong Healthcare' are matched.

13-07-2024T22:44:41 - [TEST_STEP][PASSED] - ExpectedValue = "Atlanta 550 Pharr Road NE Suite 525
Atlanta, GA 30305": null

13-07-2024T22:44:41 - [TEST_STEP][PASSED] - verifyElementText(findTestObject("2. CURA Object Text/Office Address"), ExpectedValue): Actual text and expected text of test object 'Object Repository/2. CURA Object Text/Office Address' are matched.

13-07-2024T22:44:41 - [MESSAGE][PASSED] - Actual text and expected text of test object 'Object Repository/2. CURA Object Text/Office Address' are matched.

13-07-2024T22:44:41 - [TEST_STEP][PASSED] - verifyElementText(findTestObject("2. CURA Object Text/Phone"), "(678) 813-1KMS"): Actual text and expected text of test object 'Object Repository/2. CURA Object Text/Phone' are matched.

13-07-2024T22:44:42 - [MESSAGE][PASSED] - Actual text and expected text of test object 'Object Repository/2. CURA Object Text/Phone' are matched.

13-07-2024T22:44:42 - [TEST_STEP][PASSED] - verifyElementText(findTestObject("2. CURA Object Text/Email"), "info@katalon.com"): Actual text and expected text of test object 'Object Repository/2. CURA Object Text/Email' are matched.

13-07-2024T22:44:42 - [MESSAGE][PASSED] - Actual text and expected text of test object 'Object Repository/2. CURA Object Text/Email' are matched.

13-07-2024T22:44:42 - [TEST_STEP][PASSED] - verifyElementClickable(findTestObject("Object Repository/9. Homepage of CURA/Page_CURA/i_fa fa-facebook")): Object 'Object Repository/9. Homepage of CURA/Page_CURA/i_fa fa-facebook' is clickable

13-07-2024T22:44:42 - [MESSAGE][PASSED] - Object 'Object Repository/9. Homepage of CURA/Page_CURA/i_fa fa-facebook' is clickable

13-07-2024T22:44:42 - [TEST_STEP][PASSED] - verifyElementClickable(findTestObject("Object Repository/9. Homepage of CURA/Page_CURA/i_fa fa-twitter")): Object 'Object Repository/9. Homepage of CURA/Page_CURA/i_fa fa-twitter' is clickable

13-07-2024T22:44:43 - [MESSAGE][PASSED] - Object 'Object Repository/9. Homepage of CURA/Page_CURA/i_fa fa-twitter' is clickable

13-07-2024T22:44:43 - [TEST_STEP][PASSED] - verifyElementClickable(findTestObject("Object Repository/9. Homepage of CURA/Page_CURA/i_fa fa-dribbble")): Object 'Object Repository/9. Homepage of CURA/Page_CURA/i_fa fa-dribbble' is clickable

13-07-2024T22:44:43 - [MESSAGE][PASSED] - Object 'Object Repository/9. Homepage of CURA/Page_CURA/i_fa fa-dribbble' is clickable

13-07-2024T22:44:43 - [TEST_STEP][PASSED] - verifyElementText(findTestObject("2. CURA Object Text/Copyright"), "Copyright Â© CURA Healthcare Service 2024"): Actual text and expected text of test object 'Object Repository/2. CURA Object Text/Copyright' are matched.

13-07-2024T22:44:43 - [MESSAGE][PASSED] - Actual text and expected text of test object 'Object Repository/2. CURA Object Text/Copyright' are matched.

13-07-2024T22:44:43 - [TEST_STEP][PASSED] - verifyElementClickable(findTestObject("2. CURA Object Text/Make Appointment")): Object 'Object Repository/2. CURA Object Text/Make Appointment' is clickable

13-07-2024T22:44:43 - [MESSAGE][PASSED] - Object 'Object Repository/2. CURA Object Text/Make Appointment' is clickable]]></system-out>
         <system-err><![CDATA[]]></system-err>
      </testcase>
      <testcase name="Test Cases/CURA Web Test/TC09 - CURA menu check" time="14.177" classname="Test Cases/CURA Web Test/TC09 - CURA menu check" status="PASSED">
         <system-out><![CDATA[13-07-2024T22:44:43 - [TEST_CASE][PASSED] - Test Cases/CURA Web Test/TC09 - CURA menu check: Test Cases/CURA Web Test/TC09 - CURA menu check

13-07-2024T22:44:43 - [TEST_STEP][PASSED] - openBrowser(""): Browser is opened with url: ''

13-07-2024T22:44:43 - [MESSAGE][WARNING] - A browser is already opened. Closing browser and opening a new one

13-07-2024T22:44:44 - [MESSAGE][INFO] - Starting 'Chrome' driver

13-07-2024T22:44:44 - [MESSAGE][INFO] - Action delay is set to 0 milliseconds

13-07-2024T22:44:44 - [MESSAGE][PASSED] - Browser is opened with url: ''

13-07-2024T22:44:44 - [TEST_STEP][PASSED] - navigateToUrl("https://katalon-demo-cura.herokuapp.com/"): Navigate to 'https://katalon-demo-cura.herokuapp.com/' successfully

13-07-2024T22:44:47 - [MESSAGE][PASSED] - Navigate to 'https://katalon-demo-cura.herokuapp.com/' successfully

13-07-2024T22:44:47 - [TEST_STEP][PASSED] - verifyElementClickable(findTestObject("6. CURA menu/Page_CURA/a_CURA menu")): Object 'Object Repository/6. CURA menu/Page_CURA/a_CURA menu' is clickable

13-07-2024T22:44:47 - [MESSAGE][PASSED] - Object 'Object Repository/6. CURA menu/Page_CURA/a_CURA menu' is clickable

13-07-2024T22:44:47 - [TEST_STEP][PASSED] - click(findTestObject("Object Repository/6. CURA menu/Page_CURA/a_CURA menu")): Object: 'Object Repository/6. CURA menu/Page_CURA/a_CURA menu' is clicked on

13-07-2024T22:44:47 - [MESSAGE][PASSED] - Object: 'Object Repository/6. CURA menu/Page_CURA/a_CURA menu' is clicked on

13-07-2024T22:44:47 - [TEST_STEP][PASSED] - click(findTestObject("Object Repository/6. CURA menu/Page_CURA/a_Home")): Object: 'Object Repository/6. CURA menu/Page_CURA/a_Home' is clicked on

13-07-2024T22:44:48 - [MESSAGE][PASSED] - Object: 'Object Repository/6. CURA menu/Page_CURA/a_Home' is clicked on

13-07-2024T22:44:48 - [TEST_STEP][PASSED] - verifyElementText(findTestObject("Object Repository/6. CURA menu/Page_CURA/h1_CURA Service"), "CURA Healthcare Service"): Actual text and expected text of test object 'Object Repository/6. CURA menu/Page_CURA/h1_CURA Service' are matched.

13-07-2024T22:44:48 - [MESSAGE][PASSED] - Actual text and expected text of test object 'Object Repository/6. CURA menu/Page_CURA/h1_CURA Service' are matched.

13-07-2024T22:44:48 - [TEST_STEP][PASSED] - verifyElementClickable(findTestObject("6. CURA menu/Page_CURA/i_CURA_fa fa-bars")): Object 'Object Repository/6. CURA menu/Page_CURA/i_CURA_fa fa-bars' is clickable

13-07-2024T22:44:49 - [MESSAGE][PASSED] - Object 'Object Repository/6. CURA menu/Page_CURA/i_CURA_fa fa-bars' is clickable

13-07-2024T22:44:49 - [TEST_STEP][PASSED] - click(findTestObject("Object Repository/6. CURA menu/Page_CURA/i_CURA_fa fa-bars")): Object: 'Object Repository/6. CURA menu/Page_CURA/i_CURA_fa fa-bars' is clicked on

13-07-2024T22:44:49 - [MESSAGE][PASSED] - Object: 'Object Repository/6. CURA menu/Page_CURA/i_CURA_fa fa-bars' is clicked on

13-07-2024T22:44:49 - [TEST_STEP][PASSED] - click(findTestObject("Object Repository/6. CURA menu/Page_CURA/a_Login")): Object: 'Object Repository/6. CURA menu/Page_CURA/a_Login' is clicked on

13-07-2024T22:44:49 - [MESSAGE][PASSED] - Object: 'Object Repository/6. CURA menu/Page_CURA/a_Login' is clicked on

13-07-2024T22:44:49 - [TEST_STEP][PASSED] - verifyElementText(findTestObject("Object Repository/6. CURA menu/Page_CURA/h2_Login"), "Login"): Actual text and expected text of test object 'Object Repository/6. CURA menu/Page_CURA/h2_Login' are matched.

13-07-2024T22:44:50 - [MESSAGE][PASSED] - Actual text and expected text of test object 'Object Repository/6. CURA menu/Page_CURA/h2_Login' are matched.

13-07-2024T22:44:50 - [TEST_STEP][PASSED] - setText(findTestObject("Object Repository/6. CURA menu/Page_CURA/input_Username"), "John Doe"): Text 'John Doe' is set on object 'Object Repository/6. CURA menu/Page_CURA/input_Username'

13-07-2024T22:44:50 - [MESSAGE][PASSED] - Text 'John Doe' is set on object 'Object Repository/6. CURA menu/Page_CURA/input_Username'

13-07-2024T22:44:50 - [TEST_STEP][PASSED] - setText(findTestObject("Object Repository/6. CURA menu/Page_CURA/input_Password"), "ThisIsNotAPassword"): Text 'ThisIsNotAPassword' is set on object 'Object Repository/6. CURA menu/Page_CURA/input_Password'

13-07-2024T22:44:51 - [MESSAGE][PASSED] - Text 'ThisIsNotAPassword' is set on object 'Object Repository/6. CURA menu/Page_CURA/input_Password'

13-07-2024T22:44:51 - [TEST_STEP][PASSED] - click(findTestObject("Object Repository/6. CURA menu/Page_CURA/button_Login")): Object: 'Object Repository/6. CURA menu/Page_CURA/button_Login' is clicked on

13-07-2024T22:44:52 - [MESSAGE][PASSED] - Object: 'Object Repository/6. CURA menu/Page_CURA/button_Login' is clicked on

13-07-2024T22:44:52 - [TEST_STEP][PASSED] - click(findTestObject("Object Repository/6. CURA menu/Page_CURA/a_CURA menu")): Object: 'Object Repository/6. CURA menu/Page_CURA/a_CURA menu' is clicked on

13-07-2024T22:44:52 - [MESSAGE][PASSED] - Object: 'Object Repository/6. CURA menu/Page_CURA/a_CURA menu' is clicked on

13-07-2024T22:44:52 - [TEST_STEP][PASSED] - click(findTestObject("Object Repository/6. CURA menu/Page_CURA/a_Home")): Object: 'Object Repository/6. CURA menu/Page_CURA/a_Home' is clicked on

13-07-2024T22:44:53 - [MESSAGE][PASSED] - Object: 'Object Repository/6. CURA menu/Page_CURA/a_Home' is clicked on

13-07-2024T22:44:53 - [TEST_STEP][PASSED] - verifyElementText(findTestObject("Object Repository/6. CURA menu/Page_CURA/h1_CURA Service"), "CURA Healthcare Service"): Actual text and expected text of test object 'Object Repository/6. CURA menu/Page_CURA/h1_CURA Service' are matched.

13-07-2024T22:44:53 - [MESSAGE][PASSED] - Actual text and expected text of test object 'Object Repository/6. CURA menu/Page_CURA/h1_CURA Service' are matched.

13-07-2024T22:44:53 - [TEST_STEP][PASSED] - click(findTestObject("Object Repository/6. CURA menu/Page_CURA/a_CURA menu")): Object: 'Object Repository/6. CURA menu/Page_CURA/a_CURA menu' is clicked on

13-07-2024T22:44:54 - [MESSAGE][PASSED] - Object: 'Object Repository/6. CURA menu/Page_CURA/a_CURA menu' is clicked on

13-07-2024T22:44:54 - [TEST_STEP][PASSED] - click(findTestObject("Object Repository/6. CURA menu/Page_CURA/a_History")): Object: 'Object Repository/6. CURA menu/Page_CURA/a_History' is clicked on

13-07-2024T22:44:54 - [MESSAGE][PASSED] - Object: 'Object Repository/6. CURA menu/Page_CURA/a_History' is clicked on

13-07-2024T22:44:54 - [TEST_STEP][PASSED] - verifyElementText(findTestObject("Object Repository/6. CURA menu/Page_CURA/h2_History"), "History"): Actual text and expected text of test object 'Object Repository/6. CURA menu/Page_CURA/h2_History' are matched.

13-07-2024T22:44:55 - [MESSAGE][PASSED] - Actual text and expected text of test object 'Object Repository/6. CURA menu/Page_CURA/h2_History' are matched.

13-07-2024T22:44:55 - [TEST_STEP][PASSED] - click(findTestObject("Object Repository/6. CURA menu/Page_CURA/a_CURA menu")): Object: 'Object Repository/6. CURA menu/Page_CURA/a_CURA menu' is clicked on

13-07-2024T22:44:55 - [MESSAGE][PASSED] - Object: 'Object Repository/6. CURA menu/Page_CURA/a_CURA menu' is clicked on

13-07-2024T22:44:55 - [TEST_STEP][PASSED] - click(findTestObject("Object Repository/6. CURA menu/Page_CURA/a_Profile")): Object: 'Object Repository/6. CURA menu/Page_CURA/a_Profile' is clicked on

13-07-2024T22:44:56 - [MESSAGE][PASSED] - Object: 'Object Repository/6. CURA menu/Page_CURA/a_Profile' is clicked on

13-07-2024T22:44:56 - [TEST_STEP][PASSED] - verifyElementText(findTestObject("Object Repository/6. CURA menu/Page_CURA/h2_Profile"), "Profile"): Actual text and expected text of test object 'Object Repository/6. CURA menu/Page_CURA/h2_Profile' are matched.

13-07-2024T22:44:56 - [MESSAGE][PASSED] - Actual text and expected text of test object 'Object Repository/6. CURA menu/Page_CURA/h2_Profile' are matched.

13-07-2024T22:44:56 - [TEST_STEP][PASSED] - click(findTestObject("Object Repository/6. CURA menu/Page_CURA/i_CURA_fa fa-bars")): Object: 'Object Repository/6. CURA menu/Page_CURA/i_CURA_fa fa-bars' is clicked on

13-07-2024T22:44:56 - [MESSAGE][PASSED] - Object: 'Object Repository/6. CURA menu/Page_CURA/i_CURA_fa fa-bars' is clicked on

13-07-2024T22:44:56 - [TEST_STEP][PASSED] - click(findTestObject("Object Repository/6. CURA menu/Page_CURA/a_Logout")): Object: 'Object Repository/6. CURA menu/Page_CURA/a_Logout' is clicked on

13-07-2024T22:44:57 - [MESSAGE][PASSED] - Object: 'Object Repository/6. CURA menu/Page_CURA/a_Logout' is clicked on

13-07-2024T22:44:57 - [TEST_STEP][PASSED] - verifyElementText(findTestObject("Object Repository/6. CURA menu/Page_CURA/h1_CURA Service"), "CURA Healthcare Service"): Actual text and expected text of test object 'Object Repository/6. CURA menu/Page_CURA/h1_CURA Service' are matched.

13-07-2024T22:44:57 - [MESSAGE][PASSED] - Actual text and expected text of test object 'Object Repository/6. CURA menu/Page_CURA/h1_CURA Service' are matched.

13-07-2024T22:44:57 - [TEST_STEP][PASSED] - closeBrowser(): Browser is closed

13-07-2024T22:44:58 - [MESSAGE][PASSED] - Browser is closed]]></system-out>
         <system-err><![CDATA[]]></system-err>
      </testcase>
      <system-out><![CDATA[13-07-2024T22:44:35 - [TEST_SUITE][PASSED] - TS01 - Verify CURA page: Test Cases/CURA Web Test/TC09 - CURA menu check]]></system-out>
      <system-err><![CDATA[]]></system-err>
   </testsuite>
   <testsuite name="TS02 - Login variation" tests="5" failures="0" errors="0" time="38.859" skipped="0" timestamp="13-07-2024T22:45:08" hostname="Lenovo - LAPTOP-7QB5JFLU" id="Test Suites/CURA Test suites/TS02 - Login variation">
      <properties>
         <property name="deviceName" value=""/>
         <property name="devicePlatform"/>
         <property name="logFolder" value="C:\\Users\\Lenovo\\git\\KatalonPractitionerLevel\\Reports\\20240713_224359\\CURA Test suites\\TS02 - Login variation\\20240713_224402"/>
         <property name="logFiles" value="C:\\Users\\Lenovo\\git\\KatalonPractitionerLevel\\Reports\\20240713_224359\\CURA Test suites\\TS02 - Login variation\\20240713_224402\\execution0.log"/>
         <property name="attachments" value="keyes\keyes-Login page.png, keyes\keyes-Login page.png, C:\\Users\\Lenovo\\git\\KatalonPractitionerLevel\\Reports\\20240713_224359\\CURA Test suites\\TS02 - Login variation\\20240713_224402\\1720885539733.png, keyes\keyes-Login page.png, keyes\keyes-Make appointment page.png"/>
         <property name="hostName" value="Lenovo - LAPTOP-7QB5JFLU"/>
         <property name="os" value="Windows 11 64bit"/>
         <property name="katalonVersion" value="9.6.0.217"/>
         <property name="browser" value="Chrome 126.0.0.0"/>
         <property name="hostAddress" value="192.168.1.12"/>
         <property name="sessionId" value="4dd085c6eedb51211cf50bfe2a74950f"/>
         <property name="seleniumVersion" value="3.141.59"/>
         <property name="proxyInformation" value="ProxyInformation { proxyOption=NO_PROXY, proxyServerType=HTTP, username=, password=********, proxyServerAddress=, proxyServerPort=0, executionList=&quot;&quot;, isApplyToDesiredCapabilities=true }"/>
         <property name="platform" value="Windows 11"/>
      </properties>
      <testcase name="Test Cases/CURA Web Test/TC05 - Login in another way" time="10.18" classname="Test Cases/CURA Web Test/TC05 - Login in another way" status="PASSED">
         <system-out><![CDATA[13-07-2024T22:45:09 - [TEST_CASE][PASSED] - Test Cases/CURA Web Test/TC05 - Login in another way: Test Cases/CURA Web Test/TC05 - Login in another way

13-07-2024T22:45:09 - [TEST_STEP][PASSED] - callTestCase(findTestCase("CURA Web Test/Properties/TCP01 - Open browser"), [:], STOP_ON_FAILURE): Call Test Case 'Test Cases/CURA Web Test/Properties/TCP01 - Open browser' successfully

13-07-2024T22:45:09 - [TEST_CASE][PASSED] - Test Cases/CURA Web Test/Properties/TCP01 - Open browser: Test Cases/CURA Web Test/Properties/TCP01 - Open browser

13-07-2024T22:45:09 - [TEST_STEP][PASSED] - openBrowser(""): Browser is opened with url: ''

13-07-2024T22:45:09 - [MESSAGE][INFO] - Starting 'Chrome' driver

13-07-2024T22:45:09 - [MESSAGE][INFO] - Action delay is set to 0 milliseconds

13-07-2024T22:45:10 - [MESSAGE][PASSED] - Browser is opened with url: ''

13-07-2024T22:45:10 - [TEST_STEP][PASSED] - navigateToUrl(URL): Navigate to 'https://katalon-demo-cura.herokuapp.com/' successfully

13-07-2024T22:45:13 - [MESSAGE][PASSED] - Navigate to 'https://katalon-demo-cura.herokuapp.com/' successfully

13-07-2024T22:45:13 - [MESSAGE][PASSED] - Call Test Case 'Test Cases/CURA Web Test/Properties/TCP01 - Open browser' successfully

13-07-2024T22:45:13 - [TEST_STEP][PASSED] - verifyElementText(findTestObject("Object Repository/11. Login menu check/Page_CURA/h1_CURA Service"), "CURA Healthcare Service"): Actual text and expected text of test object 'Object Repository/11. Login menu check/Page_CURA/h1_CURA Service' are matched.

13-07-2024T22:45:13 - [MESSAGE][PASSED] - Actual text and expected text of test object 'Object Repository/11. Login menu check/Page_CURA/h1_CURA Service' are matched.

13-07-2024T22:45:13 - [TEST_STEP][PASSED] - click(findTestObject("Object Repository/11. Login menu check/Page_CURA/a_Make Appointment")): Object: 'Object Repository/11. Login menu check/Page_CURA/a_Make Appointment' is clicked on

13-07-2024T22:45:14 - [MESSAGE][PASSED] - Object: 'Object Repository/11. Login menu check/Page_CURA/a_Make Appointment' is clicked on

13-07-2024T22:45:14 - [TEST_STEP][PASSED] - takeScreenshotAsCheckpoint("Login page"): Taking screenshot successfully

13-07-2024T22:45:15 - [MESSAGE][INFO] - 0 hidden object(s)

13-07-2024T22:45:15 - [MESSAGE][PASSED] - Taking screenshot successfully
[[ATTACHMENT|keyes\keyes-Login page.png]]

13-07-2024T22:45:15 - [TEST_STEP][PASSED] - verifyElementText(findTestObject("Object Repository/11. Login menu check/Page_CURA/h2_Login"), "Login"): Actual text and expected text of test object 'Object Repository/11. Login menu check/Page_CURA/h2_Login' are matched.

13-07-2024T22:45:15 - [MESSAGE][PASSED] - Actual text and expected text of test object 'Object Repository/11. Login menu check/Page_CURA/h2_Login' are matched.

13-07-2024T22:45:15 - [TEST_STEP][PASSED] - click(findTestObject("Object Repository/11. Login menu check/Page_CURA/a_CURA menu")): Object: 'Object Repository/11. Login menu check/Page_CURA/a_CURA menu' is clicked on

13-07-2024T22:45:15 - [MESSAGE][PASSED] - Object: 'Object Repository/11. Login menu check/Page_CURA/a_CURA menu' is clicked on

13-07-2024T22:45:15 - [TEST_STEP][PASSED] - click(findTestObject("Object Repository/11. Login menu check/Page_CURA/a_Login")): Object: 'Object Repository/11. Login menu check/Page_CURA/a_Login' is clicked on

13-07-2024T22:45:16 - [MESSAGE][PASSED] - Object: 'Object Repository/11. Login menu check/Page_CURA/a_Login' is clicked on

13-07-2024T22:45:16 - [TEST_STEP][PASSED] - takeScreenshotAsCheckpoint("Login page"): Taking screenshot successfully

13-07-2024T22:45:16 - [MESSAGE][INFO] - 0 hidden object(s)

13-07-2024T22:45:16 - [MESSAGE][PASSED] - Taking screenshot successfully
[[ATTACHMENT|keyes\keyes-Login page.png]]

13-07-2024T22:45:16 - [TEST_STEP][PASSED] - verifyElementText(findTestObject("Object Repository/11. Login menu check/Page_CURA/h2_Login"), "Login"): Actual text and expected text of test object 'Object Repository/11. Login menu check/Page_CURA/h2_Login' are matched.

13-07-2024T22:45:16 - [MESSAGE][PASSED] - Actual text and expected text of test object 'Object Repository/11. Login menu check/Page_CURA/h2_Login' are matched.

13-07-2024T22:45:16 - [TEST_STEP][PASSED] - click(findTestObject("Object Repository/11. Login menu check/Page_CURA/i_CURA fa fa-bars")): Object: 'Object Repository/11. Login menu check/Page_CURA/i_CURA fa fa-bars' is clicked on

13-07-2024T22:45:17 - [MESSAGE][PASSED] - Object: 'Object Repository/11. Login menu check/Page_CURA/i_CURA fa fa-bars' is clicked on

13-07-2024T22:45:17 - [TEST_STEP][PASSED] - click(findTestObject("Object Repository/11. Login menu check/Page_CURA/a_Home")): Object: 'Object Repository/11. Login menu check/Page_CURA/a_Home' is clicked on

13-07-2024T22:45:17 - [MESSAGE][PASSED] - Object: 'Object Repository/11. Login menu check/Page_CURA/a_Home' is clicked on

13-07-2024T22:45:17 - [TEST_STEP][PASSED] - verifyElementText(findTestObject("Object Repository/11. Login menu check/Page_CURA/h1_CURA Service"), "CURA Healthcare Service"): Actual text and expected text of test object 'Object Repository/11. Login menu check/Page_CURA/h1_CURA Service' are matched.

13-07-2024T22:45:17 - [MESSAGE][PASSED] - Actual text and expected text of test object 'Object Repository/11. Login menu check/Page_CURA/h1_CURA Service' are matched.

13-07-2024T22:45:17 - [TEST_STEP][PASSED] - click(findTestObject("Object Repository/11. Login menu check/Page_CURA/i_CURA fa fa-bars")): Object: 'Object Repository/11. Login menu check/Page_CURA/i_CURA fa fa-bars' is clicked on

13-07-2024T22:45:18 - [MESSAGE][PASSED] - Object: 'Object Repository/11. Login menu check/Page_CURA/i_CURA fa fa-bars' is clicked on

13-07-2024T22:45:18 - [TEST_STEP][PASSED] - click(findTestObject("Object Repository/11. Login menu check/Page_CURA/a_Login")): Object: 'Object Repository/11. Login menu check/Page_CURA/a_Login' is clicked on

13-07-2024T22:45:18 - [MESSAGE][PASSED] - Object: 'Object Repository/11. Login menu check/Page_CURA/a_Login' is clicked on

13-07-2024T22:45:18 - [TEST_STEP][PASSED] - verifyElementText(findTestObject("Object Repository/11. Login menu check/Page_CURA/h2_Login"), "Login"): Actual text and expected text of test object 'Object Repository/11. Login menu check/Page_CURA/h2_Login' are matched.

13-07-2024T22:45:19 - [MESSAGE][PASSED] - Actual text and expected text of test object 'Object Repository/11. Login menu check/Page_CURA/h2_Login' are matched.]]></system-out>
         <system-err><![CDATA[]]></system-err>
      </testcase>
      <testcase name="Test Cases/CURA Web Test/TC04 - Login wrong password" time="7.794" classname="Test Cases/CURA Web Test/TC04 - Login wrong password" status="PASSED">
         <system-out><![CDATA[13-07-2024T22:45:19 - [TEST_CASE][PASSED] - Test Cases/CURA Web Test/TC04 - Login wrong password: Test Cases/CURA Web Test/TC04 - Login wrong password

13-07-2024T22:45:19 - [TEST_STEP][PASSED] - callTestCase(findTestCase("CURA Web Test/Properties/TCP01 - Open browser"), [:], STOP_ON_FAILURE): Call Test Case 'Test Cases/CURA Web Test/Properties/TCP01 - Open browser' successfully

13-07-2024T22:45:19 - [TEST_CASE][PASSED] - Test Cases/CURA Web Test/Properties/TCP01 - Open browser: Test Cases/CURA Web Test/Properties/TCP01 - Open browser

13-07-2024T22:45:19 - [TEST_STEP][PASSED] - openBrowser(""): Browser is opened with url: ''

13-07-2024T22:45:19 - [MESSAGE][WARNING] - A browser is already opened. Closing browser and opening a new one

13-07-2024T22:45:19 - [MESSAGE][INFO] - Starting 'Chrome' driver

13-07-2024T22:45:19 - [MESSAGE][INFO] - Action delay is set to 0 milliseconds

13-07-2024T22:45:20 - [MESSAGE][PASSED] - Browser is opened with url: ''

13-07-2024T22:45:20 - [TEST_STEP][PASSED] - navigateToUrl(URL): Navigate to 'https://katalon-demo-cura.herokuapp.com/' successfully

13-07-2024T22:45:22 - [MESSAGE][PASSED] - Navigate to 'https://katalon-demo-cura.herokuapp.com/' successfully

13-07-2024T22:45:22 - [MESSAGE][PASSED] - Call Test Case 'Test Cases/CURA Web Test/Properties/TCP01 - Open browser' successfully

13-07-2024T22:45:22 - [TEST_STEP][PASSED] - click(findTestObject("7. Failed Login/Page_CURA/a_Make Appointment")): Object: 'Object Repository/7. Failed Login/Page_CURA/a_Make Appointment' is clicked on

13-07-2024T22:45:23 - [MESSAGE][PASSED] - Object: 'Object Repository/7. Failed Login/Page_CURA/a_Make Appointment' is clicked on

13-07-2024T22:45:23 - [TEST_STEP][PASSED] - userName = getAttribute(findTestObject("Object Repository/7. Failed Login/Page_CURA/input_Username"), "username"): Attribute 'username' of object 'Object Repository/7. Failed Login/Page_CURA/input_Username' is: 'null'

13-07-2024T22:45:23 - [MESSAGE][PASSED] - Attribute 'username' of object 'Object Repository/7. Failed Login/Page_CURA/input_Username' is: 'null'

13-07-2024T22:45:23 - [TEST_STEP][PASSED] - passWord = getAttribute(findTestObject("Object Repository/7. Failed Login/Page_CURA/input_Password"), "password"): Attribute 'password' of object 'Object Repository/7. Failed Login/Page_CURA/input_Password' is: 'null'

13-07-2024T22:45:24 - [MESSAGE][PASSED] - Attribute 'password' of object 'Object Repository/7. Failed Login/Page_CURA/input_Password' is: 'null'

13-07-2024T22:45:24 - [TEST_STEP][PASSED] - click(findTestObject("Object Repository/7. Failed Login/Page_CURA/a_Make Appointment")): Object: 'Object Repository/7. Failed Login/Page_CURA/a_Make Appointment' is clicked on

13-07-2024T22:45:24 - [MESSAGE][PASSED] - Object: 'Object Repository/7. Failed Login/Page_CURA/a_Make Appointment' is clicked on

13-07-2024T22:45:24 - [TEST_STEP][PASSED] - setText(findTestObject("Object Repository/7. Failed Login/Page_CURA/input_Username"), " John Doe"): Text ' John Doe' is set on object 'Object Repository/7. Failed Login/Page_CURA/input_Username'

13-07-2024T22:45:25 - [MESSAGE][PASSED] - Text ' John Doe' is set on object 'Object Repository/7. Failed Login/Page_CURA/input_Username'

13-07-2024T22:45:25 - [TEST_STEP][PASSED] - setText(findTestObject("10. Login page/Page_CURA/input_Password"), "This"): Text 'This' is set on object 'Object Repository/10. Login page/Page_CURA/input_Password'

13-07-2024T22:45:25 - [MESSAGE][PASSED] - Text 'This' is set on object 'Object Repository/10. Login page/Page_CURA/input_Password'

13-07-2024T22:45:25 - [TEST_STEP][PASSED] - click(findTestObject("Object Repository/7. Failed Login/Page_CURA/button_Login")): Object: 'Object Repository/7. Failed Login/Page_CURA/button_Login' is clicked on

13-07-2024T22:45:26 - [MESSAGE][PASSED] - Object: 'Object Repository/7. Failed Login/Page_CURA/button_Login' is clicked on

13-07-2024T22:45:26 - [TEST_STEP][PASSED] - if (userName == "John Doe" && passWord == "g3/DOGG74jC3Flrr3yH+3D/yKbOqqUNM"): null

13-07-2024T22:45:26 - [TEST_STEP][PASSED] - else: Object 'Object Repository/7. Failed Login/Page_CURA/p_Login failed' is visible

13-07-2024T22:45:26 - [TEST_STEP][PASSED] - verifyElementVisible(findTestObject("Object Repository/7. Failed Login/Page_CURA/p_Login failed")): Object 'Object Repository/7. Failed Login/Page_CURA/p_Login failed' is visible

13-07-2024T22:45:27 - [MESSAGE][PASSED] - Object 'Object Repository/7. Failed Login/Page_CURA/p_Login failed' is visible]]></system-out>
         <system-err><![CDATA[]]></system-err>
      </testcase>
      <testcase name="Test Cases/CURA Web Test/TC03 - Login wrong username" time="7.013" classname="Test Cases/CURA Web Test/TC03 - Login wrong username" status="PASSED">
         <system-out><![CDATA[13-07-2024T22:45:27 - [TEST_CASE][PASSED] - Test Cases/CURA Web Test/TC03 - Login wrong username: Test Cases/CURA Web Test/TC03 - Login wrong username

13-07-2024T22:45:27 - [TEST_STEP][PASSED] - callTestCase(findTestCase("CURA Web Test/Properties/TCP01 - Open browser"), [:], STOP_ON_FAILURE): Call Test Case 'Test Cases/CURA Web Test/Properties/TCP01 - Open browser' successfully

13-07-2024T22:45:27 - [TEST_CASE][PASSED] - Test Cases/CURA Web Test/Properties/TCP01 - Open browser: Test Cases/CURA Web Test/Properties/TCP01 - Open browser

13-07-2024T22:45:27 - [TEST_STEP][PASSED] - openBrowser(""): Browser is opened with url: ''

13-07-2024T22:45:27 - [MESSAGE][WARNING] - A browser is already opened. Closing browser and opening a new one

13-07-2024T22:45:27 - [MESSAGE][INFO] - Starting 'Chrome' driver

13-07-2024T22:45:27 - [MESSAGE][INFO] - Action delay is set to 0 milliseconds

13-07-2024T22:45:27 - [MESSAGE][PASSED] - Browser is opened with url: ''

13-07-2024T22:45:27 - [TEST_STEP][PASSED] - navigateToUrl(URL): Navigate to 'https://katalon-demo-cura.herokuapp.com/' successfully

13-07-2024T22:45:30 - [MESSAGE][PASSED] - Navigate to 'https://katalon-demo-cura.herokuapp.com/' successfully

13-07-2024T22:45:30 - [MESSAGE][PASSED] - Call Test Case 'Test Cases/CURA Web Test/Properties/TCP01 - Open browser' successfully

13-07-2024T22:45:30 - [TEST_STEP][PASSED] - click(findTestObject("7. Failed Login/Page_CURA/a_Make Appointment")): Object: 'Object Repository/7. Failed Login/Page_CURA/a_Make Appointment' is clicked on

13-07-2024T22:45:31 - [MESSAGE][PASSED] - Object: 'Object Repository/7. Failed Login/Page_CURA/a_Make Appointment' is clicked on

13-07-2024T22:45:31 - [TEST_STEP][PASSED] - userName = getAttribute(findTestObject("Object Repository/7. Failed Login/Page_CURA/input_Username"), "username"): Attribute 'username' of object 'Object Repository/7. Failed Login/Page_CURA/input_Username' is: 'null'

13-07-2024T22:45:31 - [MESSAGE][PASSED] - Attribute 'username' of object 'Object Repository/7. Failed Login/Page_CURA/input_Username' is: 'null'

13-07-2024T22:45:31 - [TEST_STEP][PASSED] - passWord = getAttribute(findTestObject("Object Repository/7. Failed Login/Page_CURA/input_Password"), "password"): Attribute 'password' of object 'Object Repository/7. Failed Login/Page_CURA/input_Password' is: 'null'

13-07-2024T22:45:32 - [MESSAGE][PASSED] - Attribute 'password' of object 'Object Repository/7. Failed Login/Page_CURA/input_Password' is: 'null'

13-07-2024T22:45:32 - [TEST_STEP][PASSED] - click(findTestObject("Object Repository/7. Failed Login/Page_CURA/a_Make Appointment")): Object: 'Object Repository/7. Failed Login/Page_CURA/a_Make Appointment' is clicked on

13-07-2024T22:45:32 - [MESSAGE][PASSED] - Object: 'Object Repository/7. Failed Login/Page_CURA/a_Make Appointment' is clicked on

13-07-2024T22:45:32 - [TEST_STEP][PASSED] - setText(findTestObject("Object Repository/7. Failed Login/Page_CURA/input_Username"), "John"): Text 'John' is set on object 'Object Repository/7. Failed Login/Page_CURA/input_Username'

13-07-2024T22:45:32 - [MESSAGE][PASSED] - Text 'John' is set on object 'Object Repository/7. Failed Login/Page_CURA/input_Username'

13-07-2024T22:45:32 - [TEST_STEP][PASSED] - click(findTestObject("Object Repository/7. Failed Login/Page_CURA/button_Login")): Object: 'Object Repository/7. Failed Login/Page_CURA/button_Login' is clicked on

13-07-2024T22:45:33 - [MESSAGE][PASSED] - Object: 'Object Repository/7. Failed Login/Page_CURA/button_Login' is clicked on

13-07-2024T22:45:33 - [TEST_STEP][PASSED] - if (userName == "John Doe" && passWord == "g3/DOGG74jC3Flrr3yH+3D/yKbOqqUNM"): null

13-07-2024T22:45:33 - [TEST_STEP][PASSED] - else: Object 'Object Repository/7. Failed Login/Page_CURA/p_Login failed' is visible

13-07-2024T22:45:33 - [TEST_STEP][PASSED] - verifyElementVisible(findTestObject("Object Repository/7. Failed Login/Page_CURA/p_Login failed")): Object 'Object Repository/7. Failed Login/Page_CURA/p_Login failed' is visible

13-07-2024T22:45:34 - [MESSAGE][PASSED] - Object 'Object Repository/7. Failed Login/Page_CURA/p_Login failed' is visible]]></system-out>
         <system-err><![CDATA[]]></system-err>
      </testcase>
      <testcase name="Test Cases/CURA Web Test/TC02 - Login normally" time="12.081" classname="Test Cases/CURA Web Test/TC02 - Login normally" status="PASSED">
         <system-out><![CDATA[13-07-2024T22:45:34 - [TEST_CASE][PASSED] - Test Cases/CURA Web Test/TC02 - Login normally: Test Cases/CURA Web Test/TC02 - Login normally

13-07-2024T22:45:34 - [TEST_STEP][PASSED] - callTestCase(findTestCase("CURA Web Test/Properties/TCP01 - Open browser"), [:], STOP_ON_FAILURE): Call Test Case 'Test Cases/CURA Web Test/Properties/TCP01 - Open browser' successfully

13-07-2024T22:45:34 - [TEST_CASE][PASSED] - Test Cases/CURA Web Test/Properties/TCP01 - Open browser: Test Cases/CURA Web Test/Properties/TCP01 - Open browser

13-07-2024T22:45:34 - [TEST_STEP][PASSED] - openBrowser(""): Browser is opened with url: ''

13-07-2024T22:45:34 - [MESSAGE][WARNING] - A browser is already opened. Closing browser and opening a new one

13-07-2024T22:45:34 - [MESSAGE][INFO] - Starting 'Chrome' driver

13-07-2024T22:45:34 - [MESSAGE][INFO] - Action delay is set to 0 milliseconds

13-07-2024T22:45:34 - [MESSAGE][PASSED] - Browser is opened with url: ''

13-07-2024T22:45:34 - [TEST_STEP][PASSED] - navigateToUrl(URL): Navigate to 'https://katalon-demo-cura.herokuapp.com/' successfully

13-07-2024T22:45:37 - [MESSAGE][PASSED] - Navigate to 'https://katalon-demo-cura.herokuapp.com/' successfully

13-07-2024T22:45:37 - [MESSAGE][PASSED] - Call Test Case 'Test Cases/CURA Web Test/Properties/TCP01 - Open browser' successfully

13-07-2024T22:45:37 - [TEST_STEP][PASSED] - delay(2): Delayed 2 second(s)

13-07-2024T22:45:39 - [MESSAGE][PASSED] - Delayed 2 second(s)

13-07-2024T22:45:39 - [TEST_STEP][PASSED] - takeFullPageScreenshot(): Taking screenshot successfully

13-07-2024T22:45:40 - [MESSAGE][INFO] - 0 hidden object(s)

13-07-2024T22:45:40 - [MESSAGE][PASSED] - Taking screenshot successfully
[[ATTACHMENT|C:\\Users\\Lenovo\\git\\KatalonPractitionerLevel\\Reports\\20240713_224359\\CURA Test suites\\TS02 - Login variation\\20240713_224402\\1720885539733.png]]

13-07-2024T22:45:40 - [TEST_STEP][PASSED] - click(findTestObject("1. CURA Object button/Make Appointment")): Object: 'Object Repository/1. CURA Object button/Make Appointment' is clicked on

13-07-2024T22:45:41 - [MESSAGE][PASSED] - Object: 'Object Repository/1. CURA Object button/Make Appointment' is clicked on

13-07-2024T22:45:41 - [TEST_STEP][PASSED] - takeScreenshotAsCheckpoint("Login page"): Taking screenshot successfully

13-07-2024T22:45:41 - [MESSAGE][INFO] - 0 hidden object(s)

13-07-2024T22:45:41 - [MESSAGE][PASSED] - Taking screenshot successfully
[[ATTACHMENT|keyes\keyes-Login page.png]]

13-07-2024T22:45:41 - [TEST_STEP][PASSED] - setText(findTestObject("1. CURA Object button/Username"), Username): Text 'John Doe' is set on object 'Object Repository/1. CURA Object button/Username'

13-07-2024T22:45:42 - [MESSAGE][PASSED] - Text 'John Doe' is set on object 'Object Repository/1. CURA Object button/Username'

13-07-2024T22:45:42 - [TEST_STEP][PASSED] - setText(findTestObject("1. CURA Object button/Password"), Password): Text 'ThisIsNotAPassword' is set on object 'Object Repository/1. CURA Object button/Password'

13-07-2024T22:45:42 - [MESSAGE][PASSED] - Text 'ThisIsNotAPassword' is set on object 'Object Repository/1. CURA Object button/Password'

13-07-2024T22:45:42 - [TEST_STEP][PASSED] - click(findTestObject("1. CURA Object button/Login Button")): Object: 'Object Repository/1. CURA Object button/Login Button' is clicked on

13-07-2024T22:45:43 - [MESSAGE][PASSED] - Object: 'Object Repository/1. CURA Object button/Login Button' is clicked on

13-07-2024T22:45:43 - [TEST_STEP][PASSED] - delay(2): Delayed 2 second(s)

13-07-2024T22:45:45 - [MESSAGE][PASSED] - Delayed 2 second(s)

13-07-2024T22:45:45 - [TEST_STEP][PASSED] - takeScreenshotAsCheckpoint("Make appointment page"): Taking screenshot successfully

13-07-2024T22:45:46 - [MESSAGE][INFO] - 0 hidden object(s)

13-07-2024T22:45:46 - [MESSAGE][PASSED] - Taking screenshot successfully
[[ATTACHMENT|keyes\keyes-Make appointment page.png]]]]></system-out>
         <system-err><![CDATA[]]></system-err>
      </testcase>
      <testcase name="Test Cases/CURA Web Test/Properties/TCP03 - Logout" time="1.658" classname="Test Cases/CURA Web Test/Properties/TCP03 - Logout" status="PASSED">
         <system-out><![CDATA[13-07-2024T22:45:46 - [TEST_CASE][PASSED] - Test Cases/CURA Web Test/Properties/TCP03 - Logout: Test Cases/CURA Web Test/Properties/TCP03 - Logout

13-07-2024T22:45:46 - [TEST_STEP][PASSED] - verifyElementText(findTestObject("2. CURA Object Text/Make Appointment"), "Make Appointment"): Actual text and expected text of test object 'Object Repository/2. CURA Object Text/Make Appointment' are matched.

13-07-2024T22:45:46 - [MESSAGE][PASSED] - Actual text and expected text of test object 'Object Repository/2. CURA Object Text/Make Appointment' are matched.

13-07-2024T22:45:46 - [TEST_STEP][PASSED] - click(findTestObject("1. CURA Object button/Menu")): Object: 'Object Repository/1. CURA Object button/Menu' is clicked on

13-07-2024T22:45:46 - [MESSAGE][PASSED] - Object: 'Object Repository/1. CURA Object button/Menu' is clicked on

13-07-2024T22:45:46 - [TEST_STEP][PASSED] - click(findTestObject("1. CURA Object button/Logout")): Object: 'Object Repository/1. CURA Object button/Logout' is clicked on

13-07-2024T22:45:47 - [MESSAGE][PASSED] - Object: 'Object Repository/1. CURA Object button/Logout' is clicked on

13-07-2024T22:45:47 - [TEST_STEP][PASSED] - closeBrowser(): Browser is closed

13-07-2024T22:45:47 - [MESSAGE][PASSED] - Browser is closed]]></system-out>
         <system-err><![CDATA[]]></system-err>
      </testcase>
      <system-out><![CDATA[13-07-2024T22:45:08 - [TEST_SUITE][PASSED] - TS02 - Login variation: Test Cases/CURA Web Test/Properties/TCP03 - Logout]]></system-out>
      <system-err><![CDATA[]]></system-err>
   </testsuite>
   <testsuite name="TS03 - Logout variation" tests="5" failures="1" errors="0" time="16.862" skipped="0" timestamp="13-07-2024T22:45:59" hostname="Lenovo - LAPTOP-7QB5JFLU" id="Test Suites/CURA Test suites/TS03 - Logout variation">
      <properties>
         <property name="deviceName" value=""/>
         <property name="devicePlatform"/>
         <property name="logFolder" value="C:\\Users\\Lenovo\\git\\KatalonPractitionerLevel\\Reports\\20240713_224359\\CURA Test suites\\TS03 - Logout variation\\20240713_224404"/>
         <property name="logFiles" value="C:\\Users\\Lenovo\\git\\KatalonPractitionerLevel\\Reports\\20240713_224359\\CURA Test suites\\TS03 - Logout variation\\20240713_224404\\execution0.log"/>
         <property name="attachments" value="C:\\Users\\Lenovo\\git\\KatalonPractitionerLevel\\Reports\\20240713_224359\\CURA Test suites\\TS03 - Logout variation\\20240713_224404\\1720885573161.png, C:\\Users\\Lenovo\\git\\KatalonPractitionerLevel\\Reports\\20240713_224359\\CURA Test suites\\TS03 - Logout variation\\20240713_224404\\1720885574085.png, C:\\Users\\Lenovo\\git\\KatalonPractitionerLevel\\Reports\\20240713_224359\\CURA Test suites\\TS03 - Logout variation\\20240713_224404\\1720885574981.png, C:\\Users\\Lenovo\\git\\KatalonPractitionerLevel\\Reports\\20240713_224359\\CURA Test suites\\TS03 - Logout variation\\20240713_224404\\1720885575972.png"/>
         <property name="hostName" value="Lenovo - LAPTOP-7QB5JFLU"/>
         <property name="os" value="Windows 11 64bit"/>
         <property name="katalonVersion" value="9.6.0.217"/>
         <property name="browser" value="Chrome 126.0.0.0"/>
         <property name="hostAddress" value="192.168.1.12"/>
         <property name="sessionId" value="d68a170555f851e2e50141003a48cae3"/>
         <property name="seleniumVersion" value="3.141.59"/>
         <property name="proxyInformation" value="ProxyInformation { proxyOption=NO_PROXY, proxyServerType=HTTP, username=, password=********, proxyServerAddress=, proxyServerPort=0, executionList=&quot;&quot;, isApplyToDesiredCapabilities=true }"/>
         <property name="platform" value="Windows 11"/>
      </properties>
      <testcase name="Test Cases/CURA Web Test/Properties/TCP01 - Open browser" time="4.364" classname="Test Cases/CURA Web Test/Properties/TCP01 - Open browser" status="PASSED">
         <system-out><![CDATA[13-07-2024T22:45:59 - [TEST_CASE][PASSED] - Test Cases/CURA Web Test/Properties/TCP01 - Open browser: Test Cases/CURA Web Test/Properties/TCP01 - Open browser

13-07-2024T22:45:59 - [TEST_STEP][PASSED] - openBrowser(""): Browser is opened with url: ''

13-07-2024T22:45:59 - [MESSAGE][INFO] - Starting 'Chrome' driver

13-07-2024T22:45:59 - [MESSAGE][INFO] - Action delay is set to 0 milliseconds

13-07-2024T22:46:00 - [MESSAGE][PASSED] - Browser is opened with url: ''

13-07-2024T22:46:00 - [TEST_STEP][PASSED] - navigateToUrl(URL): Navigate to 'https://katalon-demo-cura.herokuapp.com/' successfully

13-07-2024T22:46:03 - [MESSAGE][PASSED] - Navigate to 'https://katalon-demo-cura.herokuapp.com/' successfully]]></system-out>
         <system-err><![CDATA[]]></system-err>
      </testcase>
      <testcase name="Test Cases/CURA Web Test/Properties/TCP02 - Login" time="3.297" classname="Test Cases/CURA Web Test/Properties/TCP02 - Login" status="PASSED">
         <system-out><![CDATA[13-07-2024T22:46:03 - [TEST_CASE][PASSED] - Test Cases/CURA Web Test/Properties/TCP02 - Login: Test Cases/CURA Web Test/Properties/TCP02 - Login

13-07-2024T22:46:03 - [TEST_STEP][PASSED] - click(findTestObject("1. CURA Object button/Make Appointment")): Object: 'Object Repository/1. CURA Object button/Make Appointment' is clicked on

13-07-2024T22:46:04 - [MESSAGE][PASSED] - Object: 'Object Repository/1. CURA Object button/Make Appointment' is clicked on

13-07-2024T22:46:04 - [TEST_STEP][PASSED] - verifyElementText(findTestObject("2. CURA Object Text/Login Text"), "Login"): Actual text and expected text of test object 'Object Repository/2. CURA Object Text/Login Text' are matched.

13-07-2024T22:46:04 - [MESSAGE][PASSED] - Actual text and expected text of test object 'Object Repository/2. CURA Object Text/Login Text' are matched.

13-07-2024T22:46:04 - [TEST_STEP][PASSED] - setText(findTestObject("1. CURA Object button/Username"), Username): Text 'John Doe' is set on object 'Object Repository/1. CURA Object button/Username'

13-07-2024T22:46:05 - [MESSAGE][PASSED] - Text 'John Doe' is set on object 'Object Repository/1. CURA Object button/Username'

13-07-2024T22:46:05 - [TEST_STEP][PASSED] - setText(findTestObject("1. CURA Object button/Password"), Password): Text 'ThisIsNotAPassword' is set on object 'Object Repository/1. CURA Object button/Password'

13-07-2024T22:46:06 - [MESSAGE][PASSED] - Text 'ThisIsNotAPassword' is set on object 'Object Repository/1. CURA Object button/Password'

13-07-2024T22:46:06 - [TEST_STEP][PASSED] - click(findTestObject("1. CURA Object button/Login Button")): Object: 'Object Repository/1. CURA Object button/Login Button' is clicked on

13-07-2024T22:46:06 - [MESSAGE][PASSED] - Object: 'Object Repository/1. CURA Object button/Login Button' is clicked on]]></system-out>
         <system-err><![CDATA[]]></system-err>
      </testcase>
      <testcase name="Test Cases/CURA Web Test/TC12 - Logout via button toggle" time="1.582" classname="Test Cases/CURA Web Test/TC12 - Logout via button toggle" status="PASSED">
         <system-out><![CDATA[13-07-2024T22:46:06 - [TEST_CASE][PASSED] - Test Cases/CURA Web Test/TC12 - Logout via button toggle: Test Cases/CURA Web Test/TC12 - Logout via button toggle

13-07-2024T22:46:07 - [TEST_STEP][PASSED] - click(findTestObject("1. CURA Object button/Menu"), STOP_ON_FAILURE): Object: 'Object Repository/1. CURA Object button/Menu' is clicked on

13-07-2024T22:46:07 - [MESSAGE][PASSED] - Object: 'Object Repository/1. CURA Object button/Menu' is clicked on

13-07-2024T22:46:07 - [TEST_STEP][PASSED] - click(findTestObject("1. CURA Object button/Logout")): Object: 'Object Repository/1. CURA Object button/Logout' is clicked on

13-07-2024T22:46:08 - [MESSAGE][PASSED] - Object: 'Object Repository/1. CURA Object button/Logout' is clicked on

13-07-2024T22:46:08 - [TEST_STEP][PASSED] - verifyElementText(findTestObject("2. CURA Object Text/Healthcare Service"), "CURA Healthcare Service"): Actual text and expected text of test object 'Object Repository/2. CURA Object Text/Healthcare Service' are matched.

13-07-2024T22:46:08 - [MESSAGE][PASSED] - Actual text and expected text of test object 'Object Repository/2. CURA Object Text/Healthcare Service' are matched.]]></system-out>
         <system-err><![CDATA[]]></system-err>
      </testcase>
      <testcase name="Test Cases/CURA Web Test/Properties/TCP02 - Login" time="3.116" classname="Test Cases/CURA Web Test/Properties/TCP02 - Login" status="PASSED">
         <system-out><![CDATA[13-07-2024T22:46:08 - [TEST_CASE][PASSED] - Test Cases/CURA Web Test/Properties/TCP02 - Login: Test Cases/CURA Web Test/Properties/TCP02 - Login

13-07-2024T22:46:08 - [TEST_STEP][PASSED] - click(findTestObject("1. CURA Object button/Make Appointment")): Object: 'Object Repository/1. CURA Object button/Make Appointment' is clicked on

13-07-2024T22:46:09 - [MESSAGE][PASSED] - Object: 'Object Repository/1. CURA Object button/Make Appointment' is clicked on

13-07-2024T22:46:09 - [TEST_STEP][PASSED] - verifyElementText(findTestObject("2. CURA Object Text/Login Text"), "Login"): Actual text and expected text of test object 'Object Repository/2. CURA Object Text/Login Text' are matched.

13-07-2024T22:46:09 - [MESSAGE][PASSED] - Actual text and expected text of test object 'Object Repository/2. CURA Object Text/Login Text' are matched.

13-07-2024T22:46:09 - [TEST_STEP][PASSED] - setText(findTestObject("1. CURA Object button/Username"), Username): Text 'John Doe' is set on object 'Object Repository/1. CURA Object button/Username'

13-07-2024T22:46:10 - [MESSAGE][PASSED] - Text 'John Doe' is set on object 'Object Repository/1. CURA Object button/Username'

13-07-2024T22:46:10 - [TEST_STEP][PASSED] - setText(findTestObject("1. CURA Object button/Password"), Password): Text 'ThisIsNotAPassword' is set on object 'Object Repository/1. CURA Object button/Password'

13-07-2024T22:46:10 - [MESSAGE][PASSED] - Text 'ThisIsNotAPassword' is set on object 'Object Repository/1. CURA Object button/Password'

13-07-2024T22:46:10 - [TEST_STEP][PASSED] - click(findTestObject("1. CURA Object button/Login Button")): Object: 'Object Repository/1. CURA Object button/Login Button' is clicked on

13-07-2024T22:46:11 - [MESSAGE][PASSED] - Object: 'Object Repository/1. CURA Object button/Login Button' is clicked on]]></system-out>
         <system-err><![CDATA[]]></system-err>
      </testcase>
      <testcase name="Test Cases/CURA Web Test/TC13 - Logout via profile menu" time="1.009" classname="Test Cases/CURA Web Test/TC13 - Logout via profile menu" status="FAILED">
         <failure type="FAILED" message="Test Cases/CURA Web Test/TC13 - Logout via profile menu FAILED.&#xa;Reason:&#xa;com.kms.katalon.core.exception.StepFailedException: Unable to click on object 'Object Repository/1. CURA Object button/Logout'&#xa;	at com.kms.katalon.core.webui.keyword.internal.WebUIKeywordMain.stepFailed(WebUIKeywordMain.groovy:64)&#xa;	at com.kms.katalon.core.webui.keyword.internal.WebUIKeywordMain.runKeyword(WebUIKeywordMain.groovy:26)&#xa;	at com.kms.katalon.core.webui.keyword.builtin.ClickKeyword.click(ClickKeyword.groovy:74)&#xa;	at com.kms.katalon.core.webui.keyword.builtin.ClickKeyword.execute(ClickKeyword.groovy:40)&#xa;	at com.kms.katalon.core.keyword.internal.KeywordExecutor.executeKeywordForPlatform(KeywordExecutor.groovy:74)&#xa;	at com.kms.katalon.core.webui.keyword.WebUiBuiltInKeywords.click(WebUiBuiltInKeywords.groovy:659)&#xa;	at TC13 - Logout via profile menu.run(TC13 - Logout via profile menu:24)&#xa;	at com.kms.katalon.core.main.ScriptEngine.run(ScriptEngine.java:194)&#xa;	at com.kms.katalon.core.main.ScriptEngine.runScriptAsRawText(ScriptEngine.java:119)&#xa;	at com.kms.katalon.core.main.TestCaseExecutor.runScript(TestCaseExecutor.java:448)&#xa;	at com.kms.katalon.core.main.TestCaseExecutor.doExecute(TestCaseExecutor.java:439)&#xa;	at com.kms.katalon.core.main.TestCaseExecutor.processExecutionPhase(TestCaseExecutor.java:418)&#xa;	at com.kms.katalon.core.main.TestCaseExecutor.accessMainPhase(TestCaseExecutor.java:410)&#xa;	at com.kms.katalon.core.main.TestCaseExecutor.execute(TestCaseExecutor.java:285)&#xa;	at com.kms.katalon.core.main.TestCaseExecutor.execute(TestCaseExecutor.java:369)&#xa;	at com.kms.katalon.core.main.TestCaseExecutor.execute(TestCaseExecutor.java:369)&#xa;	at com.kms.katalon.core.main.TestCaseExecutor.execute(TestCaseExecutor.java:369)&#xa;	at com.kms.katalon.core.common.CommonExecutor.accessTestCaseMainPhase(CommonExecutor.java:65)&#xa;	at com.kms.katalon.core.main.TestSuiteExecutor.accessTestSuiteMainPhase(TestSuiteExecutor.java:150)&#xa;	at com.kms.katalon.core.main.TestSuiteExecutor.execute(TestSuiteExecutor.java:106)&#xa;	at com.kms.katalon.core.main.TestCaseMain.startTestSuite(TestCaseMain.java:180)&#xa;	at TempTestSuite1720885444581.run(TempTestSuite1720885444581.groovy:35)&#xa;	at java.base/jdk.internal.reflect.NativeMethodAccessorImpl.invoke0(Native Method)&#xa;	at java.base/jdk.internal.reflect.NativeMethodAccessorImpl.invoke(NativeMethodAccessorImpl.java:77)&#xa;	at java.base/jdk.internal.reflect.DelegatingMethodAccessorImpl.invoke(DelegatingMethodAccessorImpl.java:43)&#xa;Caused by: org.openqa.selenium.ElementNotInteractableException: element not interactable&#xa;  (Session info: chrome=126.0.6478.127)&#xa;Build info: version: '3.141.59', revision: 'unknown', time: 'unknown'&#xa;System info: host: 'LAPTOP-7QB5JFLU', ip: '192.168.1.12', os.name: 'Windows 11', os.arch: 'amd64', os.version: '10.0', java.version: '17.0.7'&#xa;Driver info: com.kms.katalon.selenium.driver.CChromeDriver&#xa;Capabilities {acceptInsecureCerts: false, browserName: chrome, browserVersion: 126.0.6478.127, chrome: {chromedriverVersion: 126.0.6478.126 (d36ace6122e..., userDataDir: C:\Users\Lenovo\AppData\Loc...}, fedcm:accounts: true, goog:chromeOptions: {debuggerAddress: localhost:61430}, javascriptEnabled: true, networkConnectionEnabled: false, pageLoadStrategy: normal, platform: WINDOWS, platformName: WINDOWS, proxy: Proxy(), setWindowRect: true, strictFileInteractability: false, timeouts: {implicit: 0, pageLoad: 300000, script: 30000}, unhandledPromptBehavior: dismiss and notify, webauthn:extension:credBlob: true, webauthn:extension:largeBlob: true, webauthn:extension:minPinLength: true, webauthn:extension:prf: true, webauthn:virtualAuthenticators: true}&#xa;Session ID: d68a170555f851e2e50141003a48cae3&#xa;	at java.base/jdk.internal.reflect.NativeConstructorAccessorImpl.newInstance0(Native Method)&#xa;	at java.base/jdk.internal.reflect.NativeConstructorAccessorImpl.newInstance(NativeConstructorAccessorImpl.java:77)&#xa;	at java.base/jdk.internal.reflect.DelegatingConstructorAccessorImpl.newInstance(DelegatingConstructorAccessorImpl.java:45)&#xa;	at org.openqa.selenium.remote.http.W3CHttpResponseCodec.createException(W3CHttpResponseCodec.java:187)&#xa;	at org.openqa.selenium.remote.http.W3CHttpResponseCodec.decode(W3CHttpResponseCodec.java:122)&#xa;	at org.openqa.selenium.remote.http.W3CHttpResponseCodec.decode(W3CHttpResponseCodec.java:49)&#xa;	at org.openqa.selenium.remote.HttpCommandExecutor.execute(HttpCommandExecutor.java:158)&#xa;	at org.openqa.selenium.remote.service.DriverCommandExecutor.execute(DriverCommandExecutor.java:83)&#xa;	at org.openqa.selenium.remote.RemoteWebDriver.execute(RemoteWebDriver.java:552)&#xa;	at com.kms.katalon.selenium.driver.CChromeDriver.execute(CChromeDriver.java:19)&#xa;	at org.openqa.selenium.remote.RemoteWebElement.execute(RemoteWebElement.java:285)&#xa;	at org.openqa.selenium.remote.RemoteWebElement.click(RemoteWebElement.java:84)&#xa;	at jdk.internal.reflect.GeneratedMethodAccessor14.invoke(Unknown Source)&#xa;	at java.base/jdk.internal.reflect.DelegatingMethodAccessorImpl.invoke(DelegatingMethodAccessorImpl.java:43)&#xa;	at org.openqa.selenium.support.events.EventFiringWebDriver$EventFiringWebElement.lambda$new$0(EventFiringWebDriver.java:404)&#xa;	at jdk.proxy2/jdk.proxy2.$Proxy24.click(Unknown Source)&#xa;	at org.openqa.selenium.support.events.EventFiringWebDriver$EventFiringWebElement.click(EventFiringWebDriver.java:417)&#xa;	at org.openqa.selenium.WebElement$click.call(Unknown Source)&#xa;	at com.kms.katalon.core.webui.keyword.builtin.ClickKeyword.clickUntilSuccessWithTimeout(ClickKeyword.groovy:81)&#xa;	at com.kms.katalon.core.webui.keyword.builtin.ClickKeyword.clickUntilSuccessWithTimeout(ClickKeyword.groovy)&#xa;	at jdk.internal.reflect.GeneratedMethodAccessor12.invoke(Unknown Source)&#xa;	at java.base/jdk.internal.reflect.DelegatingMethodAccessorImpl.invoke(DelegatingMethodAccessorImpl.java:43)&#xa;	at com.kms.katalon.core.webui.keyword.builtin.ClickKeyword$_click_closure1.doCall(ClickKeyword.groovy:67)&#xa;	at com.kms.katalon.core.webui.keyword.builtin.ClickKeyword$_click_closure1.call(ClickKeyword.groovy)&#xa;	at com.kms.katalon.core.webui.keyword.internal.WebUIKeywordMain.runKeyword(WebUIKeywordMain.groovy:20)&#xa;	... 23 more&#xa;"/>
         <system-out><![CDATA[13-07-2024T22:46:15 - [TEST_CASE][FAILED] - Test Cases/CURA Web Test/TC13 - Logout via profile menu: Test Cases/CURA Web Test/TC13 - Logout via profile menu FAILED.
Reason:
com.kms.katalon.core.exception.StepFailedException: Unable to click on object 'Object Repository/1. CURA Object button/Logout'
	at com.kms.katalon.core.webui.keyword.internal.WebUIKeywordMain.stepFailed(WebUIKeywordMain.groovy:64)
	at com.kms.katalon.core.webui.keyword.internal.WebUIKeywordMain.runKeyword(WebUIKeywordMain.groovy:26)
	at com.kms.katalon.core.webui.keyword.builtin.ClickKeyword.click(ClickKeyword.groovy:74)
	at com.kms.katalon.core.webui.keyword.builtin.ClickKeyword.execute(ClickKeyword.groovy:40)
	at com.kms.katalon.core.keyword.internal.KeywordExecutor.executeKeywordForPlatform(KeywordExecutor.groovy:74)
	at com.kms.katalon.core.webui.keyword.WebUiBuiltInKeywords.click(WebUiBuiltInKeywords.groovy:659)
	at TC13 - Logout via profile menu.run(TC13 - Logout via profile menu:24)
	at com.kms.katalon.core.main.ScriptEngine.run(ScriptEngine.java:194)
	at com.kms.katalon.core.main.ScriptEngine.runScriptAsRawText(ScriptEngine.java:119)
	at com.kms.katalon.core.main.TestCaseExecutor.runScript(TestCaseExecutor.java:448)
	at com.kms.katalon.core.main.TestCaseExecutor.doExecute(TestCaseExecutor.java:439)
	at com.kms.katalon.core.main.TestCaseExecutor.processExecutionPhase(TestCaseExecutor.java:418)
	at com.kms.katalon.core.main.TestCaseExecutor.accessMainPhase(TestCaseExecutor.java:410)
	at com.kms.katalon.core.main.TestCaseExecutor.execute(TestCaseExecutor.java:285)
	at com.kms.katalon.core.main.TestCaseExecutor.execute(TestCaseExecutor.java:369)
	at com.kms.katalon.core.main.TestCaseExecutor.execute(TestCaseExecutor.java:369)
	at com.kms.katalon.core.main.TestCaseExecutor.execute(TestCaseExecutor.java:369)
	at com.kms.katalon.core.common.CommonExecutor.accessTestCaseMainPhase(CommonExecutor.java:65)
	at com.kms.katalon.core.main.TestSuiteExecutor.accessTestSuiteMainPhase(TestSuiteExecutor.java:150)
	at com.kms.katalon.core.main.TestSuiteExecutor.execute(TestSuiteExecutor.java:106)
	at com.kms.katalon.core.main.TestCaseMain.startTestSuite(TestCaseMain.java:180)
	at TempTestSuite1720885444581.run(TempTestSuite1720885444581.groovy:35)
	at java.base/jdk.internal.reflect.NativeMethodAccessorImpl.invoke0(Native Method)
	at java.base/jdk.internal.reflect.NativeMethodAccessorImpl.invoke(NativeMethodAccessorImpl.java:77)
	at java.base/jdk.internal.reflect.DelegatingMethodAccessorImpl.invoke(DelegatingMethodAccessorImpl.java:43)
Caused by: org.openqa.selenium.ElementNotInteractableException: element not interactable
  (Session info: chrome=126.0.6478.127)
Build info: version: '3.141.59', revision: 'unknown', time: 'unknown'
System info: host: 'LAPTOP-7QB5JFLU', ip: '192.168.1.12', os.name: 'Windows 11', os.arch: 'amd64', os.version: '10.0', java.version: '17.0.7'
Driver info: com.kms.katalon.selenium.driver.CChromeDriver
Capabilities {acceptInsecureCerts: false, browserName: chrome, browserVersion: 126.0.6478.127, chrome: {chromedriverVersion: 126.0.6478.126 (d36ace6122e..., userDataDir: C:\Users\Lenovo\AppData\Loc...}, fedcm:accounts: true, goog:chromeOptions: {debuggerAddress: localhost:61430}, javascriptEnabled: true, networkConnectionEnabled: false, pageLoadStrategy: normal, platform: WINDOWS, platformName: WINDOWS, proxy: Proxy(), setWindowRect: true, strictFileInteractability: false, timeouts: {implicit: 0, pageLoad: 300000, script: 30000}, unhandledPromptBehavior: dismiss and notify, webauthn:extension:credBlob: true, webauthn:extension:largeBlob: true, webauthn:extension:minPinLength: true, webauthn:extension:prf: true, webauthn:virtualAuthenticators: true}
Session ID: d68a170555f851e2e50141003a48cae3
	at java.base/jdk.internal.reflect.NativeConstructorAccessorImpl.newInstance0(Native Method)
	at java.base/jdk.internal.reflect.NativeConstructorAccessorImpl.newInstance(NativeConstructorAccessorImpl.java:77)
	at java.base/jdk.internal.reflect.DelegatingConstructorAccessorImpl.newInstance(DelegatingConstructorAccessorImpl.java:45)
	at org.openqa.selenium.remote.http.W3CHttpResponseCodec.createException(W3CHttpResponseCodec.java:187)
	at org.openqa.selenium.remote.http.W3CHttpResponseCodec.decode(W3CHttpResponseCodec.java:122)
	at org.openqa.selenium.remote.http.W3CHttpResponseCodec.decode(W3CHttpResponseCodec.java:49)
	at org.openqa.selenium.remote.HttpCommandExecutor.execute(HttpCommandExecutor.java:158)
	at org.openqa.selenium.remote.service.DriverCommandExecutor.execute(DriverCommandExecutor.java:83)
	at org.openqa.selenium.remote.RemoteWebDriver.execute(RemoteWebDriver.java:552)
	at com.kms.katalon.selenium.driver.CChromeDriver.execute(CChromeDriver.java:19)
	at org.openqa.selenium.remote.RemoteWebElement.execute(RemoteWebElement.java:285)
	at org.openqa.selenium.remote.RemoteWebElement.click(RemoteWebElement.java:84)
	at jdk.internal.reflect.GeneratedMethodAccessor14.invoke(Unknown Source)
	at java.base/jdk.internal.reflect.DelegatingMethodAccessorImpl.invoke(DelegatingMethodAccessorImpl.java:43)
	at org.openqa.selenium.support.events.EventFiringWebDriver$EventFiringWebElement.lambda$new$0(EventFiringWebDriver.java:404)
	at jdk.proxy2/jdk.proxy2.$Proxy24.click(Unknown Source)
	at org.openqa.selenium.support.events.EventFiringWebDriver$EventFiringWebElement.click(EventFiringWebDriver.java:417)
	at org.openqa.selenium.WebElement$click.call(Unknown Source)
	at com.kms.katalon.core.webui.keyword.builtin.ClickKeyword.clickUntilSuccessWithTimeout(ClickKeyword.groovy:81)
	at com.kms.katalon.core.webui.keyword.builtin.ClickKeyword.clickUntilSuccessWithTimeout(ClickKeyword.groovy)
	at jdk.internal.reflect.GeneratedMethodAccessor12.invoke(Unknown Source)
	at java.base/jdk.internal.reflect.DelegatingMethodAccessorImpl.invoke(DelegatingMethodAccessorImpl.java:43)
	at com.kms.katalon.core.webui.keyword.builtin.ClickKeyword$_click_closure1.doCall(ClickKeyword.groovy:67)
	at com.kms.katalon.core.webui.keyword.builtin.ClickKeyword$_click_closure1.call(ClickKeyword.groovy)
	at com.kms.katalon.core.webui.keyword.internal.WebUIKeywordMain.runKeyword(WebUIKeywordMain.groovy:20)
	... 23 more


13-07-2024T22:46:15 - [TEST_STEP][PASSED] - click(findTestObject("1. CURA Object button/Menu")): Object: 'Object Repository/1. CURA Object button/Menu' is clicked on

13-07-2024T22:46:15 - [MESSAGE][PASSED] - Object: 'Object Repository/1. CURA Object button/Menu' is clicked on

13-07-2024T22:46:15 - [TEST_STEP][PASSED] - click(findTestObject("1. CURA Object button/Profile")): Object: 'Object Repository/1. CURA Object button/Profile' is clicked on

13-07-2024T22:46:15 - [MESSAGE][PASSED] - Object: 'Object Repository/1. CURA Object button/Profile' is clicked on

13-07-2024T22:46:15 - [TEST_STEP][FAILED] - click(findTestObject("1. CURA Object button/Logout")): Unable to click on object 'Object Repository/1. CURA Object button/Logout' (Root cause: com.kms.katalon.core.exception.StepFailedException: Unable to click on object 'Object Repository/1. CURA Object button/Logout'
	at com.kms.katalon.core.webui.keyword.internal.WebUIKeywordMain.stepFailed(WebUIKeywordMain.groovy:64)
	at com.kms.katalon.core.webui.keyword.internal.WebUIKeywordMain.runKeyword(WebUIKeywordMain.groovy:26)
	at com.kms.katalon.core.webui.keyword.builtin.ClickKeyword.click(ClickKeyword.groovy:74)
	at com.kms.katalon.core.webui.keyword.builtin.ClickKeyword.execute(ClickKeyword.groovy:40)
	at com.kms.katalon.core.keyword.internal.KeywordExecutor.executeKeywordForPlatform(KeywordExecutor.groovy:74)
	at com.kms.katalon.core.webui.keyword.WebUiBuiltInKeywords.click(WebUiBuiltInKeywords.groovy:659)
	at TC13 - Logout via profile menu.run(TC13 - Logout via profile menu:24)
	at com.kms.katalon.core.main.ScriptEngine.run(ScriptEngine.java:194)
	at com.kms.katalon.core.main.ScriptEngine.runScriptAsRawText(ScriptEngine.java:119)
	at com.kms.katalon.core.main.TestCaseExecutor.runScript(TestCaseExecutor.java:448)
	at com.kms.katalon.core.main.TestCaseExecutor.doExecute(TestCaseExecutor.java:439)
	at com.kms.katalon.core.main.TestCaseExecutor.processExecutionPhase(TestCaseExecutor.java:418)
	at com.kms.katalon.core.main.TestCaseExecutor.accessMainPhase(TestCaseExecutor.java:410)
	at com.kms.katalon.core.main.TestCaseExecutor.execute(TestCaseExecutor.java:285)
	at com.kms.katalon.core.main.TestCaseExecutor.execute(TestCaseExecutor.java:369)
	at com.kms.katalon.core.main.TestCaseExecutor.execute(TestCaseExecutor.java:369)
	at com.kms.katalon.core.main.TestCaseExecutor.execute(TestCaseExecutor.java:369)
	at com.kms.katalon.core.common.CommonExecutor.accessTestCaseMainPhase(CommonExecutor.java:65)
	at com.kms.katalon.core.main.TestSuiteExecutor.accessTestSuiteMainPhase(TestSuiteExecutor.java:150)
	at com.kms.katalon.core.main.TestSuiteExecutor.execute(TestSuiteExecutor.java:106)
	at com.kms.katalon.core.main.TestCaseMain.startTestSuite(TestCaseMain.java:180)
	at TempTestSuite1720885444581.run(TempTestSuite1720885444581.groovy:35)
	at java.base/jdk.internal.reflect.NativeMethodAccessorImpl.invoke0(Native Method)
	at java.base/jdk.internal.reflect.NativeMethodAccessorImpl.invoke(NativeMethodAccessorImpl.java:77)
	at java.base/jdk.internal.reflect.DelegatingMethodAccessorImpl.invoke(DelegatingMethodAccessorImpl.java:43)
Caused by: org.openqa.selenium.ElementNotInteractableException: element not interactable
  (Session info: chrome=126.0.6478.127)
Build info: version: '3.141.59', revision: 'unknown', time: 'unknown'
System info: host: 'LAPTOP-7QB5JFLU', ip: '192.168.1.12', os.name: 'Windows 11', os.arch: 'amd64', os.version: '10.0', java.version: '17.0.7'
Driver info: com.kms.katalon.selenium.driver.CChromeDriver
Capabilities {acceptInsecureCerts: false, browserName: chrome, browserVersion: 126.0.6478.127, chrome: {chromedriverVersion: 126.0.6478.126 (d36ace6122e..., userDataDir: C:\Users\Lenovo\AppData\Loc...}, fedcm:accounts: true, goog:chromeOptions: {debuggerAddress: localhost:61430}, javascriptEnabled: true, networkConnectionEnabled: false, pageLoadStrategy: normal, platform: WINDOWS, platformName: WINDOWS, proxy: Proxy(), setWindowRect: true, strictFileInteractability: false, timeouts: {implicit: 0, pageLoad: 300000, script: 30000}, unhandledPromptBehavior: dismiss and notify, webauthn:extension:credBlob: true, webauthn:extension:largeBlob: true, webauthn:extension:minPinLength: true, webauthn:extension:prf: true, webauthn:virtualAuthenticators: true}
Session ID: d68a170555f851e2e50141003a48cae3
	at java.base/jdk.internal.reflect.NativeConstructorAccessorImpl.newInstance0(Native Method)
	at java.base/jdk.internal.reflect.NativeConstructorAccessorImpl.newInstance(NativeConstructorAccessorImpl.java:77)
	at java.base/jdk.internal.reflect.DelegatingConstructorAccessorImpl.newInstance(DelegatingConstructorAccessorImpl.java:45)
	at org.openqa.selenium.remote.http.W3CHttpResponseCodec.createException(W3CHttpResponseCodec.java:187)
	at org.openqa.selenium.remote.http.W3CHttpResponseCodec.decode(W3CHttpResponseCodec.java:122)
	at org.openqa.selenium.remote.http.W3CHttpResponseCodec.decode(W3CHttpResponseCodec.java:49)
	at org.openqa.selenium.remote.HttpCommandExecutor.execute(HttpCommandExecutor.java:158)
	at org.openqa.selenium.remote.service.DriverCommandExecutor.execute(DriverCommandExecutor.java:83)
	at org.openqa.selenium.remote.RemoteWebDriver.execute(RemoteWebDriver.java:552)
	at com.kms.katalon.selenium.driver.CChromeDriver.execute(CChromeDriver.java:19)
	at org.openqa.selenium.remote.RemoteWebElement.execute(RemoteWebElement.java:285)
	at org.openqa.selenium.remote.RemoteWebElement.click(RemoteWebElement.java:84)
	at jdk.internal.reflect.GeneratedMethodAccessor14.invoke(Unknown Source)
	at java.base/jdk.internal.reflect.DelegatingMethodAccessorImpl.invoke(DelegatingMethodAccessorImpl.java:43)
	at org.openqa.selenium.support.events.EventFiringWebDriver$EventFiringWebElement.lambda$new$0(EventFiringWebDriver.java:404)
	at jdk.proxy2/jdk.proxy2.$Proxy24.click(Unknown Source)
	at org.openqa.selenium.support.events.EventFiringWebDriver$EventFiringWebElement.click(EventFiringWebDriver.java:417)
	at org.openqa.selenium.WebElement$click.call(Unknown Source)
	at com.kms.katalon.core.webui.keyword.builtin.ClickKeyword.clickUntilSuccessWithTimeout(ClickKeyword.groovy:81)
	at com.kms.katalon.core.webui.keyword.builtin.ClickKeyword.clickUntilSuccessWithTimeout(ClickKeyword.groovy)
	at jdk.internal.reflect.GeneratedMethodAccessor12.invoke(Unknown Source)
	at java.base/jdk.internal.reflect.DelegatingMethodAccessorImpl.invoke(DelegatingMethodAccessorImpl.java:43)
	at com.kms.katalon.core.webui.keyword.builtin.ClickKeyword$_click_closure1.doCall(ClickKeyword.groovy:67)
	at com.kms.katalon.core.webui.keyword.builtin.ClickKeyword$_click_closure1.call(ClickKeyword.groovy)
	at com.kms.katalon.core.webui.keyword.internal.WebUIKeywordMain.runKeyword(WebUIKeywordMain.groovy:20)
	at com.kms.katalon.core.webui.keyword.builtin.ClickKeyword.click(ClickKeyword.groovy:74)
	at com.kms.katalon.core.webui.keyword.builtin.ClickKeyword.execute(ClickKeyword.groovy:40)
	at com.kms.katalon.core.keyword.internal.KeywordExecutor.executeKeywordForPlatform(KeywordExecutor.groovy:74)
	at com.kms.katalon.core.webui.keyword.WebUiBuiltInKeywords.click(WebUiBuiltInKeywords.groovy:659)
	at Script1719642594865.run(Script1719642594865.groovy:24)
	... 18 more
)

13-07-2024T22:46:16 - [MESSAGE][FAILED] - Unable to click on object 'Object Repository/1. CURA Object button/Logout' (Root cause: com.kms.katalon.core.exception.StepFailedException: Unable to click on object 'Object Repository/1. CURA Object button/Logout'
	at com.kms.katalon.core.webui.keyword.internal.WebUIKeywordMain.stepFailed(WebUIKeywordMain.groovy:64)
	at com.kms.katalon.core.webui.keyword.internal.WebUIKeywordMain.runKeyword(WebUIKeywordMain.groovy:26)
	at com.kms.katalon.core.webui.keyword.builtin.ClickKeyword.click(ClickKeyword.groovy:74)
	at com.kms.katalon.core.webui.keyword.builtin.ClickKeyword.execute(ClickKeyword.groovy:40)
	at com.kms.katalon.core.keyword.internal.KeywordExecutor.executeKeywordForPlatform(KeywordExecutor.groovy:74)
	at com.kms.katalon.core.webui.keyword.WebUiBuiltInKeywords.click(WebUiBuiltInKeywords.groovy:659)
	at TC13 - Logout via profile menu.run(TC13 - Logout via profile menu:24)
	at com.kms.katalon.core.main.ScriptEngine.run(ScriptEngine.java:194)
	at com.kms.katalon.core.main.ScriptEngine.runScriptAsRawText(ScriptEngine.java:119)
	at com.kms.katalon.core.main.TestCaseExecutor.runScript(TestCaseExecutor.java:448)
	at com.kms.katalon.core.main.TestCaseExecutor.doExecute(TestCaseExecutor.java:439)
	at com.kms.katalon.core.main.TestCaseExecutor.processExecutionPhase(TestCaseExecutor.java:418)
	at com.kms.katalon.core.main.TestCaseExecutor.accessMainPhase(TestCaseExecutor.java:410)
	at com.kms.katalon.core.main.TestCaseExecutor.execute(TestCaseExecutor.java:285)
	at com.kms.katalon.core.main.TestCaseExecutor.execute(TestCaseExecutor.java:369)
	at com.kms.katalon.core.main.TestCaseExecutor.execute(TestCaseExecutor.java:369)
	at com.kms.katalon.core.main.TestCaseExecutor.execute(TestCaseExecutor.java:369)
	at com.kms.katalon.core.common.CommonExecutor.accessTestCaseMainPhase(CommonExecutor.java:65)
	at com.kms.katalon.core.main.TestSuiteExecutor.accessTestSuiteMainPhase(TestSuiteExecutor.java:150)
	at com.kms.katalon.core.main.TestSuiteExecutor.execute(TestSuiteExecutor.java:106)
	at com.kms.katalon.core.main.TestCaseMain.startTestSuite(TestCaseMain.java:180)
	at TempTestSuite1720885444581.run(TempTestSuite1720885444581.groovy:35)
	at java.base/jdk.internal.reflect.NativeMethodAccessorImpl.invoke0(Native Method)
	at java.base/jdk.internal.reflect.NativeMethodAccessorImpl.invoke(NativeMethodAccessorImpl.java:77)
	at java.base/jdk.internal.reflect.DelegatingMethodAccessorImpl.invoke(DelegatingMethodAccessorImpl.java:43)
Caused by: org.openqa.selenium.ElementNotInteractableException: element not interactable
  (Session info: chrome=126.0.6478.127)
Build info: version: '3.141.59', revision: 'unknown', time: 'unknown'
System info: host: 'LAPTOP-7QB5JFLU', ip: '192.168.1.12', os.name: 'Windows 11', os.arch: 'amd64', os.version: '10.0', java.version: '17.0.7'
Driver info: com.kms.katalon.selenium.driver.CChromeDriver
Capabilities {acceptInsecureCerts: false, browserName: chrome, browserVersion: 126.0.6478.127, chrome: {chromedriverVersion: 126.0.6478.126 (d36ace6122e..., userDataDir: C:\Users\Lenovo\AppData\Loc...}, fedcm:accounts: true, goog:chromeOptions: {debuggerAddress: localhost:61430}, javascriptEnabled: true, networkConnectionEnabled: false, pageLoadStrategy: normal, platform: WINDOWS, platformName: WINDOWS, proxy: Proxy(), setWindowRect: true, strictFileInteractability: false, timeouts: {implicit: 0, pageLoad: 300000, script: 30000}, unhandledPromptBehavior: dismiss and notify, webauthn:extension:credBlob: true, webauthn:extension:largeBlob: true, webauthn:extension:minPinLength: true, webauthn:extension:prf: true, webauthn:virtualAuthenticators: true}
Session ID: d68a170555f851e2e50141003a48cae3
	at java.base/jdk.internal.reflect.NativeConstructorAccessorImpl.newInstance0(Native Method)
	at java.base/jdk.internal.reflect.NativeConstructorAccessorImpl.newInstance(NativeConstructorAccessorImpl.java:77)
	at java.base/jdk.internal.reflect.DelegatingConstructorAccessorImpl.newInstance(DelegatingConstructorAccessorImpl.java:45)
	at org.openqa.selenium.remote.http.W3CHttpResponseCodec.createException(W3CHttpResponseCodec.java:187)
	at org.openqa.selenium.remote.http.W3CHttpResponseCodec.decode(W3CHttpResponseCodec.java:122)
	at org.openqa.selenium.remote.http.W3CHttpResponseCodec.decode(W3CHttpResponseCodec.java:49)
	at org.openqa.selenium.remote.HttpCommandExecutor.execute(HttpCommandExecutor.java:158)
	at org.openqa.selenium.remote.service.DriverCommandExecutor.execute(DriverCommandExecutor.java:83)
	at org.openqa.selenium.remote.RemoteWebDriver.execute(RemoteWebDriver.java:552)
	at com.kms.katalon.selenium.driver.CChromeDriver.execute(CChromeDriver.java:19)
	at org.openqa.selenium.remote.RemoteWebElement.execute(RemoteWebElement.java:285)
	at org.openqa.selenium.remote.RemoteWebElement.click(RemoteWebElement.java:84)
	at jdk.internal.reflect.GeneratedMethodAccessor14.invoke(Unknown Source)
	at java.base/jdk.internal.reflect.DelegatingMethodAccessorImpl.invoke(DelegatingMethodAccessorImpl.java:43)
	at org.openqa.selenium.support.events.EventFiringWebDriver$EventFiringWebElement.lambda$new$0(EventFiringWebDriver.java:404)
	at jdk.proxy2/jdk.proxy2.$Proxy24.click(Unknown Source)
	at org.openqa.selenium.support.events.EventFiringWebDriver$EventFiringWebElement.click(EventFiringWebDriver.java:417)
	at org.openqa.selenium.WebElement$click.call(Unknown Source)
	at com.kms.katalon.core.webui.keyword.builtin.ClickKeyword.clickUntilSuccessWithTimeout(ClickKeyword.groovy:81)
	at com.kms.katalon.core.webui.keyword.builtin.ClickKeyword.clickUntilSuccessWithTimeout(ClickKeyword.groovy)
	at jdk.internal.reflect.GeneratedMethodAccessor12.invoke(Unknown Source)
	at java.base/jdk.internal.reflect.DelegatingMethodAccessorImpl.invoke(DelegatingMethodAccessorImpl.java:43)
	at com.kms.katalon.core.webui.keyword.builtin.ClickKeyword$_click_closure1.doCall(ClickKeyword.groovy:67)
	at com.kms.katalon.core.webui.keyword.builtin.ClickKeyword$_click_closure1.call(ClickKeyword.groovy)
	at com.kms.katalon.core.webui.keyword.internal.WebUIKeywordMain.runKeyword(WebUIKeywordMain.groovy:20)
	at com.kms.katalon.core.webui.keyword.builtin.ClickKeyword.click(ClickKeyword.groovy:74)
	at com.kms.katalon.core.webui.keyword.builtin.ClickKeyword.execute(ClickKeyword.groovy:40)
	at com.kms.katalon.core.keyword.internal.KeywordExecutor.executeKeywordForPlatform(KeywordExecutor.groovy:74)
	at com.kms.katalon.core.webui.keyword.WebUiBuiltInKeywords.click(WebUiBuiltInKeywords.groovy:659)
	at Script1719642594865.run(Script1719642594865.groovy:24)
	... 18 more
)
[[ATTACHMENT|C:\\Users\\Lenovo\\git\\KatalonPractitionerLevel\\Reports\\20240713_224359\\CURA Test suites\\TS03 - Logout variation\\20240713_224404\\1720885575972.png]]]]></system-out>
         <system-err><![CDATA[13-07-2024T22:46:15 - [TEST_CASE][FAILED] - Test Cases/CURA Web Test/TC13 - Logout via profile menu: Test Cases/CURA Web Test/TC13 - Logout via profile menu FAILED.
Reason:
com.kms.katalon.core.exception.StepFailedException: Unable to click on object 'Object Repository/1. CURA Object button/Logout'
	at com.kms.katalon.core.webui.keyword.internal.WebUIKeywordMain.stepFailed(WebUIKeywordMain.groovy:64)
	at com.kms.katalon.core.webui.keyword.internal.WebUIKeywordMain.runKeyword(WebUIKeywordMain.groovy:26)
	at com.kms.katalon.core.webui.keyword.builtin.ClickKeyword.click(ClickKeyword.groovy:74)
	at com.kms.katalon.core.webui.keyword.builtin.ClickKeyword.execute(ClickKeyword.groovy:40)
	at com.kms.katalon.core.keyword.internal.KeywordExecutor.executeKeywordForPlatform(KeywordExecutor.groovy:74)
	at com.kms.katalon.core.webui.keyword.WebUiBuiltInKeywords.click(WebUiBuiltInKeywords.groovy:659)
	at TC13 - Logout via profile menu.run(TC13 - Logout via profile menu:24)
	at com.kms.katalon.core.main.ScriptEngine.run(ScriptEngine.java:194)
	at com.kms.katalon.core.main.ScriptEngine.runScriptAsRawText(ScriptEngine.java:119)
	at com.kms.katalon.core.main.TestCaseExecutor.runScript(TestCaseExecutor.java:448)
	at com.kms.katalon.core.main.TestCaseExecutor.doExecute(TestCaseExecutor.java:439)
	at com.kms.katalon.core.main.TestCaseExecutor.processExecutionPhase(TestCaseExecutor.java:418)
	at com.kms.katalon.core.main.TestCaseExecutor.accessMainPhase(TestCaseExecutor.java:410)
	at com.kms.katalon.core.main.TestCaseExecutor.execute(TestCaseExecutor.java:285)
	at com.kms.katalon.core.main.TestCaseExecutor.execute(TestCaseExecutor.java:369)
	at com.kms.katalon.core.main.TestCaseExecutor.execute(TestCaseExecutor.java:369)
	at com.kms.katalon.core.main.TestCaseExecutor.execute(TestCaseExecutor.java:369)
	at com.kms.katalon.core.common.CommonExecutor.accessTestCaseMainPhase(CommonExecutor.java:65)
	at com.kms.katalon.core.main.TestSuiteExecutor.accessTestSuiteMainPhase(TestSuiteExecutor.java:150)
	at com.kms.katalon.core.main.TestSuiteExecutor.execute(TestSuiteExecutor.java:106)
	at com.kms.katalon.core.main.TestCaseMain.startTestSuite(TestCaseMain.java:180)
	at TempTestSuite1720885444581.run(TempTestSuite1720885444581.groovy:35)
	at java.base/jdk.internal.reflect.NativeMethodAccessorImpl.invoke0(Native Method)
	at java.base/jdk.internal.reflect.NativeMethodAccessorImpl.invoke(NativeMethodAccessorImpl.java:77)
	at java.base/jdk.internal.reflect.DelegatingMethodAccessorImpl.invoke(DelegatingMethodAccessorImpl.java:43)
Caused by: org.openqa.selenium.ElementNotInteractableException: element not interactable
  (Session info: chrome=126.0.6478.127)
Build info: version: '3.141.59', revision: 'unknown', time: 'unknown'
System info: host: 'LAPTOP-7QB5JFLU', ip: '192.168.1.12', os.name: 'Windows 11', os.arch: 'amd64', os.version: '10.0', java.version: '17.0.7'
Driver info: com.kms.katalon.selenium.driver.CChromeDriver
Capabilities {acceptInsecureCerts: false, browserName: chrome, browserVersion: 126.0.6478.127, chrome: {chromedriverVersion: 126.0.6478.126 (d36ace6122e..., userDataDir: C:\Users\Lenovo\AppData\Loc...}, fedcm:accounts: true, goog:chromeOptions: {debuggerAddress: localhost:61430}, javascriptEnabled: true, networkConnectionEnabled: false, pageLoadStrategy: normal, platform: WINDOWS, platformName: WINDOWS, proxy: Proxy(), setWindowRect: true, strictFileInteractability: false, timeouts: {implicit: 0, pageLoad: 300000, script: 30000}, unhandledPromptBehavior: dismiss and notify, webauthn:extension:credBlob: true, webauthn:extension:largeBlob: true, webauthn:extension:minPinLength: true, webauthn:extension:prf: true, webauthn:virtualAuthenticators: true}
Session ID: d68a170555f851e2e50141003a48cae3
	at java.base/jdk.internal.reflect.NativeConstructorAccessorImpl.newInstance0(Native Method)
	at java.base/jdk.internal.reflect.NativeConstructorAccessorImpl.newInstance(NativeConstructorAccessorImpl.java:77)
	at java.base/jdk.internal.reflect.DelegatingConstructorAccessorImpl.newInstance(DelegatingConstructorAccessorImpl.java:45)
	at org.openqa.selenium.remote.http.W3CHttpResponseCodec.createException(W3CHttpResponseCodec.java:187)
	at org.openqa.selenium.remote.http.W3CHttpResponseCodec.decode(W3CHttpResponseCodec.java:122)
	at org.openqa.selenium.remote.http.W3CHttpResponseCodec.decode(W3CHttpResponseCodec.java:49)
	at org.openqa.selenium.remote.HttpCommandExecutor.execute(HttpCommandExecutor.java:158)
	at org.openqa.selenium.remote.service.DriverCommandExecutor.execute(DriverCommandExecutor.java:83)
	at org.openqa.selenium.remote.RemoteWebDriver.execute(RemoteWebDriver.java:552)
	at com.kms.katalon.selenium.driver.CChromeDriver.execute(CChromeDriver.java:19)
	at org.openqa.selenium.remote.RemoteWebElement.execute(RemoteWebElement.java:285)
	at org.openqa.selenium.remote.RemoteWebElement.click(RemoteWebElement.java:84)
	at jdk.internal.reflect.GeneratedMethodAccessor14.invoke(Unknown Source)
	at java.base/jdk.internal.reflect.DelegatingMethodAccessorImpl.invoke(DelegatingMethodAccessorImpl.java:43)
	at org.openqa.selenium.support.events.EventFiringWebDriver$EventFiringWebElement.lambda$new$0(EventFiringWebDriver.java:404)
	at jdk.proxy2/jdk.proxy2.$Proxy24.click(Unknown Source)
	at org.openqa.selenium.support.events.EventFiringWebDriver$EventFiringWebElement.click(EventFiringWebDriver.java:417)
	at org.openqa.selenium.WebElement$click.call(Unknown Source)
	at com.kms.katalon.core.webui.keyword.builtin.ClickKeyword.clickUntilSuccessWithTimeout(ClickKeyword.groovy:81)
	at com.kms.katalon.core.webui.keyword.builtin.ClickKeyword.clickUntilSuccessWithTimeout(ClickKeyword.groovy)
	at jdk.internal.reflect.GeneratedMethodAccessor12.invoke(Unknown Source)
	at java.base/jdk.internal.reflect.DelegatingMethodAccessorImpl.invoke(DelegatingMethodAccessorImpl.java:43)
	at com.kms.katalon.core.webui.keyword.builtin.ClickKeyword$_click_closure1.doCall(ClickKeyword.groovy:67)
	at com.kms.katalon.core.webui.keyword.builtin.ClickKeyword$_click_closure1.call(ClickKeyword.groovy)
	at com.kms.katalon.core.webui.keyword.internal.WebUIKeywordMain.runKeyword(WebUIKeywordMain.groovy:20)
	... 23 more]]></system-err>
      </testcase>
      <system-out><![CDATA[13-07-2024T22:45:59 - [TEST_SUITE][FAILED] - TS03 - Logout variation: Test Cases/CURA Web Test/TC13 - Logout via profile menu FAILED.
Reason:
com.kms.katalon.core.exception.StepFailedException: Unable to click on object 'Object Repository/1. CURA Object button/Logout'
	at com.kms.katalon.core.webui.keyword.internal.WebUIKeywordMain.stepFailed(WebUIKeywordMain.groovy:64)
	at com.kms.katalon.core.webui.keyword.internal.WebUIKeywordMain.runKeyword(WebUIKeywordMain.groovy:26)
	at com.kms.katalon.core.webui.keyword.builtin.ClickKeyword.click(ClickKeyword.groovy:74)
	at com.kms.katalon.core.webui.keyword.builtin.ClickKeyword.execute(ClickKeyword.groovy:40)
	at com.kms.katalon.core.keyword.internal.KeywordExecutor.executeKeywordForPlatform(KeywordExecutor.groovy:74)
	at com.kms.katalon.core.webui.keyword.WebUiBuiltInKeywords.click(WebUiBuiltInKeywords.groovy:659)
	at TC13 - Logout via profile menu.run(TC13 - Logout via profile menu:24)
	at com.kms.katalon.core.main.ScriptEngine.run(ScriptEngine.java:194)
	at com.kms.katalon.core.main.ScriptEngine.runScriptAsRawText(ScriptEngine.java:119)
	at com.kms.katalon.core.main.TestCaseExecutor.runScript(TestCaseExecutor.java:448)
	at com.kms.katalon.core.main.TestCaseExecutor.doExecute(TestCaseExecutor.java:439)
	at com.kms.katalon.core.main.TestCaseExecutor.processExecutionPhase(TestCaseExecutor.java:418)
	at com.kms.katalon.core.main.TestCaseExecutor.accessMainPhase(TestCaseExecutor.java:410)
	at com.kms.katalon.core.main.TestCaseExecutor.execute(TestCaseExecutor.java:285)
	at com.kms.katalon.core.common.CommonExecutor.accessTestCaseMainPhase(CommonExecutor.java:65)
	at com.kms.katalon.core.main.TestSuiteExecutor.accessTestSuiteMainPhase(TestSuiteExecutor.java:150)
	at com.kms.katalon.core.main.TestSuiteExecutor.execute(TestSuiteExecutor.java:106)
	at com.kms.katalon.core.main.TestCaseMain.startTestSuite(TestCaseMain.java:180)
	at TempTestSuite1720885444581.run(TempTestSuite1720885444581.groovy:35)
	at java.base/jdk.internal.reflect.NativeMethodAccessorImpl.invoke0(Native Method)
	at java.base/jdk.internal.reflect.NativeMethodAccessorImpl.invoke(NativeMethodAccessorImpl.java:77)
	at java.base/jdk.internal.reflect.DelegatingMethodAccessorImpl.invoke(DelegatingMethodAccessorImpl.java:43)
Caused by: org.openqa.selenium.ElementNotInteractableException: element not interactable
  (Session info: chrome=126.0.6478.127)
Build info: version: '3.141.59', revision: 'unknown', time: 'unknown'
System info: host: 'LAPTOP-7QB5JFLU', ip: '192.168.1.12', os.name: 'Windows 11', os.arch: 'amd64', os.version: '10.0', java.version: '17.0.7'
Driver info: com.kms.katalon.selenium.driver.CChromeDriver
Capabilities {acceptInsecureCerts: false, browserName: chrome, browserVersion: 126.0.6478.127, chrome: {chromedriverVersion: 126.0.6478.126 (d36ace6122e..., userDataDir: C:\Users\Lenovo\AppData\Loc...}, fedcm:accounts: true, goog:chromeOptions: {debuggerAddress: localhost:61430}, javascriptEnabled: true, networkConnectionEnabled: false, pageLoadStrategy: normal, platform: WINDOWS, platformName: WINDOWS, proxy: Proxy(), setWindowRect: true, strictFileInteractability: false, timeouts: {implicit: 0, pageLoad: 300000, script: 30000}, unhandledPromptBehavior: dismiss and notify, webauthn:extension:credBlob: true, webauthn:extension:largeBlob: true, webauthn:extension:minPinLength: true, webauthn:extension:prf: true, webauthn:virtualAuthenticators: true}
Session ID: d68a170555f851e2e50141003a48cae3
	at java.base/jdk.internal.reflect.NativeConstructorAccessorImpl.newInstance0(Native Method)
	at java.base/jdk.internal.reflect.NativeConstructorAccessorImpl.newInstance(NativeConstructorAccessorImpl.java:77)
	at java.base/jdk.internal.reflect.DelegatingConstructorAccessorImpl.newInstance(DelegatingConstructorAccessorImpl.java:45)
	at org.openqa.selenium.remote.http.W3CHttpResponseCodec.createException(W3CHttpResponseCodec.java:187)
	at org.openqa.selenium.remote.http.W3CHttpResponseCodec.decode(W3CHttpResponseCodec.java:122)
	at org.openqa.selenium.remote.http.W3CHttpResponseCodec.decode(W3CHttpResponseCodec.java:49)
	at org.openqa.selenium.remote.HttpCommandExecutor.execute(HttpCommandExecutor.java:158)
	at org.openqa.selenium.remote.service.DriverCommandExecutor.execute(DriverCommandExecutor.java:83)
	at org.openqa.selenium.remote.RemoteWebDriver.execute(RemoteWebDriver.java:552)
	at com.kms.katalon.selenium.driver.CChromeDriver.execute(CChromeDriver.java:19)
	at org.openqa.selenium.remote.RemoteWebElement.execute(RemoteWebElement.java:285)
	at org.openqa.selenium.remote.RemoteWebElement.click(RemoteWebElement.java:84)
	at java.base/jdk.internal.reflect.NativeMethodAccessorImpl.invoke0(Native Method)
	at java.base/jdk.internal.reflect.NativeMethodAccessorImpl.invoke(NativeMethodAccessorImpl.java:77)
	at java.base/jdk.internal.reflect.DelegatingMethodAccessorImpl.invoke(DelegatingMethodAccessorImpl.java:43)
	at org.openqa.selenium.support.events.EventFiringWebDriver$EventFiringWebElement.lambda$new$0(EventFiringWebDriver.java:404)
	at jdk.proxy2/jdk.proxy2.$Proxy24.click(Unknown Source)
	at org.openqa.selenium.support.events.EventFiringWebDriver$EventFiringWebElement.click(EventFiringWebDriver.java:417)
	at org.openqa.selenium.WebElement$click.call(Unknown Source)
	at com.kms.katalon.core.webui.keyword.builtin.ClickKeyword.clickUntilSuccessWithTimeout(ClickKeyword.groovy:81)
	at com.kms.katalon.core.webui.keyword.builtin.ClickKeyword.clickUntilSuccessWithTimeout(ClickKeyword.groovy)
	at java.base/jdk.internal.reflect.NativeMethodAccessorImpl.invoke0(Native Method)
	at java.base/jdk.internal.reflect.NativeMethodAccessorImpl.invoke(NativeMethodAccessorImpl.java:77)
	at java.base/jdk.internal.reflect.DelegatingMethodAccessorImpl.invoke(DelegatingMethodAccessorImpl.java:43)
	at com.kms.katalon.core.webui.keyword.builtin.ClickKeyword$_click_closure1.doCall(ClickKeyword.groovy:67)
	at com.kms.katalon.core.webui.keyword.builtin.ClickKeyword$_click_closure1.call(ClickKeyword.groovy)
	at com.kms.katalon.core.webui.keyword.internal.WebUIKeywordMain.runKeyword(WebUIKeywordMain.groovy:20)
	... 20 more]]></system-out>
      <system-err><![CDATA[13-07-2024T22:45:59 - [TEST_SUITE][FAILED] - TS03 - Logout variation: Test Cases/CURA Web Test/TC13 - Logout via profile menu FAILED.
Reason:
com.kms.katalon.core.exception.StepFailedException: Unable to click on object 'Object Repository/1. CURA Object button/Logout'
	at com.kms.katalon.core.webui.keyword.internal.WebUIKeywordMain.stepFailed(WebUIKeywordMain.groovy:64)
	at com.kms.katalon.core.webui.keyword.internal.WebUIKeywordMain.runKeyword(WebUIKeywordMain.groovy:26)
	at com.kms.katalon.core.webui.keyword.builtin.ClickKeyword.click(ClickKeyword.groovy:74)
	at com.kms.katalon.core.webui.keyword.builtin.ClickKeyword.execute(ClickKeyword.groovy:40)
	at com.kms.katalon.core.keyword.internal.KeywordExecutor.executeKeywordForPlatform(KeywordExecutor.groovy:74)
	at com.kms.katalon.core.webui.keyword.WebUiBuiltInKeywords.click(WebUiBuiltInKeywords.groovy:659)
	at TC13 - Logout via profile menu.run(TC13 - Logout via profile menu:24)
	at com.kms.katalon.core.main.ScriptEngine.run(ScriptEngine.java:194)
	at com.kms.katalon.core.main.ScriptEngine.runScriptAsRawText(ScriptEngine.java:119)
	at com.kms.katalon.core.main.TestCaseExecutor.runScript(TestCaseExecutor.java:448)
	at com.kms.katalon.core.main.TestCaseExecutor.doExecute(TestCaseExecutor.java:439)
	at com.kms.katalon.core.main.TestCaseExecutor.processExecutionPhase(TestCaseExecutor.java:418)
	at com.kms.katalon.core.main.TestCaseExecutor.accessMainPhase(TestCaseExecutor.java:410)
	at com.kms.katalon.core.main.TestCaseExecutor.execute(TestCaseExecutor.java:285)
	at com.kms.katalon.core.common.CommonExecutor.accessTestCaseMainPhase(CommonExecutor.java:65)
	at com.kms.katalon.core.main.TestSuiteExecutor.accessTestSuiteMainPhase(TestSuiteExecutor.java:150)
	at com.kms.katalon.core.main.TestSuiteExecutor.execute(TestSuiteExecutor.java:106)
	at com.kms.katalon.core.main.TestCaseMain.startTestSuite(TestCaseMain.java:180)
	at TempTestSuite1720885444581.run(TempTestSuite1720885444581.groovy:35)
	at java.base/jdk.internal.reflect.NativeMethodAccessorImpl.invoke0(Native Method)
	at java.base/jdk.internal.reflect.NativeMethodAccessorImpl.invoke(NativeMethodAccessorImpl.java:77)
	at java.base/jdk.internal.reflect.DelegatingMethodAccessorImpl.invoke(DelegatingMethodAccessorImpl.java:43)
Caused by: org.openqa.selenium.ElementNotInteractableException: element not interactable
  (Session info: chrome=126.0.6478.127)
Build info: version: '3.141.59', revision: 'unknown', time: 'unknown'
System info: host: 'LAPTOP-7QB5JFLU', ip: '192.168.1.12', os.name: 'Windows 11', os.arch: 'amd64', os.version: '10.0', java.version: '17.0.7'
Driver info: com.kms.katalon.selenium.driver.CChromeDriver
Capabilities {acceptInsecureCerts: false, browserName: chrome, browserVersion: 126.0.6478.127, chrome: {chromedriverVersion: 126.0.6478.126 (d36ace6122e..., userDataDir: C:\Users\Lenovo\AppData\Loc...}, fedcm:accounts: true, goog:chromeOptions: {debuggerAddress: localhost:61430}, javascriptEnabled: true, networkConnectionEnabled: false, pageLoadStrategy: normal, platform: WINDOWS, platformName: WINDOWS, proxy: Proxy(), setWindowRect: true, strictFileInteractability: false, timeouts: {implicit: 0, pageLoad: 300000, script: 30000}, unhandledPromptBehavior: dismiss and notify, webauthn:extension:credBlob: true, webauthn:extension:largeBlob: true, webauthn:extension:minPinLength: true, webauthn:extension:prf: true, webauthn:virtualAuthenticators: true}
Session ID: d68a170555f851e2e50141003a48cae3
	at java.base/jdk.internal.reflect.NativeConstructorAccessorImpl.newInstance0(Native Method)
	at java.base/jdk.internal.reflect.NativeConstructorAccessorImpl.newInstance(NativeConstructorAccessorImpl.java:77)
	at java.base/jdk.internal.reflect.DelegatingConstructorAccessorImpl.newInstance(DelegatingConstructorAccessorImpl.java:45)
	at org.openqa.selenium.remote.http.W3CHttpResponseCodec.createException(W3CHttpResponseCodec.java:187)
	at org.openqa.selenium.remote.http.W3CHttpResponseCodec.decode(W3CHttpResponseCodec.java:122)
	at org.openqa.selenium.remote.http.W3CHttpResponseCodec.decode(W3CHttpResponseCodec.java:49)
	at org.openqa.selenium.remote.HttpCommandExecutor.execute(HttpCommandExecutor.java:158)
	at org.openqa.selenium.remote.service.DriverCommandExecutor.execute(DriverCommandExecutor.java:83)
	at org.openqa.selenium.remote.RemoteWebDriver.execute(RemoteWebDriver.java:552)
	at com.kms.katalon.selenium.driver.CChromeDriver.execute(CChromeDriver.java:19)
	at org.openqa.selenium.remote.RemoteWebElement.execute(RemoteWebElement.java:285)
	at org.openqa.selenium.remote.RemoteWebElement.click(RemoteWebElement.java:84)
	at java.base/jdk.internal.reflect.NativeMethodAccessorImpl.invoke0(Native Method)
	at java.base/jdk.internal.reflect.NativeMethodAccessorImpl.invoke(NativeMethodAccessorImpl.java:77)
	at java.base/jdk.internal.reflect.DelegatingMethodAccessorImpl.invoke(DelegatingMethodAccessorImpl.java:43)
	at org.openqa.selenium.support.events.EventFiringWebDriver$EventFiringWebElement.lambda$new$0(EventFiringWebDriver.java:404)
	at jdk.proxy2/jdk.proxy2.$Proxy24.click(Unknown Source)
	at org.openqa.selenium.support.events.EventFiringWebDriver$EventFiringWebElement.click(EventFiringWebDriver.java:417)
	at org.openqa.selenium.WebElement$click.call(Unknown Source)
	at com.kms.katalon.core.webui.keyword.builtin.ClickKeyword.clickUntilSuccessWithTimeout(ClickKeyword.groovy:81)
	at com.kms.katalon.core.webui.keyword.builtin.ClickKeyword.clickUntilSuccessWithTimeout(ClickKeyword.groovy)
	at java.base/jdk.internal.reflect.NativeMethodAccessorImpl.invoke0(Native Method)
	at java.base/jdk.internal.reflect.NativeMethodAccessorImpl.invoke(NativeMethodAccessorImpl.java:77)
	at java.base/jdk.internal.reflect.DelegatingMethodAccessorImpl.invoke(DelegatingMethodAccessorImpl.java:43)
	at com.kms.katalon.core.webui.keyword.builtin.ClickKeyword$_click_closure1.doCall(ClickKeyword.groovy:67)
	at com.kms.katalon.core.webui.keyword.builtin.ClickKeyword$_click_closure1.call(ClickKeyword.groovy)
	at com.kms.katalon.core.webui.keyword.internal.WebUIKeywordMain.runKeyword(WebUIKeywordMain.groovy:20)
	... 20 more]]></system-err>
   </testsuite>
   <testsuite name="TS04 - Appointment check" tests="4" failures="0" errors="0" time="52.752" skipped="0" timestamp="13-07-2024T22:46:30" hostname="Lenovo - LAPTOP-7QB5JFLU" id="Test Suites/CURA Test suites/TS04 - Appointment check">
      <properties>
         <property name="deviceName" value=""/>
         <property name="devicePlatform"/>
         <property name="logFolder" value="C:\\Users\\Lenovo\\git\\KatalonPractitionerLevel\\Reports\\20240713_224359\\CURA Test suites\\TS04 - Appointment check\\20240713_224406"/>
         <property name="logFiles" value="C:\\Users\\Lenovo\\git\\KatalonPractitionerLevel\\Reports\\20240713_224359\\CURA Test suites\\TS04 - Appointment check\\20240713_224406\\execution0.log"/>
         <property name="attachments" value="keyes\keyes-CURA Homepage.png, keyes\keyes-Tokyo Appointment Confirmation.png, keyes\keyes-Hongkong Appointment Confirmation.png, keyes\keyes-History Hongkong Appointment.png"/>
         <property name="hostName" value="Lenovo - LAPTOP-7QB5JFLU"/>
         <property name="os" value="Windows 11 64bit"/>
         <property name="katalonVersion" value="9.6.0.217"/>
         <property name="browser" value="Chrome 126.0.0.0"/>
         <property name="hostAddress" value="192.168.1.12"/>
         <property name="sessionId" value="10e199c10c8e3a3c80287d6311905dba"/>
         <property name="seleniumVersion" value="3.141.59"/>
         <property name="proxyInformation" value="ProxyInformation { proxyOption=NO_PROXY, proxyServerType=HTTP, username=, password=********, proxyServerAddress=, proxyServerPort=0, executionList=&quot;&quot;, isApplyToDesiredCapabilities=true }"/>
         <property name="platform" value="Windows 11"/>
      </properties>
      <testcase name="Test Cases/CURA Web Test/TC01 - Verify homepage of CURA" time="8.249" classname="Test Cases/CURA Web Test/TC01 - Verify homepage of CURA" status="PASSED">
         <system-out><![CDATA[13-07-2024T22:46:30 - [TEST_CASE][PASSED] - Test Cases/CURA Web Test/TC01 - Verify homepage of CURA: Test Cases/CURA Web Test/TC01 - Verify homepage of CURA

13-07-2024T22:46:30 - [TEST_STEP][PASSED] - openBrowser(""): Browser is opened with url: ''

13-07-2024T22:46:31 - [MESSAGE][INFO] - Starting 'Chrome' driver

13-07-2024T22:46:31 - [MESSAGE][INFO] - Action delay is set to 0 milliseconds

13-07-2024T22:46:32 - [MESSAGE][PASSED] - Browser is opened with url: ''

13-07-2024T22:46:32 - [TEST_STEP][PASSED] - navigateToUrl("https://katalon-demo-cura.herokuapp.com/"): Navigate to 'https://katalon-demo-cura.herokuapp.com/' successfully

13-07-2024T22:46:35 - [MESSAGE][PASSED] - Navigate to 'https://katalon-demo-cura.herokuapp.com/' successfully

13-07-2024T22:46:35 - [TEST_STEP][PASSED] - takeScreenshotAsCheckpoint("CURA Homepage"): Taking screenshot successfully

13-07-2024T22:46:35 - [MESSAGE][INFO] - 0 hidden object(s)

13-07-2024T22:46:35 - [MESSAGE][PASSED] - Taking screenshot successfully
[[ATTACHMENT|keyes\keyes-CURA Homepage.png]]

13-07-2024T22:46:35 - [TEST_STEP][PASSED] - verifyElementText(findTestObject("2. CURA Object Text/Healthcare Service"), "CURA Healthcare Service"): Actual text and expected text of test object 'Object Repository/2. CURA Object Text/Healthcare Service' are matched.

13-07-2024T22:46:36 - [MESSAGE][PASSED] - Actual text and expected text of test object 'Object Repository/2. CURA Object Text/Healthcare Service' are matched.

13-07-2024T22:46:36 - [TEST_STEP][PASSED] - verifyElementText(findTestObject("2. CURA Object Text/About Your Health"), "We Care About Your Health"): Actual text and expected text of test object 'Object Repository/2. CURA Object Text/About Your Health' are matched.

13-07-2024T22:46:36 - [MESSAGE][PASSED] - Actual text and expected text of test object 'Object Repository/2. CURA Object Text/About Your Health' are matched.

13-07-2024T22:46:36 - [TEST_STEP][PASSED] - verifyElementText(findTestObject("2. CURA Object Text/strong Healthcare"), "CURA Healthcare Service"): Actual text and expected text of test object 'Object Repository/2. CURA Object Text/strong Healthcare' are matched.

13-07-2024T22:46:36 - [MESSAGE][PASSED] - Actual text and expected text of test object 'Object Repository/2. CURA Object Text/strong Healthcare' are matched.

13-07-2024T22:46:36 - [TEST_STEP][PASSED] - ExpectedValue = "Atlanta 550 Pharr Road NE Suite 525
Atlanta, GA 30305": null

13-07-2024T22:46:36 - [TEST_STEP][PASSED] - verifyElementText(findTestObject("2. CURA Object Text/Office Address"), ExpectedValue): Actual text and expected text of test object 'Object Repository/2. CURA Object Text/Office Address' are matched.

13-07-2024T22:46:36 - [MESSAGE][PASSED] - Actual text and expected text of test object 'Object Repository/2. CURA Object Text/Office Address' are matched.

13-07-2024T22:46:36 - [TEST_STEP][PASSED] - verifyElementText(findTestObject("2. CURA Object Text/Phone"), "(678) 813-1KMS"): Actual text and expected text of test object 'Object Repository/2. CURA Object Text/Phone' are matched.

13-07-2024T22:46:37 - [MESSAGE][PASSED] - Actual text and expected text of test object 'Object Repository/2. CURA Object Text/Phone' are matched.

13-07-2024T22:46:37 - [TEST_STEP][PASSED] - verifyElementText(findTestObject("2. CURA Object Text/Email"), "info@katalon.com"): Actual text and expected text of test object 'Object Repository/2. CURA Object Text/Email' are matched.

13-07-2024T22:46:37 - [MESSAGE][PASSED] - Actual text and expected text of test object 'Object Repository/2. CURA Object Text/Email' are matched.

13-07-2024T22:46:37 - [TEST_STEP][PASSED] - verifyElementClickable(findTestObject("Object Repository/9. Homepage of CURA/Page_CURA/i_fa fa-facebook")): Object 'Object Repository/9. Homepage of CURA/Page_CURA/i_fa fa-facebook' is clickable

13-07-2024T22:46:37 - [MESSAGE][PASSED] - Object 'Object Repository/9. Homepage of CURA/Page_CURA/i_fa fa-facebook' is clickable

13-07-2024T22:46:37 - [TEST_STEP][PASSED] - verifyElementClickable(findTestObject("Object Repository/9. Homepage of CURA/Page_CURA/i_fa fa-twitter")): Object 'Object Repository/9. Homepage of CURA/Page_CURA/i_fa fa-twitter' is clickable

13-07-2024T22:46:38 - [MESSAGE][PASSED] - Object 'Object Repository/9. Homepage of CURA/Page_CURA/i_fa fa-twitter' is clickable

13-07-2024T22:46:38 - [TEST_STEP][PASSED] - verifyElementClickable(findTestObject("Object Repository/9. Homepage of CURA/Page_CURA/i_fa fa-dribbble")): Object 'Object Repository/9. Homepage of CURA/Page_CURA/i_fa fa-dribbble' is clickable

13-07-2024T22:46:38 - [MESSAGE][PASSED] - Object 'Object Repository/9. Homepage of CURA/Page_CURA/i_fa fa-dribbble' is clickable

13-07-2024T22:46:38 - [TEST_STEP][PASSED] - verifyElementText(findTestObject("2. CURA Object Text/Copyright"), "Copyright Â© CURA Healthcare Service 2024"): Actual text and expected text of test object 'Object Repository/2. CURA Object Text/Copyright' are matched.

13-07-2024T22:46:38 - [MESSAGE][PASSED] - Actual text and expected text of test object 'Object Repository/2. CURA Object Text/Copyright' are matched.

13-07-2024T22:46:38 - [TEST_STEP][PASSED] - verifyElementClickable(findTestObject("2. CURA Object Text/Make Appointment")): Object 'Object Repository/2. CURA Object Text/Make Appointment' is clickable

13-07-2024T22:46:38 - [MESSAGE][PASSED] - Object 'Object Repository/2. CURA Object Text/Make Appointment' is clickable]]></system-out>
         <system-err><![CDATA[]]></system-err>
      </testcase>
      <testcase name="Test Cases/CURA Web Test/TC08 - Appointment Tokyo" time="15.285" classname="Test Cases/CURA Web Test/TC08 - Appointment Tokyo" status="PASSED">
         <system-out><![CDATA[13-07-2024T22:46:38 - [TEST_CASE][PASSED] - Test Cases/CURA Web Test/TC08 - Appointment Tokyo: Test Cases/CURA Web Test/TC08 - Appointment Tokyo

13-07-2024T22:46:38 - [TEST_STEP][PASSED] - openBrowser(""): Browser is opened with url: ''

13-07-2024T22:46:38 - [MESSAGE][WARNING] - A browser is already opened. Closing browser and opening a new one

13-07-2024T22:46:39 - [MESSAGE][INFO] - Starting 'Chrome' driver

13-07-2024T22:46:39 - [MESSAGE][INFO] - Action delay is set to 0 milliseconds

13-07-2024T22:46:39 - [MESSAGE][PASSED] - Browser is opened with url: ''

13-07-2024T22:46:39 - [TEST_STEP][PASSED] - navigateToUrl("https://katalon-demo-cura.herokuapp.com/"): Navigate to 'https://katalon-demo-cura.herokuapp.com/' successfully

13-07-2024T22:46:42 - [MESSAGE][PASSED] - Navigate to 'https://katalon-demo-cura.herokuapp.com/' successfully

13-07-2024T22:46:42 - [TEST_STEP][PASSED] - click(findTestObject("1. CURA Object button/Make Appointment")): Object: 'Object Repository/1. CURA Object button/Make Appointment' is clicked on

13-07-2024T22:46:42 - [MESSAGE][PASSED] - Object: 'Object Repository/1. CURA Object button/Make Appointment' is clicked on

13-07-2024T22:46:43 - [TEST_STEP][PASSED] - setText(findTestObject("1. CURA Object button/Username"), "John Doe"): Text 'John Doe' is set on object 'Object Repository/1. CURA Object button/Username'

13-07-2024T22:46:43 - [MESSAGE][PASSED] - Text 'John Doe' is set on object 'Object Repository/1. CURA Object button/Username'

13-07-2024T22:46:43 - [TEST_STEP][PASSED] - setEncryptedText(findTestObject("1. CURA Object button/Password"), "g3/DOGG74jC3Flrr3yH+3D/yKbOqqUNM"): Text ****** has been set on object 'Object Repository/1. CURA Object button/Password'

13-07-2024T22:46:44 - [MESSAGE][PASSED] - Text ****** has been set on object 'Object Repository/1. CURA Object button/Password'

13-07-2024T22:46:44 - [TEST_STEP][PASSED] - click(findTestObject("1. CURA Object button/Login Button")): Object: 'Object Repository/1. CURA Object button/Login Button' is clicked on

13-07-2024T22:46:45 - [MESSAGE][PASSED] - Object: 'Object Repository/1. CURA Object button/Login Button' is clicked on

13-07-2024T22:46:45 - [TEST_STEP][PASSED] - selectOptionByValue(findTestObject("1. CURA Object button/Facility"), "Hongkong CURA Healthcare Center", true): All options with value 'Hongkong CURA Healthcare Center' are selected in object 'Object Repository/1. CURA Object button/Facility'  using regular expression

13-07-2024T22:46:46 - [MESSAGE][PASSED] - All options with value 'Hongkong CURA Healthcare Center' are selected in object 'Object Repository/1. CURA Object button/Facility'  using regular expression

13-07-2024T22:46:46 - [TEST_STEP][PASSED] - selectOptionByValue(findTestObject("1. CURA Object button/Facility"), "Tokyo CURA Healthcare Center", true): All options with value 'Tokyo CURA Healthcare Center' are selected in object 'Object Repository/1. CURA Object button/Facility'  using regular expression

13-07-2024T22:46:47 - [MESSAGE][PASSED] - All options with value 'Tokyo CURA Healthcare Center' are selected in object 'Object Repository/1. CURA Object button/Facility'  using regular expression

13-07-2024T22:46:47 - [TEST_STEP][PASSED] - click(findTestObject("1. CURA Object button/Hospital Readmission")): Object: 'Object Repository/1. CURA Object button/Hospital Readmission' is clicked on

13-07-2024T22:46:47 - [MESSAGE][PASSED] - Object: 'Object Repository/1. CURA Object button/Hospital Readmission' is clicked on

13-07-2024T22:46:47 - [TEST_STEP][PASSED] - uncheck(findTestObject("1. CURA Object button/Hospital Readmission")): Object 'Object Repository/1. CURA Object button/Hospital Readmission' is un-checked

13-07-2024T22:46:48 - [MESSAGE][PASSED] - Object 'Object Repository/1. CURA Object button/Hospital Readmission' is un-checked

13-07-2024T22:46:48 - [TEST_STEP][PASSED] - click(findTestObject("1. CURA Object button/None"), CONTINUE_ON_FAILURE): Object: 'Object Repository/1. CURA Object button/None' is clicked on

13-07-2024T22:46:48 - [MESSAGE][PASSED] - Object: 'Object Repository/1. CURA Object button/None' is clicked on

13-07-2024T22:46:48 - [TEST_STEP][PASSED] - click(findTestObject("1. CURA Object button/Medicare"), CONTINUE_ON_FAILURE): Object: 'Object Repository/1. CURA Object button/Medicare' is clicked on

13-07-2024T22:46:48 - [MESSAGE][PASSED] - Object: 'Object Repository/1. CURA Object button/Medicare' is clicked on

13-07-2024T22:46:48 - [TEST_STEP][PASSED] - click(findTestObject("1. CURA Object button/Medicaid")): Object: 'Object Repository/1. CURA Object button/Medicaid' is clicked on

13-07-2024T22:46:48 - [MESSAGE][PASSED] - Object: 'Object Repository/1. CURA Object button/Medicaid' is clicked on

13-07-2024T22:46:48 - [TEST_STEP][PASSED] - click(findTestObject("1. CURA Object button/Medicare")): Object: 'Object Repository/1. CURA Object button/Medicare' is clicked on

13-07-2024T22:46:49 - [MESSAGE][PASSED] - Object: 'Object Repository/1. CURA Object button/Medicare' is clicked on

13-07-2024T22:46:49 - [TEST_STEP][PASSED] - setText(findTestObject("1. CURA Object button/Visit Date"), "30/06/2024"): Text '30/06/2024' is set on object 'Object Repository/1. CURA Object button/Visit Date'

13-07-2024T22:46:49 - [MESSAGE][PASSED] - Text '30/06/2024' is set on object 'Object Repository/1. CURA Object button/Visit Date'

13-07-2024T22:46:49 - [TEST_STEP][PASSED] - click(findTestObject("1. CURA Object button/Book Appointment")): Object: 'Object Repository/1. CURA Object button/Book Appointment' is clicked on

13-07-2024T22:46:50 - [MESSAGE][PASSED] - Object: 'Object Repository/1. CURA Object button/Book Appointment' is clicked on

13-07-2024T22:46:50 - [TEST_STEP][PASSED] - takeScreenshotAsCheckpoint("Tokyo Appointment Confirmation"): Taking screenshot successfully

13-07-2024T22:46:51 - [MESSAGE][INFO] - 0 hidden object(s)

13-07-2024T22:46:51 - [MESSAGE][PASSED] - Taking screenshot successfully
[[ATTACHMENT|keyes\keyes-Tokyo Appointment Confirmation.png]]

13-07-2024T22:46:51 - [TEST_STEP][PASSED] - verifyElementText(findTestObject("5. Appointment Tokyo/Page_CURA/Appointment Confirmation"), "Appointment Confirmation"): Actual text and expected text of test object 'Object Repository/5. Appointment Tokyo/Page_CURA/Appointment Confirmation' are matched.

13-07-2024T22:46:51 - [MESSAGE][PASSED] - Actual text and expected text of test object 'Object Repository/5. Appointment Tokyo/Page_CURA/Appointment Confirmation' are matched.

13-07-2024T22:46:51 - [TEST_STEP][PASSED] - verifyElementText(findTestObject("5. Appointment Tokyo/Page_CURA/p_your appointment"), "Please be informed that your appointment has been booked as following:"): Actual text and expected text of test object 'Object Repository/5. Appointment Tokyo/Page_CURA/p_your appointment' are matched.

13-07-2024T22:46:51 - [MESSAGE][PASSED] - Actual text and expected text of test object 'Object Repository/5. Appointment Tokyo/Page_CURA/p_your appointment' are matched.

13-07-2024T22:46:51 - [TEST_STEP][PASSED] - verifyElementText(findTestObject("5. Appointment Tokyo/Page_CURA/p_Tokyo"), "Tokyo CURA Healthcare Center"): Actual text and expected text of test object 'Object Repository/5. Appointment Tokyo/Page_CURA/p_Tokyo' are matched.

13-07-2024T22:46:52 - [MESSAGE][PASSED] - Actual text and expected text of test object 'Object Repository/5. Appointment Tokyo/Page_CURA/p_Tokyo' are matched.

13-07-2024T22:46:52 - [TEST_STEP][PASSED] - verifyElementText(findTestObject("5. Appointment Tokyo/Page_CURA/p_Yes"), "No"): Actual text and expected text of test object 'Object Repository/5. Appointment Tokyo/Page_CURA/p_Yes' are matched.

13-07-2024T22:46:52 - [MESSAGE][PASSED] - Actual text and expected text of test object 'Object Repository/5. Appointment Tokyo/Page_CURA/p_Yes' are matched.

13-07-2024T22:46:52 - [TEST_STEP][PASSED] - verifyElementText(findTestObject("5. Appointment Tokyo/Page_CURA/p_Medicare"), "Medicare"): Actual text and expected text of test object 'Object Repository/5. Appointment Tokyo/Page_CURA/p_Medicare' are matched.

13-07-2024T22:46:52 - [MESSAGE][PASSED] - Actual text and expected text of test object 'Object Repository/5. Appointment Tokyo/Page_CURA/p_Medicare' are matched.

13-07-2024T22:46:52 - [TEST_STEP][PASSED] - verifyElementText(findTestObject("5. Appointment Tokyo/Page_CURA/p_30062024"), "30/06/2024"): Actual text and expected text of test object 'Object Repository/5. Appointment Tokyo/Page_CURA/p_30062024' are matched.

13-07-2024T22:46:52 - [MESSAGE][PASSED] - Actual text and expected text of test object 'Object Repository/5. Appointment Tokyo/Page_CURA/p_30062024' are matched.

13-07-2024T22:46:52 - [TEST_STEP][PASSED] - verifyElementText(findTestObject("5. Appointment Tokyo/Page_CURA/div_Comment"), ""): Actual text and expected text of test object 'Object Repository/5. Appointment Tokyo/Page_CURA/div_Comment' are matched.

13-07-2024T22:46:53 - [MESSAGE][PASSED] - Actual text and expected text of test object 'Object Repository/5. Appointment Tokyo/Page_CURA/div_Comment' are matched.

13-07-2024T22:46:53 - [TEST_STEP][PASSED] - click(findTestObject("5. Appointment Tokyo/Page_CURA/Go Homepage")): Object: 'Object Repository/5. Appointment Tokyo/Page_CURA/Go Homepage' is clicked on

13-07-2024T22:46:53 - [MESSAGE][PASSED] - Object: 'Object Repository/5. Appointment Tokyo/Page_CURA/Go Homepage' is clicked on

13-07-2024T22:46:53 - [TEST_STEP][PASSED] - verifyElementText(findTestObject("5. Appointment Tokyo/Page_CURA/CURA Service"), "CURA Healthcare Service"): Actual text and expected text of test object 'Object Repository/5. Appointment Tokyo/Page_CURA/CURA Service' are matched.

13-07-2024T22:46:53 - [MESSAGE][PASSED] - Actual text and expected text of test object 'Object Repository/5. Appointment Tokyo/Page_CURA/CURA Service' are matched.

13-07-2024T22:46:53 - [TEST_STEP][PASSED] - closeBrowser(): Browser is closed

13-07-2024T22:46:54 - [MESSAGE][PASSED] - Browser is closed]]></system-out>
         <system-err><![CDATA[]]></system-err>
      </testcase>
      <testcase name="Test Cases/CURA Web Test/TC06 - Appointment Hongkong" time="14.562" classname="Test Cases/CURA Web Test/TC06 - Appointment Hongkong" status="PASSED">
         <system-out><![CDATA[13-07-2024T22:46:54 - [TEST_CASE][PASSED] - Test Cases/CURA Web Test/TC06 - Appointment Hongkong: Test Cases/CURA Web Test/TC06 - Appointment Hongkong

13-07-2024T22:46:54 - [TEST_STEP][PASSED] - openBrowser(""): Browser is opened with url: ''

13-07-2024T22:46:54 - [MESSAGE][INFO] - Starting 'Chrome' driver

13-07-2024T22:46:54 - [MESSAGE][INFO] - Action delay is set to 0 milliseconds

13-07-2024T22:46:54 - [MESSAGE][PASSED] - Browser is opened with url: ''

13-07-2024T22:46:54 - [TEST_STEP][PASSED] - navigateToUrl("https://katalon-demo-cura.herokuapp.com/"): Navigate to 'https://katalon-demo-cura.herokuapp.com/' successfully

13-07-2024T22:46:57 - [MESSAGE][PASSED] - Navigate to 'https://katalon-demo-cura.herokuapp.com/' successfully

13-07-2024T22:46:57 - [TEST_STEP][PASSED] - click(findTestObject("4. Appointment Hongkong/Page_CURA/a_Make Appointment")): Object: 'Object Repository/4. Appointment Hongkong/Page_CURA/a_Make Appointment' is clicked on

13-07-2024T22:46:58 - [MESSAGE][PASSED] - Object: 'Object Repository/4. Appointment Hongkong/Page_CURA/a_Make Appointment' is clicked on

13-07-2024T22:46:58 - [TEST_STEP][PASSED] - setText(findTestObject("4. Appointment Hongkong/Page_CURA/input_Username"), "John Doe"): Text 'John Doe' is set on object 'Object Repository/4. Appointment Hongkong/Page_CURA/input_Username'

13-07-2024T22:46:58 - [MESSAGE][PASSED] - Text 'John Doe' is set on object 'Object Repository/4. Appointment Hongkong/Page_CURA/input_Username'

13-07-2024T22:46:58 - [TEST_STEP][PASSED] - setEncryptedText(findTestObject("Object Repository/4. Appointment Hongkong/Page_CURA/input_Password"), "g3/DOGG74jC3Flrr3yH+3D/yKbOqqUNM"): Text ****** has been set on object 'Object Repository/4. Appointment Hongkong/Page_CURA/input_Password'

13-07-2024T22:46:59 - [MESSAGE][PASSED] - Text ****** has been set on object 'Object Repository/4. Appointment Hongkong/Page_CURA/input_Password'

13-07-2024T22:46:59 - [TEST_STEP][PASSED] - click(findTestObject("Object Repository/4. Appointment Hongkong/Page_CURA/button_Login")): Object: 'Object Repository/4. Appointment Hongkong/Page_CURA/button_Login' is clicked on

13-07-2024T22:47:00 - [MESSAGE][PASSED] - Object: 'Object Repository/4. Appointment Hongkong/Page_CURA/button_Login' is clicked on

13-07-2024T22:47:00 - [TEST_STEP][PASSED] - selectOptionByValue(findTestObject("Object Repository/4. Appointment Hongkong/Page_CURA/select_Tokyo"), "Seoul CURA Healthcare Center", true): All options with value 'Seoul CURA Healthcare Center' are selected in object 'Object Repository/4. Appointment Hongkong/Page_CURA/select_Tokyo'  using regular expression

13-07-2024T22:47:00 - [MESSAGE][PASSED] - All options with value 'Seoul CURA Healthcare Center' are selected in object 'Object Repository/4. Appointment Hongkong/Page_CURA/select_Tokyo'  using regular expression

13-07-2024T22:47:00 - [TEST_STEP][PASSED] - selectOptionByValue(findTestObject("Object Repository/4. Appointment Hongkong/Page_CURA/select_Tokyo"), "Hongkong CURA Healthcare Center", true): All options with value 'Hongkong CURA Healthcare Center' are selected in object 'Object Repository/4. Appointment Hongkong/Page_CURA/select_Tokyo'  using regular expression

13-07-2024T22:47:01 - [MESSAGE][PASSED] - All options with value 'Hongkong CURA Healthcare Center' are selected in object 'Object Repository/4. Appointment Hongkong/Page_CURA/select_Tokyo'  using regular expression

13-07-2024T22:47:01 - [TEST_STEP][PASSED] - click(findTestObject("Object Repository/4. Appointment Hongkong/Page_CURA/input_readmission")): Object: 'Object Repository/4. Appointment Hongkong/Page_CURA/input_readmission' is clicked on

13-07-2024T22:47:01 - [MESSAGE][PASSED] - Object: 'Object Repository/4. Appointment Hongkong/Page_CURA/input_readmission' is clicked on

13-07-2024T22:47:01 - [TEST_STEP][PASSED] - click(findTestObject("Object Repository/4. Appointment Hongkong/Page_CURA/input_None_programs")): Object: 'Object Repository/4. Appointment Hongkong/Page_CURA/input_None_programs' is clicked on

13-07-2024T22:47:02 - [MESSAGE][PASSED] - Object: 'Object Repository/4. Appointment Hongkong/Page_CURA/input_None_programs' is clicked on

13-07-2024T22:47:02 - [TEST_STEP][PASSED] - click(findTestObject("Object Repository/4. Appointment Hongkong/Page_CURA/input_Medicare_programs")): Object: 'Object Repository/4. Appointment Hongkong/Page_CURA/input_Medicare_programs' is clicked on

13-07-2024T22:47:02 - [MESSAGE][PASSED] - Object: 'Object Repository/4. Appointment Hongkong/Page_CURA/input_Medicare_programs' is clicked on

13-07-2024T22:47:02 - [TEST_STEP][PASSED] - click(findTestObject("Object Repository/4. Appointment Hongkong/Page_CURA/span_Visit Date")): Object: 'Object Repository/4. Appointment Hongkong/Page_CURA/span_Visit Date' is clicked on

13-07-2024T22:47:02 - [MESSAGE][PASSED] - Object: 'Object Repository/4. Appointment Hongkong/Page_CURA/span_Visit Date' is clicked on

13-07-2024T22:47:02 - [TEST_STEP][PASSED] - click(findTestObject("Object Repository/4. Appointment Hongkong/Page_CURA/td_1")): Object: 'Object Repository/4. Appointment Hongkong/Page_CURA/td_1' is clicked on

13-07-2024T22:47:03 - [MESSAGE][PASSED] - Object: 'Object Repository/4. Appointment Hongkong/Page_CURA/td_1' is clicked on

13-07-2024T22:47:03 - [TEST_STEP][PASSED] - click(findTestObject("Object Repository/4. Appointment Hongkong/Page_CURA/input_Visit Date")): Object: 'Object Repository/4. Appointment Hongkong/Page_CURA/input_Visit Date' is clicked on

13-07-2024T22:47:03 - [MESSAGE][PASSED] - Object: 'Object Repository/4. Appointment Hongkong/Page_CURA/input_Visit Date' is clicked on

13-07-2024T22:47:03 - [TEST_STEP][PASSED] - setText(findTestObject("Object Repository/4. Appointment Hongkong/Page_CURA/textarea_Comment"), "Lets meet at 8 PM"): Text 'Lets meet at 8 PM' is set on object 'Object Repository/4. Appointment Hongkong/Page_CURA/textarea_Comment'

13-07-2024T22:47:04 - [MESSAGE][PASSED] - Text 'Lets meet at 8 PM' is set on object 'Object Repository/4. Appointment Hongkong/Page_CURA/textarea_Comment'

13-07-2024T22:47:04 - [TEST_STEP][PASSED] - click(findTestObject("Object Repository/4. Appointment Hongkong/Page_CURA/button_Book Appointment")): Object: 'Object Repository/4. Appointment Hongkong/Page_CURA/button_Book Appointment' is clicked on

13-07-2024T22:47:05 - [MESSAGE][PASSED] - Object: 'Object Repository/4. Appointment Hongkong/Page_CURA/button_Book Appointment' is clicked on

13-07-2024T22:47:05 - [TEST_STEP][PASSED] - takeScreenshotAsCheckpoint("Hongkong Appointment Confirmation"): Taking screenshot successfully

13-07-2024T22:47:05 - [MESSAGE][INFO] - 0 hidden object(s)

13-07-2024T22:47:05 - [MESSAGE][PASSED] - Taking screenshot successfully
[[ATTACHMENT|keyes\keyes-Hongkong Appointment Confirmation.png]]

13-07-2024T22:47:05 - [TEST_STEP][PASSED] - click(findTestObject("Object Repository/4. Appointment Hongkong/Page_CURA/h2_Appointment Confirmation")): Object: 'Object Repository/4. Appointment Hongkong/Page_CURA/h2_Appointment Confirmation' is clicked on

13-07-2024T22:47:06 - [MESSAGE][PASSED] - Object: 'Object Repository/4. Appointment Hongkong/Page_CURA/h2_Appointment Confirmation' is clicked on

13-07-2024T22:47:06 - [TEST_STEP][PASSED] - click(findTestObject("Object Repository/4. Appointment Hongkong/Page_CURA/p_ your appointment")): Object: 'Object Repository/4. Appointment Hongkong/Page_CURA/p_ your appointment' is clicked on

13-07-2024T22:47:06 - [MESSAGE][PASSED] - Object: 'Object Repository/4. Appointment Hongkong/Page_CURA/p_ your appointment' is clicked on

13-07-2024T22:47:06 - [TEST_STEP][PASSED] - click(findTestObject("Object Repository/4. Appointment Hongkong/Page_CURA/p_Hongkong")): Object: 'Object Repository/4. Appointment Hongkong/Page_CURA/p_Hongkong' is clicked on

13-07-2024T22:47:06 - [MESSAGE][PASSED] - Object: 'Object Repository/4. Appointment Hongkong/Page_CURA/p_Hongkong' is clicked on

13-07-2024T22:47:06 - [TEST_STEP][PASSED] - verifyElementPresent(findTestObject("Object Repository/4. Appointment Hongkong/Page_CURA/p_Yes"), 0): Object 'Object Repository/4. Appointment Hongkong/Page_CURA/p_Yes' is present

13-07-2024T22:47:06 - [MESSAGE][WARNING] - Timeout '0' is invalid. Using default page load timeout: '30'

13-07-2024T22:47:06 - [MESSAGE][PASSED] - Object 'Object Repository/4. Appointment Hongkong/Page_CURA/p_Yes' is present

13-07-2024T22:47:06 - [TEST_STEP][PASSED] - verifyElementPresent(findTestObject("Object Repository/4. Appointment Hongkong/Page_CURA/p_Medicare"), 0): Object 'Object Repository/4. Appointment Hongkong/Page_CURA/p_Medicare' is present

13-07-2024T22:47:06 - [MESSAGE][WARNING] - Timeout '0' is invalid. Using default page load timeout: '30'

13-07-2024T22:47:07 - [MESSAGE][PASSED] - Object 'Object Repository/4. Appointment Hongkong/Page_CURA/p_Medicare' is present

13-07-2024T22:47:07 - [TEST_STEP][PASSED] - verifyElementPresent(findTestObject("Object Repository/4. Appointment Hongkong/Page_CURA/p_01072024"), 0): Object 'Object Repository/4. Appointment Hongkong/Page_CURA/p_01072024' is present

13-07-2024T22:47:07 - [MESSAGE][WARNING] - Timeout '0' is invalid. Using default page load timeout: '30'

13-07-2024T22:47:07 - [MESSAGE][PASSED] - Object 'Object Repository/4. Appointment Hongkong/Page_CURA/p_01072024' is present

13-07-2024T22:47:07 - [TEST_STEP][PASSED] - verifyElementPresent(findTestObject("Object Repository/4. Appointment Hongkong/Page_CURA/p_Lets meet at 8 PM"), 0): Object 'Object Repository/4. Appointment Hongkong/Page_CURA/p_Lets meet at 8 PM' is present

13-07-2024T22:47:07 - [MESSAGE][WARNING] - Timeout '0' is invalid. Using default page load timeout: '30'

13-07-2024T22:47:07 - [MESSAGE][PASSED] - Object 'Object Repository/4. Appointment Hongkong/Page_CURA/p_Lets meet at 8 PM' is present

13-07-2024T22:47:07 - [TEST_STEP][PASSED] - click(findTestObject("Object Repository/4. Appointment Hongkong/Page_CURA/Go Homepage")): Object: 'Object Repository/4. Appointment Hongkong/Page_CURA/Go Homepage' is clicked on

13-07-2024T22:47:08 - [MESSAGE][PASSED] - Object: 'Object Repository/4. Appointment Hongkong/Page_CURA/Go Homepage' is clicked on

13-07-2024T22:47:08 - [TEST_STEP][PASSED] - click(findTestObject("Object Repository/4. Appointment Hongkong/Page_CURA/h1_CURA Service")): Object: 'Object Repository/4. Appointment Hongkong/Page_CURA/h1_CURA Service' is clicked on

13-07-2024T22:47:08 - [MESSAGE][PASSED] - Object: 'Object Repository/4. Appointment Hongkong/Page_CURA/h1_CURA Service' is clicked on

13-07-2024T22:47:08 - [TEST_STEP][PASSED] - closeBrowser(): Browser is closed

13-07-2024T22:47:08 - [MESSAGE][PASSED] - Browser is closed]]></system-out>
         <system-err><![CDATA[]]></system-err>
      </testcase>
      <testcase name="Test Cases/CURA Web Test/TC10 - History menu check" time="14.481" classname="Test Cases/CURA Web Test/TC10 - History menu check" status="PASSED">
         <system-out><![CDATA[13-07-2024T22:47:08 - [TEST_CASE][PASSED] - Test Cases/CURA Web Test/TC10 - History menu check: Test Cases/CURA Web Test/TC10 - History menu check

13-07-2024T22:47:08 - [TEST_STEP][PASSED] - callTestCase(findTestCase("CURA Web Test/Properties/TCP01 - Open browser"), [:], STOP_ON_FAILURE): Call Test Case 'Test Cases/CURA Web Test/Properties/TCP01 - Open browser' successfully

13-07-2024T22:47:08 - [TEST_CASE][PASSED] - Test Cases/CURA Web Test/Properties/TCP01 - Open browser: Test Cases/CURA Web Test/Properties/TCP01 - Open browser

13-07-2024T22:47:08 - [TEST_STEP][PASSED] - openBrowser(""): Browser is opened with url: ''

13-07-2024T22:47:08 - [MESSAGE][INFO] - Starting 'Chrome' driver

13-07-2024T22:47:08 - [MESSAGE][INFO] - Action delay is set to 0 milliseconds

13-07-2024T22:47:09 - [MESSAGE][PASSED] - Browser is opened with url: ''

13-07-2024T22:47:09 - [TEST_STEP][PASSED] - navigateToUrl(URL): Navigate to 'https://katalon-demo-cura.herokuapp.com/' successfully

13-07-2024T22:47:12 - [MESSAGE][PASSED] - Navigate to 'https://katalon-demo-cura.herokuapp.com/' successfully

13-07-2024T22:47:12 - [MESSAGE][PASSED] - Call Test Case 'Test Cases/CURA Web Test/Properties/TCP01 - Open browser' successfully

13-07-2024T22:47:12 - [TEST_STEP][PASSED] - callTestCase(findTestCase("CURA Web Test/Properties/TCP02 - Login"), [:], STOP_ON_FAILURE): Call Test Case 'Test Cases/CURA Web Test/Properties/TCP02 - Login' successfully

13-07-2024T22:47:12 - [TEST_CASE][PASSED] - Test Cases/CURA Web Test/Properties/TCP02 - Login: Test Cases/CURA Web Test/Properties/TCP02 - Login

13-07-2024T22:47:12 - [TEST_STEP][PASSED] - click(findTestObject("1. CURA Object button/Make Appointment")): Object: 'Object Repository/1. CURA Object button/Make Appointment' is clicked on

13-07-2024T22:47:12 - [MESSAGE][PASSED] - Object: 'Object Repository/1. CURA Object button/Make Appointment' is clicked on

13-07-2024T22:47:12 - [TEST_STEP][PASSED] - verifyElementText(findTestObject("2. CURA Object Text/Login Text"), "Login"): Actual text and expected text of test object 'Object Repository/2. CURA Object Text/Login Text' are matched.

13-07-2024T22:47:13 - [MESSAGE][PASSED] - Actual text and expected text of test object 'Object Repository/2. CURA Object Text/Login Text' are matched.

13-07-2024T22:47:13 - [TEST_STEP][PASSED] - setText(findTestObject("1. CURA Object button/Username"), Username): Text 'John Doe' is set on object 'Object Repository/1. CURA Object button/Username'

13-07-2024T22:47:14 - [MESSAGE][PASSED] - Text 'John Doe' is set on object 'Object Repository/1. CURA Object button/Username'

13-07-2024T22:47:14 - [TEST_STEP][PASSED] - setText(findTestObject("1. CURA Object button/Password"), Password): Text 'ThisIsNotAPassword' is set on object 'Object Repository/1. CURA Object button/Password'

13-07-2024T22:47:14 - [MESSAGE][PASSED] - Text 'ThisIsNotAPassword' is set on object 'Object Repository/1. CURA Object button/Password'

13-07-2024T22:47:14 - [TEST_STEP][PASSED] - click(findTestObject("1. CURA Object button/Login Button")): Object: 'Object Repository/1. CURA Object button/Login Button' is clicked on

13-07-2024T22:47:15 - [MESSAGE][PASSED] - Object: 'Object Repository/1. CURA Object button/Login Button' is clicked on

13-07-2024T22:47:15 - [MESSAGE][PASSED] - Call Test Case 'Test Cases/CURA Web Test/Properties/TCP02 - Login' successfully

13-07-2024T22:47:15 - [TEST_STEP][PASSED] - selectOptionByValue(findTestObject("1. CURA Object button/Facility"), "Hongkong CURA Healthcare Center", true): All options with value 'Hongkong CURA Healthcare Center' are selected in object 'Object Repository/1. CURA Object button/Facility'  using regular expression

13-07-2024T22:47:16 - [MESSAGE][PASSED] - All options with value 'Hongkong CURA Healthcare Center' are selected in object 'Object Repository/1. CURA Object button/Facility'  using regular expression

13-07-2024T22:47:16 - [TEST_STEP][PASSED] - click(findTestObject("1. CURA Object button/Hospital Readmission")): Object: 'Object Repository/1. CURA Object button/Hospital Readmission' is clicked on

13-07-2024T22:47:16 - [MESSAGE][PASSED] - Object: 'Object Repository/1. CURA Object button/Hospital Readmission' is clicked on

13-07-2024T22:47:16 - [TEST_STEP][PASSED] - setText(findTestObject("1. CURA Object button/Visit Date"), "28/06/2024"): Text '28/06/2024' is set on object 'Object Repository/1. CURA Object button/Visit Date'

13-07-2024T22:47:17 - [MESSAGE][PASSED] - Text '28/06/2024' is set on object 'Object Repository/1. CURA Object button/Visit Date'

13-07-2024T22:47:17 - [TEST_STEP][PASSED] - setText(findTestObject("1. CURA Object button/Comment"), "Let's meet at 9 AM"): Text 'Let's meet at 9 AM' is set on object 'Object Repository/1. CURA Object button/Comment'

13-07-2024T22:47:18 - [MESSAGE][PASSED] - Text 'Let's meet at 9 AM' is set on object 'Object Repository/1. CURA Object button/Comment'

13-07-2024T22:47:18 - [TEST_STEP][PASSED] - click(findTestObject("1. CURA Object button/Book Appointment")): Object: 'Object Repository/1. CURA Object button/Book Appointment' is clicked on

13-07-2024T22:47:18 - [MESSAGE][PASSED] - Object: 'Object Repository/1. CURA Object button/Book Appointment' is clicked on

13-07-2024T22:47:18 - [TEST_STEP][PASSED] - verifyElementText(findTestObject("4. Appointment Hongkong/Page_CURA/h2_Appointment Confirmation"), "Appointment Confirmation"): Actual text and expected text of test object 'Object Repository/4. Appointment Hongkong/Page_CURA/h2_Appointment Confirmation' are matched.

13-07-2024T22:47:19 - [MESSAGE][PASSED] - Actual text and expected text of test object 'Object Repository/4. Appointment Hongkong/Page_CURA/h2_Appointment Confirmation' are matched.

13-07-2024T22:47:19 - [TEST_STEP][PASSED] - click(findTestObject("1. CURA Object button/Menu")): Object: 'Object Repository/1. CURA Object button/Menu' is clicked on

13-07-2024T22:47:19 - [MESSAGE][PASSED] - Object: 'Object Repository/1. CURA Object button/Menu' is clicked on

13-07-2024T22:47:19 - [TEST_STEP][PASSED] - click(findTestObject("1. CURA Object button/History")): Object: 'Object Repository/1. CURA Object button/History' is clicked on

13-07-2024T22:47:20 - [MESSAGE][PASSED] - Object: 'Object Repository/1. CURA Object button/History' is clicked on

13-07-2024T22:47:20 - [TEST_STEP][PASSED] - takeScreenshotAsCheckpoint("History Hongkong Appointment"): Taking screenshot successfully

13-07-2024T22:47:20 - [MESSAGE][INFO] - 0 hidden object(s)

13-07-2024T22:47:20 - [MESSAGE][PASSED] - Taking screenshot successfully
[[ATTACHMENT|keyes\keyes-History Hongkong Appointment.png]]

13-07-2024T22:47:20 - [TEST_STEP][PASSED] - verifyElementText(findTestObject("8. History check/Page_CURA/h2_History"), "History"): Actual text and expected text of test object 'Object Repository/8. History check/Page_CURA/h2_History' are matched.

13-07-2024T22:47:21 - [MESSAGE][PASSED] - Actual text and expected text of test object 'Object Repository/8. History check/Page_CURA/h2_History' are matched.

13-07-2024T22:47:21 - [TEST_STEP][PASSED] - verifyElementText(findTestObject("8. History check/Page_CURA/div_28062024"), "28/06/2024"): Actual text and expected text of test object 'Object Repository/8. History check/Page_CURA/div_28062024' are matched.

13-07-2024T22:47:21 - [MESSAGE][PASSED] - Actual text and expected text of test object 'Object Repository/8. History check/Page_CURA/div_28062024' are matched.

13-07-2024T22:47:21 - [TEST_STEP][PASSED] - verifyElementText(findTestObject("Object Repository/8. History check/Page_CURA/p_Hongkong"), "Hongkong CURA Healthcare Center"): Actual text and expected text of test object 'Object Repository/8. History check/Page_CURA/p_Hongkong' are matched.

13-07-2024T22:47:21 - [MESSAGE][PASSED] - Actual text and expected text of test object 'Object Repository/8. History check/Page_CURA/p_Hongkong' are matched.

13-07-2024T22:47:21 - [TEST_STEP][PASSED] - verifyElementText(findTestObject("Object Repository/8. History check/Page_CURA/p_Yes"), "Yes"): Actual text and expected text of test object 'Object Repository/8. History check/Page_CURA/p_Yes' are matched.

13-07-2024T22:47:21 - [MESSAGE][PASSED] - Actual text and expected text of test object 'Object Repository/8. History check/Page_CURA/p_Yes' are matched.

13-07-2024T22:47:21 - [TEST_STEP][PASSED] - verifyElementText(findTestObject("Object Repository/8. History check/Page_CURA/p_Medicare"), "Medicare"): Actual text and expected text of test object 'Object Repository/8. History check/Page_CURA/p_Medicare' are matched.

13-07-2024T22:47:22 - [MESSAGE][PASSED] - Actual text and expected text of test object 'Object Repository/8. History check/Page_CURA/p_Medicare' are matched.

13-07-2024T22:47:22 - [TEST_STEP][PASSED] - verifyElementText(findTestObject("8. History check/Page_CURA/p_Lets meet at 9 AM"), "Let's meet at 9 AM"): Actual text and expected text of test object 'Object Repository/8. History check/Page_CURA/p_Lets meet at 9 AM' are matched.

13-07-2024T22:47:22 - [MESSAGE][PASSED] - Actual text and expected text of test object 'Object Repository/8. History check/Page_CURA/p_Lets meet at 9 AM' are matched.

13-07-2024T22:47:22 - [TEST_STEP][PASSED] - click(findTestObject("1. CURA Object button/Go to Homepage")): Object: 'Object Repository/1. CURA Object button/Go to Homepage' is clicked on

13-07-2024T22:47:22 - [MESSAGE][PASSED] - Object: 'Object Repository/1. CURA Object button/Go to Homepage' is clicked on

13-07-2024T22:47:22 - [TEST_STEP][PASSED] - verifyElementText(findTestObject("2. CURA Object Text/Healthcare Service"), "CURA Healthcare Service"): Actual text and expected text of test object 'Object Repository/2. CURA Object Text/Healthcare Service' are matched.

13-07-2024T22:47:23 - [MESSAGE][PASSED] - Actual text and expected text of test object 'Object Repository/2. CURA Object Text/Healthcare Service' are matched.]]></system-out>
         <system-err><![CDATA[]]></system-err>
      </testcase>
      <system-out><![CDATA[13-07-2024T22:46:30 - [TEST_SUITE][PASSED] - TS04 - Appointment check: Test Cases/CURA Web Test/TC10 - History menu check]]></system-out>
      <system-err><![CDATA[]]></system-err>
   </testsuite>
   <testsuite name="TS05 - History check" tests="2" failures="0" errors="0" time="17.389" skipped="0" timestamp="13-07-2024T22:47:34" hostname="Lenovo - LAPTOP-7QB5JFLU" id="Test Suites/CURA Test suites/TS05 - History check">
      <properties>
         <property name="deviceName" value=""/>
         <property name="devicePlatform"/>
         <property name="logFolder" value="C:\\Users\\Lenovo\\git\\KatalonPractitionerLevel\\Reports\\20240713_224359\\CURA Test suites\\TS05 - History check\\20240713_224408"/>
         <property name="logFiles" value="C:\\Users\\Lenovo\\git\\KatalonPractitionerLevel\\Reports\\20240713_224359\\CURA Test suites\\TS05 - History check\\20240713_224408\\execution0.log"/>
         <property name="attachments" value="keyes\keyes-History Hongkong Appointment.png"/>
         <property name="hostName" value="Lenovo - LAPTOP-7QB5JFLU"/>
         <property name="os" value="Windows 11 64bit"/>
         <property name="katalonVersion" value="9.6.0.217"/>
         <property name="browser" value="Chrome 126.0.0.0"/>
         <property name="hostAddress" value="192.168.1.12"/>
         <property name="sessionId" value="5f7d4d753611f7ca0cc884a386feb3e8"/>
         <property name="seleniumVersion" value="3.141.59"/>
         <property name="proxyInformation" value="ProxyInformation { proxyOption=NO_PROXY, proxyServerType=HTTP, username=, password=********, proxyServerAddress=, proxyServerPort=0, executionList=&quot;&quot;, isApplyToDesiredCapabilities=true }"/>
         <property name="platform" value="Windows 11"/>
      </properties>
      <testcase name="Test Cases/CURA Web Test/TC10 - History menu check" time="15.691" classname="Test Cases/CURA Web Test/TC10 - History menu check" status="PASSED">
         <system-out><![CDATA[13-07-2024T22:47:34 - [TEST_CASE][PASSED] - Test Cases/CURA Web Test/TC10 - History menu check: Test Cases/CURA Web Test/TC10 - History menu check

13-07-2024T22:47:34 - [TEST_STEP][PASSED] - callTestCase(findTestCase("CURA Web Test/Properties/TCP01 - Open browser"), [:], STOP_ON_FAILURE): Call Test Case 'Test Cases/CURA Web Test/Properties/TCP01 - Open browser' successfully

13-07-2024T22:47:34 - [TEST_CASE][PASSED] - Test Cases/CURA Web Test/Properties/TCP01 - Open browser: Test Cases/CURA Web Test/Properties/TCP01 - Open browser

13-07-2024T22:47:34 - [TEST_STEP][PASSED] - openBrowser(""): Browser is opened with url: ''

13-07-2024T22:47:34 - [MESSAGE][INFO] - Starting 'Chrome' driver

13-07-2024T22:47:34 - [MESSAGE][INFO] - Action delay is set to 0 milliseconds

13-07-2024T22:47:35 - [MESSAGE][PASSED] - Browser is opened with url: ''

13-07-2024T22:47:35 - [TEST_STEP][PASSED] - navigateToUrl(URL): Navigate to 'https://katalon-demo-cura.herokuapp.com/' successfully

13-07-2024T22:47:38 - [MESSAGE][PASSED] - Navigate to 'https://katalon-demo-cura.herokuapp.com/' successfully

13-07-2024T22:47:38 - [MESSAGE][PASSED] - Call Test Case 'Test Cases/CURA Web Test/Properties/TCP01 - Open browser' successfully

13-07-2024T22:47:38 - [TEST_STEP][PASSED] - callTestCase(findTestCase("CURA Web Test/Properties/TCP02 - Login"), [:], STOP_ON_FAILURE): Call Test Case 'Test Cases/CURA Web Test/Properties/TCP02 - Login' successfully

13-07-2024T22:47:38 - [TEST_CASE][PASSED] - Test Cases/CURA Web Test/Properties/TCP02 - Login: Test Cases/CURA Web Test/Properties/TCP02 - Login

13-07-2024T22:47:39 - [TEST_STEP][PASSED] - click(findTestObject("1. CURA Object button/Make Appointment")): Object: 'Object Repository/1. CURA Object button/Make Appointment' is clicked on

13-07-2024T22:47:39 - [MESSAGE][PASSED] - Object: 'Object Repository/1. CURA Object button/Make Appointment' is clicked on

13-07-2024T22:47:39 - [TEST_STEP][PASSED] - verifyElementText(findTestObject("2. CURA Object Text/Login Text"), "Login"): Actual text and expected text of test object 'Object Repository/2. CURA Object Text/Login Text' are matched.

13-07-2024T22:47:40 - [MESSAGE][PASSED] - Actual text and expected text of test object 'Object Repository/2. CURA Object Text/Login Text' are matched.

13-07-2024T22:47:40 - [TEST_STEP][PASSED] - setText(findTestObject("1. CURA Object button/Username"), Username): Text 'John Doe' is set on object 'Object Repository/1. CURA Object button/Username'

13-07-2024T22:47:40 - [MESSAGE][PASSED] - Text 'John Doe' is set on object 'Object Repository/1. CURA Object button/Username'

13-07-2024T22:47:40 - [TEST_STEP][PASSED] - setText(findTestObject("1. CURA Object button/Password"), Password): Text 'ThisIsNotAPassword' is set on object 'Object Repository/1. CURA Object button/Password'

13-07-2024T22:47:41 - [MESSAGE][PASSED] - Text 'ThisIsNotAPassword' is set on object 'Object Repository/1. CURA Object button/Password'

13-07-2024T22:47:41 - [TEST_STEP][PASSED] - click(findTestObject("1. CURA Object button/Login Button")): Object: 'Object Repository/1. CURA Object button/Login Button' is clicked on

13-07-2024T22:47:42 - [MESSAGE][PASSED] - Object: 'Object Repository/1. CURA Object button/Login Button' is clicked on

13-07-2024T22:47:42 - [MESSAGE][PASSED] - Call Test Case 'Test Cases/CURA Web Test/Properties/TCP02 - Login' successfully

13-07-2024T22:47:42 - [TEST_STEP][PASSED] - selectOptionByValue(findTestObject("1. CURA Object button/Facility"), "Hongkong CURA Healthcare Center", true): All options with value 'Hongkong CURA Healthcare Center' are selected in object 'Object Repository/1. CURA Object button/Facility'  using regular expression

13-07-2024T22:47:43 - [MESSAGE][PASSED] - All options with value 'Hongkong CURA Healthcare Center' are selected in object 'Object Repository/1. CURA Object button/Facility'  using regular expression

13-07-2024T22:47:43 - [TEST_STEP][PASSED] - click(findTestObject("1. CURA Object button/Hospital Readmission")): Object: 'Object Repository/1. CURA Object button/Hospital Readmission' is clicked on

13-07-2024T22:47:43 - [MESSAGE][PASSED] - Object: 'Object Repository/1. CURA Object button/Hospital Readmission' is clicked on

13-07-2024T22:47:43 - [TEST_STEP][PASSED] - setText(findTestObject("1. CURA Object button/Visit Date"), "28/06/2024"): Text '28/06/2024' is set on object 'Object Repository/1. CURA Object button/Visit Date'

13-07-2024T22:47:44 - [MESSAGE][PASSED] - Text '28/06/2024' is set on object 'Object Repository/1. CURA Object button/Visit Date'

13-07-2024T22:47:44 - [TEST_STEP][PASSED] - setText(findTestObject("1. CURA Object button/Comment"), "Let's meet at 9 AM"): Text 'Let's meet at 9 AM' is set on object 'Object Repository/1. CURA Object button/Comment'

13-07-2024T22:47:45 - [MESSAGE][PASSED] - Text 'Let's meet at 9 AM' is set on object 'Object Repository/1. CURA Object button/Comment'

13-07-2024T22:47:45 - [TEST_STEP][PASSED] - click(findTestObject("1. CURA Object button/Book Appointment")): Object: 'Object Repository/1. CURA Object button/Book Appointment' is clicked on

13-07-2024T22:47:45 - [MESSAGE][PASSED] - Object: 'Object Repository/1. CURA Object button/Book Appointment' is clicked on

13-07-2024T22:47:45 - [TEST_STEP][PASSED] - verifyElementText(findTestObject("4. Appointment Hongkong/Page_CURA/h2_Appointment Confirmation"), "Appointment Confirmation"): Actual text and expected text of test object 'Object Repository/4. Appointment Hongkong/Page_CURA/h2_Appointment Confirmation' are matched.

13-07-2024T22:47:45 - [MESSAGE][PASSED] - Actual text and expected text of test object 'Object Repository/4. Appointment Hongkong/Page_CURA/h2_Appointment Confirmation' are matched.

13-07-2024T22:47:45 - [TEST_STEP][PASSED] - click(findTestObject("1. CURA Object button/Menu")): Object: 'Object Repository/1. CURA Object button/Menu' is clicked on

13-07-2024T22:47:46 - [MESSAGE][PASSED] - Object: 'Object Repository/1. CURA Object button/Menu' is clicked on

13-07-2024T22:47:46 - [TEST_STEP][PASSED] - click(findTestObject("1. CURA Object button/History")): Object: 'Object Repository/1. CURA Object button/History' is clicked on

13-07-2024T22:47:46 - [MESSAGE][PASSED] - Object: 'Object Repository/1. CURA Object button/History' is clicked on

13-07-2024T22:47:46 - [TEST_STEP][PASSED] - takeScreenshotAsCheckpoint("History Hongkong Appointment"): Taking screenshot successfully

13-07-2024T22:47:47 - [MESSAGE][INFO] - 0 hidden object(s)

13-07-2024T22:47:47 - [MESSAGE][PASSED] - Taking screenshot successfully
[[ATTACHMENT|keyes\keyes-History Hongkong Appointment.png]]

13-07-2024T22:47:47 - [TEST_STEP][PASSED] - verifyElementText(findTestObject("8. History check/Page_CURA/h2_History"), "History"): Actual text and expected text of test object 'Object Repository/8. History check/Page_CURA/h2_History' are matched.

13-07-2024T22:47:47 - [MESSAGE][PASSED] - Actual text and expected text of test object 'Object Repository/8. History check/Page_CURA/h2_History' are matched.

13-07-2024T22:47:47 - [TEST_STEP][PASSED] - verifyElementText(findTestObject("8. History check/Page_CURA/div_28062024"), "28/06/2024"): Actual text and expected text of test object 'Object Repository/8. History check/Page_CURA/div_28062024' are matched.

13-07-2024T22:47:48 - [MESSAGE][PASSED] - Actual text and expected text of test object 'Object Repository/8. History check/Page_CURA/div_28062024' are matched.

13-07-2024T22:47:48 - [TEST_STEP][PASSED] - verifyElementText(findTestObject("Object Repository/8. History check/Page_CURA/p_Hongkong"), "Hongkong CURA Healthcare Center"): Actual text and expected text of test object 'Object Repository/8. History check/Page_CURA/p_Hongkong' are matched.

13-07-2024T22:47:48 - [MESSAGE][PASSED] - Actual text and expected text of test object 'Object Repository/8. History check/Page_CURA/p_Hongkong' are matched.

13-07-2024T22:47:48 - [TEST_STEP][PASSED] - verifyElementText(findTestObject("Object Repository/8. History check/Page_CURA/p_Yes"), "Yes"): Actual text and expected text of test object 'Object Repository/8. History check/Page_CURA/p_Yes' are matched.

13-07-2024T22:47:48 - [MESSAGE][PASSED] - Actual text and expected text of test object 'Object Repository/8. History check/Page_CURA/p_Yes' are matched.

13-07-2024T22:47:48 - [TEST_STEP][PASSED] - verifyElementText(findTestObject("Object Repository/8. History check/Page_CURA/p_Medicare"), "Medicare"): Actual text and expected text of test object 'Object Repository/8. History check/Page_CURA/p_Medicare' are matched.

13-07-2024T22:47:48 - [MESSAGE][PASSED] - Actual text and expected text of test object 'Object Repository/8. History check/Page_CURA/p_Medicare' are matched.

13-07-2024T22:47:48 - [TEST_STEP][PASSED] - verifyElementText(findTestObject("8. History check/Page_CURA/p_Lets meet at 9 AM"), "Let's meet at 9 AM"): Actual text and expected text of test object 'Object Repository/8. History check/Page_CURA/p_Lets meet at 9 AM' are matched.

13-07-2024T22:47:49 - [MESSAGE][PASSED] - Actual text and expected text of test object 'Object Repository/8. History check/Page_CURA/p_Lets meet at 9 AM' are matched.

13-07-2024T22:47:49 - [TEST_STEP][PASSED] - click(findTestObject("1. CURA Object button/Go to Homepage")): Object: 'Object Repository/1. CURA Object button/Go to Homepage' is clicked on

13-07-2024T22:47:49 - [MESSAGE][PASSED] - Object: 'Object Repository/1. CURA Object button/Go to Homepage' is clicked on

13-07-2024T22:47:49 - [TEST_STEP][PASSED] - verifyElementText(findTestObject("2. CURA Object Text/Healthcare Service"), "CURA Healthcare Service"): Actual text and expected text of test object 'Object Repository/2. CURA Object Text/Healthcare Service' are matched.

13-07-2024T22:47:49 - [MESSAGE][PASSED] - Actual text and expected text of test object 'Object Repository/2. CURA Object Text/Healthcare Service' are matched.]]></system-out>
         <system-err><![CDATA[]]></system-err>
      </testcase>
      <testcase name="Test Cases/CURA Web Test/Properties/TCP03 - Logout" time="1.575" classname="Test Cases/CURA Web Test/Properties/TCP03 - Logout" status="PASSED">
         <system-out><![CDATA[13-07-2024T22:47:49 - [TEST_CASE][PASSED] - Test Cases/CURA Web Test/Properties/TCP03 - Logout: Test Cases/CURA Web Test/Properties/TCP03 - Logout

13-07-2024T22:47:50 - [TEST_STEP][PASSED] - verifyElementText(findTestObject("2. CURA Object Text/Make Appointment"), "Make Appointment"): Actual text and expected text of test object 'Object Repository/2. CURA Object Text/Make Appointment' are matched.

13-07-2024T22:47:50 - [MESSAGE][PASSED] - Actual text and expected text of test object 'Object Repository/2. CURA Object Text/Make Appointment' are matched.

13-07-2024T22:47:50 - [TEST_STEP][PASSED] - click(findTestObject("1. CURA Object button/Menu")): Object: 'Object Repository/1. CURA Object button/Menu' is clicked on

13-07-2024T22:47:50 - [MESSAGE][PASSED] - Object: 'Object Repository/1. CURA Object button/Menu' is clicked on

13-07-2024T22:47:50 - [TEST_STEP][PASSED] - click(findTestObject("1. CURA Object button/Logout")): Object: 'Object Repository/1. CURA Object button/Logout' is clicked on

13-07-2024T22:47:51 - [MESSAGE][PASSED] - Object: 'Object Repository/1. CURA Object button/Logout' is clicked on

13-07-2024T22:47:51 - [TEST_STEP][PASSED] - closeBrowser(): Browser is closed

13-07-2024T22:47:51 - [MESSAGE][PASSED] - Browser is closed]]></system-out>
         <system-err><![CDATA[]]></system-err>
      </testcase>
      <system-out><![CDATA[13-07-2024T22:47:34 - [TEST_SUITE][PASSED] - TS05 - History check: Test Cases/CURA Web Test/Properties/TCP03 - Logout]]></system-out>
      <system-err><![CDATA[]]></system-err>
   </testsuite>
   <testsuite name="TS06 - Button check" tests="3" failures="0" errors="0" time="10.103" skipped="0" timestamp="13-07-2024T22:48:02" hostname="Lenovo - LAPTOP-7QB5JFLU" id="Test Suites/CURA Test suites/TS06 - Button check">
      <properties>
         <property name="deviceName" value=""/>
         <property name="devicePlatform"/>
         <property name="logFolder" value="C:\\Users\\Lenovo\\git\\KatalonPractitionerLevel\\Reports\\20240713_224359\\CURA Test suites\\TS06 - Button check\\20240713_224410"/>
         <property name="logFiles" value="C:\\Users\\Lenovo\\git\\KatalonPractitionerLevel\\Reports\\20240713_224359\\CURA Test suites\\TS06 - Button check\\20240713_224410\\execution0.log"/>
         <property name="attachments" value=""/>
         <property name="hostName" value="Lenovo - LAPTOP-7QB5JFLU"/>
         <property name="os" value="Windows 11 64bit"/>
         <property name="katalonVersion" value="9.6.0.217"/>
         <property name="browser" value="Chrome 126.0.0.0"/>
         <property name="hostAddress" value="192.168.1.12"/>
         <property name="sessionId" value="551df3122e7d18014663f2a226599cbc"/>
         <property name="seleniumVersion" value="3.141.59"/>
         <property name="proxyInformation" value="ProxyInformation { proxyOption=NO_PROXY, proxyServerType=HTTP, username=, password=********, proxyServerAddress=, proxyServerPort=0, executionList=&quot;&quot;, isApplyToDesiredCapabilities=true }"/>
         <property name="platform" value="Windows 11"/>
      </properties>
      <testcase name="Test Cases/CURA Web Test/Properties/TCP01 - Open browser" time="4.313" classname="Test Cases/CURA Web Test/Properties/TCP01 - Open browser" status="PASSED">
         <system-out><![CDATA[13-07-2024T22:48:02 - [TEST_CASE][PASSED] - Test Cases/CURA Web Test/Properties/TCP01 - Open browser: Test Cases/CURA Web Test/Properties/TCP01 - Open browser

13-07-2024T22:48:02 - [TEST_STEP][PASSED] - openBrowser(""): Browser is opened with url: ''

13-07-2024T22:48:03 - [MESSAGE][INFO] - Starting 'Chrome' driver

13-07-2024T22:48:03 - [MESSAGE][INFO] - Action delay is set to 0 milliseconds

13-07-2024T22:48:04 - [MESSAGE][PASSED] - Browser is opened with url: ''

13-07-2024T22:48:04 - [TEST_STEP][PASSED] - navigateToUrl(URL): Navigate to 'https://katalon-demo-cura.herokuapp.com/' successfully

13-07-2024T22:48:06 - [MESSAGE][PASSED] - Navigate to 'https://katalon-demo-cura.herokuapp.com/' successfully]]></system-out>
         <system-err><![CDATA[]]></system-err>
      </testcase>
      <testcase name="Test Cases/CURA Web Test/TC11 - All button check" time="4.066" classname="Test Cases/CURA Web Test/TC11 - All button check" status="PASSED">
         <system-out><![CDATA[13-07-2024T22:48:06 - [TEST_CASE][PASSED] - Test Cases/CURA Web Test/TC11 - All button check: Test Cases/CURA Web Test/TC11 - All button check

13-07-2024T22:48:06 - [TEST_STEP][PASSED] - verifyElementClickable(findTestObject("10. Login page/Page_CURA/a_Make Appointment")): Object 'Object Repository/10. Login page/Page_CURA/a_Make Appointment' is clickable

13-07-2024T22:48:07 - [MESSAGE][PASSED] - Object 'Object Repository/10. Login page/Page_CURA/a_Make Appointment' is clickable

13-07-2024T22:48:07 - [TEST_STEP][PASSED] - click(findTestObject("10. Login page/Page_CURA/a_Make Appointment")): Object: 'Object Repository/10. Login page/Page_CURA/a_Make Appointment' is clicked on

13-07-2024T22:48:07 - [MESSAGE][PASSED] - Object: 'Object Repository/10. Login page/Page_CURA/a_Make Appointment' is clicked on

13-07-2024T22:48:07 - [TEST_STEP][PASSED] - setText(findTestObject("10. Login page/Page_CURA/input_Username"), "John Doe"): Text 'John Doe' is set on object 'Object Repository/10. Login page/Page_CURA/input_Username'

13-07-2024T22:48:08 - [MESSAGE][PASSED] - Text 'John Doe' is set on object 'Object Repository/10. Login page/Page_CURA/input_Username'

13-07-2024T22:48:08 - [TEST_STEP][PASSED] - setText(findTestObject("10. Login page/Page_CURA/input_Password"), "ThisIsNotAPassword"): Text 'ThisIsNotAPassword' is set on object 'Object Repository/10. Login page/Page_CURA/input_Password'

13-07-2024T22:48:09 - [MESSAGE][PASSED] - Text 'ThisIsNotAPassword' is set on object 'Object Repository/10. Login page/Page_CURA/input_Password'

13-07-2024T22:48:09 - [TEST_STEP][PASSED] - verifyElementClickable(findTestObject("10. Login page/Page_CURA/button_Login")): Object 'Object Repository/10. Login page/Page_CURA/button_Login' is clickable

13-07-2024T22:48:09 - [MESSAGE][PASSED] - Object 'Object Repository/10. Login page/Page_CURA/button_Login' is clickable

13-07-2024T22:48:09 - [TEST_STEP][PASSED] - click(findTestObject("10. Login page/Page_CURA/button_Login")): Object: 'Object Repository/10. Login page/Page_CURA/button_Login' is clicked on

13-07-2024T22:48:10 - [MESSAGE][PASSED] - Object: 'Object Repository/10. Login page/Page_CURA/button_Login' is clicked on

13-07-2024T22:48:10 - [TEST_STEP][PASSED] - verifyElementClickable(findTestObject("3. Appointment/Page_CURA/button_Book Appointment")): Object 'Object Repository/3. Appointment/Page_CURA/button_Book Appointment' is clickable

13-07-2024T22:48:10 - [MESSAGE][PASSED] - Object 'Object Repository/3. Appointment/Page_CURA/button_Book Appointment' is clickable

13-07-2024T22:48:10 - [TEST_STEP][PASSED] - verifyElementClickable(findTestObject("8. History check/Page_CURA/i_CURA_fa fa-bars")): Object 'Object Repository/8. History check/Page_CURA/i_CURA_fa fa-bars' is clickable

13-07-2024T22:48:10 - [MESSAGE][PASSED] - Object 'Object Repository/8. History check/Page_CURA/i_CURA_fa fa-bars' is clickable]]></system-out>
         <system-err><![CDATA[]]></system-err>
      </testcase>
      <testcase name="Test Cases/CURA Web Test/Properties/TCP03 - Logout" time="1.608" classname="Test Cases/CURA Web Test/Properties/TCP03 - Logout" status="PASSED">
         <system-out><![CDATA[13-07-2024T22:48:10 - [TEST_CASE][PASSED] - Test Cases/CURA Web Test/Properties/TCP03 - Logout: Test Cases/CURA Web Test/Properties/TCP03 - Logout

13-07-2024T22:48:11 - [TEST_STEP][PASSED] - verifyElementText(findTestObject("2. CURA Object Text/Make Appointment"), "Make Appointment"): Actual text and expected text of test object 'Object Repository/2. CURA Object Text/Make Appointment' are matched.

13-07-2024T22:48:11 - [MESSAGE][PASSED] - Actual text and expected text of test object 'Object Repository/2. CURA Object Text/Make Appointment' are matched.

13-07-2024T22:48:11 - [TEST_STEP][PASSED] - click(findTestObject("1. CURA Object button/Menu")): Object: 'Object Repository/1. CURA Object button/Menu' is clicked on

13-07-2024T22:48:11 - [MESSAGE][PASSED] - Object: 'Object Repository/1. CURA Object button/Menu' is clicked on

13-07-2024T22:48:11 - [TEST_STEP][PASSED] - click(findTestObject("1. CURA Object button/Logout")): Object: 'Object Repository/1. CURA Object button/Logout' is clicked on

13-07-2024T22:48:12 - [MESSAGE][PASSED] - Object: 'Object Repository/1. CURA Object button/Logout' is clicked on

13-07-2024T22:48:12 - [TEST_STEP][PASSED] - closeBrowser(): Browser is closed

13-07-2024T22:48:12 - [MESSAGE][PASSED] - Browser is closed]]></system-out>
         <system-err><![CDATA[]]></system-err>
      </testcase>
      <system-out><![CDATA[13-07-2024T22:48:02 - [TEST_SUITE][PASSED] - TS06 - Button check: Test Cases/CURA Web Test/Properties/TCP03 - Logout]]></system-out>
      <system-err><![CDATA[]]></system-err>
   </testsuite>
   <testsuite name="TS07 - Home button variation" tests="4" failures="0" errors="0" time="13.387" skipped="0" timestamp="13-07-2024T22:48:24" hostname="Lenovo - LAPTOP-7QB5JFLU" id="Test Suites/CURA Test suites/TS07 - Home button variation">
      <properties>
         <property name="deviceName" value=""/>
         <property name="devicePlatform"/>
         <property name="logFolder" value="C:\\Users\\Lenovo\\git\\KatalonPractitionerLevel\\Reports\\20240713_224359\\CURA Test suites\\TS07 - Home button variation\\20240713_224412"/>
         <property name="logFiles" value="C:\\Users\\Lenovo\\git\\KatalonPractitionerLevel\\Reports\\20240713_224359\\CURA Test suites\\TS07 - Home button variation\\20240713_224412\\execution0.log"/>
         <property name="attachments" value=""/>
         <property name="hostName" value="Lenovo - LAPTOP-7QB5JFLU"/>
         <property name="os" value="Windows 11 64bit"/>
         <property name="katalonVersion" value="9.6.0.217"/>
         <property name="browser" value="Chrome 126.0.0.0"/>
         <property name="hostAddress" value="192.168.1.12"/>
         <property name="sessionId" value="6d9ea199ae4b346690509b03ebb26530"/>
         <property name="seleniumVersion" value="3.141.59"/>
         <property name="proxyInformation" value="ProxyInformation { proxyOption=NO_PROXY, proxyServerType=HTTP, username=, password=********, proxyServerAddress=, proxyServerPort=0, executionList=&quot;&quot;, isApplyToDesiredCapabilities=true }"/>
         <property name="platform" value="Windows 11"/>
      </properties>
      <testcase name="Test Cases/CURA Web Test/Properties/TCP01 - Open browser" time="4.244" classname="Test Cases/CURA Web Test/Properties/TCP01 - Open browser" status="PASSED">
         <system-out><![CDATA[13-07-2024T22:48:24 - [TEST_CASE][PASSED] - Test Cases/CURA Web Test/Properties/TCP01 - Open browser: Test Cases/CURA Web Test/Properties/TCP01 - Open browser

13-07-2024T22:48:24 - [TEST_STEP][PASSED] - openBrowser(""): Browser is opened with url: ''

13-07-2024T22:48:24 - [MESSAGE][INFO] - Starting 'Chrome' driver

13-07-2024T22:48:24 - [MESSAGE][INFO] - Action delay is set to 0 milliseconds

13-07-2024T22:48:25 - [MESSAGE][PASSED] - Browser is opened with url: ''

13-07-2024T22:48:25 - [TEST_STEP][PASSED] - navigateToUrl(URL): Navigate to 'https://katalon-demo-cura.herokuapp.com/' successfully

13-07-2024T22:48:28 - [MESSAGE][PASSED] - Navigate to 'https://katalon-demo-cura.herokuapp.com/' successfully]]></system-out>
         <system-err><![CDATA[]]></system-err>
      </testcase>
      <testcase name="Test Cases/CURA Web Test/Properties/TCP02 - Login" time="3.305" classname="Test Cases/CURA Web Test/Properties/TCP02 - Login" status="PASSED">
         <system-out><![CDATA[13-07-2024T22:48:28 - [TEST_CASE][PASSED] - Test Cases/CURA Web Test/Properties/TCP02 - Login: Test Cases/CURA Web Test/Properties/TCP02 - Login

13-07-2024T22:48:28 - [TEST_STEP][PASSED] - click(findTestObject("1. CURA Object button/Make Appointment")): Object: 'Object Repository/1. CURA Object button/Make Appointment' is clicked on

13-07-2024T22:48:29 - [MESSAGE][PASSED] - Object: 'Object Repository/1. CURA Object button/Make Appointment' is clicked on

13-07-2024T22:48:29 - [TEST_STEP][PASSED] - verifyElementText(findTestObject("2. CURA Object Text/Login Text"), "Login"): Actual text and expected text of test object 'Object Repository/2. CURA Object Text/Login Text' are matched.

13-07-2024T22:48:29 - [MESSAGE][PASSED] - Actual text and expected text of test object 'Object Repository/2. CURA Object Text/Login Text' are matched.

13-07-2024T22:48:29 - [TEST_STEP][PASSED] - setText(findTestObject("1. CURA Object button/Username"), Username): Text 'John Doe' is set on object 'Object Repository/1. CURA Object button/Username'

13-07-2024T22:48:30 - [MESSAGE][PASSED] - Text 'John Doe' is set on object 'Object Repository/1. CURA Object button/Username'

13-07-2024T22:48:30 - [TEST_STEP][PASSED] - setText(findTestObject("1. CURA Object button/Password"), Password): Text 'ThisIsNotAPassword' is set on object 'Object Repository/1. CURA Object button/Password'

13-07-2024T22:48:31 - [MESSAGE][PASSED] - Text 'ThisIsNotAPassword' is set on object 'Object Repository/1. CURA Object button/Password'

13-07-2024T22:48:31 - [TEST_STEP][PASSED] - click(findTestObject("1. CURA Object button/Login Button")): Object: 'Object Repository/1. CURA Object button/Login Button' is clicked on

13-07-2024T22:48:31 - [MESSAGE][PASSED] - Object: 'Object Repository/1. CURA Object button/Login Button' is clicked on]]></system-out>
         <system-err><![CDATA[]]></system-err>
      </testcase>
      <testcase name="Test Cases/CURA Web Test/TC14 - Home button" time="3.081" classname="Test Cases/CURA Web Test/TC14 - Home button" status="PASSED">
         <system-out><![CDATA[13-07-2024T22:48:31 - [TEST_CASE][PASSED] - Test Cases/CURA Web Test/TC14 - Home button: Test Cases/CURA Web Test/TC14 - Home button

13-07-2024T22:48:31 - [TEST_STEP][PASSED] - verifyElementPresent(findTestObject("9. Homepage of CURA/Page_CURA/h1_CURA Service"), 0): Object 'Object Repository/9. Homepage of CURA/Page_CURA/h1_CURA Service' is present

13-07-2024T22:48:31 - [MESSAGE][WARNING] - Timeout '0' is invalid. Using default page load timeout: '30'

13-07-2024T22:48:32 - [MESSAGE][PASSED] - Object 'Object Repository/9. Homepage of CURA/Page_CURA/h1_CURA Service' is present

13-07-2024T22:48:32 - [TEST_STEP][PASSED] - click(findTestObject("6. CURA menu/Page_CURA/i_CURA_fa fa-bars")): Object: 'Object Repository/6. CURA menu/Page_CURA/i_CURA_fa fa-bars' is clicked on

13-07-2024T22:48:32 - [MESSAGE][PASSED] - Object: 'Object Repository/6. CURA menu/Page_CURA/i_CURA_fa fa-bars' is clicked on

13-07-2024T22:48:32 - [TEST_STEP][PASSED] - click(findTestObject("11. Login menu check/Page_CURA/a_Home")): Object: 'Object Repository/11. Login menu check/Page_CURA/a_Home' is clicked on

13-07-2024T22:48:33 - [MESSAGE][PASSED] - Object: 'Object Repository/11. Login menu check/Page_CURA/a_Home' is clicked on

13-07-2024T22:48:33 - [TEST_STEP][PASSED] - verifyElementPresent(findTestObject("11. Login menu check/Page_CURA/h1_CURA Service"), 0): Object 'Object Repository/11. Login menu check/Page_CURA/h1_CURA Service' is present

13-07-2024T22:48:33 - [MESSAGE][WARNING] - Timeout '0' is invalid. Using default page load timeout: '30'

13-07-2024T22:48:33 - [MESSAGE][PASSED] - Object 'Object Repository/11. Login menu check/Page_CURA/h1_CURA Service' is present

13-07-2024T22:48:33 - [TEST_STEP][PASSED] - click(findTestObject("11. Login menu check/Page_CURA/i_CURA fa fa-bars")): Object: 'Object Repository/11. Login menu check/Page_CURA/i_CURA fa fa-bars' is clicked on

13-07-2024T22:48:33 - [MESSAGE][PASSED] - Object: 'Object Repository/11. Login menu check/Page_CURA/i_CURA fa fa-bars' is clicked on

13-07-2024T22:48:33 - [TEST_STEP][PASSED] - click(findTestObject("8. History check/Page_CURA/a_History")): Object: 'Object Repository/8. History check/Page_CURA/a_History' is clicked on

13-07-2024T22:48:34 - [MESSAGE][PASSED] - Object: 'Object Repository/8. History check/Page_CURA/a_History' is clicked on

13-07-2024T22:48:34 - [TEST_STEP][PASSED] - click(findTestObject("8. History check/Page_CURA/a_Go Homepage")): Object: 'Object Repository/8. History check/Page_CURA/a_Go Homepage' is clicked on

13-07-2024T22:48:35 - [MESSAGE][PASSED] - Object: 'Object Repository/8. History check/Page_CURA/a_Go Homepage' is clicked on]]></system-out>
         <system-err><![CDATA[]]></system-err>
      </testcase>
      <testcase name="Test Cases/CURA Web Test/Properties/TCP03 - Logout" time="2.601" classname="Test Cases/CURA Web Test/Properties/TCP03 - Logout" status="PASSED">
         <system-out><![CDATA[13-07-2024T22:48:35 - [TEST_CASE][PASSED] - Test Cases/CURA Web Test/Properties/TCP03 - Logout: Test Cases/CURA Web Test/Properties/TCP03 - Logout

13-07-2024T22:48:35 - [TEST_STEP][PASSED] - verifyElementText(findTestObject("2. CURA Object Text/Make Appointment"), "Make Appointment"): Actual text and expected text of test object 'Object Repository/2. CURA Object Text/Make Appointment' are matched.

13-07-2024T22:48:35 - [MESSAGE][PASSED] - Actual text and expected text of test object 'Object Repository/2. CURA Object Text/Make Appointment' are matched.

13-07-2024T22:48:35 - [TEST_STEP][PASSED] - click(findTestObject("1. CURA Object button/Menu")): Object: 'Object Repository/1. CURA Object button/Menu' is clicked on

13-07-2024T22:48:35 - [MESSAGE][PASSED] - Object: 'Object Repository/1. CURA Object button/Menu' is clicked on

13-07-2024T22:48:35 - [TEST_STEP][PASSED] - click(findTestObject("1. CURA Object button/Logout")): Object: 'Object Repository/1. CURA Object button/Logout' is clicked on

13-07-2024T22:48:36 - [MESSAGE][PASSED] - Object: 'Object Repository/1. CURA Object button/Logout' is clicked on

13-07-2024T22:48:36 - [TEST_STEP][PASSED] - closeBrowser(): Browser is closed

13-07-2024T22:48:37 - [MESSAGE][PASSED] - Browser is closed]]></system-out>
         <system-err><![CDATA[]]></system-err>
      </testcase>
      <system-out><![CDATA[13-07-2024T22:48:24 - [TEST_SUITE][PASSED] - TS07 - Home button variation: Test Cases/CURA Web Test/Properties/TCP03 - Logout]]></system-out>
      <system-err><![CDATA[]]></system-err>
   </testsuite>
   <testsuite name="TS08 - Hongkong appointment using variable" tests="3" failures="0" errors="0" time="13.342" skipped="0" timestamp="13-07-2024T22:48:48" hostname="Lenovo - LAPTOP-7QB5JFLU" id="Test Suites/CURA Test suites/TS08 - Hongkong appointment using variable">
      <properties>
         <property name="deviceName" value=""/>
         <property name="devicePlatform"/>
         <property name="logFolder" value="C:\\Users\\Lenovo\\git\\KatalonPractitionerLevel\\Reports\\20240713_224359\\CURA Test suites\\TS08 - Hongkong appointment using variable\\20240713_224414"/>
         <property name="logFiles" value="C:\\Users\\Lenovo\\git\\KatalonPractitionerLevel\\Reports\\20240713_224359\\CURA Test suites\\TS08 - Hongkong appointment using variable\\20240713_224414\\execution0.log"/>
         <property name="attachments" value=""/>
         <property name="hostName" value="Lenovo - LAPTOP-7QB5JFLU"/>
         <property name="os" value="Windows 11 64bit"/>
         <property name="katalonVersion" value="9.6.0.217"/>
         <property name="browser" value="Chrome 126.0.0.0"/>
         <property name="hostAddress" value="192.168.1.12"/>
         <property name="sessionId" value="595002a0bbf6c90aa5a2b3f83fbd3554"/>
         <property name="seleniumVersion" value="3.141.59"/>
         <property name="proxyInformation" value="ProxyInformation { proxyOption=NO_PROXY, proxyServerType=HTTP, username=, password=********, proxyServerAddress=, proxyServerPort=0, executionList=&quot;&quot;, isApplyToDesiredCapabilities=true }"/>
         <property name="platform" value="Windows 11"/>
      </properties>
      <testcase name="Test Cases/CURA Web Test/TC15 - Login using variable" time="7.389" classname="Test Cases/CURA Web Test/TC15 - Login using variable" status="PASSED">
         <system-out><![CDATA[13-07-2024T22:48:48 - [TEST_CASE][PASSED] - Test Cases/CURA Web Test/TC15 - Login using variable: Test Cases/CURA Web Test/TC15 - Login using variable

13-07-2024T22:48:48 - [TEST_STEP][PASSED] - openBrowser(""): Browser is opened with url: ''

13-07-2024T22:48:49 - [MESSAGE][INFO] - Starting 'Chrome' driver

13-07-2024T22:48:49 - [MESSAGE][INFO] - Action delay is set to 0 milliseconds

13-07-2024T22:48:50 - [MESSAGE][PASSED] - Browser is opened with url: ''

13-07-2024T22:48:50 - [TEST_STEP][PASSED] - navigateToUrl("https://katalon-demo-cura.herokuapp.com/"): Navigate to 'https://katalon-demo-cura.herokuapp.com/' successfully

13-07-2024T22:48:53 - [MESSAGE][PASSED] - Navigate to 'https://katalon-demo-cura.herokuapp.com/' successfully

13-07-2024T22:48:53 - [TEST_STEP][PASSED] - loginParameter = "varibleLogin": null

13-07-2024T22:48:53 - [TEST_STEP][PASSED] - click(findTestObject("1. CURA Object button/Make Appointment")): Object: 'Object Repository/1. CURA Object button/Make Appointment' is clicked on

13-07-2024T22:48:53 - [MESSAGE][PASSED] - Object: 'Object Repository/1. CURA Object button/Make Appointment' is clicked on

13-07-2024T22:48:53 - [TEST_STEP][PASSED] - setText(findTestObject("1. CURA Object button/Username"), Username): Text 'John Doe' is set on object 'Object Repository/1. CURA Object button/Username'

13-07-2024T22:48:54 - [MESSAGE][PASSED] - Text 'John Doe' is set on object 'Object Repository/1. CURA Object button/Username'

13-07-2024T22:48:54 - [TEST_STEP][PASSED] - setText(findTestObject("1. CURA Object button/Password"), Password): Text 'ThisIsNotAPassword' is set on object 'Object Repository/1. CURA Object button/Password'

13-07-2024T22:48:55 - [MESSAGE][PASSED] - Text 'ThisIsNotAPassword' is set on object 'Object Repository/1. CURA Object button/Password'

13-07-2024T22:48:55 - [TEST_STEP][PASSED] - click(findTestObject("1. CURA Object button/Login Button")): Object: 'Object Repository/1. CURA Object button/Login Button' is clicked on

13-07-2024T22:48:56 - [MESSAGE][PASSED] - Object: 'Object Repository/1. CURA Object button/Login Button' is clicked on]]></system-out>
         <system-err><![CDATA[]]></system-err>
      </testcase>
      <testcase name="Test Cases/CURA Web Test/TC16 - Appointment Hongkong using variable" time="4.181" classname="Test Cases/CURA Web Test/TC16 - Appointment Hongkong using variable" status="PASSED">
         <system-out><![CDATA[13-07-2024T22:48:56 - [TEST_CASE][PASSED] - Test Cases/CURA Web Test/TC16 - Appointment Hongkong using variable: Test Cases/CURA Web Test/TC16 - Appointment Hongkong using variable

13-07-2024T22:48:56 - [TEST_STEP][PASSED] - selectOptionByValue(findTestObject("1. CURA Object button/Facility"), "Hongkong CURA Healthcare Center", true, CONTINUE_ON_FAILURE): All options with value 'Hongkong CURA Healthcare Center' are selected in object 'Object Repository/1. CURA Object button/Facility'  using regular expression

13-07-2024T22:48:57 - [MESSAGE][PASSED] - All options with value 'Hongkong CURA Healthcare Center' are selected in object 'Object Repository/1. CURA Object button/Facility'  using regular expression

13-07-2024T22:48:57 - [TEST_STEP][PASSED] - click(findTestObject("1. CURA Object button/Hospital Readmission")): Object: 'Object Repository/1. CURA Object button/Hospital Readmission' is clicked on

13-07-2024T22:48:57 - [MESSAGE][PASSED] - Object: 'Object Repository/1. CURA Object button/Hospital Readmission' is clicked on

13-07-2024T22:48:57 - [TEST_STEP][PASSED] - click(findTestObject("1. CURA Object button/Medicaid")): Object: 'Object Repository/1. CURA Object button/Medicaid' is clicked on

13-07-2024T22:48:57 - [MESSAGE][PASSED] - Object: 'Object Repository/1. CURA Object button/Medicaid' is clicked on

13-07-2024T22:48:57 - [TEST_STEP][PASSED] - click(findTestObject("1. CURA Object button/Visit Date")): Object: 'Object Repository/1. CURA Object button/Visit Date' is clicked on

13-07-2024T22:48:58 - [MESSAGE][PASSED] - Object: 'Object Repository/1. CURA Object button/Visit Date' is clicked on

13-07-2024T22:48:58 - [TEST_STEP][PASSED] - setText(findTestObject("1. CURA Object button/Visit Date"), "18/07/2024"): Text '18/07/2024' is set on object 'Object Repository/1. CURA Object button/Visit Date'

13-07-2024T22:48:58 - [MESSAGE][PASSED] - Text '18/07/2024' is set on object 'Object Repository/1. CURA Object button/Visit Date'

13-07-2024T22:48:58 - [TEST_STEP][PASSED] - setText(findTestObject("1. CURA Object button/Comment"), Comment4): Text '' is set on object 'Object Repository/1. CURA Object button/Comment'

13-07-2024T22:48:59 - [MESSAGE][PASSED] - Text '' is set on object 'Object Repository/1. CURA Object button/Comment'

13-07-2024T22:48:59 - [TEST_STEP][PASSED] - click(findTestObject("1. CURA Object button/Book Appointment")): Object: 'Object Repository/1. CURA Object button/Book Appointment' is clicked on

13-07-2024T22:49:00 - [MESSAGE][PASSED] - Object: 'Object Repository/1. CURA Object button/Book Appointment' is clicked on]]></system-out>
         <system-err><![CDATA[]]></system-err>
      </testcase>
      <testcase name="Test Cases/CURA Web Test/TC12 - Logout via button toggle" time="1.654" classname="Test Cases/CURA Web Test/TC12 - Logout via button toggle" status="PASSED">
         <system-out><![CDATA[13-07-2024T22:49:00 - [TEST_CASE][PASSED] - Test Cases/CURA Web Test/TC12 - Logout via button toggle: Test Cases/CURA Web Test/TC12 - Logout via button toggle

13-07-2024T22:49:00 - [TEST_STEP][PASSED] - click(findTestObject("1. CURA Object button/Menu"), STOP_ON_FAILURE): Object: 'Object Repository/1. CURA Object button/Menu' is clicked on

13-07-2024T22:49:00 - [MESSAGE][PASSED] - Object: 'Object Repository/1. CURA Object button/Menu' is clicked on

13-07-2024T22:49:00 - [TEST_STEP][PASSED] - click(findTestObject("1. CURA Object button/Logout")): Object: 'Object Repository/1. CURA Object button/Logout' is clicked on

13-07-2024T22:49:01 - [MESSAGE][PASSED] - Object: 'Object Repository/1. CURA Object button/Logout' is clicked on

13-07-2024T22:49:01 - [TEST_STEP][PASSED] - verifyElementText(findTestObject("2. CURA Object Text/Healthcare Service"), "CURA Healthcare Service"): Actual text and expected text of test object 'Object Repository/2. CURA Object Text/Healthcare Service' are matched.

13-07-2024T22:49:01 - [MESSAGE][PASSED] - Actual text and expected text of test object 'Object Repository/2. CURA Object Text/Healthcare Service' are matched.]]></system-out>
         <system-err><![CDATA[]]></system-err>
      </testcase>
      <system-out><![CDATA[13-07-2024T22:48:48 - [TEST_SUITE][PASSED] - TS08 - Hongkong appointment using variable: Test Cases/CURA Web Test/TC12 - Logout via button toggle]]></system-out>
      <system-err><![CDATA[]]></system-err>
   </testsuite>
   <testsuite name="TS09 - Login using data driven" tests="7" failures="0" errors="0" time="46.892" skipped="0" timestamp="13-07-2024T22:49:12" hostname="Lenovo - LAPTOP-7QB5JFLU" id="Test Suites/CURA Test suites/TS09 - Login using data driven">
      <properties>
         <property name="deviceName" value=""/>
         <property name="devicePlatform"/>
         <property name="logFolder" value="C:\\Users\\Lenovo\\git\\KatalonPractitionerLevel\\Reports\\20240713_224359\\CURA Test suites\\TS09 - Login using data driven\\20240713_224416"/>
         <property name="logFiles" value="C:\\Users\\Lenovo\\git\\KatalonPractitionerLevel\\Reports\\20240713_224359\\CURA Test suites\\TS09 - Login using data driven\\20240713_224416\\execution0.log"/>
         <property name="attachments" value=""/>
         <property name="hostName" value="Lenovo - LAPTOP-7QB5JFLU"/>
         <property name="os" value="Windows 11 64bit"/>
         <property name="katalonVersion" value="9.6.0.217"/>
         <property name="browser" value="Chrome 126.0.0.0"/>
         <property name="hostAddress" value="192.168.1.12"/>
         <property name="sessionId" value="1c066e1ae0fa8c3dabd3210e96ba22cf"/>
         <property name="seleniumVersion" value="3.141.59"/>
         <property name="proxyInformation" value="ProxyInformation { proxyOption=NO_PROXY, proxyServerType=HTTP, username=, password=********, proxyServerAddress=, proxyServerPort=0, executionList=&quot;&quot;, isApplyToDesiredCapabilities=true }"/>
         <property name="platform" value="Windows 11"/>
      </properties>
      <testcase name="Test Cases/CURA Web Test/TC17 - Login using data driven" time="8.238" classname="Test Cases/CURA Web Test/TC17 - Login using data driven" status="PASSED">
         <system-out><![CDATA[13-07-2024T22:49:12 - [TEST_CASE][PASSED] - Test Cases/CURA Web Test/TC17 - Login using data driven: Test Cases/CURA Web Test/TC17 - Login using data driven

13-07-2024T22:49:13 - [TEST_STEP][PASSED] - callTestCase(findTestCase("CURA Web Test/Properties/TCP01 - Open browser"), [:], STOP_ON_FAILURE): Call Test Case 'Test Cases/CURA Web Test/Properties/TCP01 - Open browser' successfully

13-07-2024T22:49:13 - [TEST_CASE][PASSED] - Test Cases/CURA Web Test/Properties/TCP01 - Open browser: Test Cases/CURA Web Test/Properties/TCP01 - Open browser

13-07-2024T22:49:13 - [TEST_STEP][PASSED] - openBrowser(""): Browser is opened with url: ''

13-07-2024T22:49:13 - [MESSAGE][INFO] - Starting 'Chrome' driver

13-07-2024T22:49:13 - [MESSAGE][INFO] - Action delay is set to 0 milliseconds

13-07-2024T22:49:14 - [MESSAGE][PASSED] - Browser is opened with url: ''

13-07-2024T22:49:14 - [TEST_STEP][PASSED] - navigateToUrl(URL): Navigate to 'https://katalon-demo-cura.herokuapp.com/' successfully

13-07-2024T22:49:17 - [MESSAGE][PASSED] - Navigate to 'https://katalon-demo-cura.herokuapp.com/' successfully

13-07-2024T22:49:17 - [MESSAGE][PASSED] - Call Test Case 'Test Cases/CURA Web Test/Properties/TCP01 - Open browser' successfully

13-07-2024T22:49:17 - [TEST_STEP][PASSED] - click(findTestObject("1. CURA Object button/Make Appointment")): Object: 'Object Repository/1. CURA Object button/Make Appointment' is clicked on

13-07-2024T22:49:18 - [MESSAGE][PASSED] - Object: 'Object Repository/1. CURA Object button/Make Appointment' is clicked on

13-07-2024T22:49:18 - [TEST_STEP][PASSED] - loginParameter = "varibleLogin": null

13-07-2024T22:49:18 - [TEST_STEP][PASSED] - username = getAttribute(findTestObject("1. CURA Object button/Username"), Username): Attribute 'John' of object 'Object Repository/1. CURA Object button/Username' is: 'null'

13-07-2024T22:49:18 - [MESSAGE][PASSED] - Attribute 'John' of object 'Object Repository/1. CURA Object button/Username' is: 'null'

13-07-2024T22:49:18 - [TEST_STEP][PASSED] - password = getAttribute(findTestObject("1. CURA Object button/Password"), Password): Attribute '' of object 'Object Repository/1. CURA Object button/Password' is: 'null'

13-07-2024T22:49:18 - [MESSAGE][PASSED] - Attribute '' of object 'Object Repository/1. CURA Object button/Password' is: 'null'

13-07-2024T22:49:18 - [TEST_STEP][PASSED] - setText(findTestObject("1. CURA Object button/Username"), Username): Text 'John' is set on object 'Object Repository/1. CURA Object button/Username'

13-07-2024T22:49:19 - [MESSAGE][PASSED] - Text 'John' is set on object 'Object Repository/1. CURA Object button/Username'

13-07-2024T22:49:19 - [TEST_STEP][PASSED] - setText(findTestObject("1. CURA Object button/Password"), Password): Text '' is set on object 'Object Repository/1. CURA Object button/Password'

13-07-2024T22:49:20 - [MESSAGE][PASSED] - Text '' is set on object 'Object Repository/1. CURA Object button/Password'

13-07-2024T22:49:20 - [TEST_STEP][PASSED] - click(findTestObject("1. CURA Object button/Login Button")): Object: 'Object Repository/1. CURA Object button/Login Button' is clicked on

13-07-2024T22:49:20 - [MESSAGE][PASSED] - Object: 'Object Repository/1. CURA Object button/Login Button' is clicked on

13-07-2024T22:49:20 - [TEST_STEP][PASSED] - if (username == "John Doe" && password == "ThisIsNotAPassword"): null

13-07-2024T22:49:20 - [TEST_STEP][PASSED] - else: Object 'Object Repository/7. Failed Login/Page_CURA/p_Login failed' is visible

13-07-2024T22:49:20 - [TEST_STEP][PASSED] - verifyElementVisible(findTestObject("7. Failed Login/Page_CURA/p_Login failed")): Object 'Object Repository/7. Failed Login/Page_CURA/p_Login failed' is visible

13-07-2024T22:49:21 - [MESSAGE][PASSED] - Object 'Object Repository/7. Failed Login/Page_CURA/p_Login failed' is visible]]></system-out>
         <system-err><![CDATA[]]></system-err>
      </testcase>
      <testcase name="Test Cases/CURA Web Test/TC17 - Login using data driven" time="7.304" classname="Test Cases/CURA Web Test/TC17 - Login using data driven" status="PASSED">
         <system-out><![CDATA[13-07-2024T22:49:21 - [TEST_CASE][PASSED] - Test Cases/CURA Web Test/TC17 - Login using data driven: Test Cases/CURA Web Test/TC17 - Login using data driven

13-07-2024T22:49:21 - [TEST_STEP][PASSED] - callTestCase(findTestCase("CURA Web Test/Properties/TCP01 - Open browser"), [:], STOP_ON_FAILURE): Call Test Case 'Test Cases/CURA Web Test/Properties/TCP01 - Open browser' successfully

13-07-2024T22:49:21 - [TEST_CASE][PASSED] - Test Cases/CURA Web Test/Properties/TCP01 - Open browser: Test Cases/CURA Web Test/Properties/TCP01 - Open browser

13-07-2024T22:49:21 - [TEST_STEP][PASSED] - openBrowser(""): Browser is opened with url: ''

13-07-2024T22:49:21 - [MESSAGE][WARNING] - A browser is already opened. Closing browser and opening a new one

13-07-2024T22:49:21 - [MESSAGE][INFO] - Starting 'Chrome' driver

13-07-2024T22:49:21 - [MESSAGE][INFO] - Action delay is set to 0 milliseconds

13-07-2024T22:49:22 - [MESSAGE][PASSED] - Browser is opened with url: ''

13-07-2024T22:49:22 - [TEST_STEP][PASSED] - navigateToUrl(URL): Navigate to 'https://katalon-demo-cura.herokuapp.com/' successfully

13-07-2024T22:49:24 - [MESSAGE][PASSED] - Navigate to 'https://katalon-demo-cura.herokuapp.com/' successfully

13-07-2024T22:49:24 - [MESSAGE][PASSED] - Call Test Case 'Test Cases/CURA Web Test/Properties/TCP01 - Open browser' successfully

13-07-2024T22:49:24 - [TEST_STEP][PASSED] - click(findTestObject("1. CURA Object button/Make Appointment")): Object: 'Object Repository/1. CURA Object button/Make Appointment' is clicked on

13-07-2024T22:49:25 - [MESSAGE][PASSED] - Object: 'Object Repository/1. CURA Object button/Make Appointment' is clicked on

13-07-2024T22:49:25 - [TEST_STEP][PASSED] - loginParameter = "varibleLogin": null

13-07-2024T22:49:25 - [TEST_STEP][PASSED] - username = getAttribute(findTestObject("1. CURA Object button/Username"), Username): Attribute 'John Doe' of object 'Object Repository/1. CURA Object button/Username' is: 'null'

13-07-2024T22:49:25 - [MESSAGE][PASSED] - Attribute 'John Doe' of object 'Object Repository/1. CURA Object button/Username' is: 'null'

13-07-2024T22:49:25 - [TEST_STEP][PASSED] - password = getAttribute(findTestObject("1. CURA Object button/Password"), Password): Attribute '' of object 'Object Repository/1. CURA Object button/Password' is: 'null'

13-07-2024T22:49:26 - [MESSAGE][PASSED] - Attribute '' of object 'Object Repository/1. CURA Object button/Password' is: 'null'

13-07-2024T22:49:26 - [TEST_STEP][PASSED] - setText(findTestObject("1. CURA Object button/Username"), Username): Text 'John Doe' is set on object 'Object Repository/1. CURA Object button/Username'

13-07-2024T22:49:26 - [MESSAGE][PASSED] - Text 'John Doe' is set on object 'Object Repository/1. CURA Object button/Username'

13-07-2024T22:49:26 - [TEST_STEP][PASSED] - setText(findTestObject("1. CURA Object button/Password"), Password): Text '' is set on object 'Object Repository/1. CURA Object button/Password'

13-07-2024T22:49:27 - [MESSAGE][PASSED] - Text '' is set on object 'Object Repository/1. CURA Object button/Password'

13-07-2024T22:49:27 - [TEST_STEP][PASSED] - click(findTestObject("1. CURA Object button/Login Button")): Object: 'Object Repository/1. CURA Object button/Login Button' is clicked on

13-07-2024T22:49:28 - [MESSAGE][PASSED] - Object: 'Object Repository/1. CURA Object button/Login Button' is clicked on

13-07-2024T22:49:28 - [TEST_STEP][PASSED] - if (username == "John Doe" && password == "ThisIsNotAPassword"): null

13-07-2024T22:49:28 - [TEST_STEP][PASSED] - else: Object 'Object Repository/7. Failed Login/Page_CURA/p_Login failed' is visible

13-07-2024T22:49:28 - [TEST_STEP][PASSED] - verifyElementVisible(findTestObject("7. Failed Login/Page_CURA/p_Login failed")): Object 'Object Repository/7. Failed Login/Page_CURA/p_Login failed' is visible

13-07-2024T22:49:28 - [MESSAGE][PASSED] - Object 'Object Repository/7. Failed Login/Page_CURA/p_Login failed' is visible]]></system-out>
         <system-err><![CDATA[]]></system-err>
      </testcase>
      <testcase name="Test Cases/CURA Web Test/TC17 - Login using data driven" time="7.355" classname="Test Cases/CURA Web Test/TC17 - Login using data driven" status="PASSED">
         <system-out><![CDATA[13-07-2024T22:49:28 - [TEST_CASE][PASSED] - Test Cases/CURA Web Test/TC17 - Login using data driven: Test Cases/CURA Web Test/TC17 - Login using data driven

13-07-2024T22:49:28 - [TEST_STEP][PASSED] - callTestCase(findTestCase("CURA Web Test/Properties/TCP01 - Open browser"), [:], STOP_ON_FAILURE): Call Test Case 'Test Cases/CURA Web Test/Properties/TCP01 - Open browser' successfully

13-07-2024T22:49:28 - [TEST_CASE][PASSED] - Test Cases/CURA Web Test/Properties/TCP01 - Open browser: Test Cases/CURA Web Test/Properties/TCP01 - Open browser

13-07-2024T22:49:28 - [TEST_STEP][PASSED] - openBrowser(""): Browser is opened with url: ''

13-07-2024T22:49:28 - [MESSAGE][WARNING] - A browser is already opened. Closing browser and opening a new one

13-07-2024T22:49:28 - [MESSAGE][INFO] - Starting 'Chrome' driver

13-07-2024T22:49:28 - [MESSAGE][INFO] - Action delay is set to 0 milliseconds

13-07-2024T22:49:29 - [MESSAGE][PASSED] - Browser is opened with url: ''

13-07-2024T22:49:29 - [TEST_STEP][PASSED] - navigateToUrl(URL): Navigate to 'https://katalon-demo-cura.herokuapp.com/' successfully

13-07-2024T22:49:32 - [MESSAGE][PASSED] - Navigate to 'https://katalon-demo-cura.herokuapp.com/' successfully

13-07-2024T22:49:32 - [MESSAGE][PASSED] - Call Test Case 'Test Cases/CURA Web Test/Properties/TCP01 - Open browser' successfully

13-07-2024T22:49:32 - [TEST_STEP][PASSED] - click(findTestObject("1. CURA Object button/Make Appointment")): Object: 'Object Repository/1. CURA Object button/Make Appointment' is clicked on

13-07-2024T22:49:32 - [MESSAGE][PASSED] - Object: 'Object Repository/1. CURA Object button/Make Appointment' is clicked on

13-07-2024T22:49:32 - [TEST_STEP][PASSED] - loginParameter = "varibleLogin": null

13-07-2024T22:49:32 - [TEST_STEP][PASSED] - username = getAttribute(findTestObject("1. CURA Object button/Username"), Username): Attribute 'John Doe' of object 'Object Repository/1. CURA Object button/Username' is: 'null'

13-07-2024T22:49:33 - [MESSAGE][PASSED] - Attribute 'John Doe' of object 'Object Repository/1. CURA Object button/Username' is: 'null'

13-07-2024T22:49:33 - [TEST_STEP][PASSED] - password = getAttribute(findTestObject("1. CURA Object button/Password"), Password): Attribute 'This' of object 'Object Repository/1. CURA Object button/Password' is: 'null'

13-07-2024T22:49:33 - [MESSAGE][PASSED] - Attribute 'This' of object 'Object Repository/1. CURA Object button/Password' is: 'null'

13-07-2024T22:49:33 - [TEST_STEP][PASSED] - setText(findTestObject("1. CURA Object button/Username"), Username): Text 'John Doe' is set on object 'Object Repository/1. CURA Object button/Username'

13-07-2024T22:49:34 - [MESSAGE][PASSED] - Text 'John Doe' is set on object 'Object Repository/1. CURA Object button/Username'

13-07-2024T22:49:34 - [TEST_STEP][PASSED] - setText(findTestObject("1. CURA Object button/Password"), Password): Text 'This' is set on object 'Object Repository/1. CURA Object button/Password'

13-07-2024T22:49:34 - [MESSAGE][PASSED] - Text 'This' is set on object 'Object Repository/1. CURA Object button/Password'

13-07-2024T22:49:34 - [TEST_STEP][PASSED] - click(findTestObject("1. CURA Object button/Login Button")): Object: 'Object Repository/1. CURA Object button/Login Button' is clicked on

13-07-2024T22:49:35 - [MESSAGE][PASSED] - Object: 'Object Repository/1. CURA Object button/Login Button' is clicked on

13-07-2024T22:49:35 - [TEST_STEP][PASSED] - if (username == "John Doe" && password == "ThisIsNotAPassword"): null

13-07-2024T22:49:35 - [TEST_STEP][PASSED] - else: Object 'Object Repository/7. Failed Login/Page_CURA/p_Login failed' is visible

13-07-2024T22:49:35 - [TEST_STEP][PASSED] - verifyElementVisible(findTestObject("7. Failed Login/Page_CURA/p_Login failed")): Object 'Object Repository/7. Failed Login/Page_CURA/p_Login failed' is visible

13-07-2024T22:49:35 - [MESSAGE][PASSED] - Object 'Object Repository/7. Failed Login/Page_CURA/p_Login failed' is visible]]></system-out>
         <system-err><![CDATA[]]></system-err>
      </testcase>
      <testcase name="Test Cases/CURA Web Test/TC17 - Login using data driven" time="7.849" classname="Test Cases/CURA Web Test/TC17 - Login using data driven" status="PASSED">
         <system-out><![CDATA[13-07-2024T22:49:35 - [TEST_CASE][PASSED] - Test Cases/CURA Web Test/TC17 - Login using data driven: Test Cases/CURA Web Test/TC17 - Login using data driven

13-07-2024T22:49:35 - [TEST_STEP][PASSED] - callTestCase(findTestCase("CURA Web Test/Properties/TCP01 - Open browser"), [:], STOP_ON_FAILURE): Call Test Case 'Test Cases/CURA Web Test/Properties/TCP01 - Open browser' successfully

13-07-2024T22:49:35 - [TEST_CASE][PASSED] - Test Cases/CURA Web Test/Properties/TCP01 - Open browser: Test Cases/CURA Web Test/Properties/TCP01 - Open browser

13-07-2024T22:49:35 - [TEST_STEP][PASSED] - openBrowser(""): Browser is opened with url: ''

13-07-2024T22:49:35 - [MESSAGE][WARNING] - A browser is already opened. Closing browser and opening a new one

13-07-2024T22:49:36 - [MESSAGE][INFO] - Starting 'Chrome' driver

13-07-2024T22:49:36 - [MESSAGE][INFO] - Action delay is set to 0 milliseconds

13-07-2024T22:49:36 - [MESSAGE][PASSED] - Browser is opened with url: ''

13-07-2024T22:49:36 - [TEST_STEP][PASSED] - navigateToUrl(URL): Navigate to 'https://katalon-demo-cura.herokuapp.com/' successfully

13-07-2024T22:49:39 - [MESSAGE][PASSED] - Navigate to 'https://katalon-demo-cura.herokuapp.com/' successfully

13-07-2024T22:49:39 - [MESSAGE][PASSED] - Call Test Case 'Test Cases/CURA Web Test/Properties/TCP01 - Open browser' successfully

13-07-2024T22:49:39 - [TEST_STEP][PASSED] - click(findTestObject("1. CURA Object button/Make Appointment")): Object: 'Object Repository/1. CURA Object button/Make Appointment' is clicked on

13-07-2024T22:49:40 - [MESSAGE][PASSED] - Object: 'Object Repository/1. CURA Object button/Make Appointment' is clicked on

13-07-2024T22:49:40 - [TEST_STEP][PASSED] - loginParameter = "varibleLogin": null

13-07-2024T22:49:40 - [TEST_STEP][PASSED] - username = getAttribute(findTestObject("1. CURA Object button/Username"), Username): Attribute '' of object 'Object Repository/1. CURA Object button/Username' is: 'null'

13-07-2024T22:49:41 - [MESSAGE][PASSED] - Attribute '' of object 'Object Repository/1. CURA Object button/Username' is: 'null'

13-07-2024T22:49:41 - [TEST_STEP][PASSED] - password = getAttribute(findTestObject("1. CURA Object button/Password"), Password): Attribute 'ThisIsNotAPassword' of object 'Object Repository/1. CURA Object button/Password' is: 'null'

13-07-2024T22:49:41 - [MESSAGE][PASSED] - Attribute 'ThisIsNotAPassword' of object 'Object Repository/1. CURA Object button/Password' is: 'null'

13-07-2024T22:49:41 - [TEST_STEP][PASSED] - setText(findTestObject("1. CURA Object button/Username"), Username): Text '' is set on object 'Object Repository/1. CURA Object button/Username'

13-07-2024T22:49:41 - [MESSAGE][PASSED] - Text '' is set on object 'Object Repository/1. CURA Object button/Username'

13-07-2024T22:49:41 - [TEST_STEP][PASSED] - setText(findTestObject("1. CURA Object button/Password"), Password): Text 'ThisIsNotAPassword' is set on object 'Object Repository/1. CURA Object button/Password'

13-07-2024T22:49:42 - [MESSAGE][PASSED] - Text 'ThisIsNotAPassword' is set on object 'Object Repository/1. CURA Object button/Password'

13-07-2024T22:49:42 - [TEST_STEP][PASSED] - click(findTestObject("1. CURA Object button/Login Button")): Object: 'Object Repository/1. CURA Object button/Login Button' is clicked on

13-07-2024T22:49:43 - [MESSAGE][PASSED] - Object: 'Object Repository/1. CURA Object button/Login Button' is clicked on

13-07-2024T22:49:43 - [TEST_STEP][PASSED] - if (username == "John Doe" && password == "ThisIsNotAPassword"): null

13-07-2024T22:49:43 - [TEST_STEP][PASSED] - else: Object 'Object Repository/7. Failed Login/Page_CURA/p_Login failed' is visible

13-07-2024T22:49:43 - [TEST_STEP][PASSED] - verifyElementVisible(findTestObject("7. Failed Login/Page_CURA/p_Login failed")): Object 'Object Repository/7. Failed Login/Page_CURA/p_Login failed' is visible

13-07-2024T22:49:43 - [MESSAGE][PASSED] - Object 'Object Repository/7. Failed Login/Page_CURA/p_Login failed' is visible]]></system-out>
         <system-err><![CDATA[]]></system-err>
      </testcase>
      <testcase name="Test Cases/CURA Web Test/TC17 - Login using data driven" time="6.896" classname="Test Cases/CURA Web Test/TC17 - Login using data driven" status="PASSED">
         <system-out><![CDATA[13-07-2024T22:49:43 - [TEST_CASE][PASSED] - Test Cases/CURA Web Test/TC17 - Login using data driven: Test Cases/CURA Web Test/TC17 - Login using data driven

13-07-2024T22:49:43 - [TEST_STEP][PASSED] - callTestCase(findTestCase("CURA Web Test/Properties/TCP01 - Open browser"), [:], STOP_ON_FAILURE): Call Test Case 'Test Cases/CURA Web Test/Properties/TCP01 - Open browser' successfully

13-07-2024T22:49:43 - [TEST_CASE][PASSED] - Test Cases/CURA Web Test/Properties/TCP01 - Open browser: Test Cases/CURA Web Test/Properties/TCP01 - Open browser

13-07-2024T22:49:43 - [TEST_STEP][PASSED] - openBrowser(""): Browser is opened with url: ''

13-07-2024T22:49:43 - [MESSAGE][WARNING] - A browser is already opened. Closing browser and opening a new one

13-07-2024T22:49:43 - [MESSAGE][INFO] - Starting 'Chrome' driver

13-07-2024T22:49:43 - [MESSAGE][INFO] - Action delay is set to 0 milliseconds

13-07-2024T22:49:44 - [MESSAGE][PASSED] - Browser is opened with url: ''

13-07-2024T22:49:44 - [TEST_STEP][PASSED] - navigateToUrl(URL): Navigate to 'https://katalon-demo-cura.herokuapp.com/' successfully

13-07-2024T22:49:47 - [MESSAGE][PASSED] - Navigate to 'https://katalon-demo-cura.herokuapp.com/' successfully

13-07-2024T22:49:47 - [MESSAGE][PASSED] - Call Test Case 'Test Cases/CURA Web Test/Properties/TCP01 - Open browser' successfully

13-07-2024T22:49:47 - [TEST_STEP][PASSED] - click(findTestObject("1. CURA Object button/Make Appointment")): Object: 'Object Repository/1. CURA Object button/Make Appointment' is clicked on

13-07-2024T22:49:47 - [MESSAGE][PASSED] - Object: 'Object Repository/1. CURA Object button/Make Appointment' is clicked on

13-07-2024T22:49:47 - [TEST_STEP][PASSED] - loginParameter = "varibleLogin": null

13-07-2024T22:49:47 - [TEST_STEP][PASSED] - username = getAttribute(findTestObject("1. CURA Object button/Username"), Username): Attribute 'John' of object 'Object Repository/1. CURA Object button/Username' is: 'null'

13-07-2024T22:49:48 - [MESSAGE][PASSED] - Attribute 'John' of object 'Object Repository/1. CURA Object button/Username' is: 'null'

13-07-2024T22:49:48 - [TEST_STEP][PASSED] - password = getAttribute(findTestObject("1. CURA Object button/Password"), Password): Attribute 'This' of object 'Object Repository/1. CURA Object button/Password' is: 'null'

13-07-2024T22:49:48 - [MESSAGE][PASSED] - Attribute 'This' of object 'Object Repository/1. CURA Object button/Password' is: 'null'

13-07-2024T22:49:48 - [TEST_STEP][PASSED] - setText(findTestObject("1. CURA Object button/Username"), Username): Text 'John' is set on object 'Object Repository/1. CURA Object button/Username'

13-07-2024T22:49:48 - [MESSAGE][PASSED] - Text 'John' is set on object 'Object Repository/1. CURA Object button/Username'

13-07-2024T22:49:48 - [TEST_STEP][PASSED] - setText(findTestObject("1. CURA Object button/Password"), Password): Text 'This' is set on object 'Object Repository/1. CURA Object button/Password'

13-07-2024T22:49:49 - [MESSAGE][PASSED] - Text 'This' is set on object 'Object Repository/1. CURA Object button/Password'

13-07-2024T22:49:49 - [TEST_STEP][PASSED] - click(findTestObject("1. CURA Object button/Login Button")): Object: 'Object Repository/1. CURA Object button/Login Button' is clicked on

13-07-2024T22:49:50 - [MESSAGE][PASSED] - Object: 'Object Repository/1. CURA Object button/Login Button' is clicked on

13-07-2024T22:49:50 - [TEST_STEP][PASSED] - if (username == "John Doe" && password == "ThisIsNotAPassword"): null

13-07-2024T22:49:50 - [TEST_STEP][PASSED] - else: Object 'Object Repository/7. Failed Login/Page_CURA/p_Login failed' is visible

13-07-2024T22:49:50 - [TEST_STEP][PASSED] - verifyElementVisible(findTestObject("7. Failed Login/Page_CURA/p_Login failed")): Object 'Object Repository/7. Failed Login/Page_CURA/p_Login failed' is visible

13-07-2024T22:49:50 - [MESSAGE][PASSED] - Object 'Object Repository/7. Failed Login/Page_CURA/p_Login failed' is visible]]></system-out>
         <system-err><![CDATA[]]></system-err>
      </testcase>
      <testcase name="Test Cases/CURA Web Test/TC17 - Login using data driven" time="7.531" classname="Test Cases/CURA Web Test/TC17 - Login using data driven" status="PASSED">
         <system-out><![CDATA[13-07-2024T22:49:50 - [TEST_CASE][PASSED] - Test Cases/CURA Web Test/TC17 - Login using data driven: Test Cases/CURA Web Test/TC17 - Login using data driven

13-07-2024T22:49:50 - [TEST_STEP][PASSED] - callTestCase(findTestCase("CURA Web Test/Properties/TCP01 - Open browser"), [:], STOP_ON_FAILURE): Call Test Case 'Test Cases/CURA Web Test/Properties/TCP01 - Open browser' successfully

13-07-2024T22:49:50 - [TEST_CASE][PASSED] - Test Cases/CURA Web Test/Properties/TCP01 - Open browser: Test Cases/CURA Web Test/Properties/TCP01 - Open browser

13-07-2024T22:49:50 - [TEST_STEP][PASSED] - openBrowser(""): Browser is opened with url: ''

13-07-2024T22:49:50 - [MESSAGE][WARNING] - A browser is already opened. Closing browser and opening a new one

13-07-2024T22:49:50 - [MESSAGE][INFO] - Starting 'Chrome' driver

13-07-2024T22:49:50 - [MESSAGE][INFO] - Action delay is set to 0 milliseconds

13-07-2024T22:49:51 - [MESSAGE][PASSED] - Browser is opened with url: ''

13-07-2024T22:49:51 - [TEST_STEP][PASSED] - navigateToUrl(URL): Navigate to 'https://katalon-demo-cura.herokuapp.com/' successfully

13-07-2024T22:49:54 - [MESSAGE][PASSED] - Navigate to 'https://katalon-demo-cura.herokuapp.com/' successfully

13-07-2024T22:49:54 - [MESSAGE][PASSED] - Call Test Case 'Test Cases/CURA Web Test/Properties/TCP01 - Open browser' successfully

13-07-2024T22:49:54 - [TEST_STEP][PASSED] - click(findTestObject("1. CURA Object button/Make Appointment")): Object: 'Object Repository/1. CURA Object button/Make Appointment' is clicked on

13-07-2024T22:49:54 - [MESSAGE][PASSED] - Object: 'Object Repository/1. CURA Object button/Make Appointment' is clicked on

13-07-2024T22:49:54 - [TEST_STEP][PASSED] - loginParameter = "varibleLogin": null

13-07-2024T22:49:54 - [TEST_STEP][PASSED] - username = getAttribute(findTestObject("1. CURA Object button/Username"), Username): Attribute 'John Doe' of object 'Object Repository/1. CURA Object button/Username' is: 'null'

13-07-2024T22:49:55 - [MESSAGE][PASSED] - Attribute 'John Doe' of object 'Object Repository/1. CURA Object button/Username' is: 'null'

13-07-2024T22:49:55 - [TEST_STEP][PASSED] - password = getAttribute(findTestObject("1. CURA Object button/Password"), Password): Attribute 'ThisIsNotAPassword' of object 'Object Repository/1. CURA Object button/Password' is: 'null'

13-07-2024T22:49:55 - [MESSAGE][PASSED] - Attribute 'ThisIsNotAPassword' of object 'Object Repository/1. CURA Object button/Password' is: 'null'

13-07-2024T22:49:55 - [TEST_STEP][PASSED] - setText(findTestObject("1. CURA Object button/Username"), Username): Text 'John Doe' is set on object 'Object Repository/1. CURA Object button/Username'

13-07-2024T22:49:56 - [MESSAGE][PASSED] - Text 'John Doe' is set on object 'Object Repository/1. CURA Object button/Username'

13-07-2024T22:49:56 - [TEST_STEP][PASSED] - setText(findTestObject("1. CURA Object button/Password"), Password): Text 'ThisIsNotAPassword' is set on object 'Object Repository/1. CURA Object button/Password'

13-07-2024T22:49:56 - [MESSAGE][PASSED] - Text 'ThisIsNotAPassword' is set on object 'Object Repository/1. CURA Object button/Password'

13-07-2024T22:49:56 - [TEST_STEP][PASSED] - click(findTestObject("1. CURA Object button/Login Button")): Object: 'Object Repository/1. CURA Object button/Login Button' is clicked on

13-07-2024T22:49:57 - [MESSAGE][PASSED] - Object: 'Object Repository/1. CURA Object button/Login Button' is clicked on

13-07-2024T22:49:57 - [TEST_STEP][PASSED] - if (username == "John Doe" && password == "ThisIsNotAPassword"): null

13-07-2024T22:49:57 - [TEST_STEP][PASSED] - else: Object 'Object Repository/7. Failed Login/Page_CURA/p_Login failed' is visible

13-07-2024T22:49:57 - [TEST_STEP][PASSED] - verifyElementVisible(findTestObject("7. Failed Login/Page_CURA/p_Login failed")): Object 'Object Repository/7. Failed Login/Page_CURA/p_Login failed' is visible

13-07-2024T22:49:58 - [MESSAGE][PASSED] - Object 'Object Repository/7. Failed Login/Page_CURA/p_Login failed' is visible]]></system-out>
         <system-err><![CDATA[]]></system-err>
      </testcase>
      <testcase name="Test Cases/CURA Web Test/Properties/TCP03 - Logout" time="1.547" classname="Test Cases/CURA Web Test/Properties/TCP03 - Logout" status="PASSED">
         <system-out><![CDATA[13-07-2024T22:49:58 - [TEST_CASE][PASSED] - Test Cases/CURA Web Test/Properties/TCP03 - Logout: Test Cases/CURA Web Test/Properties/TCP03 - Logout

13-07-2024T22:49:58 - [TEST_STEP][PASSED] - verifyElementText(findTestObject("2. CURA Object Text/Make Appointment"), "Make Appointment"): Actual text and expected text of test object 'Object Repository/2. CURA Object Text/Make Appointment' are matched.

13-07-2024T22:49:58 - [MESSAGE][PASSED] - Actual text and expected text of test object 'Object Repository/2. CURA Object Text/Make Appointment' are matched.

13-07-2024T22:49:58 - [TEST_STEP][PASSED] - click(findTestObject("1. CURA Object button/Menu")): Object: 'Object Repository/1. CURA Object button/Menu' is clicked on

13-07-2024T22:49:58 - [MESSAGE][PASSED] - Object: 'Object Repository/1. CURA Object button/Menu' is clicked on

13-07-2024T22:49:58 - [TEST_STEP][PASSED] - click(findTestObject("1. CURA Object button/Logout")): Object: 'Object Repository/1. CURA Object button/Logout' is clicked on

13-07-2024T22:49:59 - [MESSAGE][PASSED] - Object: 'Object Repository/1. CURA Object button/Logout' is clicked on

13-07-2024T22:49:59 - [TEST_STEP][PASSED] - closeBrowser(): Browser is closed

13-07-2024T22:49:59 - [MESSAGE][PASSED] - Browser is closed]]></system-out>
         <system-err><![CDATA[]]></system-err>
      </testcase>
      <system-out><![CDATA[13-07-2024T22:49:12 - [TEST_SUITE][PASSED] - TS09 - Login using data driven: Test Cases/CURA Web Test/Properties/TCP03 - Logout]]></system-out>
      <system-err><![CDATA[]]></system-err>
   </testsuite>
   <testsuite name="TS10 - Seoul appointment using data driven" tests="6" failures="0" errors="0" time="63.785" skipped="0" timestamp="13-07-2024T22:50:11" hostname="Lenovo - LAPTOP-7QB5JFLU" id="Test Suites/CURA Test suites/TS10 - Seoul appointment using data driven">
      <properties>
         <property name="deviceName" value=""/>
         <property name="devicePlatform"/>
         <property name="logFolder" value="C:\\Users\\Lenovo\\git\\KatalonPractitionerLevel\\Reports\\20240713_224359\\CURA Test suites\\TS10 - Seoul appointment using data driven\\20240713_224418"/>
         <property name="logFiles" value="C:\\Users\\Lenovo\\git\\KatalonPractitionerLevel\\Reports\\20240713_224359\\CURA Test suites\\TS10 - Seoul appointment using data driven\\20240713_224418\\execution0.log"/>
         <property name="attachments" value=""/>
         <property name="hostName" value="Lenovo - LAPTOP-7QB5JFLU"/>
         <property name="os" value="Windows 11 64bit"/>
         <property name="katalonVersion" value="9.6.0.217"/>
         <property name="browser" value="Chrome 126.0.0.0"/>
         <property name="hostAddress" value="192.168.1.12"/>
         <property name="sessionId" value="db67f66416211cea906485b8668d2bf0"/>
         <property name="seleniumVersion" value="3.141.59"/>
         <property name="proxyInformation" value="ProxyInformation { proxyOption=NO_PROXY, proxyServerType=HTTP, username=, password=********, proxyServerAddress=, proxyServerPort=0, executionList=&quot;&quot;, isApplyToDesiredCapabilities=true }"/>
         <property name="platform" value="Windows 11"/>
      </properties>
      <testcase name="Test Cases/CURA Web Test/TC18 - Seoul Appointment using data driven" time="13.225" classname="Test Cases/CURA Web Test/TC18 - Seoul Appointment using data driven" status="PASSED">
         <system-out><![CDATA[13-07-2024T22:50:11 - [TEST_CASE][PASSED] - Test Cases/CURA Web Test/TC18 - Seoul Appointment using data driven: Test Cases/CURA Web Test/TC18 - Seoul Appointment using data driven

13-07-2024T22:50:11 - [TEST_STEP][PASSED] - propertiesPage.openBrowser.main(): propertiesPage.openBrowser.main is PASSED

13-07-2024T22:50:11 - [MESSAGE][INFO] - Starting 'Chrome' driver

13-07-2024T22:50:11 - [MESSAGE][INFO] - Action delay is set to 0 milliseconds

13-07-2024T22:50:12 - [MESSAGE][PASSED] - Browser is opened with url: ''

13-07-2024T22:50:15 - [MESSAGE][PASSED] - Navigate to 'https://katalon-demo-cura.herokuapp.com/' successfully

13-07-2024T22:50:15 - [MESSAGE][PASSED] - propertiesPage.openBrowser.main is PASSED

13-07-2024T22:50:15 - [TEST_STEP][PASSED] - propertiesPage.loginMenu.main(): propertiesPage.loginMenu.main is PASSED

13-07-2024T22:50:16 - [MESSAGE][PASSED] - Object: 'Object Repository/1. CURA Object button/Make Appointment' is clicked on

13-07-2024T22:50:16 - [MESSAGE][PASSED] - Actual text and expected text of test object 'Object Repository/2. CURA Object Text/Login Text' are matched.

13-07-2024T22:50:17 - [MESSAGE][PASSED] - Text 'John Doe' is set on object 'Object Repository/1. CURA Object button/Username'

13-07-2024T22:50:18 - [MESSAGE][PASSED] - Text 'ThisIsNotAPassword' is set on object 'Object Repository/1. CURA Object button/Password'

13-07-2024T22:50:19 - [MESSAGE][PASSED] - Object: 'Object Repository/1. CURA Object button/Login Button' is clicked on

13-07-2024T22:50:19 - [MESSAGE][PASSED] - propertiesPage.loginMenu.main is PASSED

13-07-2024T22:50:19 - [TEST_STEP][PASSED] - selectOptionByValue(findTestObject("1. CURA Object button/Facility"), facilityBook, true, CONTINUE_ON_FAILURE): All options with value 'Seoul CURA Healthcare Center' are selected in object 'Object Repository/1. CURA Object button/Facility'  using regular expression

13-07-2024T22:50:20 - [MESSAGE][PASSED] - All options with value 'Seoul CURA Healthcare Center' are selected in object 'Object Repository/1. CURA Object button/Facility'  using regular expression

13-07-2024T22:50:20 - [TEST_STEP][PASSED] - click(findTestObject("1. CURA Object button/Hospital Readmission")): Object: 'Object Repository/1. CURA Object button/Hospital Readmission' is clicked on

13-07-2024T22:50:20 - [MESSAGE][PASSED] - Object: 'Object Repository/1. CURA Object button/Hospital Readmission' is clicked on

13-07-2024T22:50:20 - [TEST_STEP][PASSED] - click(findTestObject("1. CURA Object button/Medicaid")): Object: 'Object Repository/1. CURA Object button/Medicaid' is clicked on

13-07-2024T22:50:20 - [MESSAGE][PASSED] - Object: 'Object Repository/1. CURA Object button/Medicaid' is clicked on

13-07-2024T22:50:20 - [TEST_STEP][PASSED] - click(findTestObject("1. CURA Object button/Visit Date")): Object: 'Object Repository/1. CURA Object button/Visit Date' is clicked on

13-07-2024T22:50:21 - [MESSAGE][PASSED] - Object: 'Object Repository/1. CURA Object button/Visit Date' is clicked on

13-07-2024T22:50:21 - [TEST_STEP][PASSED] - setText(findTestObject("1. CURA Object button/Visit Date"), visitDateBook): Text '09/07/2024' is set on object 'Object Repository/1. CURA Object button/Visit Date'

13-07-2024T22:50:21 - [MESSAGE][PASSED] - Text '09/07/2024' is set on object 'Object Repository/1. CURA Object button/Visit Date'

13-07-2024T22:50:21 - [TEST_STEP][PASSED] - setText(findTestObject("1. CURA Object button/Comment"), commentBook): Text 'Meet dr. Irsyad' is set on object 'Object Repository/1. CURA Object button/Comment'

13-07-2024T22:50:22 - [MESSAGE][PASSED] - Text 'Meet dr. Irsyad' is set on object 'Object Repository/1. CURA Object button/Comment'

13-07-2024T22:50:22 - [TEST_STEP][PASSED] - click(findTestObject("1. CURA Object button/Book Appointment")): Object: 'Object Repository/1. CURA Object button/Book Appointment' is clicked on

13-07-2024T22:50:23 - [MESSAGE][PASSED] - Object: 'Object Repository/1. CURA Object button/Book Appointment' is clicked on

13-07-2024T22:50:23 - [TEST_STEP][PASSED] - click(findTestObject("1. CURA Object button/Menu")): Object: 'Object Repository/1. CURA Object button/Menu' is clicked on

13-07-2024T22:50:23 - [MESSAGE][PASSED] - Object: 'Object Repository/1. CURA Object button/Menu' is clicked on

13-07-2024T22:50:23 - [TEST_STEP][PASSED] - click(findTestObject("1. CURA Object button/Home")): Object: 'Object Repository/1. CURA Object button/Home' is clicked on

13-07-2024T22:50:24 - [MESSAGE][PASSED] - Object: 'Object Repository/1. CURA Object button/Home' is clicked on

13-07-2024T22:50:24 - [TEST_STEP][PASSED] - click(findTestObject("1. CURA Object button/Make Appointment")): Object: 'Object Repository/1. CURA Object button/Make Appointment' is clicked on

13-07-2024T22:50:24 - [MESSAGE][PASSED] - Object: 'Object Repository/1. CURA Object button/Make Appointment' is clicked on]]></system-out>
         <system-err><![CDATA[]]></system-err>
      </testcase>
      <testcase name="Test Cases/CURA Web Test/TC18 - Seoul Appointment using data driven" time="12.054" classname="Test Cases/CURA Web Test/TC18 - Seoul Appointment using data driven" status="PASSED">
         <system-out><![CDATA[13-07-2024T22:50:24 - [TEST_CASE][PASSED] - Test Cases/CURA Web Test/TC18 - Seoul Appointment using data driven: Test Cases/CURA Web Test/TC18 - Seoul Appointment using data driven

13-07-2024T22:50:24 - [TEST_STEP][PASSED] - propertiesPage.openBrowser.main(): propertiesPage.openBrowser.main is PASSED

13-07-2024T22:50:24 - [MESSAGE][WARNING] - A browser is already opened. Closing browser and opening a new one

13-07-2024T22:50:24 - [MESSAGE][INFO] - Starting 'Chrome' driver

13-07-2024T22:50:24 - [MESSAGE][INFO] - Action delay is set to 0 milliseconds

13-07-2024T22:50:25 - [MESSAGE][PASSED] - Browser is opened with url: ''

13-07-2024T22:50:28 - [MESSAGE][PASSED] - Navigate to 'https://katalon-demo-cura.herokuapp.com/' successfully

13-07-2024T22:50:28 - [MESSAGE][PASSED] - propertiesPage.openBrowser.main is PASSED

13-07-2024T22:50:28 - [TEST_STEP][PASSED] - propertiesPage.loginMenu.main(): propertiesPage.loginMenu.main is PASSED

13-07-2024T22:50:28 - [MESSAGE][PASSED] - Object: 'Object Repository/1. CURA Object button/Make Appointment' is clicked on

13-07-2024T22:50:29 - [MESSAGE][PASSED] - Actual text and expected text of test object 'Object Repository/2. CURA Object Text/Login Text' are matched.

13-07-2024T22:50:29 - [MESSAGE][PASSED] - Text 'John Doe' is set on object 'Object Repository/1. CURA Object button/Username'

13-07-2024T22:50:30 - [MESSAGE][PASSED] - Text 'ThisIsNotAPassword' is set on object 'Object Repository/1. CURA Object button/Password'

13-07-2024T22:50:31 - [MESSAGE][PASSED] - Object: 'Object Repository/1. CURA Object button/Login Button' is clicked on

13-07-2024T22:50:31 - [MESSAGE][PASSED] - propertiesPage.loginMenu.main is PASSED

13-07-2024T22:50:31 - [TEST_STEP][PASSED] - selectOptionByValue(findTestObject("1. CURA Object button/Facility"), facilityBook, true, CONTINUE_ON_FAILURE): All options with value 'Seoul CURA Healthcare Center' are selected in object 'Object Repository/1. CURA Object button/Facility'  using regular expression

13-07-2024T22:50:32 - [MESSAGE][PASSED] - All options with value 'Seoul CURA Healthcare Center' are selected in object 'Object Repository/1. CURA Object button/Facility'  using regular expression

13-07-2024T22:50:32 - [TEST_STEP][PASSED] - click(findTestObject("1. CURA Object button/Hospital Readmission")): Object: 'Object Repository/1. CURA Object button/Hospital Readmission' is clicked on

13-07-2024T22:50:32 - [MESSAGE][PASSED] - Object: 'Object Repository/1. CURA Object button/Hospital Readmission' is clicked on

13-07-2024T22:50:32 - [TEST_STEP][PASSED] - click(findTestObject("1. CURA Object button/Medicaid")): Object: 'Object Repository/1. CURA Object button/Medicaid' is clicked on

13-07-2024T22:50:33 - [MESSAGE][PASSED] - Object: 'Object Repository/1. CURA Object button/Medicaid' is clicked on

13-07-2024T22:50:33 - [TEST_STEP][PASSED] - click(findTestObject("1. CURA Object button/Visit Date")): Object: 'Object Repository/1. CURA Object button/Visit Date' is clicked on

13-07-2024T22:50:33 - [MESSAGE][PASSED] - Object: 'Object Repository/1. CURA Object button/Visit Date' is clicked on

13-07-2024T22:50:33 - [TEST_STEP][PASSED] - setText(findTestObject("1. CURA Object button/Visit Date"), visitDateBook): Text '04/07/2024' is set on object 'Object Repository/1. CURA Object button/Visit Date'

13-07-2024T22:50:34 - [MESSAGE][PASSED] - Text '04/07/2024' is set on object 'Object Repository/1. CURA Object button/Visit Date'

13-07-2024T22:50:34 - [TEST_STEP][PASSED] - setText(findTestObject("1. CURA Object button/Comment"), commentBook): Text 'Reschedule, Meet dr. Indahsari' is set on object 'Object Repository/1. CURA Object button/Comment'

13-07-2024T22:50:35 - [MESSAGE][PASSED] - Text 'Reschedule, Meet dr. Indahsari' is set on object 'Object Repository/1. CURA Object button/Comment'

13-07-2024T22:50:35 - [TEST_STEP][PASSED] - click(findTestObject("1. CURA Object button/Book Appointment")): Object: 'Object Repository/1. CURA Object button/Book Appointment' is clicked on

13-07-2024T22:50:35 - [MESSAGE][PASSED] - Object: 'Object Repository/1. CURA Object button/Book Appointment' is clicked on

13-07-2024T22:50:35 - [TEST_STEP][PASSED] - click(findTestObject("1. CURA Object button/Menu")): Object: 'Object Repository/1. CURA Object button/Menu' is clicked on

13-07-2024T22:50:35 - [MESSAGE][PASSED] - Object: 'Object Repository/1. CURA Object button/Menu' is clicked on

13-07-2024T22:50:35 - [TEST_STEP][PASSED] - click(findTestObject("1. CURA Object button/Home")): Object: 'Object Repository/1. CURA Object button/Home' is clicked on

13-07-2024T22:50:36 - [MESSAGE][PASSED] - Object: 'Object Repository/1. CURA Object button/Home' is clicked on

13-07-2024T22:50:36 - [TEST_STEP][PASSED] - click(findTestObject("1. CURA Object button/Make Appointment")): Object: 'Object Repository/1. CURA Object button/Make Appointment' is clicked on

13-07-2024T22:50:36 - [MESSAGE][PASSED] - Object: 'Object Repository/1. CURA Object button/Make Appointment' is clicked on]]></system-out>
         <system-err><![CDATA[]]></system-err>
      </testcase>
      <testcase name="Test Cases/CURA Web Test/TC18 - Seoul Appointment using data driven" time="11.927" classname="Test Cases/CURA Web Test/TC18 - Seoul Appointment using data driven" status="PASSED">
         <system-out><![CDATA[13-07-2024T22:50:36 - [TEST_CASE][PASSED] - Test Cases/CURA Web Test/TC18 - Seoul Appointment using data driven: Test Cases/CURA Web Test/TC18 - Seoul Appointment using data driven

13-07-2024T22:50:36 - [TEST_STEP][PASSED] - propertiesPage.openBrowser.main(): propertiesPage.openBrowser.main is PASSED

13-07-2024T22:50:36 - [MESSAGE][WARNING] - A browser is already opened. Closing browser and opening a new one

13-07-2024T22:50:36 - [MESSAGE][INFO] - Starting 'Chrome' driver

13-07-2024T22:50:36 - [MESSAGE][INFO] - Action delay is set to 0 milliseconds

13-07-2024T22:50:37 - [MESSAGE][PASSED] - Browser is opened with url: ''

13-07-2024T22:50:40 - [MESSAGE][PASSED] - Navigate to 'https://katalon-demo-cura.herokuapp.com/' successfully

13-07-2024T22:50:40 - [MESSAGE][PASSED] - propertiesPage.openBrowser.main is PASSED

13-07-2024T22:50:40 - [TEST_STEP][PASSED] - propertiesPage.loginMenu.main(): propertiesPage.loginMenu.main is PASSED

13-07-2024T22:50:40 - [MESSAGE][PASSED] - Object: 'Object Repository/1. CURA Object button/Make Appointment' is clicked on

13-07-2024T22:50:41 - [MESSAGE][PASSED] - Actual text and expected text of test object 'Object Repository/2. CURA Object Text/Login Text' are matched.

13-07-2024T22:50:41 - [MESSAGE][PASSED] - Text 'John Doe' is set on object 'Object Repository/1. CURA Object button/Username'

13-07-2024T22:50:42 - [MESSAGE][PASSED] - Text 'ThisIsNotAPassword' is set on object 'Object Repository/1. CURA Object button/Password'

13-07-2024T22:50:43 - [MESSAGE][PASSED] - Object: 'Object Repository/1. CURA Object button/Login Button' is clicked on

13-07-2024T22:50:43 - [MESSAGE][PASSED] - propertiesPage.loginMenu.main is PASSED

13-07-2024T22:50:43 - [TEST_STEP][PASSED] - selectOptionByValue(findTestObject("1. CURA Object button/Facility"), facilityBook, true, CONTINUE_ON_FAILURE): All options with value 'Seoul CURA Healthcare Center' are selected in object 'Object Repository/1. CURA Object button/Facility'  using regular expression

13-07-2024T22:50:44 - [MESSAGE][PASSED] - All options with value 'Seoul CURA Healthcare Center' are selected in object 'Object Repository/1. CURA Object button/Facility'  using regular expression

13-07-2024T22:50:44 - [TEST_STEP][PASSED] - click(findTestObject("1. CURA Object button/Hospital Readmission")): Object: 'Object Repository/1. CURA Object button/Hospital Readmission' is clicked on

13-07-2024T22:50:44 - [MESSAGE][PASSED] - Object: 'Object Repository/1. CURA Object button/Hospital Readmission' is clicked on

13-07-2024T22:50:44 - [TEST_STEP][PASSED] - click(findTestObject("1. CURA Object button/Medicaid")): Object: 'Object Repository/1. CURA Object button/Medicaid' is clicked on

13-07-2024T22:50:45 - [MESSAGE][PASSED] - Object: 'Object Repository/1. CURA Object button/Medicaid' is clicked on

13-07-2024T22:50:45 - [TEST_STEP][PASSED] - click(findTestObject("1. CURA Object button/Visit Date")): Object: 'Object Repository/1. CURA Object button/Visit Date' is clicked on

13-07-2024T22:50:45 - [MESSAGE][PASSED] - Object: 'Object Repository/1. CURA Object button/Visit Date' is clicked on

13-07-2024T22:50:45 - [TEST_STEP][PASSED] - setText(findTestObject("1. CURA Object button/Visit Date"), visitDateBook): Text '01/03/2025' is set on object 'Object Repository/1. CURA Object button/Visit Date'

13-07-2024T22:50:46 - [MESSAGE][PASSED] - Text '01/03/2025' is set on object 'Object Repository/1. CURA Object button/Visit Date'

13-07-2024T22:50:46 - [TEST_STEP][PASSED] - setText(findTestObject("1. CURA Object button/Comment"), commentBook): Text 'Meet dr. Andika' is set on object 'Object Repository/1. CURA Object button/Comment'

13-07-2024T22:50:46 - [MESSAGE][PASSED] - Text 'Meet dr. Andika' is set on object 'Object Repository/1. CURA Object button/Comment'

13-07-2024T22:50:46 - [TEST_STEP][PASSED] - click(findTestObject("1. CURA Object button/Book Appointment")): Object: 'Object Repository/1. CURA Object button/Book Appointment' is clicked on

13-07-2024T22:50:47 - [MESSAGE][PASSED] - Object: 'Object Repository/1. CURA Object button/Book Appointment' is clicked on

13-07-2024T22:50:47 - [TEST_STEP][PASSED] - click(findTestObject("1. CURA Object button/Menu")): Object: 'Object Repository/1. CURA Object button/Menu' is clicked on

13-07-2024T22:50:47 - [MESSAGE][PASSED] - Object: 'Object Repository/1. CURA Object button/Menu' is clicked on

13-07-2024T22:50:47 - [TEST_STEP][PASSED] - click(findTestObject("1. CURA Object button/Home")): Object: 'Object Repository/1. CURA Object button/Home' is clicked on

13-07-2024T22:50:48 - [MESSAGE][PASSED] - Object: 'Object Repository/1. CURA Object button/Home' is clicked on

13-07-2024T22:50:48 - [TEST_STEP][PASSED] - click(findTestObject("1. CURA Object button/Make Appointment")): Object: 'Object Repository/1. CURA Object button/Make Appointment' is clicked on

13-07-2024T22:50:48 - [MESSAGE][PASSED] - Object: 'Object Repository/1. CURA Object button/Make Appointment' is clicked on]]></system-out>
         <system-err><![CDATA[]]></system-err>
      </testcase>
      <testcase name="Test Cases/CURA Web Test/TC18 - Seoul Appointment using data driven" time="12.289" classname="Test Cases/CURA Web Test/TC18 - Seoul Appointment using data driven" status="PASSED">
         <system-out><![CDATA[13-07-2024T22:50:48 - [TEST_CASE][PASSED] - Test Cases/CURA Web Test/TC18 - Seoul Appointment using data driven: Test Cases/CURA Web Test/TC18 - Seoul Appointment using data driven

13-07-2024T22:50:48 - [TEST_STEP][PASSED] - propertiesPage.openBrowser.main(): propertiesPage.openBrowser.main is PASSED

13-07-2024T22:50:48 - [MESSAGE][WARNING] - A browser is already opened. Closing browser and opening a new one

13-07-2024T22:50:48 - [MESSAGE][INFO] - Starting 'Chrome' driver

13-07-2024T22:50:48 - [MESSAGE][INFO] - Action delay is set to 0 milliseconds

13-07-2024T22:50:49 - [MESSAGE][PASSED] - Browser is opened with url: ''

13-07-2024T22:50:52 - [MESSAGE][PASSED] - Navigate to 'https://katalon-demo-cura.herokuapp.com/' successfully

13-07-2024T22:50:52 - [MESSAGE][PASSED] - propertiesPage.openBrowser.main is PASSED

13-07-2024T22:50:52 - [TEST_STEP][PASSED] - propertiesPage.loginMenu.main(): propertiesPage.loginMenu.main is PASSED

13-07-2024T22:50:53 - [MESSAGE][PASSED] - Object: 'Object Repository/1. CURA Object button/Make Appointment' is clicked on

13-07-2024T22:50:53 - [MESSAGE][PASSED] - Actual text and expected text of test object 'Object Repository/2. CURA Object Text/Login Text' are matched.

13-07-2024T22:50:54 - [MESSAGE][PASSED] - Text 'John Doe' is set on object 'Object Repository/1. CURA Object button/Username'

13-07-2024T22:50:54 - [MESSAGE][PASSED] - Text 'ThisIsNotAPassword' is set on object 'Object Repository/1. CURA Object button/Password'

13-07-2024T22:50:55 - [MESSAGE][PASSED] - Object: 'Object Repository/1. CURA Object button/Login Button' is clicked on

13-07-2024T22:50:55 - [MESSAGE][PASSED] - propertiesPage.loginMenu.main is PASSED

13-07-2024T22:50:55 - [TEST_STEP][PASSED] - selectOptionByValue(findTestObject("1. CURA Object button/Facility"), facilityBook, true, CONTINUE_ON_FAILURE): All options with value 'Seoul CURA Healthcare Center' are selected in object 'Object Repository/1. CURA Object button/Facility'  using regular expression

13-07-2024T22:50:56 - [MESSAGE][PASSED] - All options with value 'Seoul CURA Healthcare Center' are selected in object 'Object Repository/1. CURA Object button/Facility'  using regular expression

13-07-2024T22:50:56 - [TEST_STEP][PASSED] - click(findTestObject("1. CURA Object button/Hospital Readmission")): Object: 'Object Repository/1. CURA Object button/Hospital Readmission' is clicked on

13-07-2024T22:50:56 - [MESSAGE][PASSED] - Object: 'Object Repository/1. CURA Object button/Hospital Readmission' is clicked on

13-07-2024T22:50:56 - [TEST_STEP][PASSED] - click(findTestObject("1. CURA Object button/Medicaid")): Object: 'Object Repository/1. CURA Object button/Medicaid' is clicked on

13-07-2024T22:50:57 - [MESSAGE][PASSED] - Object: 'Object Repository/1. CURA Object button/Medicaid' is clicked on

13-07-2024T22:50:57 - [TEST_STEP][PASSED] - click(findTestObject("1. CURA Object button/Visit Date")): Object: 'Object Repository/1. CURA Object button/Visit Date' is clicked on

13-07-2024T22:50:57 - [MESSAGE][PASSED] - Object: 'Object Repository/1. CURA Object button/Visit Date' is clicked on

13-07-2024T22:50:57 - [TEST_STEP][PASSED] - setText(findTestObject("1. CURA Object button/Visit Date"), visitDateBook): Text '12/12/2024' is set on object 'Object Repository/1. CURA Object button/Visit Date'

13-07-2024T22:50:58 - [MESSAGE][PASSED] - Text '12/12/2024' is set on object 'Object Repository/1. CURA Object button/Visit Date'

13-07-2024T22:50:58 - [TEST_STEP][PASSED] - setText(findTestObject("1. CURA Object button/Comment"), commentBook): Text 'Meet dr. Azani' is set on object 'Object Repository/1. CURA Object button/Comment'

13-07-2024T22:50:59 - [MESSAGE][PASSED] - Text 'Meet dr. Azani' is set on object 'Object Repository/1. CURA Object button/Comment'

13-07-2024T22:50:59 - [TEST_STEP][PASSED] - click(findTestObject("1. CURA Object button/Book Appointment")): Object: 'Object Repository/1. CURA Object button/Book Appointment' is clicked on

13-07-2024T22:50:59 - [MESSAGE][PASSED] - Object: 'Object Repository/1. CURA Object button/Book Appointment' is clicked on

13-07-2024T22:50:59 - [TEST_STEP][PASSED] - click(findTestObject("1. CURA Object button/Menu")): Object: 'Object Repository/1. CURA Object button/Menu' is clicked on

13-07-2024T22:51:00 - [MESSAGE][PASSED] - Object: 'Object Repository/1. CURA Object button/Menu' is clicked on

13-07-2024T22:51:00 - [TEST_STEP][PASSED] - click(findTestObject("1. CURA Object button/Home")): Object: 'Object Repository/1. CURA Object button/Home' is clicked on

13-07-2024T22:51:00 - [MESSAGE][PASSED] - Object: 'Object Repository/1. CURA Object button/Home' is clicked on

13-07-2024T22:51:00 - [TEST_STEP][PASSED] - click(findTestObject("1. CURA Object button/Make Appointment")): Object: 'Object Repository/1. CURA Object button/Make Appointment' is clicked on

13-07-2024T22:51:00 - [MESSAGE][PASSED] - Object: 'Object Repository/1. CURA Object button/Make Appointment' is clicked on]]></system-out>
         <system-err><![CDATA[]]></system-err>
      </testcase>
      <testcase name="Test Cases/CURA Web Test/TC18 - Seoul Appointment using data driven" time="12.043" classname="Test Cases/CURA Web Test/TC18 - Seoul Appointment using data driven" status="PASSED">
         <system-out><![CDATA[13-07-2024T22:51:00 - [TEST_CASE][PASSED] - Test Cases/CURA Web Test/TC18 - Seoul Appointment using data driven: Test Cases/CURA Web Test/TC18 - Seoul Appointment using data driven

13-07-2024T22:51:01 - [TEST_STEP][PASSED] - propertiesPage.openBrowser.main(): propertiesPage.openBrowser.main is PASSED

13-07-2024T22:51:01 - [MESSAGE][WARNING] - A browser is already opened. Closing browser and opening a new one

13-07-2024T22:51:01 - [MESSAGE][INFO] - Starting 'Chrome' driver

13-07-2024T22:51:01 - [MESSAGE][INFO] - Action delay is set to 0 milliseconds

13-07-2024T22:51:01 - [MESSAGE][PASSED] - Browser is opened with url: ''

13-07-2024T22:51:04 - [MESSAGE][PASSED] - Navigate to 'https://katalon-demo-cura.herokuapp.com/' successfully

13-07-2024T22:51:04 - [MESSAGE][PASSED] - propertiesPage.openBrowser.main is PASSED

13-07-2024T22:51:04 - [TEST_STEP][PASSED] - propertiesPage.loginMenu.main(): propertiesPage.loginMenu.main is PASSED

13-07-2024T22:51:05 - [MESSAGE][PASSED] - Object: 'Object Repository/1. CURA Object button/Make Appointment' is clicked on

13-07-2024T22:51:05 - [MESSAGE][PASSED] - Actual text and expected text of test object 'Object Repository/2. CURA Object Text/Login Text' are matched.

13-07-2024T22:51:06 - [MESSAGE][PASSED] - Text 'John Doe' is set on object 'Object Repository/1. CURA Object button/Username'

13-07-2024T22:51:06 - [MESSAGE][PASSED] - Text 'ThisIsNotAPassword' is set on object 'Object Repository/1. CURA Object button/Password'

13-07-2024T22:51:07 - [MESSAGE][PASSED] - Object: 'Object Repository/1. CURA Object button/Login Button' is clicked on

13-07-2024T22:51:07 - [MESSAGE][PASSED] - propertiesPage.loginMenu.main is PASSED

13-07-2024T22:51:07 - [TEST_STEP][PASSED] - selectOptionByValue(findTestObject("1. CURA Object button/Facility"), facilityBook, true, CONTINUE_ON_FAILURE): All options with value 'Seoul CURA Healthcare Center' are selected in object 'Object Repository/1. CURA Object button/Facility'  using regular expression

13-07-2024T22:51:08 - [MESSAGE][PASSED] - All options with value 'Seoul CURA Healthcare Center' are selected in object 'Object Repository/1. CURA Object button/Facility'  using regular expression

13-07-2024T22:51:08 - [TEST_STEP][PASSED] - click(findTestObject("1. CURA Object button/Hospital Readmission")): Object: 'Object Repository/1. CURA Object button/Hospital Readmission' is clicked on

13-07-2024T22:51:08 - [MESSAGE][PASSED] - Object: 'Object Repository/1. CURA Object button/Hospital Readmission' is clicked on

13-07-2024T22:51:08 - [TEST_STEP][PASSED] - click(findTestObject("1. CURA Object button/Medicaid")): Object: 'Object Repository/1. CURA Object button/Medicaid' is clicked on

13-07-2024T22:51:09 - [MESSAGE][PASSED] - Object: 'Object Repository/1. CURA Object button/Medicaid' is clicked on

13-07-2024T22:51:09 - [TEST_STEP][PASSED] - click(findTestObject("1. CURA Object button/Visit Date")): Object: 'Object Repository/1. CURA Object button/Visit Date' is clicked on

13-07-2024T22:51:09 - [MESSAGE][PASSED] - Object: 'Object Repository/1. CURA Object button/Visit Date' is clicked on

13-07-2024T22:51:09 - [TEST_STEP][PASSED] - setText(findTestObject("1. CURA Object button/Visit Date"), visitDateBook): Text '05/07/2024' is set on object 'Object Repository/1. CURA Object button/Visit Date'

13-07-2024T22:51:10 - [MESSAGE][PASSED] - Text '05/07/2024' is set on object 'Object Repository/1. CURA Object button/Visit Date'

13-07-2024T22:51:10 - [TEST_STEP][PASSED] - setText(findTestObject("1. CURA Object button/Comment"), commentBook): Text 'Reschedule to 06/07/2024 with dr. Ava' is set on object 'Object Repository/1. CURA Object button/Comment'

13-07-2024T22:51:11 - [MESSAGE][PASSED] - Text 'Reschedule to 06/07/2024 with dr. Ava' is set on object 'Object Repository/1. CURA Object button/Comment'

13-07-2024T22:51:11 - [TEST_STEP][PASSED] - click(findTestObject("1. CURA Object button/Book Appointment")): Object: 'Object Repository/1. CURA Object button/Book Appointment' is clicked on

13-07-2024T22:51:11 - [MESSAGE][PASSED] - Object: 'Object Repository/1. CURA Object button/Book Appointment' is clicked on

13-07-2024T22:51:11 - [TEST_STEP][PASSED] - click(findTestObject("1. CURA Object button/Menu")): Object: 'Object Repository/1. CURA Object button/Menu' is clicked on

13-07-2024T22:51:12 - [MESSAGE][PASSED] - Object: 'Object Repository/1. CURA Object button/Menu' is clicked on

13-07-2024T22:51:12 - [TEST_STEP][PASSED] - click(findTestObject("1. CURA Object button/Home")): Object: 'Object Repository/1. CURA Object button/Home' is clicked on

13-07-2024T22:51:12 - [MESSAGE][PASSED] - Object: 'Object Repository/1. CURA Object button/Home' is clicked on

13-07-2024T22:51:12 - [TEST_STEP][PASSED] - click(findTestObject("1. CURA Object button/Make Appointment")): Object: 'Object Repository/1. CURA Object button/Make Appointment' is clicked on

13-07-2024T22:51:13 - [MESSAGE][PASSED] - Object: 'Object Repository/1. CURA Object button/Make Appointment' is clicked on]]></system-out>
         <system-err><![CDATA[]]></system-err>
      </testcase>
      <testcase name="Test Cases/CURA Web Test/Properties/TCP03 - Logout" time="1.983" classname="Test Cases/CURA Web Test/Properties/TCP03 - Logout" status="PASSED">
         <system-out><![CDATA[13-07-2024T22:51:13 - [TEST_CASE][PASSED] - Test Cases/CURA Web Test/Properties/TCP03 - Logout: Test Cases/CURA Web Test/Properties/TCP03 - Logout

13-07-2024T22:51:13 - [TEST_STEP][PASSED] - verifyElementText(findTestObject("2. CURA Object Text/Make Appointment"), "Make Appointment"): Actual text and expected text of test object 'Object Repository/2. CURA Object Text/Make Appointment' are matched.

13-07-2024T22:51:13 - [MESSAGE][PASSED] - Actual text and expected text of test object 'Object Repository/2. CURA Object Text/Make Appointment' are matched.

13-07-2024T22:51:13 - [TEST_STEP][PASSED] - click(findTestObject("1. CURA Object button/Menu")): Object: 'Object Repository/1. CURA Object button/Menu' is clicked on

13-07-2024T22:51:14 - [MESSAGE][PASSED] - Object: 'Object Repository/1. CURA Object button/Menu' is clicked on

13-07-2024T22:51:14 - [TEST_STEP][PASSED] - click(findTestObject("1. CURA Object button/Logout")): Object: 'Object Repository/1. CURA Object button/Logout' is clicked on

13-07-2024T22:51:14 - [MESSAGE][PASSED] - Object: 'Object Repository/1. CURA Object button/Logout' is clicked on

13-07-2024T22:51:14 - [TEST_STEP][PASSED] - closeBrowser(): Browser is closed

13-07-2024T22:51:15 - [MESSAGE][PASSED] - Browser is closed]]></system-out>
         <system-err><![CDATA[]]></system-err>
      </testcase>
      <system-out><![CDATA[13-07-2024T22:50:11 - [TEST_SUITE][PASSED] - TS10 - Seoul appointment using data driven: Test Cases/CURA Web Test/Properties/TCP03 - Logout]]></system-out>
      <system-err><![CDATA[]]></system-err>
   </testsuite>
   <testsuite name="TS11 - Hongkong appointment using data driven" tests="5" failures="0" errors="0" time="52.219" skipped="0" timestamp="13-07-2024T22:51:26" hostname="Lenovo - LAPTOP-7QB5JFLU" id="Test Suites/CURA Test suites/TS11 - Hongkong appointment using data driven">
      <properties>
         <property name="deviceName" value=""/>
         <property name="devicePlatform"/>
         <property name="logFolder" value="C:\\Users\\Lenovo\\git\\KatalonPractitionerLevel\\Reports\\20240713_224359\\CURA Test suites\\TS11 - Hongkong appointment using data driven\\20240713_224420"/>
         <property name="logFiles" value="C:\\Users\\Lenovo\\git\\KatalonPractitionerLevel\\Reports\\20240713_224359\\CURA Test suites\\TS11 - Hongkong appointment using data driven\\20240713_224420\\execution0.log"/>
         <property name="attachments" value=""/>
         <property name="hostName" value="Lenovo - LAPTOP-7QB5JFLU"/>
         <property name="os" value="Windows 11 64bit"/>
         <property name="katalonVersion" value="9.6.0.217"/>
         <property name="browser" value="Chrome 126.0.0.0"/>
         <property name="hostAddress" value="192.168.1.12"/>
         <property name="sessionId" value="20676ef45e56e56bcc6fa16edfd57a25"/>
         <property name="seleniumVersion" value="3.141.59"/>
         <property name="proxyInformation" value="ProxyInformation { proxyOption=NO_PROXY, proxyServerType=HTTP, username=, password=********, proxyServerAddress=, proxyServerPort=0, executionList=&quot;&quot;, isApplyToDesiredCapabilities=true }"/>
         <property name="platform" value="Windows 11"/>
      </properties>
      <testcase name="Test Cases/CURA Web Test/TC19 - Hongkong Appointment using data driven" time="13.179" classname="Test Cases/CURA Web Test/TC19 - Hongkong Appointment using data driven" status="PASSED">
         <system-out><![CDATA[13-07-2024T22:51:26 - [TEST_CASE][PASSED] - Test Cases/CURA Web Test/TC19 - Hongkong Appointment using data driven: Test Cases/CURA Web Test/TC19 - Hongkong Appointment using data driven

13-07-2024T22:51:26 - [TEST_STEP][PASSED] - callTestCase(findTestCase("CURA Web Test/Properties/TCP01 - Open browser"), [:], STOP_ON_FAILURE): Call Test Case 'Test Cases/CURA Web Test/Properties/TCP01 - Open browser' successfully

13-07-2024T22:51:26 - [TEST_CASE][PASSED] - Test Cases/CURA Web Test/Properties/TCP01 - Open browser: Test Cases/CURA Web Test/Properties/TCP01 - Open browser

13-07-2024T22:51:26 - [TEST_STEP][PASSED] - openBrowser(""): Browser is opened with url: ''

13-07-2024T22:51:26 - [MESSAGE][INFO] - Starting 'Chrome' driver

13-07-2024T22:51:26 - [MESSAGE][INFO] - Action delay is set to 0 milliseconds

13-07-2024T22:51:27 - [MESSAGE][PASSED] - Browser is opened with url: ''

13-07-2024T22:51:27 - [TEST_STEP][PASSED] - navigateToUrl(URL): Navigate to 'https://katalon-demo-cura.herokuapp.com/' successfully

13-07-2024T22:51:30 - [MESSAGE][PASSED] - Navigate to 'https://katalon-demo-cura.herokuapp.com/' successfully

13-07-2024T22:51:30 - [MESSAGE][PASSED] - Call Test Case 'Test Cases/CURA Web Test/Properties/TCP01 - Open browser' successfully

13-07-2024T22:51:30 - [TEST_STEP][PASSED] - callTestCase(findTestCase("CURA Web Test/Properties/TCP02 - Login"), [:], STOP_ON_FAILURE): Call Test Case 'Test Cases/CURA Web Test/Properties/TCP02 - Login' successfully

13-07-2024T22:51:30 - [TEST_CASE][PASSED] - Test Cases/CURA Web Test/Properties/TCP02 - Login: Test Cases/CURA Web Test/Properties/TCP02 - Login

13-07-2024T22:51:30 - [TEST_STEP][PASSED] - click(findTestObject("1. CURA Object button/Make Appointment")): Object: 'Object Repository/1. CURA Object button/Make Appointment' is clicked on

13-07-2024T22:51:31 - [MESSAGE][PASSED] - Object: 'Object Repository/1. CURA Object button/Make Appointment' is clicked on

13-07-2024T22:51:31 - [TEST_STEP][PASSED] - verifyElementText(findTestObject("2. CURA Object Text/Login Text"), "Login"): Actual text and expected text of test object 'Object Repository/2. CURA Object Text/Login Text' are matched.

13-07-2024T22:51:32 - [MESSAGE][PASSED] - Actual text and expected text of test object 'Object Repository/2. CURA Object Text/Login Text' are matched.

13-07-2024T22:51:32 - [TEST_STEP][PASSED] - setText(findTestObject("1. CURA Object button/Username"), Username): Text 'John Doe' is set on object 'Object Repository/1. CURA Object button/Username'

13-07-2024T22:51:32 - [MESSAGE][PASSED] - Text 'John Doe' is set on object 'Object Repository/1. CURA Object button/Username'

13-07-2024T22:51:32 - [TEST_STEP][PASSED] - setText(findTestObject("1. CURA Object button/Password"), Password): Text 'ThisIsNotAPassword' is set on object 'Object Repository/1. CURA Object button/Password'

13-07-2024T22:51:33 - [MESSAGE][PASSED] - Text 'ThisIsNotAPassword' is set on object 'Object Repository/1. CURA Object button/Password'

13-07-2024T22:51:33 - [TEST_STEP][PASSED] - click(findTestObject("1. CURA Object button/Login Button")): Object: 'Object Repository/1. CURA Object button/Login Button' is clicked on

13-07-2024T22:51:34 - [MESSAGE][PASSED] - Object: 'Object Repository/1. CURA Object button/Login Button' is clicked on

13-07-2024T22:51:34 - [MESSAGE][PASSED] - Call Test Case 'Test Cases/CURA Web Test/Properties/TCP02 - Login' successfully

13-07-2024T22:51:34 - [TEST_STEP][PASSED] - selectOptionByValue(findTestObject("1. CURA Object button/Facility"), facility, true): All options with value 'Hongkong CURA Healthcare Center' are selected in object 'Object Repository/1. CURA Object button/Facility'  using regular expression

13-07-2024T22:51:35 - [MESSAGE][PASSED] - All options with value 'Hongkong CURA Healthcare Center' are selected in object 'Object Repository/1. CURA Object button/Facility'  using regular expression

13-07-2024T22:51:35 - [TEST_STEP][PASSED] - click(findTestObject("1. CURA Object button/Hospital Readmission")): Object: 'Object Repository/1. CURA Object button/Hospital Readmission' is clicked on

13-07-2024T22:51:35 - [MESSAGE][PASSED] - Object: 'Object Repository/1. CURA Object button/Hospital Readmission' is clicked on

13-07-2024T22:51:35 - [TEST_STEP][PASSED] - click(findTestObject("1. CURA Object button/None")): Object: 'Object Repository/1. CURA Object button/None' is clicked on

13-07-2024T22:51:35 - [MESSAGE][PASSED] - Object: 'Object Repository/1. CURA Object button/None' is clicked on

13-07-2024T22:51:35 - [TEST_STEP][PASSED] - click(findTestObject("1. CURA Object button/Visit Date")): Object: 'Object Repository/1. CURA Object button/Visit Date' is clicked on

13-07-2024T22:51:35 - [MESSAGE][PASSED] - Object: 'Object Repository/1. CURA Object button/Visit Date' is clicked on

13-07-2024T22:51:35 - [TEST_STEP][PASSED] - setText(findTestObject("1. CURA Object button/Visit Date"), visitdate): Text '22/07/2024' is set on object 'Object Repository/1. CURA Object button/Visit Date'

13-07-2024T22:51:36 - [MESSAGE][PASSED] - Text '22/07/2024' is set on object 'Object Repository/1. CURA Object button/Visit Date'

13-07-2024T22:51:36 - [TEST_STEP][PASSED] - setText(findTestObject("1. CURA Object button/Comment"), comment): Text 'Visit time: 9:00 AM' is set on object 'Object Repository/1. CURA Object button/Comment'

13-07-2024T22:51:37 - [MESSAGE][PASSED] - Text 'Visit time: 9:00 AM' is set on object 'Object Repository/1. CURA Object button/Comment'

13-07-2024T22:51:37 - [TEST_STEP][PASSED] - click(findTestObject("1. CURA Object button/Book Appointment")): Object: 'Object Repository/1. CURA Object button/Book Appointment' is clicked on

13-07-2024T22:51:38 - [MESSAGE][PASSED] - Object: 'Object Repository/1. CURA Object button/Book Appointment' is clicked on

13-07-2024T22:51:38 - [TEST_STEP][PASSED] - click(findTestObject("1. CURA Object button/Menu")): Object: 'Object Repository/1. CURA Object button/Menu' is clicked on

13-07-2024T22:51:38 - [MESSAGE][PASSED] - Object: 'Object Repository/1. CURA Object button/Menu' is clicked on

13-07-2024T22:51:38 - [TEST_STEP][PASSED] - click(findTestObject("1. CURA Object button/Home")): Object: 'Object Repository/1. CURA Object button/Home' is clicked on

13-07-2024T22:51:39 - [MESSAGE][PASSED] - Object: 'Object Repository/1. CURA Object button/Home' is clicked on

13-07-2024T22:51:39 - [TEST_STEP][PASSED] - click(findTestObject("1. CURA Object button/Make Appointment")): Object: 'Object Repository/1. CURA Object button/Make Appointment' is clicked on

13-07-2024T22:51:39 - [MESSAGE][PASSED] - Object: 'Object Repository/1. CURA Object button/Make Appointment' is clicked on]]></system-out>
         <system-err><![CDATA[]]></system-err>
      </testcase>
      <testcase name="Test Cases/CURA Web Test/TC19 - Hongkong Appointment using data driven" time="12.298" classname="Test Cases/CURA Web Test/TC19 - Hongkong Appointment using data driven" status="PASSED">
         <system-out><![CDATA[13-07-2024T22:51:39 - [TEST_CASE][PASSED] - Test Cases/CURA Web Test/TC19 - Hongkong Appointment using data driven: Test Cases/CURA Web Test/TC19 - Hongkong Appointment using data driven

13-07-2024T22:51:39 - [TEST_STEP][PASSED] - callTestCase(findTestCase("CURA Web Test/Properties/TCP01 - Open browser"), [:], STOP_ON_FAILURE): Call Test Case 'Test Cases/CURA Web Test/Properties/TCP01 - Open browser' successfully

13-07-2024T22:51:39 - [TEST_CASE][PASSED] - Test Cases/CURA Web Test/Properties/TCP01 - Open browser: Test Cases/CURA Web Test/Properties/TCP01 - Open browser

13-07-2024T22:51:39 - [TEST_STEP][PASSED] - openBrowser(""): Browser is opened with url: ''

13-07-2024T22:51:39 - [MESSAGE][WARNING] - A browser is already opened. Closing browser and opening a new one

13-07-2024T22:51:39 - [MESSAGE][INFO] - Starting 'Chrome' driver

13-07-2024T22:51:39 - [MESSAGE][INFO] - Action delay is set to 0 milliseconds

13-07-2024T22:51:40 - [MESSAGE][PASSED] - Browser is opened with url: ''

13-07-2024T22:51:40 - [TEST_STEP][PASSED] - navigateToUrl(URL): Navigate to 'https://katalon-demo-cura.herokuapp.com/' successfully

13-07-2024T22:51:42 - [MESSAGE][PASSED] - Navigate to 'https://katalon-demo-cura.herokuapp.com/' successfully

13-07-2024T22:51:42 - [MESSAGE][PASSED] - Call Test Case 'Test Cases/CURA Web Test/Properties/TCP01 - Open browser' successfully

13-07-2024T22:51:42 - [TEST_STEP][PASSED] - callTestCase(findTestCase("CURA Web Test/Properties/TCP02 - Login"), [:], STOP_ON_FAILURE): Call Test Case 'Test Cases/CURA Web Test/Properties/TCP02 - Login' successfully

13-07-2024T22:51:42 - [TEST_CASE][PASSED] - Test Cases/CURA Web Test/Properties/TCP02 - Login: Test Cases/CURA Web Test/Properties/TCP02 - Login

13-07-2024T22:51:42 - [TEST_STEP][PASSED] - click(findTestObject("1. CURA Object button/Make Appointment")): Object: 'Object Repository/1. CURA Object button/Make Appointment' is clicked on

13-07-2024T22:51:43 - [MESSAGE][PASSED] - Object: 'Object Repository/1. CURA Object button/Make Appointment' is clicked on

13-07-2024T22:51:43 - [TEST_STEP][PASSED] - verifyElementText(findTestObject("2. CURA Object Text/Login Text"), "Login"): Actual text and expected text of test object 'Object Repository/2. CURA Object Text/Login Text' are matched.

13-07-2024T22:51:44 - [MESSAGE][PASSED] - Actual text and expected text of test object 'Object Repository/2. CURA Object Text/Login Text' are matched.

13-07-2024T22:51:44 - [TEST_STEP][PASSED] - setText(findTestObject("1. CURA Object button/Username"), Username): Text 'John Doe' is set on object 'Object Repository/1. CURA Object button/Username'

13-07-2024T22:51:44 - [MESSAGE][PASSED] - Text 'John Doe' is set on object 'Object Repository/1. CURA Object button/Username'

13-07-2024T22:51:44 - [TEST_STEP][PASSED] - setText(findTestObject("1. CURA Object button/Password"), Password): Text 'ThisIsNotAPassword' is set on object 'Object Repository/1. CURA Object button/Password'

13-07-2024T22:51:45 - [MESSAGE][PASSED] - Text 'ThisIsNotAPassword' is set on object 'Object Repository/1. CURA Object button/Password'

13-07-2024T22:51:45 - [TEST_STEP][PASSED] - click(findTestObject("1. CURA Object button/Login Button")): Object: 'Object Repository/1. CURA Object button/Login Button' is clicked on

13-07-2024T22:51:46 - [MESSAGE][PASSED] - Object: 'Object Repository/1. CURA Object button/Login Button' is clicked on

13-07-2024T22:51:46 - [MESSAGE][PASSED] - Call Test Case 'Test Cases/CURA Web Test/Properties/TCP02 - Login' successfully

13-07-2024T22:51:46 - [TEST_STEP][PASSED] - selectOptionByValue(findTestObject("1. CURA Object button/Facility"), facility, true): All options with value 'Hongkong CURA Healthcare Center' are selected in object 'Object Repository/1. CURA Object button/Facility'  using regular expression

13-07-2024T22:51:47 - [MESSAGE][PASSED] - All options with value 'Hongkong CURA Healthcare Center' are selected in object 'Object Repository/1. CURA Object button/Facility'  using regular expression

13-07-2024T22:51:47 - [TEST_STEP][PASSED] - click(findTestObject("1. CURA Object button/Hospital Readmission")): Object: 'Object Repository/1. CURA Object button/Hospital Readmission' is clicked on

13-07-2024T22:51:47 - [MESSAGE][PASSED] - Object: 'Object Repository/1. CURA Object button/Hospital Readmission' is clicked on

13-07-2024T22:51:47 - [TEST_STEP][PASSED] - click(findTestObject("1. CURA Object button/None")): Object: 'Object Repository/1. CURA Object button/None' is clicked on

13-07-2024T22:51:47 - [MESSAGE][PASSED] - Object: 'Object Repository/1. CURA Object button/None' is clicked on

13-07-2024T22:51:47 - [TEST_STEP][PASSED] - click(findTestObject("1. CURA Object button/Visit Date")): Object: 'Object Repository/1. CURA Object button/Visit Date' is clicked on

13-07-2024T22:51:47 - [MESSAGE][PASSED] - Object: 'Object Repository/1. CURA Object button/Visit Date' is clicked on

13-07-2024T22:51:47 - [TEST_STEP][PASSED] - setText(findTestObject("1. CURA Object button/Visit Date"), visitdate): Text '01/08/2024' is set on object 'Object Repository/1. CURA Object button/Visit Date'

13-07-2024T22:51:48 - [MESSAGE][PASSED] - Text '01/08/2024' is set on object 'Object Repository/1. CURA Object button/Visit Date'

13-07-2024T22:51:48 - [TEST_STEP][PASSED] - setText(findTestObject("1. CURA Object button/Comment"), comment): Text 'Visit time: 1:00 PM' is set on object 'Object Repository/1. CURA Object button/Comment'

13-07-2024T22:51:49 - [MESSAGE][PASSED] - Text 'Visit time: 1:00 PM' is set on object 'Object Repository/1. CURA Object button/Comment'

13-07-2024T22:51:49 - [TEST_STEP][PASSED] - click(findTestObject("1. CURA Object button/Book Appointment")): Object: 'Object Repository/1. CURA Object button/Book Appointment' is clicked on

13-07-2024T22:51:50 - [MESSAGE][PASSED] - Object: 'Object Repository/1. CURA Object button/Book Appointment' is clicked on

13-07-2024T22:51:50 - [TEST_STEP][PASSED] - click(findTestObject("1. CURA Object button/Menu")): Object: 'Object Repository/1. CURA Object button/Menu' is clicked on

13-07-2024T22:51:50 - [MESSAGE][PASSED] - Object: 'Object Repository/1. CURA Object button/Menu' is clicked on

13-07-2024T22:51:50 - [TEST_STEP][PASSED] - click(findTestObject("1. CURA Object button/Home")): Object: 'Object Repository/1. CURA Object button/Home' is clicked on

13-07-2024T22:51:51 - [MESSAGE][PASSED] - Object: 'Object Repository/1. CURA Object button/Home' is clicked on

13-07-2024T22:51:51 - [TEST_STEP][PASSED] - click(findTestObject("1. CURA Object button/Make Appointment")): Object: 'Object Repository/1. CURA Object button/Make Appointment' is clicked on

13-07-2024T22:51:51 - [MESSAGE][PASSED] - Object: 'Object Repository/1. CURA Object button/Make Appointment' is clicked on]]></system-out>
         <system-err><![CDATA[]]></system-err>
      </testcase>
      <testcase name="Test Cases/CURA Web Test/TC19 - Hongkong Appointment using data driven" time="12.165" classname="Test Cases/CURA Web Test/TC19 - Hongkong Appointment using data driven" status="PASSED">
         <system-out><![CDATA[13-07-2024T22:51:51 - [TEST_CASE][PASSED] - Test Cases/CURA Web Test/TC19 - Hongkong Appointment using data driven: Test Cases/CURA Web Test/TC19 - Hongkong Appointment using data driven

13-07-2024T22:51:51 - [TEST_STEP][PASSED] - callTestCase(findTestCase("CURA Web Test/Properties/TCP01 - Open browser"), [:], STOP_ON_FAILURE): Call Test Case 'Test Cases/CURA Web Test/Properties/TCP01 - Open browser' successfully

13-07-2024T22:51:51 - [TEST_CASE][PASSED] - Test Cases/CURA Web Test/Properties/TCP01 - Open browser: Test Cases/CURA Web Test/Properties/TCP01 - Open browser

13-07-2024T22:51:51 - [TEST_STEP][PASSED] - openBrowser(""): Browser is opened with url: ''

13-07-2024T22:51:51 - [MESSAGE][WARNING] - A browser is already opened. Closing browser and opening a new one

13-07-2024T22:51:51 - [MESSAGE][INFO] - Starting 'Chrome' driver

13-07-2024T22:51:51 - [MESSAGE][INFO] - Action delay is set to 0 milliseconds

13-07-2024T22:51:52 - [MESSAGE][PASSED] - Browser is opened with url: ''

13-07-2024T22:51:52 - [TEST_STEP][PASSED] - navigateToUrl(URL): Navigate to 'https://katalon-demo-cura.herokuapp.com/' successfully

13-07-2024T22:51:55 - [MESSAGE][PASSED] - Navigate to 'https://katalon-demo-cura.herokuapp.com/' successfully

13-07-2024T22:51:55 - [MESSAGE][PASSED] - Call Test Case 'Test Cases/CURA Web Test/Properties/TCP01 - Open browser' successfully

13-07-2024T22:51:55 - [TEST_STEP][PASSED] - callTestCase(findTestCase("CURA Web Test/Properties/TCP02 - Login"), [:], STOP_ON_FAILURE): Call Test Case 'Test Cases/CURA Web Test/Properties/TCP02 - Login' successfully

13-07-2024T22:51:55 - [TEST_CASE][PASSED] - Test Cases/CURA Web Test/Properties/TCP02 - Login: Test Cases/CURA Web Test/Properties/TCP02 - Login

13-07-2024T22:51:55 - [TEST_STEP][PASSED] - click(findTestObject("1. CURA Object button/Make Appointment")): Object: 'Object Repository/1. CURA Object button/Make Appointment' is clicked on

13-07-2024T22:51:55 - [MESSAGE][PASSED] - Object: 'Object Repository/1. CURA Object button/Make Appointment' is clicked on

13-07-2024T22:51:55 - [TEST_STEP][PASSED] - verifyElementText(findTestObject("2. CURA Object Text/Login Text"), "Login"): Actual text and expected text of test object 'Object Repository/2. CURA Object Text/Login Text' are matched.

13-07-2024T22:51:56 - [MESSAGE][PASSED] - Actual text and expected text of test object 'Object Repository/2. CURA Object Text/Login Text' are matched.

13-07-2024T22:51:56 - [TEST_STEP][PASSED] - setText(findTestObject("1. CURA Object button/Username"), Username): Text 'John Doe' is set on object 'Object Repository/1. CURA Object button/Username'

13-07-2024T22:51:56 - [MESSAGE][PASSED] - Text 'John Doe' is set on object 'Object Repository/1. CURA Object button/Username'

13-07-2024T22:51:56 - [TEST_STEP][PASSED] - setText(findTestObject("1. CURA Object button/Password"), Password): Text 'ThisIsNotAPassword' is set on object 'Object Repository/1. CURA Object button/Password'

13-07-2024T22:51:57 - [MESSAGE][PASSED] - Text 'ThisIsNotAPassword' is set on object 'Object Repository/1. CURA Object button/Password'

13-07-2024T22:51:57 - [TEST_STEP][PASSED] - click(findTestObject("1. CURA Object button/Login Button")): Object: 'Object Repository/1. CURA Object button/Login Button' is clicked on

13-07-2024T22:51:58 - [MESSAGE][PASSED] - Object: 'Object Repository/1. CURA Object button/Login Button' is clicked on

13-07-2024T22:51:58 - [MESSAGE][PASSED] - Call Test Case 'Test Cases/CURA Web Test/Properties/TCP02 - Login' successfully

13-07-2024T22:51:58 - [TEST_STEP][PASSED] - selectOptionByValue(findTestObject("1. CURA Object button/Facility"), facility, true): All options with value 'Hongkong CURA Healthcare Center' are selected in object 'Object Repository/1. CURA Object button/Facility'  using regular expression

13-07-2024T22:51:59 - [MESSAGE][PASSED] - All options with value 'Hongkong CURA Healthcare Center' are selected in object 'Object Repository/1. CURA Object button/Facility'  using regular expression

13-07-2024T22:51:59 - [TEST_STEP][PASSED] - click(findTestObject("1. CURA Object button/Hospital Readmission")): Object: 'Object Repository/1. CURA Object button/Hospital Readmission' is clicked on

13-07-2024T22:51:59 - [MESSAGE][PASSED] - Object: 'Object Repository/1. CURA Object button/Hospital Readmission' is clicked on

13-07-2024T22:51:59 - [TEST_STEP][PASSED] - click(findTestObject("1. CURA Object button/None")): Object: 'Object Repository/1. CURA Object button/None' is clicked on

13-07-2024T22:52:00 - [MESSAGE][PASSED] - Object: 'Object Repository/1. CURA Object button/None' is clicked on

13-07-2024T22:52:00 - [TEST_STEP][PASSED] - click(findTestObject("1. CURA Object button/Visit Date")): Object: 'Object Repository/1. CURA Object button/Visit Date' is clicked on

13-07-2024T22:52:00 - [MESSAGE][PASSED] - Object: 'Object Repository/1. CURA Object button/Visit Date' is clicked on

13-07-2024T22:52:00 - [TEST_STEP][PASSED] - setText(findTestObject("1. CURA Object button/Visit Date"), visitdate): Text '17/08/2024' is set on object 'Object Repository/1. CURA Object button/Visit Date'

13-07-2024T22:52:01 - [MESSAGE][PASSED] - Text '17/08/2024' is set on object 'Object Repository/1. CURA Object button/Visit Date'

13-07-2024T22:52:01 - [TEST_STEP][PASSED] - setText(findTestObject("1. CURA Object button/Comment"), comment): Text 'Visit time: 3:00 PM' is set on object 'Object Repository/1. CURA Object button/Comment'

13-07-2024T22:52:01 - [MESSAGE][PASSED] - Text 'Visit time: 3:00 PM' is set on object 'Object Repository/1. CURA Object button/Comment'

13-07-2024T22:52:01 - [TEST_STEP][PASSED] - click(findTestObject("1. CURA Object button/Book Appointment")): Object: 'Object Repository/1. CURA Object button/Book Appointment' is clicked on

13-07-2024T22:52:02 - [MESSAGE][PASSED] - Object: 'Object Repository/1. CURA Object button/Book Appointment' is clicked on

13-07-2024T22:52:02 - [TEST_STEP][PASSED] - click(findTestObject("1. CURA Object button/Menu")): Object: 'Object Repository/1. CURA Object button/Menu' is clicked on

13-07-2024T22:52:03 - [MESSAGE][PASSED] - Object: 'Object Repository/1. CURA Object button/Menu' is clicked on

13-07-2024T22:52:03 - [TEST_STEP][PASSED] - click(findTestObject("1. CURA Object button/Home")): Object: 'Object Repository/1. CURA Object button/Home' is clicked on

13-07-2024T22:52:03 - [MESSAGE][PASSED] - Object: 'Object Repository/1. CURA Object button/Home' is clicked on

13-07-2024T22:52:03 - [TEST_STEP][PASSED] - click(findTestObject("1. CURA Object button/Make Appointment")): Object: 'Object Repository/1. CURA Object button/Make Appointment' is clicked on

13-07-2024T22:52:03 - [MESSAGE][PASSED] - Object: 'Object Repository/1. CURA Object button/Make Appointment' is clicked on]]></system-out>
         <system-err><![CDATA[]]></system-err>
      </testcase>
      <testcase name="Test Cases/CURA Web Test/TC19 - Hongkong Appointment using data driven" time="12.382" classname="Test Cases/CURA Web Test/TC19 - Hongkong Appointment using data driven" status="PASSED">
         <system-out><![CDATA[13-07-2024T22:52:03 - [TEST_CASE][PASSED] - Test Cases/CURA Web Test/TC19 - Hongkong Appointment using data driven: Test Cases/CURA Web Test/TC19 - Hongkong Appointment using data driven

13-07-2024T22:52:03 - [TEST_STEP][PASSED] - callTestCase(findTestCase("CURA Web Test/Properties/TCP01 - Open browser"), [:], STOP_ON_FAILURE): Call Test Case 'Test Cases/CURA Web Test/Properties/TCP01 - Open browser' successfully

13-07-2024T22:52:03 - [TEST_CASE][PASSED] - Test Cases/CURA Web Test/Properties/TCP01 - Open browser: Test Cases/CURA Web Test/Properties/TCP01 - Open browser

13-07-2024T22:52:03 - [TEST_STEP][PASSED] - openBrowser(""): Browser is opened with url: ''

13-07-2024T22:52:03 - [MESSAGE][WARNING] - A browser is already opened. Closing browser and opening a new one

13-07-2024T22:52:04 - [MESSAGE][INFO] - Starting 'Chrome' driver

13-07-2024T22:52:04 - [MESSAGE][INFO] - Action delay is set to 0 milliseconds

13-07-2024T22:52:04 - [MESSAGE][PASSED] - Browser is opened with url: ''

13-07-2024T22:52:04 - [TEST_STEP][PASSED] - navigateToUrl(URL): Navigate to 'https://katalon-demo-cura.herokuapp.com/' successfully

13-07-2024T22:52:07 - [MESSAGE][PASSED] - Navigate to 'https://katalon-demo-cura.herokuapp.com/' successfully

13-07-2024T22:52:07 - [MESSAGE][PASSED] - Call Test Case 'Test Cases/CURA Web Test/Properties/TCP01 - Open browser' successfully

13-07-2024T22:52:07 - [TEST_STEP][PASSED] - callTestCase(findTestCase("CURA Web Test/Properties/TCP02 - Login"), [:], STOP_ON_FAILURE): Call Test Case 'Test Cases/CURA Web Test/Properties/TCP02 - Login' successfully

13-07-2024T22:52:07 - [TEST_CASE][PASSED] - Test Cases/CURA Web Test/Properties/TCP02 - Login: Test Cases/CURA Web Test/Properties/TCP02 - Login

13-07-2024T22:52:07 - [TEST_STEP][PASSED] - click(findTestObject("1. CURA Object button/Make Appointment")): Object: 'Object Repository/1. CURA Object button/Make Appointment' is clicked on

13-07-2024T22:52:08 - [MESSAGE][PASSED] - Object: 'Object Repository/1. CURA Object button/Make Appointment' is clicked on

13-07-2024T22:52:08 - [TEST_STEP][PASSED] - verifyElementText(findTestObject("2. CURA Object Text/Login Text"), "Login"): Actual text and expected text of test object 'Object Repository/2. CURA Object Text/Login Text' are matched.

13-07-2024T22:52:09 - [MESSAGE][PASSED] - Actual text and expected text of test object 'Object Repository/2. CURA Object Text/Login Text' are matched.

13-07-2024T22:52:09 - [TEST_STEP][PASSED] - setText(findTestObject("1. CURA Object button/Username"), Username): Text 'John Doe' is set on object 'Object Repository/1. CURA Object button/Username'

13-07-2024T22:52:09 - [MESSAGE][PASSED] - Text 'John Doe' is set on object 'Object Repository/1. CURA Object button/Username'

13-07-2024T22:52:09 - [TEST_STEP][PASSED] - setText(findTestObject("1. CURA Object button/Password"), Password): Text 'ThisIsNotAPassword' is set on object 'Object Repository/1. CURA Object button/Password'

13-07-2024T22:52:10 - [MESSAGE][PASSED] - Text 'ThisIsNotAPassword' is set on object 'Object Repository/1. CURA Object button/Password'

13-07-2024T22:52:10 - [TEST_STEP][PASSED] - click(findTestObject("1. CURA Object button/Login Button")): Object: 'Object Repository/1. CURA Object button/Login Button' is clicked on

13-07-2024T22:52:11 - [MESSAGE][PASSED] - Object: 'Object Repository/1. CURA Object button/Login Button' is clicked on

13-07-2024T22:52:11 - [MESSAGE][PASSED] - Call Test Case 'Test Cases/CURA Web Test/Properties/TCP02 - Login' successfully

13-07-2024T22:52:11 - [TEST_STEP][PASSED] - selectOptionByValue(findTestObject("1. CURA Object button/Facility"), facility, true): All options with value 'Hongkong CURA Healthcare Center' are selected in object 'Object Repository/1. CURA Object button/Facility'  using regular expression

13-07-2024T22:52:12 - [MESSAGE][PASSED] - All options with value 'Hongkong CURA Healthcare Center' are selected in object 'Object Repository/1. CURA Object button/Facility'  using regular expression

13-07-2024T22:52:12 - [TEST_STEP][PASSED] - click(findTestObject("1. CURA Object button/Hospital Readmission")): Object: 'Object Repository/1. CURA Object button/Hospital Readmission' is clicked on

13-07-2024T22:52:12 - [MESSAGE][PASSED] - Object: 'Object Repository/1. CURA Object button/Hospital Readmission' is clicked on

13-07-2024T22:52:12 - [TEST_STEP][PASSED] - click(findTestObject("1. CURA Object button/None")): Object: 'Object Repository/1. CURA Object button/None' is clicked on

13-07-2024T22:52:12 - [MESSAGE][PASSED] - Object: 'Object Repository/1. CURA Object button/None' is clicked on

13-07-2024T22:52:12 - [TEST_STEP][PASSED] - click(findTestObject("1. CURA Object button/Visit Date")): Object: 'Object Repository/1. CURA Object button/Visit Date' is clicked on

13-07-2024T22:52:12 - [MESSAGE][PASSED] - Object: 'Object Repository/1. CURA Object button/Visit Date' is clicked on

13-07-2024T22:52:12 - [TEST_STEP][PASSED] - setText(findTestObject("1. CURA Object button/Visit Date"), visitdate): Text '02/01/2025' is set on object 'Object Repository/1. CURA Object button/Visit Date'

13-07-2024T22:52:13 - [MESSAGE][PASSED] - Text '02/01/2025' is set on object 'Object Repository/1. CURA Object button/Visit Date'

13-07-2024T22:52:13 - [TEST_STEP][PASSED] - setText(findTestObject("1. CURA Object button/Comment"), comment): Text 'Visit time: 7:00 AM' is set on object 'Object Repository/1. CURA Object button/Comment'

13-07-2024T22:52:14 - [MESSAGE][PASSED] - Text 'Visit time: 7:00 AM' is set on object 'Object Repository/1. CURA Object button/Comment'

13-07-2024T22:52:14 - [TEST_STEP][PASSED] - click(findTestObject("1. CURA Object button/Book Appointment")): Object: 'Object Repository/1. CURA Object button/Book Appointment' is clicked on

13-07-2024T22:52:15 - [MESSAGE][PASSED] - Object: 'Object Repository/1. CURA Object button/Book Appointment' is clicked on

13-07-2024T22:52:15 - [TEST_STEP][PASSED] - click(findTestObject("1. CURA Object button/Menu")): Object: 'Object Repository/1. CURA Object button/Menu' is clicked on

13-07-2024T22:52:15 - [MESSAGE][PASSED] - Object: 'Object Repository/1. CURA Object button/Menu' is clicked on

13-07-2024T22:52:15 - [TEST_STEP][PASSED] - click(findTestObject("1. CURA Object button/Home")): Object: 'Object Repository/1. CURA Object button/Home' is clicked on

13-07-2024T22:52:16 - [MESSAGE][PASSED] - Object: 'Object Repository/1. CURA Object button/Home' is clicked on

13-07-2024T22:52:16 - [TEST_STEP][PASSED] - click(findTestObject("1. CURA Object button/Make Appointment")): Object: 'Object Repository/1. CURA Object button/Make Appointment' is clicked on

13-07-2024T22:52:16 - [MESSAGE][PASSED] - Object: 'Object Repository/1. CURA Object button/Make Appointment' is clicked on]]></system-out>
         <system-err><![CDATA[]]></system-err>
      </testcase>
      <testcase name="Test Cases/CURA Web Test/Properties/TCP03 - Logout" time="1.963" classname="Test Cases/CURA Web Test/Properties/TCP03 - Logout" status="PASSED">
         <system-out><![CDATA[13-07-2024T22:52:16 - [TEST_CASE][PASSED] - Test Cases/CURA Web Test/Properties/TCP03 - Logout: Test Cases/CURA Web Test/Properties/TCP03 - Logout

13-07-2024T22:52:16 - [TEST_STEP][PASSED] - verifyElementText(findTestObject("2. CURA Object Text/Make Appointment"), "Make Appointment"): Actual text and expected text of test object 'Object Repository/2. CURA Object Text/Make Appointment' are matched.

13-07-2024T22:52:16 - [MESSAGE][PASSED] - Actual text and expected text of test object 'Object Repository/2. CURA Object Text/Make Appointment' are matched.

13-07-2024T22:52:16 - [TEST_STEP][PASSED] - click(findTestObject("1. CURA Object button/Menu")): Object: 'Object Repository/1. CURA Object button/Menu' is clicked on

13-07-2024T22:52:17 - [MESSAGE][PASSED] - Object: 'Object Repository/1. CURA Object button/Menu' is clicked on

13-07-2024T22:52:17 - [TEST_STEP][PASSED] - click(findTestObject("1. CURA Object button/Logout")): Object: 'Object Repository/1. CURA Object button/Logout' is clicked on

13-07-2024T22:52:18 - [MESSAGE][PASSED] - Object: 'Object Repository/1. CURA Object button/Logout' is clicked on

13-07-2024T22:52:18 - [TEST_STEP][PASSED] - closeBrowser(): Browser is closed

13-07-2024T22:52:18 - [MESSAGE][PASSED] - Browser is closed]]></system-out>
         <system-err><![CDATA[]]></system-err>
      </testcase>
      <system-out><![CDATA[13-07-2024T22:51:26 - [TEST_SUITE][PASSED] - TS11 - Hongkong appointment using data driven: Test Cases/CURA Web Test/Properties/TCP03 - Logout]]></system-out>
      <system-err><![CDATA[]]></system-err>
   </testsuite>
   <testsuite name="TS12 - Tokyo appointment using data driven" tests="4" failures="0" errors="0" time="39.848" skipped="0" timestamp="13-07-2024T22:52:29" hostname="Lenovo - LAPTOP-7QB5JFLU" id="Test Suites/CURA Test suites/TS12 - Tokyo appointment using data driven">
      <properties>
         <property name="deviceName" value=""/>
         <property name="devicePlatform"/>
         <property name="logFolder" value="C:\\Users\\Lenovo\\git\\KatalonPractitionerLevel\\Reports\\20240713_224359\\CURA Test suites\\TS12 - Tokyo appointment using data driven\\20240713_224422"/>
         <property name="logFiles" value="C:\\Users\\Lenovo\\git\\KatalonPractitionerLevel\\Reports\\20240713_224359\\CURA Test suites\\TS12 - Tokyo appointment using data driven\\20240713_224422\\execution0.log"/>
         <property name="attachments" value=""/>
         <property name="hostName" value="Lenovo - LAPTOP-7QB5JFLU"/>
         <property name="os" value="Windows 11 64bit"/>
         <property name="katalonVersion" value="9.6.0.217"/>
         <property name="browser" value="Chrome 126.0.0.0"/>
         <property name="hostAddress" value="192.168.1.12"/>
         <property name="sessionId" value="debc56a435b6957a11586cfd0be8eede"/>
         <property name="seleniumVersion" value="3.141.59"/>
         <property name="proxyInformation" value="ProxyInformation { proxyOption=NO_PROXY, proxyServerType=HTTP, username=, password=********, proxyServerAddress=, proxyServerPort=0, executionList=&quot;&quot;, isApplyToDesiredCapabilities=true }"/>
         <property name="platform" value="Windows 11"/>
      </properties>
      <testcase name="Test Cases/CURA Web Test/TC20 - Tokyo appointment using data driven" time="12.814" classname="Test Cases/CURA Web Test/TC20 - Tokyo appointment using data driven" status="PASSED">
         <system-out><![CDATA[13-07-2024T22:52:29 - [TEST_CASE][PASSED] - Test Cases/CURA Web Test/TC20 - Tokyo appointment using data driven: Test Cases/CURA Web Test/TC20 - Tokyo appointment using data driven

13-07-2024T22:52:29 - [TEST_STEP][PASSED] - propertiesPage.openBrowser.main(): propertiesPage.openBrowser.main is PASSED

13-07-2024T22:52:29 - [MESSAGE][INFO] - Starting 'Chrome' driver

13-07-2024T22:52:30 - [MESSAGE][INFO] - Action delay is set to 0 milliseconds

13-07-2024T22:52:31 - [MESSAGE][PASSED] - Browser is opened with url: ''

13-07-2024T22:52:33 - [MESSAGE][PASSED] - Navigate to 'https://katalon-demo-cura.herokuapp.com/' successfully

13-07-2024T22:52:33 - [MESSAGE][PASSED] - propertiesPage.openBrowser.main is PASSED

13-07-2024T22:52:33 - [TEST_STEP][PASSED] - propertiesPage.loginMenu.main(): propertiesPage.loginMenu.main is PASSED

13-07-2024T22:52:34 - [MESSAGE][PASSED] - Object: 'Object Repository/1. CURA Object button/Make Appointment' is clicked on

13-07-2024T22:52:34 - [MESSAGE][PASSED] - Actual text and expected text of test object 'Object Repository/2. CURA Object Text/Login Text' are matched.

13-07-2024T22:52:35 - [MESSAGE][PASSED] - Text 'John Doe' is set on object 'Object Repository/1. CURA Object button/Username'

13-07-2024T22:52:36 - [MESSAGE][PASSED] - Text 'ThisIsNotAPassword' is set on object 'Object Repository/1. CURA Object button/Password'

13-07-2024T22:52:36 - [MESSAGE][PASSED] - Object: 'Object Repository/1. CURA Object button/Login Button' is clicked on

13-07-2024T22:52:36 - [MESSAGE][PASSED] - propertiesPage.loginMenu.main is PASSED

13-07-2024T22:52:36 - [TEST_STEP][PASSED] - selectOptionByValue(findTestObject("1. CURA Object button/Facility"), facility, true): All options with value 'Tokyo CURA Healthcare Center' are selected in object 'Object Repository/1. CURA Object button/Facility'  using regular expression

13-07-2024T22:52:38 - [MESSAGE][PASSED] - All options with value 'Tokyo CURA Healthcare Center' are selected in object 'Object Repository/1. CURA Object button/Facility'  using regular expression

13-07-2024T22:52:38 - [TEST_STEP][PASSED] - click(findTestObject("1. CURA Object button/Medicare")): Object: 'Object Repository/1. CURA Object button/Medicare' is clicked on

13-07-2024T22:52:38 - [MESSAGE][PASSED] - Object: 'Object Repository/1. CURA Object button/Medicare' is clicked on

13-07-2024T22:52:38 - [TEST_STEP][PASSED] - click(findTestObject("1. CURA Object button/Visit Date")): Object: 'Object Repository/1. CURA Object button/Visit Date' is clicked on

13-07-2024T22:52:38 - [MESSAGE][PASSED] - Object: 'Object Repository/1. CURA Object button/Visit Date' is clicked on

13-07-2024T22:52:38 - [TEST_STEP][PASSED] - setText(findTestObject("1. CURA Object button/Visit Date"), datevisit): Text '01/07/2024' is set on object 'Object Repository/1. CURA Object button/Visit Date'

13-07-2024T22:52:39 - [MESSAGE][PASSED] - Text '01/07/2024' is set on object 'Object Repository/1. CURA Object button/Visit Date'

13-07-2024T22:52:39 - [TEST_STEP][PASSED] - setText(findTestObject("1. CURA Object button/Comment"), commentbook): Text 'Reschedule to 08/07/2024' is set on object 'Object Repository/1. CURA Object button/Comment'

13-07-2024T22:52:40 - [MESSAGE][PASSED] - Text 'Reschedule to 08/07/2024' is set on object 'Object Repository/1. CURA Object button/Comment'

13-07-2024T22:52:40 - [TEST_STEP][PASSED] - click(findTestObject("1. CURA Object button/Book Appointment")): Object: 'Object Repository/1. CURA Object button/Book Appointment' is clicked on

13-07-2024T22:52:40 - [MESSAGE][PASSED] - Object: 'Object Repository/1. CURA Object button/Book Appointment' is clicked on

13-07-2024T22:52:40 - [TEST_STEP][PASSED] - click(findTestObject("1. CURA Object button/Menu")): Object: 'Object Repository/1. CURA Object button/Menu' is clicked on

13-07-2024T22:52:41 - [MESSAGE][PASSED] - Object: 'Object Repository/1. CURA Object button/Menu' is clicked on

13-07-2024T22:52:41 - [TEST_STEP][PASSED] - click(findTestObject("1. CURA Object button/Home")): Object: 'Object Repository/1. CURA Object button/Home' is clicked on

13-07-2024T22:52:41 - [MESSAGE][PASSED] - Object: 'Object Repository/1. CURA Object button/Home' is clicked on

13-07-2024T22:52:41 - [TEST_STEP][PASSED] - verifyElementPresent(findTestObject("2. CURA Object Text/Healthcare Service"), 0): Object 'Object Repository/2. CURA Object Text/Healthcare Service' is present

13-07-2024T22:52:41 - [MESSAGE][WARNING] - Timeout '0' is invalid. Using default page load timeout: '30'

13-07-2024T22:52:42 - [MESSAGE][PASSED] - Object 'Object Repository/2. CURA Object Text/Healthcare Service' is present

13-07-2024T22:52:42 - [TEST_STEP][PASSED] - click(findTestObject("1. CURA Object button/Make Appointment")): Object: 'Object Repository/1. CURA Object button/Make Appointment' is clicked on

13-07-2024T22:52:42 - [MESSAGE][PASSED] - Object: 'Object Repository/1. CURA Object button/Make Appointment' is clicked on]]></system-out>
         <system-err><![CDATA[]]></system-err>
      </testcase>
      <testcase name="Test Cases/CURA Web Test/TC20 - Tokyo appointment using data driven" time="11.97" classname="Test Cases/CURA Web Test/TC20 - Tokyo appointment using data driven" status="PASSED">
         <system-out><![CDATA[13-07-2024T22:52:42 - [TEST_CASE][PASSED] - Test Cases/CURA Web Test/TC20 - Tokyo appointment using data driven: Test Cases/CURA Web Test/TC20 - Tokyo appointment using data driven

13-07-2024T22:52:42 - [TEST_STEP][PASSED] - propertiesPage.openBrowser.main(): propertiesPage.openBrowser.main is PASSED

13-07-2024T22:52:42 - [MESSAGE][WARNING] - A browser is already opened. Closing browser and opening a new one

13-07-2024T22:52:42 - [MESSAGE][INFO] - Starting 'Chrome' driver

13-07-2024T22:52:42 - [MESSAGE][INFO] - Action delay is set to 0 milliseconds

13-07-2024T22:52:43 - [MESSAGE][PASSED] - Browser is opened with url: ''

13-07-2024T22:52:45 - [MESSAGE][PASSED] - Navigate to 'https://katalon-demo-cura.herokuapp.com/' successfully

13-07-2024T22:52:45 - [MESSAGE][PASSED] - propertiesPage.openBrowser.main is PASSED

13-07-2024T22:52:45 - [TEST_STEP][PASSED] - propertiesPage.loginMenu.main(): propertiesPage.loginMenu.main is PASSED

13-07-2024T22:52:46 - [MESSAGE][PASSED] - Object: 'Object Repository/1. CURA Object button/Make Appointment' is clicked on

13-07-2024T22:52:46 - [MESSAGE][PASSED] - Actual text and expected text of test object 'Object Repository/2. CURA Object Text/Login Text' are matched.

13-07-2024T22:52:47 - [MESSAGE][PASSED] - Text 'John Doe' is set on object 'Object Repository/1. CURA Object button/Username'

13-07-2024T22:52:48 - [MESSAGE][PASSED] - Text 'ThisIsNotAPassword' is set on object 'Object Repository/1. CURA Object button/Password'

13-07-2024T22:52:48 - [MESSAGE][PASSED] - Object: 'Object Repository/1. CURA Object button/Login Button' is clicked on

13-07-2024T22:52:48 - [MESSAGE][PASSED] - propertiesPage.loginMenu.main is PASSED

13-07-2024T22:52:48 - [TEST_STEP][PASSED] - selectOptionByValue(findTestObject("1. CURA Object button/Facility"), facility, true): All options with value 'Tokyo CURA Healthcare Center' are selected in object 'Object Repository/1. CURA Object button/Facility'  using regular expression

13-07-2024T22:52:50 - [MESSAGE][PASSED] - All options with value 'Tokyo CURA Healthcare Center' are selected in object 'Object Repository/1. CURA Object button/Facility'  using regular expression

13-07-2024T22:52:50 - [TEST_STEP][PASSED] - click(findTestObject("1. CURA Object button/Medicare")): Object: 'Object Repository/1. CURA Object button/Medicare' is clicked on

13-07-2024T22:52:50 - [MESSAGE][PASSED] - Object: 'Object Repository/1. CURA Object button/Medicare' is clicked on

13-07-2024T22:52:50 - [TEST_STEP][PASSED] - click(findTestObject("1. CURA Object button/Visit Date")): Object: 'Object Repository/1. CURA Object button/Visit Date' is clicked on

13-07-2024T22:52:50 - [MESSAGE][PASSED] - Object: 'Object Repository/1. CURA Object button/Visit Date' is clicked on

13-07-2024T22:52:50 - [TEST_STEP][PASSED] - setText(findTestObject("1. CURA Object button/Visit Date"), datevisit): Text '09/09/2024' is set on object 'Object Repository/1. CURA Object button/Visit Date'

13-07-2024T22:52:51 - [MESSAGE][PASSED] - Text '09/09/2024' is set on object 'Object Repository/1. CURA Object button/Visit Date'

13-07-2024T22:52:51 - [TEST_STEP][PASSED] - setText(findTestObject("1. CURA Object button/Comment"), commentbook): Text 'Meet dr. Yuki' is set on object 'Object Repository/1. CURA Object button/Comment'

13-07-2024T22:52:52 - [MESSAGE][PASSED] - Text 'Meet dr. Yuki' is set on object 'Object Repository/1. CURA Object button/Comment'

13-07-2024T22:52:52 - [TEST_STEP][PASSED] - click(findTestObject("1. CURA Object button/Book Appointment")): Object: 'Object Repository/1. CURA Object button/Book Appointment' is clicked on

13-07-2024T22:52:52 - [MESSAGE][PASSED] - Object: 'Object Repository/1. CURA Object button/Book Appointment' is clicked on

13-07-2024T22:52:52 - [TEST_STEP][PASSED] - click(findTestObject("1. CURA Object button/Menu")): Object: 'Object Repository/1. CURA Object button/Menu' is clicked on

13-07-2024T22:52:53 - [MESSAGE][PASSED] - Object: 'Object Repository/1. CURA Object button/Menu' is clicked on

13-07-2024T22:52:53 - [TEST_STEP][PASSED] - click(findTestObject("1. CURA Object button/Home")): Object: 'Object Repository/1. CURA Object button/Home' is clicked on

13-07-2024T22:52:53 - [MESSAGE][PASSED] - Object: 'Object Repository/1. CURA Object button/Home' is clicked on

13-07-2024T22:52:53 - [TEST_STEP][PASSED] - verifyElementPresent(findTestObject("2. CURA Object Text/Healthcare Service"), 0): Object 'Object Repository/2. CURA Object Text/Healthcare Service' is present

13-07-2024T22:52:53 - [MESSAGE][WARNING] - Timeout '0' is invalid. Using default page load timeout: '30'

13-07-2024T22:52:54 - [MESSAGE][PASSED] - Object 'Object Repository/2. CURA Object Text/Healthcare Service' is present

13-07-2024T22:52:54 - [TEST_STEP][PASSED] - click(findTestObject("1. CURA Object button/Make Appointment")): Object: 'Object Repository/1. CURA Object button/Make Appointment' is clicked on

13-07-2024T22:52:54 - [MESSAGE][PASSED] - Object: 'Object Repository/1. CURA Object button/Make Appointment' is clicked on]]></system-out>
         <system-err><![CDATA[]]></system-err>
      </testcase>
      <testcase name="Test Cases/CURA Web Test/TC20 - Tokyo appointment using data driven" time="12.898" classname="Test Cases/CURA Web Test/TC20 - Tokyo appointment using data driven" status="PASSED">
         <system-out><![CDATA[13-07-2024T22:52:54 - [TEST_CASE][PASSED] - Test Cases/CURA Web Test/TC20 - Tokyo appointment using data driven: Test Cases/CURA Web Test/TC20 - Tokyo appointment using data driven

13-07-2024T22:52:54 - [TEST_STEP][PASSED] - propertiesPage.openBrowser.main(): propertiesPage.openBrowser.main is PASSED

13-07-2024T22:52:54 - [MESSAGE][WARNING] - A browser is already opened. Closing browser and opening a new one

13-07-2024T22:52:54 - [MESSAGE][INFO] - Starting 'Chrome' driver

13-07-2024T22:52:54 - [MESSAGE][INFO] - Action delay is set to 0 milliseconds

13-07-2024T22:52:55 - [MESSAGE][PASSED] - Browser is opened with url: ''

13-07-2024T22:52:57 - [MESSAGE][PASSED] - Navigate to 'https://katalon-demo-cura.herokuapp.com/' successfully

13-07-2024T22:52:57 - [MESSAGE][PASSED] - propertiesPage.openBrowser.main is PASSED

13-07-2024T22:52:57 - [TEST_STEP][PASSED] - propertiesPage.loginMenu.main(): propertiesPage.loginMenu.main is PASSED

13-07-2024T22:52:58 - [MESSAGE][PASSED] - Object: 'Object Repository/1. CURA Object button/Make Appointment' is clicked on

13-07-2024T22:52:58 - [MESSAGE][PASSED] - Actual text and expected text of test object 'Object Repository/2. CURA Object Text/Login Text' are matched.

13-07-2024T22:52:59 - [MESSAGE][PASSED] - Text 'John Doe' is set on object 'Object Repository/1. CURA Object button/Username'

13-07-2024T22:53:00 - [MESSAGE][PASSED] - Text 'ThisIsNotAPassword' is set on object 'Object Repository/1. CURA Object button/Password'

13-07-2024T22:53:01 - [MESSAGE][PASSED] - Object: 'Object Repository/1. CURA Object button/Login Button' is clicked on

13-07-2024T22:53:01 - [MESSAGE][PASSED] - propertiesPage.loginMenu.main is PASSED

13-07-2024T22:53:01 - [TEST_STEP][PASSED] - selectOptionByValue(findTestObject("1. CURA Object button/Facility"), facility, true): All options with value 'Tokyo CURA Healthcare Center' are selected in object 'Object Repository/1. CURA Object button/Facility'  using regular expression

13-07-2024T22:53:02 - [MESSAGE][PASSED] - All options with value 'Tokyo CURA Healthcare Center' are selected in object 'Object Repository/1. CURA Object button/Facility'  using regular expression

13-07-2024T22:53:02 - [TEST_STEP][PASSED] - click(findTestObject("1. CURA Object button/Medicare")): Object: 'Object Repository/1. CURA Object button/Medicare' is clicked on

13-07-2024T22:53:02 - [MESSAGE][PASSED] - Object: 'Object Repository/1. CURA Object button/Medicare' is clicked on

13-07-2024T22:53:02 - [TEST_STEP][PASSED] - click(findTestObject("1. CURA Object button/Visit Date")): Object: 'Object Repository/1. CURA Object button/Visit Date' is clicked on

13-07-2024T22:53:02 - [MESSAGE][PASSED] - Object: 'Object Repository/1. CURA Object button/Visit Date' is clicked on

13-07-2024T22:53:02 - [TEST_STEP][PASSED] - setText(findTestObject("1. CURA Object button/Visit Date"), datevisit): Text '24/12/2024' is set on object 'Object Repository/1. CURA Object button/Visit Date'

13-07-2024T22:53:03 - [MESSAGE][PASSED] - Text '24/12/2024' is set on object 'Object Repository/1. CURA Object button/Visit Date'

13-07-2024T22:53:03 - [TEST_STEP][PASSED] - setText(findTestObject("1. CURA Object button/Comment"), commentbook): Text 'Meet dr. Kento Momota' is set on object 'Object Repository/1. CURA Object button/Comment'

13-07-2024T22:53:04 - [MESSAGE][PASSED] - Text 'Meet dr. Kento Momota' is set on object 'Object Repository/1. CURA Object button/Comment'

13-07-2024T22:53:04 - [TEST_STEP][PASSED] - click(findTestObject("1. CURA Object button/Book Appointment")): Object: 'Object Repository/1. CURA Object button/Book Appointment' is clicked on

13-07-2024T22:53:04 - [MESSAGE][PASSED] - Object: 'Object Repository/1. CURA Object button/Book Appointment' is clicked on

13-07-2024T22:53:04 - [TEST_STEP][PASSED] - click(findTestObject("1. CURA Object button/Menu")): Object: 'Object Repository/1. CURA Object button/Menu' is clicked on

13-07-2024T22:53:05 - [MESSAGE][PASSED] - Object: 'Object Repository/1. CURA Object button/Menu' is clicked on

13-07-2024T22:53:05 - [TEST_STEP][PASSED] - click(findTestObject("1. CURA Object button/Home")): Object: 'Object Repository/1. CURA Object button/Home' is clicked on

13-07-2024T22:53:06 - [MESSAGE][PASSED] - Object: 'Object Repository/1. CURA Object button/Home' is clicked on

13-07-2024T22:53:06 - [TEST_STEP][PASSED] - verifyElementPresent(findTestObject("2. CURA Object Text/Healthcare Service"), 0): Object 'Object Repository/2. CURA Object Text/Healthcare Service' is present

13-07-2024T22:53:06 - [MESSAGE][WARNING] - Timeout '0' is invalid. Using default page load timeout: '30'

13-07-2024T22:53:06 - [MESSAGE][PASSED] - Object 'Object Repository/2. CURA Object Text/Healthcare Service' is present

13-07-2024T22:53:06 - [TEST_STEP][PASSED] - click(findTestObject("1. CURA Object button/Make Appointment")): Object: 'Object Repository/1. CURA Object button/Make Appointment' is clicked on

13-07-2024T22:53:07 - [MESSAGE][PASSED] - Object: 'Object Repository/1. CURA Object button/Make Appointment' is clicked on]]></system-out>
         <system-err><![CDATA[]]></system-err>
      </testcase>
      <testcase name="Test Cases/CURA Web Test/Properties/TCP03 - Logout" time="1.947" classname="Test Cases/CURA Web Test/Properties/TCP03 - Logout" status="PASSED">
         <system-out><![CDATA[13-07-2024T22:53:07 - [TEST_CASE][PASSED] - Test Cases/CURA Web Test/Properties/TCP03 - Logout: Test Cases/CURA Web Test/Properties/TCP03 - Logout

13-07-2024T22:53:07 - [TEST_STEP][PASSED] - verifyElementText(findTestObject("2. CURA Object Text/Make Appointment"), "Make Appointment"): Actual text and expected text of test object 'Object Repository/2. CURA Object Text/Make Appointment' are matched.

13-07-2024T22:53:07 - [MESSAGE][PASSED] - Actual text and expected text of test object 'Object Repository/2. CURA Object Text/Make Appointment' are matched.

13-07-2024T22:53:07 - [TEST_STEP][PASSED] - click(findTestObject("1. CURA Object button/Menu")): Object: 'Object Repository/1. CURA Object button/Menu' is clicked on

13-07-2024T22:53:08 - [MESSAGE][PASSED] - Object: 'Object Repository/1. CURA Object button/Menu' is clicked on

13-07-2024T22:53:08 - [TEST_STEP][PASSED] - click(findTestObject("1. CURA Object button/Logout")): Object: 'Object Repository/1. CURA Object button/Logout' is clicked on

13-07-2024T22:53:09 - [MESSAGE][PASSED] - Object: 'Object Repository/1. CURA Object button/Logout' is clicked on

13-07-2024T22:53:09 - [TEST_STEP][PASSED] - closeBrowser(): Browser is closed

13-07-2024T22:53:09 - [MESSAGE][PASSED] - Browser is closed]]></system-out>
         <system-err><![CDATA[]]></system-err>
      </testcase>
      <system-out><![CDATA[13-07-2024T22:52:29 - [TEST_SUITE][PASSED] - TS12 - Tokyo appointment using data driven: Test Cases/CURA Web Test/Properties/TCP03 - Logout]]></system-out>
      <system-err><![CDATA[]]></system-err>
   </testsuite>
   <testsuite name="TS13 - Script using StudioAssist" tests="4" failures="0" errors="0" time="22.258" skipped="0" timestamp="13-07-2024T22:53:20" hostname="Lenovo - LAPTOP-7QB5JFLU" id="Test Suites/CURA Test suites/TS13 - Script using StudioAssist">
      <properties>
         <property name="deviceName" value=""/>
         <property name="devicePlatform"/>
         <property name="logFolder" value="C:\\Users\\Lenovo\\git\\KatalonPractitionerLevel\\Reports\\20240713_224359\\CURA Test suites\\TS13 - Script using StudioAssist\\20240713_224424"/>
         <property name="logFiles" value="C:\\Users\\Lenovo\\git\\KatalonPractitionerLevel\\Reports\\20240713_224359\\CURA Test suites\\TS13 - Script using StudioAssist\\20240713_224424\\execution0.log"/>
         <property name="attachments" value=""/>
         <property name="hostName" value="Lenovo - LAPTOP-7QB5JFLU"/>
         <property name="os" value="Windows 11 64bit"/>
         <property name="katalonVersion" value="9.6.0.217"/>
         <property name="browser" value="Chrome 126.0.0.0"/>
         <property name="hostAddress" value="192.168.1.12"/>
         <property name="sessionId" value="04f14b9a037a6c26aa7c85bf9e57fd79"/>
         <property name="seleniumVersion" value="3.141.59"/>
         <property name="proxyInformation" value="ProxyInformation { proxyOption=NO_PROXY, proxyServerType=HTTP, username=, password=********, proxyServerAddress=, proxyServerPort=0, executionList=&quot;&quot;, isApplyToDesiredCapabilities=true }"/>
         <property name="platform" value="Windows 11"/>
      </properties>
      <testcase name="Test Cases/CURA Web Test/TC21 - Login using StudioAssist" time="7.578" classname="Test Cases/CURA Web Test/TC21 - Login using StudioAssist" status="PASSED">
         <system-out><![CDATA[13-07-2024T22:53:20 - [TEST_CASE][PASSED] - Test Cases/CURA Web Test/TC21 - Login using StudioAssist: Test Cases/CURA Web Test/TC21 - Login using StudioAssist

13-07-2024T22:53:20 - [TEST_STEP][PASSED] - openBrowser(""): Browser is opened with url: ''

13-07-2024T22:53:20 - [MESSAGE][INFO] - Starting 'Chrome' driver

13-07-2024T22:53:20 - [MESSAGE][INFO] - Action delay is set to 0 milliseconds

13-07-2024T22:53:21 - [MESSAGE][PASSED] - Browser is opened with url: ''

13-07-2024T22:53:21 - [TEST_STEP][PASSED] - navigateToUrl("https://katalon-demo-cura.herokuapp.com/"): Navigate to 'https://katalon-demo-cura.herokuapp.com/' successfully

13-07-2024T22:53:24 - [MESSAGE][PASSED] - Navigate to 'https://katalon-demo-cura.herokuapp.com/' successfully

13-07-2024T22:53:24 - [TEST_STEP][PASSED] - click(findTestObject("1. CURA Object button/Make Appointment")): Object: 'Object Repository/1. CURA Object button/Make Appointment' is clicked on

13-07-2024T22:53:25 - [MESSAGE][PASSED] - Object: 'Object Repository/1. CURA Object button/Make Appointment' is clicked on

13-07-2024T22:53:25 - [TEST_STEP][PASSED] - setText(findTestObject("1. CURA Object button/Username"), username): Text 'John Doe' is set on object 'Object Repository/1. CURA Object button/Username'

13-07-2024T22:53:25 - [MESSAGE][PASSED] - Text 'John Doe' is set on object 'Object Repository/1. CURA Object button/Username'

13-07-2024T22:53:25 - [TEST_STEP][PASSED] - setText(findTestObject("1. CURA Object button/Password"), password): Text 'ThisIsNotAPassword' is set on object 'Object Repository/1. CURA Object button/Password'

13-07-2024T22:53:26 - [MESSAGE][PASSED] - Text 'ThisIsNotAPassword' is set on object 'Object Repository/1. CURA Object button/Password'

13-07-2024T22:53:26 - [TEST_STEP][PASSED] - click(findTestObject("1. CURA Object button/Login Button")): Object: 'Object Repository/1. CURA Object button/Login Button' is clicked on

13-07-2024T22:53:27 - [MESSAGE][PASSED] - Object: 'Object Repository/1. CURA Object button/Login Button' is clicked on

13-07-2024T22:53:27 - [TEST_STEP][PASSED] - verifyElementText(findTestObject("2. CURA Object Text/Make Appointment"), "Make Appointment"): Actual text and expected text of test object 'Object Repository/2. CURA Object Text/Make Appointment' are matched.

13-07-2024T22:53:27 - [MESSAGE][PASSED] - Actual text and expected text of test object 'Object Repository/2. CURA Object Text/Make Appointment' are matched.]]></system-out>
         <system-err><![CDATA[]]></system-err>
      </testcase>
      <testcase name="Test Cases/CURA Web Test/TC22 - Hongkong appointment using StudioAssist" time="5.218" classname="Test Cases/CURA Web Test/TC22 - Hongkong appointment using StudioAssist" status="PASSED">
         <system-out><![CDATA[13-07-2024T22:53:27 - [TEST_CASE][PASSED] - Test Cases/CURA Web Test/TC22 - Hongkong appointment using StudioAssist: Test Cases/CURA Web Test/TC22 - Hongkong appointment using StudioAssist

13-07-2024T22:53:27 - [TEST_STEP][PASSED] - verifyElementText(findTestObject("2. CURA Object Text/Make Appointment"), "Make Appointment"): Actual text and expected text of test object 'Object Repository/2. CURA Object Text/Make Appointment' are matched.

13-07-2024T22:53:28 - [MESSAGE][PASSED] - Actual text and expected text of test object 'Object Repository/2. CURA Object Text/Make Appointment' are matched.

13-07-2024T22:53:28 - [TEST_STEP][PASSED] - selectOptionByValue(findTestObject("1. CURA Object button/Facility"), "Hongkong CURA Healthcare Center", true): All options with value 'Hongkong CURA Healthcare Center' are selected in object 'Object Repository/1. CURA Object button/Facility'  using regular expression

13-07-2024T22:53:29 - [MESSAGE][PASSED] - All options with value 'Hongkong CURA Healthcare Center' are selected in object 'Object Repository/1. CURA Object button/Facility'  using regular expression

13-07-2024T22:53:29 - [TEST_STEP][PASSED] - click(findTestObject("1. CURA Object button/Hospital Readmission")): Object: 'Object Repository/1. CURA Object button/Hospital Readmission' is clicked on

13-07-2024T22:53:29 - [MESSAGE][PASSED] - Object: 'Object Repository/1. CURA Object button/Hospital Readmission' is clicked on

13-07-2024T22:53:29 - [TEST_STEP][PASSED] - click(findTestObject("1. CURA Object button/None")): Object: 'Object Repository/1. CURA Object button/None' is clicked on

13-07-2024T22:53:29 - [MESSAGE][PASSED] - Object: 'Object Repository/1. CURA Object button/None' is clicked on

13-07-2024T22:53:29 - [TEST_STEP][PASSED] - setText(findTestObject("1. CURA Object button/Visit Date"), "02/07/2025"): Text '02/07/2025' is set on object 'Object Repository/1. CURA Object button/Visit Date'

13-07-2024T22:53:30 - [MESSAGE][PASSED] - Text '02/07/2025' is set on object 'Object Repository/1. CURA Object button/Visit Date'

13-07-2024T22:53:30 - [TEST_STEP][PASSED] - setText(findTestObject("1. CURA Object button/Comment"), "Meet dr. Alexandra Abraham"): Text 'Meet dr. Alexandra Abraham' is set on object 'Object Repository/1. CURA Object button/Comment'

13-07-2024T22:53:31 - [MESSAGE][PASSED] - Text 'Meet dr. Alexandra Abraham' is set on object 'Object Repository/1. CURA Object button/Comment'

13-07-2024T22:53:31 - [TEST_STEP][PASSED] - click(findTestObject("1. CURA Object button/Book Appointment")): Object: 'Object Repository/1. CURA Object button/Book Appointment' is clicked on

13-07-2024T22:53:31 - [MESSAGE][PASSED] - Object: 'Object Repository/1. CURA Object button/Book Appointment' is clicked on

13-07-2024T22:53:31 - [TEST_STEP][PASSED] - click(findTestObject("1. CURA Object button/Menu")): Object: 'Object Repository/1. CURA Object button/Menu' is clicked on

13-07-2024T22:53:32 - [MESSAGE][PASSED] - Object: 'Object Repository/1. CURA Object button/Menu' is clicked on

13-07-2024T22:53:32 - [TEST_STEP][PASSED] - click(findTestObject("1. CURA Object button/Home")): Object: 'Object Repository/1. CURA Object button/Home' is clicked on

13-07-2024T22:53:32 - [MESSAGE][PASSED] - Object: 'Object Repository/1. CURA Object button/Home' is clicked on

13-07-2024T22:53:32 - [TEST_STEP][PASSED] - click(findTestObject("1. CURA Object button/Make Appointment")): Object: 'Object Repository/1. CURA Object button/Make Appointment' is clicked on

13-07-2024T22:53:33 - [MESSAGE][PASSED] - Object: 'Object Repository/1. CURA Object button/Make Appointment' is clicked on]]></system-out>
         <system-err><![CDATA[]]></system-err>
      </testcase>
      <testcase name="Test Cases/CURA Web Test/TC23 - Seoul appointment using StudioAssist" time="5.248" classname="Test Cases/CURA Web Test/TC23 - Seoul appointment using StudioAssist" status="PASSED">
         <system-out><![CDATA[13-07-2024T22:53:33 - [TEST_CASE][PASSED] - Test Cases/CURA Web Test/TC23 - Seoul appointment using StudioAssist: Test Cases/CURA Web Test/TC23 - Seoul appointment using StudioAssist

13-07-2024T22:53:33 - [TEST_STEP][PASSED] - selectOptionByValue(findTestObject("1. CURA Object button/Facility"), "Seoul CURA Healthcare Center", true): All options with value 'Seoul CURA Healthcare Center' are selected in object 'Object Repository/1. CURA Object button/Facility'  using regular expression

13-07-2024T22:53:34 - [MESSAGE][PASSED] - All options with value 'Seoul CURA Healthcare Center' are selected in object 'Object Repository/1. CURA Object button/Facility'  using regular expression

13-07-2024T22:53:34 - [TEST_STEP][PASSED] - click(findTestObject("1. CURA Object button/Hospital Readmission")): Object: 'Object Repository/1. CURA Object button/Hospital Readmission' is clicked on

13-07-2024T22:53:34 - [MESSAGE][PASSED] - Object: 'Object Repository/1. CURA Object button/Hospital Readmission' is clicked on

13-07-2024T22:53:34 - [TEST_STEP][PASSED] - click(findTestObject("1. CURA Object button/Medicare")): Object: 'Object Repository/1. CURA Object button/Medicare' is clicked on

13-07-2024T22:53:34 - [MESSAGE][PASSED] - Object: 'Object Repository/1. CURA Object button/Medicare' is clicked on

13-07-2024T22:53:34 - [TEST_STEP][PASSED] - setText(findTestObject("1. CURA Object button/Visit Date"), "05/08/2024"): Text '05/08/2024' is set on object 'Object Repository/1. CURA Object button/Visit Date'

13-07-2024T22:53:35 - [MESSAGE][PASSED] - Text '05/08/2024' is set on object 'Object Repository/1. CURA Object button/Visit Date'

13-07-2024T22:53:35 - [TEST_STEP][PASSED] - setText(findTestObject("1. CURA Object button/Comment"), "I wanna reschedule to 06 August 2024"): Text 'I wanna reschedule to 06 August 2024' is set on object 'Object Repository/1. CURA Object button/Comment'

13-07-2024T22:53:36 - [MESSAGE][PASSED] - Text 'I wanna reschedule to 06 August 2024' is set on object 'Object Repository/1. CURA Object button/Comment'

13-07-2024T22:53:36 - [TEST_STEP][PASSED] - click(findTestObject("1. CURA Object button/Book Appointment")): Object: 'Object Repository/1. CURA Object button/Book Appointment' is clicked on

13-07-2024T22:53:36 - [MESSAGE][PASSED] - Object: 'Object Repository/1. CURA Object button/Book Appointment' is clicked on

13-07-2024T22:53:36 - [TEST_STEP][PASSED] - click(findTestObject("1. CURA Object button/Menu")): Object: 'Object Repository/1. CURA Object button/Menu' is clicked on

13-07-2024T22:53:37 - [MESSAGE][PASSED] - Object: 'Object Repository/1. CURA Object button/Menu' is clicked on

13-07-2024T22:53:37 - [TEST_STEP][PASSED] - click(findTestObject("1. CURA Object button/Home")): Object: 'Object Repository/1. CURA Object button/Home' is clicked on

13-07-2024T22:53:38 - [MESSAGE][PASSED] - Object: 'Object Repository/1. CURA Object button/Home' is clicked on

13-07-2024T22:53:38 - [TEST_STEP][PASSED] - click(findTestObject("1. CURA Object button/Make Appointment")): Object: 'Object Repository/1. CURA Object button/Make Appointment' is clicked on

13-07-2024T22:53:38 - [MESSAGE][PASSED] - Object: 'Object Repository/1. CURA Object button/Make Appointment' is clicked on]]></system-out>
         <system-err><![CDATA[]]></system-err>
      </testcase>
      <testcase name="Test Cases/CURA Web Test/TC24 - Tokyo appointment using StudioAssist" time="4.066" classname="Test Cases/CURA Web Test/TC24 - Tokyo appointment using StudioAssist" status="PASSED">
         <system-out><![CDATA[13-07-2024T22:53:38 - [TEST_CASE][PASSED] - Test Cases/CURA Web Test/TC24 - Tokyo appointment using StudioAssist: Test Cases/CURA Web Test/TC24 - Tokyo appointment using StudioAssist

13-07-2024T22:53:38 - [TEST_STEP][PASSED] - selectOptionByValue(findTestObject("1. CURA Object button/Facility"), "Tokyo CURA Healthcare Center", true): All options with value 'Tokyo CURA Healthcare Center' are selected in object 'Object Repository/1. CURA Object button/Facility'  using regular expression

13-07-2024T22:53:39 - [MESSAGE][PASSED] - All options with value 'Tokyo CURA Healthcare Center' are selected in object 'Object Repository/1. CURA Object button/Facility'  using regular expression

13-07-2024T22:53:39 - [TEST_STEP][PASSED] - click(findTestObject("1. CURA Object button/Medicaid")): Object: 'Object Repository/1. CURA Object button/Medicaid' is clicked on

13-07-2024T22:53:39 - [MESSAGE][PASSED] - Object: 'Object Repository/1. CURA Object button/Medicaid' is clicked on

13-07-2024T22:53:39 - [TEST_STEP][PASSED] - click(findTestObject("1. CURA Object button/Visit Date")): Object: 'Object Repository/1. CURA Object button/Visit Date' is clicked on

13-07-2024T22:53:40 - [MESSAGE][PASSED] - Object: 'Object Repository/1. CURA Object button/Visit Date' is clicked on

13-07-2024T22:53:40 - [TEST_STEP][PASSED] - setText(findTestObject("1. CURA Object button/Visit Date"), "09/09/2024"): Text '09/09/2024' is set on object 'Object Repository/1. CURA Object button/Visit Date'

13-07-2024T22:53:40 - [MESSAGE][PASSED] - Text '09/09/2024' is set on object 'Object Repository/1. CURA Object button/Visit Date'

13-07-2024T22:53:40 - [TEST_STEP][PASSED] - setText(findTestObject("1. CURA Object button/Comment"), "Meet dr. Setiadi at 09:00 AM"): Text 'Meet dr. Setiadi at 09:00 AM' is set on object 'Object Repository/1. CURA Object button/Comment'

13-07-2024T22:53:41 - [MESSAGE][PASSED] - Text 'Meet dr. Setiadi at 09:00 AM' is set on object 'Object Repository/1. CURA Object button/Comment'

13-07-2024T22:53:41 - [TEST_STEP][PASSED] - click(findTestObject("1. CURA Object button/Book Appointment")): Object: 'Object Repository/1. CURA Object button/Book Appointment' is clicked on

13-07-2024T22:53:42 - [MESSAGE][PASSED] - Object: 'Object Repository/1. CURA Object button/Book Appointment' is clicked on]]></system-out>
         <system-err><![CDATA[]]></system-err>
      </testcase>
      <system-out><![CDATA[13-07-2024T22:53:20 - [TEST_SUITE][PASSED] - TS13 - Script using StudioAssist: Test Cases/CURA Web Test/TC24 - Tokyo appointment using StudioAssist]]></system-out>
      <system-err><![CDATA[]]></system-err>
   </testsuite>
   <testsuite name="TS14 - Login and Logout using Keywords" tests="3" failures="0" errors="0" time="9.462" skipped="0" timestamp="13-07-2024T22:53:53" hostname="Lenovo - LAPTOP-7QB5JFLU" id="Test Suites/CURA Test suites/TS14 - Login and Logout using Keywords">
      <properties>
         <property name="deviceName" value=""/>
         <property name="devicePlatform"/>
         <property name="logFolder" value="C:\\Users\\Lenovo\\git\\KatalonPractitionerLevel\\Reports\\20240713_224359\\CURA Test suites\\TS14 - Login and Logout using Keywords\\20240713_224426"/>
         <property name="logFiles" value="C:\\Users\\Lenovo\\git\\KatalonPractitionerLevel\\Reports\\20240713_224359\\CURA Test suites\\TS14 - Login and Logout using Keywords\\20240713_224426\\execution0.log"/>
         <property name="attachments" value=""/>
         <property name="hostName" value="Lenovo - LAPTOP-7QB5JFLU"/>
         <property name="os" value="Windows 11 64bit"/>
         <property name="katalonVersion" value="9.6.0.217"/>
         <property name="browser" value="Chrome 126.0.0.0"/>
         <property name="hostAddress" value="192.168.1.12"/>
         <property name="sessionId" value="c20e90a27a5dfd48e7475c6666b7fcb6"/>
         <property name="seleniumVersion" value="3.141.59"/>
         <property name="proxyInformation" value="ProxyInformation { proxyOption=NO_PROXY, proxyServerType=HTTP, username=, password=********, proxyServerAddress=, proxyServerPort=0, executionList=&quot;&quot;, isApplyToDesiredCapabilities=true }"/>
         <property name="platform" value="Windows 11"/>
      </properties>
      <testcase name="Test Cases/CURA Web Test/TC26 - Open browser using Keywords" time="4.319" classname="Test Cases/CURA Web Test/TC26 - Open browser using Keywords" status="PASSED">
         <system-out><![CDATA[13-07-2024T22:53:53 - [TEST_CASE][PASSED] - Test Cases/CURA Web Test/TC26 - Open browser using Keywords: Test Cases/CURA Web Test/TC26 - Open browser using Keywords

13-07-2024T22:53:53 - [TEST_STEP][PASSED] - propertiesPage.openBrowser.main(): propertiesPage.openBrowser.main is PASSED

13-07-2024T22:53:53 - [MESSAGE][INFO] - Starting 'Chrome' driver

13-07-2024T22:53:53 - [MESSAGE][INFO] - Action delay is set to 0 milliseconds

13-07-2024T22:53:54 - [MESSAGE][PASSED] - Browser is opened with url: ''

13-07-2024T22:53:57 - [MESSAGE][PASSED] - Navigate to 'https://katalon-demo-cura.herokuapp.com/' successfully

13-07-2024T22:53:57 - [MESSAGE][PASSED] - propertiesPage.openBrowser.main is PASSED]]></system-out>
         <system-err><![CDATA[]]></system-err>
      </testcase>
      <testcase name="Test Cases/CURA Web Test/TC27 - Login using Keywords" time="3.223" classname="Test Cases/CURA Web Test/TC27 - Login using Keywords" status="PASSED">
         <system-out><![CDATA[13-07-2024T22:53:57 - [TEST_CASE][PASSED] - Test Cases/CURA Web Test/TC27 - Login using Keywords: Test Cases/CURA Web Test/TC27 - Login using Keywords

13-07-2024T22:53:57 - [TEST_STEP][PASSED] - propertiesPage.loginMenu.main(): propertiesPage.loginMenu.main is PASSED

13-07-2024T22:53:58 - [MESSAGE][PASSED] - Object: 'Object Repository/1. CURA Object button/Make Appointment' is clicked on

13-07-2024T22:53:59 - [MESSAGE][PASSED] - Actual text and expected text of test object 'Object Repository/2. CURA Object Text/Login Text' are matched.

13-07-2024T22:53:59 - [MESSAGE][PASSED] - Text 'John Doe' is set on object 'Object Repository/1. CURA Object button/Username'

13-07-2024T22:54:00 - [MESSAGE][PASSED] - Text 'ThisIsNotAPassword' is set on object 'Object Repository/1. CURA Object button/Password'

13-07-2024T22:54:01 - [MESSAGE][PASSED] - Object: 'Object Repository/1. CURA Object button/Login Button' is clicked on

13-07-2024T22:54:01 - [MESSAGE][PASSED] - propertiesPage.loginMenu.main is PASSED]]></system-out>
         <system-err><![CDATA[]]></system-err>
      </testcase>
      <testcase name="Test Cases/CURA Web Test/TC31- Logout using Keywords" time="1.784" classname="Test Cases/CURA Web Test/TC31- Logout using Keywords" status="PASSED">
         <system-out><![CDATA[13-07-2024T22:54:01 - [TEST_CASE][PASSED] - Test Cases/CURA Web Test/TC31- Logout using Keywords: Test Cases/CURA Web Test/TC31- Logout using Keywords

13-07-2024T22:54:01 - [TEST_STEP][PASSED] - propertiesPage.logoutMenu.main(): propertiesPage.logoutMenu.main is PASSED

13-07-2024T22:54:01 - [MESSAGE][PASSED] - Actual text and expected text of test object 'Object Repository/2. CURA Object Text/Make Appointment' are matched.

13-07-2024T22:54:01 - [MESSAGE][PASSED] - Object: 'Object Repository/1. CURA Object button/Menu' is clicked on

13-07-2024T22:54:02 - [MESSAGE][PASSED] - Object: 'Object Repository/1. CURA Object button/Logout' is clicked on

13-07-2024T22:54:02 - [MESSAGE][PASSED] - Browser is closed

13-07-2024T22:54:02 - [MESSAGE][PASSED] - propertiesPage.logoutMenu.main is PASSED]]></system-out>
         <system-err><![CDATA[]]></system-err>
      </testcase>
      <system-out><![CDATA[13-07-2024T22:53:53 - [TEST_SUITE][PASSED] - TS14 - Login and Logout using Keywords: Test Cases/CURA Web Test/TC31- Logout using Keywords]]></system-out>
      <system-err><![CDATA[]]></system-err>
   </testsuite>
   <testsuite name="TS15 - Make appointment using Keywords" tests="6" failures="0" errors="0" time="43.833" skipped="0" timestamp="13-07-2024T22:54:14" hostname="Lenovo - LAPTOP-7QB5JFLU" id="Test Suites/CURA Test suites/TS15 - Make appointment using Keywords">
      <properties>
         <property name="deviceName" value=""/>
         <property name="devicePlatform"/>
         <property name="logFolder" value="C:\\Users\\Lenovo\\git\\KatalonPractitionerLevel\\Reports\\20240713_224359\\CURA Test suites\\TS15 - Make appointment using Keywords\\20240713_224428"/>
         <property name="logFiles" value="C:\\Users\\Lenovo\\git\\KatalonPractitionerLevel\\Reports\\20240713_224359\\CURA Test suites\\TS15 - Make appointment using Keywords\\20240713_224428\\execution0.log"/>
         <property name="attachments" value=""/>
         <property name="hostName" value="Lenovo - LAPTOP-7QB5JFLU"/>
         <property name="os" value="Windows 11 64bit"/>
         <property name="katalonVersion" value="9.6.0.217"/>
         <property name="browser" value="Chrome 126.0.0.0"/>
         <property name="hostAddress" value="192.168.1.12"/>
         <property name="sessionId" value="03a421e8af79ad9912fe6d3234832ce1"/>
         <property name="seleniumVersion" value="3.141.59"/>
         <property name="proxyInformation" value="ProxyInformation { proxyOption=NO_PROXY, proxyServerType=HTTP, username=, password=********, proxyServerAddress=, proxyServerPort=0, executionList=&quot;&quot;, isApplyToDesiredCapabilities=true }"/>
         <property name="platform" value="Windows 11"/>
      </properties>
      <testcase name="Test Cases/CURA Web Test/TC26 - Open browser using Keywords" time="4.477" classname="Test Cases/CURA Web Test/TC26 - Open browser using Keywords" status="PASSED">
         <system-out><![CDATA[13-07-2024T22:54:14 - [TEST_CASE][PASSED] - Test Cases/CURA Web Test/TC26 - Open browser using Keywords: Test Cases/CURA Web Test/TC26 - Open browser using Keywords

13-07-2024T22:54:14 - [TEST_STEP][PASSED] - propertiesPage.openBrowser.main(): propertiesPage.openBrowser.main is PASSED

13-07-2024T22:54:14 - [MESSAGE][INFO] - Starting 'Chrome' driver

13-07-2024T22:54:14 - [MESSAGE][INFO] - Action delay is set to 0 milliseconds

13-07-2024T22:54:15 - [MESSAGE][PASSED] - Browser is opened with url: ''

13-07-2024T22:54:18 - [MESSAGE][PASSED] - Navigate to 'https://katalon-demo-cura.herokuapp.com/' successfully

13-07-2024T22:54:18 - [MESSAGE][PASSED] - propertiesPage.openBrowser.main is PASSED]]></system-out>
         <system-err><![CDATA[]]></system-err>
      </testcase>
      <testcase name="Test Cases/CURA Web Test/TC27 - Login using Keywords" time="3.319" classname="Test Cases/CURA Web Test/TC27 - Login using Keywords" status="PASSED">
         <system-out><![CDATA[13-07-2024T22:54:18 - [TEST_CASE][PASSED] - Test Cases/CURA Web Test/TC27 - Login using Keywords: Test Cases/CURA Web Test/TC27 - Login using Keywords

13-07-2024T22:54:18 - [TEST_STEP][PASSED] - propertiesPage.loginMenu.main(): propertiesPage.loginMenu.main is PASSED

13-07-2024T22:54:19 - [MESSAGE][PASSED] - Object: 'Object Repository/1. CURA Object button/Make Appointment' is clicked on

13-07-2024T22:54:20 - [MESSAGE][PASSED] - Actual text and expected text of test object 'Object Repository/2. CURA Object Text/Login Text' are matched.

13-07-2024T22:54:20 - [MESSAGE][PASSED] - Text 'John Doe' is set on object 'Object Repository/1. CURA Object button/Username'

13-07-2024T22:54:21 - [MESSAGE][PASSED] - Text 'ThisIsNotAPassword' is set on object 'Object Repository/1. CURA Object button/Password'

13-07-2024T22:54:22 - [MESSAGE][PASSED] - Object: 'Object Repository/1. CURA Object button/Login Button' is clicked on

13-07-2024T22:54:22 - [MESSAGE][PASSED] - propertiesPage.loginMenu.main is PASSED]]></system-out>
         <system-err><![CDATA[]]></system-err>
      </testcase>
      <testcase name="Test Cases/CURA Web Test/TC31- Logout using Keywords" time="1.587" classname="Test Cases/CURA Web Test/TC31- Logout using Keywords" status="PASSED">
         <system-out><![CDATA[13-07-2024T22:54:22 - [TEST_CASE][PASSED] - Test Cases/CURA Web Test/TC31- Logout using Keywords: Test Cases/CURA Web Test/TC31- Logout using Keywords

13-07-2024T22:54:22 - [TEST_STEP][PASSED] - propertiesPage.logoutMenu.main(): propertiesPage.logoutMenu.main is PASSED

13-07-2024T22:54:22 - [MESSAGE][PASSED] - Actual text and expected text of test object 'Object Repository/2. CURA Object Text/Make Appointment' are matched.

13-07-2024T22:54:22 - [MESSAGE][PASSED] - Object: 'Object Repository/1. CURA Object button/Menu' is clicked on

13-07-2024T22:54:23 - [MESSAGE][PASSED] - Object: 'Object Repository/1. CURA Object button/Logout' is clicked on

13-07-2024T22:54:23 - [MESSAGE][PASSED] - Browser is closed

13-07-2024T22:54:23 - [MESSAGE][PASSED] - propertiesPage.logoutMenu.main is PASSED]]></system-out>
         <system-err><![CDATA[]]></system-err>
      </testcase>
      <testcase name="Test Cases/CURA Web Test/TC28 - Seoul Appointment using Keywords" time="11.839" classname="Test Cases/CURA Web Test/TC28 - Seoul Appointment using Keywords" status="PASSED">
         <system-out><![CDATA[13-07-2024T22:54:23 - [TEST_CASE][PASSED] - Test Cases/CURA Web Test/TC28 - Seoul Appointment using Keywords: Test Cases/CURA Web Test/TC28 - Seoul Appointment using Keywords

13-07-2024T22:54:23 - [TEST_STEP][PASSED] - propertiesPage.openBrowser.main(): propertiesPage.openBrowser.main is PASSED

13-07-2024T22:54:23 - [MESSAGE][INFO] - Starting 'Chrome' driver

13-07-2024T22:54:23 - [MESSAGE][INFO] - Action delay is set to 0 milliseconds

13-07-2024T22:54:24 - [MESSAGE][PASSED] - Browser is opened with url: ''

13-07-2024T22:54:27 - [MESSAGE][PASSED] - Navigate to 'https://katalon-demo-cura.herokuapp.com/' successfully

13-07-2024T22:54:27 - [MESSAGE][PASSED] - propertiesPage.openBrowser.main is PASSED

13-07-2024T22:54:27 - [TEST_STEP][PASSED] - propertiesPage.loginMenu.main(): propertiesPage.loginMenu.main is PASSED

13-07-2024T22:54:27 - [MESSAGE][PASSED] - Object: 'Object Repository/1. CURA Object button/Make Appointment' is clicked on

13-07-2024T22:54:28 - [MESSAGE][PASSED] - Actual text and expected text of test object 'Object Repository/2. CURA Object Text/Login Text' are matched.

13-07-2024T22:54:28 - [MESSAGE][PASSED] - Text 'John Doe' is set on object 'Object Repository/1. CURA Object button/Username'

13-07-2024T22:54:29 - [MESSAGE][PASSED] - Text 'ThisIsNotAPassword' is set on object 'Object Repository/1. CURA Object button/Password'

13-07-2024T22:54:30 - [MESSAGE][PASSED] - Object: 'Object Repository/1. CURA Object button/Login Button' is clicked on

13-07-2024T22:54:30 - [MESSAGE][PASSED] - propertiesPage.loginMenu.main is PASSED

13-07-2024T22:54:30 - [TEST_STEP][PASSED] - appointmentPage.facilitySeoul.menu(): appointmentPage.facilitySeoul.menu is PASSED

13-07-2024T22:54:31 - [MESSAGE][PASSED] - All options with value 'Seoul CURA Healthcare Center' are selected in object 'Object Repository/1. CURA Object button/Facility'  using regular expression

13-07-2024T22:54:31 - [MESSAGE][PASSED] - appointmentPage.facilitySeoul.menu is PASSED

13-07-2024T22:54:31 - [TEST_STEP][PASSED] - click(findTestObject("1. CURA Object button/Hospital Readmission")): Object: 'Object Repository/1. CURA Object button/Hospital Readmission' is clicked on

13-07-2024T22:54:31 - [MESSAGE][PASSED] - Object: 'Object Repository/1. CURA Object button/Hospital Readmission' is clicked on

13-07-2024T22:54:31 - [TEST_STEP][PASSED] - healthcareProgram.medicaidProgram.main(): healthcareProgram.medicaidProgram.main is PASSED

13-07-2024T22:54:31 - [MESSAGE][PASSED] - Object: 'Object Repository/1. CURA Object button/Medicaid' is clicked on

13-07-2024T22:54:31 - [MESSAGE][PASSED] - healthcareProgram.medicaidProgram.main is PASSED

13-07-2024T22:54:31 - [TEST_STEP][PASSED] - setText(findTestObject("1. CURA Object button/Visit Date"), "03/08/2024"): Text '03/08/2024' is set on object 'Object Repository/1. CURA Object button/Visit Date'

13-07-2024T22:54:32 - [MESSAGE][PASSED] - Text '03/08/2024' is set on object 'Object Repository/1. CURA Object button/Visit Date'

13-07-2024T22:54:32 - [TEST_STEP][PASSED] - setText(findTestObject("1. CURA Object button/Comment"), "I wanna meet dr. Andira"): Text 'I wanna meet dr. Andira' is set on object 'Object Repository/1. CURA Object button/Comment'

13-07-2024T22:54:33 - [MESSAGE][PASSED] - Text 'I wanna meet dr. Andira' is set on object 'Object Repository/1. CURA Object button/Comment'

13-07-2024T22:54:33 - [TEST_STEP][PASSED] - click(findTestObject("1. CURA Object button/Book Appointment")): Object: 'Object Repository/1. CURA Object button/Book Appointment' is clicked on

13-07-2024T22:54:33 - [MESSAGE][PASSED] - Object: 'Object Repository/1. CURA Object button/Book Appointment' is clicked on

13-07-2024T22:54:33 - [TEST_STEP][PASSED] - propertiesPage.logoutMenu.main(): propertiesPage.logoutMenu.main is PASSED

13-07-2024T22:54:34 - [MESSAGE][PASSED] - Actual text and expected text of test object 'Object Repository/2. CURA Object Text/Make Appointment' are matched.

13-07-2024T22:54:34 - [MESSAGE][PASSED] - Object: 'Object Repository/1. CURA Object button/Menu' is clicked on

13-07-2024T22:54:35 - [MESSAGE][PASSED] - Object: 'Object Repository/1. CURA Object button/Logout' is clicked on

13-07-2024T22:54:35 - [MESSAGE][PASSED] - Browser is closed

13-07-2024T22:54:35 - [MESSAGE][PASSED] - propertiesPage.logoutMenu.main is PASSED]]></system-out>
         <system-err><![CDATA[]]></system-err>
      </testcase>
      <testcase name="Test Cases/CURA Web Test/TC29 - Hongkong appointment using Keywords" time="11.273" classname="Test Cases/CURA Web Test/TC29 - Hongkong appointment using Keywords" status="PASSED">
         <system-out><![CDATA[13-07-2024T22:54:35 - [TEST_CASE][PASSED] - Test Cases/CURA Web Test/TC29 - Hongkong appointment using Keywords: Test Cases/CURA Web Test/TC29 - Hongkong appointment using Keywords

13-07-2024T22:54:35 - [TEST_STEP][PASSED] - propertiesPage.openBrowser.main(): propertiesPage.openBrowser.main is PASSED

13-07-2024T22:54:35 - [MESSAGE][INFO] - Starting 'Chrome' driver

13-07-2024T22:54:35 - [MESSAGE][INFO] - Action delay is set to 0 milliseconds

13-07-2024T22:54:36 - [MESSAGE][PASSED] - Browser is opened with url: ''

13-07-2024T22:54:38 - [MESSAGE][PASSED] - Navigate to 'https://katalon-demo-cura.herokuapp.com/' successfully

13-07-2024T22:54:38 - [MESSAGE][PASSED] - propertiesPage.openBrowser.main is PASSED

13-07-2024T22:54:38 - [TEST_STEP][PASSED] - propertiesPage.loginMenu.main(): propertiesPage.loginMenu.main is PASSED

13-07-2024T22:54:39 - [MESSAGE][PASSED] - Object: 'Object Repository/1. CURA Object button/Make Appointment' is clicked on

13-07-2024T22:54:39 - [MESSAGE][PASSED] - Actual text and expected text of test object 'Object Repository/2. CURA Object Text/Login Text' are matched.

13-07-2024T22:54:40 - [MESSAGE][PASSED] - Text 'John Doe' is set on object 'Object Repository/1. CURA Object button/Username'

13-07-2024T22:54:41 - [MESSAGE][PASSED] - Text 'ThisIsNotAPassword' is set on object 'Object Repository/1. CURA Object button/Password'

13-07-2024T22:54:41 - [MESSAGE][PASSED] - Object: 'Object Repository/1. CURA Object button/Login Button' is clicked on

13-07-2024T22:54:41 - [MESSAGE][PASSED] - propertiesPage.loginMenu.main is PASSED

13-07-2024T22:54:41 - [TEST_STEP][PASSED] - appointmentPage.facilityHongkong.main(): appointmentPage.facilityHongkong.main is PASSED

13-07-2024T22:54:43 - [MESSAGE][PASSED] - All options with value 'Hongkong CURA Healthcare Center' are selected in object 'Object Repository/1. CURA Object button/Facility'  using regular expression

13-07-2024T22:54:43 - [MESSAGE][PASSED] - appointmentPage.facilityHongkong.main is PASSED

13-07-2024T22:54:43 - [TEST_STEP][PASSED] - healthcareProgram.medicareProgram.main(): healthcareProgram.medicareProgram.main is PASSED

13-07-2024T22:54:43 - [MESSAGE][PASSED] - Object: 'Object Repository/1. CURA Object button/Medicare' is clicked on

13-07-2024T22:54:43 - [MESSAGE][PASSED] - healthcareProgram.medicareProgram.main is PASSED

13-07-2024T22:54:43 - [TEST_STEP][PASSED] - setText(findTestObject("1. CURA Object button/Visit Date"), "04/09/2024"): Text '04/09/2024' is set on object 'Object Repository/1. CURA Object button/Visit Date'

13-07-2024T22:54:43 - [MESSAGE][PASSED] - Text '04/09/2024' is set on object 'Object Repository/1. CURA Object button/Visit Date'

13-07-2024T22:54:43 - [TEST_STEP][PASSED] - setText(findTestObject("1. CURA Object button/Comment"), "I wanna reschedule my appointment to 05/09/2024"): Text 'I wanna reschedule my appointment to 05/09/2024' is set on object 'Object Repository/1. CURA Object button/Comment'

13-07-2024T22:54:44 - [MESSAGE][PASSED] - Text 'I wanna reschedule my appointment to 05/09/2024' is set on object 'Object Repository/1. CURA Object button/Comment'

13-07-2024T22:54:44 - [TEST_STEP][PASSED] - click(findTestObject("1. CURA Object button/Book Appointment")): Object: 'Object Repository/1. CURA Object button/Book Appointment' is clicked on

13-07-2024T22:54:45 - [MESSAGE][PASSED] - Object: 'Object Repository/1. CURA Object button/Book Appointment' is clicked on

13-07-2024T22:54:45 - [TEST_STEP][PASSED] - propertiesPage.logoutMenu.main(): propertiesPage.logoutMenu.main is PASSED

13-07-2024T22:54:45 - [MESSAGE][PASSED] - Actual text and expected text of test object 'Object Repository/2. CURA Object Text/Make Appointment' are matched.

13-07-2024T22:54:45 - [MESSAGE][PASSED] - Object: 'Object Repository/1. CURA Object button/Menu' is clicked on

13-07-2024T22:54:46 - [MESSAGE][PASSED] - Object: 'Object Repository/1. CURA Object button/Logout' is clicked on

13-07-2024T22:54:46 - [MESSAGE][PASSED] - Browser is closed

13-07-2024T22:54:46 - [MESSAGE][PASSED] - propertiesPage.logoutMenu.main is PASSED]]></system-out>
         <system-err><![CDATA[]]></system-err>
      </testcase>
      <testcase name="Test Cases/CURA Web Test/TC30 - Tokyo appointment using Keywords" time="11.209" classname="Test Cases/CURA Web Test/TC30 - Tokyo appointment using Keywords" status="PASSED">
         <system-out><![CDATA[13-07-2024T22:54:46 - [TEST_CASE][PASSED] - Test Cases/CURA Web Test/TC30 - Tokyo appointment using Keywords: Test Cases/CURA Web Test/TC30 - Tokyo appointment using Keywords

13-07-2024T22:54:46 - [TEST_STEP][PASSED] - propertiesPage.openBrowser.main(): propertiesPage.openBrowser.main is PASSED

13-07-2024T22:54:46 - [MESSAGE][INFO] - Starting 'Chrome' driver

13-07-2024T22:54:46 - [MESSAGE][INFO] - Action delay is set to 0 milliseconds

13-07-2024T22:54:47 - [MESSAGE][PASSED] - Browser is opened with url: ''

13-07-2024T22:54:48 - [MESSAGE][PASSED] - Navigate to 'https://katalon-demo-cura.herokuapp.com/' successfully

13-07-2024T22:54:48 - [MESSAGE][PASSED] - propertiesPage.openBrowser.main is PASSED

13-07-2024T22:54:48 - [TEST_STEP][PASSED] - propertiesPage.loginMenu.main(): propertiesPage.loginMenu.main is PASSED

13-07-2024T22:54:50 - [MESSAGE][PASSED] - Object: 'Object Repository/1. CURA Object button/Make Appointment' is clicked on

13-07-2024T22:54:51 - [MESSAGE][PASSED] - Actual text and expected text of test object 'Object Repository/2. CURA Object Text/Login Text' are matched.

13-07-2024T22:54:51 - [MESSAGE][PASSED] - Text 'John Doe' is set on object 'Object Repository/1. CURA Object button/Username'

13-07-2024T22:54:52 - [MESSAGE][PASSED] - Text 'ThisIsNotAPassword' is set on object 'Object Repository/1. CURA Object button/Password'

13-07-2024T22:54:53 - [MESSAGE][PASSED] - Object: 'Object Repository/1. CURA Object button/Login Button' is clicked on

13-07-2024T22:54:53 - [MESSAGE][PASSED] - propertiesPage.loginMenu.main is PASSED

13-07-2024T22:54:53 - [TEST_STEP][PASSED] - appointmentPage.facilityTokyo.main(): appointmentPage.facilityTokyo.main is PASSED

13-07-2024T22:54:54 - [MESSAGE][PASSED] - All options with value 'Tokyo CURA Healthcare Center' are selected in object 'Object Repository/1. CURA Object button/Facility'  using regular expression

13-07-2024T22:54:54 - [MESSAGE][PASSED] - appointmentPage.facilityTokyo.main is PASSED

13-07-2024T22:54:54 - [TEST_STEP][PASSED] - click(findTestObject("1. CURA Object button/Hospital Readmission")): Object: 'Object Repository/1. CURA Object button/Hospital Readmission' is clicked on

13-07-2024T22:54:54 - [MESSAGE][PASSED] - Object: 'Object Repository/1. CURA Object button/Hospital Readmission' is clicked on

13-07-2024T22:54:54 - [TEST_STEP][PASSED] - healthcareProgram.noneProgram.main(): healthcareProgram.noneProgram.main is PASSED

13-07-2024T22:54:54 - [MESSAGE][PASSED] - Object: 'Object Repository/1. CURA Object button/None' is clicked on

13-07-2024T22:54:54 - [MESSAGE][PASSED] - healthcareProgram.noneProgram.main is PASSED

13-07-2024T22:54:54 - [TEST_STEP][PASSED] - setText(findTestObject("1. CURA Object button/Visit Date"), "03/07/2024"): Text '03/07/2024' is set on object 'Object Repository/1. CURA Object button/Visit Date'

13-07-2024T22:54:55 - [MESSAGE][PASSED] - Text '03/07/2024' is set on object 'Object Repository/1. CURA Object button/Visit Date'

13-07-2024T22:54:55 - [TEST_STEP][PASSED] - click(findTestObject("1. CURA Object button/Book Appointment")): Object: 'Object Repository/1. CURA Object button/Book Appointment' is clicked on

13-07-2024T22:54:56 - [MESSAGE][PASSED] - Object: 'Object Repository/1. CURA Object button/Book Appointment' is clicked on

13-07-2024T22:54:56 - [TEST_STEP][PASSED] - propertiesPage.logoutMenu.main(): propertiesPage.logoutMenu.main is PASSED

13-07-2024T22:54:56 - [MESSAGE][PASSED] - Actual text and expected text of test object 'Object Repository/2. CURA Object Text/Make Appointment' are matched.

13-07-2024T22:54:57 - [MESSAGE][PASSED] - Object: 'Object Repository/1. CURA Object button/Menu' is clicked on

13-07-2024T22:54:57 - [MESSAGE][PASSED] - Object: 'Object Repository/1. CURA Object button/Logout' is clicked on

13-07-2024T22:54:58 - [MESSAGE][PASSED] - Browser is closed

13-07-2024T22:54:58 - [MESSAGE][PASSED] - propertiesPage.logoutMenu.main is PASSED]]></system-out>
         <system-err><![CDATA[]]></system-err>
      </testcase>
      <system-out><![CDATA[13-07-2024T22:54:14 - [TEST_SUITE][PASSED] - TS15 - Make appointment using Keywords: Test Cases/CURA Web Test/TC30 - Tokyo appointment using Keywords]]></system-out>
      <system-err><![CDATA[]]></system-err>
   </testsuite>
</testsuites>
