<?xml version="1.0" encoding="UTF-8"?>
<testsuites name="TS11 - Tokyo appointment using data driven" time="154.639" tests="7" failures="0" errors="0">
   <testsuite name="TS11 - Tokyo appointment using data driven" tests="7" failures="0" errors="0" time="154.639" skipped="0" timestamp="02-07-2024T18:31:35" hostname="Lenovo - LAPTOP-7QB5JFLU" id="Test Suites/TS11 - Tokyo appointment using data driven">
      <properties>
         <property name="deviceName" value=""/>
         <property name="devicePlatform"/>
         <property name="logFolder" value="C:\\Users\\Lenovo\\git\\KatalonPractitionerLevel\\Reports\\20240702_183038\\TS11 - Tokyo appointment using data driven\\20240702_183041"/>
         <property name="logFiles" value="C:\\Users\\Lenovo\\git\\KatalonPractitionerLevel\\Reports\\20240702_183038\\TS11 - Tokyo appointment using data driven\\20240702_183041\\execution0.log"/>
         <property name="attachments" value=""/>
         <property name="hostName" value="Lenovo - LAPTOP-7QB5JFLU"/>
         <property name="os" value="Windows 11 64bit"/>
         <property name="katalonVersion" value="9.6.0.217"/>
         <property name="browser" value="Chrome 126.0.0.0"/>
         <property name="hostAddress" value="192.168.1.12"/>
         <property name="sessionId" value="1a5bc9db874ed3fefef53a7634831c8b"/>
         <property name="seleniumVersion" value="3.141.59"/>
         <property name="proxyInformation" value="ProxyInformation { proxyOption=NO_PROXY, proxyServerType=HTTP, username=, password=********, proxyServerAddress=, proxyServerPort=0, executionList=&quot;&quot;, isApplyToDesiredCapabilities=true }"/>
         <property name="platform" value="Windows 11"/>
      </properties>
      <testcase name="Test Cases/Test Case Properties/TCP01 - Open browser" time="4.654" classname="Test Cases/Test Case Properties/TCP01 - Open browser" status="PASSED">
         <system-out><![CDATA[02-07-2024T18:31:35 - [TEST_CASE][PASSED] - Test Cases/Test Case Properties/TCP01 - Open browser: Test Cases/Test Case Properties/TCP01 - Open browser

02-07-2024T18:31:36 - [TEST_STEP][PASSED] - openBrowser(""): Browser is opened with url: ''

02-07-2024T18:31:36 - [MESSAGE][INFO] - Starting 'Chrome' driver

02-07-2024T18:31:36 - [MESSAGE][INFO] - Action delay is set to 0 milliseconds

02-07-2024T18:31:37 - [MESSAGE][PASSED] - Browser is opened with url: ''

02-07-2024T18:31:37 - [TEST_STEP][PASSED] - navigateToUrl("https://katalon-demo-cura.herokuapp.com/"): Navigate to 'https://katalon-demo-cura.herokuapp.com/' successfully

02-07-2024T18:31:40 - [MESSAGE][PASSED] - Navigate to 'https://katalon-demo-cura.herokuapp.com/' successfully]]></system-out>
         <system-err><![CDATA[]]></system-err>
      </testcase>
      <testcase name="Test Cases/Test Case Properties/TCP02 - Login" time="4.452" classname="Test Cases/Test Case Properties/TCP02 - Login" status="PASSED">
         <system-out><![CDATA[02-07-2024T18:31:40 - [TEST_CASE][PASSED] - Test Cases/Test Case Properties/TCP02 - Login: Test Cases/Test Case Properties/TCP02 - Login

02-07-2024T18:31:40 - [TEST_STEP][PASSED] - click(findTestObject("1. CURA Test Object (Click, Set, Dropdown)/Make Appointment")): Object: 'Object Repository/1. CURA Test Object (Click, Set, Dropdown)/Make Appointment' is clicked on

02-07-2024T18:31:42 - [MESSAGE][PASSED] - Object: 'Object Repository/1. CURA Test Object (Click, Set, Dropdown)/Make Appointment' is clicked on

02-07-2024T18:31:42 - [TEST_STEP][PASSED] - verifyElementText(findTestObject("2. CURA Test Object (Verify parameter)/Login Text"), "Login"): Actual text and expected text of test object 'Object Repository/2. CURA Test Object (Verify parameter)/Login Text' are matched.

02-07-2024T18:31:42 - [MESSAGE][PASSED] - Actual text and expected text of test object 'Object Repository/2. CURA Test Object (Verify parameter)/Login Text' are matched.

02-07-2024T18:31:42 - [TEST_STEP][PASSED] - setText(findTestObject("1. CURA Test Object (Click, Set, Dropdown)/Username"), "John Doe"): Text 'John Doe' is set on object 'Object Repository/1. CURA Test Object (Click, Set, Dropdown)/Username'

02-07-2024T18:31:43 - [MESSAGE][PASSED] - Text 'John Doe' is set on object 'Object Repository/1. CURA Test Object (Click, Set, Dropdown)/Username'

02-07-2024T18:31:43 - [TEST_STEP][PASSED] - setText(findTestObject("1. CURA Test Object (Click, Set, Dropdown)/Password"), "ThisIsNotAPassword"): Text 'ThisIsNotAPassword' is set on object 'Object Repository/1. CURA Test Object (Click, Set, Dropdown)/Password'

02-07-2024T18:31:44 - [MESSAGE][PASSED] - Text 'ThisIsNotAPassword' is set on object 'Object Repository/1. CURA Test Object (Click, Set, Dropdown)/Password'

02-07-2024T18:31:44 - [TEST_STEP][PASSED] - click(findTestObject("1. CURA Test Object (Click, Set, Dropdown)/Login Button")): Object: 'Object Repository/1. CURA Test Object (Click, Set, Dropdown)/Login Button' is clicked on

02-07-2024T18:31:44 - [MESSAGE][PASSED] - Object: 'Object Repository/1. CURA Test Object (Click, Set, Dropdown)/Login Button' is clicked on]]></system-out>
         <system-err><![CDATA[]]></system-err>
      </testcase>
      <testcase name="Test Cases/TC19 - Tokyo Appointment using data driven" time="7.414" classname="Test Cases/TC19 - Tokyo Appointment using data driven" status="PASSED">
         <system-out><![CDATA[02-07-2024T18:31:45 - [TEST_CASE][PASSED] - Test Cases/TC19 - Tokyo Appointment using data driven: Test Cases/TC19 - Tokyo Appointment using data driven

02-07-2024T18:31:45 - [TEST_STEP][PASSED] - selectOptionByValue(findTestObject("1. CURA Test Object (Click, Set, Dropdown)/Facility"), facilityBook, true, CONTINUE_ON_FAILURE): All options with value 'Tokyo CURA Healthcare Center' are selected in object 'Object Repository/1. CURA Test Object (Click, Set, Dropdown)/Facility'  using regular expression

02-07-2024T18:31:46 - [MESSAGE][PASSED] - All options with value 'Tokyo CURA Healthcare Center' are selected in object 'Object Repository/1. CURA Test Object (Click, Set, Dropdown)/Facility'  using regular expression

02-07-2024T18:31:46 - [TEST_STEP][PASSED] - click(findTestObject("1. CURA Test Object (Click, Set, Dropdown)/Apply for Hospital Readmission")): Object: 'Object Repository/1. CURA Test Object (Click, Set, Dropdown)/Apply for Hospital Readmission' is clicked on

02-07-2024T18:31:46 - [MESSAGE][PASSED] - Object: 'Object Repository/1. CURA Test Object (Click, Set, Dropdown)/Apply for Hospital Readmission' is clicked on

02-07-2024T18:31:46 - [TEST_STEP][PASSED] - click(findTestObject("1. CURA Test Object (Click, Set, Dropdown)/None")): Object: 'Object Repository/1. CURA Test Object (Click, Set, Dropdown)/None' is clicked on

02-07-2024T18:31:47 - [MESSAGE][PASSED] - Object: 'Object Repository/1. CURA Test Object (Click, Set, Dropdown)/None' is clicked on

02-07-2024T18:31:47 - [TEST_STEP][PASSED] - click(findTestObject("1. CURA Test Object (Click, Set, Dropdown)/Visit Date")): Object: 'Object Repository/1. CURA Test Object (Click, Set, Dropdown)/Visit Date' is clicked on

02-07-2024T18:31:47 - [MESSAGE][WARNING] - [SELF-HEALING] Failed to find element with id 'Object Repository/1. CURA Test Object (Click, Set, Dropdown)/Visit Date'. Try using Self-healing.

02-07-2024T18:31:47 - [MESSAGE][WARNING] - [SELF-HEALING] The current locator of test object 'Object Repository/1. CURA Test Object (Click, Set, Dropdown)/Visit Date' was broken. Propose an alternative one: '//*[@id = 'txt_visit_date' and @name = 'visit_date' and @type = 'text' and @placeholder = 'dd/mm/yyyy']'.

02-07-2024T18:31:47 - [MESSAGE][PASSED] - Object: 'Object Repository/1. CURA Test Object (Click, Set, Dropdown)/Visit Date' is clicked on

02-07-2024T18:31:47 - [TEST_STEP][PASSED] - setText(findTestObject("1. CURA Test Object (Click, Set, Dropdown)/Visit Date"), visitDateBook): Text '01/07/2024' is set on object 'Object Repository/1. CURA Test Object (Click, Set, Dropdown)/Visit Date'

02-07-2024T18:31:48 - [MESSAGE][WARNING] - [SELF-HEALING] Failed to find element with id 'Object Repository/1. CURA Test Object (Click, Set, Dropdown)/Visit Date'. Try using Self-healing.

02-07-2024T18:31:48 - [MESSAGE][WARNING] - [SELF-HEALING] The current locator of test object 'Object Repository/1. CURA Test Object (Click, Set, Dropdown)/Visit Date' was broken. Propose an alternative one: '//*[@id = 'txt_visit_date' and @name = 'visit_date' and @type = 'text' and @placeholder = 'dd/mm/yyyy']'.

02-07-2024T18:31:48 - [MESSAGE][WARNING] - [SELF-HEALING] Failed to find element with id 'Object Repository/1. CURA Test Object (Click, Set, Dropdown)/Visit Date'. Try using Self-healing.

02-07-2024T18:31:49 - [MESSAGE][WARNING] - [SELF-HEALING] The current locator of test object 'Object Repository/1. CURA Test Object (Click, Set, Dropdown)/Visit Date' was broken. Propose an alternative one: '//*[@id = 'txt_visit_date' and @name = 'visit_date' and @type = 'text' and @placeholder = 'dd/mm/yyyy']'.

02-07-2024T18:31:49 - [MESSAGE][PASSED] - Text '01/07/2024' is set on object 'Object Repository/1. CURA Test Object (Click, Set, Dropdown)/Visit Date'

02-07-2024T18:31:49 - [TEST_STEP][PASSED] - setText(findTestObject("1. CURA Test Object (Click, Set, Dropdown)/Comment"), commentBook): Text 'Time: 9:00 AM
Doctor: dr. Abi' is set on object 'Object Repository/1. CURA Test Object (Click, Set, Dropdown)/Comment'

02-07-2024T18:31:50 - [MESSAGE][PASSED] - Text 'Time: 9:00 AM
Doctor: dr. Abi' is set on object 'Object Repository/1. CURA Test Object (Click, Set, Dropdown)/Comment'

02-07-2024T18:31:50 - [TEST_STEP][PASSED] - click(findTestObject("1. CURA Test Object (Click, Set, Dropdown)/Book Appointment")): Object: 'Object Repository/1. CURA Test Object (Click, Set, Dropdown)/Book Appointment' is clicked on

02-07-2024T18:31:50 - [MESSAGE][PASSED] - Object: 'Object Repository/1. CURA Test Object (Click, Set, Dropdown)/Book Appointment' is clicked on

02-07-2024T18:31:50 - [TEST_STEP][PASSED] - click(findTestObject("1. CURA Test Object (Click, Set, Dropdown)/Menu")): Object: 'Object Repository/1. CURA Test Object (Click, Set, Dropdown)/Menu' is clicked on

02-07-2024T18:31:51 - [MESSAGE][PASSED] - Object: 'Object Repository/1. CURA Test Object (Click, Set, Dropdown)/Menu' is clicked on

02-07-2024T18:31:51 - [TEST_STEP][PASSED] - click(findTestObject("1. CURA Test Object (Click, Set, Dropdown)/Home")): Object: 'Object Repository/1. CURA Test Object (Click, Set, Dropdown)/Home' is clicked on

02-07-2024T18:31:52 - [MESSAGE][PASSED] - Object: 'Object Repository/1. CURA Test Object (Click, Set, Dropdown)/Home' is clicked on

02-07-2024T18:31:52 - [TEST_STEP][PASSED] - click(findTestObject("1. CURA Test Object (Click, Set, Dropdown)/Make Appointment")): Object: 'Object Repository/1. CURA Test Object (Click, Set, Dropdown)/Make Appointment' is clicked on

02-07-2024T18:31:52 - [MESSAGE][PASSED] - Object: 'Object Repository/1. CURA Test Object (Click, Set, Dropdown)/Make Appointment' is clicked on]]></system-out>
         <system-err><![CDATA[]]></system-err>
      </testcase>
      <testcase name="Test Cases/TC19 - Tokyo Appointment using data driven" time="7.06" classname="Test Cases/TC19 - Tokyo Appointment using data driven" status="PASSED">
         <system-out><![CDATA[02-07-2024T18:31:52 - [TEST_CASE][PASSED] - Test Cases/TC19 - Tokyo Appointment using data driven: Test Cases/TC19 - Tokyo Appointment using data driven

02-07-2024T18:31:52 - [TEST_STEP][PASSED] - selectOptionByValue(findTestObject("1. CURA Test Object (Click, Set, Dropdown)/Facility"), facilityBook, true, CONTINUE_ON_FAILURE): All options with value 'Tokyo CURA Healthcare Center' are selected in object 'Object Repository/1. CURA Test Object (Click, Set, Dropdown)/Facility'  using regular expression

02-07-2024T18:31:53 - [MESSAGE][PASSED] - All options with value 'Tokyo CURA Healthcare Center' are selected in object 'Object Repository/1. CURA Test Object (Click, Set, Dropdown)/Facility'  using regular expression

02-07-2024T18:31:53 - [TEST_STEP][PASSED] - click(findTestObject("1. CURA Test Object (Click, Set, Dropdown)/Apply for Hospital Readmission")): Object: 'Object Repository/1. CURA Test Object (Click, Set, Dropdown)/Apply for Hospital Readmission' is clicked on

02-07-2024T18:31:54 - [MESSAGE][PASSED] - Object: 'Object Repository/1. CURA Test Object (Click, Set, Dropdown)/Apply for Hospital Readmission' is clicked on

02-07-2024T18:31:54 - [TEST_STEP][PASSED] - click(findTestObject("1. CURA Test Object (Click, Set, Dropdown)/None")): Object: 'Object Repository/1. CURA Test Object (Click, Set, Dropdown)/None' is clicked on

02-07-2024T18:31:54 - [MESSAGE][PASSED] - Object: 'Object Repository/1. CURA Test Object (Click, Set, Dropdown)/None' is clicked on

02-07-2024T18:31:54 - [TEST_STEP][PASSED] - click(findTestObject("1. CURA Test Object (Click, Set, Dropdown)/Visit Date")): Object: 'Object Repository/1. CURA Test Object (Click, Set, Dropdown)/Visit Date' is clicked on

02-07-2024T18:31:54 - [MESSAGE][WARNING] - [SELF-HEALING] Failed to find element with id 'Object Repository/1. CURA Test Object (Click, Set, Dropdown)/Visit Date'. Try using Self-healing.

02-07-2024T18:31:55 - [MESSAGE][WARNING] - [SELF-HEALING] The current locator of test object 'Object Repository/1. CURA Test Object (Click, Set, Dropdown)/Visit Date' was broken. Propose an alternative one: '//*[@id = 'txt_visit_date' and @name = 'visit_date' and @type = 'text' and @placeholder = 'dd/mm/yyyy']'.

02-07-2024T18:31:55 - [MESSAGE][PASSED] - Object: 'Object Repository/1. CURA Test Object (Click, Set, Dropdown)/Visit Date' is clicked on

02-07-2024T18:31:55 - [TEST_STEP][PASSED] - setText(findTestObject("1. CURA Test Object (Click, Set, Dropdown)/Visit Date"), visitDateBook): Text '02/01/2025' is set on object 'Object Repository/1. CURA Test Object (Click, Set, Dropdown)/Visit Date'

02-07-2024T18:31:55 - [MESSAGE][WARNING] - [SELF-HEALING] Failed to find element with id 'Object Repository/1. CURA Test Object (Click, Set, Dropdown)/Visit Date'. Try using Self-healing.

02-07-2024T18:31:55 - [MESSAGE][WARNING] - [SELF-HEALING] The current locator of test object 'Object Repository/1. CURA Test Object (Click, Set, Dropdown)/Visit Date' was broken. Propose an alternative one: '//*[@id = 'txt_visit_date' and @name = 'visit_date' and @type = 'text' and @placeholder = 'dd/mm/yyyy']'.

02-07-2024T18:31:56 - [MESSAGE][WARNING] - [SELF-HEALING] Failed to find element with id 'Object Repository/1. CURA Test Object (Click, Set, Dropdown)/Visit Date'. Try using Self-healing.

02-07-2024T18:31:56 - [MESSAGE][WARNING] - [SELF-HEALING] The current locator of test object 'Object Repository/1. CURA Test Object (Click, Set, Dropdown)/Visit Date' was broken. Propose an alternative one: '//*[@id = 'txt_visit_date' and @name = 'visit_date' and @type = 'text' and @placeholder = 'dd/mm/yyyy']'.

02-07-2024T18:31:56 - [MESSAGE][PASSED] - Text '02/01/2025' is set on object 'Object Repository/1. CURA Test Object (Click, Set, Dropdown)/Visit Date'

02-07-2024T18:31:56 - [TEST_STEP][PASSED] - setText(findTestObject("1. CURA Test Object (Click, Set, Dropdown)/Comment"), commentBook): Text 'Time: 1:00 PM
Doctor: dr. Zaki' is set on object 'Object Repository/1. CURA Test Object (Click, Set, Dropdown)/Comment'

02-07-2024T18:31:57 - [MESSAGE][PASSED] - Text 'Time: 1:00 PM
Doctor: dr. Zaki' is set on object 'Object Repository/1. CURA Test Object (Click, Set, Dropdown)/Comment'

02-07-2024T18:31:57 - [TEST_STEP][PASSED] - click(findTestObject("1. CURA Test Object (Click, Set, Dropdown)/Book Appointment")): Object: 'Object Repository/1. CURA Test Object (Click, Set, Dropdown)/Book Appointment' is clicked on

02-07-2024T18:31:58 - [MESSAGE][PASSED] - Object: 'Object Repository/1. CURA Test Object (Click, Set, Dropdown)/Book Appointment' is clicked on

02-07-2024T18:31:58 - [TEST_STEP][PASSED] - click(findTestObject("1. CURA Test Object (Click, Set, Dropdown)/Menu")): Object: 'Object Repository/1. CURA Test Object (Click, Set, Dropdown)/Menu' is clicked on

02-07-2024T18:31:58 - [MESSAGE][PASSED] - Object: 'Object Repository/1. CURA Test Object (Click, Set, Dropdown)/Menu' is clicked on

02-07-2024T18:31:58 - [TEST_STEP][PASSED] - click(findTestObject("1. CURA Test Object (Click, Set, Dropdown)/Home")): Object: 'Object Repository/1. CURA Test Object (Click, Set, Dropdown)/Home' is clicked on

02-07-2024T18:31:59 - [MESSAGE][PASSED] - Object: 'Object Repository/1. CURA Test Object (Click, Set, Dropdown)/Home' is clicked on

02-07-2024T18:31:59 - [TEST_STEP][PASSED] - click(findTestObject("1. CURA Test Object (Click, Set, Dropdown)/Make Appointment")): Object: 'Object Repository/1. CURA Test Object (Click, Set, Dropdown)/Make Appointment' is clicked on

02-07-2024T18:31:59 - [MESSAGE][PASSED] - Object: 'Object Repository/1. CURA Test Object (Click, Set, Dropdown)/Make Appointment' is clicked on]]></system-out>
         <system-err><![CDATA[]]></system-err>
      </testcase>
      <testcase name="Test Cases/TC19 - Tokyo Appointment using data driven" time="7.524" classname="Test Cases/TC19 - Tokyo Appointment using data driven" status="PASSED">
         <system-out><![CDATA[02-07-2024T18:31:59 - [TEST_CASE][PASSED] - Test Cases/TC19 - Tokyo Appointment using data driven: Test Cases/TC19 - Tokyo Appointment using data driven

02-07-2024T18:31:59 - [TEST_STEP][PASSED] - selectOptionByValue(findTestObject("1. CURA Test Object (Click, Set, Dropdown)/Facility"), facilityBook, true, CONTINUE_ON_FAILURE): All options with value 'Tokyo CURA Healthcare Center' are selected in object 'Object Repository/1. CURA Test Object (Click, Set, Dropdown)/Facility'  using regular expression

02-07-2024T18:32:00 - [MESSAGE][PASSED] - All options with value 'Tokyo CURA Healthcare Center' are selected in object 'Object Repository/1. CURA Test Object (Click, Set, Dropdown)/Facility'  using regular expression

02-07-2024T18:32:00 - [TEST_STEP][PASSED] - click(findTestObject("1. CURA Test Object (Click, Set, Dropdown)/Apply for Hospital Readmission")): Object: 'Object Repository/1. CURA Test Object (Click, Set, Dropdown)/Apply for Hospital Readmission' is clicked on

02-07-2024T18:32:01 - [MESSAGE][PASSED] - Object: 'Object Repository/1. CURA Test Object (Click, Set, Dropdown)/Apply for Hospital Readmission' is clicked on

02-07-2024T18:32:01 - [TEST_STEP][PASSED] - click(findTestObject("1. CURA Test Object (Click, Set, Dropdown)/None")): Object: 'Object Repository/1. CURA Test Object (Click, Set, Dropdown)/None' is clicked on

02-07-2024T18:32:01 - [MESSAGE][PASSED] - Object: 'Object Repository/1. CURA Test Object (Click, Set, Dropdown)/None' is clicked on

02-07-2024T18:32:01 - [TEST_STEP][PASSED] - click(findTestObject("1. CURA Test Object (Click, Set, Dropdown)/Visit Date")): Object: 'Object Repository/1. CURA Test Object (Click, Set, Dropdown)/Visit Date' is clicked on

02-07-2024T18:32:01 - [MESSAGE][WARNING] - [SELF-HEALING] Failed to find element with id 'Object Repository/1. CURA Test Object (Click, Set, Dropdown)/Visit Date'. Try using Self-healing.

02-07-2024T18:32:02 - [MESSAGE][WARNING] - [SELF-HEALING] The current locator of test object 'Object Repository/1. CURA Test Object (Click, Set, Dropdown)/Visit Date' was broken. Propose an alternative one: '//*[@id = 'txt_visit_date' and @name = 'visit_date' and @type = 'text' and @placeholder = 'dd/mm/yyyy']'.

02-07-2024T18:32:02 - [MESSAGE][PASSED] - Object: 'Object Repository/1. CURA Test Object (Click, Set, Dropdown)/Visit Date' is clicked on

02-07-2024T18:32:02 - [TEST_STEP][PASSED] - setText(findTestObject("1. CURA Test Object (Click, Set, Dropdown)/Visit Date"), visitDateBook): Text '11/07/2024' is set on object 'Object Repository/1. CURA Test Object (Click, Set, Dropdown)/Visit Date'

02-07-2024T18:32:02 - [MESSAGE][WARNING] - [SELF-HEALING] Failed to find element with id 'Object Repository/1. CURA Test Object (Click, Set, Dropdown)/Visit Date'. Try using Self-healing.

02-07-2024T18:32:03 - [MESSAGE][WARNING] - [SELF-HEALING] The current locator of test object 'Object Repository/1. CURA Test Object (Click, Set, Dropdown)/Visit Date' was broken. Propose an alternative one: '//*[@id = 'txt_visit_date' and @name = 'visit_date' and @type = 'text' and @placeholder = 'dd/mm/yyyy']'.

02-07-2024T18:32:03 - [MESSAGE][WARNING] - [SELF-HEALING] Failed to find element with id 'Object Repository/1. CURA Test Object (Click, Set, Dropdown)/Visit Date'. Try using Self-healing.

02-07-2024T18:32:03 - [MESSAGE][WARNING] - [SELF-HEALING] The current locator of test object 'Object Repository/1. CURA Test Object (Click, Set, Dropdown)/Visit Date' was broken. Propose an alternative one: '//*[@id = 'txt_visit_date' and @name = 'visit_date' and @type = 'text' and @placeholder = 'dd/mm/yyyy']'.

02-07-2024T18:32:03 - [MESSAGE][PASSED] - Text '11/07/2024' is set on object 'Object Repository/1. CURA Test Object (Click, Set, Dropdown)/Visit Date'

02-07-2024T18:32:03 - [TEST_STEP][PASSED] - setText(findTestObject("1. CURA Test Object (Click, Set, Dropdown)/Comment"), commentBook): Text 'Time: 11:00 AM
Doctor: dr. Abi' is set on object 'Object Repository/1. CURA Test Object (Click, Set, Dropdown)/Comment'

02-07-2024T18:32:04 - [MESSAGE][PASSED] - Text 'Time: 11:00 AM
Doctor: dr. Abi' is set on object 'Object Repository/1. CURA Test Object (Click, Set, Dropdown)/Comment'

02-07-2024T18:32:04 - [TEST_STEP][PASSED] - click(findTestObject("1. CURA Test Object (Click, Set, Dropdown)/Book Appointment")): Object: 'Object Repository/1. CURA Test Object (Click, Set, Dropdown)/Book Appointment' is clicked on

02-07-2024T18:32:05 - [MESSAGE][PASSED] - Object: 'Object Repository/1. CURA Test Object (Click, Set, Dropdown)/Book Appointment' is clicked on

02-07-2024T18:32:05 - [TEST_STEP][PASSED] - click(findTestObject("1. CURA Test Object (Click, Set, Dropdown)/Menu")): Object: 'Object Repository/1. CURA Test Object (Click, Set, Dropdown)/Menu' is clicked on

02-07-2024T18:32:06 - [MESSAGE][PASSED] - Object: 'Object Repository/1. CURA Test Object (Click, Set, Dropdown)/Menu' is clicked on

02-07-2024T18:32:06 - [TEST_STEP][PASSED] - click(findTestObject("1. CURA Test Object (Click, Set, Dropdown)/Home")): Object: 'Object Repository/1. CURA Test Object (Click, Set, Dropdown)/Home' is clicked on

02-07-2024T18:32:06 - [MESSAGE][PASSED] - Object: 'Object Repository/1. CURA Test Object (Click, Set, Dropdown)/Home' is clicked on

02-07-2024T18:32:06 - [TEST_STEP][PASSED] - click(findTestObject("1. CURA Test Object (Click, Set, Dropdown)/Make Appointment")): Object: 'Object Repository/1. CURA Test Object (Click, Set, Dropdown)/Make Appointment' is clicked on

02-07-2024T18:32:07 - [MESSAGE][PASSED] - Object: 'Object Repository/1. CURA Test Object (Click, Set, Dropdown)/Make Appointment' is clicked on]]></system-out>
         <system-err><![CDATA[]]></system-err>
      </testcase>
      <testcase name="Test Cases/TC19 - Tokyo Appointment using data driven" time="7.693" classname="Test Cases/TC19 - Tokyo Appointment using data driven" status="PASSED">
         <system-out><![CDATA[02-07-2024T18:32:07 - [TEST_CASE][PASSED] - Test Cases/TC19 - Tokyo Appointment using data driven: Test Cases/TC19 - Tokyo Appointment using data driven

02-07-2024T18:32:07 - [TEST_STEP][PASSED] - selectOptionByValue(findTestObject("1. CURA Test Object (Click, Set, Dropdown)/Facility"), facilityBook, true, CONTINUE_ON_FAILURE): All options with value 'Tokyo CURA Healthcare Center' are selected in object 'Object Repository/1. CURA Test Object (Click, Set, Dropdown)/Facility'  using regular expression

02-07-2024T18:32:08 - [MESSAGE][PASSED] - All options with value 'Tokyo CURA Healthcare Center' are selected in object 'Object Repository/1. CURA Test Object (Click, Set, Dropdown)/Facility'  using regular expression

02-07-2024T18:32:08 - [TEST_STEP][PASSED] - click(findTestObject("1. CURA Test Object (Click, Set, Dropdown)/Apply for Hospital Readmission")): Object: 'Object Repository/1. CURA Test Object (Click, Set, Dropdown)/Apply for Hospital Readmission' is clicked on

02-07-2024T18:32:08 - [MESSAGE][PASSED] - Object: 'Object Repository/1. CURA Test Object (Click, Set, Dropdown)/Apply for Hospital Readmission' is clicked on

02-07-2024T18:32:08 - [TEST_STEP][PASSED] - click(findTestObject("1. CURA Test Object (Click, Set, Dropdown)/None")): Object: 'Object Repository/1. CURA Test Object (Click, Set, Dropdown)/None' is clicked on

02-07-2024T18:32:09 - [MESSAGE][PASSED] - Object: 'Object Repository/1. CURA Test Object (Click, Set, Dropdown)/None' is clicked on

02-07-2024T18:32:09 - [TEST_STEP][PASSED] - click(findTestObject("1. CURA Test Object (Click, Set, Dropdown)/Visit Date")): Object: 'Object Repository/1. CURA Test Object (Click, Set, Dropdown)/Visit Date' is clicked on

02-07-2024T18:32:09 - [MESSAGE][WARNING] - [SELF-HEALING] Failed to find element with id 'Object Repository/1. CURA Test Object (Click, Set, Dropdown)/Visit Date'. Try using Self-healing.

02-07-2024T18:32:09 - [MESSAGE][WARNING] - [SELF-HEALING] The current locator of test object 'Object Repository/1. CURA Test Object (Click, Set, Dropdown)/Visit Date' was broken. Propose an alternative one: '//*[@id = 'txt_visit_date' and @name = 'visit_date' and @type = 'text' and @placeholder = 'dd/mm/yyyy']'.

02-07-2024T18:32:09 - [MESSAGE][PASSED] - Object: 'Object Repository/1. CURA Test Object (Click, Set, Dropdown)/Visit Date' is clicked on

02-07-2024T18:32:09 - [TEST_STEP][PASSED] - setText(findTestObject("1. CURA Test Object (Click, Set, Dropdown)/Visit Date"), visitDateBook): Text '30/07/2024' is set on object 'Object Repository/1. CURA Test Object (Click, Set, Dropdown)/Visit Date'

02-07-2024T18:32:10 - [MESSAGE][WARNING] - [SELF-HEALING] Failed to find element with id 'Object Repository/1. CURA Test Object (Click, Set, Dropdown)/Visit Date'. Try using Self-healing.

02-07-2024T18:32:10 - [MESSAGE][WARNING] - [SELF-HEALING] The current locator of test object 'Object Repository/1. CURA Test Object (Click, Set, Dropdown)/Visit Date' was broken. Propose an alternative one: '//*[@id = 'txt_visit_date' and @name = 'visit_date' and @type = 'text' and @placeholder = 'dd/mm/yyyy']'.

02-07-2024T18:32:10 - [MESSAGE][WARNING] - [SELF-HEALING] Failed to find element with id 'Object Repository/1. CURA Test Object (Click, Set, Dropdown)/Visit Date'. Try using Self-healing.

02-07-2024T18:32:11 - [MESSAGE][WARNING] - [SELF-HEALING] The current locator of test object 'Object Repository/1. CURA Test Object (Click, Set, Dropdown)/Visit Date' was broken. Propose an alternative one: '//*[@id = 'txt_visit_date' and @name = 'visit_date' and @type = 'text' and @placeholder = 'dd/mm/yyyy']'.

02-07-2024T18:32:11 - [MESSAGE][PASSED] - Text '30/07/2024' is set on object 'Object Repository/1. CURA Test Object (Click, Set, Dropdown)/Visit Date'

02-07-2024T18:32:11 - [TEST_STEP][PASSED] - setText(findTestObject("1. CURA Test Object (Click, Set, Dropdown)/Comment"), commentBook): Text 'Time: 5:00 PM
Doctor: dr. Zasi' is set on object 'Object Repository/1. CURA Test Object (Click, Set, Dropdown)/Comment'

02-07-2024T18:32:12 - [MESSAGE][PASSED] - Text 'Time: 5:00 PM
Doctor: dr. Zasi' is set on object 'Object Repository/1. CURA Test Object (Click, Set, Dropdown)/Comment'

02-07-2024T18:32:12 - [TEST_STEP][PASSED] - click(findTestObject("1. CURA Test Object (Click, Set, Dropdown)/Book Appointment")): Object: 'Object Repository/1. CURA Test Object (Click, Set, Dropdown)/Book Appointment' is clicked on

02-07-2024T18:32:13 - [MESSAGE][PASSED] - Object: 'Object Repository/1. CURA Test Object (Click, Set, Dropdown)/Book Appointment' is clicked on

02-07-2024T18:32:13 - [TEST_STEP][PASSED] - click(findTestObject("1. CURA Test Object (Click, Set, Dropdown)/Menu")): Object: 'Object Repository/1. CURA Test Object (Click, Set, Dropdown)/Menu' is clicked on

02-07-2024T18:32:13 - [MESSAGE][PASSED] - Object: 'Object Repository/1. CURA Test Object (Click, Set, Dropdown)/Menu' is clicked on

02-07-2024T18:32:13 - [TEST_STEP][PASSED] - click(findTestObject("1. CURA Test Object (Click, Set, Dropdown)/Home")): Object: 'Object Repository/1. CURA Test Object (Click, Set, Dropdown)/Home' is clicked on

02-07-2024T18:32:14 - [MESSAGE][PASSED] - Object: 'Object Repository/1. CURA Test Object (Click, Set, Dropdown)/Home' is clicked on

02-07-2024T18:32:14 - [TEST_STEP][PASSED] - click(findTestObject("1. CURA Test Object (Click, Set, Dropdown)/Make Appointment")): Object: 'Object Repository/1. CURA Test Object (Click, Set, Dropdown)/Make Appointment' is clicked on

02-07-2024T18:32:14 - [MESSAGE][PASSED] - Object: 'Object Repository/1. CURA Test Object (Click, Set, Dropdown)/Make Appointment' is clicked on]]></system-out>
         <system-err><![CDATA[]]></system-err>
      </testcase>
      <testcase name="Test Cases/Test Case Properties/TCP03 - Logout" time="115.36" classname="Test Cases/Test Case Properties/TCP03 - Logout" status="PASSED">
         <system-out><![CDATA[02-07-2024T18:32:14 - [TEST_CASE][PASSED] - Test Cases/Test Case Properties/TCP03 - Logout: Test Cases/Test Case Properties/TCP03 - Logout

02-07-2024T18:32:14 - [TEST_STEP][PASSED] - verifyElementText(findTestObject("2. CURA Test Object (Verify parameter)/Make Appointment Text"), "Make Appointment"): Actual text and expected text of test object 'Object Repository/2. CURA Test Object (Verify parameter)/Make Appointment Text' are matched.

02-07-2024T18:32:15 - [MESSAGE][PASSED] - Actual text and expected text of test object 'Object Repository/2. CURA Test Object (Verify parameter)/Make Appointment Text' are matched.

02-07-2024T18:32:15 - [TEST_STEP][PASSED] - click(findTestObject("1. CURA Test Object (Click, Set, Dropdown)/Menu")): Object: 'Object Repository/1. CURA Test Object (Click, Set, Dropdown)/Menu' is clicked on

02-07-2024T18:32:15 - [MESSAGE][PASSED] - Object: 'Object Repository/1. CURA Test Object (Click, Set, Dropdown)/Menu' is clicked on

02-07-2024T18:32:15 - [TEST_STEP][PASSED] - click(findTestObject("1. CURA Test Object (Click, Set, Dropdown)/Logout")): Object: 'Object Repository/1. CURA Test Object (Click, Set, Dropdown)/Logout' is clicked on

02-07-2024T18:32:17 - [MESSAGE][PASSED] - Object: 'Object Repository/1. CURA Test Object (Click, Set, Dropdown)/Logout' is clicked on

02-07-2024T18:32:17 - [TEST_STEP][PASSED] - closeBrowser(): Browser is closed

02-07-2024T18:34:10 - [MESSAGE][PASSED] - Browser is closed]]></system-out>
         <system-err><![CDATA[]]></system-err>
      </testcase>
      <system-out><![CDATA[02-07-2024T18:31:35 - [TEST_SUITE][PASSED] - TS11 - Tokyo appointment using data driven: Test Cases/Test Case Properties/TCP03 - Logout]]></system-out>
      <system-err><![CDATA[]]></system-err>
   </testsuite>
</testsuites>
