<?xml version="1.0" encoding="UTF-8"?>
<testsuites name="TS010 - Verify AI Edit" time="73.612" tests="1" failures="0" errors="0">
   <testsuite name="TS010 - Verify AI Edit" tests="1" failures="0" errors="0" time="73.612" skipped="0" timestamp="17-07-2024T20:59:45" hostname="Lenovo - LAPTOP-7QB5JFLU" id="Test Suites/Eklipse Test suite/TS010 - Verify AI Edit">
      <properties>
         <property name="deviceName" value=""/>
         <property name="devicePlatform"/>
         <property name="logFolder" value="C:\\Users\\Lenovo\\git\\KatalonPractitionerLevel\\Reports\\20240717_205938\\Eklipse Test suite\\TS010 - Verify AI Edit\\20240717_205939"/>
         <property name="logFiles" value="C:\\Users\\Lenovo\\git\\KatalonPractitionerLevel\\Reports\\20240717_205938\\Eklipse Test suite\\TS010 - Verify AI Edit\\20240717_205939\\execution0.log"/>
         <property name="attachments" value=""/>
         <property name="hostName" value="Lenovo - LAPTOP-7QB5JFLU"/>
         <property name="os" value="Windows 11 64bit"/>
         <property name="katalonVersion" value="9.6.0.217"/>
         <property name="browser" value="Chrome 126.0.0.0"/>
         <property name="hostAddress" value="192.168.1.12"/>
         <property name="sessionId" value="1cf63b6124ddf3e804bf5c89d284cc64"/>
         <property name="seleniumVersion" value="3.141.59"/>
         <property name="proxyInformation" value="ProxyInformation { proxyOption=NO_PROXY, proxyServerType=HTTP, username=, password=********, proxyServerAddress=, proxyServerPort=0, executionList=&quot;&quot;, isApplyToDesiredCapabilities=true }"/>
         <property name="platform" value="Windows 11"/>
      </properties>
      <testcase name="Test Cases/Eklipse Test/AI Edit/TC01 - Verify elements" time="73.48" classname="Test Cases/Eklipse Test/AI Edit/TC01 - Verify elements" status="PASSED">
         <system-out><![CDATA[17-07-2024T20:59:45 - [TEST_CASE][PASSED] - Test Cases/Eklipse Test/AI Edit/TC01 - Verify elements: Test Cases/Eklipse Test/AI Edit/TC01 - Verify elements

17-07-2024T20:59:46 - [TEST_STEP][PASSED] - callTestCase(findTestCase("Eklipse Test/Landing page/TC001 - Open browser"), [:], CONTINUE_ON_FAILURE): Call Test Case 'Test Cases/Eklipse Test/Landing page/TC001 - Open browser' successfully

17-07-2024T20:59:46 - [TEST_CASE][PASSED] - Test Cases/Eklipse Test/Landing page/TC001 - Open browser: Test Cases/Eklipse Test/Landing page/TC001 - Open browser

17-07-2024T20:59:46 - [TEST_STEP][PASSED] - openBrowser(""): Browser is opened with url: ''

17-07-2024T20:59:46 - [MESSAGE][INFO] - Starting 'Chrome' driver

17-07-2024T20:59:46 - [MESSAGE][INFO] - Action delay is set to 0 milliseconds

17-07-2024T20:59:47 - [MESSAGE][PASSED] - Browser is opened with url: ''

17-07-2024T20:59:47 - [TEST_STEP][PASSED] - navigateToUrl("https://eklipse.gg/"): Navigate to 'https://eklipse.gg/' successfully

17-07-2024T20:59:54 - [MESSAGE][PASSED] - Navigate to 'https://eklipse.gg/' successfully

17-07-2024T20:59:54 - [TEST_STEP][NOT_RUN] - maximizeWindow(): NOT_RUN: maximizeWindow()

17-07-2024T20:59:54 - [MESSAGE][NOT_RUN] - NOT_RUN: maximizeWindow()

17-07-2024T20:59:54 - [MESSAGE][PASSED] - Call Test Case 'Test Cases/Eklipse Test/Landing page/TC001 - Open browser' successfully

17-07-2024T20:59:54 - [TEST_STEP][PASSED] - click(findTestObject("Eklipse Landing Page/Page_Eklipse/Sign In"), CONTINUE_ON_FAILURE): Object: 'Object Repository/Eklipse Landing Page/Page_Eklipse/Sign In' is clicked on

17-07-2024T20:59:57 - [MESSAGE][PASSED] - Object: 'Object Repository/Eklipse Landing Page/Page_Eklipse/Sign In' is clicked on

17-07-2024T20:59:57 - [TEST_STEP][PASSED] - setText(findTestObject("Sign in page/Page_Eklipse/Username Eklipse"), "tita71@gmail.com", CONTINUE_ON_FAILURE): Text 'tita71@gmail.com' is set on object 'Object Repository/Sign in page/Page_Eklipse/Username Eklipse'

17-07-2024T20:59:58 - [MESSAGE][PASSED] - Text 'tita71@gmail.com' is set on object 'Object Repository/Sign in page/Page_Eklipse/Username Eklipse'

17-07-2024T20:59:58 - [TEST_STEP][PASSED] - click(findTestObject("Sign in page/Page_Eklipse/Password_Eklipse"), CONTINUE_ON_FAILURE): Object: 'Object Repository/Sign in page/Page_Eklipse/Password_Eklipse' is clicked on

17-07-2024T20:59:58 - [MESSAGE][PASSED] - Object: 'Object Repository/Sign in page/Page_Eklipse/Password_Eklipse' is clicked on

17-07-2024T20:59:58 - [TEST_STEP][PASSED] - setText(findTestObject("Sign in page/Page_Eklipse/Password_Eklipse"), "tita123.", CONTINUE_ON_FAILURE): Text 'tita123.' is set on object 'Object Repository/Sign in page/Page_Eklipse/Password_Eklipse'

17-07-2024T20:59:59 - [MESSAGE][PASSED] - Text 'tita123.' is set on object 'Object Repository/Sign in page/Page_Eklipse/Password_Eklipse'

17-07-2024T20:59:59 - [TEST_STEP][PASSED] - click(findTestObject("Sign in page/Page_Eklipse/button_Sign In"), CONTINUE_ON_FAILURE): Object: 'Object Repository/Sign in page/Page_Eklipse/button_Sign In' is clicked on

17-07-2024T20:59:59 - [MESSAGE][PASSED] - Object: 'Object Repository/Sign in page/Page_Eklipse/button_Sign In' is clicked on

17-07-2024T20:59:59 - [TEST_STEP][PASSED] - scrollToElement(findTestObject("Eklipse AI Edit/Page_Eklipse/a_AI Edit"), 0, CONTINUE_ON_FAILURE): Scroll to object 'Object Repository/Eklipse AI Edit/Page_Eklipse/a_AI Edit' successfully

17-07-2024T20:59:59 - [MESSAGE][WARNING] - Timeout '0' is invalid. Using default page load timeout: '30'

17-07-2024T21:00:23 - [MESSAGE][PASSED] - Scroll to object 'Object Repository/Eklipse AI Edit/Page_Eklipse/a_AI Edit' successfully

17-07-2024T21:00:23 - [TEST_STEP][PASSED] - click(findTestObject("Eklipse AI Edit/Page_Eklipse/a_AI Edit"), CONTINUE_ON_FAILURE): Object: 'Object Repository/Eklipse AI Edit/Page_Eklipse/a_AI Edit' is clicked on

17-07-2024T21:00:24 - [MESSAGE][PASSED] - Object: 'Object Repository/Eklipse AI Edit/Page_Eklipse/a_AI Edit' is clicked on

17-07-2024T21:00:24 - [TEST_STEP][PASSED] - verifyElementClickable(findTestObject("Eklipse AI Edit/Page_Eklipse/NEWEST TO OLDEST"), CONTINUE_ON_FAILURE): Object 'Object Repository/Eklipse AI Edit/Page_Eklipse/NEWEST TO OLDEST' is clickable

17-07-2024T21:00:29 - [MESSAGE][PASSED] - Object 'Object Repository/Eklipse AI Edit/Page_Eklipse/NEWEST TO OLDEST' is clickable

17-07-2024T21:00:29 - [TEST_STEP][PASSED] - verifyElementClickable(findTestObject("Eklipse AI Edit/Page_Eklipse/select_ALL"), CONTINUE_ON_FAILURE): Object 'Object Repository/Eklipse AI Edit/Page_Eklipse/select_ALL' is clickable

17-07-2024T21:00:29 - [MESSAGE][PASSED] - Object 'Object Repository/Eklipse AI Edit/Page_Eklipse/select_ALL' is clickable

17-07-2024T21:00:29 - [TEST_STEP][PASSED] - verifyElementClickable(findTestObject("Eklipse AI Edit/Page_Eklipse/button_Start AI Edit1"), CONTINUE_ON_FAILURE): Object 'Object Repository/Eklipse AI Edit/Page_Eklipse/button_Start AI Edit1' is clickable

17-07-2024T21:00:30 - [MESSAGE][PASSED] - Object 'Object Repository/Eklipse AI Edit/Page_Eklipse/button_Start AI Edit1' is clickable

17-07-2024T21:00:30 - [TEST_STEP][PASSED] - verifyElementPresent(findTestObject("Eklipse AI Edit/Page_Eklipse/div_Create AI Edit"), 0, CONTINUE_ON_FAILURE): Object 'Object Repository/Eklipse AI Edit/Page_Eklipse/div_Create AI Edit' is present

17-07-2024T21:00:30 - [MESSAGE][WARNING] - Timeout '0' is invalid. Using default page load timeout: '30'

17-07-2024T21:00:30 - [MESSAGE][PASSED] - Object 'Object Repository/Eklipse AI Edit/Page_Eklipse/div_Create AI Edit' is present

17-07-2024T21:00:30 - [TEST_STEP][PASSED] - verifyElementPresent(findTestObject("Eklipse AI Edit/Page_Eklipse/div_Generate Shorts"), 0, CONTINUE_ON_FAILURE): Object 'Object Repository/Eklipse AI Edit/Page_Eklipse/div_Generate Shorts' is present

17-07-2024T21:00:30 - [MESSAGE][WARNING] - Timeout '0' is invalid. Using default page load timeout: '30'

17-07-2024T21:00:31 - [MESSAGE][PASSED] - Object 'Object Repository/Eklipse AI Edit/Page_Eklipse/div_Generate Shorts' is present

17-07-2024T21:00:31 - [TEST_STEP][PASSED] - verifyElementPresent(findTestObject("Eklipse AI Edit/Page_Eklipse/div_Try AI Edit Discord"), 0, CONTINUE_ON_FAILURE): Object 'Object Repository/Eklipse AI Edit/Page_Eklipse/div_Try AI Edit Discord' is present

17-07-2024T21:00:31 - [MESSAGE][WARNING] - Timeout '0' is invalid. Using default page load timeout: '30'

17-07-2024T21:00:31 - [MESSAGE][PASSED] - Object 'Object Repository/Eklipse AI Edit/Page_Eklipse/div_Try AI Edit Discord' is present

17-07-2024T21:00:31 - [TEST_STEP][PASSED] - verifyElementPresent(findTestObject("Eklipse AI Edit/Page_Eklipse/p_Edit your Clip"), 0, CONTINUE_ON_FAILURE): Object 'Object Repository/Eklipse AI Edit/Page_Eklipse/p_Edit your Clip' is present

17-07-2024T21:00:31 - [MESSAGE][WARNING] - Timeout '0' is invalid. Using default page load timeout: '30'

17-07-2024T21:00:32 - [MESSAGE][PASSED] - Object 'Object Repository/Eklipse AI Edit/Page_Eklipse/p_Edit your Clip' is present

17-07-2024T21:00:32 - [TEST_STEP][PASSED] - verifyElementPresent(findTestObject("Eklipse AI Edit/Page_Eklipse/p_Instantly"), 0, CONTINUE_ON_FAILURE): Object 'Object Repository/Eklipse AI Edit/Page_Eklipse/p_Instantly' is present

17-07-2024T21:00:32 - [MESSAGE][WARNING] - Timeout '0' is invalid. Using default page load timeout: '30'

17-07-2024T21:00:32 - [MESSAGE][PASSED] - Object 'Object Repository/Eklipse AI Edit/Page_Eklipse/p_Instantly' is present

17-07-2024T21:00:32 - [TEST_STEP][PASSED] - verifyElementPresent(findTestObject("Eklipse AI Edit/Page_Eklipse/span_Try the power"), 0, CONTINUE_ON_FAILURE): Object 'Object Repository/Eklipse AI Edit/Page_Eklipse/span_Try the power' is present

17-07-2024T21:00:32 - [MESSAGE][WARNING] - Timeout '0' is invalid. Using default page load timeout: '30'

17-07-2024T21:00:33 - [MESSAGE][PASSED] - Object 'Object Repository/Eklipse AI Edit/Page_Eklipse/span_Try the power' is present

17-07-2024T21:00:33 - [TEST_STEP][PASSED] - scrollToElement(findTestObject("Eklipse AI Edit/Page_Eklipse/button_Previous"), 0): Scroll to object 'Object Repository/Eklipse AI Edit/Page_Eklipse/button_Previous' successfully

17-07-2024T21:00:33 - [MESSAGE][WARNING] - Timeout '0' is invalid. Using default page load timeout: '30'

17-07-2024T21:00:33 - [MESSAGE][PASSED] - Scroll to object 'Object Repository/Eklipse AI Edit/Page_Eklipse/button_Previous' successfully

17-07-2024T21:00:33 - [TEST_STEP][PASSED] - verifyElementClickable(findTestObject("Eklipse AI Edit/Page_Eklipse/button_Next"), CONTINUE_ON_FAILURE): Object 'Object Repository/Eklipse AI Edit/Page_Eklipse/button_Next' is clickable

17-07-2024T21:00:34 - [MESSAGE][PASSED] - Object 'Object Repository/Eklipse AI Edit/Page_Eklipse/button_Next' is clickable

17-07-2024T21:00:34 - [TEST_STEP][PASSED] - verifyElementClickable(findTestObject("Eklipse AI Edit/Page_Eklipse/button_Previous"), CONTINUE_ON_FAILURE): Object 'Object Repository/Eklipse AI Edit/Page_Eklipse/button_Previous' is clickable

17-07-2024T21:00:34 - [MESSAGE][PASSED] - Object 'Object Repository/Eklipse AI Edit/Page_Eklipse/button_Previous' is clickable

17-07-2024T21:00:34 - [TEST_STEP][PASSED] - scrollToElement(findTestObject("Eklipse AI Edit/Page_Eklipse/button_Start AI Edit1"), 0): Scroll to object 'Object Repository/Eklipse AI Edit/Page_Eklipse/button_Start AI Edit1' successfully

17-07-2024T21:00:34 - [MESSAGE][WARNING] - Timeout '0' is invalid. Using default page load timeout: '30'

17-07-2024T21:00:35 - [MESSAGE][PASSED] - Scroll to object 'Object Repository/Eklipse AI Edit/Page_Eklipse/button_Start AI Edit1' successfully

17-07-2024T21:00:35 - [TEST_STEP][PASSED] - click(findTestObject("Eklipse AI Edit/Page_Eklipse/button_Start AI Edit1"), CONTINUE_ON_FAILURE): Object: 'Object Repository/Eklipse AI Edit/Page_Eklipse/button_Start AI Edit1' is clicked on

17-07-2024T21:00:58 - [MESSAGE][PASSED] - Object: 'Object Repository/Eklipse AI Edit/Page_Eklipse/button_Start AI Edit1' is clicked on

17-07-2024T21:00:58 - [TEST_STEP][PASSED] - verifyElementClickable(findTestObject("Eklipse AI Edit/Page_Eklipse/button_Start AI Edit2"), CONTINUE_ON_FAILURE): Object 'Object Repository/Eklipse AI Edit/Page_Eklipse/button_Start AI Edit2' is clickable

17-07-2024T21:00:59 - [MESSAGE][PASSED] - Object 'Object Repository/Eklipse AI Edit/Page_Eklipse/button_Start AI Edit2' is clickable

17-07-2024T21:00:59 - [TEST_STEP][PASSED] - closeBrowser(): Browser is closed

17-07-2024T21:00:59 - [MESSAGE][PASSED] - Browser is closed]]></system-out>
         <system-err><![CDATA[]]></system-err>
      </testcase>
      <system-out><![CDATA[17-07-2024T20:59:45 - [TEST_SUITE][PASSED] - TS010 - Verify AI Edit: Test Cases/Eklipse Test/AI Edit/TC01 - Verify elements]]></system-out>
      <system-err><![CDATA[]]></system-err>
   </testsuite>
</testsuites>
