<?xml version="1.0" encoding="UTF-8"?>
<testsuites name="TS06 - Button check" time="73.206" tests="3" failures="0" errors="0">
   <testsuite name="TS06 - Button check" tests="3" failures="0" errors="0" time="73.206" skipped="0" timestamp="12-07-2024T13:05:48" hostname="Lenovo - LAPTOP-7QB5JFLU" id="Test Suites/CURA Test suites/TS06 - Button check">
      <properties>
         <property name="deviceName" value=""/>
         <property name="devicePlatform"/>
         <property name="logFolder" value="C:\\Users\\Lenovo\\git\\KatalonPractitionerLevel\\Reports\\20240712_130150\\CURA Test suites\\TS06 - Button check\\20240712_130201"/>
         <property name="logFiles" value="C:\\Users\\Lenovo\\git\\KatalonPractitionerLevel\\Reports\\20240712_130150\\CURA Test suites\\TS06 - Button check\\20240712_130201\\execution0.log"/>
         <property name="attachments" value=""/>
         <property name="hostName" value="Lenovo - LAPTOP-7QB5JFLU"/>
         <property name="os" value="Windows 11 64bit"/>
         <property name="katalonVersion" value="9.6.0.217"/>
         <property name="browser" value="Chrome 126.0.0.0"/>
         <property name="hostAddress" value="192.168.1.12"/>
         <property name="sessionId" value="8a53b26e57b5e4f4f16af5506bd608a7"/>
         <property name="seleniumVersion" value="3.141.59"/>
         <property name="proxyInformation" value="ProxyInformation { proxyOption=NO_PROXY, proxyServerType=HTTP, username=, password=********, proxyServerAddress=, proxyServerPort=0, executionList=&quot;&quot;, isApplyToDesiredCapabilities=true }"/>
         <property name="platform" value="Windows 11"/>
      </properties>
      <testcase name="Test Cases/CURA Web Test/Properties/TCP01 - Open browser" time="4.243" classname="Test Cases/CURA Web Test/Properties/TCP01 - Open browser" status="PASSED">
         <system-out><![CDATA[12-07-2024T13:05:48 - [TEST_CASE][PASSED] - Test Cases/CURA Web Test/Properties/TCP01 - Open browser: Test Cases/CURA Web Test/Properties/TCP01 - Open browser

12-07-2024T13:05:48 - [TEST_STEP][PASSED] - openBrowser(""): Browser is opened with url: ''

12-07-2024T13:05:48 - [MESSAGE][INFO] - Starting 'Chrome' driver

12-07-2024T13:05:48 - [MESSAGE][INFO] - Action delay is set to 0 milliseconds

12-07-2024T13:05:49 - [MESSAGE][PASSED] - Browser is opened with url: ''

12-07-2024T13:05:49 - [TEST_STEP][PASSED] - navigateToUrl(URL): Navigate to 'https://katalon-demo-cura.herokuapp.com/' successfully

12-07-2024T13:05:52 - [MESSAGE][PASSED] - Navigate to 'https://katalon-demo-cura.herokuapp.com/' successfully]]></system-out>
         <system-err><![CDATA[]]></system-err>
      </testcase>
      <testcase name="Test Cases/CURA Web Test/TC11 - All button check" time="67.11" classname="Test Cases/CURA Web Test/TC11 - All button check" status="PASSED">
         <system-out><![CDATA[12-07-2024T13:05:52 - [TEST_CASE][PASSED] - Test Cases/CURA Web Test/TC11 - All button check: Test Cases/CURA Web Test/TC11 - All button check

12-07-2024T13:05:52 - [TEST_STEP][PASSED] - verifyElementClickable(findTestObject("10. Login page/Page_CURA Healthcare Service/a_Make Appointment")): Object 'Object Repository/10. Login page/Page_CURA Healthcare Service/a_Make Appointment' is clickable

12-07-2024T13:05:52 - [MESSAGE][PASSED] - Object 'Object Repository/10. Login page/Page_CURA Healthcare Service/a_Make Appointment' is clickable

12-07-2024T13:05:52 - [TEST_STEP][PASSED] - click(findTestObject("10. Login page/Page_CURA Healthcare Service/a_Make Appointment")): Object: 'Object Repository/10. Login page/Page_CURA Healthcare Service/a_Make Appointment' is clicked on

12-07-2024T13:05:53 - [MESSAGE][PASSED] - Object: 'Object Repository/10. Login page/Page_CURA Healthcare Service/a_Make Appointment' is clicked on

12-07-2024T13:05:53 - [TEST_STEP][PASSED] - setText(findTestObject("10. Login page/Page_CURA Healthcare Service/input_Username_username"), "John Doe"): Text 'John Doe' is set on object 'Object Repository/10. Login page/Page_CURA Healthcare Service/input_Username_username'

12-07-2024T13:06:24 - [MESSAGE][INFO] - Unable to find the element located by 'By.xpath: John'. Please recheck the objects properties to make sure the desired element is located. 

12-07-2024T13:06:24 - [MESSAGE][WARNING] - [SELF-HEALING] Failed to find element with id 'Object Repository/10. Login page/Page_CURA Healthcare Service/input_Username_username'. Try using Self-healing.

12-07-2024T13:06:24 - [MESSAGE][INFO] - [SELF-HEALING] Working Locator: '//input[@id='txt-username']'.

12-07-2024T13:06:25 - [MESSAGE][INFO] - [SELF-HEALING] Screenshot: C:/Users/Lenovo/git/KatalonPractitionerLevel/Reports/Self-healing/Object Repository/10. Login page/Page_CURA Healthcare Service/input_Username_username_attributes.png

12-07-2024T13:06:25 - [MESSAGE][WARNING] - [SELF-HEALING] The current locator of test object 'Object Repository/10. Login page/Page_CURA Healthcare Service/input_Username_username' was broken. Propose an alternative one: '//input[@id='txt-username']'.

12-07-2024T13:06:56 - [MESSAGE][INFO] - Unable to find the element located by 'By.xpath: John'. Please recheck the objects properties to make sure the desired element is located. 

12-07-2024T13:06:56 - [MESSAGE][WARNING] - [SELF-HEALING] Failed to find element with id 'Object Repository/10. Login page/Page_CURA Healthcare Service/input_Username_username'. Try using Self-healing.

12-07-2024T13:06:56 - [MESSAGE][WARNING] - [SELF-HEALING] The current locator of test object 'Object Repository/10. Login page/Page_CURA Healthcare Service/input_Username_username' was broken. Propose an alternative one: '//input[@id='txt-username']'.

12-07-2024T13:06:56 - [MESSAGE][PASSED] - Text 'John Doe' is set on object 'Object Repository/10. Login page/Page_CURA Healthcare Service/input_Username_username'

12-07-2024T13:06:56 - [TEST_STEP][PASSED] - setText(findTestObject("10. Login page/Page_CURA Healthcare Service/input_Password_password"), "ThisIsNotAPassword"): Text 'ThisIsNotAPassword' is set on object 'Object Repository/10. Login page/Page_CURA Healthcare Service/input_Password_password'

12-07-2024T13:06:57 - [MESSAGE][PASSED] - Text 'ThisIsNotAPassword' is set on object 'Object Repository/10. Login page/Page_CURA Healthcare Service/input_Password_password'

12-07-2024T13:06:57 - [TEST_STEP][PASSED] - verifyElementClickable(findTestObject("10. Login page/Page_CURA Healthcare Service/button_Login")): Object 'Object Repository/10. Login page/Page_CURA Healthcare Service/button_Login' is clickable

12-07-2024T13:06:57 - [MESSAGE][PASSED] - Object 'Object Repository/10. Login page/Page_CURA Healthcare Service/button_Login' is clickable

12-07-2024T13:06:57 - [TEST_STEP][PASSED] - click(findTestObject("10. Login page/Page_CURA Healthcare Service/button_Login")): Object: 'Object Repository/10. Login page/Page_CURA Healthcare Service/button_Login' is clicked on

12-07-2024T13:06:58 - [MESSAGE][PASSED] - Object: 'Object Repository/10. Login page/Page_CURA Healthcare Service/button_Login' is clicked on

12-07-2024T13:06:58 - [TEST_STEP][PASSED] - verifyElementClickable(findTestObject("3. Appointment/Page_CURA Healthcare Service/button_Book Appointment")): Object 'Object Repository/3. Appointment/Page_CURA Healthcare Service/button_Book Appointment' is clickable

12-07-2024T13:06:59 - [MESSAGE][PASSED] - Object 'Object Repository/3. Appointment/Page_CURA Healthcare Service/button_Book Appointment' is clickable

12-07-2024T13:06:59 - [TEST_STEP][PASSED] - verifyElementClickable(findTestObject("8. History check/Page_CURA Healthcare Service/i_CURA Healthcare_fa fa-bars")): Object 'Object Repository/8. History check/Page_CURA Healthcare Service/i_CURA Healthcare_fa fa-bars' is clickable

12-07-2024T13:06:59 - [MESSAGE][PASSED] - Object 'Object Repository/8. History check/Page_CURA Healthcare Service/i_CURA Healthcare_fa fa-bars' is clickable]]></system-out>
         <system-err><![CDATA[]]></system-err>
      </testcase>
      <testcase name="Test Cases/CURA Web Test/Properties/TCP03 - Logout" time="1.685" classname="Test Cases/CURA Web Test/Properties/TCP03 - Logout" status="PASSED">
         <system-out><![CDATA[12-07-2024T13:06:59 - [TEST_CASE][PASSED] - Test Cases/CURA Web Test/Properties/TCP03 - Logout: Test Cases/CURA Web Test/Properties/TCP03 - Logout

12-07-2024T13:06:59 - [TEST_STEP][PASSED] - verifyElementText(findTestObject("2. CURA Test Object (Verify parameter)/Make Appointment Text"), "Make Appointment"): Actual text and expected text of test object 'Object Repository/2. CURA Test Object (Verify parameter)/Make Appointment Text' are matched.

12-07-2024T13:06:59 - [MESSAGE][PASSED] - Actual text and expected text of test object 'Object Repository/2. CURA Test Object (Verify parameter)/Make Appointment Text' are matched.

12-07-2024T13:06:59 - [TEST_STEP][PASSED] - click(findTestObject("1. CURA Test Object (Click, Set, Dropdown)/Menu")): Object: 'Object Repository/1. CURA Test Object (Click, Set, Dropdown)/Menu' is clicked on

12-07-2024T13:07:00 - [MESSAGE][PASSED] - Object: 'Object Repository/1. CURA Test Object (Click, Set, Dropdown)/Menu' is clicked on

12-07-2024T13:07:00 - [TEST_STEP][PASSED] - click(findTestObject("1. CURA Test Object (Click, Set, Dropdown)/Logout")): Object: 'Object Repository/1. CURA Test Object (Click, Set, Dropdown)/Logout' is clicked on

12-07-2024T13:07:01 - [MESSAGE][PASSED] - Object: 'Object Repository/1. CURA Test Object (Click, Set, Dropdown)/Logout' is clicked on

12-07-2024T13:07:01 - [TEST_STEP][PASSED] - closeBrowser(): Browser is closed

12-07-2024T13:07:01 - [MESSAGE][PASSED] - Browser is closed]]></system-out>
         <system-err><![CDATA[]]></system-err>
      </testcase>
      <system-out><![CDATA[12-07-2024T13:05:48 - [TEST_SUITE][PASSED] - TS06 - Button check: Test Cases/CURA Web Test/Properties/TCP03 - Logout]]></system-out>
      <system-err><![CDATA[]]></system-err>
   </testsuite>
</testsuites>
