<?xml version="1.0" encoding="UTF-8"?>
<testsuites name="TS09 - Login using data driven" time="65.28" tests="8" failures="0" errors="0">
   <testsuite name="TS09 - Login using data driven" tests="8" failures="0" errors="0" time="65.28" skipped="0" timestamp="04-07-2024T10:34:05" hostname="Lenovo - LAPTOP-7QB5JFLU" id="Test Suites/TS09 - Login using data driven">
      <properties>
         <property name="deviceName" value=""/>
         <property name="devicePlatform"/>
         <property name="logFolder" value="C:\\Users\\Lenovo\\git\\KatalonPractitionerLevel\\Reports\\20240704_103357\\TS09 - Login using data driven\\20240704_103357"/>
         <property name="logFiles" value="C:\\Users\\Lenovo\\git\\KatalonPractitionerLevel\\Reports\\20240704_103357\\TS09 - Login using data driven\\20240704_103357\\execution0.log"/>
         <property name="attachments" value=""/>
         <property name="hostName" value="Lenovo - LAPTOP-7QB5JFLU"/>
         <property name="os" value="Windows 11 64bit"/>
         <property name="katalonVersion" value="9.6.0.217"/>
         <property name="browser" value="Chrome 126.0.0.0"/>
         <property name="hostAddress" value="192.168.1.12"/>
         <property name="sessionId" value="5d3c7e0783b6bf44aa1e71023b0bf535"/>
         <property name="seleniumVersion" value="3.141.59"/>
         <property name="proxyInformation" value="ProxyInformation { proxyOption=NO_PROXY, proxyServerType=HTTP, username=, password=********, proxyServerAddress=, proxyServerPort=0, executionList=&quot;&quot;, isApplyToDesiredCapabilities=true }"/>
         <property name="platform" value="Windows 11"/>
      </properties>
      <testcase name="Test Cases/Test Case Properties/TCP01 - Open browser" time="5.371" classname="Test Cases/Test Case Properties/TCP01 - Open browser" status="PASSED">
         <system-out><![CDATA[04-07-2024T10:34:05 - [TEST_CASE][PASSED] - Test Cases/Test Case Properties/TCP01 - Open browser: Test Cases/Test Case Properties/TCP01 - Open browser

04-07-2024T10:34:05 - [TEST_STEP][PASSED] - openBrowser(""): Browser is opened with url: ''

04-07-2024T10:34:06 - [MESSAGE][INFO] - Starting 'Chrome' driver

04-07-2024T10:34:06 - [MESSAGE][INFO] - Action delay is set to 0 milliseconds

04-07-2024T10:34:07 - [MESSAGE][PASSED] - Browser is opened with url: ''

04-07-2024T10:34:07 - [TEST_STEP][PASSED] - navigateToUrl("https://katalon-demo-cura.herokuapp.com/"): Navigate to 'https://katalon-demo-cura.herokuapp.com/' successfully

04-07-2024T10:34:10 - [MESSAGE][PASSED] - Navigate to 'https://katalon-demo-cura.herokuapp.com/' successfully]]></system-out>
         <system-err><![CDATA[]]></system-err>
      </testcase>
      <testcase name="Test Cases/TC17 - Login using data driven" time="5.139" classname="Test Cases/TC17 - Login using data driven" status="PASSED">
         <system-out><![CDATA[04-07-2024T10:34:11 - [TEST_CASE][PASSED] - Test Cases/TC17 - Login using data driven: Test Cases/TC17 - Login using data driven

04-07-2024T10:34:11 - [TEST_STEP][PASSED] - click(findTestObject("1. CURA Test Object (Click, Set, Dropdown)/Make Appointment")): Object: 'Object Repository/1. CURA Test Object (Click, Set, Dropdown)/Make Appointment' is clicked on

04-07-2024T10:34:12 - [MESSAGE][PASSED] - Object: 'Object Repository/1. CURA Test Object (Click, Set, Dropdown)/Make Appointment' is clicked on

04-07-2024T10:34:12 - [TEST_STEP][PASSED] - loginParameter = "varibleLogin": null

04-07-2024T10:34:12 - [TEST_STEP][PASSED] - username = getAttribute(findTestObject("1. CURA Test Object (Click, Set, Dropdown)/Username"), Username): Attribute 'John' of object 'Object Repository/1. CURA Test Object (Click, Set, Dropdown)/Username' is: 'null'

04-07-2024T10:34:12 - [MESSAGE][PASSED] - Attribute 'John' of object 'Object Repository/1. CURA Test Object (Click, Set, Dropdown)/Username' is: 'null'

04-07-2024T10:34:12 - [TEST_STEP][PASSED] - password = getAttribute(findTestObject("1. CURA Test Object (Click, Set, Dropdown)/Password"), Password): Attribute '' of object 'Object Repository/1. CURA Test Object (Click, Set, Dropdown)/Password' is: 'null'

04-07-2024T10:34:12 - [MESSAGE][PASSED] - Attribute '' of object 'Object Repository/1. CURA Test Object (Click, Set, Dropdown)/Password' is: 'null'

04-07-2024T10:34:13 - [TEST_STEP][PASSED] - setText(findTestObject("1. CURA Test Object (Click, Set, Dropdown)/Username"), Username): Text 'John' is set on object 'Object Repository/1. CURA Test Object (Click, Set, Dropdown)/Username'

04-07-2024T10:34:13 - [MESSAGE][PASSED] - Text 'John' is set on object 'Object Repository/1. CURA Test Object (Click, Set, Dropdown)/Username'

04-07-2024T10:34:13 - [TEST_STEP][PASSED] - setText(findTestObject("1. CURA Test Object (Click, Set, Dropdown)/Password"), Password): Text '' is set on object 'Object Repository/1. CURA Test Object (Click, Set, Dropdown)/Password'

04-07-2024T10:34:14 - [MESSAGE][PASSED] - Text '' is set on object 'Object Repository/1. CURA Test Object (Click, Set, Dropdown)/Password'

04-07-2024T10:34:14 - [TEST_STEP][PASSED] - click(findTestObject("1. CURA Test Object (Click, Set, Dropdown)/Login Button")): Object: 'Object Repository/1. CURA Test Object (Click, Set, Dropdown)/Login Button' is clicked on

04-07-2024T10:34:15 - [MESSAGE][PASSED] - Object: 'Object Repository/1. CURA Test Object (Click, Set, Dropdown)/Login Button' is clicked on

04-07-2024T10:34:15 - [TEST_STEP][PASSED] - if (username == "John Doe" && password == "ThisIsNotAPassword"): null

04-07-2024T10:34:15 - [TEST_STEP][PASSED] - else: Object 'Object Repository/7. Failed Login/Page_CURA Healthcare Service/p_Login failed Please ensure the username a_eb55b5' is visible

04-07-2024T10:34:15 - [TEST_STEP][PASSED] - verifyElementVisible(findTestObject("Object Repository/7. Failed Login/Page_CURA Healthcare Service/p_Login failed Please ensure the username a_eb55b5")): Object 'Object Repository/7. Failed Login/Page_CURA Healthcare Service/p_Login failed Please ensure the username a_eb55b5' is visible

04-07-2024T10:34:16 - [MESSAGE][PASSED] - Object 'Object Repository/7. Failed Login/Page_CURA Healthcare Service/p_Login failed Please ensure the username a_eb55b5' is visible]]></system-out>
         <system-err><![CDATA[]]></system-err>
      </testcase>
      <testcase name="Test Cases/TC17 - Login using data driven" time="4.08" classname="Test Cases/TC17 - Login using data driven" status="PASSED">
         <system-out><![CDATA[04-07-2024T10:34:16 - [TEST_CASE][PASSED] - Test Cases/TC17 - Login using data driven: Test Cases/TC17 - Login using data driven

04-07-2024T10:34:16 - [TEST_STEP][PASSED] - click(findTestObject("1. CURA Test Object (Click, Set, Dropdown)/Make Appointment")): Object: 'Object Repository/1. CURA Test Object (Click, Set, Dropdown)/Make Appointment' is clicked on

04-07-2024T10:34:16 - [MESSAGE][PASSED] - Object: 'Object Repository/1. CURA Test Object (Click, Set, Dropdown)/Make Appointment' is clicked on

04-07-2024T10:34:16 - [TEST_STEP][PASSED] - loginParameter = "varibleLogin": null

04-07-2024T10:34:16 - [TEST_STEP][PASSED] - username = getAttribute(findTestObject("1. CURA Test Object (Click, Set, Dropdown)/Username"), Username): Attribute 'John Doe' of object 'Object Repository/1. CURA Test Object (Click, Set, Dropdown)/Username' is: 'null'

04-07-2024T10:34:16 - [MESSAGE][PASSED] - Attribute 'John Doe' of object 'Object Repository/1. CURA Test Object (Click, Set, Dropdown)/Username' is: 'null'

04-07-2024T10:34:16 - [TEST_STEP][PASSED] - password = getAttribute(findTestObject("1. CURA Test Object (Click, Set, Dropdown)/Password"), Password): Attribute '' of object 'Object Repository/1. CURA Test Object (Click, Set, Dropdown)/Password' is: 'null'

04-07-2024T10:34:17 - [MESSAGE][PASSED] - Attribute '' of object 'Object Repository/1. CURA Test Object (Click, Set, Dropdown)/Password' is: 'null'

04-07-2024T10:34:17 - [TEST_STEP][PASSED] - setText(findTestObject("1. CURA Test Object (Click, Set, Dropdown)/Username"), Username): Text 'John Doe' is set on object 'Object Repository/1. CURA Test Object (Click, Set, Dropdown)/Username'

04-07-2024T10:34:17 - [MESSAGE][PASSED] - Text 'John Doe' is set on object 'Object Repository/1. CURA Test Object (Click, Set, Dropdown)/Username'

04-07-2024T10:34:17 - [TEST_STEP][PASSED] - setText(findTestObject("1. CURA Test Object (Click, Set, Dropdown)/Password"), Password): Text '' is set on object 'Object Repository/1. CURA Test Object (Click, Set, Dropdown)/Password'

04-07-2024T10:34:18 - [MESSAGE][PASSED] - Text '' is set on object 'Object Repository/1. CURA Test Object (Click, Set, Dropdown)/Password'

04-07-2024T10:34:18 - [TEST_STEP][PASSED] - click(findTestObject("1. CURA Test Object (Click, Set, Dropdown)/Login Button")): Object: 'Object Repository/1. CURA Test Object (Click, Set, Dropdown)/Login Button' is clicked on

04-07-2024T10:34:19 - [MESSAGE][PASSED] - Object: 'Object Repository/1. CURA Test Object (Click, Set, Dropdown)/Login Button' is clicked on

04-07-2024T10:34:19 - [TEST_STEP][PASSED] - if (username == "John Doe" && password == "ThisIsNotAPassword"): null

04-07-2024T10:34:19 - [TEST_STEP][PASSED] - else: Object 'Object Repository/7. Failed Login/Page_CURA Healthcare Service/p_Login failed Please ensure the username a_eb55b5' is visible

04-07-2024T10:34:19 - [TEST_STEP][PASSED] - verifyElementVisible(findTestObject("Object Repository/7. Failed Login/Page_CURA Healthcare Service/p_Login failed Please ensure the username a_eb55b5")): Object 'Object Repository/7. Failed Login/Page_CURA Healthcare Service/p_Login failed Please ensure the username a_eb55b5' is visible

04-07-2024T10:34:20 - [MESSAGE][PASSED] - Object 'Object Repository/7. Failed Login/Page_CURA Healthcare Service/p_Login failed Please ensure the username a_eb55b5' is visible]]></system-out>
         <system-err><![CDATA[]]></system-err>
      </testcase>
      <testcase name="Test Cases/TC17 - Login using data driven" time="4.164" classname="Test Cases/TC17 - Login using data driven" status="PASSED">
         <system-out><![CDATA[04-07-2024T10:34:20 - [TEST_CASE][PASSED] - Test Cases/TC17 - Login using data driven: Test Cases/TC17 - Login using data driven

04-07-2024T10:34:20 - [TEST_STEP][PASSED] - click(findTestObject("1. CURA Test Object (Click, Set, Dropdown)/Make Appointment")): Object: 'Object Repository/1. CURA Test Object (Click, Set, Dropdown)/Make Appointment' is clicked on

04-07-2024T10:34:20 - [MESSAGE][PASSED] - Object: 'Object Repository/1. CURA Test Object (Click, Set, Dropdown)/Make Appointment' is clicked on

04-07-2024T10:34:20 - [TEST_STEP][PASSED] - loginParameter = "varibleLogin": null

04-07-2024T10:34:20 - [TEST_STEP][PASSED] - username = getAttribute(findTestObject("1. CURA Test Object (Click, Set, Dropdown)/Username"), Username): Attribute 'John Doe' of object 'Object Repository/1. CURA Test Object (Click, Set, Dropdown)/Username' is: 'null'

04-07-2024T10:34:21 - [MESSAGE][PASSED] - Attribute 'John Doe' of object 'Object Repository/1. CURA Test Object (Click, Set, Dropdown)/Username' is: 'null'

04-07-2024T10:34:21 - [TEST_STEP][PASSED] - password = getAttribute(findTestObject("1. CURA Test Object (Click, Set, Dropdown)/Password"), Password): Attribute 'This' of object 'Object Repository/1. CURA Test Object (Click, Set, Dropdown)/Password' is: 'null'

04-07-2024T10:34:21 - [MESSAGE][PASSED] - Attribute 'This' of object 'Object Repository/1. CURA Test Object (Click, Set, Dropdown)/Password' is: 'null'

04-07-2024T10:34:21 - [TEST_STEP][PASSED] - setText(findTestObject("1. CURA Test Object (Click, Set, Dropdown)/Username"), Username): Text 'John Doe' is set on object 'Object Repository/1. CURA Test Object (Click, Set, Dropdown)/Username'

04-07-2024T10:34:22 - [MESSAGE][PASSED] - Text 'John Doe' is set on object 'Object Repository/1. CURA Test Object (Click, Set, Dropdown)/Username'

04-07-2024T10:34:22 - [TEST_STEP][PASSED] - setText(findTestObject("1. CURA Test Object (Click, Set, Dropdown)/Password"), Password): Text 'This' is set on object 'Object Repository/1. CURA Test Object (Click, Set, Dropdown)/Password'

04-07-2024T10:34:22 - [MESSAGE][PASSED] - Text 'This' is set on object 'Object Repository/1. CURA Test Object (Click, Set, Dropdown)/Password'

04-07-2024T10:34:22 - [TEST_STEP][PASSED] - click(findTestObject("1. CURA Test Object (Click, Set, Dropdown)/Login Button")): Object: 'Object Repository/1. CURA Test Object (Click, Set, Dropdown)/Login Button' is clicked on

04-07-2024T10:34:23 - [MESSAGE][PASSED] - Object: 'Object Repository/1. CURA Test Object (Click, Set, Dropdown)/Login Button' is clicked on

04-07-2024T10:34:23 - [TEST_STEP][PASSED] - if (username == "John Doe" && password == "ThisIsNotAPassword"): null

04-07-2024T10:34:23 - [TEST_STEP][PASSED] - else: Object 'Object Repository/7. Failed Login/Page_CURA Healthcare Service/p_Login failed Please ensure the username a_eb55b5' is visible

04-07-2024T10:34:23 - [TEST_STEP][PASSED] - verifyElementVisible(findTestObject("Object Repository/7. Failed Login/Page_CURA Healthcare Service/p_Login failed Please ensure the username a_eb55b5")): Object 'Object Repository/7. Failed Login/Page_CURA Healthcare Service/p_Login failed Please ensure the username a_eb55b5' is visible

04-07-2024T10:34:24 - [MESSAGE][PASSED] - Object 'Object Repository/7. Failed Login/Page_CURA Healthcare Service/p_Login failed Please ensure the username a_eb55b5' is visible]]></system-out>
         <system-err><![CDATA[]]></system-err>
      </testcase>
      <testcase name="Test Cases/TC17 - Login using data driven" time="4.234" classname="Test Cases/TC17 - Login using data driven" status="PASSED">
         <system-out><![CDATA[04-07-2024T10:34:24 - [TEST_CASE][PASSED] - Test Cases/TC17 - Login using data driven: Test Cases/TC17 - Login using data driven

04-07-2024T10:34:24 - [TEST_STEP][PASSED] - click(findTestObject("1. CURA Test Object (Click, Set, Dropdown)/Make Appointment")): Object: 'Object Repository/1. CURA Test Object (Click, Set, Dropdown)/Make Appointment' is clicked on

04-07-2024T10:34:24 - [MESSAGE][PASSED] - Object: 'Object Repository/1. CURA Test Object (Click, Set, Dropdown)/Make Appointment' is clicked on

04-07-2024T10:34:24 - [TEST_STEP][PASSED] - loginParameter = "varibleLogin": null

04-07-2024T10:34:24 - [TEST_STEP][PASSED] - username = getAttribute(findTestObject("1. CURA Test Object (Click, Set, Dropdown)/Username"), Username): Attribute '' of object 'Object Repository/1. CURA Test Object (Click, Set, Dropdown)/Username' is: 'null'

04-07-2024T10:34:25 - [MESSAGE][PASSED] - Attribute '' of object 'Object Repository/1. CURA Test Object (Click, Set, Dropdown)/Username' is: 'null'

04-07-2024T10:34:25 - [TEST_STEP][PASSED] - password = getAttribute(findTestObject("1. CURA Test Object (Click, Set, Dropdown)/Password"), Password): Attribute 'ThisIsNotAPassword' of object 'Object Repository/1. CURA Test Object (Click, Set, Dropdown)/Password' is: 'null'

04-07-2024T10:34:25 - [MESSAGE][PASSED] - Attribute 'ThisIsNotAPassword' of object 'Object Repository/1. CURA Test Object (Click, Set, Dropdown)/Password' is: 'null'

04-07-2024T10:34:25 - [TEST_STEP][PASSED] - setText(findTestObject("1. CURA Test Object (Click, Set, Dropdown)/Username"), Username): Text '' is set on object 'Object Repository/1. CURA Test Object (Click, Set, Dropdown)/Username'

04-07-2024T10:34:26 - [MESSAGE][PASSED] - Text '' is set on object 'Object Repository/1. CURA Test Object (Click, Set, Dropdown)/Username'

04-07-2024T10:34:26 - [TEST_STEP][PASSED] - setText(findTestObject("1. CURA Test Object (Click, Set, Dropdown)/Password"), Password): Text 'ThisIsNotAPassword' is set on object 'Object Repository/1. CURA Test Object (Click, Set, Dropdown)/Password'

04-07-2024T10:34:27 - [MESSAGE][PASSED] - Text 'ThisIsNotAPassword' is set on object 'Object Repository/1. CURA Test Object (Click, Set, Dropdown)/Password'

04-07-2024T10:34:27 - [TEST_STEP][PASSED] - click(findTestObject("1. CURA Test Object (Click, Set, Dropdown)/Login Button")): Object: 'Object Repository/1. CURA Test Object (Click, Set, Dropdown)/Login Button' is clicked on

04-07-2024T10:34:28 - [MESSAGE][PASSED] - Object: 'Object Repository/1. CURA Test Object (Click, Set, Dropdown)/Login Button' is clicked on

04-07-2024T10:34:28 - [TEST_STEP][PASSED] - if (username == "John Doe" && password == "ThisIsNotAPassword"): null

04-07-2024T10:34:28 - [TEST_STEP][PASSED] - else: Object 'Object Repository/7. Failed Login/Page_CURA Healthcare Service/p_Login failed Please ensure the username a_eb55b5' is visible

04-07-2024T10:34:28 - [TEST_STEP][PASSED] - verifyElementVisible(findTestObject("Object Repository/7. Failed Login/Page_CURA Healthcare Service/p_Login failed Please ensure the username a_eb55b5")): Object 'Object Repository/7. Failed Login/Page_CURA Healthcare Service/p_Login failed Please ensure the username a_eb55b5' is visible

04-07-2024T10:34:28 - [MESSAGE][PASSED] - Object 'Object Repository/7. Failed Login/Page_CURA Healthcare Service/p_Login failed Please ensure the username a_eb55b5' is visible]]></system-out>
         <system-err><![CDATA[]]></system-err>
      </testcase>
      <testcase name="Test Cases/TC17 - Login using data driven" time="4.084" classname="Test Cases/TC17 - Login using data driven" status="PASSED">
         <system-out><![CDATA[04-07-2024T10:34:28 - [TEST_CASE][PASSED] - Test Cases/TC17 - Login using data driven: Test Cases/TC17 - Login using data driven

04-07-2024T10:34:28 - [TEST_STEP][PASSED] - click(findTestObject("1. CURA Test Object (Click, Set, Dropdown)/Make Appointment")): Object: 'Object Repository/1. CURA Test Object (Click, Set, Dropdown)/Make Appointment' is clicked on

04-07-2024T10:34:29 - [MESSAGE][PASSED] - Object: 'Object Repository/1. CURA Test Object (Click, Set, Dropdown)/Make Appointment' is clicked on

04-07-2024T10:34:29 - [TEST_STEP][PASSED] - loginParameter = "varibleLogin": null

04-07-2024T10:34:29 - [TEST_STEP][PASSED] - username = getAttribute(findTestObject("1. CURA Test Object (Click, Set, Dropdown)/Username"), Username): Attribute 'John' of object 'Object Repository/1. CURA Test Object (Click, Set, Dropdown)/Username' is: 'null'

04-07-2024T10:34:29 - [MESSAGE][PASSED] - Attribute 'John' of object 'Object Repository/1. CURA Test Object (Click, Set, Dropdown)/Username' is: 'null'

04-07-2024T10:34:29 - [TEST_STEP][PASSED] - password = getAttribute(findTestObject("1. CURA Test Object (Click, Set, Dropdown)/Password"), Password): Attribute 'This' of object 'Object Repository/1. CURA Test Object (Click, Set, Dropdown)/Password' is: 'null'

04-07-2024T10:34:29 - [MESSAGE][PASSED] - Attribute 'This' of object 'Object Repository/1. CURA Test Object (Click, Set, Dropdown)/Password' is: 'null'

04-07-2024T10:34:29 - [TEST_STEP][PASSED] - setText(findTestObject("1. CURA Test Object (Click, Set, Dropdown)/Username"), Username): Text 'John' is set on object 'Object Repository/1. CURA Test Object (Click, Set, Dropdown)/Username'

04-07-2024T10:34:30 - [MESSAGE][PASSED] - Text 'John' is set on object 'Object Repository/1. CURA Test Object (Click, Set, Dropdown)/Username'

04-07-2024T10:34:30 - [TEST_STEP][PASSED] - setText(findTestObject("1. CURA Test Object (Click, Set, Dropdown)/Password"), Password): Text 'This' is set on object 'Object Repository/1. CURA Test Object (Click, Set, Dropdown)/Password'

04-07-2024T10:34:31 - [MESSAGE][PASSED] - Text 'This' is set on object 'Object Repository/1. CURA Test Object (Click, Set, Dropdown)/Password'

04-07-2024T10:34:31 - [TEST_STEP][PASSED] - click(findTestObject("1. CURA Test Object (Click, Set, Dropdown)/Login Button")): Object: 'Object Repository/1. CURA Test Object (Click, Set, Dropdown)/Login Button' is clicked on

04-07-2024T10:34:32 - [MESSAGE][PASSED] - Object: 'Object Repository/1. CURA Test Object (Click, Set, Dropdown)/Login Button' is clicked on

04-07-2024T10:34:32 - [TEST_STEP][PASSED] - if (username == "John Doe" && password == "ThisIsNotAPassword"): null

04-07-2024T10:34:32 - [TEST_STEP][PASSED] - else: Object 'Object Repository/7. Failed Login/Page_CURA Healthcare Service/p_Login failed Please ensure the username a_eb55b5' is visible

04-07-2024T10:34:32 - [TEST_STEP][PASSED] - verifyElementVisible(findTestObject("Object Repository/7. Failed Login/Page_CURA Healthcare Service/p_Login failed Please ensure the username a_eb55b5")): Object 'Object Repository/7. Failed Login/Page_CURA Healthcare Service/p_Login failed Please ensure the username a_eb55b5' is visible

04-07-2024T10:34:32 - [MESSAGE][PASSED] - Object 'Object Repository/7. Failed Login/Page_CURA Healthcare Service/p_Login failed Please ensure the username a_eb55b5' is visible]]></system-out>
         <system-err><![CDATA[]]></system-err>
      </testcase>
      <testcase name="Test Cases/TC17 - Login using data driven" time="35.435" classname="Test Cases/TC17 - Login using data driven" status="PASSED">
         <system-out><![CDATA[04-07-2024T10:34:32 - [TEST_CASE][PASSED] - Test Cases/TC17 - Login using data driven: Test Cases/TC17 - Login using data driven

04-07-2024T10:34:32 - [TEST_STEP][PASSED] - click(findTestObject("1. CURA Test Object (Click, Set, Dropdown)/Make Appointment")): Object: 'Object Repository/1. CURA Test Object (Click, Set, Dropdown)/Make Appointment' is clicked on

04-07-2024T10:34:33 - [MESSAGE][PASSED] - Object: 'Object Repository/1. CURA Test Object (Click, Set, Dropdown)/Make Appointment' is clicked on

04-07-2024T10:34:33 - [TEST_STEP][PASSED] - loginParameter = "varibleLogin": null

04-07-2024T10:34:33 - [TEST_STEP][PASSED] - username = getAttribute(findTestObject("1. CURA Test Object (Click, Set, Dropdown)/Username"), Username): Attribute 'John Doe' of object 'Object Repository/1. CURA Test Object (Click, Set, Dropdown)/Username' is: 'null'

04-07-2024T10:34:33 - [MESSAGE][PASSED] - Attribute 'John Doe' of object 'Object Repository/1. CURA Test Object (Click, Set, Dropdown)/Username' is: 'null'

04-07-2024T10:34:33 - [TEST_STEP][PASSED] - password = getAttribute(findTestObject("1. CURA Test Object (Click, Set, Dropdown)/Password"), Password): Attribute 'ThisIsNotAPassword' of object 'Object Repository/1. CURA Test Object (Click, Set, Dropdown)/Password' is: 'null'

04-07-2024T10:34:33 - [MESSAGE][PASSED] - Attribute 'ThisIsNotAPassword' of object 'Object Repository/1. CURA Test Object (Click, Set, Dropdown)/Password' is: 'null'

04-07-2024T10:34:33 - [TEST_STEP][PASSED] - setText(findTestObject("1. CURA Test Object (Click, Set, Dropdown)/Username"), Username): Text 'John Doe' is set on object 'Object Repository/1. CURA Test Object (Click, Set, Dropdown)/Username'

04-07-2024T10:34:34 - [MESSAGE][PASSED] - Text 'John Doe' is set on object 'Object Repository/1. CURA Test Object (Click, Set, Dropdown)/Username'

04-07-2024T10:34:34 - [TEST_STEP][PASSED] - setText(findTestObject("1. CURA Test Object (Click, Set, Dropdown)/Password"), Password): Text 'ThisIsNotAPassword' is set on object 'Object Repository/1. CURA Test Object (Click, Set, Dropdown)/Password'

04-07-2024T10:34:35 - [MESSAGE][PASSED] - Text 'ThisIsNotAPassword' is set on object 'Object Repository/1. CURA Test Object (Click, Set, Dropdown)/Password'

04-07-2024T10:34:35 - [TEST_STEP][PASSED] - click(findTestObject("1. CURA Test Object (Click, Set, Dropdown)/Login Button")): Object: 'Object Repository/1. CURA Test Object (Click, Set, Dropdown)/Login Button' is clicked on

04-07-2024T10:34:36 - [MESSAGE][PASSED] - Object: 'Object Repository/1. CURA Test Object (Click, Set, Dropdown)/Login Button' is clicked on

04-07-2024T10:34:36 - [TEST_STEP][PASSED] - if (username == "John Doe" && password == "ThisIsNotAPassword"): null

04-07-2024T10:34:36 - [TEST_STEP][PASSED] - else: Object 'Object Repository/7. Failed Login/Page_CURA Healthcare Service/p_Login failed Please ensure the username a_eb55b5' is visible

04-07-2024T10:34:36 - [TEST_STEP][PASSED] - verifyElementVisible(findTestObject("Object Repository/7. Failed Login/Page_CURA Healthcare Service/p_Login failed Please ensure the username a_eb55b5")): Object 'Object Repository/7. Failed Login/Page_CURA Healthcare Service/p_Login failed Please ensure the username a_eb55b5' is visible

04-07-2024T10:35:07 - [MESSAGE][INFO] - Unable to find the element located by 'By.xpath: //section[@id='login']/div/div/div/p[2]'. Please recheck the objects properties to make sure the desired element is located. 

04-07-2024T10:35:07 - [MESSAGE][WARNING] - [SELF-HEALING] Failed to find element with id 'Object Repository/7. Failed Login/Page_CURA Healthcare Service/p_Login failed Please ensure the username a_eb55b5'. Try using Self-healing.

04-07-2024T10:35:08 - [MESSAGE][WARNING] - [SELF-HEALING] The current locator of test object 'Object Repository/7. Failed Login/Page_CURA Healthcare Service/p_Login failed Please ensure the username a_eb55b5' was broken. Propose an alternative one: '(.//*[normalize-space(text()) and normalize-space(.)='Make Appointment'])[1]/following::p[2]'.

04-07-2024T10:35:08 - [MESSAGE][PASSED] - Object 'Object Repository/7. Failed Login/Page_CURA Healthcare Service/p_Login failed Please ensure the username a_eb55b5' is visible]]></system-out>
         <system-err><![CDATA[]]></system-err>
      </testcase>
      <testcase name="Test Cases/Test Case Properties/TCP03 - Logout" time="2.352" classname="Test Cases/Test Case Properties/TCP03 - Logout" status="PASSED">
         <system-out><![CDATA[04-07-2024T10:35:08 - [TEST_CASE][PASSED] - Test Cases/Test Case Properties/TCP03 - Logout: Test Cases/Test Case Properties/TCP03 - Logout

04-07-2024T10:35:08 - [TEST_STEP][PASSED] - verifyElementText(findTestObject("2. CURA Test Object (Verify parameter)/Make Appointment Text"), "Make Appointment"): Actual text and expected text of test object 'Object Repository/2. CURA Test Object (Verify parameter)/Make Appointment Text' are matched.

04-07-2024T10:35:08 - [MESSAGE][PASSED] - Actual text and expected text of test object 'Object Repository/2. CURA Test Object (Verify parameter)/Make Appointment Text' are matched.

04-07-2024T10:35:08 - [TEST_STEP][PASSED] - click(findTestObject("1. CURA Test Object (Click, Set, Dropdown)/Menu")): Object: 'Object Repository/1. CURA Test Object (Click, Set, Dropdown)/Menu' is clicked on

04-07-2024T10:35:09 - [MESSAGE][PASSED] - Object: 'Object Repository/1. CURA Test Object (Click, Set, Dropdown)/Menu' is clicked on

04-07-2024T10:35:09 - [TEST_STEP][PASSED] - click(findTestObject("1. CURA Test Object (Click, Set, Dropdown)/Logout")): Object: 'Object Repository/1. CURA Test Object (Click, Set, Dropdown)/Logout' is clicked on

04-07-2024T10:35:10 - [MESSAGE][PASSED] - Object: 'Object Repository/1. CURA Test Object (Click, Set, Dropdown)/Logout' is clicked on

04-07-2024T10:35:10 - [TEST_STEP][PASSED] - closeBrowser(): Browser is closed

04-07-2024T10:35:10 - [MESSAGE][PASSED] - Browser is closed]]></system-out>
         <system-err><![CDATA[]]></system-err>
      </testcase>
      <system-out><![CDATA[04-07-2024T10:34:05 - [TEST_SUITE][PASSED] - TS09 - Login using data driven: Test Cases/Test Case Properties/TCP03 - Logout]]></system-out>
      <system-err><![CDATA[]]></system-err>
   </testsuite>
</testsuites>
