<?xml version="1.0" encoding="UTF-8"?>
<testsuites name="TS001 - Verify Landing Page" time="9.78" tests="1" failures="0" errors="0">
   <testsuite name="TS001 - Verify Landing Page" tests="1" failures="0" errors="0" time="9.78" skipped="0" timestamp="16-07-2024T09:25:38" hostname="Lenovo - LAPTOP-7QB5JFLU" id="Test Suites/Eklipse Test suite/TS001 - Verify Landing Page">
      <properties>
         <property name="deviceName" value=""/>
         <property name="devicePlatform"/>
         <property name="logFolder" value="C:\\Users\\Lenovo\\git\\KatalonPractitionerLevel\\Reports\\20240716_092529\\Eklipse Test suite\\TS001 - Verify Landing Page\\20240716_092529"/>
         <property name="logFiles" value="C:\\Users\\Lenovo\\git\\KatalonPractitionerLevel\\Reports\\20240716_092529\\Eklipse Test suite\\TS001 - Verify Landing Page\\20240716_092529\\execution0.log"/>
         <property name="attachments" value=""/>
         <property name="hostName" value="Lenovo - LAPTOP-7QB5JFLU"/>
         <property name="os" value="Windows 11 64bit"/>
         <property name="katalonVersion" value="9.6.0.217"/>
         <property name="browser" value="Chrome 126.0.0.0"/>
         <property name="hostAddress" value="192.168.1.12"/>
         <property name="sessionId" value="d92989937ff330bab45e430bdfe4b85d"/>
         <property name="seleniumVersion" value="3.141.59"/>
         <property name="proxyInformation" value="ProxyInformation { proxyOption=NO_PROXY, proxyServerType=HTTP, username=, password=********, proxyServerAddress=, proxyServerPort=0, executionList=&quot;&quot;, isApplyToDesiredCapabilities=true }"/>
         <property name="platform" value="Windows 11"/>
      </properties>
      <testcase name="Test Cases/Eklipse Test/Landing page/TC003 - Verify web title" time="9.63" classname="Test Cases/Eklipse Test/Landing page/TC003 - Verify web title" status="PASSED">
         <system-out><![CDATA[16-07-2024T09:25:38 - [TEST_CASE][PASSED] - Test Cases/Eklipse Test/Landing page/TC003 - Verify web title: Test Cases/Eklipse Test/Landing page/TC003 - Verify web title

16-07-2024T09:25:38 - [TEST_STEP][PASSED] - openBrowser(""): Browser is opened with url: ''

16-07-2024T09:25:39 - [MESSAGE][INFO] - Starting 'Chrome' driver

16-07-2024T09:25:39 - [MESSAGE][INFO] - Action delay is set to 0 milliseconds

16-07-2024T09:25:40 - [MESSAGE][PASSED] - Browser is opened with url: ''

16-07-2024T09:25:40 - [TEST_STEP][PASSED] - navigateToUrl("https://eklipse.gg/"): Navigate to 'https://eklipse.gg/' successfully

16-07-2024T09:25:47 - [MESSAGE][PASSED] - Navigate to 'https://eklipse.gg/' successfully

16-07-2024T09:25:47 - [TEST_STEP][NOT_RUN] - waitForImagePresent(findTestObject("Eklipse Landing Page/Page_Eklipse/img_Features_logo-desktop"), 3): NOT_RUN: waitForImagePresent(findTestObject("Eklipse Landing Page/Page_Eklipse/img_Features_logo-desktop"), 3)

16-07-2024T09:25:47 - [MESSAGE][NOT_RUN] - NOT_RUN: waitForImagePresent(findTestObject("Eklipse Landing Page/Page_Eklipse/img_Features_logo-desktop"), 3)

16-07-2024T09:25:47 - [TEST_STEP][NOT_RUN] - takeFullPageScreenshot(): NOT_RUN: takeFullPageScreenshot()

16-07-2024T09:25:47 - [MESSAGE][NOT_RUN] - NOT_RUN: takeFullPageScreenshot()

16-07-2024T09:25:47 - [TEST_STEP][PASSED] - title1 = getWindowTitle(): Current window's title is: 'Eklipse - Convert Twitch Clip To TikTok, Reels, & Shorts For Free'

16-07-2024T09:25:47 - [MESSAGE][PASSED] - Current window's title is: 'Eklipse - Convert Twitch Clip To TikTok, Reels, & Shorts For Free'

16-07-2024T09:25:47 - [TEST_STEP][PASSED] - title2 = "Eklipse - Convert Twitch Clip To TikTok, Reels, & Shorts For Free": null

16-07-2024T09:25:47 - [TEST_STEP][PASSED] - verifyEqual(title1, title2): Actual object 'Eklipse - Convert Twitch Clip To TikTok, Reels, & Shorts For Free' and expected object 'Eklipse - Convert Twitch Clip To TikTok, Reels, & Shorts For Free' are equal

16-07-2024T09:25:47 - [MESSAGE][PASSED] - Actual object 'Eklipse - Convert Twitch Clip To TikTok, Reels, & Shorts For Free' and expected object 'Eklipse - Convert Twitch Clip To TikTok, Reels, & Shorts For Free' are equal

16-07-2024T09:25:47 - [TEST_STEP][PASSED] - if (title1.equals(title2)): Execute JavaScript 'alert('PAGE TITLE MATCHED')' successfully

16-07-2024T09:25:47 - [TEST_STEP][PASSED] - comment("PAGE TITLE MATCHED"): PAGE TITLE MATCHED

16-07-2024T09:25:47 - [MESSAGE][INFO] - PAGE TITLE MATCHED

16-07-2024T09:25:47 - [TEST_STEP][PASSED] - executeJavaScript("alert('PAGE TITLE MATCHED')", null): Execute JavaScript 'alert('PAGE TITLE MATCHED')' successfully

16-07-2024T09:25:47 - [MESSAGE][PASSED] - Execute JavaScript 'alert('PAGE TITLE MATCHED')' successfully

16-07-2024T09:25:47 - [TEST_STEP][PASSED] - closeBrowser(): Browser is closed

16-07-2024T09:25:48 - [MESSAGE][PASSED] - Browser is closed]]></system-out>
         <system-err><![CDATA[]]></system-err>
      </testcase>
      <system-out><![CDATA[16-07-2024T09:25:38 - [TEST_SUITE][PASSED] - TS001 - Verify Landing Page: Test Cases/Eklipse Test/Landing page/TC003 - Verify web title]]></system-out>
      <system-err><![CDATA[]]></system-err>
   </testsuite>
</testsuites>
