<?xml version="1.0" encoding="UTF-8"?>
<testsuites name="TS11 - Hongkong appointment using data driven" time="73.242" tests="5" failures="0" errors="0">
   <testsuite name="TS11 - Hongkong appointment using data driven" tests="5" failures="0" errors="0" time="73.242" skipped="0" timestamp="12-07-2024T19:16:39" hostname="Lenovo - LAPTOP-7QB5JFLU" id="Test Suites/CURA Test suites/TS11 - Hongkong appointment using data driven">
      <properties>
         <property name="deviceName" value=""/>
         <property name="devicePlatform"/>
         <property name="logFolder" value="C:\\Users\\Lenovo\\git\\KatalonPractitionerLevel\\Reports\\20240712_191630\\CURA Test suites\\TS11 - Hongkong appointment using data driven\\20240712_191631"/>
         <property name="logFiles" value="C:\\Users\\Lenovo\\git\\KatalonPractitionerLevel\\Reports\\20240712_191630\\CURA Test suites\\TS11 - Hongkong appointment using data driven\\20240712_191631\\execution0.log"/>
         <property name="attachments" value=""/>
         <property name="hostName" value="Lenovo - LAPTOP-7QB5JFLU"/>
         <property name="os" value="Windows 11 64bit"/>
         <property name="katalonVersion" value="9.6.0.217"/>
         <property name="browser" value="Chrome 126.0.0.0"/>
         <property name="hostAddress" value="192.168.1.12"/>
         <property name="sessionId" value="ac6a72a84bb013f75acdaafe2c81c39a"/>
         <property name="seleniumVersion" value="3.141.59"/>
         <property name="proxyInformation" value="ProxyInformation { proxyOption=NO_PROXY, proxyServerType=HTTP, username=, password=********, proxyServerAddress=, proxyServerPort=0, executionList=&quot;&quot;, isApplyToDesiredCapabilities=true }"/>
         <property name="platform" value="Windows 11"/>
      </properties>
      <testcase name="Test Cases/CURA Web Test/TC19 - Hongkong Appointment using data driven" time="18.881" classname="Test Cases/CURA Web Test/TC19 - Hongkong Appointment using data driven" status="PASSED">
         <system-out><![CDATA[12-07-2024T19:16:39 - [TEST_CASE][PASSED] - Test Cases/CURA Web Test/TC19 - Hongkong Appointment using data driven: Test Cases/CURA Web Test/TC19 - Hongkong Appointment using data driven

12-07-2024T19:16:40 - [TEST_STEP][PASSED] - callTestCase(findTestCase("CURA Web Test/Properties/TCP01 - Open browser"), [:], STOP_ON_FAILURE): Call Test Case 'Test Cases/CURA Web Test/Properties/TCP01 - Open browser' successfully

12-07-2024T19:16:40 - [TEST_CASE][PASSED] - Test Cases/CURA Web Test/Properties/TCP01 - Open browser: Test Cases/CURA Web Test/Properties/TCP01 - Open browser

12-07-2024T19:16:40 - [TEST_STEP][PASSED] - openBrowser(""): Browser is opened with url: ''

12-07-2024T19:16:40 - [MESSAGE][INFO] - Starting 'Chrome' driver

12-07-2024T19:16:40 - [MESSAGE][INFO] - Action delay is set to 0 milliseconds

12-07-2024T19:16:42 - [MESSAGE][PASSED] - Browser is opened with url: ''

12-07-2024T19:16:42 - [TEST_STEP][PASSED] - navigateToUrl(URL): Navigate to 'https://katalon-demo-cura.herokuapp.com/' successfully

12-07-2024T19:16:47 - [MESSAGE][PASSED] - Navigate to 'https://katalon-demo-cura.herokuapp.com/' successfully

12-07-2024T19:16:47 - [MESSAGE][PASSED] - Call Test Case 'Test Cases/CURA Web Test/Properties/TCP01 - Open browser' successfully

12-07-2024T19:16:47 - [TEST_STEP][PASSED] - callTestCase(findTestCase("CURA Web Test/Properties/TCP02 - Login"), [:], STOP_ON_FAILURE): Call Test Case 'Test Cases/CURA Web Test/Properties/TCP02 - Login' successfully

12-07-2024T19:16:47 - [TEST_CASE][PASSED] - Test Cases/CURA Web Test/Properties/TCP02 - Login: Test Cases/CURA Web Test/Properties/TCP02 - Login

12-07-2024T19:16:47 - [TEST_STEP][PASSED] - click(findTestObject("1. CURA Object button/Make Appointment")): Object: 'Object Repository/1. CURA Object button/Make Appointment' is clicked on

12-07-2024T19:16:48 - [MESSAGE][PASSED] - Object: 'Object Repository/1. CURA Object button/Make Appointment' is clicked on

12-07-2024T19:16:48 - [TEST_STEP][PASSED] - verifyElementText(findTestObject("2. CURA Object Text/Login Text"), "Login"): Actual text and expected text of test object 'Object Repository/2. CURA Object Text/Login Text' are matched.

12-07-2024T19:16:49 - [MESSAGE][PASSED] - Actual text and expected text of test object 'Object Repository/2. CURA Object Text/Login Text' are matched.

12-07-2024T19:16:49 - [TEST_STEP][PASSED] - setText(findTestObject("1. CURA Object button/Username"), Username): Text 'John Doe' is set on object 'Object Repository/1. CURA Object button/Username'

12-07-2024T19:16:49 - [MESSAGE][PASSED] - Text 'John Doe' is set on object 'Object Repository/1. CURA Object button/Username'

12-07-2024T19:16:49 - [TEST_STEP][PASSED] - setText(findTestObject("1. CURA Object button/Password"), Password): Text 'ThisIsNotAPassword' is set on object 'Object Repository/1. CURA Object button/Password'

12-07-2024T19:16:50 - [MESSAGE][PASSED] - Text 'ThisIsNotAPassword' is set on object 'Object Repository/1. CURA Object button/Password'

12-07-2024T19:16:50 - [TEST_STEP][PASSED] - click(findTestObject("1. CURA Object button/Login Button")): Object: 'Object Repository/1. CURA Object button/Login Button' is clicked on

12-07-2024T19:16:51 - [MESSAGE][PASSED] - Object: 'Object Repository/1. CURA Object button/Login Button' is clicked on

12-07-2024T19:16:51 - [MESSAGE][PASSED] - Call Test Case 'Test Cases/CURA Web Test/Properties/TCP02 - Login' successfully

12-07-2024T19:16:51 - [TEST_STEP][PASSED] - selectOptionByValue(findTestObject("1. CURA Object button/Facility"), facility, true): All options with value 'Hongkong CURA Healthcare Center' are selected in object 'Object Repository/1. CURA Object button/Facility'  using regular expression

12-07-2024T19:16:53 - [MESSAGE][PASSED] - All options with value 'Hongkong CURA Healthcare Center' are selected in object 'Object Repository/1. CURA Object button/Facility'  using regular expression

12-07-2024T19:16:53 - [TEST_STEP][PASSED] - click(findTestObject("1. CURA Object button/Hospital Readmission")): Object: 'Object Repository/1. CURA Object button/Hospital Readmission' is clicked on

12-07-2024T19:16:53 - [MESSAGE][PASSED] - Object: 'Object Repository/1. CURA Object button/Hospital Readmission' is clicked on

12-07-2024T19:16:53 - [TEST_STEP][PASSED] - click(findTestObject("1. CURA Object button/None")): Object: 'Object Repository/1. CURA Object button/None' is clicked on

12-07-2024T19:16:53 - [MESSAGE][PASSED] - Object: 'Object Repository/1. CURA Object button/None' is clicked on

12-07-2024T19:16:53 - [TEST_STEP][PASSED] - click(findTestObject("1. CURA Object button/Visit Date")): Object: 'Object Repository/1. CURA Object button/Visit Date' is clicked on

12-07-2024T19:16:54 - [MESSAGE][PASSED] - Object: 'Object Repository/1. CURA Object button/Visit Date' is clicked on

12-07-2024T19:16:54 - [TEST_STEP][PASSED] - setText(findTestObject("1. CURA Object button/Visit Date"), visitdate): Text '22/07/2024' is set on object 'Object Repository/1. CURA Object button/Visit Date'

12-07-2024T19:16:55 - [MESSAGE][PASSED] - Text '22/07/2024' is set on object 'Object Repository/1. CURA Object button/Visit Date'

12-07-2024T19:16:55 - [TEST_STEP][PASSED] - setText(findTestObject("1. CURA Object button/Comment"), comment): Text 'Visit time: 9:00 AM' is set on object 'Object Repository/1. CURA Object button/Comment'

12-07-2024T19:16:56 - [MESSAGE][PASSED] - Text 'Visit time: 9:00 AM' is set on object 'Object Repository/1. CURA Object button/Comment'

12-07-2024T19:16:56 - [TEST_STEP][PASSED] - click(findTestObject("1. CURA Object button/Book Appointment")): Object: 'Object Repository/1. CURA Object button/Book Appointment' is clicked on

12-07-2024T19:16:57 - [MESSAGE][PASSED] - Object: 'Object Repository/1. CURA Object button/Book Appointment' is clicked on

12-07-2024T19:16:57 - [TEST_STEP][PASSED] - click(findTestObject("1. CURA Object button/Menu")): Object: 'Object Repository/1. CURA Object button/Menu' is clicked on

12-07-2024T19:16:57 - [MESSAGE][PASSED] - Object: 'Object Repository/1. CURA Object button/Menu' is clicked on

12-07-2024T19:16:57 - [TEST_STEP][PASSED] - click(findTestObject("1. CURA Object button/Home")): Object: 'Object Repository/1. CURA Object button/Home' is clicked on

12-07-2024T19:16:58 - [MESSAGE][PASSED] - Object: 'Object Repository/1. CURA Object button/Home' is clicked on

12-07-2024T19:16:58 - [TEST_STEP][PASSED] - click(findTestObject("1. CURA Object button/Make Appointment")): Object: 'Object Repository/1. CURA Object button/Make Appointment' is clicked on

12-07-2024T19:16:58 - [MESSAGE][PASSED] - Object: 'Object Repository/1. CURA Object button/Make Appointment' is clicked on]]></system-out>
         <system-err><![CDATA[]]></system-err>
      </testcase>
      <testcase name="Test Cases/CURA Web Test/TC19 - Hongkong Appointment using data driven" time="16.951" classname="Test Cases/CURA Web Test/TC19 - Hongkong Appointment using data driven" status="PASSED">
         <system-out><![CDATA[12-07-2024T19:16:58 - [TEST_CASE][PASSED] - Test Cases/CURA Web Test/TC19 - Hongkong Appointment using data driven: Test Cases/CURA Web Test/TC19 - Hongkong Appointment using data driven

12-07-2024T19:16:58 - [TEST_STEP][PASSED] - callTestCase(findTestCase("CURA Web Test/Properties/TCP01 - Open browser"), [:], STOP_ON_FAILURE): Call Test Case 'Test Cases/CURA Web Test/Properties/TCP01 - Open browser' successfully

12-07-2024T19:16:58 - [TEST_CASE][PASSED] - Test Cases/CURA Web Test/Properties/TCP01 - Open browser: Test Cases/CURA Web Test/Properties/TCP01 - Open browser

12-07-2024T19:16:58 - [TEST_STEP][PASSED] - openBrowser(""): Browser is opened with url: ''

12-07-2024T19:16:58 - [MESSAGE][WARNING] - A browser is already opened. Closing browser and opening a new one

12-07-2024T19:16:59 - [MESSAGE][INFO] - Starting 'Chrome' driver

12-07-2024T19:16:59 - [MESSAGE][INFO] - Action delay is set to 0 milliseconds

12-07-2024T19:17:00 - [MESSAGE][PASSED] - Browser is opened with url: ''

12-07-2024T19:17:00 - [TEST_STEP][PASSED] - navigateToUrl(URL): Navigate to 'https://katalon-demo-cura.herokuapp.com/' successfully

12-07-2024T19:17:05 - [MESSAGE][PASSED] - Navigate to 'https://katalon-demo-cura.herokuapp.com/' successfully

12-07-2024T19:17:05 - [MESSAGE][PASSED] - Call Test Case 'Test Cases/CURA Web Test/Properties/TCP01 - Open browser' successfully

12-07-2024T19:17:05 - [TEST_STEP][PASSED] - callTestCase(findTestCase("CURA Web Test/Properties/TCP02 - Login"), [:], STOP_ON_FAILURE): Call Test Case 'Test Cases/CURA Web Test/Properties/TCP02 - Login' successfully

12-07-2024T19:17:05 - [TEST_CASE][PASSED] - Test Cases/CURA Web Test/Properties/TCP02 - Login: Test Cases/CURA Web Test/Properties/TCP02 - Login

12-07-2024T19:17:05 - [TEST_STEP][PASSED] - click(findTestObject("1. CURA Object button/Make Appointment")): Object: 'Object Repository/1. CURA Object button/Make Appointment' is clicked on

12-07-2024T19:17:06 - [MESSAGE][PASSED] - Object: 'Object Repository/1. CURA Object button/Make Appointment' is clicked on

12-07-2024T19:17:06 - [TEST_STEP][PASSED] - verifyElementText(findTestObject("2. CURA Object Text/Login Text"), "Login"): Actual text and expected text of test object 'Object Repository/2. CURA Object Text/Login Text' are matched.

12-07-2024T19:17:06 - [MESSAGE][PASSED] - Actual text and expected text of test object 'Object Repository/2. CURA Object Text/Login Text' are matched.

12-07-2024T19:17:06 - [TEST_STEP][PASSED] - setText(findTestObject("1. CURA Object button/Username"), Username): Text 'John Doe' is set on object 'Object Repository/1. CURA Object button/Username'

12-07-2024T19:17:07 - [MESSAGE][PASSED] - Text 'John Doe' is set on object 'Object Repository/1. CURA Object button/Username'

12-07-2024T19:17:07 - [TEST_STEP][PASSED] - setText(findTestObject("1. CURA Object button/Password"), Password): Text 'ThisIsNotAPassword' is set on object 'Object Repository/1. CURA Object button/Password'

12-07-2024T19:17:08 - [MESSAGE][PASSED] - Text 'ThisIsNotAPassword' is set on object 'Object Repository/1. CURA Object button/Password'

12-07-2024T19:17:08 - [TEST_STEP][PASSED] - click(findTestObject("1. CURA Object button/Login Button")): Object: 'Object Repository/1. CURA Object button/Login Button' is clicked on

12-07-2024T19:17:09 - [MESSAGE][PASSED] - Object: 'Object Repository/1. CURA Object button/Login Button' is clicked on

12-07-2024T19:17:09 - [MESSAGE][PASSED] - Call Test Case 'Test Cases/CURA Web Test/Properties/TCP02 - Login' successfully

12-07-2024T19:17:09 - [TEST_STEP][PASSED] - selectOptionByValue(findTestObject("1. CURA Object button/Facility"), facility, true): All options with value 'Hongkong CURA Healthcare Center' are selected in object 'Object Repository/1. CURA Object button/Facility'  using regular expression

12-07-2024T19:17:10 - [MESSAGE][PASSED] - All options with value 'Hongkong CURA Healthcare Center' are selected in object 'Object Repository/1. CURA Object button/Facility'  using regular expression

12-07-2024T19:17:10 - [TEST_STEP][PASSED] - click(findTestObject("1. CURA Object button/Hospital Readmission")): Object: 'Object Repository/1. CURA Object button/Hospital Readmission' is clicked on

12-07-2024T19:17:10 - [MESSAGE][PASSED] - Object: 'Object Repository/1. CURA Object button/Hospital Readmission' is clicked on

12-07-2024T19:17:10 - [TEST_STEP][PASSED] - click(findTestObject("1. CURA Object button/None")): Object: 'Object Repository/1. CURA Object button/None' is clicked on

12-07-2024T19:17:11 - [MESSAGE][PASSED] - Object: 'Object Repository/1. CURA Object button/None' is clicked on

12-07-2024T19:17:11 - [TEST_STEP][PASSED] - click(findTestObject("1. CURA Object button/Visit Date")): Object: 'Object Repository/1. CURA Object button/Visit Date' is clicked on

12-07-2024T19:17:11 - [MESSAGE][PASSED] - Object: 'Object Repository/1. CURA Object button/Visit Date' is clicked on

12-07-2024T19:17:11 - [TEST_STEP][PASSED] - setText(findTestObject("1. CURA Object button/Visit Date"), visitdate): Text '01/08/2024' is set on object 'Object Repository/1. CURA Object button/Visit Date'

12-07-2024T19:17:12 - [MESSAGE][PASSED] - Text '01/08/2024' is set on object 'Object Repository/1. CURA Object button/Visit Date'

12-07-2024T19:17:12 - [TEST_STEP][PASSED] - setText(findTestObject("1. CURA Object button/Comment"), comment): Text 'Visit time: 1:00 PM' is set on object 'Object Repository/1. CURA Object button/Comment'

12-07-2024T19:17:13 - [MESSAGE][PASSED] - Text 'Visit time: 1:00 PM' is set on object 'Object Repository/1. CURA Object button/Comment'

12-07-2024T19:17:13 - [TEST_STEP][PASSED] - click(findTestObject("1. CURA Object button/Book Appointment")): Object: 'Object Repository/1. CURA Object button/Book Appointment' is clicked on

12-07-2024T19:17:14 - [MESSAGE][PASSED] - Object: 'Object Repository/1. CURA Object button/Book Appointment' is clicked on

12-07-2024T19:17:14 - [TEST_STEP][PASSED] - click(findTestObject("1. CURA Object button/Menu")): Object: 'Object Repository/1. CURA Object button/Menu' is clicked on

12-07-2024T19:17:14 - [MESSAGE][PASSED] - Object: 'Object Repository/1. CURA Object button/Menu' is clicked on

12-07-2024T19:17:14 - [TEST_STEP][PASSED] - click(findTestObject("1. CURA Object button/Home")): Object: 'Object Repository/1. CURA Object button/Home' is clicked on

12-07-2024T19:17:15 - [MESSAGE][PASSED] - Object: 'Object Repository/1. CURA Object button/Home' is clicked on

12-07-2024T19:17:15 - [TEST_STEP][PASSED] - click(findTestObject("1. CURA Object button/Make Appointment")): Object: 'Object Repository/1. CURA Object button/Make Appointment' is clicked on

12-07-2024T19:17:15 - [MESSAGE][PASSED] - Object: 'Object Repository/1. CURA Object button/Make Appointment' is clicked on]]></system-out>
         <system-err><![CDATA[]]></system-err>
      </testcase>
      <testcase name="Test Cases/CURA Web Test/TC19 - Hongkong Appointment using data driven" time="17.546" classname="Test Cases/CURA Web Test/TC19 - Hongkong Appointment using data driven" status="PASSED">
         <system-out><![CDATA[12-07-2024T19:17:15 - [TEST_CASE][PASSED] - Test Cases/CURA Web Test/TC19 - Hongkong Appointment using data driven: Test Cases/CURA Web Test/TC19 - Hongkong Appointment using data driven

12-07-2024T19:17:15 - [TEST_STEP][PASSED] - callTestCase(findTestCase("CURA Web Test/Properties/TCP01 - Open browser"), [:], STOP_ON_FAILURE): Call Test Case 'Test Cases/CURA Web Test/Properties/TCP01 - Open browser' successfully

12-07-2024T19:17:15 - [TEST_CASE][PASSED] - Test Cases/CURA Web Test/Properties/TCP01 - Open browser: Test Cases/CURA Web Test/Properties/TCP01 - Open browser

12-07-2024T19:17:15 - [TEST_STEP][PASSED] - openBrowser(""): Browser is opened with url: ''

12-07-2024T19:17:15 - [MESSAGE][WARNING] - A browser is already opened. Closing browser and opening a new one

12-07-2024T19:17:17 - [MESSAGE][INFO] - Starting 'Chrome' driver

12-07-2024T19:17:17 - [MESSAGE][INFO] - Action delay is set to 0 milliseconds

12-07-2024T19:17:17 - [MESSAGE][PASSED] - Browser is opened with url: ''

12-07-2024T19:17:17 - [TEST_STEP][PASSED] - navigateToUrl(URL): Navigate to 'https://katalon-demo-cura.herokuapp.com/' successfully

12-07-2024T19:17:22 - [MESSAGE][PASSED] - Navigate to 'https://katalon-demo-cura.herokuapp.com/' successfully

12-07-2024T19:17:22 - [MESSAGE][PASSED] - Call Test Case 'Test Cases/CURA Web Test/Properties/TCP01 - Open browser' successfully

12-07-2024T19:17:22 - [TEST_STEP][PASSED] - callTestCase(findTestCase("CURA Web Test/Properties/TCP02 - Login"), [:], STOP_ON_FAILURE): Call Test Case 'Test Cases/CURA Web Test/Properties/TCP02 - Login' successfully

12-07-2024T19:17:22 - [TEST_CASE][PASSED] - Test Cases/CURA Web Test/Properties/TCP02 - Login: Test Cases/CURA Web Test/Properties/TCP02 - Login

12-07-2024T19:17:22 - [TEST_STEP][PASSED] - click(findTestObject("1. CURA Object button/Make Appointment")): Object: 'Object Repository/1. CURA Object button/Make Appointment' is clicked on

12-07-2024T19:17:23 - [MESSAGE][PASSED] - Object: 'Object Repository/1. CURA Object button/Make Appointment' is clicked on

12-07-2024T19:17:23 - [TEST_STEP][PASSED] - verifyElementText(findTestObject("2. CURA Object Text/Login Text"), "Login"): Actual text and expected text of test object 'Object Repository/2. CURA Object Text/Login Text' are matched.

12-07-2024T19:17:23 - [MESSAGE][PASSED] - Actual text and expected text of test object 'Object Repository/2. CURA Object Text/Login Text' are matched.

12-07-2024T19:17:23 - [TEST_STEP][PASSED] - setText(findTestObject("1. CURA Object button/Username"), Username): Text 'John Doe' is set on object 'Object Repository/1. CURA Object button/Username'

12-07-2024T19:17:24 - [MESSAGE][PASSED] - Text 'John Doe' is set on object 'Object Repository/1. CURA Object button/Username'

12-07-2024T19:17:24 - [TEST_STEP][PASSED] - setText(findTestObject("1. CURA Object button/Password"), Password): Text 'ThisIsNotAPassword' is set on object 'Object Repository/1. CURA Object button/Password'

12-07-2024T19:17:25 - [MESSAGE][PASSED] - Text 'ThisIsNotAPassword' is set on object 'Object Repository/1. CURA Object button/Password'

12-07-2024T19:17:25 - [TEST_STEP][PASSED] - click(findTestObject("1. CURA Object button/Login Button")): Object: 'Object Repository/1. CURA Object button/Login Button' is clicked on

12-07-2024T19:17:26 - [MESSAGE][PASSED] - Object: 'Object Repository/1. CURA Object button/Login Button' is clicked on

12-07-2024T19:17:26 - [MESSAGE][PASSED] - Call Test Case 'Test Cases/CURA Web Test/Properties/TCP02 - Login' successfully

12-07-2024T19:17:26 - [TEST_STEP][PASSED] - selectOptionByValue(findTestObject("1. CURA Object button/Facility"), facility, true): All options with value 'Hongkong CURA Healthcare Center' are selected in object 'Object Repository/1. CURA Object button/Facility'  using regular expression

12-07-2024T19:17:27 - [MESSAGE][PASSED] - All options with value 'Hongkong CURA Healthcare Center' are selected in object 'Object Repository/1. CURA Object button/Facility'  using regular expression

12-07-2024T19:17:27 - [TEST_STEP][PASSED] - click(findTestObject("1. CURA Object button/Hospital Readmission")): Object: 'Object Repository/1. CURA Object button/Hospital Readmission' is clicked on

12-07-2024T19:17:28 - [MESSAGE][PASSED] - Object: 'Object Repository/1. CURA Object button/Hospital Readmission' is clicked on

12-07-2024T19:17:28 - [TEST_STEP][PASSED] - click(findTestObject("1. CURA Object button/None")): Object: 'Object Repository/1. CURA Object button/None' is clicked on

12-07-2024T19:17:28 - [MESSAGE][PASSED] - Object: 'Object Repository/1. CURA Object button/None' is clicked on

12-07-2024T19:17:28 - [TEST_STEP][PASSED] - click(findTestObject("1. CURA Object button/Visit Date")): Object: 'Object Repository/1. CURA Object button/Visit Date' is clicked on

12-07-2024T19:17:28 - [MESSAGE][PASSED] - Object: 'Object Repository/1. CURA Object button/Visit Date' is clicked on

12-07-2024T19:17:28 - [TEST_STEP][PASSED] - setText(findTestObject("1. CURA Object button/Visit Date"), visitdate): Text '17/08/2024' is set on object 'Object Repository/1. CURA Object button/Visit Date'

12-07-2024T19:17:29 - [MESSAGE][PASSED] - Text '17/08/2024' is set on object 'Object Repository/1. CURA Object button/Visit Date'

12-07-2024T19:17:29 - [TEST_STEP][PASSED] - setText(findTestObject("1. CURA Object button/Comment"), comment): Text 'Visit time: 3:00 PM' is set on object 'Object Repository/1. CURA Object button/Comment'

12-07-2024T19:17:30 - [MESSAGE][PASSED] - Text 'Visit time: 3:00 PM' is set on object 'Object Repository/1. CURA Object button/Comment'

12-07-2024T19:17:30 - [TEST_STEP][PASSED] - click(findTestObject("1. CURA Object button/Book Appointment")): Object: 'Object Repository/1. CURA Object button/Book Appointment' is clicked on

12-07-2024T19:17:31 - [MESSAGE][PASSED] - Object: 'Object Repository/1. CURA Object button/Book Appointment' is clicked on

12-07-2024T19:17:31 - [TEST_STEP][PASSED] - click(findTestObject("1. CURA Object button/Menu")): Object: 'Object Repository/1. CURA Object button/Menu' is clicked on

12-07-2024T19:17:32 - [MESSAGE][PASSED] - Object: 'Object Repository/1. CURA Object button/Menu' is clicked on

12-07-2024T19:17:32 - [TEST_STEP][PASSED] - click(findTestObject("1. CURA Object button/Home")): Object: 'Object Repository/1. CURA Object button/Home' is clicked on

12-07-2024T19:17:32 - [MESSAGE][PASSED] - Object: 'Object Repository/1. CURA Object button/Home' is clicked on

12-07-2024T19:17:32 - [TEST_STEP][PASSED] - click(findTestObject("1. CURA Object button/Make Appointment")): Object: 'Object Repository/1. CURA Object button/Make Appointment' is clicked on

12-07-2024T19:17:33 - [MESSAGE][PASSED] - Object: 'Object Repository/1. CURA Object button/Make Appointment' is clicked on]]></system-out>
         <system-err><![CDATA[]]></system-err>
      </testcase>
      <testcase name="Test Cases/CURA Web Test/TC19 - Hongkong Appointment using data driven" time="16.956" classname="Test Cases/CURA Web Test/TC19 - Hongkong Appointment using data driven" status="PASSED">
         <system-out><![CDATA[12-07-2024T19:17:33 - [TEST_CASE][PASSED] - Test Cases/CURA Web Test/TC19 - Hongkong Appointment using data driven: Test Cases/CURA Web Test/TC19 - Hongkong Appointment using data driven

12-07-2024T19:17:33 - [TEST_STEP][PASSED] - callTestCase(findTestCase("CURA Web Test/Properties/TCP01 - Open browser"), [:], STOP_ON_FAILURE): Call Test Case 'Test Cases/CURA Web Test/Properties/TCP01 - Open browser' successfully

12-07-2024T19:17:33 - [TEST_CASE][PASSED] - Test Cases/CURA Web Test/Properties/TCP01 - Open browser: Test Cases/CURA Web Test/Properties/TCP01 - Open browser

12-07-2024T19:17:33 - [TEST_STEP][PASSED] - openBrowser(""): Browser is opened with url: ''

12-07-2024T19:17:33 - [MESSAGE][WARNING] - A browser is already opened. Closing browser and opening a new one

12-07-2024T19:17:33 - [MESSAGE][INFO] - Starting 'Chrome' driver

12-07-2024T19:17:33 - [MESSAGE][INFO] - Action delay is set to 0 milliseconds

12-07-2024T19:17:34 - [MESSAGE][PASSED] - Browser is opened with url: ''

12-07-2024T19:17:34 - [TEST_STEP][PASSED] - navigateToUrl(URL): Navigate to 'https://katalon-demo-cura.herokuapp.com/' successfully

12-07-2024T19:17:38 - [MESSAGE][PASSED] - Navigate to 'https://katalon-demo-cura.herokuapp.com/' successfully

12-07-2024T19:17:38 - [MESSAGE][PASSED] - Call Test Case 'Test Cases/CURA Web Test/Properties/TCP01 - Open browser' successfully

12-07-2024T19:17:38 - [TEST_STEP][PASSED] - callTestCase(findTestCase("CURA Web Test/Properties/TCP02 - Login"), [:], STOP_ON_FAILURE): Call Test Case 'Test Cases/CURA Web Test/Properties/TCP02 - Login' successfully

12-07-2024T19:17:38 - [TEST_CASE][PASSED] - Test Cases/CURA Web Test/Properties/TCP02 - Login: Test Cases/CURA Web Test/Properties/TCP02 - Login

12-07-2024T19:17:38 - [TEST_STEP][PASSED] - click(findTestObject("1. CURA Object button/Make Appointment")): Object: 'Object Repository/1. CURA Object button/Make Appointment' is clicked on

12-07-2024T19:17:39 - [MESSAGE][PASSED] - Object: 'Object Repository/1. CURA Object button/Make Appointment' is clicked on

12-07-2024T19:17:39 - [TEST_STEP][PASSED] - verifyElementText(findTestObject("2. CURA Object Text/Login Text"), "Login"): Actual text and expected text of test object 'Object Repository/2. CURA Object Text/Login Text' are matched.

12-07-2024T19:17:39 - [MESSAGE][PASSED] - Actual text and expected text of test object 'Object Repository/2. CURA Object Text/Login Text' are matched.

12-07-2024T19:17:39 - [TEST_STEP][PASSED] - setText(findTestObject("1. CURA Object button/Username"), Username): Text 'John Doe' is set on object 'Object Repository/1. CURA Object button/Username'

12-07-2024T19:17:40 - [MESSAGE][PASSED] - Text 'John Doe' is set on object 'Object Repository/1. CURA Object button/Username'

12-07-2024T19:17:40 - [TEST_STEP][PASSED] - setText(findTestObject("1. CURA Object button/Password"), Password): Text 'ThisIsNotAPassword' is set on object 'Object Repository/1. CURA Object button/Password'

12-07-2024T19:17:41 - [MESSAGE][PASSED] - Text 'ThisIsNotAPassword' is set on object 'Object Repository/1. CURA Object button/Password'

12-07-2024T19:17:41 - [TEST_STEP][PASSED] - click(findTestObject("1. CURA Object button/Login Button")): Object: 'Object Repository/1. CURA Object button/Login Button' is clicked on

12-07-2024T19:17:43 - [MESSAGE][PASSED] - Object: 'Object Repository/1. CURA Object button/Login Button' is clicked on

12-07-2024T19:17:43 - [MESSAGE][PASSED] - Call Test Case 'Test Cases/CURA Web Test/Properties/TCP02 - Login' successfully

12-07-2024T19:17:43 - [TEST_STEP][PASSED] - selectOptionByValue(findTestObject("1. CURA Object button/Facility"), facility, true): All options with value 'Hongkong CURA Healthcare Center' are selected in object 'Object Repository/1. CURA Object button/Facility'  using regular expression

12-07-2024T19:17:44 - [MESSAGE][PASSED] - All options with value 'Hongkong CURA Healthcare Center' are selected in object 'Object Repository/1. CURA Object button/Facility'  using regular expression

12-07-2024T19:17:44 - [TEST_STEP][PASSED] - click(findTestObject("1. CURA Object button/Hospital Readmission")): Object: 'Object Repository/1. CURA Object button/Hospital Readmission' is clicked on

12-07-2024T19:17:44 - [MESSAGE][PASSED] - Object: 'Object Repository/1. CURA Object button/Hospital Readmission' is clicked on

12-07-2024T19:17:44 - [TEST_STEP][PASSED] - click(findTestObject("1. CURA Object button/None")): Object: 'Object Repository/1. CURA Object button/None' is clicked on

12-07-2024T19:17:44 - [MESSAGE][PASSED] - Object: 'Object Repository/1. CURA Object button/None' is clicked on

12-07-2024T19:17:44 - [TEST_STEP][PASSED] - click(findTestObject("1. CURA Object button/Visit Date")): Object: 'Object Repository/1. CURA Object button/Visit Date' is clicked on

12-07-2024T19:17:45 - [MESSAGE][PASSED] - Object: 'Object Repository/1. CURA Object button/Visit Date' is clicked on

12-07-2024T19:17:45 - [TEST_STEP][PASSED] - setText(findTestObject("1. CURA Object button/Visit Date"), visitdate): Text '02/01/2025' is set on object 'Object Repository/1. CURA Object button/Visit Date'

12-07-2024T19:17:46 - [MESSAGE][PASSED] - Text '02/01/2025' is set on object 'Object Repository/1. CURA Object button/Visit Date'

12-07-2024T19:17:46 - [TEST_STEP][PASSED] - setText(findTestObject("1. CURA Object button/Comment"), comment): Text 'Visit time: 7:00 AM' is set on object 'Object Repository/1. CURA Object button/Comment'

12-07-2024T19:17:47 - [MESSAGE][PASSED] - Text 'Visit time: 7:00 AM' is set on object 'Object Repository/1. CURA Object button/Comment'

12-07-2024T19:17:47 - [TEST_STEP][PASSED] - click(findTestObject("1. CURA Object button/Book Appointment")): Object: 'Object Repository/1. CURA Object button/Book Appointment' is clicked on

12-07-2024T19:17:48 - [MESSAGE][PASSED] - Object: 'Object Repository/1. CURA Object button/Book Appointment' is clicked on

12-07-2024T19:17:48 - [TEST_STEP][PASSED] - click(findTestObject("1. CURA Object button/Menu")): Object: 'Object Repository/1. CURA Object button/Menu' is clicked on

12-07-2024T19:17:48 - [MESSAGE][PASSED] - Object: 'Object Repository/1. CURA Object button/Menu' is clicked on

12-07-2024T19:17:48 - [TEST_STEP][PASSED] - click(findTestObject("1. CURA Object button/Home")): Object: 'Object Repository/1. CURA Object button/Home' is clicked on

12-07-2024T19:17:49 - [MESSAGE][PASSED] - Object: 'Object Repository/1. CURA Object button/Home' is clicked on

12-07-2024T19:17:49 - [TEST_STEP][PASSED] - click(findTestObject("1. CURA Object button/Make Appointment")): Object: 'Object Repository/1. CURA Object button/Make Appointment' is clicked on

12-07-2024T19:17:50 - [MESSAGE][PASSED] - Object: 'Object Repository/1. CURA Object button/Make Appointment' is clicked on]]></system-out>
         <system-err><![CDATA[]]></system-err>
      </testcase>
      <testcase name="Test Cases/CURA Web Test/Properties/TCP03 - Logout" time="2.499" classname="Test Cases/CURA Web Test/Properties/TCP03 - Logout" status="PASSED">
         <system-out><![CDATA[12-07-2024T19:17:50 - [TEST_CASE][PASSED] - Test Cases/CURA Web Test/Properties/TCP03 - Logout: Test Cases/CURA Web Test/Properties/TCP03 - Logout

12-07-2024T19:17:50 - [TEST_STEP][PASSED] - verifyElementText(findTestObject("2. CURA Object Text/Make Appointment"), "Make Appointment"): Actual text and expected text of test object 'Object Repository/2. CURA Object Text/Make Appointment' are matched.

12-07-2024T19:17:50 - [MESSAGE][PASSED] - Actual text and expected text of test object 'Object Repository/2. CURA Object Text/Make Appointment' are matched.

12-07-2024T19:17:50 - [TEST_STEP][PASSED] - click(findTestObject("1. CURA Object button/Menu")): Object: 'Object Repository/1. CURA Object button/Menu' is clicked on

12-07-2024T19:17:51 - [MESSAGE][PASSED] - Object: 'Object Repository/1. CURA Object button/Menu' is clicked on

12-07-2024T19:17:51 - [TEST_STEP][PASSED] - click(findTestObject("1. CURA Object button/Logout")): Object: 'Object Repository/1. CURA Object button/Logout' is clicked on

12-07-2024T19:17:52 - [MESSAGE][PASSED] - Object: 'Object Repository/1. CURA Object button/Logout' is clicked on

12-07-2024T19:17:52 - [TEST_STEP][PASSED] - closeBrowser(): Browser is closed

12-07-2024T19:17:52 - [MESSAGE][PASSED] - Browser is closed]]></system-out>
         <system-err><![CDATA[]]></system-err>
      </testcase>
      <system-out><![CDATA[12-07-2024T19:16:39 - [TEST_SUITE][PASSED] - TS11 - Hongkong appointment using data driven: Test Cases/CURA Web Test/Properties/TCP03 - Logout]]></system-out>
      <system-err><![CDATA[]]></system-err>
   </testsuite>
</testsuites>
