<?xml version="1.0" encoding="UTF-8"?>
<testsuites name="TSC01 - End to end test" time="191.719" tests="11" failures="0" errors="0">
   <testsuite name="TS02 - Login variation" tests="5" failures="0" errors="0" time="54.499" skipped="0" timestamp="2024-07-12 15:36:16" hostname="Lenovo - LAPTOP-7QB5JFLU" id="Test Suites/CURA Test suites/TS02 - Login variation">
      <properties>
         <property name="deviceName" value=""/>
         <property name="devicePlatform" value=""/>
         <property name="logFolder" value="C:\\Users\\Lenovo\\git\\KatalonPractitionerLevel\\Reports\\20240712_153554\\CURA Test suites\\TS02 - Login variation\\20240712_153558"/>
         <property name="logFiles" value="C:\\Users\\Lenovo\\git\\KatalonPractitionerLevel\\Reports\\20240712_153554\\CURA Test suites\\TS02 - Login variation\\20240712_153558\\execution0.log"/>
         <property name="attachments" value="keyes\keyes-Login page.png, keyes\keyes-Login page.png, C:\\Users\\Lenovo\\git\\KatalonPractitionerLevel\\Reports\\20240712_153554\\CURA Test suites\\TS02 - Login variation\\20240712_153558\\1720773419451.png, keyes\keyes-Login page.png, keyes\keyes-Make appointment page.png"/>
         <property name="hostName" value="Lenovo - LAPTOP-7QB5JFLU"/>
         <property name="os" value="Windows 11 64bit"/>
         <property name="katalonVersion" value="8.6.9.208"/>
         <property name="browser" value="Chrome 126.0.0.0"/>
         <property name="hostAddress" value="192.168.1.12"/>
         <property name="sessionId" value="0e2ab74e16e269d4edf4ad559fdf610a"/>
         <property name="seleniumVersion" value="3.141.59"/>
         <property name="proxyInformation" value="ProxyInformation { proxyOption=NO_PROXY, proxyServerType=HTTP, username=, password=********, proxyServerAddress=, proxyServerPort=0, executionList=&quot;&quot;, isApplyToDesiredCapabilities=true }"/>
         <property name="platform" value="Windows 11"/>
      </properties>
      <testcase name="Test Cases/CURA Web Test/TC05 - Login in another way" time="13.811" classname="Test Cases/CURA Web Test/TC05 - Login in another way" status="PASSED">
         <system-out><![CDATA[2024-07-12 15:36:16 - [TEST_CASE][PASSED] - Test Cases/CURA Web Test/TC05 - Login in another way: Test Cases/CURA Web Test/TC05 - Login in another way

2024-07-12 15:36:16 - [TEST_STEP][PASSED] - callTestCase(findTestCase("CURA Web Test/Properties/TCP01 - Open browser"), [:], STOP_ON_FAILURE): Call Test Case 'Test Cases/CURA Web Test/Properties/TCP01 - Open browser' successfully

2024-07-12 15:36:16 - [TEST_CASE][PASSED] - Test Cases/CURA Web Test/Properties/TCP01 - Open browser: Test Cases/CURA Web Test/Properties/TCP01 - Open browser

2024-07-12 15:36:16 - [TEST_STEP][PASSED] - openBrowser(""): Browser is opened with url: ''

2024-07-12 15:36:16 - [MESSAGE][INFO] - Starting 'Chrome' driver

2024-07-12 15:36:16 - [MESSAGE][INFO] - Action delay is set to 0 milliseconds

2024-07-12 15:36:19 - [MESSAGE][PASSED] - Browser is opened with url: ''

2024-07-12 15:36:19 - [TEST_STEP][PASSED] - navigateToUrl(URL): Navigate to 'https://katalon-demo-cura.herokuapp.com/' successfully

2024-07-12 15:36:22 - [MESSAGE][PASSED] - Navigate to 'https://katalon-demo-cura.herokuapp.com/' successfully

2024-07-12 15:36:22 - [MESSAGE][PASSED] - Call Test Case 'Test Cases/CURA Web Test/Properties/TCP01 - Open browser' successfully

2024-07-12 15:36:22 - [TEST_STEP][PASSED] - verifyElementText(findTestObject("Object Repository/11. Login menu check/Page_CURA Healthcare Service/h1_CURA Healthcare Service"), "CURA Healthcare Service"): Actual text and expected text of test object 'Object Repository/11. Login menu check/Page_CURA Healthcare Service/h1_CURA Healthcare Service' are matched.

2024-07-12 15:36:22 - [MESSAGE][PASSED] - Actual text and expected text of test object 'Object Repository/11. Login menu check/Page_CURA Healthcare Service/h1_CURA Healthcare Service' are matched.

2024-07-12 15:36:22 - [TEST_STEP][PASSED] - click(findTestObject("Object Repository/11. Login menu check/Page_CURA Healthcare Service/a_Make Appointment")): Object: 'Object Repository/11. Login menu check/Page_CURA Healthcare Service/a_Make Appointment' is clicked on

2024-07-12 15:36:23 - [MESSAGE][PASSED] - Object: 'Object Repository/11. Login menu check/Page_CURA Healthcare Service/a_Make Appointment' is clicked on

2024-07-12 15:36:23 - [TEST_STEP][PASSED] - takeScreenshotAsCheckpoint("Login page"): Taking screenshot successfully

2024-07-12 15:36:24 - [MESSAGE][INFO] - 0 hidden object(s)

2024-07-12 15:36:24 - [MESSAGE][PASSED] - Taking screenshot successfully
[[ATTACHMENT|keyes\keyes-Login page.png]]

2024-07-12 15:36:24 - [TEST_STEP][PASSED] - verifyElementText(findTestObject("Object Repository/11. Login menu check/Page_CURA Healthcare Service/h2_Login"), "Login"): Actual text and expected text of test object 'Object Repository/11. Login menu check/Page_CURA Healthcare Service/h2_Login' are matched.

2024-07-12 15:36:24 - [MESSAGE][PASSED] - Actual text and expected text of test object 'Object Repository/11. Login menu check/Page_CURA Healthcare Service/h2_Login' are matched.

2024-07-12 15:36:24 - [TEST_STEP][PASSED] - click(findTestObject("Object Repository/11. Login menu check/Page_CURA Healthcare Service/a_CURA Healthcare_menu-toggle")): Object: 'Object Repository/11. Login menu check/Page_CURA Healthcare Service/a_CURA Healthcare_menu-toggle' is clicked on

2024-07-12 15:36:25 - [MESSAGE][PASSED] - Object: 'Object Repository/11. Login menu check/Page_CURA Healthcare Service/a_CURA Healthcare_menu-toggle' is clicked on

2024-07-12 15:36:25 - [TEST_STEP][PASSED] - click(findTestObject("Object Repository/11. Login menu check/Page_CURA Healthcare Service/a_Login")): Object: 'Object Repository/11. Login menu check/Page_CURA Healthcare Service/a_Login' is clicked on

2024-07-12 15:36:25 - [MESSAGE][PASSED] - Object: 'Object Repository/11. Login menu check/Page_CURA Healthcare Service/a_Login' is clicked on

2024-07-12 15:36:25 - [TEST_STEP][PASSED] - takeScreenshotAsCheckpoint("Login page"): Taking screenshot successfully

2024-07-12 15:36:26 - [MESSAGE][INFO] - 0 hidden object(s)

2024-07-12 15:36:26 - [MESSAGE][PASSED] - Taking screenshot successfully
[[ATTACHMENT|keyes\keyes-Login page.png]]

2024-07-12 15:36:26 - [TEST_STEP][PASSED] - verifyElementText(findTestObject("Object Repository/11. Login menu check/Page_CURA Healthcare Service/h2_Login"), "Login"): Actual text and expected text of test object 'Object Repository/11. Login menu check/Page_CURA Healthcare Service/h2_Login' are matched.

2024-07-12 15:36:26 - [MESSAGE][PASSED] - Actual text and expected text of test object 'Object Repository/11. Login menu check/Page_CURA Healthcare Service/h2_Login' are matched.

2024-07-12 15:36:26 - [TEST_STEP][PASSED] - click(findTestObject("Object Repository/11. Login menu check/Page_CURA Healthcare Service/i_CURA Healthcare_fa fa-bars")): Object: 'Object Repository/11. Login menu check/Page_CURA Healthcare Service/i_CURA Healthcare_fa fa-bars' is clicked on

2024-07-12 15:36:27 - [MESSAGE][PASSED] - Object: 'Object Repository/11. Login menu check/Page_CURA Healthcare Service/i_CURA Healthcare_fa fa-bars' is clicked on

2024-07-12 15:36:27 - [TEST_STEP][PASSED] - click(findTestObject("Object Repository/11. Login menu check/Page_CURA Healthcare Service/a_Home")): Object: 'Object Repository/11. Login menu check/Page_CURA Healthcare Service/a_Home' is clicked on

2024-07-12 15:36:27 - [MESSAGE][PASSED] - Object: 'Object Repository/11. Login menu check/Page_CURA Healthcare Service/a_Home' is clicked on

2024-07-12 15:36:27 - [TEST_STEP][PASSED] - verifyElementText(findTestObject("Object Repository/11. Login menu check/Page_CURA Healthcare Service/h1_CURA Healthcare Service"), "CURA Healthcare Service"): Actual text and expected text of test object 'Object Repository/11. Login menu check/Page_CURA Healthcare Service/h1_CURA Healthcare Service' are matched.

2024-07-12 15:36:28 - [MESSAGE][PASSED] - Actual text and expected text of test object 'Object Repository/11. Login menu check/Page_CURA Healthcare Service/h1_CURA Healthcare Service' are matched.

2024-07-12 15:36:28 - [TEST_STEP][PASSED] - click(findTestObject("Object Repository/11. Login menu check/Page_CURA Healthcare Service/i_CURA Healthcare_fa fa-bars")): Object: 'Object Repository/11. Login menu check/Page_CURA Healthcare Service/i_CURA Healthcare_fa fa-bars' is clicked on

2024-07-12 15:36:28 - [MESSAGE][PASSED] - Object: 'Object Repository/11. Login menu check/Page_CURA Healthcare Service/i_CURA Healthcare_fa fa-bars' is clicked on

2024-07-12 15:36:28 - [TEST_STEP][PASSED] - click(findTestObject("Object Repository/11. Login menu check/Page_CURA Healthcare Service/a_Login")): Object: 'Object Repository/11. Login menu check/Page_CURA Healthcare Service/a_Login' is clicked on

2024-07-12 15:36:29 - [MESSAGE][PASSED] - Object: 'Object Repository/11. Login menu check/Page_CURA Healthcare Service/a_Login' is clicked on

2024-07-12 15:36:29 - [TEST_STEP][PASSED] - verifyElementText(findTestObject("Object Repository/11. Login menu check/Page_CURA Healthcare Service/h2_Login"), "Login"): Actual text and expected text of test object 'Object Repository/11. Login menu check/Page_CURA Healthcare Service/h2_Login' are matched.

2024-07-12 15:36:30 - [MESSAGE][PASSED] - Actual text and expected text of test object 'Object Repository/11. Login menu check/Page_CURA Healthcare Service/h2_Login' are matched.]]></system-out>
         <system-err><![CDATA[]]></system-err>
      </testcase>
      <testcase name="Test Cases/CURA Web Test/TC04 - Login wrong password" time="11.707" classname="Test Cases/CURA Web Test/TC04 - Login wrong password" status="PASSED">
         <system-out><![CDATA[2024-07-12 15:36:30 - [TEST_CASE][PASSED] - Test Cases/CURA Web Test/TC04 - Login wrong password: Test Cases/CURA Web Test/TC04 - Login wrong password

2024-07-12 15:36:30 - [TEST_STEP][PASSED] - callTestCase(findTestCase("CURA Web Test/Properties/TCP01 - Open browser"), [:], STOP_ON_FAILURE): Call Test Case 'Test Cases/CURA Web Test/Properties/TCP01 - Open browser' successfully

2024-07-12 15:36:30 - [TEST_CASE][PASSED] - Test Cases/CURA Web Test/Properties/TCP01 - Open browser: Test Cases/CURA Web Test/Properties/TCP01 - Open browser

2024-07-12 15:36:30 - [TEST_STEP][PASSED] - openBrowser(""): Browser is opened with url: ''

2024-07-12 15:36:30 - [MESSAGE][WARNING] - A browser is already opened. Closing browser and opening a new one

2024-07-12 15:36:31 - [MESSAGE][INFO] - Starting 'Chrome' driver

2024-07-12 15:36:31 - [MESSAGE][INFO] - Action delay is set to 0 milliseconds

2024-07-12 15:36:32 - [MESSAGE][PASSED] - Browser is opened with url: ''

2024-07-12 15:36:32 - [TEST_STEP][PASSED] - navigateToUrl(URL): Navigate to 'https://katalon-demo-cura.herokuapp.com/' successfully

2024-07-12 15:36:34 - [MESSAGE][PASSED] - Navigate to 'https://katalon-demo-cura.herokuapp.com/' successfully

2024-07-12 15:36:34 - [MESSAGE][PASSED] - Call Test Case 'Test Cases/CURA Web Test/Properties/TCP01 - Open browser' successfully

2024-07-12 15:36:34 - [TEST_STEP][PASSED] - click(findTestObject("7. Failed Login/Page_CURA Healthcare Service/a_Make Appointment")): Object: 'Object Repository/7. Failed Login/Page_CURA Healthcare Service/a_Make Appointment' is clicked on

2024-07-12 15:36:37 - [MESSAGE][PASSED] - Object: 'Object Repository/7. Failed Login/Page_CURA Healthcare Service/a_Make Appointment' is clicked on

2024-07-12 15:36:37 - [TEST_STEP][PASSED] - userName = getAttribute(findTestObject("Object Repository/7. Failed Login/Page_CURA Healthcare Service/input_Username_username"), "username"): Attribute 'username' of object 'Object Repository/7. Failed Login/Page_CURA Healthcare Service/input_Username_username' is: 'null'

2024-07-12 15:36:37 - [MESSAGE][PASSED] - Attribute 'username' of object 'Object Repository/7. Failed Login/Page_CURA Healthcare Service/input_Username_username' is: 'null'

2024-07-12 15:36:37 - [TEST_STEP][PASSED] - passWord = getAttribute(findTestObject("Object Repository/7. Failed Login/Page_CURA Healthcare Service/input_Password_password"), "password"): Attribute 'password' of object 'Object Repository/7. Failed Login/Page_CURA Healthcare Service/input_Password_password' is: 'null'

2024-07-12 15:36:38 - [MESSAGE][PASSED] - Attribute 'password' of object 'Object Repository/7. Failed Login/Page_CURA Healthcare Service/input_Password_password' is: 'null'

2024-07-12 15:36:38 - [TEST_STEP][PASSED] - click(findTestObject("Object Repository/7. Failed Login/Page_CURA Healthcare Service/a_Make Appointment")): Object: 'Object Repository/7. Failed Login/Page_CURA Healthcare Service/a_Make Appointment' is clicked on

2024-07-12 15:36:38 - [MESSAGE][PASSED] - Object: 'Object Repository/7. Failed Login/Page_CURA Healthcare Service/a_Make Appointment' is clicked on

2024-07-12 15:36:38 - [TEST_STEP][PASSED] - setText(findTestObject("Object Repository/7. Failed Login/Page_CURA Healthcare Service/input_Username_username"), " John Doe"): Text ' John Doe' is set on object 'Object Repository/7. Failed Login/Page_CURA Healthcare Service/input_Username_username'

2024-07-12 15:36:39 - [MESSAGE][PASSED] - Text ' John Doe' is set on object 'Object Repository/7. Failed Login/Page_CURA Healthcare Service/input_Username_username'

2024-07-12 15:36:39 - [TEST_STEP][PASSED] - setText(findTestObject("10. Login page/Page_CURA Healthcare Service/input_Password_password"), "This"): Text 'This' is set on object 'Object Repository/10. Login page/Page_CURA Healthcare Service/input_Password_password'

2024-07-12 15:36:40 - [MESSAGE][PASSED] - Text 'This' is set on object 'Object Repository/10. Login page/Page_CURA Healthcare Service/input_Password_password'

2024-07-12 15:36:40 - [TEST_STEP][PASSED] - click(findTestObject("Object Repository/7. Failed Login/Page_CURA Healthcare Service/button_Login")): Object: 'Object Repository/7. Failed Login/Page_CURA Healthcare Service/button_Login' is clicked on

2024-07-12 15:36:41 - [MESSAGE][PASSED] - Object: 'Object Repository/7. Failed Login/Page_CURA Healthcare Service/button_Login' is clicked on

2024-07-12 15:36:41 - [TEST_STEP][PASSED] - if (userName == "John Doe" && passWord == "g3/DOGG74jC3Flrr3yH+3D/yKbOqqUNM"): null

2024-07-12 15:36:41 - [TEST_STEP][PASSED] - else: Object 'Object Repository/7. Failed Login/Page_CURA Healthcare Service/p_Login failed Please ensure the username a_eb55b5' is visible

2024-07-12 15:36:41 - [TEST_STEP][PASSED] - verifyElementVisible(findTestObject("Object Repository/7. Failed Login/Page_CURA Healthcare Service/p_Login failed Please ensure the username a_eb55b5")): Object 'Object Repository/7. Failed Login/Page_CURA Healthcare Service/p_Login failed Please ensure the username a_eb55b5' is visible

2024-07-12 15:36:41 - [MESSAGE][PASSED] - Object 'Object Repository/7. Failed Login/Page_CURA Healthcare Service/p_Login failed Please ensure the username a_eb55b5' is visible]]></system-out>
         <system-err><![CDATA[]]></system-err>
      </testcase>
      <testcase name="Test Cases/CURA Web Test/TC03 - Login wrong username" time="10.017" classname="Test Cases/CURA Web Test/TC03 - Login wrong username" status="PASSED">
         <system-out><![CDATA[2024-07-12 15:36:41 - [TEST_CASE][PASSED] - Test Cases/CURA Web Test/TC03 - Login wrong username: Test Cases/CURA Web Test/TC03 - Login wrong username

2024-07-12 15:36:41 - [TEST_STEP][PASSED] - callTestCase(findTestCase("CURA Web Test/Properties/TCP01 - Open browser"), [:], STOP_ON_FAILURE): Call Test Case 'Test Cases/CURA Web Test/Properties/TCP01 - Open browser' successfully

2024-07-12 15:36:41 - [TEST_CASE][PASSED] - Test Cases/CURA Web Test/Properties/TCP01 - Open browser: Test Cases/CURA Web Test/Properties/TCP01 - Open browser

2024-07-12 15:36:42 - [TEST_STEP][PASSED] - openBrowser(""): Browser is opened with url: ''

2024-07-12 15:36:42 - [MESSAGE][WARNING] - A browser is already opened. Closing browser and opening a new one

2024-07-12 15:36:43 - [MESSAGE][INFO] - Starting 'Chrome' driver

2024-07-12 15:36:43 - [MESSAGE][INFO] - Action delay is set to 0 milliseconds

2024-07-12 15:36:44 - [MESSAGE][PASSED] - Browser is opened with url: ''

2024-07-12 15:36:44 - [TEST_STEP][PASSED] - navigateToUrl(URL): Navigate to 'https://katalon-demo-cura.herokuapp.com/' successfully

2024-07-12 15:36:45 - [MESSAGE][PASSED] - Navigate to 'https://katalon-demo-cura.herokuapp.com/' successfully

2024-07-12 15:36:45 - [MESSAGE][PASSED] - Call Test Case 'Test Cases/CURA Web Test/Properties/TCP01 - Open browser' successfully

2024-07-12 15:36:45 - [TEST_STEP][PASSED] - click(findTestObject("7. Failed Login/Page_CURA Healthcare Service/a_Make Appointment")): Object: 'Object Repository/7. Failed Login/Page_CURA Healthcare Service/a_Make Appointment' is clicked on

2024-07-12 15:36:48 - [MESSAGE][PASSED] - Object: 'Object Repository/7. Failed Login/Page_CURA Healthcare Service/a_Make Appointment' is clicked on

2024-07-12 15:36:48 - [TEST_STEP][PASSED] - userName = getAttribute(findTestObject("Object Repository/7. Failed Login/Page_CURA Healthcare Service/input_Username_username"), "username"): Attribute 'username' of object 'Object Repository/7. Failed Login/Page_CURA Healthcare Service/input_Username_username' is: 'null'

2024-07-12 15:36:48 - [MESSAGE][PASSED] - Attribute 'username' of object 'Object Repository/7. Failed Login/Page_CURA Healthcare Service/input_Username_username' is: 'null'

2024-07-12 15:36:48 - [TEST_STEP][PASSED] - passWord = getAttribute(findTestObject("Object Repository/7. Failed Login/Page_CURA Healthcare Service/input_Password_password"), "password"): Attribute 'password' of object 'Object Repository/7. Failed Login/Page_CURA Healthcare Service/input_Password_password' is: 'null'

2024-07-12 15:36:49 - [MESSAGE][PASSED] - Attribute 'password' of object 'Object Repository/7. Failed Login/Page_CURA Healthcare Service/input_Password_password' is: 'null'

2024-07-12 15:36:49 - [TEST_STEP][PASSED] - click(findTestObject("Object Repository/7. Failed Login/Page_CURA Healthcare Service/a_Make Appointment")): Object: 'Object Repository/7. Failed Login/Page_CURA Healthcare Service/a_Make Appointment' is clicked on

2024-07-12 15:36:49 - [MESSAGE][PASSED] - Object: 'Object Repository/7. Failed Login/Page_CURA Healthcare Service/a_Make Appointment' is clicked on

2024-07-12 15:36:49 - [TEST_STEP][PASSED] - setText(findTestObject("Object Repository/7. Failed Login/Page_CURA Healthcare Service/input_Username_username"), "John"): Text 'John' is set on object 'Object Repository/7. Failed Login/Page_CURA Healthcare Service/input_Username_username'

2024-07-12 15:36:50 - [MESSAGE][PASSED] - Text 'John' is set on object 'Object Repository/7. Failed Login/Page_CURA Healthcare Service/input_Username_username'

2024-07-12 15:36:50 - [TEST_STEP][PASSED] - click(findTestObject("Object Repository/7. Failed Login/Page_CURA Healthcare Service/button_Login")): Object: 'Object Repository/7. Failed Login/Page_CURA Healthcare Service/button_Login' is clicked on

2024-07-12 15:36:51 - [MESSAGE][PASSED] - Object: 'Object Repository/7. Failed Login/Page_CURA Healthcare Service/button_Login' is clicked on

2024-07-12 15:36:51 - [TEST_STEP][PASSED] - if (userName == "John Doe" && passWord == "g3/DOGG74jC3Flrr3yH+3D/yKbOqqUNM"): null

2024-07-12 15:36:51 - [TEST_STEP][PASSED] - else: Object 'Object Repository/7. Failed Login/Page_CURA Healthcare Service/p_Login failed Please ensure the username a_eb55b5' is visible

2024-07-12 15:36:51 - [TEST_STEP][PASSED] - verifyElementVisible(findTestObject("Object Repository/7. Failed Login/Page_CURA Healthcare Service/p_Login failed Please ensure the username a_eb55b5")): Object 'Object Repository/7. Failed Login/Page_CURA Healthcare Service/p_Login failed Please ensure the username a_eb55b5' is visible

2024-07-12 15:36:51 - [MESSAGE][PASSED] - Object 'Object Repository/7. Failed Login/Page_CURA Healthcare Service/p_Login failed Please ensure the username a_eb55b5' is visible]]></system-out>
         <system-err><![CDATA[]]></system-err>
      </testcase>
      <testcase name="Test Cases/CURA Web Test/TC02 - Login normally" time="15.566" classname="Test Cases/CURA Web Test/TC02 - Login normally" status="PASSED">
         <system-out><![CDATA[2024-07-12 15:36:51 - [TEST_CASE][PASSED] - Test Cases/CURA Web Test/TC02 - Login normally: Test Cases/CURA Web Test/TC02 - Login normally

2024-07-12 15:36:51 - [TEST_STEP][PASSED] - callTestCase(findTestCase("CURA Web Test/Properties/TCP01 - Open browser"), [:], STOP_ON_FAILURE): Call Test Case 'Test Cases/CURA Web Test/Properties/TCP01 - Open browser' successfully

2024-07-12 15:36:51 - [TEST_CASE][PASSED] - Test Cases/CURA Web Test/Properties/TCP01 - Open browser: Test Cases/CURA Web Test/Properties/TCP01 - Open browser

2024-07-12 15:36:52 - [TEST_STEP][PASSED] - openBrowser(""): Browser is opened with url: ''

2024-07-12 15:36:52 - [MESSAGE][WARNING] - A browser is already opened. Closing browser and opening a new one

2024-07-12 15:36:53 - [MESSAGE][INFO] - Starting 'Chrome' driver

2024-07-12 15:36:53 - [MESSAGE][INFO] - Action delay is set to 0 milliseconds

2024-07-12 15:36:54 - [MESSAGE][PASSED] - Browser is opened with url: ''

2024-07-12 15:36:54 - [TEST_STEP][PASSED] - navigateToUrl(URL): Navigate to 'https://katalon-demo-cura.herokuapp.com/' successfully

2024-07-12 15:36:57 - [MESSAGE][PASSED] - Navigate to 'https://katalon-demo-cura.herokuapp.com/' successfully

2024-07-12 15:36:57 - [MESSAGE][PASSED] - Call Test Case 'Test Cases/CURA Web Test/Properties/TCP01 - Open browser' successfully

2024-07-12 15:36:57 - [TEST_STEP][PASSED] - delay(2): Delayed 2 second(s)

2024-07-12 15:36:59 - [MESSAGE][PASSED] - Delayed 2 second(s)

2024-07-12 15:36:59 - [TEST_STEP][PASSED] - takeFullPageScreenshot(): Taking screenshot successfully

2024-07-12 15:37:00 - [MESSAGE][INFO] - 0 hidden object(s)

2024-07-12 15:37:00 - [MESSAGE][PASSED] - Taking screenshot successfully
[[ATTACHMENT|C:\\Users\\Lenovo\\git\\KatalonPractitionerLevel\\Reports\\20240712_153554\\CURA Test suites\\TS02 - Login variation\\20240712_153558\\1720773419451.png]]

2024-07-12 15:37:00 - [TEST_STEP][PASSED] - click(findTestObject("1. CURA Test Object (Click, Set, Dropdown)/Make Appointment")): Object: 'Object Repository/1. CURA Test Object (Click, Set, Dropdown)/Make Appointment' is clicked on

2024-07-12 15:37:01 - [MESSAGE][PASSED] - Object: 'Object Repository/1. CURA Test Object (Click, Set, Dropdown)/Make Appointment' is clicked on

2024-07-12 15:37:01 - [TEST_STEP][PASSED] - takeScreenshotAsCheckpoint("Login page"): Taking screenshot successfully

2024-07-12 15:37:02 - [MESSAGE][INFO] - 0 hidden object(s)

2024-07-12 15:37:02 - [MESSAGE][PASSED] - Taking screenshot successfully
[[ATTACHMENT|keyes\keyes-Login page.png]]

2024-07-12 15:37:02 - [TEST_STEP][PASSED] - setText(findTestObject("1. CURA Test Object (Click, Set, Dropdown)/Username"), Username): Text 'John Doe' is set on object 'Object Repository/1. CURA Test Object (Click, Set, Dropdown)/Username'

2024-07-12 15:37:03 - [MESSAGE][PASSED] - Text 'John Doe' is set on object 'Object Repository/1. CURA Test Object (Click, Set, Dropdown)/Username'

2024-07-12 15:37:03 - [TEST_STEP][PASSED] - setEncryptedText(findTestObject("1. CURA Test Object (Click, Set, Dropdown)/Password"), "g3/DOGG74jC3Flrr3yH+3D/yKbOqqUNM"): Text ****** has been set on object 'Object Repository/1. CURA Test Object (Click, Set, Dropdown)/Password'

2024-07-12 15:37:03 - [MESSAGE][PASSED] - Text ****** has been set on object 'Object Repository/1. CURA Test Object (Click, Set, Dropdown)/Password'

2024-07-12 15:37:03 - [TEST_STEP][PASSED] - click(findTestObject("1. CURA Test Object (Click, Set, Dropdown)/Login Button")): Object: 'Object Repository/1. CURA Test Object (Click, Set, Dropdown)/Login Button' is clicked on

2024-07-12 15:37:04 - [MESSAGE][PASSED] - Object: 'Object Repository/1. CURA Test Object (Click, Set, Dropdown)/Login Button' is clicked on

2024-07-12 15:37:04 - [TEST_STEP][PASSED] - delay(2): Delayed 2 second(s)

2024-07-12 15:37:06 - [MESSAGE][PASSED] - Delayed 2 second(s)

2024-07-12 15:37:06 - [TEST_STEP][PASSED] - takeScreenshotAsCheckpoint("Make appointment page"): Taking screenshot successfully

2024-07-12 15:37:07 - [MESSAGE][INFO] - 0 hidden object(s)

2024-07-12 15:37:07 - [MESSAGE][PASSED] - Taking screenshot successfully
[[ATTACHMENT|keyes\keyes-Make appointment page.png]]]]></system-out>
         <system-err><![CDATA[]]></system-err>
      </testcase>
      <testcase name="Test Cases/CURA Web Test/Properties/TCP03 - Logout" time="3.238" classname="Test Cases/CURA Web Test/Properties/TCP03 - Logout" status="PASSED">
         <system-out><![CDATA[2024-07-12 15:37:07 - [TEST_CASE][PASSED] - Test Cases/CURA Web Test/Properties/TCP03 - Logout: Test Cases/CURA Web Test/Properties/TCP03 - Logout

2024-07-12 15:37:07 - [TEST_STEP][PASSED] - verifyElementText(findTestObject("2. CURA Test Object (Verify parameter)/Make Appointment Text"), "Make Appointment"): Actual text and expected text of test object 'Object Repository/2. CURA Test Object (Verify parameter)/Make Appointment Text' are matched.

2024-07-12 15:37:07 - [MESSAGE][PASSED] - Actual text and expected text of test object 'Object Repository/2. CURA Test Object (Verify parameter)/Make Appointment Text' are matched.

2024-07-12 15:37:07 - [TEST_STEP][PASSED] - click(findTestObject("1. CURA Test Object (Click, Set, Dropdown)/Menu")): Object: 'Object Repository/1. CURA Test Object (Click, Set, Dropdown)/Menu' is clicked on

2024-07-12 15:37:08 - [MESSAGE][PASSED] - Object: 'Object Repository/1. CURA Test Object (Click, Set, Dropdown)/Menu' is clicked on

2024-07-12 15:37:08 - [TEST_STEP][PASSED] - click(findTestObject("1. CURA Test Object (Click, Set, Dropdown)/Logout")): Object: 'Object Repository/1. CURA Test Object (Click, Set, Dropdown)/Logout' is clicked on

2024-07-12 15:37:09 - [MESSAGE][PASSED] - Object: 'Object Repository/1. CURA Test Object (Click, Set, Dropdown)/Logout' is clicked on

2024-07-12 15:37:09 - [TEST_STEP][PASSED] - closeBrowser(): Browser is closed

2024-07-12 15:37:10 - [MESSAGE][PASSED] - Browser is closed]]></system-out>
         <system-err><![CDATA[]]></system-err>
      </testcase>
      <system-out><![CDATA[2024-07-12 15:36:16 - [TEST_SUITE][PASSED] - TS02 - Login variation: Test Cases/CURA Web Test/Properties/TCP03 - Logout]]></system-out>
      <system-err><![CDATA[]]></system-err>
   </testsuite>
   <testsuite name="TS04 - Appointment check" tests="4" failures="0" errors="0" time="72.602" skipped="0" timestamp="2024-07-12 15:37:26" hostname="Lenovo - LAPTOP-7QB5JFLU" id="Test Suites/CURA Test suites/TS04 - Appointment check">
      <properties>
         <property name="deviceName" value=""/>
         <property name="devicePlatform" value=""/>
         <property name="logFolder" value="C:\\Users\\Lenovo\\git\\KatalonPractitionerLevel\\Reports\\20240712_153554\\CURA Test suites\\TS04 - Appointment check\\20240712_153602"/>
         <property name="logFiles" value="C:\\Users\\Lenovo\\git\\KatalonPractitionerLevel\\Reports\\20240712_153554\\CURA Test suites\\TS04 - Appointment check\\20240712_153602\\execution0.log"/>
         <property name="attachments" value="keyes\keyes-CURA Homepage.png, keyes\keyes-Tokyo Appointment Confirmation.png, keyes\keyes-Hongkong Appointment Confirmation.png, keyes\keyes-History Hongkong Appointment.png"/>
         <property name="hostName" value="Lenovo - LAPTOP-7QB5JFLU"/>
         <property name="os" value="Windows 11 64bit"/>
         <property name="katalonVersion" value="8.6.9.208"/>
         <property name="browser" value="Chrome 126.0.0.0"/>
         <property name="hostAddress" value="192.168.1.12"/>
         <property name="sessionId" value="488b701ecc952b4942a849141ce3ba96"/>
         <property name="seleniumVersion" value="3.141.59"/>
         <property name="proxyInformation" value="ProxyInformation { proxyOption=NO_PROXY, proxyServerType=HTTP, username=, password=********, proxyServerAddress=, proxyServerPort=0, executionList=&quot;&quot;, isApplyToDesiredCapabilities=true }"/>
         <property name="platform" value="Windows 11"/>
      </properties>
      <testcase name="Test Cases/CURA Web Test/TC01 - Verify homepage of CURA" time="10.633" classname="Test Cases/CURA Web Test/TC01 - Verify homepage of CURA" status="PASSED">
         <system-out><![CDATA[2024-07-12 15:37:26 - [TEST_CASE][PASSED] - Test Cases/CURA Web Test/TC01 - Verify homepage of CURA: Test Cases/CURA Web Test/TC01 - Verify homepage of CURA

2024-07-12 15:37:27 - [TEST_STEP][PASSED] - openBrowser(""): Browser is opened with url: ''

2024-07-12 15:37:27 - [MESSAGE][INFO] - Starting 'Chrome' driver

2024-07-12 15:37:27 - [MESSAGE][INFO] - Action delay is set to 0 milliseconds

2024-07-12 15:37:29 - [MESSAGE][PASSED] - Browser is opened with url: ''

2024-07-12 15:37:29 - [TEST_STEP][PASSED] - navigateToUrl("https://katalon-demo-cura.herokuapp.com/"): Navigate to 'https://katalon-demo-cura.herokuapp.com/' successfully

2024-07-12 15:37:32 - [MESSAGE][PASSED] - Navigate to 'https://katalon-demo-cura.herokuapp.com/' successfully

2024-07-12 15:37:32 - [TEST_STEP][PASSED] - takeScreenshotAsCheckpoint("CURA Homepage"): Taking screenshot successfully

2024-07-12 15:37:32 - [MESSAGE][INFO] - 0 hidden object(s)

2024-07-12 15:37:33 - [MESSAGE][PASSED] - Taking screenshot successfully
[[ATTACHMENT|keyes\keyes-CURA Homepage.png]]

2024-07-12 15:37:33 - [TEST_STEP][PASSED] - verifyElementText(findTestObject("Object Repository/9. Homepage of CURA/Page_CURA Healthcare Service/h1_CURA Healthcare Service"), "CURA Healthcare Service"): Actual text and expected text of test object 'Object Repository/9. Homepage of CURA/Page_CURA Healthcare Service/h1_CURA Healthcare Service' are matched.

2024-07-12 15:37:33 - [MESSAGE][PASSED] - Actual text and expected text of test object 'Object Repository/9. Homepage of CURA/Page_CURA Healthcare Service/h1_CURA Healthcare Service' are matched.

2024-07-12 15:37:33 - [TEST_STEP][PASSED] - verifyElementText(findTestObject("Object Repository/9. Homepage of CURA/Page_CURA Healthcare Service/h3_We Care About Your Health"), "We Care About Your Health"): Actual text and expected text of test object 'Object Repository/9. Homepage of CURA/Page_CURA Healthcare Service/h3_We Care About Your Health' are matched.

2024-07-12 15:37:33 - [MESSAGE][PASSED] - Actual text and expected text of test object 'Object Repository/9. Homepage of CURA/Page_CURA Healthcare Service/h3_We Care About Your Health' are matched.

2024-07-12 15:37:33 - [TEST_STEP][PASSED] - verifyElementText(findTestObject("Object Repository/9. Homepage of CURA/Page_CURA Healthcare Service/strong_CURA Healthcare Service"), "CURA Healthcare Service"): Actual text and expected text of test object 'Object Repository/9. Homepage of CURA/Page_CURA Healthcare Service/strong_CURA Healthcare Service' are matched.

2024-07-12 15:37:34 - [MESSAGE][PASSED] - Actual text and expected text of test object 'Object Repository/9. Homepage of CURA/Page_CURA Healthcare Service/strong_CURA Healthcare Service' are matched.

2024-07-12 15:37:34 - [TEST_STEP][PASSED] - ExpectedValue = "Atlanta 550 Pharr Road NE Suite 525
Atlanta, GA 30305": null

2024-07-12 15:37:34 - [TEST_STEP][PASSED] - verifyElementText(findTestObject("Object Repository/9. Homepage of CURA/Page_CURA Healthcare Service/p_Atlanta 550 Pharr Road NE Suite 525Atlant_8f4c85"), ExpectedValue): Actual text and expected text of test object 'Object Repository/9. Homepage of CURA/Page_CURA Healthcare Service/p_Atlanta 550 Pharr Road NE Suite 525Atlant_8f4c85' are matched.

2024-07-12 15:37:34 - [MESSAGE][PASSED] - Actual text and expected text of test object 'Object Repository/9. Homepage of CURA/Page_CURA Healthcare Service/p_Atlanta 550 Pharr Road NE Suite 525Atlant_8f4c85' are matched.

2024-07-12 15:37:34 - [TEST_STEP][PASSED] - verifyElementText(findTestObject("Object Repository/9. Homepage of CURA/Page_CURA Healthcare Service/li_(678) 813-1KMS"), "(678) 813-1KMS"): Actual text and expected text of test object 'Object Repository/9. Homepage of CURA/Page_CURA Healthcare Service/li_(678) 813-1KMS' are matched.

2024-07-12 15:37:35 - [MESSAGE][PASSED] - Actual text and expected text of test object 'Object Repository/9. Homepage of CURA/Page_CURA Healthcare Service/li_(678) 813-1KMS' are matched.

2024-07-12 15:37:35 - [TEST_STEP][PASSED] - verifyElementText(findTestObject("Object Repository/9. Homepage of CURA/Page_CURA Healthcare Service/li_infokatalon.com"), "info@katalon.com"): Actual text and expected text of test object 'Object Repository/9. Homepage of CURA/Page_CURA Healthcare Service/li_infokatalon.com' are matched.

2024-07-12 15:37:35 - [MESSAGE][PASSED] - Actual text and expected text of test object 'Object Repository/9. Homepage of CURA/Page_CURA Healthcare Service/li_infokatalon.com' are matched.

2024-07-12 15:37:35 - [TEST_STEP][PASSED] - verifyElementClickable(findTestObject("Object Repository/9. Homepage of CURA/Page_CURA Healthcare Service/i_infokatalon.com_fa fa-facebook fa-fw fa-3x")): Object 'Object Repository/9. Homepage of CURA/Page_CURA Healthcare Service/i_infokatalon.com_fa fa-facebook fa-fw fa-3x' is clickable

2024-07-12 15:37:36 - [MESSAGE][PASSED] - Object 'Object Repository/9. Homepage of CURA/Page_CURA Healthcare Service/i_infokatalon.com_fa fa-facebook fa-fw fa-3x' is clickable

2024-07-12 15:37:36 - [TEST_STEP][PASSED] - verifyElementClickable(findTestObject("Object Repository/9. Homepage of CURA/Page_CURA Healthcare Service/i_infokatalon.com_fa fa-twitter fa-fw fa-3x")): Object 'Object Repository/9. Homepage of CURA/Page_CURA Healthcare Service/i_infokatalon.com_fa fa-twitter fa-fw fa-3x' is clickable

2024-07-12 15:37:36 - [MESSAGE][PASSED] - Object 'Object Repository/9. Homepage of CURA/Page_CURA Healthcare Service/i_infokatalon.com_fa fa-twitter fa-fw fa-3x' is clickable

2024-07-12 15:37:36 - [TEST_STEP][PASSED] - verifyElementClickable(findTestObject("Object Repository/9. Homepage of CURA/Page_CURA Healthcare Service/i_infokatalon.com_fa fa-dribbble fa-fw fa-3x")): Object 'Object Repository/9. Homepage of CURA/Page_CURA Healthcare Service/i_infokatalon.com_fa fa-dribbble fa-fw fa-3x' is clickable

2024-07-12 15:37:36 - [MESSAGE][PASSED] - Object 'Object Repository/9. Homepage of CURA/Page_CURA Healthcare Service/i_infokatalon.com_fa fa-dribbble fa-fw fa-3x' is clickable

2024-07-12 15:37:36 - [TEST_STEP][PASSED] - verifyElementText(findTestObject("Object Repository/9. Homepage of CURA/Page_CURA Healthcare Service/p_Copyright  CURA Healthcare Service 2024"), "Copyright © CURA Healthcare Service 2024"): Actual text and expected text of test object 'Object Repository/9. Homepage of CURA/Page_CURA Healthcare Service/p_Copyright  CURA Healthcare Service 2024' are matched.

2024-07-12 15:37:37 - [MESSAGE][PASSED] - Actual text and expected text of test object 'Object Repository/9. Homepage of CURA/Page_CURA Healthcare Service/p_Copyright  CURA Healthcare Service 2024' are matched.

2024-07-12 15:37:37 - [TEST_STEP][PASSED] - verifyElementClickable(findTestObject("Object Repository/9. Homepage of CURA/Page_CURA Healthcare Service/a_Make Appointment")): Object 'Object Repository/9. Homepage of CURA/Page_CURA Healthcare Service/a_Make Appointment' is clickable

2024-07-12 15:37:37 - [MESSAGE][PASSED] - Object 'Object Repository/9. Homepage of CURA/Page_CURA Healthcare Service/a_Make Appointment' is clickable]]></system-out>
         <system-err><![CDATA[]]></system-err>
      </testcase>
      <testcase name="Test Cases/CURA Web Test/TC08 - Appointment Tokyo" time="22.299" classname="Test Cases/CURA Web Test/TC08 - Appointment Tokyo" status="PASSED">
         <system-out><![CDATA[2024-07-12 15:37:37 - [TEST_CASE][PASSED] - Test Cases/CURA Web Test/TC08 - Appointment Tokyo: Test Cases/CURA Web Test/TC08 - Appointment Tokyo

2024-07-12 15:37:37 - [TEST_STEP][PASSED] - openBrowser(""): Browser is opened with url: ''

2024-07-12 15:37:37 - [MESSAGE][WARNING] - A browser is already opened. Closing browser and opening a new one

2024-07-12 15:37:38 - [MESSAGE][INFO] - Starting 'Chrome' driver

2024-07-12 15:37:38 - [MESSAGE][INFO] - Action delay is set to 0 milliseconds

2024-07-12 15:37:39 - [MESSAGE][PASSED] - Browser is opened with url: ''

2024-07-12 15:37:39 - [TEST_STEP][PASSED] - navigateToUrl("https://katalon-demo-cura.herokuapp.com/"): Navigate to 'https://katalon-demo-cura.herokuapp.com/' successfully

2024-07-12 15:37:43 - [MESSAGE][PASSED] - Navigate to 'https://katalon-demo-cura.herokuapp.com/' successfully

2024-07-12 15:37:43 - [TEST_STEP][PASSED] - click(findTestObject("1. CURA Test Object (Click, Set, Dropdown)/Make Appointment")): Object: 'Object Repository/1. CURA Test Object (Click, Set, Dropdown)/Make Appointment' is clicked on

2024-07-12 15:37:44 - [MESSAGE][PASSED] - Object: 'Object Repository/1. CURA Test Object (Click, Set, Dropdown)/Make Appointment' is clicked on

2024-07-12 15:37:44 - [TEST_STEP][PASSED] - setText(findTestObject("1. CURA Test Object (Click, Set, Dropdown)/Username"), "John Doe"): Text 'John Doe' is set on object 'Object Repository/1. CURA Test Object (Click, Set, Dropdown)/Username'

2024-07-12 15:37:45 - [MESSAGE][PASSED] - Text 'John Doe' is set on object 'Object Repository/1. CURA Test Object (Click, Set, Dropdown)/Username'

2024-07-12 15:37:45 - [TEST_STEP][PASSED] - setEncryptedText(findTestObject("1. CURA Test Object (Click, Set, Dropdown)/Password"), "g3/DOGG74jC3Flrr3yH+3D/yKbOqqUNM"): Text ****** has been set on object 'Object Repository/1. CURA Test Object (Click, Set, Dropdown)/Password'

2024-07-12 15:37:46 - [MESSAGE][PASSED] - Text ****** has been set on object 'Object Repository/1. CURA Test Object (Click, Set, Dropdown)/Password'

2024-07-12 15:37:46 - [TEST_STEP][PASSED] - click(findTestObject("1. CURA Test Object (Click, Set, Dropdown)/Login Button")): Object: 'Object Repository/1. CURA Test Object (Click, Set, Dropdown)/Login Button' is clicked on

2024-07-12 15:37:47 - [MESSAGE][PASSED] - Object: 'Object Repository/1. CURA Test Object (Click, Set, Dropdown)/Login Button' is clicked on

2024-07-12 15:37:47 - [TEST_STEP][PASSED] - selectOptionByValue(findTestObject("1. CURA Test Object (Click, Set, Dropdown)/Facility"), "Hongkong CURA Healthcare Center", true): All options with value 'Hongkong CURA Healthcare Center' are selected in object 'Object Repository/1. CURA Test Object (Click, Set, Dropdown)/Facility'  using regular expression

2024-07-12 15:37:48 - [MESSAGE][PASSED] - All options with value 'Hongkong CURA Healthcare Center' are selected in object 'Object Repository/1. CURA Test Object (Click, Set, Dropdown)/Facility'  using regular expression

2024-07-12 15:37:48 - [TEST_STEP][PASSED] - selectOptionByValue(findTestObject("1. CURA Test Object (Click, Set, Dropdown)/Facility"), "Tokyo CURA Healthcare Center", true): All options with value 'Tokyo CURA Healthcare Center' are selected in object 'Object Repository/1. CURA Test Object (Click, Set, Dropdown)/Facility'  using regular expression

2024-07-12 15:37:50 - [MESSAGE][PASSED] - All options with value 'Tokyo CURA Healthcare Center' are selected in object 'Object Repository/1. CURA Test Object (Click, Set, Dropdown)/Facility'  using regular expression

2024-07-12 15:37:50 - [TEST_STEP][PASSED] - click(findTestObject("1. CURA Test Object (Click, Set, Dropdown)/Apply for Hospital Readmission")): Object: 'Object Repository/1. CURA Test Object (Click, Set, Dropdown)/Apply for Hospital Readmission' is clicked on

2024-07-12 15:37:50 - [MESSAGE][PASSED] - Object: 'Object Repository/1. CURA Test Object (Click, Set, Dropdown)/Apply for Hospital Readmission' is clicked on

2024-07-12 15:37:50 - [TEST_STEP][PASSED] - uncheck(findTestObject("1. CURA Test Object (Click, Set, Dropdown)/Apply for Hospital Readmission")): Object 'Object Repository/1. CURA Test Object (Click, Set, Dropdown)/Apply for Hospital Readmission' is un-checked

2024-07-12 15:37:50 - [MESSAGE][PASSED] - Object 'Object Repository/1. CURA Test Object (Click, Set, Dropdown)/Apply for Hospital Readmission' is un-checked

2024-07-12 15:37:50 - [TEST_STEP][PASSED] - click(findTestObject("1. CURA Test Object (Click, Set, Dropdown)/None"), CONTINUE_ON_FAILURE): Object: 'Object Repository/1. CURA Test Object (Click, Set, Dropdown)/None' is clicked on

2024-07-12 15:37:51 - [MESSAGE][PASSED] - Object: 'Object Repository/1. CURA Test Object (Click, Set, Dropdown)/None' is clicked on

2024-07-12 15:37:51 - [TEST_STEP][PASSED] - click(findTestObject("1. CURA Test Object (Click, Set, Dropdown)/Medicare"), CONTINUE_ON_FAILURE): Object: 'Object Repository/1. CURA Test Object (Click, Set, Dropdown)/Medicare' is clicked on

2024-07-12 15:37:51 - [MESSAGE][PASSED] - Object: 'Object Repository/1. CURA Test Object (Click, Set, Dropdown)/Medicare' is clicked on

2024-07-12 15:37:51 - [TEST_STEP][PASSED] - click(findTestObject("1. CURA Test Object (Click, Set, Dropdown)/Medicaid")): Object: 'Object Repository/1. CURA Test Object (Click, Set, Dropdown)/Medicaid' is clicked on

2024-07-12 15:37:52 - [MESSAGE][PASSED] - Object: 'Object Repository/1. CURA Test Object (Click, Set, Dropdown)/Medicaid' is clicked on

2024-07-12 15:37:52 - [TEST_STEP][PASSED] - click(findTestObject("1. CURA Test Object (Click, Set, Dropdown)/Medicare")): Object: 'Object Repository/1. CURA Test Object (Click, Set, Dropdown)/Medicare' is clicked on

2024-07-12 15:37:52 - [MESSAGE][PASSED] - Object: 'Object Repository/1. CURA Test Object (Click, Set, Dropdown)/Medicare' is clicked on

2024-07-12 15:37:52 - [TEST_STEP][PASSED] - setText(findTestObject("1. CURA Test Object (Click, Set, Dropdown)/Visit Date"), "30/06/2024"): Text '30/06/2024' is set on object 'Object Repository/1. CURA Test Object (Click, Set, Dropdown)/Visit Date'

2024-07-12 15:37:53 - [MESSAGE][PASSED] - Text '30/06/2024' is set on object 'Object Repository/1. CURA Test Object (Click, Set, Dropdown)/Visit Date'

2024-07-12 15:37:53 - [TEST_STEP][PASSED] - click(findTestObject("1. CURA Test Object (Click, Set, Dropdown)/Book Appointment")): Object: 'Object Repository/1. CURA Test Object (Click, Set, Dropdown)/Book Appointment' is clicked on

2024-07-12 15:37:54 - [MESSAGE][PASSED] - Object: 'Object Repository/1. CURA Test Object (Click, Set, Dropdown)/Book Appointment' is clicked on

2024-07-12 15:37:54 - [TEST_STEP][PASSED] - takeScreenshotAsCheckpoint("Tokyo Appointment Confirmation"): Taking screenshot successfully

2024-07-12 15:37:54 - [MESSAGE][INFO] - 0 hidden object(s)

2024-07-12 15:37:54 - [MESSAGE][PASSED] - Taking screenshot successfully
[[ATTACHMENT|keyes\keyes-Tokyo Appointment Confirmation.png]]

2024-07-12 15:37:54 - [TEST_STEP][PASSED] - verifyElementText(findTestObject("Object Repository/5. Appointment Tokyo/Page_CURA Healthcare Service/h2_Appointment Confirmation"), "Appointment Confirmation"): Actual text and expected text of test object 'Object Repository/5. Appointment Tokyo/Page_CURA Healthcare Service/h2_Appointment Confirmation' are matched.

2024-07-12 15:37:55 - [MESSAGE][PASSED] - Actual text and expected text of test object 'Object Repository/5. Appointment Tokyo/Page_CURA Healthcare Service/h2_Appointment Confirmation' are matched.

2024-07-12 15:37:55 - [TEST_STEP][PASSED] - verifyElementText(findTestObject("Object Repository/5. Appointment Tokyo/Page_CURA Healthcare Service/p_Please be informed that your appointment _11813a"), "Please be informed that your appointment has been booked as following:"): Actual text and expected text of test object 'Object Repository/5. Appointment Tokyo/Page_CURA Healthcare Service/p_Please be informed that your appointment _11813a' are matched.

2024-07-12 15:37:55 - [MESSAGE][PASSED] - Actual text and expected text of test object 'Object Repository/5. Appointment Tokyo/Page_CURA Healthcare Service/p_Please be informed that your appointment _11813a' are matched.

2024-07-12 15:37:55 - [TEST_STEP][PASSED] - verifyElementText(findTestObject("Object Repository/5. Appointment Tokyo/Page_CURA Healthcare Service/p_Tokyo CURA Healthcare Center"), "Tokyo CURA Healthcare Center"): Actual text and expected text of test object 'Object Repository/5. Appointment Tokyo/Page_CURA Healthcare Service/p_Tokyo CURA Healthcare Center' are matched.

2024-07-12 15:37:56 - [MESSAGE][PASSED] - Actual text and expected text of test object 'Object Repository/5. Appointment Tokyo/Page_CURA Healthcare Service/p_Tokyo CURA Healthcare Center' are matched.

2024-07-12 15:37:56 - [TEST_STEP][PASSED] - verifyElementText(findTestObject("Object Repository/5. Appointment Tokyo/Page_CURA Healthcare Service/p_Yes"), "No"): Actual text and expected text of test object 'Object Repository/5. Appointment Tokyo/Page_CURA Healthcare Service/p_Yes' are matched.

2024-07-12 15:37:56 - [MESSAGE][PASSED] - Actual text and expected text of test object 'Object Repository/5. Appointment Tokyo/Page_CURA Healthcare Service/p_Yes' are matched.

2024-07-12 15:37:56 - [TEST_STEP][PASSED] - verifyElementText(findTestObject("Object Repository/5. Appointment Tokyo/Page_CURA Healthcare Service/p_Medicare"), "Medicare"): Actual text and expected text of test object 'Object Repository/5. Appointment Tokyo/Page_CURA Healthcare Service/p_Medicare' are matched.

2024-07-12 15:37:56 - [MESSAGE][PASSED] - Actual text and expected text of test object 'Object Repository/5. Appointment Tokyo/Page_CURA Healthcare Service/p_Medicare' are matched.

2024-07-12 15:37:56 - [TEST_STEP][PASSED] - verifyElementText(findTestObject("Object Repository/5. Appointment Tokyo/Page_CURA Healthcare Service/p_30062024"), "30/06/2024"): Actual text and expected text of test object 'Object Repository/5. Appointment Tokyo/Page_CURA Healthcare Service/p_30062024' are matched.

2024-07-12 15:37:57 - [MESSAGE][PASSED] - Actual text and expected text of test object 'Object Repository/5. Appointment Tokyo/Page_CURA Healthcare Service/p_30062024' are matched.

2024-07-12 15:37:57 - [TEST_STEP][PASSED] - verifyElementText(findTestObject("Object Repository/5. Appointment Tokyo/Page_CURA Healthcare Service/div_Comment_col-xs-8"), ""): Actual text and expected text of test object 'Object Repository/5. Appointment Tokyo/Page_CURA Healthcare Service/div_Comment_col-xs-8' are matched.

2024-07-12 15:37:57 - [MESSAGE][PASSED] - Actual text and expected text of test object 'Object Repository/5. Appointment Tokyo/Page_CURA Healthcare Service/div_Comment_col-xs-8' are matched.

2024-07-12 15:37:57 - [TEST_STEP][PASSED] - click(findTestObject("Object Repository/5. Appointment Tokyo/Page_CURA Healthcare Service/a_Go to Homepage")): Object: 'Object Repository/5. Appointment Tokyo/Page_CURA Healthcare Service/a_Go to Homepage' is clicked on

2024-07-12 15:37:58 - [MESSAGE][PASSED] - Object: 'Object Repository/5. Appointment Tokyo/Page_CURA Healthcare Service/a_Go to Homepage' is clicked on

2024-07-12 15:37:58 - [TEST_STEP][PASSED] - verifyElementText(findTestObject("Object Repository/5. Appointment Tokyo/Page_CURA Healthcare Service/h1_CURA Healthcare Service"), "CURA Healthcare Service"): Actual text and expected text of test object 'Object Repository/5. Appointment Tokyo/Page_CURA Healthcare Service/h1_CURA Healthcare Service' are matched.

2024-07-12 15:37:58 - [MESSAGE][PASSED] - Actual text and expected text of test object 'Object Repository/5. Appointment Tokyo/Page_CURA Healthcare Service/h1_CURA Healthcare Service' are matched.

2024-07-12 15:37:58 - [TEST_STEP][PASSED] - closeBrowser(): Browser is closed

2024-07-12 15:37:59 - [MESSAGE][PASSED] - Browser is closed]]></system-out>
         <system-err><![CDATA[]]></system-err>
      </testcase>
      <testcase name="Test Cases/CURA Web Test/TC06 - Appointment Hongkong" time="21.2" classname="Test Cases/CURA Web Test/TC06 - Appointment Hongkong" status="PASSED">
         <system-out><![CDATA[2024-07-12 15:37:59 - [TEST_CASE][PASSED] - Test Cases/CURA Web Test/TC06 - Appointment Hongkong: Test Cases/CURA Web Test/TC06 - Appointment Hongkong

2024-07-12 15:38:00 - [TEST_STEP][PASSED] - openBrowser(""): Browser is opened with url: ''

2024-07-12 15:38:00 - [MESSAGE][INFO] - Starting 'Chrome' driver

2024-07-12 15:38:00 - [MESSAGE][INFO] - Action delay is set to 0 milliseconds

2024-07-12 15:38:01 - [MESSAGE][PASSED] - Browser is opened with url: ''

2024-07-12 15:38:01 - [TEST_STEP][PASSED] - navigateToUrl("https://katalon-demo-cura.herokuapp.com/"): Navigate to 'https://katalon-demo-cura.herokuapp.com/' successfully

2024-07-12 15:38:02 - [MESSAGE][PASSED] - Navigate to 'https://katalon-demo-cura.herokuapp.com/' successfully

2024-07-12 15:38:02 - [TEST_STEP][PASSED] - click(findTestObject("Object Repository/4. Appointment Hongkong/Page_CURA Healthcare Service/a_Make Appointment")): Object: 'Object Repository/4. Appointment Hongkong/Page_CURA Healthcare Service/a_Make Appointment' is clicked on

2024-07-12 15:38:05 - [MESSAGE][PASSED] - Object: 'Object Repository/4. Appointment Hongkong/Page_CURA Healthcare Service/a_Make Appointment' is clicked on

2024-07-12 15:38:05 - [TEST_STEP][PASSED] - setText(findTestObject("Object Repository/4. Appointment Hongkong/Page_CURA Healthcare Service/input_Username_username"), "John Doe"): Text 'John Doe' is set on object 'Object Repository/4. Appointment Hongkong/Page_CURA Healthcare Service/input_Username_username'

2024-07-12 15:38:06 - [MESSAGE][PASSED] - Text 'John Doe' is set on object 'Object Repository/4. Appointment Hongkong/Page_CURA Healthcare Service/input_Username_username'

2024-07-12 15:38:06 - [TEST_STEP][PASSED] - setEncryptedText(findTestObject("Object Repository/4. Appointment Hongkong/Page_CURA Healthcare Service/input_Password_password"), "g3/DOGG74jC3Flrr3yH+3D/yKbOqqUNM"): Text ****** has been set on object 'Object Repository/4. Appointment Hongkong/Page_CURA Healthcare Service/input_Password_password'

2024-07-12 15:38:06 - [MESSAGE][PASSED] - Text ****** has been set on object 'Object Repository/4. Appointment Hongkong/Page_CURA Healthcare Service/input_Password_password'

2024-07-12 15:38:06 - [TEST_STEP][PASSED] - click(findTestObject("Object Repository/4. Appointment Hongkong/Page_CURA Healthcare Service/button_Login")): Object: 'Object Repository/4. Appointment Hongkong/Page_CURA Healthcare Service/button_Login' is clicked on

2024-07-12 15:38:07 - [MESSAGE][PASSED] - Object: 'Object Repository/4. Appointment Hongkong/Page_CURA Healthcare Service/button_Login' is clicked on

2024-07-12 15:38:07 - [TEST_STEP][PASSED] - selectOptionByValue(findTestObject("Object Repository/4. Appointment Hongkong/Page_CURA Healthcare Service/select_Tokyo CURA Healthcare Center        _5b4107"), "Seoul CURA Healthcare Center", true): All options with value 'Seoul CURA Healthcare Center' are selected in object 'Object Repository/4. Appointment Hongkong/Page_CURA Healthcare Service/select_Tokyo CURA Healthcare Center        _5b4107'  using regular expression

2024-07-12 15:38:09 - [MESSAGE][PASSED] - All options with value 'Seoul CURA Healthcare Center' are selected in object 'Object Repository/4. Appointment Hongkong/Page_CURA Healthcare Service/select_Tokyo CURA Healthcare Center        _5b4107'  using regular expression

2024-07-12 15:38:09 - [TEST_STEP][PASSED] - selectOptionByValue(findTestObject("Object Repository/4. Appointment Hongkong/Page_CURA Healthcare Service/select_Tokyo CURA Healthcare Center        _5b4107"), "Hongkong CURA Healthcare Center", true): All options with value 'Hongkong CURA Healthcare Center' are selected in object 'Object Repository/4. Appointment Hongkong/Page_CURA Healthcare Service/select_Tokyo CURA Healthcare Center        _5b4107'  using regular expression

2024-07-12 15:38:10 - [MESSAGE][PASSED] - All options with value 'Hongkong CURA Healthcare Center' are selected in object 'Object Repository/4. Appointment Hongkong/Page_CURA Healthcare Service/select_Tokyo CURA Healthcare Center        _5b4107'  using regular expression

2024-07-12 15:38:10 - [TEST_STEP][PASSED] - click(findTestObject("Object Repository/4. Appointment Hongkong/Page_CURA Healthcare Service/input_Apply for hospital readmission_hospit_63901f")): Object: 'Object Repository/4. Appointment Hongkong/Page_CURA Healthcare Service/input_Apply for hospital readmission_hospit_63901f' is clicked on

2024-07-12 15:38:11 - [MESSAGE][PASSED] - Object: 'Object Repository/4. Appointment Hongkong/Page_CURA Healthcare Service/input_Apply for hospital readmission_hospit_63901f' is clicked on

2024-07-12 15:38:11 - [TEST_STEP][PASSED] - click(findTestObject("Object Repository/4. Appointment Hongkong/Page_CURA Healthcare Service/input_None_programs")): Object: 'Object Repository/4. Appointment Hongkong/Page_CURA Healthcare Service/input_None_programs' is clicked on

2024-07-12 15:38:11 - [MESSAGE][PASSED] - Object: 'Object Repository/4. Appointment Hongkong/Page_CURA Healthcare Service/input_None_programs' is clicked on

2024-07-12 15:38:11 - [TEST_STEP][PASSED] - click(findTestObject("Object Repository/4. Appointment Hongkong/Page_CURA Healthcare Service/input_Medicare_programs")): Object: 'Object Repository/4. Appointment Hongkong/Page_CURA Healthcare Service/input_Medicare_programs' is clicked on

2024-07-12 15:38:11 - [MESSAGE][PASSED] - Object: 'Object Repository/4. Appointment Hongkong/Page_CURA Healthcare Service/input_Medicare_programs' is clicked on

2024-07-12 15:38:11 - [TEST_STEP][PASSED] - click(findTestObject("Object Repository/4. Appointment Hongkong/Page_CURA Healthcare Service/span_Visit Date (Required)_glyphicon glyphi_cada34")): Object: 'Object Repository/4. Appointment Hongkong/Page_CURA Healthcare Service/span_Visit Date (Required)_glyphicon glyphi_cada34' is clicked on

2024-07-12 15:38:12 - [MESSAGE][PASSED] - Object: 'Object Repository/4. Appointment Hongkong/Page_CURA Healthcare Service/span_Visit Date (Required)_glyphicon glyphi_cada34' is clicked on

2024-07-12 15:38:12 - [TEST_STEP][PASSED] - click(findTestObject("Object Repository/4. Appointment Hongkong/Page_CURA Healthcare Service/td_1")): Object: 'Object Repository/4. Appointment Hongkong/Page_CURA Healthcare Service/td_1' is clicked on

2024-07-12 15:38:12 - [MESSAGE][PASSED] - Object: 'Object Repository/4. Appointment Hongkong/Page_CURA Healthcare Service/td_1' is clicked on

2024-07-12 15:38:12 - [TEST_STEP][PASSED] - click(findTestObject("Object Repository/4. Appointment Hongkong/Page_CURA Healthcare Service/input_Visit Date (Required)_visit_date")): Object: 'Object Repository/4. Appointment Hongkong/Page_CURA Healthcare Service/input_Visit Date (Required)_visit_date' is clicked on

2024-07-12 15:38:13 - [MESSAGE][PASSED] - Object: 'Object Repository/4. Appointment Hongkong/Page_CURA Healthcare Service/input_Visit Date (Required)_visit_date' is clicked on

2024-07-12 15:38:13 - [TEST_STEP][PASSED] - setText(findTestObject("Object Repository/4. Appointment Hongkong/Page_CURA Healthcare Service/textarea_Comment_comment"), "Lets meet at 8 PM"): Text 'Lets meet at 8 PM' is set on object 'Object Repository/4. Appointment Hongkong/Page_CURA Healthcare Service/textarea_Comment_comment'

2024-07-12 15:38:14 - [MESSAGE][PASSED] - Text 'Lets meet at 8 PM' is set on object 'Object Repository/4. Appointment Hongkong/Page_CURA Healthcare Service/textarea_Comment_comment'

2024-07-12 15:38:14 - [TEST_STEP][PASSED] - click(findTestObject("Object Repository/4. Appointment Hongkong/Page_CURA Healthcare Service/button_Book Appointment")): Object: 'Object Repository/4. Appointment Hongkong/Page_CURA Healthcare Service/button_Book Appointment' is clicked on

2024-07-12 15:38:15 - [MESSAGE][PASSED] - Object: 'Object Repository/4. Appointment Hongkong/Page_CURA Healthcare Service/button_Book Appointment' is clicked on

2024-07-12 15:38:15 - [TEST_STEP][PASSED] - takeScreenshotAsCheckpoint("Hongkong Appointment Confirmation"): Taking screenshot successfully

2024-07-12 15:38:15 - [MESSAGE][INFO] - 0 hidden object(s)

2024-07-12 15:38:15 - [MESSAGE][PASSED] - Taking screenshot successfully
[[ATTACHMENT|keyes\keyes-Hongkong Appointment Confirmation.png]]

2024-07-12 15:38:15 - [TEST_STEP][PASSED] - click(findTestObject("Object Repository/4. Appointment Hongkong/Page_CURA Healthcare Service/h2_Appointment Confirmation")): Object: 'Object Repository/4. Appointment Hongkong/Page_CURA Healthcare Service/h2_Appointment Confirmation' is clicked on

2024-07-12 15:38:16 - [MESSAGE][PASSED] - Object: 'Object Repository/4. Appointment Hongkong/Page_CURA Healthcare Service/h2_Appointment Confirmation' is clicked on

2024-07-12 15:38:16 - [TEST_STEP][PASSED] - click(findTestObject("Object Repository/4. Appointment Hongkong/Page_CURA Healthcare Service/p_Please be informed that your appointment _11813a")): Object: 'Object Repository/4. Appointment Hongkong/Page_CURA Healthcare Service/p_Please be informed that your appointment _11813a' is clicked on

2024-07-12 15:38:16 - [MESSAGE][PASSED] - Object: 'Object Repository/4. Appointment Hongkong/Page_CURA Healthcare Service/p_Please be informed that your appointment _11813a' is clicked on

2024-07-12 15:38:16 - [TEST_STEP][PASSED] - click(findTestObject("Object Repository/4. Appointment Hongkong/Page_CURA Healthcare Service/p_Hongkong CURA Healthcare Center")): Object: 'Object Repository/4. Appointment Hongkong/Page_CURA Healthcare Service/p_Hongkong CURA Healthcare Center' is clicked on

2024-07-12 15:38:17 - [MESSAGE][PASSED] - Object: 'Object Repository/4. Appointment Hongkong/Page_CURA Healthcare Service/p_Hongkong CURA Healthcare Center' is clicked on

2024-07-12 15:38:17 - [TEST_STEP][PASSED] - verifyElementPresent(findTestObject("Object Repository/4. Appointment Hongkong/Page_CURA Healthcare Service/p_Yes"), 0): Object 'Object Repository/4. Appointment Hongkong/Page_CURA Healthcare Service/p_Yes' is present

2024-07-12 15:38:17 - [MESSAGE][WARNING] - Timeout '0' is invalid. Using default page load timeout: '30'

2024-07-12 15:38:17 - [MESSAGE][PASSED] - Object 'Object Repository/4. Appointment Hongkong/Page_CURA Healthcare Service/p_Yes' is present

2024-07-12 15:38:17 - [TEST_STEP][PASSED] - verifyElementPresent(findTestObject("Object Repository/4. Appointment Hongkong/Page_CURA Healthcare Service/p_Medicare"), 0): Object 'Object Repository/4. Appointment Hongkong/Page_CURA Healthcare Service/p_Medicare' is present

2024-07-12 15:38:17 - [MESSAGE][WARNING] - Timeout '0' is invalid. Using default page load timeout: '30'

2024-07-12 15:38:17 - [MESSAGE][PASSED] - Object 'Object Repository/4. Appointment Hongkong/Page_CURA Healthcare Service/p_Medicare' is present

2024-07-12 15:38:17 - [TEST_STEP][PASSED] - verifyElementPresent(findTestObject("Object Repository/4. Appointment Hongkong/Page_CURA Healthcare Service/p_01072024"), 0): Object 'Object Repository/4. Appointment Hongkong/Page_CURA Healthcare Service/p_01072024' is present

2024-07-12 15:38:18 - [MESSAGE][WARNING] - Timeout '0' is invalid. Using default page load timeout: '30'

2024-07-12 15:38:18 - [MESSAGE][PASSED] - Object 'Object Repository/4. Appointment Hongkong/Page_CURA Healthcare Service/p_01072024' is present

2024-07-12 15:38:18 - [TEST_STEP][PASSED] - verifyElementPresent(findTestObject("Object Repository/4. Appointment Hongkong/Page_CURA Healthcare Service/p_Lets meet at 8 PM"), 0): Object 'Object Repository/4. Appointment Hongkong/Page_CURA Healthcare Service/p_Lets meet at 8 PM' is present

2024-07-12 15:38:18 - [MESSAGE][WARNING] - Timeout '0' is invalid. Using default page load timeout: '30'

2024-07-12 15:38:18 - [MESSAGE][PASSED] - Object 'Object Repository/4. Appointment Hongkong/Page_CURA Healthcare Service/p_Lets meet at 8 PM' is present

2024-07-12 15:38:18 - [TEST_STEP][PASSED] - click(findTestObject("Object Repository/4. Appointment Hongkong/Page_CURA Healthcare Service/a_Go to Homepage")): Object: 'Object Repository/4. Appointment Hongkong/Page_CURA Healthcare Service/a_Go to Homepage' is clicked on

2024-07-12 15:38:19 - [MESSAGE][PASSED] - Object: 'Object Repository/4. Appointment Hongkong/Page_CURA Healthcare Service/a_Go to Homepage' is clicked on

2024-07-12 15:38:19 - [TEST_STEP][PASSED] - click(findTestObject("Object Repository/4. Appointment Hongkong/Page_CURA Healthcare Service/h1_CURA Healthcare Service")): Object: 'Object Repository/4. Appointment Hongkong/Page_CURA Healthcare Service/h1_CURA Healthcare Service' is clicked on

2024-07-12 15:38:20 - [MESSAGE][PASSED] - Object: 'Object Repository/4. Appointment Hongkong/Page_CURA Healthcare Service/h1_CURA Healthcare Service' is clicked on

2024-07-12 15:38:20 - [TEST_STEP][PASSED] - closeBrowser(): Browser is closed

2024-07-12 15:38:21 - [MESSAGE][PASSED] - Browser is closed]]></system-out>
         <system-err><![CDATA[]]></system-err>
      </testcase>
      <testcase name="Test Cases/CURA Web Test/TC10 - History menu check" time="18.317" classname="Test Cases/CURA Web Test/TC10 - History menu check" status="PASSED">
         <system-out><![CDATA[2024-07-12 15:38:21 - [TEST_CASE][PASSED] - Test Cases/CURA Web Test/TC10 - History menu check: Test Cases/CURA Web Test/TC10 - History menu check

2024-07-12 15:38:21 - [TEST_STEP][PASSED] - openBrowser(""): Browser is opened with url: ''

2024-07-12 15:38:21 - [MESSAGE][INFO] - Starting 'Chrome' driver

2024-07-12 15:38:21 - [MESSAGE][INFO] - Action delay is set to 0 milliseconds

2024-07-12 15:38:22 - [MESSAGE][PASSED] - Browser is opened with url: ''

2024-07-12 15:38:22 - [TEST_STEP][PASSED] - navigateToUrl("https://katalon-demo-cura.herokuapp.com/"): Navigate to 'https://katalon-demo-cura.herokuapp.com/' successfully

2024-07-12 15:38:25 - [MESSAGE][PASSED] - Navigate to 'https://katalon-demo-cura.herokuapp.com/' successfully

2024-07-12 15:38:25 - [TEST_STEP][PASSED] - click(findTestObject("1. CURA Test Object (Click, Set, Dropdown)/Make Appointment")): Object: 'Object Repository/1. CURA Test Object (Click, Set, Dropdown)/Make Appointment' is clicked on

2024-07-12 15:38:26 - [MESSAGE][PASSED] - Object: 'Object Repository/1. CURA Test Object (Click, Set, Dropdown)/Make Appointment' is clicked on

2024-07-12 15:38:26 - [TEST_STEP][PASSED] - setText(findTestObject("1. CURA Test Object (Click, Set, Dropdown)/Username"), "John Doe"): Text 'John Doe' is set on object 'Object Repository/1. CURA Test Object (Click, Set, Dropdown)/Username'

2024-07-12 15:38:27 - [MESSAGE][PASSED] - Text 'John Doe' is set on object 'Object Repository/1. CURA Test Object (Click, Set, Dropdown)/Username'

2024-07-12 15:38:27 - [TEST_STEP][PASSED] - setEncryptedText(findTestObject("1. CURA Test Object (Click, Set, Dropdown)/Password"), "g3/DOGG74jC3Flrr3yH+3D/yKbOqqUNM"): Text ****** has been set on object 'Object Repository/1. CURA Test Object (Click, Set, Dropdown)/Password'

2024-07-12 15:38:27 - [MESSAGE][PASSED] - Text ****** has been set on object 'Object Repository/1. CURA Test Object (Click, Set, Dropdown)/Password'

2024-07-12 15:38:27 - [TEST_STEP][PASSED] - click(findTestObject("1. CURA Test Object (Click, Set, Dropdown)/Login Button")): Object: 'Object Repository/1. CURA Test Object (Click, Set, Dropdown)/Login Button' is clicked on

2024-07-12 15:38:28 - [MESSAGE][PASSED] - Object: 'Object Repository/1. CURA Test Object (Click, Set, Dropdown)/Login Button' is clicked on

2024-07-12 15:38:28 - [TEST_STEP][PASSED] - selectOptionByValue(findTestObject("1. CURA Test Object (Click, Set, Dropdown)/Facility"), "Hongkong CURA Healthcare Center", true): All options with value 'Hongkong CURA Healthcare Center' are selected in object 'Object Repository/1. CURA Test Object (Click, Set, Dropdown)/Facility'  using regular expression

2024-07-12 15:38:30 - [MESSAGE][PASSED] - All options with value 'Hongkong CURA Healthcare Center' are selected in object 'Object Repository/1. CURA Test Object (Click, Set, Dropdown)/Facility'  using regular expression

2024-07-12 15:38:30 - [TEST_STEP][PASSED] - click(findTestObject("1. CURA Test Object (Click, Set, Dropdown)/Apply for Hospital Readmission")): Object: 'Object Repository/1. CURA Test Object (Click, Set, Dropdown)/Apply for Hospital Readmission' is clicked on

2024-07-12 15:38:30 - [MESSAGE][PASSED] - Object: 'Object Repository/1. CURA Test Object (Click, Set, Dropdown)/Apply for Hospital Readmission' is clicked on

2024-07-12 15:38:30 - [TEST_STEP][PASSED] - setText(findTestObject("1. CURA Test Object (Click, Set, Dropdown)/Visit Date"), "28/06/2024"): Text '28/06/2024' is set on object 'Object Repository/1. CURA Test Object (Click, Set, Dropdown)/Visit Date'

2024-07-12 15:38:31 - [MESSAGE][PASSED] - Text '28/06/2024' is set on object 'Object Repository/1. CURA Test Object (Click, Set, Dropdown)/Visit Date'

2024-07-12 15:38:31 - [TEST_STEP][PASSED] - setText(findTestObject("1. CURA Test Object (Click, Set, Dropdown)/Comment"), "Let's meet at 9 AM"): Text 'Let's meet at 9 AM' is set on object 'Object Repository/1. CURA Test Object (Click, Set, Dropdown)/Comment'

2024-07-12 15:38:32 - [MESSAGE][PASSED] - Text 'Let's meet at 9 AM' is set on object 'Object Repository/1. CURA Test Object (Click, Set, Dropdown)/Comment'

2024-07-12 15:38:32 - [TEST_STEP][PASSED] - click(findTestObject("1. CURA Test Object (Click, Set, Dropdown)/Book Appointment")): Object: 'Object Repository/1. CURA Test Object (Click, Set, Dropdown)/Book Appointment' is clicked on

2024-07-12 15:38:33 - [MESSAGE][PASSED] - Object: 'Object Repository/1. CURA Test Object (Click, Set, Dropdown)/Book Appointment' is clicked on

2024-07-12 15:38:33 - [TEST_STEP][PASSED] - verifyElementText(findTestObject("4. Appointment Hongkong/Page_CURA Healthcare Service/h2_Appointment Confirmation"), "Appointment Confirmation"): Actual text and expected text of test object 'Object Repository/4. Appointment Hongkong/Page_CURA Healthcare Service/h2_Appointment Confirmation' are matched.

2024-07-12 15:38:33 - [MESSAGE][PASSED] - Actual text and expected text of test object 'Object Repository/4. Appointment Hongkong/Page_CURA Healthcare Service/h2_Appointment Confirmation' are matched.

2024-07-12 15:38:33 - [TEST_STEP][PASSED] - click(findTestObject("1. CURA Test Object (Click, Set, Dropdown)/Menu")): Object: 'Object Repository/1. CURA Test Object (Click, Set, Dropdown)/Menu' is clicked on

2024-07-12 15:38:34 - [MESSAGE][PASSED] - Object: 'Object Repository/1. CURA Test Object (Click, Set, Dropdown)/Menu' is clicked on

2024-07-12 15:38:34 - [TEST_STEP][PASSED] - click(findTestObject("1. CURA Test Object (Click, Set, Dropdown)/History")): Object: 'Object Repository/1. CURA Test Object (Click, Set, Dropdown)/History' is clicked on

2024-07-12 15:38:35 - [MESSAGE][PASSED] - Object: 'Object Repository/1. CURA Test Object (Click, Set, Dropdown)/History' is clicked on

2024-07-12 15:38:35 - [TEST_STEP][PASSED] - takeScreenshotAsCheckpoint("History Hongkong Appointment"): Taking screenshot successfully

2024-07-12 15:38:35 - [MESSAGE][INFO] - 0 hidden object(s)

2024-07-12 15:38:36 - [MESSAGE][PASSED] - Taking screenshot successfully
[[ATTACHMENT|keyes\keyes-History Hongkong Appointment.png]]

2024-07-12 15:38:36 - [TEST_STEP][PASSED] - verifyElementText(findTestObject("Object Repository/8. History check/Page_CURA Healthcare Service/h2_History"), "History"): Actual text and expected text of test object 'Object Repository/8. History check/Page_CURA Healthcare Service/h2_History' are matched.

2024-07-12 15:38:36 - [MESSAGE][PASSED] - Actual text and expected text of test object 'Object Repository/8. History check/Page_CURA Healthcare Service/h2_History' are matched.

2024-07-12 15:38:36 - [TEST_STEP][PASSED] - verifyElementText(findTestObject("Object Repository/8. History check/Page_CURA Healthcare Service/div_28062024"), "28/06/2024"): Actual text and expected text of test object 'Object Repository/8. History check/Page_CURA Healthcare Service/div_28062024' are matched.

2024-07-12 15:38:36 - [MESSAGE][PASSED] - Actual text and expected text of test object 'Object Repository/8. History check/Page_CURA Healthcare Service/div_28062024' are matched.

2024-07-12 15:38:36 - [TEST_STEP][PASSED] - verifyElementText(findTestObject("Object Repository/8. History check/Page_CURA Healthcare Service/p_Hongkong CURA Healthcare Center"), "Hongkong CURA Healthcare Center"): Actual text and expected text of test object 'Object Repository/8. History check/Page_CURA Healthcare Service/p_Hongkong CURA Healthcare Center' are matched.

2024-07-12 15:38:37 - [MESSAGE][PASSED] - Actual text and expected text of test object 'Object Repository/8. History check/Page_CURA Healthcare Service/p_Hongkong CURA Healthcare Center' are matched.

2024-07-12 15:38:37 - [TEST_STEP][PASSED] - verifyElementText(findTestObject("Object Repository/8. History check/Page_CURA Healthcare Service/p_Yes"), "Yes"): Actual text and expected text of test object 'Object Repository/8. History check/Page_CURA Healthcare Service/p_Yes' are matched.

2024-07-12 15:38:37 - [MESSAGE][PASSED] - Actual text and expected text of test object 'Object Repository/8. History check/Page_CURA Healthcare Service/p_Yes' are matched.

2024-07-12 15:38:37 - [TEST_STEP][PASSED] - verifyElementText(findTestObject("Object Repository/8. History check/Page_CURA Healthcare Service/p_Medicare"), "Medicare"): Actual text and expected text of test object 'Object Repository/8. History check/Page_CURA Healthcare Service/p_Medicare' are matched.

2024-07-12 15:38:37 - [MESSAGE][PASSED] - Actual text and expected text of test object 'Object Repository/8. History check/Page_CURA Healthcare Service/p_Medicare' are matched.

2024-07-12 15:38:37 - [TEST_STEP][PASSED] - verifyElementText(findTestObject("Object Repository/8. History check/Page_CURA Healthcare Service/p_Lets meet at 9 AM"), "Let's meet at 9 AM"): Actual text and expected text of test object 'Object Repository/8. History check/Page_CURA Healthcare Service/p_Lets meet at 9 AM' are matched.

2024-07-12 15:38:38 - [MESSAGE][PASSED] - Actual text and expected text of test object 'Object Repository/8. History check/Page_CURA Healthcare Service/p_Lets meet at 9 AM' are matched.

2024-07-12 15:38:38 - [TEST_STEP][PASSED] - click(findTestObject("1. CURA Test Object (Click, Set, Dropdown)/Go to Homepage")): Object: 'Object Repository/1. CURA Test Object (Click, Set, Dropdown)/Go to Homepage' is clicked on

2024-07-12 15:38:39 - [MESSAGE][PASSED] - Object: 'Object Repository/1. CURA Test Object (Click, Set, Dropdown)/Go to Homepage' is clicked on

2024-07-12 15:38:39 - [TEST_STEP][PASSED] - verifyElementText(findTestObject("2. CURA Test Object (Verify parameter)/CURA Healthcare Service Label"), "CURA Healthcare Service"): Actual text and expected text of test object 'Object Repository/2. CURA Test Object (Verify parameter)/CURA Healthcare Service Label' are matched.

2024-07-12 15:38:39 - [MESSAGE][PASSED] - Actual text and expected text of test object 'Object Repository/2. CURA Test Object (Verify parameter)/CURA Healthcare Service Label' are matched.]]></system-out>
         <system-err><![CDATA[]]></system-err>
      </testcase>
      <system-out><![CDATA[2024-07-12 15:37:26 - [TEST_SUITE][PASSED] - TS04 - Appointment check: Test Cases/CURA Web Test/TC10 - History menu check]]></system-out>
      <system-err><![CDATA[]]></system-err>
   </testsuite>
   <testsuite name="TS05 - History check" tests="2" failures="0" errors="0" time="23.361" skipped="0" timestamp="2024-07-12 15:38:54" hostname="Lenovo - LAPTOP-7QB5JFLU" id="Test Suites/CURA Test suites/TS05 - History check">
      <properties>
         <property name="deviceName" value=""/>
         <property name="devicePlatform" value=""/>
         <property name="logFolder" value="C:\\Users\\Lenovo\\git\\KatalonPractitionerLevel\\Reports\\20240712_153554\\CURA Test suites\\TS05 - History check\\20240712_153607"/>
         <property name="logFiles" value="C:\\Users\\Lenovo\\git\\KatalonPractitionerLevel\\Reports\\20240712_153554\\CURA Test suites\\TS05 - History check\\20240712_153607\\execution0.log"/>
         <property name="attachments" value="keyes\keyes-History Hongkong Appointment.png"/>
         <property name="hostName" value="Lenovo - LAPTOP-7QB5JFLU"/>
         <property name="os" value="Windows 11 64bit"/>
         <property name="katalonVersion" value="8.6.9.208"/>
         <property name="browser" value="Chrome 126.0.0.0"/>
         <property name="hostAddress" value="192.168.1.12"/>
         <property name="sessionId" value="efb603b17d5606f9d8ca512a07dc50a7"/>
         <property name="seleniumVersion" value="3.141.59"/>
         <property name="proxyInformation" value="ProxyInformation { proxyOption=NO_PROXY, proxyServerType=HTTP, username=, password=********, proxyServerAddress=, proxyServerPort=0, executionList=&quot;&quot;, isApplyToDesiredCapabilities=true }"/>
         <property name="platform" value="Windows 11"/>
      </properties>
      <testcase name="Test Cases/CURA Web Test/TC10 - History menu check" time="20.055" classname="Test Cases/CURA Web Test/TC10 - History menu check" status="PASSED">
         <system-out><![CDATA[2024-07-12 15:38:54 - [TEST_CASE][PASSED] - Test Cases/CURA Web Test/TC10 - History menu check: Test Cases/CURA Web Test/TC10 - History menu check

2024-07-12 15:38:55 - [TEST_STEP][PASSED] - openBrowser(""): Browser is opened with url: ''

2024-07-12 15:38:55 - [MESSAGE][INFO] - Starting 'Chrome' driver

2024-07-12 15:38:55 - [MESSAGE][INFO] - Action delay is set to 0 milliseconds

2024-07-12 15:38:57 - [MESSAGE][PASSED] - Browser is opened with url: ''

2024-07-12 15:38:57 - [TEST_STEP][PASSED] - navigateToUrl("https://katalon-demo-cura.herokuapp.com/"): Navigate to 'https://katalon-demo-cura.herokuapp.com/' successfully

2024-07-12 15:39:00 - [MESSAGE][PASSED] - Navigate to 'https://katalon-demo-cura.herokuapp.com/' successfully

2024-07-12 15:39:00 - [TEST_STEP][PASSED] - click(findTestObject("1. CURA Test Object (Click, Set, Dropdown)/Make Appointment")): Object: 'Object Repository/1. CURA Test Object (Click, Set, Dropdown)/Make Appointment' is clicked on

2024-07-12 15:39:01 - [MESSAGE][PASSED] - Object: 'Object Repository/1. CURA Test Object (Click, Set, Dropdown)/Make Appointment' is clicked on

2024-07-12 15:39:01 - [TEST_STEP][PASSED] - setText(findTestObject("1. CURA Test Object (Click, Set, Dropdown)/Username"), "John Doe"): Text 'John Doe' is set on object 'Object Repository/1. CURA Test Object (Click, Set, Dropdown)/Username'

2024-07-12 15:39:02 - [MESSAGE][PASSED] - Text 'John Doe' is set on object 'Object Repository/1. CURA Test Object (Click, Set, Dropdown)/Username'

2024-07-12 15:39:02 - [TEST_STEP][PASSED] - setEncryptedText(findTestObject("1. CURA Test Object (Click, Set, Dropdown)/Password"), "g3/DOGG74jC3Flrr3yH+3D/yKbOqqUNM"): Text ****** has been set on object 'Object Repository/1. CURA Test Object (Click, Set, Dropdown)/Password'

2024-07-12 15:39:02 - [MESSAGE][PASSED] - Text ****** has been set on object 'Object Repository/1. CURA Test Object (Click, Set, Dropdown)/Password'

2024-07-12 15:39:02 - [TEST_STEP][PASSED] - click(findTestObject("1. CURA Test Object (Click, Set, Dropdown)/Login Button")): Object: 'Object Repository/1. CURA Test Object (Click, Set, Dropdown)/Login Button' is clicked on

2024-07-12 15:39:04 - [MESSAGE][PASSED] - Object: 'Object Repository/1. CURA Test Object (Click, Set, Dropdown)/Login Button' is clicked on

2024-07-12 15:39:04 - [TEST_STEP][PASSED] - selectOptionByValue(findTestObject("1. CURA Test Object (Click, Set, Dropdown)/Facility"), "Hongkong CURA Healthcare Center", true): All options with value 'Hongkong CURA Healthcare Center' are selected in object 'Object Repository/1. CURA Test Object (Click, Set, Dropdown)/Facility'  using regular expression

2024-07-12 15:39:05 - [MESSAGE][PASSED] - All options with value 'Hongkong CURA Healthcare Center' are selected in object 'Object Repository/1. CURA Test Object (Click, Set, Dropdown)/Facility'  using regular expression

2024-07-12 15:39:05 - [TEST_STEP][PASSED] - click(findTestObject("1. CURA Test Object (Click, Set, Dropdown)/Apply for Hospital Readmission")): Object: 'Object Repository/1. CURA Test Object (Click, Set, Dropdown)/Apply for Hospital Readmission' is clicked on

2024-07-12 15:39:05 - [MESSAGE][PASSED] - Object: 'Object Repository/1. CURA Test Object (Click, Set, Dropdown)/Apply for Hospital Readmission' is clicked on

2024-07-12 15:39:05 - [TEST_STEP][PASSED] - setText(findTestObject("1. CURA Test Object (Click, Set, Dropdown)/Visit Date"), "28/06/2024"): Text '28/06/2024' is set on object 'Object Repository/1. CURA Test Object (Click, Set, Dropdown)/Visit Date'

2024-07-12 15:39:06 - [MESSAGE][PASSED] - Text '28/06/2024' is set on object 'Object Repository/1. CURA Test Object (Click, Set, Dropdown)/Visit Date'

2024-07-12 15:39:06 - [TEST_STEP][PASSED] - setText(findTestObject("1. CURA Test Object (Click, Set, Dropdown)/Comment"), "Let's meet at 9 AM"): Text 'Let's meet at 9 AM' is set on object 'Object Repository/1. CURA Test Object (Click, Set, Dropdown)/Comment'

2024-07-12 15:39:07 - [MESSAGE][PASSED] - Text 'Let's meet at 9 AM' is set on object 'Object Repository/1. CURA Test Object (Click, Set, Dropdown)/Comment'

2024-07-12 15:39:07 - [TEST_STEP][PASSED] - click(findTestObject("1. CURA Test Object (Click, Set, Dropdown)/Book Appointment")): Object: 'Object Repository/1. CURA Test Object (Click, Set, Dropdown)/Book Appointment' is clicked on

2024-07-12 15:39:08 - [MESSAGE][PASSED] - Object: 'Object Repository/1. CURA Test Object (Click, Set, Dropdown)/Book Appointment' is clicked on

2024-07-12 15:39:08 - [TEST_STEP][PASSED] - verifyElementText(findTestObject("4. Appointment Hongkong/Page_CURA Healthcare Service/h2_Appointment Confirmation"), "Appointment Confirmation"): Actual text and expected text of test object 'Object Repository/4. Appointment Hongkong/Page_CURA Healthcare Service/h2_Appointment Confirmation' are matched.

2024-07-12 15:39:09 - [MESSAGE][PASSED] - Actual text and expected text of test object 'Object Repository/4. Appointment Hongkong/Page_CURA Healthcare Service/h2_Appointment Confirmation' are matched.

2024-07-12 15:39:09 - [TEST_STEP][PASSED] - click(findTestObject("1. CURA Test Object (Click, Set, Dropdown)/Menu")): Object: 'Object Repository/1. CURA Test Object (Click, Set, Dropdown)/Menu' is clicked on

2024-07-12 15:39:09 - [MESSAGE][PASSED] - Object: 'Object Repository/1. CURA Test Object (Click, Set, Dropdown)/Menu' is clicked on

2024-07-12 15:39:09 - [TEST_STEP][PASSED] - click(findTestObject("1. CURA Test Object (Click, Set, Dropdown)/History")): Object: 'Object Repository/1. CURA Test Object (Click, Set, Dropdown)/History' is clicked on

2024-07-12 15:39:10 - [MESSAGE][PASSED] - Object: 'Object Repository/1. CURA Test Object (Click, Set, Dropdown)/History' is clicked on

2024-07-12 15:39:10 - [TEST_STEP][PASSED] - takeScreenshotAsCheckpoint("History Hongkong Appointment"): Taking screenshot successfully

2024-07-12 15:39:11 - [MESSAGE][INFO] - 0 hidden object(s)

2024-07-12 15:39:11 - [MESSAGE][PASSED] - Taking screenshot successfully
[[ATTACHMENT|keyes\keyes-History Hongkong Appointment.png]]

2024-07-12 15:39:11 - [TEST_STEP][PASSED] - verifyElementText(findTestObject("Object Repository/8. History check/Page_CURA Healthcare Service/h2_History"), "History"): Actual text and expected text of test object 'Object Repository/8. History check/Page_CURA Healthcare Service/h2_History' are matched.

2024-07-12 15:39:11 - [MESSAGE][PASSED] - Actual text and expected text of test object 'Object Repository/8. History check/Page_CURA Healthcare Service/h2_History' are matched.

2024-07-12 15:39:11 - [TEST_STEP][PASSED] - verifyElementText(findTestObject("Object Repository/8. History check/Page_CURA Healthcare Service/div_28062024"), "28/06/2024"): Actual text and expected text of test object 'Object Repository/8. History check/Page_CURA Healthcare Service/div_28062024' are matched.

2024-07-12 15:39:12 - [MESSAGE][PASSED] - Actual text and expected text of test object 'Object Repository/8. History check/Page_CURA Healthcare Service/div_28062024' are matched.

2024-07-12 15:39:12 - [TEST_STEP][PASSED] - verifyElementText(findTestObject("Object Repository/8. History check/Page_CURA Healthcare Service/p_Hongkong CURA Healthcare Center"), "Hongkong CURA Healthcare Center"): Actual text and expected text of test object 'Object Repository/8. History check/Page_CURA Healthcare Service/p_Hongkong CURA Healthcare Center' are matched.

2024-07-12 15:39:12 - [MESSAGE][PASSED] - Actual text and expected text of test object 'Object Repository/8. History check/Page_CURA Healthcare Service/p_Hongkong CURA Healthcare Center' are matched.

2024-07-12 15:39:12 - [TEST_STEP][PASSED] - verifyElementText(findTestObject("Object Repository/8. History check/Page_CURA Healthcare Service/p_Yes"), "Yes"): Actual text and expected text of test object 'Object Repository/8. History check/Page_CURA Healthcare Service/p_Yes' are matched.

2024-07-12 15:39:12 - [MESSAGE][PASSED] - Actual text and expected text of test object 'Object Repository/8. History check/Page_CURA Healthcare Service/p_Yes' are matched.

2024-07-12 15:39:12 - [TEST_STEP][PASSED] - verifyElementText(findTestObject("Object Repository/8. History check/Page_CURA Healthcare Service/p_Medicare"), "Medicare"): Actual text and expected text of test object 'Object Repository/8. History check/Page_CURA Healthcare Service/p_Medicare' are matched.

2024-07-12 15:39:13 - [MESSAGE][PASSED] - Actual text and expected text of test object 'Object Repository/8. History check/Page_CURA Healthcare Service/p_Medicare' are matched.

2024-07-12 15:39:13 - [TEST_STEP][PASSED] - verifyElementText(findTestObject("Object Repository/8. History check/Page_CURA Healthcare Service/p_Lets meet at 9 AM"), "Let's meet at 9 AM"): Actual text and expected text of test object 'Object Repository/8. History check/Page_CURA Healthcare Service/p_Lets meet at 9 AM' are matched.

2024-07-12 15:39:13 - [MESSAGE][PASSED] - Actual text and expected text of test object 'Object Repository/8. History check/Page_CURA Healthcare Service/p_Lets meet at 9 AM' are matched.

2024-07-12 15:39:13 - [TEST_STEP][PASSED] - click(findTestObject("1. CURA Test Object (Click, Set, Dropdown)/Go to Homepage")): Object: 'Object Repository/1. CURA Test Object (Click, Set, Dropdown)/Go to Homepage' is clicked on

2024-07-12 15:39:14 - [MESSAGE][PASSED] - Object: 'Object Repository/1. CURA Test Object (Click, Set, Dropdown)/Go to Homepage' is clicked on

2024-07-12 15:39:14 - [TEST_STEP][PASSED] - verifyElementText(findTestObject("2. CURA Test Object (Verify parameter)/CURA Healthcare Service Label"), "CURA Healthcare Service"): Actual text and expected text of test object 'Object Repository/2. CURA Test Object (Verify parameter)/CURA Healthcare Service Label' are matched.

2024-07-12 15:39:14 - [MESSAGE][PASSED] - Actual text and expected text of test object 'Object Repository/2. CURA Test Object (Verify parameter)/CURA Healthcare Service Label' are matched.]]></system-out>
         <system-err><![CDATA[]]></system-err>
      </testcase>
      <testcase name="Test Cases/CURA Web Test/Properties/TCP03 - Logout" time="3.106" classname="Test Cases/CURA Web Test/Properties/TCP03 - Logout" status="PASSED">
         <system-out><![CDATA[2024-07-12 15:39:14 - [TEST_CASE][PASSED] - Test Cases/CURA Web Test/Properties/TCP03 - Logout: Test Cases/CURA Web Test/Properties/TCP03 - Logout

2024-07-12 15:39:15 - [TEST_STEP][PASSED] - verifyElementText(findTestObject("2. CURA Test Object (Verify parameter)/Make Appointment Text"), "Make Appointment"): Actual text and expected text of test object 'Object Repository/2. CURA Test Object (Verify parameter)/Make Appointment Text' are matched.

2024-07-12 15:39:15 - [MESSAGE][PASSED] - Actual text and expected text of test object 'Object Repository/2. CURA Test Object (Verify parameter)/Make Appointment Text' are matched.

2024-07-12 15:39:15 - [TEST_STEP][PASSED] - click(findTestObject("1. CURA Test Object (Click, Set, Dropdown)/Menu")): Object: 'Object Repository/1. CURA Test Object (Click, Set, Dropdown)/Menu' is clicked on

2024-07-12 15:39:15 - [MESSAGE][PASSED] - Object: 'Object Repository/1. CURA Test Object (Click, Set, Dropdown)/Menu' is clicked on

2024-07-12 15:39:15 - [TEST_STEP][PASSED] - click(findTestObject("1. CURA Test Object (Click, Set, Dropdown)/Logout")): Object: 'Object Repository/1. CURA Test Object (Click, Set, Dropdown)/Logout' is clicked on

2024-07-12 15:39:17 - [MESSAGE][PASSED] - Object: 'Object Repository/1. CURA Test Object (Click, Set, Dropdown)/Logout' is clicked on

2024-07-12 15:39:17 - [TEST_STEP][PASSED] - closeBrowser(): Browser is closed

2024-07-12 15:39:18 - [MESSAGE][PASSED] - Browser is closed]]></system-out>
         <system-err><![CDATA[]]></system-err>
      </testcase>
      <system-out><![CDATA[2024-07-12 15:38:54 - [TEST_SUITE][PASSED] - TS05 - History check: Test Cases/CURA Web Test/Properties/TCP03 - Logout]]></system-out>
      <system-err><![CDATA[]]></system-err>
   </testsuite>
</testsuites>
