<?xml version="1.0" encoding="UTF-8"?>
<testsuites name="TSC03 - Verfy button function" time="77.954" tests="6" failures="0" errors="0">
   <testsuite name="TS01 - Verify CURA page" tests="2" failures="0" errors="0" time="35.708" skipped="0" timestamp="10-07-2024T13:58:01" hostname="Lenovo - LAPTOP-7QB5JFLU" id="Test Suites/CURA Test suites/TS01 - Verify CURA page">
      <properties>
         <property name="deviceName" value=""/>
         <property name="devicePlatform"/>
         <property name="logFolder" value="C:\\Users\\Lenovo\\git\\KatalonPractitionerLevel\\Reports\\20240710_135749\\CURA Test suites\\TS01 - Verify CURA page\\20240710_135750"/>
         <property name="logFiles" value="C:\\Users\\Lenovo\\git\\KatalonPractitionerLevel\\Reports\\20240710_135749\\CURA Test suites\\TS01 - Verify CURA page\\20240710_135750\\execution0.log"/>
         <property name="attachments" value="keyes\keyes-CURA Homepage.png"/>
         <property name="hostName" value="Lenovo - LAPTOP-7QB5JFLU"/>
         <property name="os" value="Windows 11 64bit"/>
         <property name="katalonVersion" value="9.6.0.217"/>
         <property name="browser" value="Chrome 126.0.0.0"/>
         <property name="hostAddress" value="192.168.1.12"/>
         <property name="sessionId" value="61ae56b85811f9222f2287627aa5fcb8"/>
         <property name="seleniumVersion" value="3.141.59"/>
         <property name="proxyInformation" value="ProxyInformation { proxyOption=NO_PROXY, proxyServerType=HTTP, username=, password=********, proxyServerAddress=, proxyServerPort=0, executionList=&quot;&quot;, isApplyToDesiredCapabilities=true }"/>
         <property name="platform" value="Windows 11"/>
      </properties>
      <testcase name="Test Cases/CURA Web Test/TC01 - Verify homepage of CURA" time="13.061" classname="Test Cases/CURA Web Test/TC01 - Verify homepage of CURA" status="PASSED">
         <system-out><![CDATA[10-07-2024T13:58:01 - [TEST_CASE][PASSED] - Test Cases/CURA Web Test/TC01 - Verify homepage of CURA: Test Cases/CURA Web Test/TC01 - Verify homepage of CURA

10-07-2024T13:58:01 - [TEST_STEP][PASSED] - openBrowser(""): Browser is opened with url: ''

10-07-2024T13:58:02 - [MESSAGE][INFO] - Starting 'Chrome' driver

10-07-2024T13:58:02 - [MESSAGE][INFO] - Action delay is set to 0 milliseconds

10-07-2024T13:58:04 - [MESSAGE][PASSED] - Browser is opened with url: ''

10-07-2024T13:58:04 - [TEST_STEP][PASSED] - navigateToUrl("https://katalon-demo-cura.herokuapp.com/"): Navigate to 'https://katalon-demo-cura.herokuapp.com/' successfully

10-07-2024T13:58:09 - [MESSAGE][PASSED] - Navigate to 'https://katalon-demo-cura.herokuapp.com/' successfully

10-07-2024T13:58:09 - [TEST_STEP][PASSED] - takeScreenshotAsCheckpoint("CURA Homepage"): Taking screenshot successfully

10-07-2024T13:58:10 - [MESSAGE][INFO] - 0 hidden object(s)

10-07-2024T13:58:10 - [MESSAGE][PASSED] - Taking screenshot successfully
[[ATTACHMENT|keyes\keyes-CURA Homepage.png]]

10-07-2024T13:58:10 - [TEST_STEP][PASSED] - verifyElementText(findTestObject("Object Repository/9. Homepage of CURA/Page_CURA Healthcare Service/h1_CURA Healthcare Service"), "CURA Healthcare Service"): Actual text and expected text of test object 'Object Repository/9. Homepage of CURA/Page_CURA Healthcare Service/h1_CURA Healthcare Service' are matched.

10-07-2024T13:58:10 - [MESSAGE][PASSED] - Actual text and expected text of test object 'Object Repository/9. Homepage of CURA/Page_CURA Healthcare Service/h1_CURA Healthcare Service' are matched.

10-07-2024T13:58:10 - [TEST_STEP][PASSED] - verifyElementText(findTestObject("Object Repository/9. Homepage of CURA/Page_CURA Healthcare Service/h3_We Care About Your Health"), "We Care About Your Health"): Actual text and expected text of test object 'Object Repository/9. Homepage of CURA/Page_CURA Healthcare Service/h3_We Care About Your Health' are matched.

10-07-2024T13:58:11 - [MESSAGE][PASSED] - Actual text and expected text of test object 'Object Repository/9. Homepage of CURA/Page_CURA Healthcare Service/h3_We Care About Your Health' are matched.

10-07-2024T13:58:11 - [TEST_STEP][PASSED] - verifyElementText(findTestObject("Object Repository/9. Homepage of CURA/Page_CURA Healthcare Service/strong_CURA Healthcare Service"), "CURA Healthcare Service"): Actual text and expected text of test object 'Object Repository/9. Homepage of CURA/Page_CURA Healthcare Service/strong_CURA Healthcare Service' are matched.

10-07-2024T13:58:11 - [MESSAGE][PASSED] - Actual text and expected text of test object 'Object Repository/9. Homepage of CURA/Page_CURA Healthcare Service/strong_CURA Healthcare Service' are matched.

10-07-2024T13:58:11 - [TEST_STEP][PASSED] - ExpectedValue = "Atlanta 550 Pharr Road NE Suite 525
Atlanta, GA 30305": null

10-07-2024T13:58:11 - [TEST_STEP][PASSED] - verifyElementText(findTestObject("Object Repository/9. Homepage of CURA/Page_CURA Healthcare Service/p_Atlanta 550 Pharr Road NE Suite 525Atlant_8f4c85"), ExpectedValue): Actual text and expected text of test object 'Object Repository/9. Homepage of CURA/Page_CURA Healthcare Service/p_Atlanta 550 Pharr Road NE Suite 525Atlant_8f4c85' are matched.

10-07-2024T13:58:11 - [MESSAGE][PASSED] - Actual text and expected text of test object 'Object Repository/9. Homepage of CURA/Page_CURA Healthcare Service/p_Atlanta 550 Pharr Road NE Suite 525Atlant_8f4c85' are matched.

10-07-2024T13:58:11 - [TEST_STEP][PASSED] - verifyElementText(findTestObject("Object Repository/9. Homepage of CURA/Page_CURA Healthcare Service/li_(678) 813-1KMS"), "(678) 813-1KMS"): Actual text and expected text of test object 'Object Repository/9. Homepage of CURA/Page_CURA Healthcare Service/li_(678) 813-1KMS' are matched.

10-07-2024T13:58:12 - [MESSAGE][PASSED] - Actual text and expected text of test object 'Object Repository/9. Homepage of CURA/Page_CURA Healthcare Service/li_(678) 813-1KMS' are matched.

10-07-2024T13:58:12 - [TEST_STEP][PASSED] - verifyElementText(findTestObject("Object Repository/9. Homepage of CURA/Page_CURA Healthcare Service/li_infokatalon.com"), "info@katalon.com"): Actual text and expected text of test object 'Object Repository/9. Homepage of CURA/Page_CURA Healthcare Service/li_infokatalon.com' are matched.

10-07-2024T13:58:12 - [MESSAGE][PASSED] - Actual text and expected text of test object 'Object Repository/9. Homepage of CURA/Page_CURA Healthcare Service/li_infokatalon.com' are matched.

10-07-2024T13:58:12 - [TEST_STEP][PASSED] - verifyElementClickable(findTestObject("Object Repository/9. Homepage of CURA/Page_CURA Healthcare Service/i_infokatalon.com_fa fa-facebook fa-fw fa-3x")): Object 'Object Repository/9. Homepage of CURA/Page_CURA Healthcare Service/i_infokatalon.com_fa fa-facebook fa-fw fa-3x' is clickable

10-07-2024T13:58:13 - [MESSAGE][PASSED] - Object 'Object Repository/9. Homepage of CURA/Page_CURA Healthcare Service/i_infokatalon.com_fa fa-facebook fa-fw fa-3x' is clickable

10-07-2024T13:58:13 - [TEST_STEP][PASSED] - verifyElementClickable(findTestObject("Object Repository/9. Homepage of CURA/Page_CURA Healthcare Service/i_infokatalon.com_fa fa-twitter fa-fw fa-3x")): Object 'Object Repository/9. Homepage of CURA/Page_CURA Healthcare Service/i_infokatalon.com_fa fa-twitter fa-fw fa-3x' is clickable

10-07-2024T13:58:13 - [MESSAGE][PASSED] - Object 'Object Repository/9. Homepage of CURA/Page_CURA Healthcare Service/i_infokatalon.com_fa fa-twitter fa-fw fa-3x' is clickable

10-07-2024T13:58:13 - [TEST_STEP][PASSED] - verifyElementClickable(findTestObject("Object Repository/9. Homepage of CURA/Page_CURA Healthcare Service/i_infokatalon.com_fa fa-dribbble fa-fw fa-3x")): Object 'Object Repository/9. Homepage of CURA/Page_CURA Healthcare Service/i_infokatalon.com_fa fa-dribbble fa-fw fa-3x' is clickable

10-07-2024T13:58:13 - [MESSAGE][PASSED] - Object 'Object Repository/9. Homepage of CURA/Page_CURA Healthcare Service/i_infokatalon.com_fa fa-dribbble fa-fw fa-3x' is clickable

10-07-2024T13:58:13 - [TEST_STEP][PASSED] - verifyElementText(findTestObject("Object Repository/9. Homepage of CURA/Page_CURA Healthcare Service/p_Copyright  CURA Healthcare Service 2024"), "Copyright Â© CURA Healthcare Service 2024"): Actual text and expected text of test object 'Object Repository/9. Homepage of CURA/Page_CURA Healthcare Service/p_Copyright  CURA Healthcare Service 2024' are matched.

10-07-2024T13:58:14 - [MESSAGE][PASSED] - Actual text and expected text of test object 'Object Repository/9. Homepage of CURA/Page_CURA Healthcare Service/p_Copyright  CURA Healthcare Service 2024' are matched.

10-07-2024T13:58:14 - [TEST_STEP][PASSED] - verifyElementClickable(findTestObject("Object Repository/9. Homepage of CURA/Page_CURA Healthcare Service/a_Make Appointment")): Object 'Object Repository/9. Homepage of CURA/Page_CURA Healthcare Service/a_Make Appointment' is clickable

10-07-2024T13:58:14 - [MESSAGE][PASSED] - Object 'Object Repository/9. Homepage of CURA/Page_CURA Healthcare Service/a_Make Appointment' is clickable]]></system-out>
         <system-err><![CDATA[]]></system-err>
      </testcase>
      <testcase name="Test Cases/CURA Web Test/TC09 - CURA menu check" time="22.447" classname="Test Cases/CURA Web Test/TC09 - CURA menu check" status="PASSED">
         <system-out><![CDATA[10-07-2024T13:58:14 - [TEST_CASE][PASSED] - Test Cases/CURA Web Test/TC09 - CURA menu check: Test Cases/CURA Web Test/TC09 - CURA menu check

10-07-2024T13:58:14 - [TEST_STEP][PASSED] - openBrowser(""): Browser is opened with url: ''

10-07-2024T13:58:14 - [MESSAGE][WARNING] - A browser is already opened. Closing browser and opening a new one

10-07-2024T13:58:14 - [MESSAGE][INFO] - Starting 'Chrome' driver

10-07-2024T13:58:14 - [MESSAGE][INFO] - Action delay is set to 0 milliseconds

10-07-2024T13:58:15 - [MESSAGE][PASSED] - Browser is opened with url: ''

10-07-2024T13:58:15 - [TEST_STEP][PASSED] - navigateToUrl("https://katalon-demo-cura.herokuapp.com/"): Navigate to 'https://katalon-demo-cura.herokuapp.com/' successfully

10-07-2024T13:58:23 - [MESSAGE][PASSED] - Navigate to 'https://katalon-demo-cura.herokuapp.com/' successfully

10-07-2024T13:58:23 - [TEST_STEP][PASSED] - verifyElementClickable(findTestObject("6. CURA menu/Page_CURA Healthcare Service/a_CURA Healthcare_menu-toggle")): Object 'Object Repository/6. CURA menu/Page_CURA Healthcare Service/a_CURA Healthcare_menu-toggle' is clickable

10-07-2024T13:58:24 - [MESSAGE][PASSED] - Object 'Object Repository/6. CURA menu/Page_CURA Healthcare Service/a_CURA Healthcare_menu-toggle' is clickable

10-07-2024T13:58:24 - [TEST_STEP][PASSED] - click(findTestObject("Object Repository/6. CURA menu/Page_CURA Healthcare Service/a_CURA Healthcare_menu-toggle")): Object: 'Object Repository/6. CURA menu/Page_CURA Healthcare Service/a_CURA Healthcare_menu-toggle' is clicked on

10-07-2024T13:58:24 - [MESSAGE][PASSED] - Object: 'Object Repository/6. CURA menu/Page_CURA Healthcare Service/a_CURA Healthcare_menu-toggle' is clicked on

10-07-2024T13:58:24 - [TEST_STEP][PASSED] - click(findTestObject("Object Repository/6. CURA menu/Page_CURA Healthcare Service/a_Home")): Object: 'Object Repository/6. CURA menu/Page_CURA Healthcare Service/a_Home' is clicked on

10-07-2024T13:58:25 - [MESSAGE][PASSED] - Object: 'Object Repository/6. CURA menu/Page_CURA Healthcare Service/a_Home' is clicked on

10-07-2024T13:58:25 - [TEST_STEP][PASSED] - verifyElementText(findTestObject("Object Repository/6. CURA menu/Page_CURA Healthcare Service/h1_CURA Healthcare Service"), "CURA Healthcare Service"): Actual text and expected text of test object 'Object Repository/6. CURA menu/Page_CURA Healthcare Service/h1_CURA Healthcare Service' are matched.

10-07-2024T13:58:25 - [MESSAGE][PASSED] - Actual text and expected text of test object 'Object Repository/6. CURA menu/Page_CURA Healthcare Service/h1_CURA Healthcare Service' are matched.

10-07-2024T13:58:25 - [TEST_STEP][PASSED] - verifyElementClickable(findTestObject("6. CURA menu/Page_CURA Healthcare Service/i_CURA Healthcare_fa fa-bars")): Object 'Object Repository/6. CURA menu/Page_CURA Healthcare Service/i_CURA Healthcare_fa fa-bars' is clickable

10-07-2024T13:58:26 - [MESSAGE][PASSED] - Object 'Object Repository/6. CURA menu/Page_CURA Healthcare Service/i_CURA Healthcare_fa fa-bars' is clickable

10-07-2024T13:58:26 - [TEST_STEP][PASSED] - click(findTestObject("Object Repository/6. CURA menu/Page_CURA Healthcare Service/i_CURA Healthcare_fa fa-bars")): Object: 'Object Repository/6. CURA menu/Page_CURA Healthcare Service/i_CURA Healthcare_fa fa-bars' is clicked on

10-07-2024T13:58:26 - [MESSAGE][PASSED] - Object: 'Object Repository/6. CURA menu/Page_CURA Healthcare Service/i_CURA Healthcare_fa fa-bars' is clicked on

10-07-2024T13:58:26 - [TEST_STEP][PASSED] - click(findTestObject("Object Repository/6. CURA menu/Page_CURA Healthcare Service/a_Login")): Object: 'Object Repository/6. CURA menu/Page_CURA Healthcare Service/a_Login' is clicked on

10-07-2024T13:58:27 - [MESSAGE][PASSED] - Object: 'Object Repository/6. CURA menu/Page_CURA Healthcare Service/a_Login' is clicked on

10-07-2024T13:58:27 - [TEST_STEP][PASSED] - verifyElementText(findTestObject("Object Repository/6. CURA menu/Page_CURA Healthcare Service/h2_Login"), "Login"): Actual text and expected text of test object 'Object Repository/6. CURA menu/Page_CURA Healthcare Service/h2_Login' are matched.

10-07-2024T13:58:27 - [MESSAGE][PASSED] - Actual text and expected text of test object 'Object Repository/6. CURA menu/Page_CURA Healthcare Service/h2_Login' are matched.

10-07-2024T13:58:27 - [TEST_STEP][PASSED] - setText(findTestObject("Object Repository/6. CURA menu/Page_CURA Healthcare Service/input_Username_username"), "John Doe"): Text 'John Doe' is set on object 'Object Repository/6. CURA menu/Page_CURA Healthcare Service/input_Username_username'

10-07-2024T13:58:28 - [MESSAGE][PASSED] - Text 'John Doe' is set on object 'Object Repository/6. CURA menu/Page_CURA Healthcare Service/input_Username_username'

10-07-2024T13:58:28 - [TEST_STEP][PASSED] - setEncryptedText(findTestObject("Object Repository/6. CURA menu/Page_CURA Healthcare Service/input_Password_password"), "g3/DOGG74jC3Flrr3yH+3D/yKbOqqUNM"): Text ****** has been set on object 'Object Repository/6. CURA menu/Page_CURA Healthcare Service/input_Password_password'

10-07-2024T13:58:28 - [MESSAGE][PASSED] - Text ****** has been set on object 'Object Repository/6. CURA menu/Page_CURA Healthcare Service/input_Password_password'

10-07-2024T13:58:28 - [TEST_STEP][PASSED] - click(findTestObject("Object Repository/6. CURA menu/Page_CURA Healthcare Service/button_Login")): Object: 'Object Repository/6. CURA menu/Page_CURA Healthcare Service/button_Login' is clicked on

10-07-2024T13:58:29 - [MESSAGE][PASSED] - Object: 'Object Repository/6. CURA menu/Page_CURA Healthcare Service/button_Login' is clicked on

10-07-2024T13:58:29 - [TEST_STEP][PASSED] - click(findTestObject("Object Repository/6. CURA menu/Page_CURA Healthcare Service/a_CURA Healthcare_menu-toggle")): Object: 'Object Repository/6. CURA menu/Page_CURA Healthcare Service/a_CURA Healthcare_menu-toggle' is clicked on

10-07-2024T13:58:30 - [MESSAGE][PASSED] - Object: 'Object Repository/6. CURA menu/Page_CURA Healthcare Service/a_CURA Healthcare_menu-toggle' is clicked on

10-07-2024T13:58:30 - [TEST_STEP][PASSED] - click(findTestObject("Object Repository/6. CURA menu/Page_CURA Healthcare Service/a_Home")): Object: 'Object Repository/6. CURA menu/Page_CURA Healthcare Service/a_Home' is clicked on

10-07-2024T13:58:31 - [MESSAGE][PASSED] - Object: 'Object Repository/6. CURA menu/Page_CURA Healthcare Service/a_Home' is clicked on

10-07-2024T13:58:31 - [TEST_STEP][PASSED] - verifyElementText(findTestObject("Object Repository/6. CURA menu/Page_CURA Healthcare Service/h1_CURA Healthcare Service"), "CURA Healthcare Service"): Actual text and expected text of test object 'Object Repository/6. CURA menu/Page_CURA Healthcare Service/h1_CURA Healthcare Service' are matched.

10-07-2024T13:58:31 - [MESSAGE][PASSED] - Actual text and expected text of test object 'Object Repository/6. CURA menu/Page_CURA Healthcare Service/h1_CURA Healthcare Service' are matched.

10-07-2024T13:58:31 - [TEST_STEP][PASSED] - click(findTestObject("Object Repository/6. CURA menu/Page_CURA Healthcare Service/a_CURA Healthcare_menu-toggle")): Object: 'Object Repository/6. CURA menu/Page_CURA Healthcare Service/a_CURA Healthcare_menu-toggle' is clicked on

10-07-2024T13:58:31 - [MESSAGE][PASSED] - Object: 'Object Repository/6. CURA menu/Page_CURA Healthcare Service/a_CURA Healthcare_menu-toggle' is clicked on

10-07-2024T13:58:31 - [TEST_STEP][PASSED] - click(findTestObject("Object Repository/6. CURA menu/Page_CURA Healthcare Service/a_History")): Object: 'Object Repository/6. CURA menu/Page_CURA Healthcare Service/a_History' is clicked on

10-07-2024T13:58:32 - [MESSAGE][PASSED] - Object: 'Object Repository/6. CURA menu/Page_CURA Healthcare Service/a_History' is clicked on

10-07-2024T13:58:32 - [TEST_STEP][PASSED] - verifyElementText(findTestObject("Object Repository/6. CURA menu/Page_CURA Healthcare Service/h2_History"), "History"): Actual text and expected text of test object 'Object Repository/6. CURA menu/Page_CURA Healthcare Service/h2_History' are matched.

10-07-2024T13:58:32 - [MESSAGE][PASSED] - Actual text and expected text of test object 'Object Repository/6. CURA menu/Page_CURA Healthcare Service/h2_History' are matched.

10-07-2024T13:58:32 - [TEST_STEP][PASSED] - click(findTestObject("Object Repository/6. CURA menu/Page_CURA Healthcare Service/a_CURA Healthcare_menu-toggle")): Object: 'Object Repository/6. CURA menu/Page_CURA Healthcare Service/a_CURA Healthcare_menu-toggle' is clicked on

10-07-2024T13:58:33 - [MESSAGE][PASSED] - Object: 'Object Repository/6. CURA menu/Page_CURA Healthcare Service/a_CURA Healthcare_menu-toggle' is clicked on

10-07-2024T13:58:33 - [TEST_STEP][PASSED] - click(findTestObject("Object Repository/6. CURA menu/Page_CURA Healthcare Service/a_Profile")): Object: 'Object Repository/6. CURA menu/Page_CURA Healthcare Service/a_Profile' is clicked on

10-07-2024T13:58:34 - [MESSAGE][PASSED] - Object: 'Object Repository/6. CURA menu/Page_CURA Healthcare Service/a_Profile' is clicked on

10-07-2024T13:58:34 - [TEST_STEP][PASSED] - verifyElementText(findTestObject("Object Repository/6. CURA menu/Page_CURA Healthcare Service/h2_Profile"), "Profile"): Actual text and expected text of test object 'Object Repository/6. CURA menu/Page_CURA Healthcare Service/h2_Profile' are matched.

10-07-2024T13:58:34 - [MESSAGE][PASSED] - Actual text and expected text of test object 'Object Repository/6. CURA menu/Page_CURA Healthcare Service/h2_Profile' are matched.

10-07-2024T13:58:34 - [TEST_STEP][PASSED] - click(findTestObject("Object Repository/6. CURA menu/Page_CURA Healthcare Service/i_CURA Healthcare_fa fa-bars")): Object: 'Object Repository/6. CURA menu/Page_CURA Healthcare Service/i_CURA Healthcare_fa fa-bars' is clicked on

10-07-2024T13:58:35 - [MESSAGE][PASSED] - Object: 'Object Repository/6. CURA menu/Page_CURA Healthcare Service/i_CURA Healthcare_fa fa-bars' is clicked on

10-07-2024T13:58:35 - [TEST_STEP][PASSED] - click(findTestObject("Object Repository/6. CURA menu/Page_CURA Healthcare Service/a_Logout")): Object: 'Object Repository/6. CURA menu/Page_CURA Healthcare Service/a_Logout' is clicked on

10-07-2024T13:58:36 - [MESSAGE][PASSED] - Object: 'Object Repository/6. CURA menu/Page_CURA Healthcare Service/a_Logout' is clicked on

10-07-2024T13:58:36 - [TEST_STEP][PASSED] - verifyElementText(findTestObject("Object Repository/6. CURA menu/Page_CURA Healthcare Service/h1_CURA Healthcare Service"), "CURA Healthcare Service"): Actual text and expected text of test object 'Object Repository/6. CURA menu/Page_CURA Healthcare Service/h1_CURA Healthcare Service' are matched.

10-07-2024T13:58:36 - [MESSAGE][PASSED] - Actual text and expected text of test object 'Object Repository/6. CURA menu/Page_CURA Healthcare Service/h1_CURA Healthcare Service' are matched.

10-07-2024T13:58:36 - [TEST_STEP][PASSED] - closeBrowser(): Browser is closed

10-07-2024T13:58:36 - [MESSAGE][PASSED] - Browser is closed]]></system-out>
         <system-err><![CDATA[]]></system-err>
      </testcase>
      <system-out><![CDATA[10-07-2024T13:58:01 - [TEST_SUITE][PASSED] - TS01 - Verify CURA page: Test Cases/CURA Web Test/TC09 - CURA menu check]]></system-out>
      <system-err><![CDATA[]]></system-err>
   </testsuite>
   <testsuite name="TS07 - Home button variation" tests="4" failures="0" errors="0" time="18.929" skipped="0" timestamp="10-07-2024T13:58:49" hostname="Lenovo - LAPTOP-7QB5JFLU" id="Test Suites/CURA Test suites/TS07 - Home button variation">
      <properties>
         <property name="deviceName" value=""/>
         <property name="devicePlatform"/>
         <property name="logFolder" value="C:\\Users\\Lenovo\\git\\KatalonPractitionerLevel\\Reports\\20240710_135749\\CURA Test suites\\TS07 - Home button variation\\20240710_135752"/>
         <property name="logFiles" value="C:\\Users\\Lenovo\\git\\KatalonPractitionerLevel\\Reports\\20240710_135749\\CURA Test suites\\TS07 - Home button variation\\20240710_135752\\execution0.log"/>
         <property name="attachments" value=""/>
         <property name="hostName" value="Lenovo - LAPTOP-7QB5JFLU"/>
         <property name="os" value="Windows 11 64bit"/>
         <property name="katalonVersion" value="9.6.0.217"/>
         <property name="browser" value="Edge Chromium 126"/>
         <property name="hostAddress" value="192.168.1.12"/>
         <property name="sessionId" value="83fef65652c88bec8f25ebe4f1fe2dd1"/>
         <property name="seleniumVersion" value="3.141.59"/>
         <property name="proxyInformation" value="ProxyInformation { proxyOption=NO_PROXY, proxyServerType=HTTP, username=, password=********, proxyServerAddress=, proxyServerPort=0, executionList=&quot;&quot;, isApplyToDesiredCapabilities=true }"/>
         <property name="platform" value="Windows 11"/>
      </properties>
      <testcase name="Test Cases/CURA Web Test/Properties/TCP01 - Open browser" time="3.762" classname="Test Cases/CURA Web Test/Properties/TCP01 - Open browser" status="PASSED">
         <system-out><![CDATA[10-07-2024T13:58:50 - [TEST_CASE][PASSED] - Test Cases/CURA Web Test/Properties/TCP01 - Open browser: Test Cases/CURA Web Test/Properties/TCP01 - Open browser

10-07-2024T13:58:50 - [TEST_STEP][PASSED] - openBrowser(""): Browser is opened with url: ''

10-07-2024T13:58:50 - [MESSAGE][INFO] - Starting 'Edge Chromium' driver

10-07-2024T13:58:51 - [MESSAGE][INFO] - Action delay is set to 0 milliseconds

10-07-2024T13:58:52 - [MESSAGE][PASSED] - Browser is opened with url: ''

10-07-2024T13:58:52 - [TEST_STEP][PASSED] - navigateToUrl(URL): Navigate to 'https://katalon-demo-cura.herokuapp.com/' successfully

10-07-2024T13:58:53 - [MESSAGE][PASSED] - Navigate to 'https://katalon-demo-cura.herokuapp.com/' successfully]]></system-out>
         <system-err><![CDATA[]]></system-err>
      </testcase>
      <testcase name="Test Cases/CURA Web Test/Properties/TCP02 - Login" time="8.284" classname="Test Cases/CURA Web Test/Properties/TCP02 - Login" status="PASSED">
         <system-out><![CDATA[10-07-2024T13:58:54 - [TEST_CASE][PASSED] - Test Cases/CURA Web Test/Properties/TCP02 - Login: Test Cases/CURA Web Test/Properties/TCP02 - Login

10-07-2024T13:58:54 - [TEST_STEP][PASSED] - click(findTestObject("1. CURA Test Object (Click, Set, Dropdown)/Make Appointment")): Object: 'Object Repository/1. CURA Test Object (Click, Set, Dropdown)/Make Appointment' is clicked on

10-07-2024T13:58:59 - [MESSAGE][PASSED] - Object: 'Object Repository/1. CURA Test Object (Click, Set, Dropdown)/Make Appointment' is clicked on

10-07-2024T13:58:59 - [TEST_STEP][PASSED] - verifyElementText(findTestObject("2. CURA Test Object (Verify parameter)/Login Text"), "Login"): Actual text and expected text of test object 'Object Repository/2. CURA Test Object (Verify parameter)/Login Text' are matched.

10-07-2024T13:58:59 - [MESSAGE][PASSED] - Actual text and expected text of test object 'Object Repository/2. CURA Test Object (Verify parameter)/Login Text' are matched.

10-07-2024T13:58:59 - [TEST_STEP][PASSED] - setText(findTestObject("1. CURA Test Object (Click, Set, Dropdown)/Username"), Username): Text 'John Doe' is set on object 'Object Repository/1. CURA Test Object (Click, Set, Dropdown)/Username'

10-07-2024T13:59:00 - [MESSAGE][PASSED] - Text 'John Doe' is set on object 'Object Repository/1. CURA Test Object (Click, Set, Dropdown)/Username'

10-07-2024T13:59:00 - [TEST_STEP][PASSED] - setText(findTestObject("1. CURA Test Object (Click, Set, Dropdown)/Password"), Password): Text 'ThisIsNotAPassword' is set on object 'Object Repository/1. CURA Test Object (Click, Set, Dropdown)/Password'

10-07-2024T13:59:01 - [MESSAGE][PASSED] - Text 'ThisIsNotAPassword' is set on object 'Object Repository/1. CURA Test Object (Click, Set, Dropdown)/Password'

10-07-2024T13:59:01 - [TEST_STEP][PASSED] - click(findTestObject("1. CURA Test Object (Click, Set, Dropdown)/Login Button")): Object: 'Object Repository/1. CURA Test Object (Click, Set, Dropdown)/Login Button' is clicked on

10-07-2024T13:59:02 - [MESSAGE][PASSED] - Object: 'Object Repository/1. CURA Test Object (Click, Set, Dropdown)/Login Button' is clicked on]]></system-out>
         <system-err><![CDATA[]]></system-err>
      </testcase>
      <testcase name="Test Cases/CURA Web Test/TC14 - Home button" time="4.127" classname="Test Cases/CURA Web Test/TC14 - Home button" status="PASSED">
         <system-out><![CDATA[10-07-2024T13:59:02 - [TEST_CASE][PASSED] - Test Cases/CURA Web Test/TC14 - Home button: Test Cases/CURA Web Test/TC14 - Home button

10-07-2024T13:59:02 - [TEST_STEP][PASSED] - verifyElementPresent(findTestObject("9. Homepage of CURA/Page_CURA Healthcare Service/h1_CURA Healthcare Service"), 0): Object 'Object Repository/9. Homepage of CURA/Page_CURA Healthcare Service/h1_CURA Healthcare Service' is present

10-07-2024T13:59:02 - [MESSAGE][WARNING] - Timeout '0' is invalid. Using default page load timeout: '30'

10-07-2024T13:59:02 - [MESSAGE][PASSED] - Object 'Object Repository/9. Homepage of CURA/Page_CURA Healthcare Service/h1_CURA Healthcare Service' is present

10-07-2024T13:59:02 - [TEST_STEP][PASSED] - click(findTestObject("6. CURA menu/Page_CURA Healthcare Service/i_CURA Healthcare_fa fa-bars")): Object: 'Object Repository/6. CURA menu/Page_CURA Healthcare Service/i_CURA Healthcare_fa fa-bars' is clicked on

10-07-2024T13:59:03 - [MESSAGE][PASSED] - Object: 'Object Repository/6. CURA menu/Page_CURA Healthcare Service/i_CURA Healthcare_fa fa-bars' is clicked on

10-07-2024T13:59:03 - [TEST_STEP][PASSED] - click(findTestObject("11. Login menu check/Page_CURA Healthcare Service/a_Home")): Object: 'Object Repository/11. Login menu check/Page_CURA Healthcare Service/a_Home' is clicked on

10-07-2024T13:59:04 - [MESSAGE][PASSED] - Object: 'Object Repository/11. Login menu check/Page_CURA Healthcare Service/a_Home' is clicked on

10-07-2024T13:59:04 - [TEST_STEP][PASSED] - verifyElementPresent(findTestObject("11. Login menu check/Page_CURA Healthcare Service/h1_CURA Healthcare Service"), 0): Object 'Object Repository/11. Login menu check/Page_CURA Healthcare Service/h1_CURA Healthcare Service' is present

10-07-2024T13:59:04 - [MESSAGE][WARNING] - Timeout '0' is invalid. Using default page load timeout: '30'

10-07-2024T13:59:04 - [MESSAGE][PASSED] - Object 'Object Repository/11. Login menu check/Page_CURA Healthcare Service/h1_CURA Healthcare Service' is present

10-07-2024T13:59:04 - [TEST_STEP][PASSED] - click(findTestObject("11. Login menu check/Page_CURA Healthcare Service/i_CURA Healthcare_fa fa-bars")): Object: 'Object Repository/11. Login menu check/Page_CURA Healthcare Service/i_CURA Healthcare_fa fa-bars' is clicked on

10-07-2024T13:59:04 - [MESSAGE][PASSED] - Object: 'Object Repository/11. Login menu check/Page_CURA Healthcare Service/i_CURA Healthcare_fa fa-bars' is clicked on

10-07-2024T13:59:04 - [TEST_STEP][PASSED] - click(findTestObject("8. History check/Page_CURA Healthcare Service/a_History")): Object: 'Object Repository/8. History check/Page_CURA Healthcare Service/a_History' is clicked on

10-07-2024T13:59:05 - [MESSAGE][PASSED] - Object: 'Object Repository/8. History check/Page_CURA Healthcare Service/a_History' is clicked on

10-07-2024T13:59:05 - [TEST_STEP][PASSED] - click(findTestObject("8. History check/Page_CURA Healthcare Service/a_Go to Homepage")): Object: 'Object Repository/8. History check/Page_CURA Healthcare Service/a_Go to Homepage' is clicked on

10-07-2024T13:59:06 - [MESSAGE][PASSED] - Object: 'Object Repository/8. History check/Page_CURA Healthcare Service/a_Go to Homepage' is clicked on]]></system-out>
         <system-err><![CDATA[]]></system-err>
      </testcase>
      <testcase name="Test Cases/CURA Web Test/Properties/TCP03 - Logout" time="2.467" classname="Test Cases/CURA Web Test/Properties/TCP03 - Logout" status="PASSED">
         <system-out><![CDATA[10-07-2024T13:59:06 - [TEST_CASE][PASSED] - Test Cases/CURA Web Test/Properties/TCP03 - Logout: Test Cases/CURA Web Test/Properties/TCP03 - Logout

10-07-2024T13:59:06 - [TEST_STEP][PASSED] - verifyElementText(findTestObject("2. CURA Test Object (Verify parameter)/Make Appointment Text"), "Make Appointment"): Actual text and expected text of test object 'Object Repository/2. CURA Test Object (Verify parameter)/Make Appointment Text' are matched.

10-07-2024T13:59:06 - [MESSAGE][PASSED] - Actual text and expected text of test object 'Object Repository/2. CURA Test Object (Verify parameter)/Make Appointment Text' are matched.

10-07-2024T13:59:06 - [TEST_STEP][PASSED] - click(findTestObject("1. CURA Test Object (Click, Set, Dropdown)/Menu")): Object: 'Object Repository/1. CURA Test Object (Click, Set, Dropdown)/Menu' is clicked on

10-07-2024T13:59:07 - [MESSAGE][PASSED] - Object: 'Object Repository/1. CURA Test Object (Click, Set, Dropdown)/Menu' is clicked on

10-07-2024T13:59:07 - [TEST_STEP][PASSED] - click(findTestObject("1. CURA Test Object (Click, Set, Dropdown)/Logout")): Object: 'Object Repository/1. CURA Test Object (Click, Set, Dropdown)/Logout' is clicked on

10-07-2024T13:59:08 - [MESSAGE][PASSED] - Object: 'Object Repository/1. CURA Test Object (Click, Set, Dropdown)/Logout' is clicked on

10-07-2024T13:59:08 - [TEST_STEP][PASSED] - closeBrowser(): Browser is closed

10-07-2024T13:59:08 - [MESSAGE][PASSED] - Browser is closed]]></system-out>
         <system-err><![CDATA[]]></system-err>
      </testcase>
      <system-out><![CDATA[10-07-2024T13:58:49 - [TEST_SUITE][PASSED] - TS07 - Home button variation: Test Cases/CURA Web Test/Properties/TCP03 - Logout]]></system-out>
      <system-err><![CDATA[]]></system-err>
   </testsuite>
</testsuites>
