<?xml version="1.0" encoding="UTF-8"?>
<testsuites name="TSC04 - Regression Test" time="977.793" tests="62" failures="0" errors="0">
   <testsuite name="TS01 - Verify CURA page" tests="2" failures="0" errors="0" time="27.882" skipped="0" timestamp="17-07-2024T13:35:22" hostname="Lenovo - LAPTOP-7QB5JFLU" id="Test Suites/CURA Test suites/TS01 - Verify CURA page">
      <properties>
         <property name="deviceName" value=""/>
         <property name="devicePlatform"/>
         <property name="logFolder" value="C:\\Users\\Lenovo\\git\\KatalonPractitionerLevel\\Reports\\20240717_133439\\CURA Test suites\\TS01 - Verify CURA page\\20240717_133441"/>
         <property name="logFiles" value="C:\\Users\\Lenovo\\git\\KatalonPractitionerLevel\\Reports\\20240717_133439\\CURA Test suites\\TS01 - Verify CURA page\\20240717_133441\\execution0.log"/>
         <property name="attachments" value="keyes\keyes-CURA Homepage.png"/>
         <property name="hostName" value="Lenovo - LAPTOP-7QB5JFLU"/>
         <property name="os" value="Windows 11 64bit"/>
         <property name="katalonVersion" value="9.6.0.217"/>
         <property name="browser" value="Chrome 126.0.0.0"/>
         <property name="hostAddress" value="192.168.1.12"/>
         <property name="sessionId" value="4750cdef6b860ed6bc9c1c6ddb5e0bca"/>
         <property name="seleniumVersion" value="3.141.59"/>
         <property name="proxyInformation" value="ProxyInformation { proxyOption=NO_PROXY, proxyServerType=HTTP, username=, password=********, proxyServerAddress=, proxyServerPort=0, executionList=&quot;&quot;, isApplyToDesiredCapabilities=true }"/>
         <property name="platform" value="Windows 11"/>
      </properties>
      <testcase name="Test Cases/CURA Web Test/TC01 - Verify homepage of CURA" time="9.963" classname="Test Cases/CURA Web Test/TC01 - Verify homepage of CURA" status="PASSED">
         <system-out><![CDATA[17-07-2024T13:35:22 - [TEST_CASE][PASSED] - Test Cases/CURA Web Test/TC01 - Verify homepage of CURA: Test Cases/CURA Web Test/TC01 - Verify homepage of CURA

17-07-2024T13:35:22 - [TEST_STEP][PASSED] - openBrowser(""): Browser is opened with url: ''

17-07-2024T13:35:22 - [MESSAGE][INFO] - Starting 'Chrome' driver

17-07-2024T13:35:22 - [MESSAGE][INFO] - Action delay is set to 0 milliseconds

17-07-2024T13:35:24 - [MESSAGE][PASSED] - Browser is opened with url: ''

17-07-2024T13:35:24 - [TEST_STEP][PASSED] - navigateToUrl("https://katalon-demo-cura.herokuapp.com/"): Navigate to 'https://katalon-demo-cura.herokuapp.com/' successfully

17-07-2024T13:35:27 - [MESSAGE][PASSED] - Navigate to 'https://katalon-demo-cura.herokuapp.com/' successfully

17-07-2024T13:35:27 - [TEST_STEP][PASSED] - takeScreenshotAsCheckpoint("CURA Homepage"): Taking screenshot successfully

17-07-2024T13:35:28 - [MESSAGE][INFO] - 0 hidden object(s)

17-07-2024T13:35:28 - [MESSAGE][PASSED] - Taking screenshot successfully
[[ATTACHMENT|keyes\keyes-CURA Homepage.png]]

17-07-2024T13:35:28 - [TEST_STEP][PASSED] - verifyElementText(findTestObject("2. CURA Object Text/Healthcare Service"), "CURA Healthcare Service"): Actual text and expected text of test object 'Object Repository/2. CURA Object Text/Healthcare Service' are matched.

17-07-2024T13:35:28 - [MESSAGE][PASSED] - Actual text and expected text of test object 'Object Repository/2. CURA Object Text/Healthcare Service' are matched.

17-07-2024T13:35:28 - [TEST_STEP][PASSED] - verifyElementText(findTestObject("2. CURA Object Text/About Your Health"), "We Care About Your Health"): Actual text and expected text of test object 'Object Repository/2. CURA Object Text/About Your Health' are matched.

17-07-2024T13:35:29 - [MESSAGE][PASSED] - Actual text and expected text of test object 'Object Repository/2. CURA Object Text/About Your Health' are matched.

17-07-2024T13:35:29 - [TEST_STEP][PASSED] - verifyElementText(findTestObject("2. CURA Object Text/strong Healthcare"), "CURA Healthcare Service"): Actual text and expected text of test object 'Object Repository/2. CURA Object Text/strong Healthcare' are matched.

17-07-2024T13:35:29 - [MESSAGE][PASSED] - Actual text and expected text of test object 'Object Repository/2. CURA Object Text/strong Healthcare' are matched.

17-07-2024T13:35:29 - [TEST_STEP][PASSED] - ExpectedValue = "Atlanta 550 Pharr Road NE Suite 525
Atlanta, GA 30305": null

17-07-2024T13:35:29 - [TEST_STEP][PASSED] - verifyElementText(findTestObject("2. CURA Object Text/Office Address"), ExpectedValue): Actual text and expected text of test object 'Object Repository/2. CURA Object Text/Office Address' are matched.

17-07-2024T13:35:29 - [MESSAGE][PASSED] - Actual text and expected text of test object 'Object Repository/2. CURA Object Text/Office Address' are matched.

17-07-2024T13:35:29 - [TEST_STEP][PASSED] - verifyElementText(findTestObject("2. CURA Object Text/Phone"), "(678) 813-1KMS"): Actual text and expected text of test object 'Object Repository/2. CURA Object Text/Phone' are matched.

17-07-2024T13:35:30 - [MESSAGE][PASSED] - Actual text and expected text of test object 'Object Repository/2. CURA Object Text/Phone' are matched.

17-07-2024T13:35:30 - [TEST_STEP][PASSED] - verifyElementText(findTestObject("2. CURA Object Text/Email"), "info@katalon.com"): Actual text and expected text of test object 'Object Repository/2. CURA Object Text/Email' are matched.

17-07-2024T13:35:30 - [MESSAGE][PASSED] - Actual text and expected text of test object 'Object Repository/2. CURA Object Text/Email' are matched.

17-07-2024T13:35:30 - [TEST_STEP][PASSED] - verifyElementClickable(findTestObject("Object Repository/9. Homepage of CURA/Page_CURA/i_fa fa-facebook")): Object 'Object Repository/9. Homepage of CURA/Page_CURA/i_fa fa-facebook' is clickable

17-07-2024T13:35:30 - [MESSAGE][PASSED] - Object 'Object Repository/9. Homepage of CURA/Page_CURA/i_fa fa-facebook' is clickable

17-07-2024T13:35:30 - [TEST_STEP][PASSED] - verifyElementClickable(findTestObject("Object Repository/9. Homepage of CURA/Page_CURA/i_fa fa-twitter")): Object 'Object Repository/9. Homepage of CURA/Page_CURA/i_fa fa-twitter' is clickable

17-07-2024T13:35:31 - [MESSAGE][PASSED] - Object 'Object Repository/9. Homepage of CURA/Page_CURA/i_fa fa-twitter' is clickable

17-07-2024T13:35:31 - [TEST_STEP][PASSED] - verifyElementClickable(findTestObject("Object Repository/9. Homepage of CURA/Page_CURA/i_fa fa-dribbble")): Object 'Object Repository/9. Homepage of CURA/Page_CURA/i_fa fa-dribbble' is clickable

17-07-2024T13:35:31 - [MESSAGE][PASSED] - Object 'Object Repository/9. Homepage of CURA/Page_CURA/i_fa fa-dribbble' is clickable

17-07-2024T13:35:31 - [TEST_STEP][PASSED] - verifyElementText(findTestObject("2. CURA Object Text/Copyright"), "Copyright Â© CURA Healthcare Service 2024"): Actual text and expected text of test object 'Object Repository/2. CURA Object Text/Copyright' are matched.

17-07-2024T13:35:31 - [MESSAGE][PASSED] - Actual text and expected text of test object 'Object Repository/2. CURA Object Text/Copyright' are matched.

17-07-2024T13:35:31 - [TEST_STEP][PASSED] - verifyElementClickable(findTestObject("2. CURA Object Text/Make Appointment")): Object 'Object Repository/2. CURA Object Text/Make Appointment' is clickable

17-07-2024T13:35:32 - [MESSAGE][PASSED] - Object 'Object Repository/2. CURA Object Text/Make Appointment' is clickable]]></system-out>
         <system-err><![CDATA[]]></system-err>
      </testcase>
      <testcase name="Test Cases/CURA Web Test/TC09 - CURA menu check" time="17.763" classname="Test Cases/CURA Web Test/TC09 - CURA menu check" status="PASSED">
         <system-out><![CDATA[17-07-2024T13:35:32 - [TEST_CASE][PASSED] - Test Cases/CURA Web Test/TC09 - CURA menu check: Test Cases/CURA Web Test/TC09 - CURA menu check

17-07-2024T13:35:32 - [TEST_STEP][PASSED] - openBrowser(""): Browser is opened with url: ''

17-07-2024T13:35:32 - [MESSAGE][WARNING] - A browser is already opened. Closing browser and opening a new one

17-07-2024T13:35:32 - [MESSAGE][INFO] - Starting 'Chrome' driver

17-07-2024T13:35:32 - [MESSAGE][INFO] - Action delay is set to 0 milliseconds

17-07-2024T13:35:33 - [MESSAGE][PASSED] - Browser is opened with url: ''

17-07-2024T13:35:33 - [TEST_STEP][PASSED] - navigateToUrl("https://katalon-demo-cura.herokuapp.com/"): Navigate to 'https://katalon-demo-cura.herokuapp.com/' successfully

17-07-2024T13:35:36 - [MESSAGE][PASSED] - Navigate to 'https://katalon-demo-cura.herokuapp.com/' successfully

17-07-2024T13:35:36 - [TEST_STEP][PASSED] - verifyElementClickable(findTestObject("6. CURA menu/Page_CURA/a_CURA menu")): Object 'Object Repository/6. CURA menu/Page_CURA/a_CURA menu' is clickable

17-07-2024T13:35:36 - [MESSAGE][PASSED] - Object 'Object Repository/6. CURA menu/Page_CURA/a_CURA menu' is clickable

17-07-2024T13:35:36 - [TEST_STEP][PASSED] - click(findTestObject("Object Repository/6. CURA menu/Page_CURA/a_CURA menu")): Object: 'Object Repository/6. CURA menu/Page_CURA/a_CURA menu' is clicked on

17-07-2024T13:35:37 - [MESSAGE][PASSED] - Object: 'Object Repository/6. CURA menu/Page_CURA/a_CURA menu' is clicked on

17-07-2024T13:35:37 - [TEST_STEP][PASSED] - click(findTestObject("Object Repository/6. CURA menu/Page_CURA/a_Home")): Object: 'Object Repository/6. CURA menu/Page_CURA/a_Home' is clicked on

17-07-2024T13:35:37 - [MESSAGE][PASSED] - Object: 'Object Repository/6. CURA menu/Page_CURA/a_Home' is clicked on

17-07-2024T13:35:37 - [TEST_STEP][PASSED] - verifyElementText(findTestObject("Object Repository/6. CURA menu/Page_CURA/h1_CURA Service"), "CURA Healthcare Service"): Actual text and expected text of test object 'Object Repository/6. CURA menu/Page_CURA/h1_CURA Service' are matched.

17-07-2024T13:35:38 - [MESSAGE][PASSED] - Actual text and expected text of test object 'Object Repository/6. CURA menu/Page_CURA/h1_CURA Service' are matched.

17-07-2024T13:35:38 - [TEST_STEP][PASSED] - verifyElementClickable(findTestObject("6. CURA menu/Page_CURA/i_CURA_fa fa-bars")): Object 'Object Repository/6. CURA menu/Page_CURA/i_CURA_fa fa-bars' is clickable

17-07-2024T13:35:38 - [MESSAGE][PASSED] - Object 'Object Repository/6. CURA menu/Page_CURA/i_CURA_fa fa-bars' is clickable

17-07-2024T13:35:38 - [TEST_STEP][PASSED] - click(findTestObject("Object Repository/6. CURA menu/Page_CURA/i_CURA_fa fa-bars")): Object: 'Object Repository/6. CURA menu/Page_CURA/i_CURA_fa fa-bars' is clicked on

17-07-2024T13:35:38 - [MESSAGE][PASSED] - Object: 'Object Repository/6. CURA menu/Page_CURA/i_CURA_fa fa-bars' is clicked on

17-07-2024T13:35:38 - [TEST_STEP][PASSED] - click(findTestObject("Object Repository/6. CURA menu/Page_CURA/a_Login")): Object: 'Object Repository/6. CURA menu/Page_CURA/a_Login' is clicked on

17-07-2024T13:35:39 - [MESSAGE][PASSED] - Object: 'Object Repository/6. CURA menu/Page_CURA/a_Login' is clicked on

17-07-2024T13:35:39 - [TEST_STEP][PASSED] - verifyElementText(findTestObject("Object Repository/6. CURA menu/Page_CURA/h2_Login"), "Login"): Actual text and expected text of test object 'Object Repository/6. CURA menu/Page_CURA/h2_Login' are matched.

17-07-2024T13:35:39 - [MESSAGE][PASSED] - Actual text and expected text of test object 'Object Repository/6. CURA menu/Page_CURA/h2_Login' are matched.

17-07-2024T13:35:39 - [TEST_STEP][PASSED] - setText(findTestObject("Object Repository/6. CURA menu/Page_CURA/input_Username"), "John Doe"): Text 'John Doe' is set on object 'Object Repository/6. CURA menu/Page_CURA/input_Username'

17-07-2024T13:35:40 - [MESSAGE][PASSED] - Text 'John Doe' is set on object 'Object Repository/6. CURA menu/Page_CURA/input_Username'

17-07-2024T13:35:40 - [TEST_STEP][PASSED] - setText(findTestObject("Object Repository/6. CURA menu/Page_CURA/input_Password"), "ThisIsNotAPassword"): Text 'ThisIsNotAPassword' is set on object 'Object Repository/6. CURA menu/Page_CURA/input_Password'

17-07-2024T13:35:41 - [MESSAGE][PASSED] - Text 'ThisIsNotAPassword' is set on object 'Object Repository/6. CURA menu/Page_CURA/input_Password'

17-07-2024T13:35:41 - [TEST_STEP][PASSED] - click(findTestObject("Object Repository/6. CURA menu/Page_CURA/button_Login")): Object: 'Object Repository/6. CURA menu/Page_CURA/button_Login' is clicked on

17-07-2024T13:35:42 - [MESSAGE][PASSED] - Object: 'Object Repository/6. CURA menu/Page_CURA/button_Login' is clicked on

17-07-2024T13:35:42 - [TEST_STEP][PASSED] - click(findTestObject("Object Repository/6. CURA menu/Page_CURA/a_CURA menu")): Object: 'Object Repository/6. CURA menu/Page_CURA/a_CURA menu' is clicked on

17-07-2024T13:35:43 - [MESSAGE][PASSED] - Object: 'Object Repository/6. CURA menu/Page_CURA/a_CURA menu' is clicked on

17-07-2024T13:35:43 - [TEST_STEP][PASSED] - click(findTestObject("Object Repository/6. CURA menu/Page_CURA/a_Home")): Object: 'Object Repository/6. CURA menu/Page_CURA/a_Home' is clicked on

17-07-2024T13:35:43 - [MESSAGE][PASSED] - Object: 'Object Repository/6. CURA menu/Page_CURA/a_Home' is clicked on

17-07-2024T13:35:43 - [TEST_STEP][PASSED] - verifyElementText(findTestObject("Object Repository/6. CURA menu/Page_CURA/h1_CURA Service"), "CURA Healthcare Service"): Actual text and expected text of test object 'Object Repository/6. CURA menu/Page_CURA/h1_CURA Service' are matched.

17-07-2024T13:35:44 - [MESSAGE][PASSED] - Actual text and expected text of test object 'Object Repository/6. CURA menu/Page_CURA/h1_CURA Service' are matched.

17-07-2024T13:35:44 - [TEST_STEP][PASSED] - click(findTestObject("Object Repository/6. CURA menu/Page_CURA/a_CURA menu")): Object: 'Object Repository/6. CURA menu/Page_CURA/a_CURA menu' is clicked on

17-07-2024T13:35:44 - [MESSAGE][PASSED] - Object: 'Object Repository/6. CURA menu/Page_CURA/a_CURA menu' is clicked on

17-07-2024T13:35:44 - [TEST_STEP][PASSED] - click(findTestObject("Object Repository/6. CURA menu/Page_CURA/a_History")): Object: 'Object Repository/6. CURA menu/Page_CURA/a_History' is clicked on

17-07-2024T13:35:45 - [MESSAGE][PASSED] - Object: 'Object Repository/6. CURA menu/Page_CURA/a_History' is clicked on

17-07-2024T13:35:45 - [TEST_STEP][PASSED] - verifyElementText(findTestObject("Object Repository/6. CURA menu/Page_CURA/h2_History"), "History"): Actual text and expected text of test object 'Object Repository/6. CURA menu/Page_CURA/h2_History' are matched.

17-07-2024T13:35:45 - [MESSAGE][PASSED] - Actual text and expected text of test object 'Object Repository/6. CURA menu/Page_CURA/h2_History' are matched.

17-07-2024T13:35:45 - [TEST_STEP][PASSED] - click(findTestObject("Object Repository/6. CURA menu/Page_CURA/a_CURA menu")): Object: 'Object Repository/6. CURA menu/Page_CURA/a_CURA menu' is clicked on

17-07-2024T13:35:46 - [MESSAGE][PASSED] - Object: 'Object Repository/6. CURA menu/Page_CURA/a_CURA menu' is clicked on

17-07-2024T13:35:46 - [TEST_STEP][PASSED] - click(findTestObject("Object Repository/6. CURA menu/Page_CURA/a_Profile")): Object: 'Object Repository/6. CURA menu/Page_CURA/a_Profile' is clicked on

17-07-2024T13:35:46 - [MESSAGE][PASSED] - Object: 'Object Repository/6. CURA menu/Page_CURA/a_Profile' is clicked on

17-07-2024T13:35:46 - [TEST_STEP][PASSED] - verifyElementText(findTestObject("Object Repository/6. CURA menu/Page_CURA/h2_Profile"), "Profile"): Actual text and expected text of test object 'Object Repository/6. CURA menu/Page_CURA/h2_Profile' are matched.

17-07-2024T13:35:47 - [MESSAGE][PASSED] - Actual text and expected text of test object 'Object Repository/6. CURA menu/Page_CURA/h2_Profile' are matched.

17-07-2024T13:35:47 - [TEST_STEP][PASSED] - click(findTestObject("Object Repository/6. CURA menu/Page_CURA/i_CURA_fa fa-bars")): Object: 'Object Repository/6. CURA menu/Page_CURA/i_CURA_fa fa-bars' is clicked on

17-07-2024T13:35:47 - [MESSAGE][PASSED] - Object: 'Object Repository/6. CURA menu/Page_CURA/i_CURA_fa fa-bars' is clicked on

17-07-2024T13:35:47 - [TEST_STEP][PASSED] - click(findTestObject("Object Repository/6. CURA menu/Page_CURA/a_Logout")): Object: 'Object Repository/6. CURA menu/Page_CURA/a_Logout' is clicked on

17-07-2024T13:35:48 - [MESSAGE][PASSED] - Object: 'Object Repository/6. CURA menu/Page_CURA/a_Logout' is clicked on

17-07-2024T13:35:48 - [TEST_STEP][PASSED] - verifyElementText(findTestObject("Object Repository/6. CURA menu/Page_CURA/h1_CURA Service"), "CURA Healthcare Service"): Actual text and expected text of test object 'Object Repository/6. CURA menu/Page_CURA/h1_CURA Service' are matched.

17-07-2024T13:35:49 - [MESSAGE][PASSED] - Actual text and expected text of test object 'Object Repository/6. CURA menu/Page_CURA/h1_CURA Service' are matched.

17-07-2024T13:35:49 - [TEST_STEP][PASSED] - closeBrowser(): Browser is closed

17-07-2024T13:35:49 - [MESSAGE][PASSED] - Browser is closed]]></system-out>
         <system-err><![CDATA[]]></system-err>
      </testcase>
      <system-out><![CDATA[17-07-2024T13:35:22 - [TEST_SUITE][PASSED] - TS01 - Verify CURA page: Test Cases/CURA Web Test/TC09 - CURA menu check]]></system-out>
      <system-err><![CDATA[]]></system-err>
   </testsuite>
   <testsuite name="TS02 - Login variation" tests="5" failures="0" errors="0" time="49.231" skipped="0" timestamp="17-07-2024T13:36:03" hostname="Lenovo - LAPTOP-7QB5JFLU" id="Test Suites/CURA Test suites/TS02 - Login variation">
      <properties>
         <property name="deviceName" value=""/>
         <property name="devicePlatform"/>
         <property name="logFolder" value="C:\\Users\\Lenovo\\git\\KatalonPractitionerLevel\\Reports\\20240717_133439\\CURA Test suites\\TS02 - Login variation\\20240717_133443"/>
         <property name="logFiles" value="C:\\Users\\Lenovo\\git\\KatalonPractitionerLevel\\Reports\\20240717_133439\\CURA Test suites\\TS02 - Login variation\\20240717_133443\\execution0.log"/>
         <property name="attachments" value="keyes\keyes-Login page.png, keyes\keyes-Login page.png, C:\\Users\\Lenovo\\git\\KatalonPractitionerLevel\\Reports\\20240717_133439\\CURA Test suites\\TS02 - Login variation\\20240717_133443\\1721198202965.png, keyes\keyes-Login page.png, keyes\keyes-Make appointment page.png"/>
         <property name="hostName" value="Lenovo - LAPTOP-7QB5JFLU"/>
         <property name="os" value="Windows 11 64bit"/>
         <property name="katalonVersion" value="9.6.0.217"/>
         <property name="browser" value="Chrome 126.0.0.0"/>
         <property name="hostAddress" value="192.168.1.12"/>
         <property name="sessionId" value="198666d800037d5eb1a0ca7ba44ed012"/>
         <property name="seleniumVersion" value="3.141.59"/>
         <property name="proxyInformation" value="ProxyInformation { proxyOption=NO_PROXY, proxyServerType=HTTP, username=, password=********, proxyServerAddress=, proxyServerPort=0, executionList=&quot;&quot;, isApplyToDesiredCapabilities=true }"/>
         <property name="platform" value="Windows 11"/>
      </properties>
      <testcase name="Test Cases/CURA Web Test/TC05 - Login in another way" time="13.311" classname="Test Cases/CURA Web Test/TC05 - Login in another way" status="PASSED">
         <system-out><![CDATA[17-07-2024T13:36:04 - [TEST_CASE][PASSED] - Test Cases/CURA Web Test/TC05 - Login in another way: Test Cases/CURA Web Test/TC05 - Login in another way

17-07-2024T13:36:04 - [TEST_STEP][PASSED] - callTestCase(findTestCase("CURA Web Test/Properties/TCP01 - Open browser"), [:], STOP_ON_FAILURE): Call Test Case 'Test Cases/CURA Web Test/Properties/TCP01 - Open browser' successfully

17-07-2024T13:36:04 - [TEST_CASE][PASSED] - Test Cases/CURA Web Test/Properties/TCP01 - Open browser: Test Cases/CURA Web Test/Properties/TCP01 - Open browser

17-07-2024T13:36:04 - [TEST_STEP][PASSED] - openBrowser(""): Browser is opened with url: ''

17-07-2024T13:36:04 - [MESSAGE][INFO] - Starting 'Chrome' driver

17-07-2024T13:36:04 - [MESSAGE][INFO] - Action delay is set to 0 milliseconds

17-07-2024T13:36:06 - [MESSAGE][PASSED] - Browser is opened with url: ''

17-07-2024T13:36:06 - [TEST_STEP][PASSED] - navigateToUrl(URL): Navigate to 'https://katalon-demo-cura.herokuapp.com/' successfully

17-07-2024T13:36:10 - [MESSAGE][PASSED] - Navigate to 'https://katalon-demo-cura.herokuapp.com/' successfully

17-07-2024T13:36:10 - [MESSAGE][PASSED] - Call Test Case 'Test Cases/CURA Web Test/Properties/TCP01 - Open browser' successfully

17-07-2024T13:36:10 - [TEST_STEP][PASSED] - verifyElementText(findTestObject("Object Repository/11. Login menu check/Page_CURA/h1_CURA Service"), "CURA Healthcare Service"): Actual text and expected text of test object 'Object Repository/11. Login menu check/Page_CURA/h1_CURA Service' are matched.

17-07-2024T13:36:10 - [MESSAGE][PASSED] - Actual text and expected text of test object 'Object Repository/11. Login menu check/Page_CURA/h1_CURA Service' are matched.

17-07-2024T13:36:10 - [TEST_STEP][PASSED] - click(findTestObject("Object Repository/11. Login menu check/Page_CURA/a_Make Appointment")): Object: 'Object Repository/11. Login menu check/Page_CURA/a_Make Appointment' is clicked on

17-07-2024T13:36:11 - [MESSAGE][PASSED] - Object: 'Object Repository/11. Login menu check/Page_CURA/a_Make Appointment' is clicked on

17-07-2024T13:36:11 - [TEST_STEP][PASSED] - takeScreenshotAsCheckpoint("Login page"): Taking screenshot successfully

17-07-2024T13:36:12 - [MESSAGE][INFO] - 0 hidden object(s)

17-07-2024T13:36:12 - [MESSAGE][PASSED] - Taking screenshot successfully
[[ATTACHMENT|keyes\keyes-Login page.png]]

17-07-2024T13:36:12 - [TEST_STEP][PASSED] - verifyElementText(findTestObject("Object Repository/11. Login menu check/Page_CURA/h2_Login"), "Login"): Actual text and expected text of test object 'Object Repository/11. Login menu check/Page_CURA/h2_Login' are matched.

17-07-2024T13:36:12 - [MESSAGE][PASSED] - Actual text and expected text of test object 'Object Repository/11. Login menu check/Page_CURA/h2_Login' are matched.

17-07-2024T13:36:12 - [TEST_STEP][PASSED] - click(findTestObject("Object Repository/11. Login menu check/Page_CURA/a_CURA menu")): Object: 'Object Repository/11. Login menu check/Page_CURA/a_CURA menu' is clicked on

17-07-2024T13:36:12 - [MESSAGE][PASSED] - Object: 'Object Repository/11. Login menu check/Page_CURA/a_CURA menu' is clicked on

17-07-2024T13:36:12 - [TEST_STEP][PASSED] - click(findTestObject("Object Repository/11. Login menu check/Page_CURA/a_Login")): Object: 'Object Repository/11. Login menu check/Page_CURA/a_Login' is clicked on

17-07-2024T13:36:13 - [MESSAGE][PASSED] - Object: 'Object Repository/11. Login menu check/Page_CURA/a_Login' is clicked on

17-07-2024T13:36:13 - [TEST_STEP][PASSED] - takeScreenshotAsCheckpoint("Login page"): Taking screenshot successfully

17-07-2024T13:36:13 - [MESSAGE][INFO] - 0 hidden object(s)

17-07-2024T13:36:13 - [MESSAGE][PASSED] - Taking screenshot successfully
[[ATTACHMENT|keyes\keyes-Login page.png]]

17-07-2024T13:36:13 - [TEST_STEP][PASSED] - verifyElementText(findTestObject("Object Repository/11. Login menu check/Page_CURA/h2_Login"), "Login"): Actual text and expected text of test object 'Object Repository/11. Login menu check/Page_CURA/h2_Login' are matched.

17-07-2024T13:36:14 - [MESSAGE][PASSED] - Actual text and expected text of test object 'Object Repository/11. Login menu check/Page_CURA/h2_Login' are matched.

17-07-2024T13:36:14 - [TEST_STEP][PASSED] - click(findTestObject("Object Repository/11. Login menu check/Page_CURA/i_CURA fa fa-bars")): Object: 'Object Repository/11. Login menu check/Page_CURA/i_CURA fa fa-bars' is clicked on

17-07-2024T13:36:14 - [MESSAGE][PASSED] - Object: 'Object Repository/11. Login menu check/Page_CURA/i_CURA fa fa-bars' is clicked on

17-07-2024T13:36:14 - [TEST_STEP][PASSED] - click(findTestObject("Object Repository/11. Login menu check/Page_CURA/a_Home")): Object: 'Object Repository/11. Login menu check/Page_CURA/a_Home' is clicked on

17-07-2024T13:36:15 - [MESSAGE][PASSED] - Object: 'Object Repository/11. Login menu check/Page_CURA/a_Home' is clicked on

17-07-2024T13:36:15 - [TEST_STEP][PASSED] - verifyElementText(findTestObject("Object Repository/11. Login menu check/Page_CURA/h1_CURA Service"), "CURA Healthcare Service"): Actual text and expected text of test object 'Object Repository/11. Login menu check/Page_CURA/h1_CURA Service' are matched.

17-07-2024T13:36:15 - [MESSAGE][PASSED] - Actual text and expected text of test object 'Object Repository/11. Login menu check/Page_CURA/h1_CURA Service' are matched.

17-07-2024T13:36:15 - [TEST_STEP][PASSED] - click(findTestObject("Object Repository/11. Login menu check/Page_CURA/i_CURA fa fa-bars")): Object: 'Object Repository/11. Login menu check/Page_CURA/i_CURA fa fa-bars' is clicked on

17-07-2024T13:36:16 - [MESSAGE][PASSED] - Object: 'Object Repository/11. Login menu check/Page_CURA/i_CURA fa fa-bars' is clicked on

17-07-2024T13:36:16 - [TEST_STEP][PASSED] - click(findTestObject("Object Repository/11. Login menu check/Page_CURA/a_Login")): Object: 'Object Repository/11. Login menu check/Page_CURA/a_Login' is clicked on

17-07-2024T13:36:16 - [MESSAGE][PASSED] - Object: 'Object Repository/11. Login menu check/Page_CURA/a_Login' is clicked on

17-07-2024T13:36:16 - [TEST_STEP][PASSED] - verifyElementText(findTestObject("Object Repository/11. Login menu check/Page_CURA/h2_Login"), "Login"): Actual text and expected text of test object 'Object Repository/11. Login menu check/Page_CURA/h2_Login' are matched.

17-07-2024T13:36:17 - [MESSAGE][PASSED] - Actual text and expected text of test object 'Object Repository/11. Login menu check/Page_CURA/h2_Login' are matched.]]></system-out>
         <system-err><![CDATA[]]></system-err>
      </testcase>
      <testcase name="Test Cases/CURA Web Test/TC04 - Login wrong password" time="9.957" classname="Test Cases/CURA Web Test/TC04 - Login wrong password" status="PASSED">
         <system-out><![CDATA[17-07-2024T13:36:17 - [TEST_CASE][PASSED] - Test Cases/CURA Web Test/TC04 - Login wrong password: Test Cases/CURA Web Test/TC04 - Login wrong password

17-07-2024T13:36:17 - [TEST_STEP][PASSED] - callTestCase(findTestCase("CURA Web Test/Properties/TCP01 - Open browser"), [:], STOP_ON_FAILURE): Call Test Case 'Test Cases/CURA Web Test/Properties/TCP01 - Open browser' successfully

17-07-2024T13:36:17 - [TEST_CASE][PASSED] - Test Cases/CURA Web Test/Properties/TCP01 - Open browser: Test Cases/CURA Web Test/Properties/TCP01 - Open browser

17-07-2024T13:36:17 - [TEST_STEP][PASSED] - openBrowser(""): Browser is opened with url: ''

17-07-2024T13:36:17 - [MESSAGE][WARNING] - A browser is already opened. Closing browser and opening a new one

17-07-2024T13:36:18 - [MESSAGE][INFO] - Starting 'Chrome' driver

17-07-2024T13:36:18 - [MESSAGE][INFO] - Action delay is set to 0 milliseconds

17-07-2024T13:36:19 - [MESSAGE][PASSED] - Browser is opened with url: ''

17-07-2024T13:36:19 - [TEST_STEP][PASSED] - navigateToUrl(URL): Navigate to 'https://katalon-demo-cura.herokuapp.com/' successfully

17-07-2024T13:36:22 - [MESSAGE][PASSED] - Navigate to 'https://katalon-demo-cura.herokuapp.com/' successfully

17-07-2024T13:36:22 - [MESSAGE][PASSED] - Call Test Case 'Test Cases/CURA Web Test/Properties/TCP01 - Open browser' successfully

17-07-2024T13:36:22 - [TEST_STEP][PASSED] - click(findTestObject("7. Failed Login/Page_CURA/a_Make Appointment")): Object: 'Object Repository/7. Failed Login/Page_CURA/a_Make Appointment' is clicked on

17-07-2024T13:36:23 - [MESSAGE][PASSED] - Object: 'Object Repository/7. Failed Login/Page_CURA/a_Make Appointment' is clicked on

17-07-2024T13:36:23 - [TEST_STEP][PASSED] - userName = getAttribute(findTestObject("Object Repository/7. Failed Login/Page_CURA/input_Username"), "username"): Attribute 'username' of object 'Object Repository/7. Failed Login/Page_CURA/input_Username' is: 'null'

17-07-2024T13:36:23 - [MESSAGE][PASSED] - Attribute 'username' of object 'Object Repository/7. Failed Login/Page_CURA/input_Username' is: 'null'

17-07-2024T13:36:23 - [TEST_STEP][PASSED] - passWord = getAttribute(findTestObject("Object Repository/7. Failed Login/Page_CURA/input_Password"), "password"): Attribute 'password' of object 'Object Repository/7. Failed Login/Page_CURA/input_Password' is: 'null'

17-07-2024T13:36:23 - [MESSAGE][PASSED] - Attribute 'password' of object 'Object Repository/7. Failed Login/Page_CURA/input_Password' is: 'null'

17-07-2024T13:36:23 - [TEST_STEP][PASSED] - click(findTestObject("Object Repository/7. Failed Login/Page_CURA/a_Make Appointment")): Object: 'Object Repository/7. Failed Login/Page_CURA/a_Make Appointment' is clicked on

17-07-2024T13:36:24 - [MESSAGE][PASSED] - Object: 'Object Repository/7. Failed Login/Page_CURA/a_Make Appointment' is clicked on

17-07-2024T13:36:24 - [TEST_STEP][PASSED] - setText(findTestObject("Object Repository/7. Failed Login/Page_CURA/input_Username"), " John Doe"): Text ' John Doe' is set on object 'Object Repository/7. Failed Login/Page_CURA/input_Username'

17-07-2024T13:36:25 - [MESSAGE][PASSED] - Text ' John Doe' is set on object 'Object Repository/7. Failed Login/Page_CURA/input_Username'

17-07-2024T13:36:25 - [TEST_STEP][PASSED] - setText(findTestObject("10. Login page/Page_CURA/input_Password"), "This"): Text 'This' is set on object 'Object Repository/10. Login page/Page_CURA/input_Password'

17-07-2024T13:36:25 - [MESSAGE][PASSED] - Text 'This' is set on object 'Object Repository/10. Login page/Page_CURA/input_Password'

17-07-2024T13:36:25 - [TEST_STEP][PASSED] - click(findTestObject("Object Repository/7. Failed Login/Page_CURA/button_Login")): Object: 'Object Repository/7. Failed Login/Page_CURA/button_Login' is clicked on

17-07-2024T13:36:26 - [MESSAGE][PASSED] - Object: 'Object Repository/7. Failed Login/Page_CURA/button_Login' is clicked on

17-07-2024T13:36:26 - [TEST_STEP][PASSED] - if (userName == "John Doe" && passWord == "g3/DOGG74jC3Flrr3yH+3D/yKbOqqUNM"): null

17-07-2024T13:36:26 - [TEST_STEP][PASSED] - else: Object 'Object Repository/7. Failed Login/Page_CURA/p_Login failed' is visible

17-07-2024T13:36:26 - [TEST_STEP][PASSED] - verifyElementVisible(findTestObject("Object Repository/7. Failed Login/Page_CURA/p_Login failed")): Object 'Object Repository/7. Failed Login/Page_CURA/p_Login failed' is visible

17-07-2024T13:36:27 - [MESSAGE][PASSED] - Object 'Object Repository/7. Failed Login/Page_CURA/p_Login failed' is visible]]></system-out>
         <system-err><![CDATA[]]></system-err>
      </testcase>
      <testcase name="Test Cases/CURA Web Test/TC03 - Login wrong username" time="9.16" classname="Test Cases/CURA Web Test/TC03 - Login wrong username" status="PASSED">
         <system-out><![CDATA[17-07-2024T13:36:27 - [TEST_CASE][PASSED] - Test Cases/CURA Web Test/TC03 - Login wrong username: Test Cases/CURA Web Test/TC03 - Login wrong username

17-07-2024T13:36:27 - [TEST_STEP][PASSED] - callTestCase(findTestCase("CURA Web Test/Properties/TCP01 - Open browser"), [:], STOP_ON_FAILURE): Call Test Case 'Test Cases/CURA Web Test/Properties/TCP01 - Open browser' successfully

17-07-2024T13:36:27 - [TEST_CASE][PASSED] - Test Cases/CURA Web Test/Properties/TCP01 - Open browser: Test Cases/CURA Web Test/Properties/TCP01 - Open browser

17-07-2024T13:36:27 - [TEST_STEP][PASSED] - openBrowser(""): Browser is opened with url: ''

17-07-2024T13:36:27 - [MESSAGE][WARNING] - A browser is already opened. Closing browser and opening a new one

17-07-2024T13:36:28 - [MESSAGE][INFO] - Starting 'Chrome' driver

17-07-2024T13:36:28 - [MESSAGE][INFO] - Action delay is set to 0 milliseconds

17-07-2024T13:36:28 - [MESSAGE][PASSED] - Browser is opened with url: ''

17-07-2024T13:36:28 - [TEST_STEP][PASSED] - navigateToUrl(URL): Navigate to 'https://katalon-demo-cura.herokuapp.com/' successfully

17-07-2024T13:36:30 - [MESSAGE][PASSED] - Navigate to 'https://katalon-demo-cura.herokuapp.com/' successfully

17-07-2024T13:36:30 - [MESSAGE][PASSED] - Call Test Case 'Test Cases/CURA Web Test/Properties/TCP01 - Open browser' successfully

17-07-2024T13:36:30 - [TEST_STEP][PASSED] - click(findTestObject("7. Failed Login/Page_CURA/a_Make Appointment")): Object: 'Object Repository/7. Failed Login/Page_CURA/a_Make Appointment' is clicked on

17-07-2024T13:36:33 - [MESSAGE][PASSED] - Object: 'Object Repository/7. Failed Login/Page_CURA/a_Make Appointment' is clicked on

17-07-2024T13:36:33 - [TEST_STEP][PASSED] - userName = getAttribute(findTestObject("Object Repository/7. Failed Login/Page_CURA/input_Username"), "username"): Attribute 'username' of object 'Object Repository/7. Failed Login/Page_CURA/input_Username' is: 'null'

17-07-2024T13:36:33 - [MESSAGE][PASSED] - Attribute 'username' of object 'Object Repository/7. Failed Login/Page_CURA/input_Username' is: 'null'

17-07-2024T13:36:33 - [TEST_STEP][PASSED] - passWord = getAttribute(findTestObject("Object Repository/7. Failed Login/Page_CURA/input_Password"), "password"): Attribute 'password' of object 'Object Repository/7. Failed Login/Page_CURA/input_Password' is: 'null'

17-07-2024T13:36:33 - [MESSAGE][PASSED] - Attribute 'password' of object 'Object Repository/7. Failed Login/Page_CURA/input_Password' is: 'null'

17-07-2024T13:36:33 - [TEST_STEP][PASSED] - click(findTestObject("Object Repository/7. Failed Login/Page_CURA/a_Make Appointment")): Object: 'Object Repository/7. Failed Login/Page_CURA/a_Make Appointment' is clicked on

17-07-2024T13:36:34 - [MESSAGE][PASSED] - Object: 'Object Repository/7. Failed Login/Page_CURA/a_Make Appointment' is clicked on

17-07-2024T13:36:34 - [TEST_STEP][PASSED] - setText(findTestObject("Object Repository/7. Failed Login/Page_CURA/input_Username"), "John"): Text 'John' is set on object 'Object Repository/7. Failed Login/Page_CURA/input_Username'

17-07-2024T13:36:35 - [MESSAGE][PASSED] - Text 'John' is set on object 'Object Repository/7. Failed Login/Page_CURA/input_Username'

17-07-2024T13:36:35 - [TEST_STEP][PASSED] - click(findTestObject("Object Repository/7. Failed Login/Page_CURA/button_Login")): Object: 'Object Repository/7. Failed Login/Page_CURA/button_Login' is clicked on

17-07-2024T13:36:36 - [MESSAGE][PASSED] - Object: 'Object Repository/7. Failed Login/Page_CURA/button_Login' is clicked on

17-07-2024T13:36:36 - [TEST_STEP][PASSED] - if (userName == "John Doe" && passWord == "g3/DOGG74jC3Flrr3yH+3D/yKbOqqUNM"): null

17-07-2024T13:36:36 - [TEST_STEP][PASSED] - else: Object 'Object Repository/7. Failed Login/Page_CURA/p_Login failed' is visible

17-07-2024T13:36:36 - [TEST_STEP][PASSED] - verifyElementVisible(findTestObject("Object Repository/7. Failed Login/Page_CURA/p_Login failed")): Object 'Object Repository/7. Failed Login/Page_CURA/p_Login failed' is visible

17-07-2024T13:36:36 - [MESSAGE][PASSED] - Object 'Object Repository/7. Failed Login/Page_CURA/p_Login failed' is visible]]></system-out>
         <system-err><![CDATA[]]></system-err>
      </testcase>
      <testcase name="Test Cases/CURA Web Test/TC02 - Login normally" time="14.09" classname="Test Cases/CURA Web Test/TC02 - Login normally" status="PASSED">
         <system-out><![CDATA[17-07-2024T13:36:36 - [TEST_CASE][PASSED] - Test Cases/CURA Web Test/TC02 - Login normally: Test Cases/CURA Web Test/TC02 - Login normally

17-07-2024T13:36:36 - [TEST_STEP][PASSED] - callTestCase(findTestCase("CURA Web Test/Properties/TCP01 - Open browser"), [:], STOP_ON_FAILURE): Call Test Case 'Test Cases/CURA Web Test/Properties/TCP01 - Open browser' successfully

17-07-2024T13:36:36 - [TEST_CASE][PASSED] - Test Cases/CURA Web Test/Properties/TCP01 - Open browser: Test Cases/CURA Web Test/Properties/TCP01 - Open browser

17-07-2024T13:36:36 - [TEST_STEP][PASSED] - openBrowser(""): Browser is opened with url: ''

17-07-2024T13:36:36 - [MESSAGE][WARNING] - A browser is already opened. Closing browser and opening a new one

17-07-2024T13:36:37 - [MESSAGE][INFO] - Starting 'Chrome' driver

17-07-2024T13:36:37 - [MESSAGE][INFO] - Action delay is set to 0 milliseconds

17-07-2024T13:36:38 - [MESSAGE][PASSED] - Browser is opened with url: ''

17-07-2024T13:36:38 - [TEST_STEP][PASSED] - navigateToUrl(URL): Navigate to 'https://katalon-demo-cura.herokuapp.com/' successfully

17-07-2024T13:36:40 - [MESSAGE][PASSED] - Navigate to 'https://katalon-demo-cura.herokuapp.com/' successfully

17-07-2024T13:36:40 - [MESSAGE][PASSED] - Call Test Case 'Test Cases/CURA Web Test/Properties/TCP01 - Open browser' successfully

17-07-2024T13:36:40 - [TEST_STEP][PASSED] - delay(2): Delayed 2 second(s)

17-07-2024T13:36:42 - [MESSAGE][PASSED] - Delayed 2 second(s)

17-07-2024T13:36:42 - [TEST_STEP][PASSED] - takeFullPageScreenshot(): Taking screenshot successfully

17-07-2024T13:36:43 - [MESSAGE][INFO] - 0 hidden object(s)

17-07-2024T13:36:44 - [MESSAGE][PASSED] - Taking screenshot successfully
[[ATTACHMENT|C:\\Users\\Lenovo\\git\\KatalonPractitionerLevel\\Reports\\20240717_133439\\CURA Test suites\\TS02 - Login variation\\20240717_133443\\1721198202965.png]]

17-07-2024T13:36:44 - [TEST_STEP][PASSED] - click(findTestObject("1. CURA Object button/Make Appointment")): Object: 'Object Repository/1. CURA Object button/Make Appointment' is clicked on

17-07-2024T13:36:45 - [MESSAGE][PASSED] - Object: 'Object Repository/1. CURA Object button/Make Appointment' is clicked on

17-07-2024T13:36:45 - [TEST_STEP][PASSED] - takeScreenshotAsCheckpoint("Login page"): Taking screenshot successfully

17-07-2024T13:36:45 - [MESSAGE][INFO] - 0 hidden object(s)

17-07-2024T13:36:45 - [MESSAGE][PASSED] - Taking screenshot successfully
[[ATTACHMENT|keyes\keyes-Login page.png]]

17-07-2024T13:36:45 - [TEST_STEP][PASSED] - setText(findTestObject("1. CURA Object button/Username"), Username): Text 'John Doe' is set on object 'Object Repository/1. CURA Object button/Username'

17-07-2024T13:36:46 - [MESSAGE][PASSED] - Text 'John Doe' is set on object 'Object Repository/1. CURA Object button/Username'

17-07-2024T13:36:46 - [TEST_STEP][PASSED] - setText(findTestObject("1. CURA Object button/Password"), Password): Text 'ThisIsNotAPassword' is set on object 'Object Repository/1. CURA Object button/Password'

17-07-2024T13:36:47 - [MESSAGE][PASSED] - Text 'ThisIsNotAPassword' is set on object 'Object Repository/1. CURA Object button/Password'

17-07-2024T13:36:47 - [TEST_STEP][PASSED] - click(findTestObject("1. CURA Object button/Login Button")): Object: 'Object Repository/1. CURA Object button/Login Button' is clicked on

17-07-2024T13:36:48 - [MESSAGE][PASSED] - Object: 'Object Repository/1. CURA Object button/Login Button' is clicked on

17-07-2024T13:36:48 - [TEST_STEP][PASSED] - delay(2): Delayed 2 second(s)

17-07-2024T13:36:50 - [MESSAGE][PASSED] - Delayed 2 second(s)

17-07-2024T13:36:50 - [TEST_STEP][PASSED] - takeScreenshotAsCheckpoint("Make appointment page"): Taking screenshot successfully

17-07-2024T13:36:50 - [MESSAGE][INFO] - 0 hidden object(s)

17-07-2024T13:36:50 - [MESSAGE][PASSED] - Taking screenshot successfully
[[ATTACHMENT|keyes\keyes-Make appointment page.png]]]]></system-out>
         <system-err><![CDATA[]]></system-err>
      </testcase>
      <testcase name="Test Cases/CURA Web Test/Properties/TCP03 - Logout" time="2.321" classname="Test Cases/CURA Web Test/Properties/TCP03 - Logout" status="PASSED">
         <system-out><![CDATA[17-07-2024T13:36:50 - [TEST_CASE][PASSED] - Test Cases/CURA Web Test/Properties/TCP03 - Logout: Test Cases/CURA Web Test/Properties/TCP03 - Logout

17-07-2024T13:36:50 - [TEST_STEP][PASSED] - verifyElementText(findTestObject("2. CURA Object Text/Make Appointment"), "Make Appointment"): Actual text and expected text of test object 'Object Repository/2. CURA Object Text/Make Appointment' are matched.

17-07-2024T13:36:51 - [MESSAGE][PASSED] - Actual text and expected text of test object 'Object Repository/2. CURA Object Text/Make Appointment' are matched.

17-07-2024T13:36:51 - [TEST_STEP][PASSED] - click(findTestObject("1. CURA Object button/Menu")): Object: 'Object Repository/1. CURA Object button/Menu' is clicked on

17-07-2024T13:36:51 - [MESSAGE][PASSED] - Object: 'Object Repository/1. CURA Object button/Menu' is clicked on

17-07-2024T13:36:51 - [TEST_STEP][PASSED] - click(findTestObject("1. CURA Object button/Logout")): Object: 'Object Repository/1. CURA Object button/Logout' is clicked on

17-07-2024T13:36:52 - [MESSAGE][PASSED] - Object: 'Object Repository/1. CURA Object button/Logout' is clicked on

17-07-2024T13:36:52 - [TEST_STEP][PASSED] - closeBrowser(): Browser is closed

17-07-2024T13:36:53 - [MESSAGE][PASSED] - Browser is closed]]></system-out>
         <system-err><![CDATA[]]></system-err>
      </testcase>
      <system-out><![CDATA[17-07-2024T13:36:03 - [TEST_SUITE][PASSED] - TS02 - Login variation: Test Cases/CURA Web Test/Properties/TCP03 - Logout]]></system-out>
      <system-err><![CDATA[]]></system-err>
   </testsuite>
   <testsuite name="TS03 - Logout variation" tests="2" failures="0" errors="0" time="180.264" skipped="0" timestamp="17-07-2024T13:37:07" hostname="Lenovo - LAPTOP-7QB5JFLU" id="Test Suites/CURA Test suites/TS03 - Logout variation">
      <properties>
         <property name="deviceName" value=""/>
         <property name="devicePlatform"/>
         <property name="logFolder" value="C:\\Users\\Lenovo\\git\\KatalonPractitionerLevel\\Reports\\20240717_133439\\CURA Test suites\\TS03 - Logout variation\\20240717_133445"/>
         <property name="logFiles" value="C:\\Users\\Lenovo\\git\\KatalonPractitionerLevel\\Reports\\20240717_133439\\CURA Test suites\\TS03 - Logout variation\\20240717_133445\\execution0.log"/>
         <property name="attachments" value="C:\\Users\\Lenovo\\git\\KatalonPractitionerLevel\\Reports\\20240717_133439\\CURA Test suites\\TS03 - Logout variation\\20240717_133445\\1721198235214.png, C:\\Users\\Lenovo\\git\\KatalonPractitionerLevel\\Reports\\20240717_133439\\CURA Test suites\\TS03 - Logout variation\\20240717_133445\\1721198398243.png, keyes\keyes-Login page.png, keyes\keyes-Make appointment page.png"/>
         <property name="hostName" value="Lenovo - LAPTOP-7QB5JFLU"/>
         <property name="os" value="Windows 11 64bit"/>
         <property name="katalonVersion" value="9.6.0.217"/>
         <property name="browser" value="Chrome 126.0.0.0"/>
         <property name="hostAddress" value="192.168.1.12"/>
         <property name="sessionId" value="e88f3398f4e37b4b2d2d755b36855f23"/>
         <property name="seleniumVersion" value="3.141.59"/>
         <property name="proxyInformation" value="ProxyInformation { proxyOption=NO_PROXY, proxyServerType=HTTP, username=, password=********, proxyServerAddress=, proxyServerPort=0, executionList=&quot;&quot;, isApplyToDesiredCapabilities=true }"/>
         <property name="platform" value="Windows 11"/>
      </properties>
      <testcase name="Test Cases/CURA Web Test/TC02 - Login normally" time="12.844" classname="Test Cases/CURA Web Test/TC02 - Login normally" status="PASSED">
         <system-out><![CDATA[17-07-2024T13:39:52 - [TEST_CASE][PASSED] - Test Cases/CURA Web Test/TC02 - Login normally: Test Cases/CURA Web Test/TC02 - Login normally

17-07-2024T13:39:52 - [TEST_STEP][PASSED] - callTestCase(findTestCase("CURA Web Test/Properties/TCP01 - Open browser"), [:], STOP_ON_FAILURE): Call Test Case 'Test Cases/CURA Web Test/Properties/TCP01 - Open browser' successfully

17-07-2024T13:39:52 - [TEST_CASE][PASSED] - Test Cases/CURA Web Test/Properties/TCP01 - Open browser: Test Cases/CURA Web Test/Properties/TCP01 - Open browser

17-07-2024T13:39:52 - [TEST_STEP][PASSED] - openBrowser(""): Browser is opened with url: ''

17-07-2024T13:39:52 - [MESSAGE][WARNING] - A browser is already opened. Closing browser and opening a new one

17-07-2024T13:39:52 - [MESSAGE][INFO] - Starting 'Chrome' driver

17-07-2024T13:39:52 - [MESSAGE][INFO] - Action delay is set to 0 milliseconds

17-07-2024T13:39:53 - [MESSAGE][PASSED] - Browser is opened with url: ''

17-07-2024T13:39:53 - [TEST_STEP][PASSED] - navigateToUrl(URL): Navigate to 'https://katalon-demo-cura.herokuapp.com/' successfully

17-07-2024T13:39:56 - [MESSAGE][PASSED] - Navigate to 'https://katalon-demo-cura.herokuapp.com/' successfully

17-07-2024T13:39:56 - [MESSAGE][PASSED] - Call Test Case 'Test Cases/CURA Web Test/Properties/TCP01 - Open browser' successfully

17-07-2024T13:39:56 - [TEST_STEP][PASSED] - delay(2): Delayed 2 second(s)

17-07-2024T13:39:58 - [MESSAGE][PASSED] - Delayed 2 second(s)

17-07-2024T13:39:58 - [TEST_STEP][PASSED] - takeFullPageScreenshot(): Taking screenshot successfully

17-07-2024T13:39:58 - [MESSAGE][INFO] - 0 hidden object(s)

17-07-2024T13:39:59 - [MESSAGE][PASSED] - Taking screenshot successfully
[[ATTACHMENT|C:\\Users\\Lenovo\\git\\KatalonPractitionerLevel\\Reports\\20240717_133439\\CURA Test suites\\TS03 - Logout variation\\20240717_133445\\1721198398243.png]]

17-07-2024T13:39:59 - [TEST_STEP][PASSED] - click(findTestObject("1. CURA Object button/Make Appointment")): Object: 'Object Repository/1. CURA Object button/Make Appointment' is clicked on

17-07-2024T13:39:59 - [MESSAGE][PASSED] - Object: 'Object Repository/1. CURA Object button/Make Appointment' is clicked on

17-07-2024T13:39:59 - [TEST_STEP][PASSED] - takeScreenshotAsCheckpoint("Login page"): Taking screenshot successfully

17-07-2024T13:40:00 - [MESSAGE][INFO] - 0 hidden object(s)

17-07-2024T13:40:00 - [MESSAGE][PASSED] - Taking screenshot successfully
[[ATTACHMENT|keyes\keyes-Login page.png]]

17-07-2024T13:40:00 - [TEST_STEP][PASSED] - setText(findTestObject("1. CURA Object button/Username"), Username): Text 'John Doe' is set on object 'Object Repository/1. CURA Object button/Username'

17-07-2024T13:40:01 - [MESSAGE][PASSED] - Text 'John Doe' is set on object 'Object Repository/1. CURA Object button/Username'

17-07-2024T13:40:01 - [TEST_STEP][PASSED] - setText(findTestObject("1. CURA Object button/Password"), Password): Text 'ThisIsNotAPassword' is set on object 'Object Repository/1. CURA Object button/Password'

17-07-2024T13:40:01 - [MESSAGE][PASSED] - Text 'ThisIsNotAPassword' is set on object 'Object Repository/1. CURA Object button/Password'

17-07-2024T13:40:01 - [TEST_STEP][PASSED] - click(findTestObject("1. CURA Object button/Login Button")): Object: 'Object Repository/1. CURA Object button/Login Button' is clicked on

17-07-2024T13:40:02 - [MESSAGE][PASSED] - Object: 'Object Repository/1. CURA Object button/Login Button' is clicked on

17-07-2024T13:40:02 - [TEST_STEP][PASSED] - delay(2): Delayed 2 second(s)

17-07-2024T13:40:04 - [MESSAGE][PASSED] - Delayed 2 second(s)

17-07-2024T13:40:04 - [TEST_STEP][PASSED] - takeScreenshotAsCheckpoint("Make appointment page"): Taking screenshot successfully

17-07-2024T13:40:05 - [MESSAGE][INFO] - 0 hidden object(s)

17-07-2024T13:40:05 - [MESSAGE][PASSED] - Taking screenshot successfully
[[ATTACHMENT|keyes\keyes-Make appointment page.png]]]]></system-out>
         <system-err><![CDATA[]]></system-err>
      </testcase>
      <testcase name="Test Cases/CURA Web Test/TC12 - Logout via button toggle" time="2.21" classname="Test Cases/CURA Web Test/TC12 - Logout via button toggle" status="PASSED">
         <system-out><![CDATA[17-07-2024T13:40:05 - [TEST_CASE][PASSED] - Test Cases/CURA Web Test/TC12 - Logout via button toggle: Test Cases/CURA Web Test/TC12 - Logout via button toggle

17-07-2024T13:40:05 - [TEST_STEP][PASSED] - click(findTestObject("1. CURA Object button/Menu"), STOP_ON_FAILURE): Object: 'Object Repository/1. CURA Object button/Menu' is clicked on

17-07-2024T13:40:05 - [MESSAGE][PASSED] - Object: 'Object Repository/1. CURA Object button/Menu' is clicked on

17-07-2024T13:40:05 - [TEST_STEP][PASSED] - click(findTestObject("12. Log out/Page_CURA/a_Logout")): Object: 'Object Repository/12. Log out/Page_CURA/a_Logout' is clicked on

17-07-2024T13:40:06 - [MESSAGE][PASSED] - Object: 'Object Repository/12. Log out/Page_CURA/a_Logout' is clicked on

17-07-2024T13:40:06 - [TEST_STEP][PASSED] - verifyElementText(findTestObject("2. CURA Object Text/Healthcare Service"), "CURA Healthcare Service"): Actual text and expected text of test object 'Object Repository/2. CURA Object Text/Healthcare Service' are matched.

17-07-2024T13:40:06 - [MESSAGE][PASSED] - Actual text and expected text of test object 'Object Repository/2. CURA Object Text/Healthcare Service' are matched.

17-07-2024T13:40:06 - [TEST_STEP][PASSED] - closeBrowser(): Browser is closed

17-07-2024T13:40:07 - [MESSAGE][PASSED] - Browser is closed]]></system-out>
         <system-err><![CDATA[]]></system-err>
      </testcase>
      <system-out><![CDATA[17-07-2024T13:37:07 - [TEST_SUITE][FAILED] - TS03 - Logout variation: Test Cases/CURA Web Test/TC02 - Login normally FAILED.
Reason:
com.kms.katalon.core.exception.StepFailedException: Unable to click on object 'Object Repository/1. CURA Object button/Make Appointment'
	at com.kms.katalon.core.webui.keyword.internal.WebUIKeywordMain.stepFailed(WebUIKeywordMain.groovy:64)
	at com.kms.katalon.core.webui.keyword.internal.WebUIKeywordMain.runKeyword(WebUIKeywordMain.groovy:26)
	at com.kms.katalon.core.webui.keyword.builtin.ClickKeyword.click(ClickKeyword.groovy:74)
	at com.kms.katalon.core.webui.keyword.builtin.ClickKeyword.execute(ClickKeyword.groovy:40)
	at com.kms.katalon.core.keyword.internal.KeywordExecutor.executeKeywordForPlatform(KeywordExecutor.groovy:74)
	at com.kms.katalon.core.webui.keyword.WebUiBuiltInKeywords.click(WebUiBuiltInKeywords.groovy:659)
	at TC02 - Login normally.run(TC02 - Login normally:26)
	at com.kms.katalon.core.main.ScriptEngine.run(ScriptEngine.java:194)
	at com.kms.katalon.core.main.ScriptEngine.runScriptAsRawText(ScriptEngine.java:119)
	at com.kms.katalon.core.main.TestCaseExecutor.runScript(TestCaseExecutor.java:448)
	at com.kms.katalon.core.main.TestCaseExecutor.doExecute(TestCaseExecutor.java:439)
	at com.kms.katalon.core.main.TestCaseExecutor.processExecutionPhase(TestCaseExecutor.java:418)
	at com.kms.katalon.core.main.TestCaseExecutor.accessMainPhase(TestCaseExecutor.java:410)
	at com.kms.katalon.core.main.TestCaseExecutor.execute(TestCaseExecutor.java:285)
	at com.kms.katalon.core.common.CommonExecutor.accessTestCaseMainPhase(CommonExecutor.java:65)
	at com.kms.katalon.core.main.TestSuiteExecutor.accessTestSuiteMainPhase(TestSuiteExecutor.java:150)
	at com.kms.katalon.core.main.TestSuiteExecutor.execute(TestSuiteExecutor.java:106)
	at com.kms.katalon.core.main.TestCaseMain.startTestSuite(TestCaseMain.java:180)
	at TempTestSuite1721198085047.run(TempTestSuite1721198085047.groovy:35)
	at java.base/jdk.internal.reflect.NativeMethodAccessorImpl.invoke0(Native Method)
	at java.base/jdk.internal.reflect.NativeMethodAccessorImpl.invoke(NativeMethodAccessorImpl.java:77)
	at java.base/jdk.internal.reflect.DelegatingMethodAccessorImpl.invoke(DelegatingMethodAccessorImpl.java:43)
Caused by: org.openqa.selenium.WebDriverException: disconnected: not connected to DevTools
  (failed to check if window was closed: disconnected: not connected to DevTools)
  (Session info: chrome=126.0.6478.127)
Build info: version: '3.141.59', revision: 'unknown', time: 'unknown'
System info: host: 'LAPTOP-7QB5JFLU', ip: '192.168.1.12', os.name: 'Windows 11', os.arch: 'amd64', os.version: '10.0', java.version: '17.0.7'
Driver info: com.kms.katalon.selenium.driver.CChromeDriver
Capabilities {acceptInsecureCerts: false, browserName: chrome, browserVersion: 126.0.6478.127, chrome: {chromedriverVersion: 126.0.6478.126 (d36ace6122e..., userDataDir: C:\Users\Lenovo\AppData\Loc...}, fedcm:accounts: true, goog:chromeOptions: {debuggerAddress: localhost:54332}, javascriptEnabled: true, networkConnectionEnabled: false, pageLoadStrategy: normal, platform: WINDOWS, platformName: WINDOWS, proxy: Proxy(), setWindowRect: true, strictFileInteractability: false, timeouts: {implicit: 0, pageLoad: 300000, script: 30000}, unhandledPromptBehavior: dismiss and notify, webauthn:extension:credBlob: true, webauthn:extension:largeBlob: true, webauthn:extension:minPinLength: true, webauthn:extension:prf: true, webauthn:virtualAuthenticators: true}
Session ID: e3d441ee423dc2d0eaec7809036bf926
*** Element info: {Using=xpath, value=//*[@id = 'btn-make-appointment']}
	at java.base/jdk.internal.reflect.NativeConstructorAccessorImpl.newInstance0(Native Method)
	at java.base/jdk.internal.reflect.NativeConstructorAccessorImpl.newInstance(NativeConstructorAccessorImpl.java:77)
	at java.base/jdk.internal.reflect.DelegatingConstructorAccessorImpl.newInstance(DelegatingConstructorAccessorImpl.java:45)
	at org.openqa.selenium.remote.http.W3CHttpResponseCodec.createException(W3CHttpResponseCodec.java:187)
	at org.openqa.selenium.remote.http.W3CHttpResponseCodec.decode(W3CHttpResponseCodec.java:122)
	at org.openqa.selenium.remote.http.W3CHttpResponseCodec.decode(W3CHttpResponseCodec.java:49)
	at org.openqa.selenium.remote.HttpCommandExecutor.execute(HttpCommandExecutor.java:158)
	at org.openqa.selenium.remote.service.DriverCommandExecutor.execute(DriverCommandExecutor.java:83)
	at org.openqa.selenium.remote.RemoteWebDriver.execute(RemoteWebDriver.java:552)
	at com.kms.katalon.selenium.driver.CChromeDriver.execute(CChromeDriver.java:19)
	at org.openqa.selenium.remote.RemoteWebDriver.findElements(RemoteWebDriver.java:353)
	at org.openqa.selenium.remote.RemoteWebDriver.findElementsByXPath(RemoteWebDriver.java:432)
	at org.openqa.selenium.By$ByXPath.findElements(By.java:348)
	at org.openqa.selenium.remote.RemoteWebDriver.findElements(RemoteWebDriver.java:311)
	at java.base/jdk.internal.reflect.NativeMethodAccessorImpl.invoke0(Native Method)
	at java.base/jdk.internal.reflect.NativeMethodAccessorImpl.invoke(NativeMethodAccessorImpl.java:77)
	at java.base/jdk.internal.reflect.DelegatingMethodAccessorImpl.invoke(DelegatingMethodAccessorImpl.java:43)
	at org.openqa.selenium.support.events.EventFiringWebDriver.lambda$new$1(EventFiringWebDriver.java:105)
	at jdk.proxy2/jdk.proxy2.$Proxy23.findElements(Unknown Source)
	at org.openqa.selenium.support.events.EventFiringWebDriver.findElements(EventFiringWebDriver.java:182)
	at com.kms.katalon.core.webui.common.WebUiCommonHelper.findElementByNormalMethods(WebUiCommonHelper.java:1036)
	at com.kms.katalon.core.webui.common.WebUiCommonHelper.findElementsBySelectedMethod(WebUiCommonHelper.java:915)
	at com.kms.katalon.core.webui.common.WebUiCommonHelper.findElementsBySelectedMethod(WebUiCommonHelper.java:902)
	at com.kms.katalon.core.webui.common.WebUiCommonHelper.findElementsBySelectedMethod(WebUiCommonHelper.java:897)
	at com.kms.katalon.core.webui.common.WebUiCommonHelper.findElementsByDefault(WebUiCommonHelper.java:893)
	at com.kms.katalon.core.webui.common.WebUiCommonHelper.findElementsWithSelfHealing(WebUiCommonHelper.java:739)
	at com.kms.katalon.core.webui.common.WebUiCommonHelper.findWebElements(WebUiCommonHelper.java:723)
	at com.kms.katalon.core.webui.common.WebUiCommonHelper.findWebElement(WebUiCommonHelper.java:1416)
	at com.kms.katalon.core.webui.keyword.internal.WebUIAbstractKeyword.findWebElement(WebUIAbstractKeyword.groovy:27)
	at com.kms.katalon.core.webui.keyword.builtin.ClickKeyword$_click_closure1.doCall(ClickKeyword.groovy:65)
	at com.kms.katalon.core.webui.keyword.builtin.ClickKeyword$_click_closure1.call(ClickKeyword.groovy)
	at com.kms.katalon.core.webui.keyword.internal.WebUIKeywordMain.runKeyword(WebUIKeywordMain.groovy:20)
	... 20 more]]></system-out>
      <system-err><![CDATA[17-07-2024T13:37:07 - [TEST_SUITE][FAILED] - TS03 - Logout variation: Test Cases/CURA Web Test/TC02 - Login normally FAILED.
Reason:
com.kms.katalon.core.exception.StepFailedException: Unable to click on object 'Object Repository/1. CURA Object button/Make Appointment'
	at com.kms.katalon.core.webui.keyword.internal.WebUIKeywordMain.stepFailed(WebUIKeywordMain.groovy:64)
	at com.kms.katalon.core.webui.keyword.internal.WebUIKeywordMain.runKeyword(WebUIKeywordMain.groovy:26)
	at com.kms.katalon.core.webui.keyword.builtin.ClickKeyword.click(ClickKeyword.groovy:74)
	at com.kms.katalon.core.webui.keyword.builtin.ClickKeyword.execute(ClickKeyword.groovy:40)
	at com.kms.katalon.core.keyword.internal.KeywordExecutor.executeKeywordForPlatform(KeywordExecutor.groovy:74)
	at com.kms.katalon.core.webui.keyword.WebUiBuiltInKeywords.click(WebUiBuiltInKeywords.groovy:659)
	at TC02 - Login normally.run(TC02 - Login normally:26)
	at com.kms.katalon.core.main.ScriptEngine.run(ScriptEngine.java:194)
	at com.kms.katalon.core.main.ScriptEngine.runScriptAsRawText(ScriptEngine.java:119)
	at com.kms.katalon.core.main.TestCaseExecutor.runScript(TestCaseExecutor.java:448)
	at com.kms.katalon.core.main.TestCaseExecutor.doExecute(TestCaseExecutor.java:439)
	at com.kms.katalon.core.main.TestCaseExecutor.processExecutionPhase(TestCaseExecutor.java:418)
	at com.kms.katalon.core.main.TestCaseExecutor.accessMainPhase(TestCaseExecutor.java:410)
	at com.kms.katalon.core.main.TestCaseExecutor.execute(TestCaseExecutor.java:285)
	at com.kms.katalon.core.common.CommonExecutor.accessTestCaseMainPhase(CommonExecutor.java:65)
	at com.kms.katalon.core.main.TestSuiteExecutor.accessTestSuiteMainPhase(TestSuiteExecutor.java:150)
	at com.kms.katalon.core.main.TestSuiteExecutor.execute(TestSuiteExecutor.java:106)
	at com.kms.katalon.core.main.TestCaseMain.startTestSuite(TestCaseMain.java:180)
	at TempTestSuite1721198085047.run(TempTestSuite1721198085047.groovy:35)
	at java.base/jdk.internal.reflect.NativeMethodAccessorImpl.invoke0(Native Method)
	at java.base/jdk.internal.reflect.NativeMethodAccessorImpl.invoke(NativeMethodAccessorImpl.java:77)
	at java.base/jdk.internal.reflect.DelegatingMethodAccessorImpl.invoke(DelegatingMethodAccessorImpl.java:43)
Caused by: org.openqa.selenium.WebDriverException: disconnected: not connected to DevTools
  (failed to check if window was closed: disconnected: not connected to DevTools)
  (Session info: chrome=126.0.6478.127)
Build info: version: '3.141.59', revision: 'unknown', time: 'unknown'
System info: host: 'LAPTOP-7QB5JFLU', ip: '192.168.1.12', os.name: 'Windows 11', os.arch: 'amd64', os.version: '10.0', java.version: '17.0.7'
Driver info: com.kms.katalon.selenium.driver.CChromeDriver
Capabilities {acceptInsecureCerts: false, browserName: chrome, browserVersion: 126.0.6478.127, chrome: {chromedriverVersion: 126.0.6478.126 (d36ace6122e..., userDataDir: C:\Users\Lenovo\AppData\Loc...}, fedcm:accounts: true, goog:chromeOptions: {debuggerAddress: localhost:54332}, javascriptEnabled: true, networkConnectionEnabled: false, pageLoadStrategy: normal, platform: WINDOWS, platformName: WINDOWS, proxy: Proxy(), setWindowRect: true, strictFileInteractability: false, timeouts: {implicit: 0, pageLoad: 300000, script: 30000}, unhandledPromptBehavior: dismiss and notify, webauthn:extension:credBlob: true, webauthn:extension:largeBlob: true, webauthn:extension:minPinLength: true, webauthn:extension:prf: true, webauthn:virtualAuthenticators: true}
Session ID: e3d441ee423dc2d0eaec7809036bf926
*** Element info: {Using=xpath, value=//*[@id = 'btn-make-appointment']}
	at java.base/jdk.internal.reflect.NativeConstructorAccessorImpl.newInstance0(Native Method)
	at java.base/jdk.internal.reflect.NativeConstructorAccessorImpl.newInstance(NativeConstructorAccessorImpl.java:77)
	at java.base/jdk.internal.reflect.DelegatingConstructorAccessorImpl.newInstance(DelegatingConstructorAccessorImpl.java:45)
	at org.openqa.selenium.remote.http.W3CHttpResponseCodec.createException(W3CHttpResponseCodec.java:187)
	at org.openqa.selenium.remote.http.W3CHttpResponseCodec.decode(W3CHttpResponseCodec.java:122)
	at org.openqa.selenium.remote.http.W3CHttpResponseCodec.decode(W3CHttpResponseCodec.java:49)
	at org.openqa.selenium.remote.HttpCommandExecutor.execute(HttpCommandExecutor.java:158)
	at org.openqa.selenium.remote.service.DriverCommandExecutor.execute(DriverCommandExecutor.java:83)
	at org.openqa.selenium.remote.RemoteWebDriver.execute(RemoteWebDriver.java:552)
	at com.kms.katalon.selenium.driver.CChromeDriver.execute(CChromeDriver.java:19)
	at org.openqa.selenium.remote.RemoteWebDriver.findElements(RemoteWebDriver.java:353)
	at org.openqa.selenium.remote.RemoteWebDriver.findElementsByXPath(RemoteWebDriver.java:432)
	at org.openqa.selenium.By$ByXPath.findElements(By.java:348)
	at org.openqa.selenium.remote.RemoteWebDriver.findElements(RemoteWebDriver.java:311)
	at java.base/jdk.internal.reflect.NativeMethodAccessorImpl.invoke0(Native Method)
	at java.base/jdk.internal.reflect.NativeMethodAccessorImpl.invoke(NativeMethodAccessorImpl.java:77)
	at java.base/jdk.internal.reflect.DelegatingMethodAccessorImpl.invoke(DelegatingMethodAccessorImpl.java:43)
	at org.openqa.selenium.support.events.EventFiringWebDriver.lambda$new$1(EventFiringWebDriver.java:105)
	at jdk.proxy2/jdk.proxy2.$Proxy23.findElements(Unknown Source)
	at org.openqa.selenium.support.events.EventFiringWebDriver.findElements(EventFiringWebDriver.java:182)
	at com.kms.katalon.core.webui.common.WebUiCommonHelper.findElementByNormalMethods(WebUiCommonHelper.java:1036)
	at com.kms.katalon.core.webui.common.WebUiCommonHelper.findElementsBySelectedMethod(WebUiCommonHelper.java:915)
	at com.kms.katalon.core.webui.common.WebUiCommonHelper.findElementsBySelectedMethod(WebUiCommonHelper.java:902)
	at com.kms.katalon.core.webui.common.WebUiCommonHelper.findElementsBySelectedMethod(WebUiCommonHelper.java:897)
	at com.kms.katalon.core.webui.common.WebUiCommonHelper.findElementsByDefault(WebUiCommonHelper.java:893)
	at com.kms.katalon.core.webui.common.WebUiCommonHelper.findElementsWithSelfHealing(WebUiCommonHelper.java:739)
	at com.kms.katalon.core.webui.common.WebUiCommonHelper.findWebElements(WebUiCommonHelper.java:723)
	at com.kms.katalon.core.webui.common.WebUiCommonHelper.findWebElement(WebUiCommonHelper.java:1416)
	at com.kms.katalon.core.webui.keyword.internal.WebUIAbstractKeyword.findWebElement(WebUIAbstractKeyword.groovy:27)
	at com.kms.katalon.core.webui.keyword.builtin.ClickKeyword$_click_closure1.doCall(ClickKeyword.groovy:65)
	at com.kms.katalon.core.webui.keyword.builtin.ClickKeyword$_click_closure1.call(ClickKeyword.groovy)
	at com.kms.katalon.core.webui.keyword.internal.WebUIKeywordMain.runKeyword(WebUIKeywordMain.groovy:20)
	... 20 more]]></system-err>
   </testsuite>
   <testsuite name="TS04 - Appointment check" tests="4" failures="0" errors="0" time="69.273" skipped="0" timestamp="17-07-2024T13:40:19" hostname="Lenovo - LAPTOP-7QB5JFLU" id="Test Suites/CURA Test suites/TS04 - Appointment check">
      <properties>
         <property name="deviceName" value=""/>
         <property name="devicePlatform"/>
         <property name="logFolder" value="C:\\Users\\Lenovo\\git\\KatalonPractitionerLevel\\Reports\\20240717_133439\\CURA Test suites\\TS04 - Appointment check\\20240717_133447"/>
         <property name="logFiles" value="C:\\Users\\Lenovo\\git\\KatalonPractitionerLevel\\Reports\\20240717_133439\\CURA Test suites\\TS04 - Appointment check\\20240717_133447\\execution0.log"/>
         <property name="attachments" value="keyes\keyes-CURA Homepage.png, keyes\keyes-Hongkong Appointment Confirmation.png, keyes\keyes-Seoul Appoinment Confirmation.png, keyes\keyes-Tokyo Appointment Confirmation.png"/>
         <property name="hostName" value="Lenovo - LAPTOP-7QB5JFLU"/>
         <property name="os" value="Windows 11 64bit"/>
         <property name="katalonVersion" value="9.6.0.217"/>
         <property name="browser" value="Chrome 126.0.0.0"/>
         <property name="hostAddress" value="192.168.1.12"/>
         <property name="sessionId" value="3154155ead23a3e61028245c7b21e05d"/>
         <property name="seleniumVersion" value="3.141.59"/>
         <property name="proxyInformation" value="ProxyInformation { proxyOption=NO_PROXY, proxyServerType=HTTP, username=, password=********, proxyServerAddress=, proxyServerPort=0, executionList=&quot;&quot;, isApplyToDesiredCapabilities=true }"/>
         <property name="platform" value="Windows 11"/>
      </properties>
      <testcase name="Test Cases/CURA Web Test/TC01 - Verify homepage of CURA" time="9.944" classname="Test Cases/CURA Web Test/TC01 - Verify homepage of CURA" status="PASSED">
         <system-out><![CDATA[17-07-2024T13:40:19 - [TEST_CASE][PASSED] - Test Cases/CURA Web Test/TC01 - Verify homepage of CURA: Test Cases/CURA Web Test/TC01 - Verify homepage of CURA

17-07-2024T13:40:20 - [TEST_STEP][PASSED] - openBrowser(""): Browser is opened with url: ''

17-07-2024T13:40:20 - [MESSAGE][INFO] - Starting 'Chrome' driver

17-07-2024T13:40:20 - [MESSAGE][INFO] - Action delay is set to 0 milliseconds

17-07-2024T13:40:22 - [MESSAGE][PASSED] - Browser is opened with url: ''

17-07-2024T13:40:22 - [TEST_STEP][PASSED] - navigateToUrl("https://katalon-demo-cura.herokuapp.com/"): Navigate to 'https://katalon-demo-cura.herokuapp.com/' successfully

17-07-2024T13:40:24 - [MESSAGE][PASSED] - Navigate to 'https://katalon-demo-cura.herokuapp.com/' successfully

17-07-2024T13:40:24 - [TEST_STEP][PASSED] - takeScreenshotAsCheckpoint("CURA Homepage"): Taking screenshot successfully

17-07-2024T13:40:25 - [MESSAGE][INFO] - 0 hidden object(s)

17-07-2024T13:40:25 - [MESSAGE][PASSED] - Taking screenshot successfully
[[ATTACHMENT|keyes\keyes-CURA Homepage.png]]

17-07-2024T13:40:25 - [TEST_STEP][PASSED] - verifyElementText(findTestObject("2. CURA Object Text/Healthcare Service"), "CURA Healthcare Service"): Actual text and expected text of test object 'Object Repository/2. CURA Object Text/Healthcare Service' are matched.

17-07-2024T13:40:26 - [MESSAGE][PASSED] - Actual text and expected text of test object 'Object Repository/2. CURA Object Text/Healthcare Service' are matched.

17-07-2024T13:40:26 - [TEST_STEP][PASSED] - verifyElementText(findTestObject("2. CURA Object Text/About Your Health"), "We Care About Your Health"): Actual text and expected text of test object 'Object Repository/2. CURA Object Text/About Your Health' are matched.

17-07-2024T13:40:26 - [MESSAGE][PASSED] - Actual text and expected text of test object 'Object Repository/2. CURA Object Text/About Your Health' are matched.

17-07-2024T13:40:26 - [TEST_STEP][PASSED] - verifyElementText(findTestObject("2. CURA Object Text/strong Healthcare"), "CURA Healthcare Service"): Actual text and expected text of test object 'Object Repository/2. CURA Object Text/strong Healthcare' are matched.

17-07-2024T13:40:26 - [MESSAGE][PASSED] - Actual text and expected text of test object 'Object Repository/2. CURA Object Text/strong Healthcare' are matched.

17-07-2024T13:40:26 - [TEST_STEP][PASSED] - ExpectedValue = "Atlanta 550 Pharr Road NE Suite 525
Atlanta, GA 30305": null

17-07-2024T13:40:27 - [TEST_STEP][PASSED] - verifyElementText(findTestObject("2. CURA Object Text/Office Address"), ExpectedValue): Actual text and expected text of test object 'Object Repository/2. CURA Object Text/Office Address' are matched.

17-07-2024T13:40:27 - [MESSAGE][PASSED] - Actual text and expected text of test object 'Object Repository/2. CURA Object Text/Office Address' are matched.

17-07-2024T13:40:27 - [TEST_STEP][PASSED] - verifyElementText(findTestObject("2. CURA Object Text/Phone"), "(678) 813-1KMS"): Actual text and expected text of test object 'Object Repository/2. CURA Object Text/Phone' are matched.

17-07-2024T13:40:27 - [MESSAGE][PASSED] - Actual text and expected text of test object 'Object Repository/2. CURA Object Text/Phone' are matched.

17-07-2024T13:40:27 - [TEST_STEP][PASSED] - verifyElementText(findTestObject("2. CURA Object Text/Email"), "info@katalon.com"): Actual text and expected text of test object 'Object Repository/2. CURA Object Text/Email' are matched.

17-07-2024T13:40:27 - [MESSAGE][PASSED] - Actual text and expected text of test object 'Object Repository/2. CURA Object Text/Email' are matched.

17-07-2024T13:40:27 - [TEST_STEP][PASSED] - verifyElementClickable(findTestObject("Object Repository/9. Homepage of CURA/Page_CURA/i_fa fa-facebook")): Object 'Object Repository/9. Homepage of CURA/Page_CURA/i_fa fa-facebook' is clickable

17-07-2024T13:40:28 - [MESSAGE][PASSED] - Object 'Object Repository/9. Homepage of CURA/Page_CURA/i_fa fa-facebook' is clickable

17-07-2024T13:40:28 - [TEST_STEP][PASSED] - verifyElementClickable(findTestObject("Object Repository/9. Homepage of CURA/Page_CURA/i_fa fa-twitter")): Object 'Object Repository/9. Homepage of CURA/Page_CURA/i_fa fa-twitter' is clickable

17-07-2024T13:40:28 - [MESSAGE][PASSED] - Object 'Object Repository/9. Homepage of CURA/Page_CURA/i_fa fa-twitter' is clickable

17-07-2024T13:40:28 - [TEST_STEP][PASSED] - verifyElementClickable(findTestObject("Object Repository/9. Homepage of CURA/Page_CURA/i_fa fa-dribbble")): Object 'Object Repository/9. Homepage of CURA/Page_CURA/i_fa fa-dribbble' is clickable

17-07-2024T13:40:29 - [MESSAGE][PASSED] - Object 'Object Repository/9. Homepage of CURA/Page_CURA/i_fa fa-dribbble' is clickable

17-07-2024T13:40:29 - [TEST_STEP][PASSED] - verifyElementText(findTestObject("2. CURA Object Text/Copyright"), "Copyright Â© CURA Healthcare Service 2024"): Actual text and expected text of test object 'Object Repository/2. CURA Object Text/Copyright' are matched.

17-07-2024T13:40:29 - [MESSAGE][PASSED] - Actual text and expected text of test object 'Object Repository/2. CURA Object Text/Copyright' are matched.

17-07-2024T13:40:29 - [TEST_STEP][PASSED] - verifyElementClickable(findTestObject("2. CURA Object Text/Make Appointment")): Object 'Object Repository/2. CURA Object Text/Make Appointment' is clickable

17-07-2024T13:40:29 - [MESSAGE][PASSED] - Object 'Object Repository/2. CURA Object Text/Make Appointment' is clickable]]></system-out>
         <system-err><![CDATA[]]></system-err>
      </testcase>
      <testcase name="Test Cases/CURA Web Test/TC06 - Appointment Hongkong" time="19.846" classname="Test Cases/CURA Web Test/TC06 - Appointment Hongkong" status="PASSED">
         <system-out><![CDATA[17-07-2024T13:40:29 - [TEST_CASE][PASSED] - Test Cases/CURA Web Test/TC06 - Appointment Hongkong: Test Cases/CURA Web Test/TC06 - Appointment Hongkong

17-07-2024T13:40:30 - [TEST_STEP][PASSED] - openBrowser(""): Browser is opened with url: ''

17-07-2024T13:40:30 - [MESSAGE][WARNING] - A browser is already opened. Closing browser and opening a new one

17-07-2024T13:40:30 - [MESSAGE][INFO] - Starting 'Chrome' driver

17-07-2024T13:40:30 - [MESSAGE][INFO] - Action delay is set to 0 milliseconds

17-07-2024T13:40:31 - [MESSAGE][PASSED] - Browser is opened with url: ''

17-07-2024T13:40:31 - [TEST_STEP][PASSED] - navigateToUrl("https://katalon-demo-cura.herokuapp.com/"): Navigate to 'https://katalon-demo-cura.herokuapp.com/' successfully

17-07-2024T13:40:34 - [MESSAGE][PASSED] - Navigate to 'https://katalon-demo-cura.herokuapp.com/' successfully

17-07-2024T13:40:34 - [TEST_STEP][PASSED] - click(findTestObject("4. Appointment Hongkong/Page_CURA/a_Make Appointment")): Object: 'Object Repository/4. Appointment Hongkong/Page_CURA/a_Make Appointment' is clicked on

17-07-2024T13:40:35 - [MESSAGE][PASSED] - Object: 'Object Repository/4. Appointment Hongkong/Page_CURA/a_Make Appointment' is clicked on

17-07-2024T13:40:35 - [TEST_STEP][PASSED] - setText(findTestObject("4. Appointment Hongkong/Page_CURA/input_Username"), "John Doe"): Text 'John Doe' is set on object 'Object Repository/4. Appointment Hongkong/Page_CURA/input_Username'

17-07-2024T13:40:36 - [MESSAGE][PASSED] - Text 'John Doe' is set on object 'Object Repository/4. Appointment Hongkong/Page_CURA/input_Username'

17-07-2024T13:40:36 - [TEST_STEP][PASSED] - setEncryptedText(findTestObject("Object Repository/4. Appointment Hongkong/Page_CURA/input_Password"), "g3/DOGG74jC3Flrr3yH+3D/yKbOqqUNM"): Text ****** has been set on object 'Object Repository/4. Appointment Hongkong/Page_CURA/input_Password'

17-07-2024T13:40:37 - [MESSAGE][PASSED] - Text ****** has been set on object 'Object Repository/4. Appointment Hongkong/Page_CURA/input_Password'

17-07-2024T13:40:37 - [TEST_STEP][PASSED] - click(findTestObject("Object Repository/4. Appointment Hongkong/Page_CURA/button_Login")): Object: 'Object Repository/4. Appointment Hongkong/Page_CURA/button_Login' is clicked on

17-07-2024T13:40:38 - [MESSAGE][PASSED] - Object: 'Object Repository/4. Appointment Hongkong/Page_CURA/button_Login' is clicked on

17-07-2024T13:40:38 - [TEST_STEP][PASSED] - selectOptionByValue(findTestObject("Object Repository/4. Appointment Hongkong/Page_CURA/select_Tokyo"), "Seoul CURA Healthcare Center", true): All options with value 'Seoul CURA Healthcare Center' are selected in object 'Object Repository/4. Appointment Hongkong/Page_CURA/select_Tokyo'  using regular expression

17-07-2024T13:40:39 - [MESSAGE][PASSED] - All options with value 'Seoul CURA Healthcare Center' are selected in object 'Object Repository/4. Appointment Hongkong/Page_CURA/select_Tokyo'  using regular expression

17-07-2024T13:40:39 - [TEST_STEP][PASSED] - selectOptionByValue(findTestObject("Object Repository/4. Appointment Hongkong/Page_CURA/select_Tokyo"), "Hongkong CURA Healthcare Center", true): All options with value 'Hongkong CURA Healthcare Center' are selected in object 'Object Repository/4. Appointment Hongkong/Page_CURA/select_Tokyo'  using regular expression

17-07-2024T13:40:40 - [MESSAGE][PASSED] - All options with value 'Hongkong CURA Healthcare Center' are selected in object 'Object Repository/4. Appointment Hongkong/Page_CURA/select_Tokyo'  using regular expression

17-07-2024T13:40:40 - [TEST_STEP][PASSED] - click(findTestObject("Object Repository/4. Appointment Hongkong/Page_CURA/input_readmission")): Object: 'Object Repository/4. Appointment Hongkong/Page_CURA/input_readmission' is clicked on

17-07-2024T13:40:41 - [MESSAGE][PASSED] - Object: 'Object Repository/4. Appointment Hongkong/Page_CURA/input_readmission' is clicked on

17-07-2024T13:40:41 - [TEST_STEP][PASSED] - click(findTestObject("Object Repository/4. Appointment Hongkong/Page_CURA/input_None_programs")): Object: 'Object Repository/4. Appointment Hongkong/Page_CURA/input_None_programs' is clicked on

17-07-2024T13:40:41 - [MESSAGE][PASSED] - Object: 'Object Repository/4. Appointment Hongkong/Page_CURA/input_None_programs' is clicked on

17-07-2024T13:40:41 - [TEST_STEP][PASSED] - click(findTestObject("Object Repository/4. Appointment Hongkong/Page_CURA/input_Medicare_programs")): Object: 'Object Repository/4. Appointment Hongkong/Page_CURA/input_Medicare_programs' is clicked on

17-07-2024T13:40:41 - [MESSAGE][PASSED] - Object: 'Object Repository/4. Appointment Hongkong/Page_CURA/input_Medicare_programs' is clicked on

17-07-2024T13:40:41 - [TEST_STEP][PASSED] - click(findTestObject("Object Repository/4. Appointment Hongkong/Page_CURA/span_Visit Date")): Object: 'Object Repository/4. Appointment Hongkong/Page_CURA/span_Visit Date' is clicked on

17-07-2024T13:40:42 - [MESSAGE][PASSED] - Object: 'Object Repository/4. Appointment Hongkong/Page_CURA/span_Visit Date' is clicked on

17-07-2024T13:40:42 - [TEST_STEP][PASSED] - click(findTestObject("Object Repository/4. Appointment Hongkong/Page_CURA/td_1")): Object: 'Object Repository/4. Appointment Hongkong/Page_CURA/td_1' is clicked on

17-07-2024T13:40:42 - [MESSAGE][PASSED] - Object: 'Object Repository/4. Appointment Hongkong/Page_CURA/td_1' is clicked on

17-07-2024T13:40:42 - [TEST_STEP][PASSED] - click(findTestObject("Object Repository/4. Appointment Hongkong/Page_CURA/input_Visit Date")): Object: 'Object Repository/4. Appointment Hongkong/Page_CURA/input_Visit Date' is clicked on

17-07-2024T13:40:43 - [MESSAGE][PASSED] - Object: 'Object Repository/4. Appointment Hongkong/Page_CURA/input_Visit Date' is clicked on

17-07-2024T13:40:43 - [TEST_STEP][PASSED] - setText(findTestObject("Object Repository/4. Appointment Hongkong/Page_CURA/textarea_Comment"), "Lets meet at 8 PM"): Text 'Lets meet at 8 PM' is set on object 'Object Repository/4. Appointment Hongkong/Page_CURA/textarea_Comment'

17-07-2024T13:40:44 - [MESSAGE][PASSED] - Text 'Lets meet at 8 PM' is set on object 'Object Repository/4. Appointment Hongkong/Page_CURA/textarea_Comment'

17-07-2024T13:40:44 - [TEST_STEP][PASSED] - click(findTestObject("Object Repository/4. Appointment Hongkong/Page_CURA/button_Book Appointment")): Object: 'Object Repository/4. Appointment Hongkong/Page_CURA/button_Book Appointment' is clicked on

17-07-2024T13:40:44 - [MESSAGE][PASSED] - Object: 'Object Repository/4. Appointment Hongkong/Page_CURA/button_Book Appointment' is clicked on

17-07-2024T13:40:44 - [TEST_STEP][PASSED] - takeScreenshotAsCheckpoint("Hongkong Appointment Confirmation"): Taking screenshot successfully

17-07-2024T13:40:45 - [MESSAGE][INFO] - 0 hidden object(s)

17-07-2024T13:40:45 - [MESSAGE][PASSED] - Taking screenshot successfully
[[ATTACHMENT|keyes\keyes-Hongkong Appointment Confirmation.png]]

17-07-2024T13:40:45 - [TEST_STEP][PASSED] - click(findTestObject("Object Repository/4. Appointment Hongkong/Page_CURA/h2_Appointment Confirmation")): Object: 'Object Repository/4. Appointment Hongkong/Page_CURA/h2_Appointment Confirmation' is clicked on

17-07-2024T13:40:46 - [MESSAGE][PASSED] - Object: 'Object Repository/4. Appointment Hongkong/Page_CURA/h2_Appointment Confirmation' is clicked on

17-07-2024T13:40:46 - [TEST_STEP][PASSED] - click(findTestObject("Object Repository/4. Appointment Hongkong/Page_CURA/p_ your appointment")): Object: 'Object Repository/4. Appointment Hongkong/Page_CURA/p_ your appointment' is clicked on

17-07-2024T13:40:46 - [MESSAGE][PASSED] - Object: 'Object Repository/4. Appointment Hongkong/Page_CURA/p_ your appointment' is clicked on

17-07-2024T13:40:46 - [TEST_STEP][PASSED] - click(findTestObject("Object Repository/4. Appointment Hongkong/Page_CURA/p_Hongkong")): Object: 'Object Repository/4. Appointment Hongkong/Page_CURA/p_Hongkong' is clicked on

17-07-2024T13:40:46 - [MESSAGE][PASSED] - Object: 'Object Repository/4. Appointment Hongkong/Page_CURA/p_Hongkong' is clicked on

17-07-2024T13:40:46 - [TEST_STEP][PASSED] - verifyElementPresent(findTestObject("Object Repository/4. Appointment Hongkong/Page_CURA/p_Yes"), 0): Object 'Object Repository/4. Appointment Hongkong/Page_CURA/p_Yes' is present

17-07-2024T13:40:46 - [MESSAGE][WARNING] - Timeout '0' is invalid. Using default page load timeout: '30'

17-07-2024T13:40:47 - [MESSAGE][PASSED] - Object 'Object Repository/4. Appointment Hongkong/Page_CURA/p_Yes' is present

17-07-2024T13:40:47 - [TEST_STEP][PASSED] - verifyElementPresent(findTestObject("Object Repository/4. Appointment Hongkong/Page_CURA/p_Medicare"), 0): Object 'Object Repository/4. Appointment Hongkong/Page_CURA/p_Medicare' is present

17-07-2024T13:40:47 - [MESSAGE][WARNING] - Timeout '0' is invalid. Using default page load timeout: '30'

17-07-2024T13:40:47 - [MESSAGE][PASSED] - Object 'Object Repository/4. Appointment Hongkong/Page_CURA/p_Medicare' is present

17-07-2024T13:40:47 - [TEST_STEP][PASSED] - verifyElementPresent(findTestObject("Object Repository/4. Appointment Hongkong/Page_CURA/p_01072024"), 0): Object 'Object Repository/4. Appointment Hongkong/Page_CURA/p_01072024' is present

17-07-2024T13:40:47 - [MESSAGE][WARNING] - Timeout '0' is invalid. Using default page load timeout: '30'

17-07-2024T13:40:47 - [MESSAGE][PASSED] - Object 'Object Repository/4. Appointment Hongkong/Page_CURA/p_01072024' is present

17-07-2024T13:40:47 - [TEST_STEP][PASSED] - verifyElementPresent(findTestObject("Object Repository/4. Appointment Hongkong/Page_CURA/p_Lets meet at 8 PM"), 0): Object 'Object Repository/4. Appointment Hongkong/Page_CURA/p_Lets meet at 8 PM' is present

17-07-2024T13:40:47 - [MESSAGE][WARNING] - Timeout '0' is invalid. Using default page load timeout: '30'

17-07-2024T13:40:48 - [MESSAGE][PASSED] - Object 'Object Repository/4. Appointment Hongkong/Page_CURA/p_Lets meet at 8 PM' is present

17-07-2024T13:40:48 - [TEST_STEP][PASSED] - click(findTestObject("Object Repository/4. Appointment Hongkong/Page_CURA/Go Homepage")): Object: 'Object Repository/4. Appointment Hongkong/Page_CURA/Go Homepage' is clicked on

17-07-2024T13:40:48 - [MESSAGE][PASSED] - Object: 'Object Repository/4. Appointment Hongkong/Page_CURA/Go Homepage' is clicked on

17-07-2024T13:40:48 - [TEST_STEP][PASSED] - click(findTestObject("Object Repository/4. Appointment Hongkong/Page_CURA/h1_CURA Service")): Object: 'Object Repository/4. Appointment Hongkong/Page_CURA/h1_CURA Service' is clicked on

17-07-2024T13:40:49 - [MESSAGE][PASSED] - Object: 'Object Repository/4. Appointment Hongkong/Page_CURA/h1_CURA Service' is clicked on

17-07-2024T13:40:49 - [TEST_STEP][PASSED] - closeBrowser(): Browser is closed

17-07-2024T13:40:49 - [MESSAGE][PASSED] - Browser is closed]]></system-out>
         <system-err><![CDATA[]]></system-err>
      </testcase>
      <testcase name="Test Cases/CURA Web Test/TC07 - Appointment Seoul" time="17.469" classname="Test Cases/CURA Web Test/TC07 - Appointment Seoul" status="PASSED">
         <system-out><![CDATA[17-07-2024T13:40:49 - [TEST_CASE][PASSED] - Test Cases/CURA Web Test/TC07 - Appointment Seoul: Test Cases/CURA Web Test/TC07 - Appointment Seoul

17-07-2024T13:40:49 - [TEST_STEP][PASSED] - openBrowser(""): Browser is opened with url: ''

17-07-2024T13:40:49 - [MESSAGE][INFO] - Starting 'Chrome' driver

17-07-2024T13:40:49 - [MESSAGE][INFO] - Action delay is set to 0 milliseconds

17-07-2024T13:40:50 - [MESSAGE][PASSED] - Browser is opened with url: ''

17-07-2024T13:40:50 - [TEST_STEP][PASSED] - navigateToUrl("https://katalon-demo-cura.herokuapp.com/"): Navigate to 'https://katalon-demo-cura.herokuapp.com/' successfully

17-07-2024T13:40:53 - [MESSAGE][PASSED] - Navigate to 'https://katalon-demo-cura.herokuapp.com/' successfully

17-07-2024T13:40:53 - [TEST_STEP][PASSED] - click(findTestObject("Object Repository/3. Appointment/Page_CURA/Make Appointment")): Object: 'Object Repository/3. Appointment/Page_CURA/Make Appointment' is clicked on

17-07-2024T13:40:54 - [MESSAGE][PASSED] - Object: 'Object Repository/3. Appointment/Page_CURA/Make Appointment' is clicked on

17-07-2024T13:40:54 - [TEST_STEP][PASSED] - setText(findTestObject("Object Repository/3. Appointment/Page_CURA/input_Username"), "John Doe"): Text 'John Doe' is set on object 'Object Repository/3. Appointment/Page_CURA/input_Username'

17-07-2024T13:40:55 - [MESSAGE][PASSED] - Text 'John Doe' is set on object 'Object Repository/3. Appointment/Page_CURA/input_Username'

17-07-2024T13:40:55 - [TEST_STEP][PASSED] - setEncryptedText(findTestObject("Object Repository/3. Appointment/Page_CURA/input_Password_password"), "g3/DOGG74jC3Flrr3yH+3D/yKbOqqUNM"): Text ****** has been set on object 'Object Repository/3. Appointment/Page_CURA/input_Password_password'

17-07-2024T13:40:55 - [MESSAGE][PASSED] - Text ****** has been set on object 'Object Repository/3. Appointment/Page_CURA/input_Password_password'

17-07-2024T13:40:55 - [TEST_STEP][PASSED] - click(findTestObject("Object Repository/3. Appointment/Page_CURA/button_Login")): Object: 'Object Repository/3. Appointment/Page_CURA/button_Login' is clicked on

17-07-2024T13:40:56 - [MESSAGE][PASSED] - Object: 'Object Repository/3. Appointment/Page_CURA/button_Login' is clicked on

17-07-2024T13:40:56 - [TEST_STEP][PASSED] - verifyElementText(findTestObject("Object Repository/3. Appointment/Page_CURA/h2_Make Appointment"), "Make Appointment"): Actual text and expected text of test object 'Object Repository/3. Appointment/Page_CURA/h2_Make Appointment' are matched.

17-07-2024T13:40:57 - [MESSAGE][PASSED] - Actual text and expected text of test object 'Object Repository/3. Appointment/Page_CURA/h2_Make Appointment' are matched.

17-07-2024T13:40:57 - [TEST_STEP][PASSED] - selectOptionByValue(findTestObject("Object Repository/3. Appointment/Page_CURA/select_Tokyo"), "Seoul CURA Healthcare Center", true): All options with value 'Seoul CURA Healthcare Center' are selected in object 'Object Repository/3. Appointment/Page_CURA/select_Tokyo'  using regular expression

17-07-2024T13:40:58 - [MESSAGE][PASSED] - All options with value 'Seoul CURA Healthcare Center' are selected in object 'Object Repository/3. Appointment/Page_CURA/select_Tokyo'  using regular expression

17-07-2024T13:40:58 - [TEST_STEP][PASSED] - click(findTestObject("Object Repository/3. Appointment/Page_CURA/input_readmission")): Object: 'Object Repository/3. Appointment/Page_CURA/input_readmission' is clicked on

17-07-2024T13:40:58 - [MESSAGE][PASSED] - Object: 'Object Repository/3. Appointment/Page_CURA/input_readmission' is clicked on

17-07-2024T13:40:58 - [TEST_STEP][PASSED] - click(findTestObject("Object Repository/3. Appointment/Page_CURA/input_Medicaid_programs")): Object: 'Object Repository/3. Appointment/Page_CURA/input_Medicaid_programs' is clicked on

17-07-2024T13:40:59 - [MESSAGE][PASSED] - Object: 'Object Repository/3. Appointment/Page_CURA/input_Medicaid_programs' is clicked on

17-07-2024T13:40:59 - [TEST_STEP][PASSED] - click(findTestObject("Object Repository/3. Appointment/Page_CURA/button_Book Appointment")): Object: 'Object Repository/3. Appointment/Page_CURA/button_Book Appointment' is clicked on

17-07-2024T13:40:59 - [MESSAGE][PASSED] - Object: 'Object Repository/3. Appointment/Page_CURA/button_Book Appointment' is clicked on

17-07-2024T13:40:59 - [TEST_STEP][PASSED] - click(findTestObject("Object Repository/3. Appointment/Page_CURA/input_Visit Date")): Object: 'Object Repository/3. Appointment/Page_CURA/input_Visit Date' is clicked on

17-07-2024T13:41:00 - [MESSAGE][PASSED] - Object: 'Object Repository/3. Appointment/Page_CURA/input_Visit Date' is clicked on

17-07-2024T13:41:00 - [TEST_STEP][PASSED] - setText(findTestObject("1. CURA Object button/Visit Date"), "29/06/2024"): Text '29/06/2024' is set on object 'Object Repository/1. CURA Object button/Visit Date'

17-07-2024T13:41:00 - [MESSAGE][PASSED] - Text '29/06/2024' is set on object 'Object Repository/1. CURA Object button/Visit Date'

17-07-2024T13:41:00 - [TEST_STEP][PASSED] - setText(findTestObject("Object Repository/3. Appointment/Page_CURA/textarea_Comment"), "At 9 Am"): Text 'At 9 Am' is set on object 'Object Repository/3. Appointment/Page_CURA/textarea_Comment'

17-07-2024T13:41:01 - [MESSAGE][PASSED] - Text 'At 9 Am' is set on object 'Object Repository/3. Appointment/Page_CURA/textarea_Comment'

17-07-2024T13:41:01 - [TEST_STEP][PASSED] - click(findTestObject("Object Repository/3. Appointment/Page_CURA/button_Book Appointment")): Object: 'Object Repository/3. Appointment/Page_CURA/button_Book Appointment' is clicked on

17-07-2024T13:41:02 - [MESSAGE][PASSED] - Object: 'Object Repository/3. Appointment/Page_CURA/button_Book Appointment' is clicked on

17-07-2024T13:41:02 - [TEST_STEP][PASSED] - takeScreenshotAsCheckpoint("Seoul Appoinment Confirmation"): Taking screenshot successfully

17-07-2024T13:41:03 - [MESSAGE][INFO] - 0 hidden object(s)

17-07-2024T13:41:03 - [MESSAGE][PASSED] - Taking screenshot successfully
[[ATTACHMENT|keyes\keyes-Seoul Appoinment Confirmation.png]]

17-07-2024T13:41:03 - [TEST_STEP][PASSED] - verifyElementText(findTestObject("Object Repository/3. Appointment/Page_CURA/Appointment Confirmation"), "Appointment Confirmation"): Actual text and expected text of test object 'Object Repository/3. Appointment/Page_CURA/Appointment Confirmation' are matched.

17-07-2024T13:41:03 - [MESSAGE][PASSED] - Actual text and expected text of test object 'Object Repository/3. Appointment/Page_CURA/Appointment Confirmation' are matched.

17-07-2024T13:41:03 - [TEST_STEP][PASSED] - verifyElementText(findTestObject("Object Repository/3. Appointment/Page_CURA/p_your appointment"), "Please be informed that your appointment has been booked as following:"): Actual text and expected text of test object 'Object Repository/3. Appointment/Page_CURA/p_your appointment' are matched.

17-07-2024T13:41:03 - [MESSAGE][PASSED] - Actual text and expected text of test object 'Object Repository/3. Appointment/Page_CURA/p_your appointment' are matched.

17-07-2024T13:41:03 - [TEST_STEP][PASSED] - verifyElementText(findTestObject("Object Repository/3. Appointment/Page_CURA/p_Seoul"), "Seoul CURA Healthcare Center"): Actual text and expected text of test object 'Object Repository/3. Appointment/Page_CURA/p_Seoul' are matched.

17-07-2024T13:41:04 - [MESSAGE][PASSED] - Actual text and expected text of test object 'Object Repository/3. Appointment/Page_CURA/p_Seoul' are matched.

17-07-2024T13:41:04 - [TEST_STEP][PASSED] - verifyElementText(findTestObject("Object Repository/3. Appointment/Page_CURA/p_Yes"), "Yes"): Actual text and expected text of test object 'Object Repository/3. Appointment/Page_CURA/p_Yes' are matched.

17-07-2024T13:41:04 - [MESSAGE][PASSED] - Actual text and expected text of test object 'Object Repository/3. Appointment/Page_CURA/p_Yes' are matched.

17-07-2024T13:41:04 - [TEST_STEP][PASSED] - verifyElementText(findTestObject("Object Repository/3. Appointment/Page_CURA/p_Medicaid"), "Medicaid"): Actual text and expected text of test object 'Object Repository/3. Appointment/Page_CURA/p_Medicaid' are matched.

17-07-2024T13:41:04 - [MESSAGE][PASSED] - Actual text and expected text of test object 'Object Repository/3. Appointment/Page_CURA/p_Medicaid' are matched.

17-07-2024T13:41:04 - [TEST_STEP][PASSED] - verifyElementText(findTestObject("Object Repository/3. Appointment/Page_CURA/p_29062024"), "29/06/2024"): Actual text and expected text of test object 'Object Repository/3. Appointment/Page_CURA/p_29062024' are matched.

17-07-2024T13:41:05 - [MESSAGE][PASSED] - Actual text and expected text of test object 'Object Repository/3. Appointment/Page_CURA/p_29062024' are matched.

17-07-2024T13:41:05 - [TEST_STEP][PASSED] - verifyElementText(findTestObject("Object Repository/3. Appointment/Page_CURA/p_At 9 Am"), "At 9 Am"): Actual text and expected text of test object 'Object Repository/3. Appointment/Page_CURA/p_At 9 Am' are matched.

17-07-2024T13:41:05 - [MESSAGE][PASSED] - Actual text and expected text of test object 'Object Repository/3. Appointment/Page_CURA/p_At 9 Am' are matched.

17-07-2024T13:41:05 - [TEST_STEP][PASSED] - click(findTestObject("Object Repository/3. Appointment/Page_CURA/Go to Homepage")): Object: 'Object Repository/3. Appointment/Page_CURA/Go to Homepage' is clicked on

17-07-2024T13:41:06 - [MESSAGE][PASSED] - Object: 'Object Repository/3. Appointment/Page_CURA/Go to Homepage' is clicked on

17-07-2024T13:41:06 - [TEST_STEP][PASSED] - verifyElementText(findTestObject("9. Homepage of CURA/Page_CURA/h1_CURA Service"), "CURA Healthcare Service"): Actual text and expected text of test object 'Object Repository/9. Homepage of CURA/Page_CURA/h1_CURA Service' are matched.

17-07-2024T13:41:06 - [MESSAGE][PASSED] - Actual text and expected text of test object 'Object Repository/9. Homepage of CURA/Page_CURA/h1_CURA Service' are matched.

17-07-2024T13:41:06 - [TEST_STEP][PASSED] - closeBrowser(): Browser is closed

17-07-2024T13:41:07 - [MESSAGE][PASSED] - Browser is closed]]></system-out>
         <system-err><![CDATA[]]></system-err>
      </testcase>
      <testcase name="Test Cases/CURA Web Test/TC08 - Appointment Tokyo" time="21.687" classname="Test Cases/CURA Web Test/TC08 - Appointment Tokyo" status="PASSED">
         <system-out><![CDATA[17-07-2024T13:41:07 - [TEST_CASE][PASSED] - Test Cases/CURA Web Test/TC08 - Appointment Tokyo: Test Cases/CURA Web Test/TC08 - Appointment Tokyo

17-07-2024T13:41:07 - [TEST_STEP][PASSED] - openBrowser(""): Browser is opened with url: ''

17-07-2024T13:41:07 - [MESSAGE][INFO] - Starting 'Chrome' driver

17-07-2024T13:41:07 - [MESSAGE][INFO] - Action delay is set to 0 milliseconds

17-07-2024T13:41:08 - [MESSAGE][PASSED] - Browser is opened with url: ''

17-07-2024T13:41:08 - [TEST_STEP][PASSED] - navigateToUrl("https://katalon-demo-cura.herokuapp.com/"): Navigate to 'https://katalon-demo-cura.herokuapp.com/' successfully

17-07-2024T13:41:14 - [MESSAGE][PASSED] - Navigate to 'https://katalon-demo-cura.herokuapp.com/' successfully

17-07-2024T13:41:14 - [TEST_STEP][PASSED] - click(findTestObject("1. CURA Object button/Make Appointment")): Object: 'Object Repository/1. CURA Object button/Make Appointment' is clicked on

17-07-2024T13:41:15 - [MESSAGE][PASSED] - Object: 'Object Repository/1. CURA Object button/Make Appointment' is clicked on

17-07-2024T13:41:15 - [TEST_STEP][PASSED] - setText(findTestObject("1. CURA Object button/Username"), "John Doe"): Text 'John Doe' is set on object 'Object Repository/1. CURA Object button/Username'

17-07-2024T13:41:16 - [MESSAGE][PASSED] - Text 'John Doe' is set on object 'Object Repository/1. CURA Object button/Username'

17-07-2024T13:41:16 - [TEST_STEP][PASSED] - setEncryptedText(findTestObject("1. CURA Object button/Password"), "g3/DOGG74jC3Flrr3yH+3D/yKbOqqUNM"): Text ****** has been set on object 'Object Repository/1. CURA Object button/Password'

17-07-2024T13:41:17 - [MESSAGE][PASSED] - Text ****** has been set on object 'Object Repository/1. CURA Object button/Password'

17-07-2024T13:41:17 - [TEST_STEP][PASSED] - click(findTestObject("1. CURA Object button/Login Button")): Object: 'Object Repository/1. CURA Object button/Login Button' is clicked on

17-07-2024T13:41:18 - [MESSAGE][PASSED] - Object: 'Object Repository/1. CURA Object button/Login Button' is clicked on

17-07-2024T13:41:18 - [TEST_STEP][PASSED] - selectOptionByValue(findTestObject("1. CURA Object button/Facility"), "Hongkong CURA Healthcare Center", true): All options with value 'Hongkong CURA Healthcare Center' are selected in object 'Object Repository/1. CURA Object button/Facility'  using regular expression

17-07-2024T13:41:19 - [MESSAGE][PASSED] - All options with value 'Hongkong CURA Healthcare Center' are selected in object 'Object Repository/1. CURA Object button/Facility'  using regular expression

17-07-2024T13:41:19 - [TEST_STEP][PASSED] - selectOptionByValue(findTestObject("1. CURA Object button/Facility"), "Tokyo CURA Healthcare Center", true): All options with value 'Tokyo CURA Healthcare Center' are selected in object 'Object Repository/1. CURA Object button/Facility'  using regular expression

17-07-2024T13:41:20 - [MESSAGE][PASSED] - All options with value 'Tokyo CURA Healthcare Center' are selected in object 'Object Repository/1. CURA Object button/Facility'  using regular expression

17-07-2024T13:41:20 - [TEST_STEP][PASSED] - click(findTestObject("1. CURA Object button/Hospital Readmission")): Object: 'Object Repository/1. CURA Object button/Hospital Readmission' is clicked on

17-07-2024T13:41:20 - [MESSAGE][PASSED] - Object: 'Object Repository/1. CURA Object button/Hospital Readmission' is clicked on

17-07-2024T13:41:20 - [TEST_STEP][PASSED] - uncheck(findTestObject("1. CURA Object button/Hospital Readmission")): Object 'Object Repository/1. CURA Object button/Hospital Readmission' is un-checked

17-07-2024T13:41:21 - [MESSAGE][PASSED] - Object 'Object Repository/1. CURA Object button/Hospital Readmission' is un-checked

17-07-2024T13:41:21 - [TEST_STEP][PASSED] - click(findTestObject("1. CURA Object button/None"), CONTINUE_ON_FAILURE): Object: 'Object Repository/1. CURA Object button/None' is clicked on

17-07-2024T13:41:21 - [MESSAGE][PASSED] - Object: 'Object Repository/1. CURA Object button/None' is clicked on

17-07-2024T13:41:21 - [TEST_STEP][PASSED] - click(findTestObject("1. CURA Object button/Medicare"), CONTINUE_ON_FAILURE): Object: 'Object Repository/1. CURA Object button/Medicare' is clicked on

17-07-2024T13:41:21 - [MESSAGE][PASSED] - Object: 'Object Repository/1. CURA Object button/Medicare' is clicked on

17-07-2024T13:41:21 - [TEST_STEP][PASSED] - click(findTestObject("1. CURA Object button/Medicaid")): Object: 'Object Repository/1. CURA Object button/Medicaid' is clicked on

17-07-2024T13:41:22 - [MESSAGE][PASSED] - Object: 'Object Repository/1. CURA Object button/Medicaid' is clicked on

17-07-2024T13:41:22 - [TEST_STEP][PASSED] - click(findTestObject("1. CURA Object button/Medicare")): Object: 'Object Repository/1. CURA Object button/Medicare' is clicked on

17-07-2024T13:41:22 - [MESSAGE][PASSED] - Object: 'Object Repository/1. CURA Object button/Medicare' is clicked on

17-07-2024T13:41:22 - [TEST_STEP][PASSED] - setText(findTestObject("1. CURA Object button/Visit Date"), "30/06/2024"): Text '30/06/2024' is set on object 'Object Repository/1. CURA Object button/Visit Date'

17-07-2024T13:41:23 - [MESSAGE][PASSED] - Text '30/06/2024' is set on object 'Object Repository/1. CURA Object button/Visit Date'

17-07-2024T13:41:23 - [TEST_STEP][PASSED] - click(findTestObject("1. CURA Object button/Book Appointment")): Object: 'Object Repository/1. CURA Object button/Book Appointment' is clicked on

17-07-2024T13:41:24 - [MESSAGE][PASSED] - Object: 'Object Repository/1. CURA Object button/Book Appointment' is clicked on

17-07-2024T13:41:24 - [TEST_STEP][PASSED] - takeScreenshotAsCheckpoint("Tokyo Appointment Confirmation"): Taking screenshot successfully

17-07-2024T13:41:24 - [MESSAGE][INFO] - 0 hidden object(s)

17-07-2024T13:41:24 - [MESSAGE][PASSED] - Taking screenshot successfully
[[ATTACHMENT|keyes\keyes-Tokyo Appointment Confirmation.png]]

17-07-2024T13:41:24 - [TEST_STEP][PASSED] - verifyElementText(findTestObject("5. Appointment Tokyo/Page_CURA/Appointment Confirmation"), "Appointment Confirmation"): Actual text and expected text of test object 'Object Repository/5. Appointment Tokyo/Page_CURA/Appointment Confirmation' are matched.

17-07-2024T13:41:25 - [MESSAGE][PASSED] - Actual text and expected text of test object 'Object Repository/5. Appointment Tokyo/Page_CURA/Appointment Confirmation' are matched.

17-07-2024T13:41:25 - [TEST_STEP][PASSED] - verifyElementText(findTestObject("5. Appointment Tokyo/Page_CURA/p_your appointment"), "Please be informed that your appointment has been booked as following:"): Actual text and expected text of test object 'Object Repository/5. Appointment Tokyo/Page_CURA/p_your appointment' are matched.

17-07-2024T13:41:25 - [MESSAGE][PASSED] - Actual text and expected text of test object 'Object Repository/5. Appointment Tokyo/Page_CURA/p_your appointment' are matched.

17-07-2024T13:41:25 - [TEST_STEP][PASSED] - verifyElementText(findTestObject("5. Appointment Tokyo/Page_CURA/p_Tokyo"), "Tokyo CURA Healthcare Center"): Actual text and expected text of test object 'Object Repository/5. Appointment Tokyo/Page_CURA/p_Tokyo' are matched.

17-07-2024T13:41:25 - [MESSAGE][PASSED] - Actual text and expected text of test object 'Object Repository/5. Appointment Tokyo/Page_CURA/p_Tokyo' are matched.

17-07-2024T13:41:25 - [TEST_STEP][PASSED] - verifyElementText(findTestObject("5. Appointment Tokyo/Page_CURA/p_Yes"), "No"): Actual text and expected text of test object 'Object Repository/5. Appointment Tokyo/Page_CURA/p_Yes' are matched.

17-07-2024T13:41:26 - [MESSAGE][PASSED] - Actual text and expected text of test object 'Object Repository/5. Appointment Tokyo/Page_CURA/p_Yes' are matched.

17-07-2024T13:41:26 - [TEST_STEP][PASSED] - verifyElementText(findTestObject("5. Appointment Tokyo/Page_CURA/p_Medicare"), "Medicare"): Actual text and expected text of test object 'Object Repository/5. Appointment Tokyo/Page_CURA/p_Medicare' are matched.

17-07-2024T13:41:26 - [MESSAGE][PASSED] - Actual text and expected text of test object 'Object Repository/5. Appointment Tokyo/Page_CURA/p_Medicare' are matched.

17-07-2024T13:41:26 - [TEST_STEP][PASSED] - verifyElementText(findTestObject("5. Appointment Tokyo/Page_CURA/p_30062024"), "30/06/2024"): Actual text and expected text of test object 'Object Repository/5. Appointment Tokyo/Page_CURA/p_30062024' are matched.

17-07-2024T13:41:26 - [MESSAGE][PASSED] - Actual text and expected text of test object 'Object Repository/5. Appointment Tokyo/Page_CURA/p_30062024' are matched.

17-07-2024T13:41:26 - [TEST_STEP][PASSED] - verifyElementText(findTestObject("5. Appointment Tokyo/Page_CURA/div_Comment"), ""): Actual text and expected text of test object 'Object Repository/5. Appointment Tokyo/Page_CURA/div_Comment' are matched.

17-07-2024T13:41:27 - [MESSAGE][PASSED] - Actual text and expected text of test object 'Object Repository/5. Appointment Tokyo/Page_CURA/div_Comment' are matched.

17-07-2024T13:41:27 - [TEST_STEP][PASSED] - click(findTestObject("5. Appointment Tokyo/Page_CURA/Go Homepage")): Object: 'Object Repository/5. Appointment Tokyo/Page_CURA/Go Homepage' is clicked on

17-07-2024T13:41:28 - [MESSAGE][PASSED] - Object: 'Object Repository/5. Appointment Tokyo/Page_CURA/Go Homepage' is clicked on

17-07-2024T13:41:28 - [TEST_STEP][PASSED] - verifyElementText(findTestObject("5. Appointment Tokyo/Page_CURA/CURA Service"), "CURA Healthcare Service"): Actual text and expected text of test object 'Object Repository/5. Appointment Tokyo/Page_CURA/CURA Service' are matched.

17-07-2024T13:41:28 - [MESSAGE][PASSED] - Actual text and expected text of test object 'Object Repository/5. Appointment Tokyo/Page_CURA/CURA Service' are matched.

17-07-2024T13:41:28 - [TEST_STEP][PASSED] - closeBrowser(): Browser is closed

17-07-2024T13:41:28 - [MESSAGE][PASSED] - Browser is closed]]></system-out>
         <system-err><![CDATA[]]></system-err>
      </testcase>
      <system-out><![CDATA[17-07-2024T13:40:19 - [TEST_SUITE][PASSED] - TS04 - Appointment check: Test Cases/CURA Web Test/TC08 - Appointment Tokyo]]></system-out>
      <system-err><![CDATA[]]></system-err>
   </testsuite>
   <testsuite name="TS05 - History check" tests="2" failures="0" errors="0" time="21.778" skipped="0" timestamp="17-07-2024T13:41:41" hostname="Lenovo - LAPTOP-7QB5JFLU" id="Test Suites/CURA Test suites/TS05 - History check">
      <properties>
         <property name="deviceName" value=""/>
         <property name="devicePlatform"/>
         <property name="logFolder" value="C:\\Users\\Lenovo\\git\\KatalonPractitionerLevel\\Reports\\20240717_133439\\CURA Test suites\\TS05 - History check\\20240717_133449"/>
         <property name="logFiles" value="C:\\Users\\Lenovo\\git\\KatalonPractitionerLevel\\Reports\\20240717_133439\\CURA Test suites\\TS05 - History check\\20240717_133449\\execution0.log"/>
         <property name="attachments" value="keyes\keyes-History Hongkong Appointment.png"/>
         <property name="hostName" value="Lenovo - LAPTOP-7QB5JFLU"/>
         <property name="os" value="Windows 11 64bit"/>
         <property name="katalonVersion" value="9.6.0.217"/>
         <property name="browser" value="Chrome 126.0.0.0"/>
         <property name="hostAddress" value="192.168.1.12"/>
         <property name="sessionId" value="5357f0029beff7365cff93dc1e3b818a"/>
         <property name="seleniumVersion" value="3.141.59"/>
         <property name="proxyInformation" value="ProxyInformation { proxyOption=NO_PROXY, proxyServerType=HTTP, username=, password=********, proxyServerAddress=, proxyServerPort=0, executionList=&quot;&quot;, isApplyToDesiredCapabilities=true }"/>
         <property name="platform" value="Windows 11"/>
      </properties>
      <testcase name="Test Cases/CURA Web Test/TC10 - History menu check" time="19.332" classname="Test Cases/CURA Web Test/TC10 - History menu check" status="PASSED">
         <system-out><![CDATA[17-07-2024T13:41:41 - [TEST_CASE][PASSED] - Test Cases/CURA Web Test/TC10 - History menu check: Test Cases/CURA Web Test/TC10 - History menu check

17-07-2024T13:41:42 - [TEST_STEP][PASSED] - callTestCase(findTestCase("CURA Web Test/Properties/TCP01 - Open browser"), [:], STOP_ON_FAILURE): Call Test Case 'Test Cases/CURA Web Test/Properties/TCP01 - Open browser' successfully

17-07-2024T13:41:42 - [TEST_CASE][PASSED] - Test Cases/CURA Web Test/Properties/TCP01 - Open browser: Test Cases/CURA Web Test/Properties/TCP01 - Open browser

17-07-2024T13:41:42 - [TEST_STEP][PASSED] - openBrowser(""): Browser is opened with url: ''

17-07-2024T13:41:42 - [MESSAGE][INFO] - Starting 'Chrome' driver

17-07-2024T13:41:42 - [MESSAGE][INFO] - Action delay is set to 0 milliseconds

17-07-2024T13:41:44 - [MESSAGE][PASSED] - Browser is opened with url: ''

17-07-2024T13:41:44 - [TEST_STEP][PASSED] - navigateToUrl(URL): Navigate to 'https://katalon-demo-cura.herokuapp.com/' successfully

17-07-2024T13:41:45 - [MESSAGE][PASSED] - Navigate to 'https://katalon-demo-cura.herokuapp.com/' successfully

17-07-2024T13:41:45 - [MESSAGE][PASSED] - Call Test Case 'Test Cases/CURA Web Test/Properties/TCP01 - Open browser' successfully

17-07-2024T13:41:45 - [TEST_STEP][PASSED] - callTestCase(findTestCase("CURA Web Test/Properties/TCP02 - Login"), [:], STOP_ON_FAILURE): Call Test Case 'Test Cases/CURA Web Test/Properties/TCP02 - Login' successfully

17-07-2024T13:41:45 - [TEST_CASE][PASSED] - Test Cases/CURA Web Test/Properties/TCP02 - Login: Test Cases/CURA Web Test/Properties/TCP02 - Login

17-07-2024T13:41:45 - [TEST_STEP][PASSED] - click(findTestObject("1. CURA Object button/Make Appointment")): Object: 'Object Repository/1. CURA Object button/Make Appointment' is clicked on

17-07-2024T13:41:48 - [MESSAGE][PASSED] - Object: 'Object Repository/1. CURA Object button/Make Appointment' is clicked on

17-07-2024T13:41:48 - [TEST_STEP][PASSED] - verifyElementText(findTestObject("2. CURA Object Text/Login Text"), "Login"): Actual text and expected text of test object 'Object Repository/2. CURA Object Text/Login Text' are matched.

17-07-2024T13:41:48 - [MESSAGE][PASSED] - Actual text and expected text of test object 'Object Repository/2. CURA Object Text/Login Text' are matched.

17-07-2024T13:41:48 - [TEST_STEP][PASSED] - setText(findTestObject("1. CURA Object button/Username"), Username): Text 'John Doe' is set on object 'Object Repository/1. CURA Object button/Username'

17-07-2024T13:41:49 - [MESSAGE][PASSED] - Text 'John Doe' is set on object 'Object Repository/1. CURA Object button/Username'

17-07-2024T13:41:49 - [TEST_STEP][PASSED] - setText(findTestObject("1. CURA Object button/Password"), Password): Text 'ThisIsNotAPassword' is set on object 'Object Repository/1. CURA Object button/Password'

17-07-2024T13:41:50 - [MESSAGE][PASSED] - Text 'ThisIsNotAPassword' is set on object 'Object Repository/1. CURA Object button/Password'

17-07-2024T13:41:50 - [TEST_STEP][PASSED] - click(findTestObject("1. CURA Object button/Login Button")): Object: 'Object Repository/1. CURA Object button/Login Button' is clicked on

17-07-2024T13:41:51 - [MESSAGE][PASSED] - Object: 'Object Repository/1. CURA Object button/Login Button' is clicked on

17-07-2024T13:41:51 - [MESSAGE][PASSED] - Call Test Case 'Test Cases/CURA Web Test/Properties/TCP02 - Login' successfully

17-07-2024T13:41:51 - [TEST_STEP][PASSED] - selectOptionByValue(findTestObject("1. CURA Object button/Facility"), "Hongkong CURA Healthcare Center", true): All options with value 'Hongkong CURA Healthcare Center' are selected in object 'Object Repository/1. CURA Object button/Facility'  using regular expression

17-07-2024T13:41:52 - [MESSAGE][PASSED] - All options with value 'Hongkong CURA Healthcare Center' are selected in object 'Object Repository/1. CURA Object button/Facility'  using regular expression

17-07-2024T13:41:52 - [TEST_STEP][PASSED] - click(findTestObject("1. CURA Object button/Hospital Readmission")): Object: 'Object Repository/1. CURA Object button/Hospital Readmission' is clicked on

17-07-2024T13:41:52 - [MESSAGE][PASSED] - Object: 'Object Repository/1. CURA Object button/Hospital Readmission' is clicked on

17-07-2024T13:41:52 - [TEST_STEP][PASSED] - setText(findTestObject("1. CURA Object button/Visit Date"), "28/06/2024"): Text '28/06/2024' is set on object 'Object Repository/1. CURA Object button/Visit Date'

17-07-2024T13:41:53 - [MESSAGE][PASSED] - Text '28/06/2024' is set on object 'Object Repository/1. CURA Object button/Visit Date'

17-07-2024T13:41:53 - [TEST_STEP][PASSED] - setText(findTestObject("1. CURA Object button/Comment"), "Let's meet at 9 AM"): Text 'Let's meet at 9 AM' is set on object 'Object Repository/1. CURA Object button/Comment'

17-07-2024T13:41:54 - [MESSAGE][PASSED] - Text 'Let's meet at 9 AM' is set on object 'Object Repository/1. CURA Object button/Comment'

17-07-2024T13:41:54 - [TEST_STEP][PASSED] - click(findTestObject("1. CURA Object button/Book Appointment")): Object: 'Object Repository/1. CURA Object button/Book Appointment' is clicked on

17-07-2024T13:41:55 - [MESSAGE][PASSED] - Object: 'Object Repository/1. CURA Object button/Book Appointment' is clicked on

17-07-2024T13:41:55 - [TEST_STEP][PASSED] - verifyElementText(findTestObject("4. Appointment Hongkong/Page_CURA/h2_Appointment Confirmation"), "Appointment Confirmation"): Actual text and expected text of test object 'Object Repository/4. Appointment Hongkong/Page_CURA/h2_Appointment Confirmation' are matched.

17-07-2024T13:41:56 - [MESSAGE][PASSED] - Actual text and expected text of test object 'Object Repository/4. Appointment Hongkong/Page_CURA/h2_Appointment Confirmation' are matched.

17-07-2024T13:41:56 - [TEST_STEP][PASSED] - click(findTestObject("1. CURA Object button/Menu")): Object: 'Object Repository/1. CURA Object button/Menu' is clicked on

17-07-2024T13:41:56 - [MESSAGE][PASSED] - Object: 'Object Repository/1. CURA Object button/Menu' is clicked on

17-07-2024T13:41:56 - [TEST_STEP][PASSED] - click(findTestObject("1. CURA Object button/History")): Object: 'Object Repository/1. CURA Object button/History' is clicked on

17-07-2024T13:41:57 - [MESSAGE][PASSED] - Object: 'Object Repository/1. CURA Object button/History' is clicked on

17-07-2024T13:41:57 - [TEST_STEP][PASSED] - takeScreenshotAsCheckpoint("History Hongkong Appointment"): Taking screenshot successfully

17-07-2024T13:41:57 - [MESSAGE][INFO] - 0 hidden object(s)

17-07-2024T13:41:58 - [MESSAGE][PASSED] - Taking screenshot successfully
[[ATTACHMENT|keyes\keyes-History Hongkong Appointment.png]]

17-07-2024T13:41:58 - [TEST_STEP][PASSED] - verifyElementText(findTestObject("8. History check/Page_CURA/h2_History"), "History"): Actual text and expected text of test object 'Object Repository/8. History check/Page_CURA/h2_History' are matched.

17-07-2024T13:41:58 - [MESSAGE][PASSED] - Actual text and expected text of test object 'Object Repository/8. History check/Page_CURA/h2_History' are matched.

17-07-2024T13:41:58 - [TEST_STEP][PASSED] - verifyElementText(findTestObject("8. History check/Page_CURA/div_28062024"), "28/06/2024"): Actual text and expected text of test object 'Object Repository/8. History check/Page_CURA/div_28062024' are matched.

17-07-2024T13:41:58 - [MESSAGE][PASSED] - Actual text and expected text of test object 'Object Repository/8. History check/Page_CURA/div_28062024' are matched.

17-07-2024T13:41:58 - [TEST_STEP][PASSED] - verifyElementText(findTestObject("Object Repository/8. History check/Page_CURA/p_Hongkong"), "Hongkong CURA Healthcare Center"): Actual text and expected text of test object 'Object Repository/8. History check/Page_CURA/p_Hongkong' are matched.

17-07-2024T13:41:59 - [MESSAGE][PASSED] - Actual text and expected text of test object 'Object Repository/8. History check/Page_CURA/p_Hongkong' are matched.

17-07-2024T13:41:59 - [TEST_STEP][PASSED] - verifyElementText(findTestObject("Object Repository/8. History check/Page_CURA/p_Yes"), "Yes"): Actual text and expected text of test object 'Object Repository/8. History check/Page_CURA/p_Yes' are matched.

17-07-2024T13:41:59 - [MESSAGE][PASSED] - Actual text and expected text of test object 'Object Repository/8. History check/Page_CURA/p_Yes' are matched.

17-07-2024T13:41:59 - [TEST_STEP][PASSED] - verifyElementText(findTestObject("Object Repository/8. History check/Page_CURA/p_Medicare"), "Medicare"): Actual text and expected text of test object 'Object Repository/8. History check/Page_CURA/p_Medicare' are matched.

17-07-2024T13:41:59 - [MESSAGE][PASSED] - Actual text and expected text of test object 'Object Repository/8. History check/Page_CURA/p_Medicare' are matched.

17-07-2024T13:41:59 - [TEST_STEP][PASSED] - verifyElementText(findTestObject("8. History check/Page_CURA/p_Lets meet at 9 AM"), "Let's meet at 9 AM"): Actual text and expected text of test object 'Object Repository/8. History check/Page_CURA/p_Lets meet at 9 AM' are matched.

17-07-2024T13:42:00 - [MESSAGE][PASSED] - Actual text and expected text of test object 'Object Repository/8. History check/Page_CURA/p_Lets meet at 9 AM' are matched.

17-07-2024T13:42:00 - [TEST_STEP][PASSED] - click(findTestObject("1. CURA Object button/Go to Homepage")): Object: 'Object Repository/1. CURA Object button/Go to Homepage' is clicked on

17-07-2024T13:42:00 - [MESSAGE][PASSED] - Object: 'Object Repository/1. CURA Object button/Go to Homepage' is clicked on

17-07-2024T13:42:00 - [TEST_STEP][PASSED] - verifyElementText(findTestObject("2. CURA Object Text/Healthcare Service"), "CURA Healthcare Service"): Actual text and expected text of test object 'Object Repository/2. CURA Object Text/Healthcare Service' are matched.

17-07-2024T13:42:01 - [MESSAGE][PASSED] - Actual text and expected text of test object 'Object Repository/2. CURA Object Text/Healthcare Service' are matched.]]></system-out>
         <system-err><![CDATA[]]></system-err>
      </testcase>
      <testcase name="Test Cases/CURA Web Test/Properties/TCP03 - Logout" time="2.178" classname="Test Cases/CURA Web Test/Properties/TCP03 - Logout" status="PASSED">
         <system-out><![CDATA[17-07-2024T13:42:01 - [TEST_CASE][PASSED] - Test Cases/CURA Web Test/Properties/TCP03 - Logout: Test Cases/CURA Web Test/Properties/TCP03 - Logout

17-07-2024T13:42:01 - [TEST_STEP][PASSED] - verifyElementText(findTestObject("2. CURA Object Text/Make Appointment"), "Make Appointment"): Actual text and expected text of test object 'Object Repository/2. CURA Object Text/Make Appointment' are matched.

17-07-2024T13:42:01 - [MESSAGE][PASSED] - Actual text and expected text of test object 'Object Repository/2. CURA Object Text/Make Appointment' are matched.

17-07-2024T13:42:01 - [TEST_STEP][PASSED] - click(findTestObject("1. CURA Object button/Menu")): Object: 'Object Repository/1. CURA Object button/Menu' is clicked on

17-07-2024T13:42:01 - [MESSAGE][PASSED] - Object: 'Object Repository/1. CURA Object button/Menu' is clicked on

17-07-2024T13:42:01 - [TEST_STEP][PASSED] - click(findTestObject("1. CURA Object button/Logout")): Object: 'Object Repository/1. CURA Object button/Logout' is clicked on

17-07-2024T13:42:03 - [MESSAGE][PASSED] - Object: 'Object Repository/1. CURA Object button/Logout' is clicked on

17-07-2024T13:42:03 - [TEST_STEP][PASSED] - closeBrowser(): Browser is closed

17-07-2024T13:42:03 - [MESSAGE][PASSED] - Browser is closed]]></system-out>
         <system-err><![CDATA[]]></system-err>
      </testcase>
      <system-out><![CDATA[17-07-2024T13:41:41 - [TEST_SUITE][PASSED] - TS05 - History check: Test Cases/CURA Web Test/Properties/TCP03 - Logout]]></system-out>
      <system-err><![CDATA[]]></system-err>
   </testsuite>
   <testsuite name="TS06 - Button check" tests="3" failures="0" errors="0" time="13.659" skipped="0" timestamp="17-07-2024T13:42:16" hostname="Lenovo - LAPTOP-7QB5JFLU" id="Test Suites/CURA Test suites/TS06 - Button check">
      <properties>
         <property name="deviceName" value=""/>
         <property name="devicePlatform"/>
         <property name="logFolder" value="C:\\Users\\Lenovo\\git\\KatalonPractitionerLevel\\Reports\\20240717_133439\\CURA Test suites\\TS06 - Button check\\20240717_133451"/>
         <property name="logFiles" value="C:\\Users\\Lenovo\\git\\KatalonPractitionerLevel\\Reports\\20240717_133439\\CURA Test suites\\TS06 - Button check\\20240717_133451\\execution0.log"/>
         <property name="attachments" value=""/>
         <property name="hostName" value="Lenovo - LAPTOP-7QB5JFLU"/>
         <property name="os" value="Windows 11 64bit"/>
         <property name="katalonVersion" value="9.6.0.217"/>
         <property name="browser" value="Chrome 126.0.0.0"/>
         <property name="hostAddress" value="192.168.1.12"/>
         <property name="sessionId" value="9ccbce477305158db15888ac1471fa3c"/>
         <property name="seleniumVersion" value="3.141.59"/>
         <property name="proxyInformation" value="ProxyInformation { proxyOption=NO_PROXY, proxyServerType=HTTP, username=, password=********, proxyServerAddress=, proxyServerPort=0, executionList=&quot;&quot;, isApplyToDesiredCapabilities=true }"/>
         <property name="platform" value="Windows 11"/>
      </properties>
      <testcase name="Test Cases/CURA Web Test/Properties/TCP01 - Open browser" time="5.538" classname="Test Cases/CURA Web Test/Properties/TCP01 - Open browser" status="PASSED">
         <system-out><![CDATA[17-07-2024T13:42:17 - [TEST_CASE][PASSED] - Test Cases/CURA Web Test/Properties/TCP01 - Open browser: Test Cases/CURA Web Test/Properties/TCP01 - Open browser

17-07-2024T13:42:17 - [TEST_STEP][PASSED] - openBrowser(""): Browser is opened with url: ''

17-07-2024T13:42:17 - [MESSAGE][INFO] - Starting 'Chrome' driver

17-07-2024T13:42:18 - [MESSAGE][INFO] - Action delay is set to 0 milliseconds

17-07-2024T13:42:19 - [MESSAGE][PASSED] - Browser is opened with url: ''

17-07-2024T13:42:19 - [TEST_STEP][PASSED] - navigateToUrl(URL): Navigate to 'https://katalon-demo-cura.herokuapp.com/' successfully

17-07-2024T13:42:22 - [MESSAGE][PASSED] - Navigate to 'https://katalon-demo-cura.herokuapp.com/' successfully]]></system-out>
         <system-err><![CDATA[]]></system-err>
      </testcase>
      <testcase name="Test Cases/CURA Web Test/TC11 - All button check" time="5.693" classname="Test Cases/CURA Web Test/TC11 - All button check" status="PASSED">
         <system-out><![CDATA[17-07-2024T13:42:22 - [TEST_CASE][PASSED] - Test Cases/CURA Web Test/TC11 - All button check: Test Cases/CURA Web Test/TC11 - All button check

17-07-2024T13:42:22 - [TEST_STEP][PASSED] - verifyElementClickable(findTestObject("10. Login page/Page_CURA/a_Make Appointment")): Object 'Object Repository/10. Login page/Page_CURA/a_Make Appointment' is clickable

17-07-2024T13:42:23 - [MESSAGE][PASSED] - Object 'Object Repository/10. Login page/Page_CURA/a_Make Appointment' is clickable

17-07-2024T13:42:23 - [TEST_STEP][PASSED] - click(findTestObject("10. Login page/Page_CURA/a_Make Appointment")): Object: 'Object Repository/10. Login page/Page_CURA/a_Make Appointment' is clicked on

17-07-2024T13:42:24 - [MESSAGE][PASSED] - Object: 'Object Repository/10. Login page/Page_CURA/a_Make Appointment' is clicked on

17-07-2024T13:42:24 - [TEST_STEP][PASSED] - setText(findTestObject("10. Login page/Page_CURA/input_Username"), "John Doe"): Text 'John Doe' is set on object 'Object Repository/10. Login page/Page_CURA/input_Username'

17-07-2024T13:42:25 - [MESSAGE][PASSED] - Text 'John Doe' is set on object 'Object Repository/10. Login page/Page_CURA/input_Username'

17-07-2024T13:42:25 - [TEST_STEP][PASSED] - setText(findTestObject("10. Login page/Page_CURA/input_Password"), "ThisIsNotAPassword"): Text 'ThisIsNotAPassword' is set on object 'Object Repository/10. Login page/Page_CURA/input_Password'

17-07-2024T13:42:25 - [MESSAGE][PASSED] - Text 'ThisIsNotAPassword' is set on object 'Object Repository/10. Login page/Page_CURA/input_Password'

17-07-2024T13:42:25 - [TEST_STEP][PASSED] - verifyElementClickable(findTestObject("10. Login page/Page_CURA/button_Login")): Object 'Object Repository/10. Login page/Page_CURA/button_Login' is clickable

17-07-2024T13:42:26 - [MESSAGE][PASSED] - Object 'Object Repository/10. Login page/Page_CURA/button_Login' is clickable

17-07-2024T13:42:26 - [TEST_STEP][PASSED] - click(findTestObject("10. Login page/Page_CURA/button_Login")): Object: 'Object Repository/10. Login page/Page_CURA/button_Login' is clicked on

17-07-2024T13:42:27 - [MESSAGE][PASSED] - Object: 'Object Repository/10. Login page/Page_CURA/button_Login' is clicked on

17-07-2024T13:42:27 - [TEST_STEP][PASSED] - verifyElementClickable(findTestObject("3. Appointment/Page_CURA/button_Book Appointment")): Object 'Object Repository/3. Appointment/Page_CURA/button_Book Appointment' is clickable

17-07-2024T13:42:28 - [MESSAGE][PASSED] - Object 'Object Repository/3. Appointment/Page_CURA/button_Book Appointment' is clickable

17-07-2024T13:42:28 - [TEST_STEP][PASSED] - verifyElementClickable(findTestObject("8. History check/Page_CURA/i_CURA_fa fa-bars")): Object 'Object Repository/8. History check/Page_CURA/i_CURA_fa fa-bars' is clickable

17-07-2024T13:42:28 - [MESSAGE][PASSED] - Object 'Object Repository/8. History check/Page_CURA/i_CURA_fa fa-bars' is clickable]]></system-out>
         <system-err><![CDATA[]]></system-err>
      </testcase>
      <testcase name="Test Cases/CURA Web Test/Properties/TCP03 - Logout" time="2.137" classname="Test Cases/CURA Web Test/Properties/TCP03 - Logout" status="PASSED">
         <system-out><![CDATA[17-07-2024T13:42:28 - [TEST_CASE][PASSED] - Test Cases/CURA Web Test/Properties/TCP03 - Logout: Test Cases/CURA Web Test/Properties/TCP03 - Logout

17-07-2024T13:42:28 - [TEST_STEP][PASSED] - verifyElementText(findTestObject("2. CURA Object Text/Make Appointment"), "Make Appointment"): Actual text and expected text of test object 'Object Repository/2. CURA Object Text/Make Appointment' are matched.

17-07-2024T13:42:28 - [MESSAGE][PASSED] - Actual text and expected text of test object 'Object Repository/2. CURA Object Text/Make Appointment' are matched.

17-07-2024T13:42:28 - [TEST_STEP][PASSED] - click(findTestObject("1. CURA Object button/Menu")): Object: 'Object Repository/1. CURA Object button/Menu' is clicked on

17-07-2024T13:42:29 - [MESSAGE][PASSED] - Object: 'Object Repository/1. CURA Object button/Menu' is clicked on

17-07-2024T13:42:29 - [TEST_STEP][PASSED] - click(findTestObject("1. CURA Object button/Logout")): Object: 'Object Repository/1. CURA Object button/Logout' is clicked on

17-07-2024T13:42:30 - [MESSAGE][PASSED] - Object: 'Object Repository/1. CURA Object button/Logout' is clicked on

17-07-2024T13:42:30 - [TEST_STEP][PASSED] - closeBrowser(): Browser is closed

17-07-2024T13:42:30 - [MESSAGE][PASSED] - Browser is closed]]></system-out>
         <system-err><![CDATA[]]></system-err>
      </testcase>
      <system-out><![CDATA[17-07-2024T13:42:16 - [TEST_SUITE][PASSED] - TS06 - Button check: Test Cases/CURA Web Test/Properties/TCP03 - Logout]]></system-out>
      <system-err><![CDATA[]]></system-err>
   </testsuite>
   <testsuite name="TS07 - Home button variation" tests="4" failures="0" errors="0" time="16.253" skipped="0" timestamp="17-07-2024T13:42:44" hostname="Lenovo - LAPTOP-7QB5JFLU" id="Test Suites/CURA Test suites/TS07 - Home button variation">
      <properties>
         <property name="deviceName" value=""/>
         <property name="devicePlatform"/>
         <property name="logFolder" value="C:\\Users\\Lenovo\\git\\KatalonPractitionerLevel\\Reports\\20240717_133439\\CURA Test suites\\TS07 - Home button variation\\20240717_133453"/>
         <property name="logFiles" value="C:\\Users\\Lenovo\\git\\KatalonPractitionerLevel\\Reports\\20240717_133439\\CURA Test suites\\TS07 - Home button variation\\20240717_133453\\execution0.log"/>
         <property name="attachments" value=""/>
         <property name="hostName" value="Lenovo - LAPTOP-7QB5JFLU"/>
         <property name="os" value="Windows 11 64bit"/>
         <property name="katalonVersion" value="9.6.0.217"/>
         <property name="browser" value="Chrome 126.0.0.0"/>
         <property name="hostAddress" value="192.168.1.12"/>
         <property name="sessionId" value="456b669dfe1906b5afd5b86ba944682b"/>
         <property name="seleniumVersion" value="3.141.59"/>
         <property name="proxyInformation" value="ProxyInformation { proxyOption=NO_PROXY, proxyServerType=HTTP, username=, password=********, proxyServerAddress=, proxyServerPort=0, executionList=&quot;&quot;, isApplyToDesiredCapabilities=true }"/>
         <property name="platform" value="Windows 11"/>
      </properties>
      <testcase name="Test Cases/CURA Web Test/Properties/TCP01 - Open browser" time="5.79" classname="Test Cases/CURA Web Test/Properties/TCP01 - Open browser" status="PASSED">
         <system-out><![CDATA[17-07-2024T13:42:44 - [TEST_CASE][PASSED] - Test Cases/CURA Web Test/Properties/TCP01 - Open browser: Test Cases/CURA Web Test/Properties/TCP01 - Open browser

17-07-2024T13:42:45 - [TEST_STEP][PASSED] - openBrowser(""): Browser is opened with url: ''

17-07-2024T13:42:45 - [MESSAGE][INFO] - Starting 'Chrome' driver

17-07-2024T13:42:45 - [MESSAGE][INFO] - Action delay is set to 0 milliseconds

17-07-2024T13:42:46 - [MESSAGE][PASSED] - Browser is opened with url: ''

17-07-2024T13:42:46 - [TEST_STEP][PASSED] - navigateToUrl(URL): Navigate to 'https://katalon-demo-cura.herokuapp.com/' successfully

17-07-2024T13:42:50 - [MESSAGE][PASSED] - Navigate to 'https://katalon-demo-cura.herokuapp.com/' successfully]]></system-out>
         <system-err><![CDATA[]]></system-err>
      </testcase>
      <testcase name="Test Cases/CURA Web Test/Properties/TCP02 - Login" time="4.06" classname="Test Cases/CURA Web Test/Properties/TCP02 - Login" status="PASSED">
         <system-out><![CDATA[17-07-2024T13:42:50 - [TEST_CASE][PASSED] - Test Cases/CURA Web Test/Properties/TCP02 - Login: Test Cases/CURA Web Test/Properties/TCP02 - Login

17-07-2024T13:42:50 - [TEST_STEP][PASSED] - click(findTestObject("1. CURA Object button/Make Appointment")): Object: 'Object Repository/1. CURA Object button/Make Appointment' is clicked on

17-07-2024T13:42:51 - [MESSAGE][PASSED] - Object: 'Object Repository/1. CURA Object button/Make Appointment' is clicked on

17-07-2024T13:42:51 - [TEST_STEP][PASSED] - verifyElementText(findTestObject("2. CURA Object Text/Login Text"), "Login"): Actual text and expected text of test object 'Object Repository/2. CURA Object Text/Login Text' are matched.

17-07-2024T13:42:52 - [MESSAGE][PASSED] - Actual text and expected text of test object 'Object Repository/2. CURA Object Text/Login Text' are matched.

17-07-2024T13:42:52 - [TEST_STEP][PASSED] - setText(findTestObject("1. CURA Object button/Username"), Username): Text 'John Doe' is set on object 'Object Repository/1. CURA Object button/Username'

17-07-2024T13:42:52 - [MESSAGE][PASSED] - Text 'John Doe' is set on object 'Object Repository/1. CURA Object button/Username'

17-07-2024T13:42:52 - [TEST_STEP][PASSED] - setText(findTestObject("1. CURA Object button/Password"), Password): Text 'ThisIsNotAPassword' is set on object 'Object Repository/1. CURA Object button/Password'

17-07-2024T13:42:53 - [MESSAGE][PASSED] - Text 'ThisIsNotAPassword' is set on object 'Object Repository/1. CURA Object button/Password'

17-07-2024T13:42:53 - [TEST_STEP][PASSED] - click(findTestObject("1. CURA Object button/Login Button")): Object: 'Object Repository/1. CURA Object button/Login Button' is clicked on

17-07-2024T13:42:54 - [MESSAGE][PASSED] - Object: 'Object Repository/1. CURA Object button/Login Button' is clicked on]]></system-out>
         <system-err><![CDATA[]]></system-err>
      </testcase>
      <testcase name="Test Cases/CURA Web Test/TC14 - Home button" time="3.949" classname="Test Cases/CURA Web Test/TC14 - Home button" status="PASSED">
         <system-out><![CDATA[17-07-2024T13:42:54 - [TEST_CASE][PASSED] - Test Cases/CURA Web Test/TC14 - Home button: Test Cases/CURA Web Test/TC14 - Home button

17-07-2024T13:42:54 - [TEST_STEP][PASSED] - verifyElementPresent(findTestObject("9. Homepage of CURA/Page_CURA/h1_CURA Service"), 0): Object 'Object Repository/9. Homepage of CURA/Page_CURA/h1_CURA Service' is present

17-07-2024T13:42:54 - [MESSAGE][WARNING] - Timeout '0' is invalid. Using default page load timeout: '30'

17-07-2024T13:42:55 - [MESSAGE][PASSED] - Object 'Object Repository/9. Homepage of CURA/Page_CURA/h1_CURA Service' is present

17-07-2024T13:42:55 - [TEST_STEP][PASSED] - click(findTestObject("6. CURA menu/Page_CURA/i_CURA_fa fa-bars")): Object: 'Object Repository/6. CURA menu/Page_CURA/i_CURA_fa fa-bars' is clicked on

17-07-2024T13:42:55 - [MESSAGE][PASSED] - Object: 'Object Repository/6. CURA menu/Page_CURA/i_CURA_fa fa-bars' is clicked on

17-07-2024T13:42:55 - [TEST_STEP][PASSED] - click(findTestObject("11. Login menu check/Page_CURA/a_Home")): Object: 'Object Repository/11. Login menu check/Page_CURA/a_Home' is clicked on

17-07-2024T13:42:56 - [MESSAGE][PASSED] - Object: 'Object Repository/11. Login menu check/Page_CURA/a_Home' is clicked on

17-07-2024T13:42:56 - [TEST_STEP][PASSED] - verifyElementPresent(findTestObject("11. Login menu check/Page_CURA/h1_CURA Service"), 0): Object 'Object Repository/11. Login menu check/Page_CURA/h1_CURA Service' is present

17-07-2024T13:42:56 - [MESSAGE][WARNING] - Timeout '0' is invalid. Using default page load timeout: '30'

17-07-2024T13:42:56 - [MESSAGE][PASSED] - Object 'Object Repository/11. Login menu check/Page_CURA/h1_CURA Service' is present

17-07-2024T13:42:56 - [TEST_STEP][PASSED] - click(findTestObject("11. Login menu check/Page_CURA/i_CURA fa fa-bars")): Object: 'Object Repository/11. Login menu check/Page_CURA/i_CURA fa fa-bars' is clicked on

17-07-2024T13:42:56 - [MESSAGE][PASSED] - Object: 'Object Repository/11. Login menu check/Page_CURA/i_CURA fa fa-bars' is clicked on

17-07-2024T13:42:56 - [TEST_STEP][PASSED] - click(findTestObject("8. History check/Page_CURA/a_History")): Object: 'Object Repository/8. History check/Page_CURA/a_History' is clicked on

17-07-2024T13:42:57 - [MESSAGE][PASSED] - Object: 'Object Repository/8. History check/Page_CURA/a_History' is clicked on

17-07-2024T13:42:57 - [TEST_STEP][PASSED] - click(findTestObject("8. History check/Page_CURA/a_Go Homepage")): Object: 'Object Repository/8. History check/Page_CURA/a_Go Homepage' is clicked on

17-07-2024T13:42:58 - [MESSAGE][PASSED] - Object: 'Object Repository/8. History check/Page_CURA/a_Go Homepage' is clicked on]]></system-out>
         <system-err><![CDATA[]]></system-err>
      </testcase>
      <testcase name="Test Cases/CURA Web Test/Properties/TCP03 - Logout" time="2.153" classname="Test Cases/CURA Web Test/Properties/TCP03 - Logout" status="PASSED">
         <system-out><![CDATA[17-07-2024T13:42:58 - [TEST_CASE][PASSED] - Test Cases/CURA Web Test/Properties/TCP03 - Logout: Test Cases/CURA Web Test/Properties/TCP03 - Logout

17-07-2024T13:42:58 - [TEST_STEP][PASSED] - verifyElementText(findTestObject("2. CURA Object Text/Make Appointment"), "Make Appointment"): Actual text and expected text of test object 'Object Repository/2. CURA Object Text/Make Appointment' are matched.

17-07-2024T13:42:59 - [MESSAGE][PASSED] - Actual text and expected text of test object 'Object Repository/2. CURA Object Text/Make Appointment' are matched.

17-07-2024T13:42:59 - [TEST_STEP][PASSED] - click(findTestObject("1. CURA Object button/Menu")): Object: 'Object Repository/1. CURA Object button/Menu' is clicked on

17-07-2024T13:42:59 - [MESSAGE][PASSED] - Object: 'Object Repository/1. CURA Object button/Menu' is clicked on

17-07-2024T13:42:59 - [TEST_STEP][PASSED] - click(findTestObject("1. CURA Object button/Logout")): Object: 'Object Repository/1. CURA Object button/Logout' is clicked on

17-07-2024T13:43:00 - [MESSAGE][PASSED] - Object: 'Object Repository/1. CURA Object button/Logout' is clicked on

17-07-2024T13:43:00 - [TEST_STEP][PASSED] - closeBrowser(): Browser is closed

17-07-2024T13:43:00 - [MESSAGE][PASSED] - Browser is closed]]></system-out>
         <system-err><![CDATA[]]></system-err>
      </testcase>
      <system-out><![CDATA[17-07-2024T13:42:44 - [TEST_SUITE][PASSED] - TS07 - Home button variation: Test Cases/CURA Web Test/Properties/TCP03 - Logout]]></system-out>
      <system-err><![CDATA[]]></system-err>
   </testsuite>
   <testsuite name="TS08 - Hongkong appointment using variable" tests="3" failures="0" errors="0" time="17.866" skipped="0" timestamp="17-07-2024T13:43:13" hostname="Lenovo - LAPTOP-7QB5JFLU" id="Test Suites/CURA Test suites/TS08 - Hongkong appointment using variable">
      <properties>
         <property name="deviceName" value=""/>
         <property name="devicePlatform"/>
         <property name="logFolder" value="C:\\Users\\Lenovo\\git\\KatalonPractitionerLevel\\Reports\\20240717_133439\\CURA Test suites\\TS08 - Hongkong appointment using variable\\20240717_133455"/>
         <property name="logFiles" value="C:\\Users\\Lenovo\\git\\KatalonPractitionerLevel\\Reports\\20240717_133439\\CURA Test suites\\TS08 - Hongkong appointment using variable\\20240717_133455\\execution0.log"/>
         <property name="attachments" value=""/>
         <property name="hostName" value="Lenovo - LAPTOP-7QB5JFLU"/>
         <property name="os" value="Windows 11 64bit"/>
         <property name="katalonVersion" value="9.6.0.217"/>
         <property name="browser" value="Chrome 126.0.0.0"/>
         <property name="hostAddress" value="192.168.1.12"/>
         <property name="sessionId" value="a0ca9418bc4c23cf656b3596e68571a6"/>
         <property name="seleniumVersion" value="3.141.59"/>
         <property name="proxyInformation" value="ProxyInformation { proxyOption=NO_PROXY, proxyServerType=HTTP, username=, password=********, proxyServerAddress=, proxyServerPort=0, executionList=&quot;&quot;, isApplyToDesiredCapabilities=true }"/>
         <property name="platform" value="Windows 11"/>
      </properties>
      <testcase name="Test Cases/CURA Web Test/TC15 - Login using variable" time="9.521" classname="Test Cases/CURA Web Test/TC15 - Login using variable" status="PASSED">
         <system-out><![CDATA[17-07-2024T13:43:14 - [TEST_CASE][PASSED] - Test Cases/CURA Web Test/TC15 - Login using variable: Test Cases/CURA Web Test/TC15 - Login using variable

17-07-2024T13:43:14 - [TEST_STEP][PASSED] - openBrowser(""): Browser is opened with url: ''

17-07-2024T13:43:15 - [MESSAGE][INFO] - Starting 'Chrome' driver

17-07-2024T13:43:15 - [MESSAGE][INFO] - Action delay is set to 0 milliseconds

17-07-2024T13:43:16 - [MESSAGE][PASSED] - Browser is opened with url: ''

17-07-2024T13:43:16 - [TEST_STEP][PASSED] - navigateToUrl("https://katalon-demo-cura.herokuapp.com/"): Navigate to 'https://katalon-demo-cura.herokuapp.com/' successfully

17-07-2024T13:43:19 - [MESSAGE][PASSED] - Navigate to 'https://katalon-demo-cura.herokuapp.com/' successfully

17-07-2024T13:43:19 - [TEST_STEP][PASSED] - loginParameter = "varibleLogin": null

17-07-2024T13:43:19 - [TEST_STEP][PASSED] - click(findTestObject("1. CURA Object button/Make Appointment")): Object: 'Object Repository/1. CURA Object button/Make Appointment' is clicked on

17-07-2024T13:43:21 - [MESSAGE][PASSED] - Object: 'Object Repository/1. CURA Object button/Make Appointment' is clicked on

17-07-2024T13:43:21 - [TEST_STEP][PASSED] - setText(findTestObject("1. CURA Object button/Username"), Username): Text 'John Doe' is set on object 'Object Repository/1. CURA Object button/Username'

17-07-2024T13:43:21 - [MESSAGE][PASSED] - Text 'John Doe' is set on object 'Object Repository/1. CURA Object button/Username'

17-07-2024T13:43:21 - [TEST_STEP][PASSED] - setText(findTestObject("1. CURA Object button/Password"), Password): Text 'ThisIsNotAPassword' is set on object 'Object Repository/1. CURA Object button/Password'

17-07-2024T13:43:22 - [MESSAGE][PASSED] - Text 'ThisIsNotAPassword' is set on object 'Object Repository/1. CURA Object button/Password'

17-07-2024T13:43:22 - [TEST_STEP][PASSED] - click(findTestObject("1. CURA Object button/Login Button")): Object: 'Object Repository/1. CURA Object button/Login Button' is clicked on

17-07-2024T13:43:23 - [MESSAGE][PASSED] - Object: 'Object Repository/1. CURA Object button/Login Button' is clicked on]]></system-out>
         <system-err><![CDATA[]]></system-err>
      </testcase>
      <testcase name="Test Cases/CURA Web Test/TC16 - Appointment Hongkong using variable" time="5.316" classname="Test Cases/CURA Web Test/TC16 - Appointment Hongkong using variable" status="PASSED">
         <system-out><![CDATA[17-07-2024T13:43:23 - [TEST_CASE][PASSED] - Test Cases/CURA Web Test/TC16 - Appointment Hongkong using variable: Test Cases/CURA Web Test/TC16 - Appointment Hongkong using variable

17-07-2024T13:43:24 - [TEST_STEP][PASSED] - selectOptionByValue(findTestObject("1. CURA Object button/Facility"), "Hongkong CURA Healthcare Center", true, CONTINUE_ON_FAILURE): All options with value 'Hongkong CURA Healthcare Center' are selected in object 'Object Repository/1. CURA Object button/Facility'  using regular expression

17-07-2024T13:43:25 - [MESSAGE][PASSED] - All options with value 'Hongkong CURA Healthcare Center' are selected in object 'Object Repository/1. CURA Object button/Facility'  using regular expression

17-07-2024T13:43:25 - [TEST_STEP][PASSED] - click(findTestObject("1. CURA Object button/Hospital Readmission")): Object: 'Object Repository/1. CURA Object button/Hospital Readmission' is clicked on

17-07-2024T13:43:25 - [MESSAGE][PASSED] - Object: 'Object Repository/1. CURA Object button/Hospital Readmission' is clicked on

17-07-2024T13:43:25 - [TEST_STEP][PASSED] - click(findTestObject("1. CURA Object button/Medicaid")): Object: 'Object Repository/1. CURA Object button/Medicaid' is clicked on

17-07-2024T13:43:26 - [MESSAGE][PASSED] - Object: 'Object Repository/1. CURA Object button/Medicaid' is clicked on

17-07-2024T13:43:26 - [TEST_STEP][PASSED] - click(findTestObject("1. CURA Object button/Visit Date")): Object: 'Object Repository/1. CURA Object button/Visit Date' is clicked on

17-07-2024T13:43:26 - [MESSAGE][PASSED] - Object: 'Object Repository/1. CURA Object button/Visit Date' is clicked on

17-07-2024T13:43:26 - [TEST_STEP][PASSED] - setText(findTestObject("1. CURA Object button/Visit Date"), "18/07/2024"): Text '18/07/2024' is set on object 'Object Repository/1. CURA Object button/Visit Date'

17-07-2024T13:43:27 - [MESSAGE][PASSED] - Text '18/07/2024' is set on object 'Object Repository/1. CURA Object button/Visit Date'

17-07-2024T13:43:27 - [TEST_STEP][PASSED] - setText(findTestObject("1. CURA Object button/Comment"), Comment4): Text '' is set on object 'Object Repository/1. CURA Object button/Comment'

17-07-2024T13:43:28 - [MESSAGE][PASSED] - Text '' is set on object 'Object Repository/1. CURA Object button/Comment'

17-07-2024T13:43:28 - [TEST_STEP][PASSED] - click(findTestObject("1. CURA Object button/Book Appointment")): Object: 'Object Repository/1. CURA Object button/Book Appointment' is clicked on

17-07-2024T13:43:29 - [MESSAGE][PASSED] - Object: 'Object Repository/1. CURA Object button/Book Appointment' is clicked on]]></system-out>
         <system-err><![CDATA[]]></system-err>
      </testcase>
      <testcase name="Test Cases/CURA Web Test/TC12 - Logout via button toggle" time="2.595" classname="Test Cases/CURA Web Test/TC12 - Logout via button toggle" status="PASSED">
         <system-out><![CDATA[17-07-2024T13:43:29 - [TEST_CASE][PASSED] - Test Cases/CURA Web Test/TC12 - Logout via button toggle: Test Cases/CURA Web Test/TC12 - Logout via button toggle

17-07-2024T13:43:29 - [TEST_STEP][PASSED] - click(findTestObject("1. CURA Object button/Menu"), STOP_ON_FAILURE): Object: 'Object Repository/1. CURA Object button/Menu' is clicked on

17-07-2024T13:43:29 - [MESSAGE][PASSED] - Object: 'Object Repository/1. CURA Object button/Menu' is clicked on

17-07-2024T13:43:29 - [TEST_STEP][PASSED] - click(findTestObject("12. Log out/Page_CURA/a_Logout")): Object: 'Object Repository/12. Log out/Page_CURA/a_Logout' is clicked on

17-07-2024T13:43:30 - [MESSAGE][PASSED] - Object: 'Object Repository/12. Log out/Page_CURA/a_Logout' is clicked on

17-07-2024T13:43:30 - [TEST_STEP][PASSED] - verifyElementText(findTestObject("2. CURA Object Text/Healthcare Service"), "CURA Healthcare Service"): Actual text and expected text of test object 'Object Repository/2. CURA Object Text/Healthcare Service' are matched.

17-07-2024T13:43:31 - [MESSAGE][PASSED] - Actual text and expected text of test object 'Object Repository/2. CURA Object Text/Healthcare Service' are matched.

17-07-2024T13:43:31 - [TEST_STEP][PASSED] - closeBrowser(): Browser is closed

17-07-2024T13:43:31 - [MESSAGE][PASSED] - Browser is closed]]></system-out>
         <system-err><![CDATA[]]></system-err>
      </testcase>
      <system-out><![CDATA[17-07-2024T13:43:13 - [TEST_SUITE][PASSED] - TS08 - Hongkong appointment using variable: Test Cases/CURA Web Test/TC12 - Logout via button toggle]]></system-out>
      <system-err><![CDATA[]]></system-err>
   </testsuite>
   <testsuite name="TS09 - Login using data driven" tests="7" failures="0" errors="0" time="59.685" skipped="0" timestamp="17-07-2024T13:43:45" hostname="Lenovo - LAPTOP-7QB5JFLU" id="Test Suites/CURA Test suites/TS09 - Login using data driven">
      <properties>
         <property name="deviceName" value=""/>
         <property name="devicePlatform"/>
         <property name="logFolder" value="C:\\Users\\Lenovo\\git\\KatalonPractitionerLevel\\Reports\\20240717_133439\\CURA Test suites\\TS09 - Login using data driven\\20240717_133457"/>
         <property name="logFiles" value="C:\\Users\\Lenovo\\git\\KatalonPractitionerLevel\\Reports\\20240717_133439\\CURA Test suites\\TS09 - Login using data driven\\20240717_133457\\execution0.log"/>
         <property name="attachments" value=""/>
         <property name="hostName" value="Lenovo - LAPTOP-7QB5JFLU"/>
         <property name="os" value="Windows 11 64bit"/>
         <property name="katalonVersion" value="9.6.0.217"/>
         <property name="browser" value="Chrome 126.0.0.0"/>
         <property name="hostAddress" value="192.168.1.12"/>
         <property name="sessionId" value="3dc411eb3cb6f49677b8b2bd6030f29b"/>
         <property name="seleniumVersion" value="3.141.59"/>
         <property name="proxyInformation" value="ProxyInformation { proxyOption=NO_PROXY, proxyServerType=HTTP, username=, password=********, proxyServerAddress=, proxyServerPort=0, executionList=&quot;&quot;, isApplyToDesiredCapabilities=true }"/>
         <property name="platform" value="Windows 11"/>
      </properties>
      <testcase name="Test Cases/CURA Web Test/TC17 - Login using data driven" time="10.68" classname="Test Cases/CURA Web Test/TC17 - Login using data driven" status="PASSED">
         <system-out><![CDATA[17-07-2024T13:43:45 - [TEST_CASE][PASSED] - Test Cases/CURA Web Test/TC17 - Login using data driven: Test Cases/CURA Web Test/TC17 - Login using data driven

17-07-2024T13:43:45 - [TEST_STEP][PASSED] - callTestCase(findTestCase("CURA Web Test/Properties/TCP01 - Open browser"), [:], STOP_ON_FAILURE): Call Test Case 'Test Cases/CURA Web Test/Properties/TCP01 - Open browser' successfully

17-07-2024T13:43:45 - [TEST_CASE][PASSED] - Test Cases/CURA Web Test/Properties/TCP01 - Open browser: Test Cases/CURA Web Test/Properties/TCP01 - Open browser

17-07-2024T13:43:46 - [TEST_STEP][PASSED] - openBrowser(""): Browser is opened with url: ''

17-07-2024T13:43:46 - [MESSAGE][INFO] - Starting 'Chrome' driver

17-07-2024T13:43:46 - [MESSAGE][INFO] - Action delay is set to 0 milliseconds

17-07-2024T13:43:47 - [MESSAGE][PASSED] - Browser is opened with url: ''

17-07-2024T13:43:47 - [TEST_STEP][PASSED] - navigateToUrl(URL): Navigate to 'https://katalon-demo-cura.herokuapp.com/' successfully

17-07-2024T13:43:50 - [MESSAGE][PASSED] - Navigate to 'https://katalon-demo-cura.herokuapp.com/' successfully

17-07-2024T13:43:50 - [MESSAGE][PASSED] - Call Test Case 'Test Cases/CURA Web Test/Properties/TCP01 - Open browser' successfully

17-07-2024T13:43:50 - [TEST_STEP][PASSED] - click(findTestObject("1. CURA Object button/Make Appointment")): Object: 'Object Repository/1. CURA Object button/Make Appointment' is clicked on

17-07-2024T13:43:51 - [MESSAGE][PASSED] - Object: 'Object Repository/1. CURA Object button/Make Appointment' is clicked on

17-07-2024T13:43:51 - [TEST_STEP][PASSED] - loginParameter = "varibleLogin": null

17-07-2024T13:43:51 - [TEST_STEP][PASSED] - username = getAttribute(findTestObject("1. CURA Object button/Username"), Username): Attribute 'John' of object 'Object Repository/1. CURA Object button/Username' is: 'null'

17-07-2024T13:43:52 - [MESSAGE][PASSED] - Attribute 'John' of object 'Object Repository/1. CURA Object button/Username' is: 'null'

17-07-2024T13:43:52 - [TEST_STEP][PASSED] - password = getAttribute(findTestObject("1. CURA Object button/Password"), Password): Attribute '' of object 'Object Repository/1. CURA Object button/Password' is: 'null'

17-07-2024T13:43:52 - [MESSAGE][PASSED] - Attribute '' of object 'Object Repository/1. CURA Object button/Password' is: 'null'

17-07-2024T13:43:52 - [TEST_STEP][PASSED] - setText(findTestObject("1. CURA Object button/Username"), Username): Text 'John' is set on object 'Object Repository/1. CURA Object button/Username'

17-07-2024T13:43:53 - [MESSAGE][PASSED] - Text 'John' is set on object 'Object Repository/1. CURA Object button/Username'

17-07-2024T13:43:53 - [TEST_STEP][PASSED] - setText(findTestObject("1. CURA Object button/Password"), Password): Text '' is set on object 'Object Repository/1. CURA Object button/Password'

17-07-2024T13:43:54 - [MESSAGE][PASSED] - Text '' is set on object 'Object Repository/1. CURA Object button/Password'

17-07-2024T13:43:54 - [TEST_STEP][PASSED] - click(findTestObject("1. CURA Object button/Login Button")): Object: 'Object Repository/1. CURA Object button/Login Button' is clicked on

17-07-2024T13:43:55 - [MESSAGE][PASSED] - Object: 'Object Repository/1. CURA Object button/Login Button' is clicked on

17-07-2024T13:43:55 - [TEST_STEP][PASSED] - if (username == "John Doe" && password == "ThisIsNotAPassword"): null

17-07-2024T13:43:55 - [TEST_STEP][PASSED] - else: Object 'Object Repository/7. Failed Login/Page_CURA/p_Login failed' is visible

17-07-2024T13:43:55 - [TEST_STEP][PASSED] - verifyElementVisible(findTestObject("7. Failed Login/Page_CURA/p_Login failed")): Object 'Object Repository/7. Failed Login/Page_CURA/p_Login failed' is visible

17-07-2024T13:43:56 - [MESSAGE][PASSED] - Object 'Object Repository/7. Failed Login/Page_CURA/p_Login failed' is visible]]></system-out>
         <system-err><![CDATA[]]></system-err>
      </testcase>
      <testcase name="Test Cases/CURA Web Test/TC17 - Login using data driven" time="9.211" classname="Test Cases/CURA Web Test/TC17 - Login using data driven" status="PASSED">
         <system-out><![CDATA[17-07-2024T13:43:56 - [TEST_CASE][PASSED] - Test Cases/CURA Web Test/TC17 - Login using data driven: Test Cases/CURA Web Test/TC17 - Login using data driven

17-07-2024T13:43:56 - [TEST_STEP][PASSED] - callTestCase(findTestCase("CURA Web Test/Properties/TCP01 - Open browser"), [:], STOP_ON_FAILURE): Call Test Case 'Test Cases/CURA Web Test/Properties/TCP01 - Open browser' successfully

17-07-2024T13:43:56 - [TEST_CASE][PASSED] - Test Cases/CURA Web Test/Properties/TCP01 - Open browser: Test Cases/CURA Web Test/Properties/TCP01 - Open browser

17-07-2024T13:43:56 - [TEST_STEP][PASSED] - openBrowser(""): Browser is opened with url: ''

17-07-2024T13:43:56 - [MESSAGE][WARNING] - A browser is already opened. Closing browser and opening a new one

17-07-2024T13:43:56 - [MESSAGE][INFO] - Starting 'Chrome' driver

17-07-2024T13:43:56 - [MESSAGE][INFO] - Action delay is set to 0 milliseconds

17-07-2024T13:43:57 - [MESSAGE][PASSED] - Browser is opened with url: ''

17-07-2024T13:43:57 - [TEST_STEP][PASSED] - navigateToUrl(URL): Navigate to 'https://katalon-demo-cura.herokuapp.com/' successfully

17-07-2024T13:44:00 - [MESSAGE][PASSED] - Navigate to 'https://katalon-demo-cura.herokuapp.com/' successfully

17-07-2024T13:44:00 - [MESSAGE][PASSED] - Call Test Case 'Test Cases/CURA Web Test/Properties/TCP01 - Open browser' successfully

17-07-2024T13:44:00 - [TEST_STEP][PASSED] - click(findTestObject("1. CURA Object button/Make Appointment")): Object: 'Object Repository/1. CURA Object button/Make Appointment' is clicked on

17-07-2024T13:44:01 - [MESSAGE][PASSED] - Object: 'Object Repository/1. CURA Object button/Make Appointment' is clicked on

17-07-2024T13:44:01 - [TEST_STEP][PASSED] - loginParameter = "varibleLogin": null

17-07-2024T13:44:01 - [TEST_STEP][PASSED] - username = getAttribute(findTestObject("1. CURA Object button/Username"), Username): Attribute 'John Doe' of object 'Object Repository/1. CURA Object button/Username' is: 'null'

17-07-2024T13:44:01 - [MESSAGE][PASSED] - Attribute 'John Doe' of object 'Object Repository/1. CURA Object button/Username' is: 'null'

17-07-2024T13:44:01 - [TEST_STEP][PASSED] - password = getAttribute(findTestObject("1. CURA Object button/Password"), Password): Attribute '' of object 'Object Repository/1. CURA Object button/Password' is: 'null'

17-07-2024T13:44:02 - [MESSAGE][PASSED] - Attribute '' of object 'Object Repository/1. CURA Object button/Password' is: 'null'

17-07-2024T13:44:02 - [TEST_STEP][PASSED] - setText(findTestObject("1. CURA Object button/Username"), Username): Text 'John Doe' is set on object 'Object Repository/1. CURA Object button/Username'

17-07-2024T13:44:02 - [MESSAGE][PASSED] - Text 'John Doe' is set on object 'Object Repository/1. CURA Object button/Username'

17-07-2024T13:44:02 - [TEST_STEP][PASSED] - setText(findTestObject("1. CURA Object button/Password"), Password): Text '' is set on object 'Object Repository/1. CURA Object button/Password'

17-07-2024T13:44:03 - [MESSAGE][PASSED] - Text '' is set on object 'Object Repository/1. CURA Object button/Password'

17-07-2024T13:44:03 - [TEST_STEP][PASSED] - click(findTestObject("1. CURA Object button/Login Button")): Object: 'Object Repository/1. CURA Object button/Login Button' is clicked on

17-07-2024T13:44:04 - [MESSAGE][PASSED] - Object: 'Object Repository/1. CURA Object button/Login Button' is clicked on

17-07-2024T13:44:04 - [TEST_STEP][PASSED] - if (username == "John Doe" && password == "ThisIsNotAPassword"): null

17-07-2024T13:44:04 - [TEST_STEP][PASSED] - else: Object 'Object Repository/7. Failed Login/Page_CURA/p_Login failed' is visible

17-07-2024T13:44:04 - [TEST_STEP][PASSED] - verifyElementVisible(findTestObject("7. Failed Login/Page_CURA/p_Login failed")): Object 'Object Repository/7. Failed Login/Page_CURA/p_Login failed' is visible

17-07-2024T13:44:05 - [MESSAGE][PASSED] - Object 'Object Repository/7. Failed Login/Page_CURA/p_Login failed' is visible]]></system-out>
         <system-err><![CDATA[]]></system-err>
      </testcase>
      <testcase name="Test Cases/CURA Web Test/TC17 - Login using data driven" time="9.69" classname="Test Cases/CURA Web Test/TC17 - Login using data driven" status="PASSED">
         <system-out><![CDATA[17-07-2024T13:44:05 - [TEST_CASE][PASSED] - Test Cases/CURA Web Test/TC17 - Login using data driven: Test Cases/CURA Web Test/TC17 - Login using data driven

17-07-2024T13:44:05 - [TEST_STEP][PASSED] - callTestCase(findTestCase("CURA Web Test/Properties/TCP01 - Open browser"), [:], STOP_ON_FAILURE): Call Test Case 'Test Cases/CURA Web Test/Properties/TCP01 - Open browser' successfully

17-07-2024T13:44:05 - [TEST_CASE][PASSED] - Test Cases/CURA Web Test/Properties/TCP01 - Open browser: Test Cases/CURA Web Test/Properties/TCP01 - Open browser

17-07-2024T13:44:05 - [TEST_STEP][PASSED] - openBrowser(""): Browser is opened with url: ''

17-07-2024T13:44:05 - [MESSAGE][WARNING] - A browser is already opened. Closing browser and opening a new one

17-07-2024T13:44:05 - [MESSAGE][INFO] - Starting 'Chrome' driver

17-07-2024T13:44:05 - [MESSAGE][INFO] - Action delay is set to 0 milliseconds

17-07-2024T13:44:06 - [MESSAGE][PASSED] - Browser is opened with url: ''

17-07-2024T13:44:06 - [TEST_STEP][PASSED] - navigateToUrl(URL): Navigate to 'https://katalon-demo-cura.herokuapp.com/' successfully

17-07-2024T13:44:09 - [MESSAGE][PASSED] - Navigate to 'https://katalon-demo-cura.herokuapp.com/' successfully

17-07-2024T13:44:09 - [MESSAGE][PASSED] - Call Test Case 'Test Cases/CURA Web Test/Properties/TCP01 - Open browser' successfully

17-07-2024T13:44:09 - [TEST_STEP][PASSED] - click(findTestObject("1. CURA Object button/Make Appointment")): Object: 'Object Repository/1. CURA Object button/Make Appointment' is clicked on

17-07-2024T13:44:10 - [MESSAGE][PASSED] - Object: 'Object Repository/1. CURA Object button/Make Appointment' is clicked on

17-07-2024T13:44:10 - [TEST_STEP][PASSED] - loginParameter = "varibleLogin": null

17-07-2024T13:44:10 - [TEST_STEP][PASSED] - username = getAttribute(findTestObject("1. CURA Object button/Username"), Username): Attribute 'John Doe' of object 'Object Repository/1. CURA Object button/Username' is: 'null'

17-07-2024T13:44:11 - [MESSAGE][PASSED] - Attribute 'John Doe' of object 'Object Repository/1. CURA Object button/Username' is: 'null'

17-07-2024T13:44:11 - [TEST_STEP][PASSED] - password = getAttribute(findTestObject("1. CURA Object button/Password"), Password): Attribute 'This' of object 'Object Repository/1. CURA Object button/Password' is: 'null'

17-07-2024T13:44:11 - [MESSAGE][PASSED] - Attribute 'This' of object 'Object Repository/1. CURA Object button/Password' is: 'null'

17-07-2024T13:44:11 - [TEST_STEP][PASSED] - setText(findTestObject("1. CURA Object button/Username"), Username): Text 'John Doe' is set on object 'Object Repository/1. CURA Object button/Username'

17-07-2024T13:44:12 - [MESSAGE][PASSED] - Text 'John Doe' is set on object 'Object Repository/1. CURA Object button/Username'

17-07-2024T13:44:12 - [TEST_STEP][PASSED] - setText(findTestObject("1. CURA Object button/Password"), Password): Text 'This' is set on object 'Object Repository/1. CURA Object button/Password'

17-07-2024T13:44:13 - [MESSAGE][PASSED] - Text 'This' is set on object 'Object Repository/1. CURA Object button/Password'

17-07-2024T13:44:13 - [TEST_STEP][PASSED] - click(findTestObject("1. CURA Object button/Login Button")): Object: 'Object Repository/1. CURA Object button/Login Button' is clicked on

17-07-2024T13:44:14 - [MESSAGE][PASSED] - Object: 'Object Repository/1. CURA Object button/Login Button' is clicked on

17-07-2024T13:44:14 - [TEST_STEP][PASSED] - if (username == "John Doe" && password == "ThisIsNotAPassword"): null

17-07-2024T13:44:14 - [TEST_STEP][PASSED] - else: Object 'Object Repository/7. Failed Login/Page_CURA/p_Login failed' is visible

17-07-2024T13:44:14 - [TEST_STEP][PASSED] - verifyElementVisible(findTestObject("7. Failed Login/Page_CURA/p_Login failed")): Object 'Object Repository/7. Failed Login/Page_CURA/p_Login failed' is visible

17-07-2024T13:44:14 - [MESSAGE][PASSED] - Object 'Object Repository/7. Failed Login/Page_CURA/p_Login failed' is visible]]></system-out>
         <system-err><![CDATA[]]></system-err>
      </testcase>
      <testcase name="Test Cases/CURA Web Test/TC17 - Login using data driven" time="9.048" classname="Test Cases/CURA Web Test/TC17 - Login using data driven" status="PASSED">
         <system-out><![CDATA[17-07-2024T13:44:14 - [TEST_CASE][PASSED] - Test Cases/CURA Web Test/TC17 - Login using data driven: Test Cases/CURA Web Test/TC17 - Login using data driven

17-07-2024T13:44:15 - [TEST_STEP][PASSED] - callTestCase(findTestCase("CURA Web Test/Properties/TCP01 - Open browser"), [:], STOP_ON_FAILURE): Call Test Case 'Test Cases/CURA Web Test/Properties/TCP01 - Open browser' successfully

17-07-2024T13:44:15 - [TEST_CASE][PASSED] - Test Cases/CURA Web Test/Properties/TCP01 - Open browser: Test Cases/CURA Web Test/Properties/TCP01 - Open browser

17-07-2024T13:44:15 - [TEST_STEP][PASSED] - openBrowser(""): Browser is opened with url: ''

17-07-2024T13:44:15 - [MESSAGE][WARNING] - A browser is already opened. Closing browser and opening a new one

17-07-2024T13:44:15 - [MESSAGE][INFO] - Starting 'Chrome' driver

17-07-2024T13:44:15 - [MESSAGE][INFO] - Action delay is set to 0 milliseconds

17-07-2024T13:44:16 - [MESSAGE][PASSED] - Browser is opened with url: ''

17-07-2024T13:44:16 - [TEST_STEP][PASSED] - navigateToUrl(URL): Navigate to 'https://katalon-demo-cura.herokuapp.com/' successfully

17-07-2024T13:44:19 - [MESSAGE][PASSED] - Navigate to 'https://katalon-demo-cura.herokuapp.com/' successfully

17-07-2024T13:44:19 - [MESSAGE][PASSED] - Call Test Case 'Test Cases/CURA Web Test/Properties/TCP01 - Open browser' successfully

17-07-2024T13:44:19 - [TEST_STEP][PASSED] - click(findTestObject("1. CURA Object button/Make Appointment")): Object: 'Object Repository/1. CURA Object button/Make Appointment' is clicked on

17-07-2024T13:44:20 - [MESSAGE][PASSED] - Object: 'Object Repository/1. CURA Object button/Make Appointment' is clicked on

17-07-2024T13:44:20 - [TEST_STEP][PASSED] - loginParameter = "varibleLogin": null

17-07-2024T13:44:20 - [TEST_STEP][PASSED] - username = getAttribute(findTestObject("1. CURA Object button/Username"), Username): Attribute '' of object 'Object Repository/1. CURA Object button/Username' is: 'null'

17-07-2024T13:44:20 - [MESSAGE][PASSED] - Attribute '' of object 'Object Repository/1. CURA Object button/Username' is: 'null'

17-07-2024T13:44:20 - [TEST_STEP][PASSED] - password = getAttribute(findTestObject("1. CURA Object button/Password"), Password): Attribute 'ThisIsNotAPassword' of object 'Object Repository/1. CURA Object button/Password' is: 'null'

17-07-2024T13:44:21 - [MESSAGE][PASSED] - Attribute 'ThisIsNotAPassword' of object 'Object Repository/1. CURA Object button/Password' is: 'null'

17-07-2024T13:44:21 - [TEST_STEP][PASSED] - setText(findTestObject("1. CURA Object button/Username"), Username): Text '' is set on object 'Object Repository/1. CURA Object button/Username'

17-07-2024T13:44:21 - [MESSAGE][PASSED] - Text '' is set on object 'Object Repository/1. CURA Object button/Username'

17-07-2024T13:44:21 - [TEST_STEP][PASSED] - setText(findTestObject("1. CURA Object button/Password"), Password): Text 'ThisIsNotAPassword' is set on object 'Object Repository/1. CURA Object button/Password'

17-07-2024T13:44:22 - [MESSAGE][PASSED] - Text 'ThisIsNotAPassword' is set on object 'Object Repository/1. CURA Object button/Password'

17-07-2024T13:44:22 - [TEST_STEP][PASSED] - click(findTestObject("1. CURA Object button/Login Button")): Object: 'Object Repository/1. CURA Object button/Login Button' is clicked on

17-07-2024T13:44:23 - [MESSAGE][PASSED] - Object: 'Object Repository/1. CURA Object button/Login Button' is clicked on

17-07-2024T13:44:23 - [TEST_STEP][PASSED] - if (username == "John Doe" && password == "ThisIsNotAPassword"): null

17-07-2024T13:44:23 - [TEST_STEP][PASSED] - else: Object 'Object Repository/7. Failed Login/Page_CURA/p_Login failed' is visible

17-07-2024T13:44:23 - [TEST_STEP][PASSED] - verifyElementVisible(findTestObject("7. Failed Login/Page_CURA/p_Login failed")): Object 'Object Repository/7. Failed Login/Page_CURA/p_Login failed' is visible

17-07-2024T13:44:24 - [MESSAGE][PASSED] - Object 'Object Repository/7. Failed Login/Page_CURA/p_Login failed' is visible]]></system-out>
         <system-err><![CDATA[]]></system-err>
      </testcase>
      <testcase name="Test Cases/CURA Web Test/TC17 - Login using data driven" time="9.442" classname="Test Cases/CURA Web Test/TC17 - Login using data driven" status="PASSED">
         <system-out><![CDATA[17-07-2024T13:44:24 - [TEST_CASE][PASSED] - Test Cases/CURA Web Test/TC17 - Login using data driven: Test Cases/CURA Web Test/TC17 - Login using data driven

17-07-2024T13:44:24 - [TEST_STEP][PASSED] - callTestCase(findTestCase("CURA Web Test/Properties/TCP01 - Open browser"), [:], STOP_ON_FAILURE): Call Test Case 'Test Cases/CURA Web Test/Properties/TCP01 - Open browser' successfully

17-07-2024T13:44:24 - [TEST_CASE][PASSED] - Test Cases/CURA Web Test/Properties/TCP01 - Open browser: Test Cases/CURA Web Test/Properties/TCP01 - Open browser

17-07-2024T13:44:24 - [TEST_STEP][PASSED] - openBrowser(""): Browser is opened with url: ''

17-07-2024T13:44:24 - [MESSAGE][WARNING] - A browser is already opened. Closing browser and opening a new one

17-07-2024T13:44:24 - [MESSAGE][INFO] - Starting 'Chrome' driver

17-07-2024T13:44:24 - [MESSAGE][INFO] - Action delay is set to 0 milliseconds

17-07-2024T13:44:25 - [MESSAGE][PASSED] - Browser is opened with url: ''

17-07-2024T13:44:25 - [TEST_STEP][PASSED] - navigateToUrl(URL): Navigate to 'https://katalon-demo-cura.herokuapp.com/' successfully

17-07-2024T13:44:26 - [MESSAGE][PASSED] - Navigate to 'https://katalon-demo-cura.herokuapp.com/' successfully

17-07-2024T13:44:26 - [MESSAGE][PASSED] - Call Test Case 'Test Cases/CURA Web Test/Properties/TCP01 - Open browser' successfully

17-07-2024T13:44:26 - [TEST_STEP][PASSED] - click(findTestObject("1. CURA Object button/Make Appointment")): Object: 'Object Repository/1. CURA Object button/Make Appointment' is clicked on

17-07-2024T13:44:29 - [MESSAGE][PASSED] - Object: 'Object Repository/1. CURA Object button/Make Appointment' is clicked on

17-07-2024T13:44:29 - [TEST_STEP][PASSED] - loginParameter = "varibleLogin": null

17-07-2024T13:44:29 - [TEST_STEP][PASSED] - username = getAttribute(findTestObject("1. CURA Object button/Username"), Username): Attribute 'John' of object 'Object Repository/1. CURA Object button/Username' is: 'null'

17-07-2024T13:44:29 - [MESSAGE][PASSED] - Attribute 'John' of object 'Object Repository/1. CURA Object button/Username' is: 'null'

17-07-2024T13:44:29 - [TEST_STEP][PASSED] - password = getAttribute(findTestObject("1. CURA Object button/Password"), Password): Attribute 'This' of object 'Object Repository/1. CURA Object button/Password' is: 'null'

17-07-2024T13:44:30 - [MESSAGE][PASSED] - Attribute 'This' of object 'Object Repository/1. CURA Object button/Password' is: 'null'

17-07-2024T13:44:30 - [TEST_STEP][PASSED] - setText(findTestObject("1. CURA Object button/Username"), Username): Text 'John' is set on object 'Object Repository/1. CURA Object button/Username'

17-07-2024T13:44:30 - [MESSAGE][PASSED] - Text 'John' is set on object 'Object Repository/1. CURA Object button/Username'

17-07-2024T13:44:30 - [TEST_STEP][PASSED] - setText(findTestObject("1. CURA Object button/Password"), Password): Text 'This' is set on object 'Object Repository/1. CURA Object button/Password'

17-07-2024T13:44:31 - [MESSAGE][PASSED] - Text 'This' is set on object 'Object Repository/1. CURA Object button/Password'

17-07-2024T13:44:31 - [TEST_STEP][PASSED] - click(findTestObject("1. CURA Object button/Login Button")): Object: 'Object Repository/1. CURA Object button/Login Button' is clicked on

17-07-2024T13:44:32 - [MESSAGE][PASSED] - Object: 'Object Repository/1. CURA Object button/Login Button' is clicked on

17-07-2024T13:44:32 - [TEST_STEP][PASSED] - if (username == "John Doe" && password == "ThisIsNotAPassword"): null

17-07-2024T13:44:32 - [TEST_STEP][PASSED] - else: Object 'Object Repository/7. Failed Login/Page_CURA/p_Login failed' is visible

17-07-2024T13:44:32 - [TEST_STEP][PASSED] - verifyElementVisible(findTestObject("7. Failed Login/Page_CURA/p_Login failed")): Object 'Object Repository/7. Failed Login/Page_CURA/p_Login failed' is visible

17-07-2024T13:44:33 - [MESSAGE][PASSED] - Object 'Object Repository/7. Failed Login/Page_CURA/p_Login failed' is visible]]></system-out>
         <system-err><![CDATA[]]></system-err>
      </testcase>
      <testcase name="Test Cases/CURA Web Test/TC17 - Login using data driven" time="9.288" classname="Test Cases/CURA Web Test/TC17 - Login using data driven" status="PASSED">
         <system-out><![CDATA[17-07-2024T13:44:33 - [TEST_CASE][PASSED] - Test Cases/CURA Web Test/TC17 - Login using data driven: Test Cases/CURA Web Test/TC17 - Login using data driven

17-07-2024T13:44:33 - [TEST_STEP][PASSED] - callTestCase(findTestCase("CURA Web Test/Properties/TCP01 - Open browser"), [:], STOP_ON_FAILURE): Call Test Case 'Test Cases/CURA Web Test/Properties/TCP01 - Open browser' successfully

17-07-2024T13:44:33 - [TEST_CASE][PASSED] - Test Cases/CURA Web Test/Properties/TCP01 - Open browser: Test Cases/CURA Web Test/Properties/TCP01 - Open browser

17-07-2024T13:44:33 - [TEST_STEP][PASSED] - openBrowser(""): Browser is opened with url: ''

17-07-2024T13:44:33 - [MESSAGE][WARNING] - A browser is already opened. Closing browser and opening a new one

17-07-2024T13:44:34 - [MESSAGE][INFO] - Starting 'Chrome' driver

17-07-2024T13:44:34 - [MESSAGE][INFO] - Action delay is set to 0 milliseconds

17-07-2024T13:44:35 - [MESSAGE][PASSED] - Browser is opened with url: ''

17-07-2024T13:44:35 - [TEST_STEP][PASSED] - navigateToUrl(URL): Navigate to 'https://katalon-demo-cura.herokuapp.com/' successfully

17-07-2024T13:44:38 - [MESSAGE][PASSED] - Navigate to 'https://katalon-demo-cura.herokuapp.com/' successfully

17-07-2024T13:44:38 - [MESSAGE][PASSED] - Call Test Case 'Test Cases/CURA Web Test/Properties/TCP01 - Open browser' successfully

17-07-2024T13:44:38 - [TEST_STEP][PASSED] - click(findTestObject("1. CURA Object button/Make Appointment")): Object: 'Object Repository/1. CURA Object button/Make Appointment' is clicked on

17-07-2024T13:44:38 - [MESSAGE][PASSED] - Object: 'Object Repository/1. CURA Object button/Make Appointment' is clicked on

17-07-2024T13:44:38 - [TEST_STEP][PASSED] - loginParameter = "varibleLogin": null

17-07-2024T13:44:38 - [TEST_STEP][PASSED] - username = getAttribute(findTestObject("1. CURA Object button/Username"), Username): Attribute 'John Doe' of object 'Object Repository/1. CURA Object button/Username' is: 'null'

17-07-2024T13:44:39 - [MESSAGE][PASSED] - Attribute 'John Doe' of object 'Object Repository/1. CURA Object button/Username' is: 'null'

17-07-2024T13:44:39 - [TEST_STEP][PASSED] - password = getAttribute(findTestObject("1. CURA Object button/Password"), Password): Attribute 'ThisIsNotAPassword' of object 'Object Repository/1. CURA Object button/Password' is: 'null'

17-07-2024T13:44:39 - [MESSAGE][PASSED] - Attribute 'ThisIsNotAPassword' of object 'Object Repository/1. CURA Object button/Password' is: 'null'

17-07-2024T13:44:39 - [TEST_STEP][PASSED] - setText(findTestObject("1. CURA Object button/Username"), Username): Text 'John Doe' is set on object 'Object Repository/1. CURA Object button/Username'

17-07-2024T13:44:40 - [MESSAGE][PASSED] - Text 'John Doe' is set on object 'Object Repository/1. CURA Object button/Username'

17-07-2024T13:44:40 - [TEST_STEP][PASSED] - setText(findTestObject("1. CURA Object button/Password"), Password): Text 'ThisIsNotAPassword' is set on object 'Object Repository/1. CURA Object button/Password'

17-07-2024T13:44:41 - [MESSAGE][PASSED] - Text 'ThisIsNotAPassword' is set on object 'Object Repository/1. CURA Object button/Password'

17-07-2024T13:44:41 - [TEST_STEP][PASSED] - click(findTestObject("1. CURA Object button/Login Button")): Object: 'Object Repository/1. CURA Object button/Login Button' is clicked on

17-07-2024T13:44:42 - [MESSAGE][PASSED] - Object: 'Object Repository/1. CURA Object button/Login Button' is clicked on

17-07-2024T13:44:42 - [TEST_STEP][PASSED] - if (username == "John Doe" && password == "ThisIsNotAPassword"): null

17-07-2024T13:44:42 - [TEST_STEP][PASSED] - else: Object 'Object Repository/7. Failed Login/Page_CURA/p_Login failed' is visible

17-07-2024T13:44:42 - [TEST_STEP][PASSED] - verifyElementVisible(findTestObject("7. Failed Login/Page_CURA/p_Login failed")): Object 'Object Repository/7. Failed Login/Page_CURA/p_Login failed' is visible

17-07-2024T13:44:42 - [MESSAGE][PASSED] - Object 'Object Repository/7. Failed Login/Page_CURA/p_Login failed' is visible]]></system-out>
         <system-err><![CDATA[]]></system-err>
      </testcase>
      <testcase name="Test Cases/CURA Web Test/Properties/TCP03 - Logout" time="2.064" classname="Test Cases/CURA Web Test/Properties/TCP03 - Logout" status="PASSED">
         <system-out><![CDATA[17-07-2024T13:44:42 - [TEST_CASE][PASSED] - Test Cases/CURA Web Test/Properties/TCP03 - Logout: Test Cases/CURA Web Test/Properties/TCP03 - Logout

17-07-2024T13:44:42 - [TEST_STEP][PASSED] - verifyElementText(findTestObject("2. CURA Object Text/Make Appointment"), "Make Appointment"): Actual text and expected text of test object 'Object Repository/2. CURA Object Text/Make Appointment' are matched.

17-07-2024T13:44:43 - [MESSAGE][PASSED] - Actual text and expected text of test object 'Object Repository/2. CURA Object Text/Make Appointment' are matched.

17-07-2024T13:44:43 - [TEST_STEP][PASSED] - click(findTestObject("1. CURA Object button/Menu")): Object: 'Object Repository/1. CURA Object button/Menu' is clicked on

17-07-2024T13:44:43 - [MESSAGE][PASSED] - Object: 'Object Repository/1. CURA Object button/Menu' is clicked on

17-07-2024T13:44:43 - [TEST_STEP][PASSED] - click(findTestObject("1. CURA Object button/Logout")): Object: 'Object Repository/1. CURA Object button/Logout' is clicked on

17-07-2024T13:44:44 - [MESSAGE][PASSED] - Object: 'Object Repository/1. CURA Object button/Logout' is clicked on

17-07-2024T13:44:44 - [TEST_STEP][PASSED] - closeBrowser(): Browser is closed

17-07-2024T13:44:44 - [MESSAGE][PASSED] - Browser is closed]]></system-out>
         <system-err><![CDATA[]]></system-err>
      </testcase>
      <system-out><![CDATA[17-07-2024T13:43:45 - [TEST_SUITE][PASSED] - TS09 - Login using data driven: Test Cases/CURA Web Test/Properties/TCP03 - Logout]]></system-out>
      <system-err><![CDATA[]]></system-err>
   </testsuite>
   <testsuite name="TS10 - Seoul appointment using data driven" tests="6" failures="0" errors="0" time="79.496" skipped="0" timestamp="17-07-2024T13:44:57" hostname="Lenovo - LAPTOP-7QB5JFLU" id="Test Suites/CURA Test suites/TS10 - Seoul appointment using data driven">
      <properties>
         <property name="deviceName" value=""/>
         <property name="devicePlatform"/>
         <property name="logFolder" value="C:\\Users\\Lenovo\\git\\KatalonPractitionerLevel\\Reports\\20240717_133439\\CURA Test suites\\TS10 - Seoul appointment using data driven\\20240717_133459"/>
         <property name="logFiles" value="C:\\Users\\Lenovo\\git\\KatalonPractitionerLevel\\Reports\\20240717_133439\\CURA Test suites\\TS10 - Seoul appointment using data driven\\20240717_133459\\execution0.log"/>
         <property name="attachments" value=""/>
         <property name="hostName" value="Lenovo - LAPTOP-7QB5JFLU"/>
         <property name="os" value="Windows 11 64bit"/>
         <property name="katalonVersion" value="9.6.0.217"/>
         <property name="browser" value="Chrome 126.0.0.0"/>
         <property name="hostAddress" value="192.168.1.12"/>
         <property name="sessionId" value="33e498fadb73e3d4fb1e64fe1fa01ee1"/>
         <property name="seleniumVersion" value="3.141.59"/>
         <property name="proxyInformation" value="ProxyInformation { proxyOption=NO_PROXY, proxyServerType=HTTP, username=, password=********, proxyServerAddress=, proxyServerPort=0, executionList=&quot;&quot;, isApplyToDesiredCapabilities=true }"/>
         <property name="platform" value="Windows 11"/>
      </properties>
      <testcase name="Test Cases/CURA Web Test/TC18 - Seoul Appointment using data driven" time="15.938" classname="Test Cases/CURA Web Test/TC18 - Seoul Appointment using data driven" status="PASSED">
         <system-out><![CDATA[17-07-2024T13:44:58 - [TEST_CASE][PASSED] - Test Cases/CURA Web Test/TC18 - Seoul Appointment using data driven: Test Cases/CURA Web Test/TC18 - Seoul Appointment using data driven

17-07-2024T13:44:58 - [TEST_STEP][PASSED] - propertiesPage.openBrowser.main(): propertiesPage.openBrowser.main is PASSED

17-07-2024T13:44:58 - [MESSAGE][INFO] - Starting 'Chrome' driver

17-07-2024T13:44:58 - [MESSAGE][INFO] - Action delay is set to 0 milliseconds

17-07-2024T13:45:00 - [MESSAGE][PASSED] - Browser is opened with url: ''

17-07-2024T13:45:03 - [MESSAGE][PASSED] - Navigate to 'https://katalon-demo-cura.herokuapp.com/' successfully

17-07-2024T13:45:03 - [MESSAGE][PASSED] - propertiesPage.openBrowser.main is PASSED

17-07-2024T13:45:03 - [TEST_STEP][PASSED] - propertiesPage.loginMenu.main(): propertiesPage.loginMenu.main is PASSED

17-07-2024T13:45:04 - [MESSAGE][PASSED] - Object: 'Object Repository/1. CURA Object button/Make Appointment' is clicked on

17-07-2024T13:45:04 - [MESSAGE][PASSED] - Actual text and expected text of test object 'Object Repository/2. CURA Object Text/Login Text' are matched.

17-07-2024T13:45:05 - [MESSAGE][PASSED] - Text 'John Doe' is set on object 'Object Repository/1. CURA Object button/Username'

17-07-2024T13:45:06 - [MESSAGE][PASSED] - Text 'ThisIsNotAPassword' is set on object 'Object Repository/1. CURA Object button/Password'

17-07-2024T13:45:07 - [MESSAGE][PASSED] - Object: 'Object Repository/1. CURA Object button/Login Button' is clicked on

17-07-2024T13:45:07 - [MESSAGE][PASSED] - propertiesPage.loginMenu.main is PASSED

17-07-2024T13:45:07 - [TEST_STEP][PASSED] - selectOptionByValue(findTestObject("1. CURA Object button/Facility"), facilityBook, true, CONTINUE_ON_FAILURE): All options with value 'Seoul CURA Healthcare Center' are selected in object 'Object Repository/1. CURA Object button/Facility'  using regular expression

17-07-2024T13:45:08 - [MESSAGE][PASSED] - All options with value 'Seoul CURA Healthcare Center' are selected in object 'Object Repository/1. CURA Object button/Facility'  using regular expression

17-07-2024T13:45:08 - [TEST_STEP][PASSED] - click(findTestObject("1. CURA Object button/Hospital Readmission")): Object: 'Object Repository/1. CURA Object button/Hospital Readmission' is clicked on

17-07-2024T13:45:09 - [MESSAGE][PASSED] - Object: 'Object Repository/1. CURA Object button/Hospital Readmission' is clicked on

17-07-2024T13:45:09 - [TEST_STEP][PASSED] - click(findTestObject("1. CURA Object button/Medicaid")): Object: 'Object Repository/1. CURA Object button/Medicaid' is clicked on

17-07-2024T13:45:09 - [MESSAGE][PASSED] - Object: 'Object Repository/1. CURA Object button/Medicaid' is clicked on

17-07-2024T13:45:09 - [TEST_STEP][PASSED] - click(findTestObject("1. CURA Object button/Visit Date")): Object: 'Object Repository/1. CURA Object button/Visit Date' is clicked on

17-07-2024T13:45:09 - [MESSAGE][PASSED] - Object: 'Object Repository/1. CURA Object button/Visit Date' is clicked on

17-07-2024T13:45:09 - [TEST_STEP][PASSED] - setText(findTestObject("1. CURA Object button/Visit Date"), visitDateBook): Text '09/07/2024' is set on object 'Object Repository/1. CURA Object button/Visit Date'

17-07-2024T13:45:10 - [MESSAGE][PASSED] - Text '09/07/2024' is set on object 'Object Repository/1. CURA Object button/Visit Date'

17-07-2024T13:45:10 - [TEST_STEP][PASSED] - setText(findTestObject("1. CURA Object button/Comment"), commentBook): Text 'Meet dr. Irsyad' is set on object 'Object Repository/1. CURA Object button/Comment'

17-07-2024T13:45:11 - [MESSAGE][PASSED] - Text 'Meet dr. Irsyad' is set on object 'Object Repository/1. CURA Object button/Comment'

17-07-2024T13:45:11 - [TEST_STEP][PASSED] - click(findTestObject("1. CURA Object button/Book Appointment")): Object: 'Object Repository/1. CURA Object button/Book Appointment' is clicked on

17-07-2024T13:45:12 - [MESSAGE][PASSED] - Object: 'Object Repository/1. CURA Object button/Book Appointment' is clicked on

17-07-2024T13:45:12 - [TEST_STEP][PASSED] - click(findTestObject("1. CURA Object button/Menu")): Object: 'Object Repository/1. CURA Object button/Menu' is clicked on

17-07-2024T13:45:13 - [MESSAGE][PASSED] - Object: 'Object Repository/1. CURA Object button/Menu' is clicked on

17-07-2024T13:45:13 - [TEST_STEP][PASSED] - click(findTestObject("1. CURA Object button/Home")): Object: 'Object Repository/1. CURA Object button/Home' is clicked on

17-07-2024T13:45:13 - [MESSAGE][PASSED] - Object: 'Object Repository/1. CURA Object button/Home' is clicked on

17-07-2024T13:45:13 - [TEST_STEP][PASSED] - click(findTestObject("1. CURA Object button/Make Appointment")): Object: 'Object Repository/1. CURA Object button/Make Appointment' is clicked on

17-07-2024T13:45:14 - [MESSAGE][PASSED] - Object: 'Object Repository/1. CURA Object button/Make Appointment' is clicked on]]></system-out>
         <system-err><![CDATA[]]></system-err>
      </testcase>
      <testcase name="Test Cases/CURA Web Test/TC18 - Seoul Appointment using data driven" time="15.208" classname="Test Cases/CURA Web Test/TC18 - Seoul Appointment using data driven" status="PASSED">
         <system-out><![CDATA[17-07-2024T13:45:14 - [TEST_CASE][PASSED] - Test Cases/CURA Web Test/TC18 - Seoul Appointment using data driven: Test Cases/CURA Web Test/TC18 - Seoul Appointment using data driven

17-07-2024T13:45:14 - [TEST_STEP][PASSED] - propertiesPage.openBrowser.main(): propertiesPage.openBrowser.main is PASSED

17-07-2024T13:45:14 - [MESSAGE][WARNING] - A browser is already opened. Closing browser and opening a new one

17-07-2024T13:45:14 - [MESSAGE][INFO] - Starting 'Chrome' driver

17-07-2024T13:45:14 - [MESSAGE][INFO] - Action delay is set to 0 milliseconds

17-07-2024T13:45:15 - [MESSAGE][PASSED] - Browser is opened with url: ''

17-07-2024T13:45:16 - [MESSAGE][PASSED] - Navigate to 'https://katalon-demo-cura.herokuapp.com/' successfully

17-07-2024T13:45:16 - [MESSAGE][PASSED] - propertiesPage.openBrowser.main is PASSED

17-07-2024T13:45:16 - [TEST_STEP][PASSED] - propertiesPage.loginMenu.main(): propertiesPage.loginMenu.main is PASSED

17-07-2024T13:45:19 - [MESSAGE][PASSED] - Object: 'Object Repository/1. CURA Object button/Make Appointment' is clicked on

17-07-2024T13:45:20 - [MESSAGE][PASSED] - Actual text and expected text of test object 'Object Repository/2. CURA Object Text/Login Text' are matched.

17-07-2024T13:45:20 - [MESSAGE][PASSED] - Text 'John Doe' is set on object 'Object Repository/1. CURA Object button/Username'

17-07-2024T13:45:21 - [MESSAGE][PASSED] - Text 'ThisIsNotAPassword' is set on object 'Object Repository/1. CURA Object button/Password'

17-07-2024T13:45:22 - [MESSAGE][PASSED] - Object: 'Object Repository/1. CURA Object button/Login Button' is clicked on

17-07-2024T13:45:22 - [MESSAGE][PASSED] - propertiesPage.loginMenu.main is PASSED

17-07-2024T13:45:22 - [TEST_STEP][PASSED] - selectOptionByValue(findTestObject("1. CURA Object button/Facility"), facilityBook, true, CONTINUE_ON_FAILURE): All options with value 'Seoul CURA Healthcare Center' are selected in object 'Object Repository/1. CURA Object button/Facility'  using regular expression

17-07-2024T13:45:24 - [MESSAGE][PASSED] - All options with value 'Seoul CURA Healthcare Center' are selected in object 'Object Repository/1. CURA Object button/Facility'  using regular expression

17-07-2024T13:45:24 - [TEST_STEP][PASSED] - click(findTestObject("1. CURA Object button/Hospital Readmission")): Object: 'Object Repository/1. CURA Object button/Hospital Readmission' is clicked on

17-07-2024T13:45:24 - [MESSAGE][PASSED] - Object: 'Object Repository/1. CURA Object button/Hospital Readmission' is clicked on

17-07-2024T13:45:24 - [TEST_STEP][PASSED] - click(findTestObject("1. CURA Object button/Medicaid")): Object: 'Object Repository/1. CURA Object button/Medicaid' is clicked on

17-07-2024T13:45:24 - [MESSAGE][PASSED] - Object: 'Object Repository/1. CURA Object button/Medicaid' is clicked on

17-07-2024T13:45:24 - [TEST_STEP][PASSED] - click(findTestObject("1. CURA Object button/Visit Date")): Object: 'Object Repository/1. CURA Object button/Visit Date' is clicked on

17-07-2024T13:45:25 - [MESSAGE][PASSED] - Object: 'Object Repository/1. CURA Object button/Visit Date' is clicked on

17-07-2024T13:45:25 - [TEST_STEP][PASSED] - setText(findTestObject("1. CURA Object button/Visit Date"), visitDateBook): Text '04/07/2024' is set on object 'Object Repository/1. CURA Object button/Visit Date'

17-07-2024T13:45:26 - [MESSAGE][PASSED] - Text '04/07/2024' is set on object 'Object Repository/1. CURA Object button/Visit Date'

17-07-2024T13:45:26 - [TEST_STEP][PASSED] - setText(findTestObject("1. CURA Object button/Comment"), commentBook): Text 'Reschedule, Meet dr. Indahsari' is set on object 'Object Repository/1. CURA Object button/Comment'

17-07-2024T13:45:27 - [MESSAGE][PASSED] - Text 'Reschedule, Meet dr. Indahsari' is set on object 'Object Repository/1. CURA Object button/Comment'

17-07-2024T13:45:27 - [TEST_STEP][PASSED] - click(findTestObject("1. CURA Object button/Book Appointment")): Object: 'Object Repository/1. CURA Object button/Book Appointment' is clicked on

17-07-2024T13:45:27 - [MESSAGE][PASSED] - Object: 'Object Repository/1. CURA Object button/Book Appointment' is clicked on

17-07-2024T13:45:27 - [TEST_STEP][PASSED] - click(findTestObject("1. CURA Object button/Menu")): Object: 'Object Repository/1. CURA Object button/Menu' is clicked on

17-07-2024T13:45:28 - [MESSAGE][PASSED] - Object: 'Object Repository/1. CURA Object button/Menu' is clicked on

17-07-2024T13:45:28 - [TEST_STEP][PASSED] - click(findTestObject("1. CURA Object button/Home")): Object: 'Object Repository/1. CURA Object button/Home' is clicked on

17-07-2024T13:45:29 - [MESSAGE][PASSED] - Object: 'Object Repository/1. CURA Object button/Home' is clicked on

17-07-2024T13:45:29 - [TEST_STEP][PASSED] - click(findTestObject("1. CURA Object button/Make Appointment")): Object: 'Object Repository/1. CURA Object button/Make Appointment' is clicked on

17-07-2024T13:45:29 - [MESSAGE][PASSED] - Object: 'Object Repository/1. CURA Object button/Make Appointment' is clicked on]]></system-out>
         <system-err><![CDATA[]]></system-err>
      </testcase>
      <testcase name="Test Cases/CURA Web Test/TC18 - Seoul Appointment using data driven" time="15.329" classname="Test Cases/CURA Web Test/TC18 - Seoul Appointment using data driven" status="PASSED">
         <system-out><![CDATA[17-07-2024T13:45:29 - [TEST_CASE][PASSED] - Test Cases/CURA Web Test/TC18 - Seoul Appointment using data driven: Test Cases/CURA Web Test/TC18 - Seoul Appointment using data driven

17-07-2024T13:45:29 - [TEST_STEP][PASSED] - propertiesPage.openBrowser.main(): propertiesPage.openBrowser.main is PASSED

17-07-2024T13:45:29 - [MESSAGE][WARNING] - A browser is already opened. Closing browser and opening a new one

17-07-2024T13:45:30 - [MESSAGE][INFO] - Starting 'Chrome' driver

17-07-2024T13:45:30 - [MESSAGE][INFO] - Action delay is set to 0 milliseconds

17-07-2024T13:45:31 - [MESSAGE][PASSED] - Browser is opened with url: ''

17-07-2024T13:45:34 - [MESSAGE][PASSED] - Navigate to 'https://katalon-demo-cura.herokuapp.com/' successfully

17-07-2024T13:45:34 - [MESSAGE][PASSED] - propertiesPage.openBrowser.main is PASSED

17-07-2024T13:45:34 - [TEST_STEP][PASSED] - propertiesPage.loginMenu.main(): propertiesPage.loginMenu.main is PASSED

17-07-2024T13:45:35 - [MESSAGE][PASSED] - Object: 'Object Repository/1. CURA Object button/Make Appointment' is clicked on

17-07-2024T13:45:35 - [MESSAGE][PASSED] - Actual text and expected text of test object 'Object Repository/2. CURA Object Text/Login Text' are matched.

17-07-2024T13:45:36 - [MESSAGE][PASSED] - Text 'John Doe' is set on object 'Object Repository/1. CURA Object button/Username'

17-07-2024T13:45:37 - [MESSAGE][PASSED] - Text 'ThisIsNotAPassword' is set on object 'Object Repository/1. CURA Object button/Password'

17-07-2024T13:45:38 - [MESSAGE][PASSED] - Object: 'Object Repository/1. CURA Object button/Login Button' is clicked on

17-07-2024T13:45:38 - [MESSAGE][PASSED] - propertiesPage.loginMenu.main is PASSED

17-07-2024T13:45:38 - [TEST_STEP][PASSED] - selectOptionByValue(findTestObject("1. CURA Object button/Facility"), facilityBook, true, CONTINUE_ON_FAILURE): All options with value 'Seoul CURA Healthcare Center' are selected in object 'Object Repository/1. CURA Object button/Facility'  using regular expression

17-07-2024T13:45:39 - [MESSAGE][PASSED] - All options with value 'Seoul CURA Healthcare Center' are selected in object 'Object Repository/1. CURA Object button/Facility'  using regular expression

17-07-2024T13:45:39 - [TEST_STEP][PASSED] - click(findTestObject("1. CURA Object button/Hospital Readmission")): Object: 'Object Repository/1. CURA Object button/Hospital Readmission' is clicked on

17-07-2024T13:45:39 - [MESSAGE][PASSED] - Object: 'Object Repository/1. CURA Object button/Hospital Readmission' is clicked on

17-07-2024T13:45:39 - [TEST_STEP][PASSED] - click(findTestObject("1. CURA Object button/Medicaid")): Object: 'Object Repository/1. CURA Object button/Medicaid' is clicked on

17-07-2024T13:45:40 - [MESSAGE][PASSED] - Object: 'Object Repository/1. CURA Object button/Medicaid' is clicked on

17-07-2024T13:45:40 - [TEST_STEP][PASSED] - click(findTestObject("1. CURA Object button/Visit Date")): Object: 'Object Repository/1. CURA Object button/Visit Date' is clicked on

17-07-2024T13:45:40 - [MESSAGE][PASSED] - Object: 'Object Repository/1. CURA Object button/Visit Date' is clicked on

17-07-2024T13:45:40 - [TEST_STEP][PASSED] - setText(findTestObject("1. CURA Object button/Visit Date"), visitDateBook): Text '01/03/2025' is set on object 'Object Repository/1. CURA Object button/Visit Date'

17-07-2024T13:45:41 - [MESSAGE][PASSED] - Text '01/03/2025' is set on object 'Object Repository/1. CURA Object button/Visit Date'

17-07-2024T13:45:41 - [TEST_STEP][PASSED] - setText(findTestObject("1. CURA Object button/Comment"), commentBook): Text 'Meet dr. Andika' is set on object 'Object Repository/1. CURA Object button/Comment'

17-07-2024T13:45:42 - [MESSAGE][PASSED] - Text 'Meet dr. Andika' is set on object 'Object Repository/1. CURA Object button/Comment'

17-07-2024T13:45:42 - [TEST_STEP][PASSED] - click(findTestObject("1. CURA Object button/Book Appointment")): Object: 'Object Repository/1. CURA Object button/Book Appointment' is clicked on

17-07-2024T13:45:43 - [MESSAGE][PASSED] - Object: 'Object Repository/1. CURA Object button/Book Appointment' is clicked on

17-07-2024T13:45:43 - [TEST_STEP][PASSED] - click(findTestObject("1. CURA Object button/Menu")): Object: 'Object Repository/1. CURA Object button/Menu' is clicked on

17-07-2024T13:45:43 - [MESSAGE][PASSED] - Object: 'Object Repository/1. CURA Object button/Menu' is clicked on

17-07-2024T13:45:43 - [TEST_STEP][PASSED] - click(findTestObject("1. CURA Object button/Home")): Object: 'Object Repository/1. CURA Object button/Home' is clicked on

17-07-2024T13:45:44 - [MESSAGE][PASSED] - Object: 'Object Repository/1. CURA Object button/Home' is clicked on

17-07-2024T13:45:44 - [TEST_STEP][PASSED] - click(findTestObject("1. CURA Object button/Make Appointment")): Object: 'Object Repository/1. CURA Object button/Make Appointment' is clicked on

17-07-2024T13:45:44 - [MESSAGE][PASSED] - Object: 'Object Repository/1. CURA Object button/Make Appointment' is clicked on]]></system-out>
         <system-err><![CDATA[]]></system-err>
      </testcase>
      <testcase name="Test Cases/CURA Web Test/TC18 - Seoul Appointment using data driven" time="15.389" classname="Test Cases/CURA Web Test/TC18 - Seoul Appointment using data driven" status="PASSED">
         <system-out><![CDATA[17-07-2024T13:45:44 - [TEST_CASE][PASSED] - Test Cases/CURA Web Test/TC18 - Seoul Appointment using data driven: Test Cases/CURA Web Test/TC18 - Seoul Appointment using data driven

17-07-2024T13:45:44 - [TEST_STEP][PASSED] - propertiesPage.openBrowser.main(): propertiesPage.openBrowser.main is PASSED

17-07-2024T13:45:44 - [MESSAGE][WARNING] - A browser is already opened. Closing browser and opening a new one

17-07-2024T13:45:45 - [MESSAGE][INFO] - Starting 'Chrome' driver

17-07-2024T13:45:45 - [MESSAGE][INFO] - Action delay is set to 0 milliseconds

17-07-2024T13:45:46 - [MESSAGE][PASSED] - Browser is opened with url: ''

17-07-2024T13:45:49 - [MESSAGE][PASSED] - Navigate to 'https://katalon-demo-cura.herokuapp.com/' successfully

17-07-2024T13:45:49 - [MESSAGE][PASSED] - propertiesPage.openBrowser.main is PASSED

17-07-2024T13:45:49 - [TEST_STEP][PASSED] - propertiesPage.loginMenu.main(): propertiesPage.loginMenu.main is PASSED

17-07-2024T13:45:50 - [MESSAGE][PASSED] - Object: 'Object Repository/1. CURA Object button/Make Appointment' is clicked on

17-07-2024T13:45:50 - [MESSAGE][PASSED] - Actual text and expected text of test object 'Object Repository/2. CURA Object Text/Login Text' are matched.

17-07-2024T13:45:51 - [MESSAGE][PASSED] - Text 'John Doe' is set on object 'Object Repository/1. CURA Object button/Username'

17-07-2024T13:45:52 - [MESSAGE][PASSED] - Text 'ThisIsNotAPassword' is set on object 'Object Repository/1. CURA Object button/Password'

17-07-2024T13:45:53 - [MESSAGE][PASSED] - Object: 'Object Repository/1. CURA Object button/Login Button' is clicked on

17-07-2024T13:45:53 - [MESSAGE][PASSED] - propertiesPage.loginMenu.main is PASSED

17-07-2024T13:45:53 - [TEST_STEP][PASSED] - selectOptionByValue(findTestObject("1. CURA Object button/Facility"), facilityBook, true, CONTINUE_ON_FAILURE): All options with value 'Seoul CURA Healthcare Center' are selected in object 'Object Repository/1. CURA Object button/Facility'  using regular expression

17-07-2024T13:45:54 - [MESSAGE][PASSED] - All options with value 'Seoul CURA Healthcare Center' are selected in object 'Object Repository/1. CURA Object button/Facility'  using regular expression

17-07-2024T13:45:54 - [TEST_STEP][PASSED] - click(findTestObject("1. CURA Object button/Hospital Readmission")): Object: 'Object Repository/1. CURA Object button/Hospital Readmission' is clicked on

17-07-2024T13:45:55 - [MESSAGE][PASSED] - Object: 'Object Repository/1. CURA Object button/Hospital Readmission' is clicked on

17-07-2024T13:45:55 - [TEST_STEP][PASSED] - click(findTestObject("1. CURA Object button/Medicaid")): Object: 'Object Repository/1. CURA Object button/Medicaid' is clicked on

17-07-2024T13:45:55 - [MESSAGE][PASSED] - Object: 'Object Repository/1. CURA Object button/Medicaid' is clicked on

17-07-2024T13:45:55 - [TEST_STEP][PASSED] - click(findTestObject("1. CURA Object button/Visit Date")): Object: 'Object Repository/1. CURA Object button/Visit Date' is clicked on

17-07-2024T13:45:56 - [MESSAGE][PASSED] - Object: 'Object Repository/1. CURA Object button/Visit Date' is clicked on

17-07-2024T13:45:56 - [TEST_STEP][PASSED] - setText(findTestObject("1. CURA Object button/Visit Date"), visitDateBook): Text '12/12/2024' is set on object 'Object Repository/1. CURA Object button/Visit Date'

17-07-2024T13:45:56 - [MESSAGE][PASSED] - Text '12/12/2024' is set on object 'Object Repository/1. CURA Object button/Visit Date'

17-07-2024T13:45:56 - [TEST_STEP][PASSED] - setText(findTestObject("1. CURA Object button/Comment"), commentBook): Text 'Meet dr. Azani' is set on object 'Object Repository/1. CURA Object button/Comment'

17-07-2024T13:45:57 - [MESSAGE][PASSED] - Text 'Meet dr. Azani' is set on object 'Object Repository/1. CURA Object button/Comment'

17-07-2024T13:45:57 - [TEST_STEP][PASSED] - click(findTestObject("1. CURA Object button/Book Appointment")): Object: 'Object Repository/1. CURA Object button/Book Appointment' is clicked on

17-07-2024T13:45:58 - [MESSAGE][PASSED] - Object: 'Object Repository/1. CURA Object button/Book Appointment' is clicked on

17-07-2024T13:45:58 - [TEST_STEP][PASSED] - click(findTestObject("1. CURA Object button/Menu")): Object: 'Object Repository/1. CURA Object button/Menu' is clicked on

17-07-2024T13:45:59 - [MESSAGE][PASSED] - Object: 'Object Repository/1. CURA Object button/Menu' is clicked on

17-07-2024T13:45:59 - [TEST_STEP][PASSED] - click(findTestObject("1. CURA Object button/Home")): Object: 'Object Repository/1. CURA Object button/Home' is clicked on

17-07-2024T13:45:59 - [MESSAGE][PASSED] - Object: 'Object Repository/1. CURA Object button/Home' is clicked on

17-07-2024T13:45:59 - [TEST_STEP][PASSED] - click(findTestObject("1. CURA Object button/Make Appointment")): Object: 'Object Repository/1. CURA Object button/Make Appointment' is clicked on

17-07-2024T13:46:00 - [MESSAGE][PASSED] - Object: 'Object Repository/1. CURA Object button/Make Appointment' is clicked on]]></system-out>
         <system-err><![CDATA[]]></system-err>
      </testcase>
      <testcase name="Test Cases/CURA Web Test/TC18 - Seoul Appointment using data driven" time="14.526" classname="Test Cases/CURA Web Test/TC18 - Seoul Appointment using data driven" status="PASSED">
         <system-out><![CDATA[17-07-2024T13:46:00 - [TEST_CASE][PASSED] - Test Cases/CURA Web Test/TC18 - Seoul Appointment using data driven: Test Cases/CURA Web Test/TC18 - Seoul Appointment using data driven

17-07-2024T13:46:00 - [TEST_STEP][PASSED] - propertiesPage.openBrowser.main(): propertiesPage.openBrowser.main is PASSED

17-07-2024T13:46:00 - [MESSAGE][WARNING] - A browser is already opened. Closing browser and opening a new one

17-07-2024T13:46:00 - [MESSAGE][INFO] - Starting 'Chrome' driver

17-07-2024T13:46:00 - [MESSAGE][INFO] - Action delay is set to 0 milliseconds

17-07-2024T13:46:01 - [MESSAGE][PASSED] - Browser is opened with url: ''

17-07-2024T13:46:02 - [MESSAGE][PASSED] - Navigate to 'https://katalon-demo-cura.herokuapp.com/' successfully

17-07-2024T13:46:02 - [MESSAGE][PASSED] - propertiesPage.openBrowser.main is PASSED

17-07-2024T13:46:02 - [TEST_STEP][PASSED] - propertiesPage.loginMenu.main(): propertiesPage.loginMenu.main is PASSED

17-07-2024T13:46:05 - [MESSAGE][PASSED] - Object: 'Object Repository/1. CURA Object button/Make Appointment' is clicked on

17-07-2024T13:46:05 - [MESSAGE][PASSED] - Actual text and expected text of test object 'Object Repository/2. CURA Object Text/Login Text' are matched.

17-07-2024T13:46:06 - [MESSAGE][PASSED] - Text 'John Doe' is set on object 'Object Repository/1. CURA Object button/Username'

17-07-2024T13:46:07 - [MESSAGE][PASSED] - Text 'ThisIsNotAPassword' is set on object 'Object Repository/1. CURA Object button/Password'

17-07-2024T13:46:08 - [MESSAGE][PASSED] - Object: 'Object Repository/1. CURA Object button/Login Button' is clicked on

17-07-2024T13:46:08 - [MESSAGE][PASSED] - propertiesPage.loginMenu.main is PASSED

17-07-2024T13:46:08 - [TEST_STEP][PASSED] - selectOptionByValue(findTestObject("1. CURA Object button/Facility"), facilityBook, true, CONTINUE_ON_FAILURE): All options with value 'Seoul CURA Healthcare Center' are selected in object 'Object Repository/1. CURA Object button/Facility'  using regular expression

17-07-2024T13:46:09 - [MESSAGE][PASSED] - All options with value 'Seoul CURA Healthcare Center' are selected in object 'Object Repository/1. CURA Object button/Facility'  using regular expression

17-07-2024T13:46:09 - [TEST_STEP][PASSED] - click(findTestObject("1. CURA Object button/Hospital Readmission")): Object: 'Object Repository/1. CURA Object button/Hospital Readmission' is clicked on

17-07-2024T13:46:09 - [MESSAGE][PASSED] - Object: 'Object Repository/1. CURA Object button/Hospital Readmission' is clicked on

17-07-2024T13:46:09 - [TEST_STEP][PASSED] - click(findTestObject("1. CURA Object button/Medicaid")): Object: 'Object Repository/1. CURA Object button/Medicaid' is clicked on

17-07-2024T13:46:10 - [MESSAGE][PASSED] - Object: 'Object Repository/1. CURA Object button/Medicaid' is clicked on

17-07-2024T13:46:10 - [TEST_STEP][PASSED] - click(findTestObject("1. CURA Object button/Visit Date")): Object: 'Object Repository/1. CURA Object button/Visit Date' is clicked on

17-07-2024T13:46:10 - [MESSAGE][PASSED] - Object: 'Object Repository/1. CURA Object button/Visit Date' is clicked on

17-07-2024T13:46:10 - [TEST_STEP][PASSED] - setText(findTestObject("1. CURA Object button/Visit Date"), visitDateBook): Text '05/07/2024' is set on object 'Object Repository/1. CURA Object button/Visit Date'

17-07-2024T13:46:11 - [MESSAGE][PASSED] - Text '05/07/2024' is set on object 'Object Repository/1. CURA Object button/Visit Date'

17-07-2024T13:46:11 - [TEST_STEP][PASSED] - setText(findTestObject("1. CURA Object button/Comment"), commentBook): Text 'Reschedule to 06/07/2024 with dr. Ava' is set on object 'Object Repository/1. CURA Object button/Comment'

17-07-2024T13:46:12 - [MESSAGE][PASSED] - Text 'Reschedule to 06/07/2024 with dr. Ava' is set on object 'Object Repository/1. CURA Object button/Comment'

17-07-2024T13:46:12 - [TEST_STEP][PASSED] - click(findTestObject("1. CURA Object button/Book Appointment")): Object: 'Object Repository/1. CURA Object button/Book Appointment' is clicked on

17-07-2024T13:46:13 - [MESSAGE][PASSED] - Object: 'Object Repository/1. CURA Object button/Book Appointment' is clicked on

17-07-2024T13:46:13 - [TEST_STEP][PASSED] - click(findTestObject("1. CURA Object button/Menu")): Object: 'Object Repository/1. CURA Object button/Menu' is clicked on

17-07-2024T13:46:13 - [MESSAGE][PASSED] - Object: 'Object Repository/1. CURA Object button/Menu' is clicked on

17-07-2024T13:46:13 - [TEST_STEP][PASSED] - click(findTestObject("1. CURA Object button/Home")): Object: 'Object Repository/1. CURA Object button/Home' is clicked on

17-07-2024T13:46:14 - [MESSAGE][PASSED] - Object: 'Object Repository/1. CURA Object button/Home' is clicked on

17-07-2024T13:46:14 - [TEST_STEP][PASSED] - click(findTestObject("1. CURA Object button/Make Appointment")): Object: 'Object Repository/1. CURA Object button/Make Appointment' is clicked on

17-07-2024T13:46:14 - [MESSAGE][PASSED] - Object: 'Object Repository/1. CURA Object button/Make Appointment' is clicked on]]></system-out>
         <system-err><![CDATA[]]></system-err>
      </testcase>
      <testcase name="Test Cases/CURA Web Test/Properties/TCP03 - Logout" time="2.412" classname="Test Cases/CURA Web Test/Properties/TCP03 - Logout" status="PASSED">
         <system-out><![CDATA[17-07-2024T13:46:14 - [TEST_CASE][PASSED] - Test Cases/CURA Web Test/Properties/TCP03 - Logout: Test Cases/CURA Web Test/Properties/TCP03 - Logout

17-07-2024T13:46:14 - [TEST_STEP][PASSED] - verifyElementText(findTestObject("2. CURA Object Text/Make Appointment"), "Make Appointment"): Actual text and expected text of test object 'Object Repository/2. CURA Object Text/Make Appointment' are matched.

17-07-2024T13:46:15 - [MESSAGE][PASSED] - Actual text and expected text of test object 'Object Repository/2. CURA Object Text/Make Appointment' are matched.

17-07-2024T13:46:15 - [TEST_STEP][PASSED] - click(findTestObject("1. CURA Object button/Menu")): Object: 'Object Repository/1. CURA Object button/Menu' is clicked on

17-07-2024T13:46:15 - [MESSAGE][PASSED] - Object: 'Object Repository/1. CURA Object button/Menu' is clicked on

17-07-2024T13:46:15 - [TEST_STEP][PASSED] - click(findTestObject("1. CURA Object button/Logout")): Object: 'Object Repository/1. CURA Object button/Logout' is clicked on

17-07-2024T13:46:16 - [MESSAGE][PASSED] - Object: 'Object Repository/1. CURA Object button/Logout' is clicked on

17-07-2024T13:46:16 - [TEST_STEP][PASSED] - closeBrowser(): Browser is closed

17-07-2024T13:46:17 - [MESSAGE][PASSED] - Browser is closed]]></system-out>
         <system-err><![CDATA[]]></system-err>
      </testcase>
      <system-out><![CDATA[17-07-2024T13:44:57 - [TEST_SUITE][PASSED] - TS10 - Seoul appointment using data driven: Test Cases/CURA Web Test/Properties/TCP03 - Logout]]></system-out>
      <system-err><![CDATA[]]></system-err>
   </testsuite>
   <testsuite name="TS11 - Hongkong appointment using data driven" tests="5" failures="0" errors="0" time="64.525" skipped="0" timestamp="17-07-2024T13:46:31" hostname="Lenovo - LAPTOP-7QB5JFLU" id="Test Suites/CURA Test suites/TS11 - Hongkong appointment using data driven">
      <properties>
         <property name="deviceName" value=""/>
         <property name="devicePlatform"/>
         <property name="logFolder" value="C:\\Users\\Lenovo\\git\\KatalonPractitionerLevel\\Reports\\20240717_133439\\CURA Test suites\\TS11 - Hongkong appointment using data driven\\20240717_133501"/>
         <property name="logFiles" value="C:\\Users\\Lenovo\\git\\KatalonPractitionerLevel\\Reports\\20240717_133439\\CURA Test suites\\TS11 - Hongkong appointment using data driven\\20240717_133501\\execution0.log"/>
         <property name="attachments" value=""/>
         <property name="hostName" value="Lenovo - LAPTOP-7QB5JFLU"/>
         <property name="os" value="Windows 11 64bit"/>
         <property name="katalonVersion" value="9.6.0.217"/>
         <property name="browser" value="Chrome 126.0.0.0"/>
         <property name="hostAddress" value="192.168.1.12"/>
         <property name="sessionId" value="868f7eceb0dc0771de21de3ee77061d2"/>
         <property name="seleniumVersion" value="3.141.59"/>
         <property name="proxyInformation" value="ProxyInformation { proxyOption=NO_PROXY, proxyServerType=HTTP, username=, password=********, proxyServerAddress=, proxyServerPort=0, executionList=&quot;&quot;, isApplyToDesiredCapabilities=true }"/>
         <property name="platform" value="Windows 11"/>
      </properties>
      <testcase name="Test Cases/CURA Web Test/TC19 - Hongkong Appointment using data driven" time="16.85" classname="Test Cases/CURA Web Test/TC19 - Hongkong Appointment using data driven" status="PASSED">
         <system-out><![CDATA[17-07-2024T13:46:31 - [TEST_CASE][PASSED] - Test Cases/CURA Web Test/TC19 - Hongkong Appointment using data driven: Test Cases/CURA Web Test/TC19 - Hongkong Appointment using data driven

17-07-2024T13:46:31 - [TEST_STEP][PASSED] - callTestCase(findTestCase("CURA Web Test/Properties/TCP01 - Open browser"), [:], STOP_ON_FAILURE): Call Test Case 'Test Cases/CURA Web Test/Properties/TCP01 - Open browser' successfully

17-07-2024T13:46:31 - [TEST_CASE][PASSED] - Test Cases/CURA Web Test/Properties/TCP01 - Open browser: Test Cases/CURA Web Test/Properties/TCP01 - Open browser

17-07-2024T13:46:32 - [TEST_STEP][PASSED] - openBrowser(""): Browser is opened with url: ''

17-07-2024T13:46:32 - [MESSAGE][INFO] - Starting 'Chrome' driver

17-07-2024T13:46:32 - [MESSAGE][INFO] - Action delay is set to 0 milliseconds

17-07-2024T13:46:33 - [MESSAGE][PASSED] - Browser is opened with url: ''

17-07-2024T13:46:33 - [TEST_STEP][PASSED] - navigateToUrl(URL): Navigate to 'https://katalon-demo-cura.herokuapp.com/' successfully

17-07-2024T13:46:37 - [MESSAGE][PASSED] - Navigate to 'https://katalon-demo-cura.herokuapp.com/' successfully

17-07-2024T13:46:37 - [MESSAGE][PASSED] - Call Test Case 'Test Cases/CURA Web Test/Properties/TCP01 - Open browser' successfully

17-07-2024T13:46:37 - [TEST_STEP][PASSED] - callTestCase(findTestCase("CURA Web Test/Properties/TCP02 - Login"), [:], STOP_ON_FAILURE): Call Test Case 'Test Cases/CURA Web Test/Properties/TCP02 - Login' successfully

17-07-2024T13:46:37 - [TEST_CASE][PASSED] - Test Cases/CURA Web Test/Properties/TCP02 - Login: Test Cases/CURA Web Test/Properties/TCP02 - Login

17-07-2024T13:46:37 - [TEST_STEP][PASSED] - click(findTestObject("1. CURA Object button/Make Appointment")): Object: 'Object Repository/1. CURA Object button/Make Appointment' is clicked on

17-07-2024T13:46:38 - [MESSAGE][PASSED] - Object: 'Object Repository/1. CURA Object button/Make Appointment' is clicked on

17-07-2024T13:46:38 - [TEST_STEP][PASSED] - verifyElementText(findTestObject("2. CURA Object Text/Login Text"), "Login"): Actual text and expected text of test object 'Object Repository/2. CURA Object Text/Login Text' are matched.

17-07-2024T13:46:38 - [MESSAGE][PASSED] - Actual text and expected text of test object 'Object Repository/2. CURA Object Text/Login Text' are matched.

17-07-2024T13:46:38 - [TEST_STEP][PASSED] - setText(findTestObject("1. CURA Object button/Username"), Username): Text 'John Doe' is set on object 'Object Repository/1. CURA Object button/Username'

17-07-2024T13:46:39 - [MESSAGE][PASSED] - Text 'John Doe' is set on object 'Object Repository/1. CURA Object button/Username'

17-07-2024T13:46:39 - [TEST_STEP][PASSED] - setText(findTestObject("1. CURA Object button/Password"), Password): Text 'ThisIsNotAPassword' is set on object 'Object Repository/1. CURA Object button/Password'

17-07-2024T13:46:40 - [MESSAGE][PASSED] - Text 'ThisIsNotAPassword' is set on object 'Object Repository/1. CURA Object button/Password'

17-07-2024T13:46:40 - [TEST_STEP][PASSED] - click(findTestObject("1. CURA Object button/Login Button")): Object: 'Object Repository/1. CURA Object button/Login Button' is clicked on

17-07-2024T13:46:41 - [MESSAGE][PASSED] - Object: 'Object Repository/1. CURA Object button/Login Button' is clicked on

17-07-2024T13:46:41 - [MESSAGE][PASSED] - Call Test Case 'Test Cases/CURA Web Test/Properties/TCP02 - Login' successfully

17-07-2024T13:46:41 - [TEST_STEP][PASSED] - selectOptionByValue(findTestObject("1. CURA Object button/Facility"), facility, true): All options with value 'Hongkong CURA Healthcare Center' are selected in object 'Object Repository/1. CURA Object button/Facility'  using regular expression

17-07-2024T13:46:42 - [MESSAGE][PASSED] - All options with value 'Hongkong CURA Healthcare Center' are selected in object 'Object Repository/1. CURA Object button/Facility'  using regular expression

17-07-2024T13:46:42 - [TEST_STEP][PASSED] - click(findTestObject("1. CURA Object button/Hospital Readmission")): Object: 'Object Repository/1. CURA Object button/Hospital Readmission' is clicked on

17-07-2024T13:46:43 - [MESSAGE][PASSED] - Object: 'Object Repository/1. CURA Object button/Hospital Readmission' is clicked on

17-07-2024T13:46:43 - [TEST_STEP][PASSED] - click(findTestObject("1. CURA Object button/None")): Object: 'Object Repository/1. CURA Object button/None' is clicked on

17-07-2024T13:46:43 - [MESSAGE][PASSED] - Object: 'Object Repository/1. CURA Object button/None' is clicked on

17-07-2024T13:46:43 - [TEST_STEP][PASSED] - click(findTestObject("1. CURA Object button/Visit Date")): Object: 'Object Repository/1. CURA Object button/Visit Date' is clicked on

17-07-2024T13:46:43 - [MESSAGE][PASSED] - Object: 'Object Repository/1. CURA Object button/Visit Date' is clicked on

17-07-2024T13:46:43 - [TEST_STEP][PASSED] - setText(findTestObject("1. CURA Object button/Visit Date"), visitdate): Text '22/07/2024' is set on object 'Object Repository/1. CURA Object button/Visit Date'

17-07-2024T13:46:44 - [MESSAGE][PASSED] - Text '22/07/2024' is set on object 'Object Repository/1. CURA Object button/Visit Date'

17-07-2024T13:46:44 - [TEST_STEP][PASSED] - setText(findTestObject("1. CURA Object button/Comment"), comment): Text 'Visit time: 9:00 AM' is set on object 'Object Repository/1. CURA Object button/Comment'

17-07-2024T13:46:45 - [MESSAGE][PASSED] - Text 'Visit time: 9:00 AM' is set on object 'Object Repository/1. CURA Object button/Comment'

17-07-2024T13:46:45 - [TEST_STEP][PASSED] - click(findTestObject("1. CURA Object button/Book Appointment")): Object: 'Object Repository/1. CURA Object button/Book Appointment' is clicked on

17-07-2024T13:46:46 - [MESSAGE][PASSED] - Object: 'Object Repository/1. CURA Object button/Book Appointment' is clicked on

17-07-2024T13:46:46 - [TEST_STEP][PASSED] - click(findTestObject("1. CURA Object button/Menu")): Object: 'Object Repository/1. CURA Object button/Menu' is clicked on

17-07-2024T13:46:46 - [MESSAGE][PASSED] - Object: 'Object Repository/1. CURA Object button/Menu' is clicked on

17-07-2024T13:46:47 - [TEST_STEP][PASSED] - click(findTestObject("1. CURA Object button/Home")): Object: 'Object Repository/1. CURA Object button/Home' is clicked on

17-07-2024T13:46:47 - [MESSAGE][PASSED] - Object: 'Object Repository/1. CURA Object button/Home' is clicked on

17-07-2024T13:46:47 - [TEST_STEP][PASSED] - click(findTestObject("1. CURA Object button/Make Appointment")): Object: 'Object Repository/1. CURA Object button/Make Appointment' is clicked on

17-07-2024T13:46:48 - [MESSAGE][PASSED] - Object: 'Object Repository/1. CURA Object button/Make Appointment' is clicked on]]></system-out>
         <system-err><![CDATA[]]></system-err>
      </testcase>
      <testcase name="Test Cases/CURA Web Test/TC19 - Hongkong Appointment using data driven" time="14.872" classname="Test Cases/CURA Web Test/TC19 - Hongkong Appointment using data driven" status="PASSED">
         <system-out><![CDATA[17-07-2024T13:46:48 - [TEST_CASE][PASSED] - Test Cases/CURA Web Test/TC19 - Hongkong Appointment using data driven: Test Cases/CURA Web Test/TC19 - Hongkong Appointment using data driven

17-07-2024T13:46:48 - [TEST_STEP][PASSED] - callTestCase(findTestCase("CURA Web Test/Properties/TCP01 - Open browser"), [:], STOP_ON_FAILURE): Call Test Case 'Test Cases/CURA Web Test/Properties/TCP01 - Open browser' successfully

17-07-2024T13:46:48 - [TEST_CASE][PASSED] - Test Cases/CURA Web Test/Properties/TCP01 - Open browser: Test Cases/CURA Web Test/Properties/TCP01 - Open browser

17-07-2024T13:46:48 - [TEST_STEP][PASSED] - openBrowser(""): Browser is opened with url: ''

17-07-2024T13:46:48 - [MESSAGE][WARNING] - A browser is already opened. Closing browser and opening a new one

17-07-2024T13:46:48 - [MESSAGE][INFO] - Starting 'Chrome' driver

17-07-2024T13:46:48 - [MESSAGE][INFO] - Action delay is set to 0 milliseconds

17-07-2024T13:46:49 - [MESSAGE][PASSED] - Browser is opened with url: ''

17-07-2024T13:46:49 - [TEST_STEP][PASSED] - navigateToUrl(URL): Navigate to 'https://katalon-demo-cura.herokuapp.com/' successfully

17-07-2024T13:46:52 - [MESSAGE][PASSED] - Navigate to 'https://katalon-demo-cura.herokuapp.com/' successfully

17-07-2024T13:46:52 - [MESSAGE][PASSED] - Call Test Case 'Test Cases/CURA Web Test/Properties/TCP01 - Open browser' successfully

17-07-2024T13:46:52 - [TEST_STEP][PASSED] - callTestCase(findTestCase("CURA Web Test/Properties/TCP02 - Login"), [:], STOP_ON_FAILURE): Call Test Case 'Test Cases/CURA Web Test/Properties/TCP02 - Login' successfully

17-07-2024T13:46:52 - [TEST_CASE][PASSED] - Test Cases/CURA Web Test/Properties/TCP02 - Login: Test Cases/CURA Web Test/Properties/TCP02 - Login

17-07-2024T13:46:52 - [TEST_STEP][PASSED] - click(findTestObject("1. CURA Object button/Make Appointment")): Object: 'Object Repository/1. CURA Object button/Make Appointment' is clicked on

17-07-2024T13:46:53 - [MESSAGE][PASSED] - Object: 'Object Repository/1. CURA Object button/Make Appointment' is clicked on

17-07-2024T13:46:53 - [TEST_STEP][PASSED] - verifyElementText(findTestObject("2. CURA Object Text/Login Text"), "Login"): Actual text and expected text of test object 'Object Repository/2. CURA Object Text/Login Text' are matched.

17-07-2024T13:46:54 - [MESSAGE][PASSED] - Actual text and expected text of test object 'Object Repository/2. CURA Object Text/Login Text' are matched.

17-07-2024T13:46:54 - [TEST_STEP][PASSED] - setText(findTestObject("1. CURA Object button/Username"), Username): Text 'John Doe' is set on object 'Object Repository/1. CURA Object button/Username'

17-07-2024T13:46:54 - [MESSAGE][PASSED] - Text 'John Doe' is set on object 'Object Repository/1. CURA Object button/Username'

17-07-2024T13:46:54 - [TEST_STEP][PASSED] - setText(findTestObject("1. CURA Object button/Password"), Password): Text 'ThisIsNotAPassword' is set on object 'Object Repository/1. CURA Object button/Password'

17-07-2024T13:46:55 - [MESSAGE][PASSED] - Text 'ThisIsNotAPassword' is set on object 'Object Repository/1. CURA Object button/Password'

17-07-2024T13:46:55 - [TEST_STEP][PASSED] - click(findTestObject("1. CURA Object button/Login Button")): Object: 'Object Repository/1. CURA Object button/Login Button' is clicked on

17-07-2024T13:46:56 - [MESSAGE][PASSED] - Object: 'Object Repository/1. CURA Object button/Login Button' is clicked on

17-07-2024T13:46:56 - [MESSAGE][PASSED] - Call Test Case 'Test Cases/CURA Web Test/Properties/TCP02 - Login' successfully

17-07-2024T13:46:56 - [TEST_STEP][PASSED] - selectOptionByValue(findTestObject("1. CURA Object button/Facility"), facility, true): All options with value 'Hongkong CURA Healthcare Center' are selected in object 'Object Repository/1. CURA Object button/Facility'  using regular expression

17-07-2024T13:46:57 - [MESSAGE][PASSED] - All options with value 'Hongkong CURA Healthcare Center' are selected in object 'Object Repository/1. CURA Object button/Facility'  using regular expression

17-07-2024T13:46:57 - [TEST_STEP][PASSED] - click(findTestObject("1. CURA Object button/Hospital Readmission")): Object: 'Object Repository/1. CURA Object button/Hospital Readmission' is clicked on

17-07-2024T13:46:58 - [MESSAGE][PASSED] - Object: 'Object Repository/1. CURA Object button/Hospital Readmission' is clicked on

17-07-2024T13:46:58 - [TEST_STEP][PASSED] - click(findTestObject("1. CURA Object button/None")): Object: 'Object Repository/1. CURA Object button/None' is clicked on

17-07-2024T13:46:58 - [MESSAGE][PASSED] - Object: 'Object Repository/1. CURA Object button/None' is clicked on

17-07-2024T13:46:58 - [TEST_STEP][PASSED] - click(findTestObject("1. CURA Object button/Visit Date")): Object: 'Object Repository/1. CURA Object button/Visit Date' is clicked on

17-07-2024T13:46:59 - [MESSAGE][PASSED] - Object: 'Object Repository/1. CURA Object button/Visit Date' is clicked on

17-07-2024T13:46:59 - [TEST_STEP][PASSED] - setText(findTestObject("1. CURA Object button/Visit Date"), visitdate): Text '01/08/2024' is set on object 'Object Repository/1. CURA Object button/Visit Date'

17-07-2024T13:46:59 - [MESSAGE][PASSED] - Text '01/08/2024' is set on object 'Object Repository/1. CURA Object button/Visit Date'

17-07-2024T13:46:59 - [TEST_STEP][PASSED] - setText(findTestObject("1. CURA Object button/Comment"), comment): Text 'Visit time: 1:00 PM' is set on object 'Object Repository/1. CURA Object button/Comment'

17-07-2024T13:47:00 - [MESSAGE][PASSED] - Text 'Visit time: 1:00 PM' is set on object 'Object Repository/1. CURA Object button/Comment'

17-07-2024T13:47:00 - [TEST_STEP][PASSED] - click(findTestObject("1. CURA Object button/Book Appointment")): Object: 'Object Repository/1. CURA Object button/Book Appointment' is clicked on

17-07-2024T13:47:01 - [MESSAGE][PASSED] - Object: 'Object Repository/1. CURA Object button/Book Appointment' is clicked on

17-07-2024T13:47:01 - [TEST_STEP][PASSED] - click(findTestObject("1. CURA Object button/Menu")): Object: 'Object Repository/1. CURA Object button/Menu' is clicked on

17-07-2024T13:47:02 - [MESSAGE][PASSED] - Object: 'Object Repository/1. CURA Object button/Menu' is clicked on

17-07-2024T13:47:02 - [TEST_STEP][PASSED] - click(findTestObject("1. CURA Object button/Home")): Object: 'Object Repository/1. CURA Object button/Home' is clicked on

17-07-2024T13:47:02 - [MESSAGE][PASSED] - Object: 'Object Repository/1. CURA Object button/Home' is clicked on

17-07-2024T13:47:02 - [TEST_STEP][PASSED] - click(findTestObject("1. CURA Object button/Make Appointment")): Object: 'Object Repository/1. CURA Object button/Make Appointment' is clicked on

17-07-2024T13:47:03 - [MESSAGE][PASSED] - Object: 'Object Repository/1. CURA Object button/Make Appointment' is clicked on]]></system-out>
         <system-err><![CDATA[]]></system-err>
      </testcase>
      <testcase name="Test Cases/CURA Web Test/TC19 - Hongkong Appointment using data driven" time="14.931" classname="Test Cases/CURA Web Test/TC19 - Hongkong Appointment using data driven" status="PASSED">
         <system-out><![CDATA[17-07-2024T13:47:03 - [TEST_CASE][PASSED] - Test Cases/CURA Web Test/TC19 - Hongkong Appointment using data driven: Test Cases/CURA Web Test/TC19 - Hongkong Appointment using data driven

17-07-2024T13:47:03 - [TEST_STEP][PASSED] - callTestCase(findTestCase("CURA Web Test/Properties/TCP01 - Open browser"), [:], STOP_ON_FAILURE): Call Test Case 'Test Cases/CURA Web Test/Properties/TCP01 - Open browser' successfully

17-07-2024T13:47:03 - [TEST_CASE][PASSED] - Test Cases/CURA Web Test/Properties/TCP01 - Open browser: Test Cases/CURA Web Test/Properties/TCP01 - Open browser

17-07-2024T13:47:03 - [TEST_STEP][PASSED] - openBrowser(""): Browser is opened with url: ''

17-07-2024T13:47:03 - [MESSAGE][WARNING] - A browser is already opened. Closing browser and opening a new one

17-07-2024T13:47:03 - [MESSAGE][INFO] - Starting 'Chrome' driver

17-07-2024T13:47:03 - [MESSAGE][INFO] - Action delay is set to 0 milliseconds

17-07-2024T13:47:04 - [MESSAGE][PASSED] - Browser is opened with url: ''

17-07-2024T13:47:04 - [TEST_STEP][PASSED] - navigateToUrl(URL): Navigate to 'https://katalon-demo-cura.herokuapp.com/' successfully

17-07-2024T13:47:07 - [MESSAGE][PASSED] - Navigate to 'https://katalon-demo-cura.herokuapp.com/' successfully

17-07-2024T13:47:07 - [MESSAGE][PASSED] - Call Test Case 'Test Cases/CURA Web Test/Properties/TCP01 - Open browser' successfully

17-07-2024T13:47:07 - [TEST_STEP][PASSED] - callTestCase(findTestCase("CURA Web Test/Properties/TCP02 - Login"), [:], STOP_ON_FAILURE): Call Test Case 'Test Cases/CURA Web Test/Properties/TCP02 - Login' successfully

17-07-2024T13:47:07 - [TEST_CASE][PASSED] - Test Cases/CURA Web Test/Properties/TCP02 - Login: Test Cases/CURA Web Test/Properties/TCP02 - Login

17-07-2024T13:47:07 - [TEST_STEP][PASSED] - click(findTestObject("1. CURA Object button/Make Appointment")): Object: 'Object Repository/1. CURA Object button/Make Appointment' is clicked on

17-07-2024T13:47:08 - [MESSAGE][PASSED] - Object: 'Object Repository/1. CURA Object button/Make Appointment' is clicked on

17-07-2024T13:47:08 - [TEST_STEP][PASSED] - verifyElementText(findTestObject("2. CURA Object Text/Login Text"), "Login"): Actual text and expected text of test object 'Object Repository/2. CURA Object Text/Login Text' are matched.

17-07-2024T13:47:08 - [MESSAGE][PASSED] - Actual text and expected text of test object 'Object Repository/2. CURA Object Text/Login Text' are matched.

17-07-2024T13:47:08 - [TEST_STEP][PASSED] - setText(findTestObject("1. CURA Object button/Username"), Username): Text 'John Doe' is set on object 'Object Repository/1. CURA Object button/Username'

17-07-2024T13:47:09 - [MESSAGE][PASSED] - Text 'John Doe' is set on object 'Object Repository/1. CURA Object button/Username'

17-07-2024T13:47:09 - [TEST_STEP][PASSED] - setText(findTestObject("1. CURA Object button/Password"), Password): Text 'ThisIsNotAPassword' is set on object 'Object Repository/1. CURA Object button/Password'

17-07-2024T13:47:10 - [MESSAGE][PASSED] - Text 'ThisIsNotAPassword' is set on object 'Object Repository/1. CURA Object button/Password'

17-07-2024T13:47:10 - [TEST_STEP][PASSED] - click(findTestObject("1. CURA Object button/Login Button")): Object: 'Object Repository/1. CURA Object button/Login Button' is clicked on

17-07-2024T13:47:11 - [MESSAGE][PASSED] - Object: 'Object Repository/1. CURA Object button/Login Button' is clicked on

17-07-2024T13:47:11 - [MESSAGE][PASSED] - Call Test Case 'Test Cases/CURA Web Test/Properties/TCP02 - Login' successfully

17-07-2024T13:47:11 - [TEST_STEP][PASSED] - selectOptionByValue(findTestObject("1. CURA Object button/Facility"), facility, true): All options with value 'Hongkong CURA Healthcare Center' are selected in object 'Object Repository/1. CURA Object button/Facility'  using regular expression

17-07-2024T13:47:12 - [MESSAGE][PASSED] - All options with value 'Hongkong CURA Healthcare Center' are selected in object 'Object Repository/1. CURA Object button/Facility'  using regular expression

17-07-2024T13:47:12 - [TEST_STEP][PASSED] - click(findTestObject("1. CURA Object button/Hospital Readmission")): Object: 'Object Repository/1. CURA Object button/Hospital Readmission' is clicked on

17-07-2024T13:47:13 - [MESSAGE][PASSED] - Object: 'Object Repository/1. CURA Object button/Hospital Readmission' is clicked on

17-07-2024T13:47:13 - [TEST_STEP][PASSED] - click(findTestObject("1. CURA Object button/None")): Object: 'Object Repository/1. CURA Object button/None' is clicked on

17-07-2024T13:47:13 - [MESSAGE][PASSED] - Object: 'Object Repository/1. CURA Object button/None' is clicked on

17-07-2024T13:47:13 - [TEST_STEP][PASSED] - click(findTestObject("1. CURA Object button/Visit Date")): Object: 'Object Repository/1. CURA Object button/Visit Date' is clicked on

17-07-2024T13:47:13 - [MESSAGE][PASSED] - Object: 'Object Repository/1. CURA Object button/Visit Date' is clicked on

17-07-2024T13:47:13 - [TEST_STEP][PASSED] - setText(findTestObject("1. CURA Object button/Visit Date"), visitdate): Text '17/08/2024' is set on object 'Object Repository/1. CURA Object button/Visit Date'

17-07-2024T13:47:14 - [MESSAGE][PASSED] - Text '17/08/2024' is set on object 'Object Repository/1. CURA Object button/Visit Date'

17-07-2024T13:47:14 - [TEST_STEP][PASSED] - setText(findTestObject("1. CURA Object button/Comment"), comment): Text 'Visit time: 3:00 PM' is set on object 'Object Repository/1. CURA Object button/Comment'

17-07-2024T13:47:15 - [MESSAGE][PASSED] - Text 'Visit time: 3:00 PM' is set on object 'Object Repository/1. CURA Object button/Comment'

17-07-2024T13:47:15 - [TEST_STEP][PASSED] - click(findTestObject("1. CURA Object button/Book Appointment")): Object: 'Object Repository/1. CURA Object button/Book Appointment' is clicked on

17-07-2024T13:47:16 - [MESSAGE][PASSED] - Object: 'Object Repository/1. CURA Object button/Book Appointment' is clicked on

17-07-2024T13:47:16 - [TEST_STEP][PASSED] - click(findTestObject("1. CURA Object button/Menu")): Object: 'Object Repository/1. CURA Object button/Menu' is clicked on

17-07-2024T13:47:16 - [MESSAGE][PASSED] - Object: 'Object Repository/1. CURA Object button/Menu' is clicked on

17-07-2024T13:47:16 - [TEST_STEP][PASSED] - click(findTestObject("1. CURA Object button/Home")): Object: 'Object Repository/1. CURA Object button/Home' is clicked on

17-07-2024T13:47:17 - [MESSAGE][PASSED] - Object: 'Object Repository/1. CURA Object button/Home' is clicked on

17-07-2024T13:47:17 - [TEST_STEP][PASSED] - click(findTestObject("1. CURA Object button/Make Appointment")): Object: 'Object Repository/1. CURA Object button/Make Appointment' is clicked on

17-07-2024T13:47:18 - [MESSAGE][PASSED] - Object: 'Object Repository/1. CURA Object button/Make Appointment' is clicked on]]></system-out>
         <system-err><![CDATA[]]></system-err>
      </testcase>
      <testcase name="Test Cases/CURA Web Test/TC19 - Hongkong Appointment using data driven" time="15.069" classname="Test Cases/CURA Web Test/TC19 - Hongkong Appointment using data driven" status="PASSED">
         <system-out><![CDATA[17-07-2024T13:47:18 - [TEST_CASE][PASSED] - Test Cases/CURA Web Test/TC19 - Hongkong Appointment using data driven: Test Cases/CURA Web Test/TC19 - Hongkong Appointment using data driven

17-07-2024T13:47:18 - [TEST_STEP][PASSED] - callTestCase(findTestCase("CURA Web Test/Properties/TCP01 - Open browser"), [:], STOP_ON_FAILURE): Call Test Case 'Test Cases/CURA Web Test/Properties/TCP01 - Open browser' successfully

17-07-2024T13:47:18 - [TEST_CASE][PASSED] - Test Cases/CURA Web Test/Properties/TCP01 - Open browser: Test Cases/CURA Web Test/Properties/TCP01 - Open browser

17-07-2024T13:47:18 - [TEST_STEP][PASSED] - openBrowser(""): Browser is opened with url: ''

17-07-2024T13:47:18 - [MESSAGE][WARNING] - A browser is already opened. Closing browser and opening a new one

17-07-2024T13:47:18 - [MESSAGE][INFO] - Starting 'Chrome' driver

17-07-2024T13:47:18 - [MESSAGE][INFO] - Action delay is set to 0 milliseconds

17-07-2024T13:47:19 - [MESSAGE][PASSED] - Browser is opened with url: ''

17-07-2024T13:47:19 - [TEST_STEP][PASSED] - navigateToUrl(URL): Navigate to 'https://katalon-demo-cura.herokuapp.com/' successfully

17-07-2024T13:47:22 - [MESSAGE][PASSED] - Navigate to 'https://katalon-demo-cura.herokuapp.com/' successfully

17-07-2024T13:47:22 - [MESSAGE][PASSED] - Call Test Case 'Test Cases/CURA Web Test/Properties/TCP01 - Open browser' successfully

17-07-2024T13:47:22 - [TEST_STEP][PASSED] - callTestCase(findTestCase("CURA Web Test/Properties/TCP02 - Login"), [:], STOP_ON_FAILURE): Call Test Case 'Test Cases/CURA Web Test/Properties/TCP02 - Login' successfully

17-07-2024T13:47:22 - [TEST_CASE][PASSED] - Test Cases/CURA Web Test/Properties/TCP02 - Login: Test Cases/CURA Web Test/Properties/TCP02 - Login

17-07-2024T13:47:22 - [TEST_STEP][PASSED] - click(findTestObject("1. CURA Object button/Make Appointment")): Object: 'Object Repository/1. CURA Object button/Make Appointment' is clicked on

17-07-2024T13:47:23 - [MESSAGE][PASSED] - Object: 'Object Repository/1. CURA Object button/Make Appointment' is clicked on

17-07-2024T13:47:23 - [TEST_STEP][PASSED] - verifyElementText(findTestObject("2. CURA Object Text/Login Text"), "Login"): Actual text and expected text of test object 'Object Repository/2. CURA Object Text/Login Text' are matched.

17-07-2024T13:47:24 - [MESSAGE][PASSED] - Actual text and expected text of test object 'Object Repository/2. CURA Object Text/Login Text' are matched.

17-07-2024T13:47:24 - [TEST_STEP][PASSED] - setText(findTestObject("1. CURA Object button/Username"), Username): Text 'John Doe' is set on object 'Object Repository/1. CURA Object button/Username'

17-07-2024T13:47:24 - [MESSAGE][PASSED] - Text 'John Doe' is set on object 'Object Repository/1. CURA Object button/Username'

17-07-2024T13:47:24 - [TEST_STEP][PASSED] - setText(findTestObject("1. CURA Object button/Password"), Password): Text 'ThisIsNotAPassword' is set on object 'Object Repository/1. CURA Object button/Password'

17-07-2024T13:47:25 - [MESSAGE][PASSED] - Text 'ThisIsNotAPassword' is set on object 'Object Repository/1. CURA Object button/Password'

17-07-2024T13:47:25 - [TEST_STEP][PASSED] - click(findTestObject("1. CURA Object button/Login Button")): Object: 'Object Repository/1. CURA Object button/Login Button' is clicked on

17-07-2024T13:47:26 - [MESSAGE][PASSED] - Object: 'Object Repository/1. CURA Object button/Login Button' is clicked on

17-07-2024T13:47:26 - [MESSAGE][PASSED] - Call Test Case 'Test Cases/CURA Web Test/Properties/TCP02 - Login' successfully

17-07-2024T13:47:26 - [TEST_STEP][PASSED] - selectOptionByValue(findTestObject("1. CURA Object button/Facility"), facility, true): All options with value 'Hongkong CURA Healthcare Center' are selected in object 'Object Repository/1. CURA Object button/Facility'  using regular expression

17-07-2024T13:47:28 - [MESSAGE][PASSED] - All options with value 'Hongkong CURA Healthcare Center' are selected in object 'Object Repository/1. CURA Object button/Facility'  using regular expression

17-07-2024T13:47:28 - [TEST_STEP][PASSED] - click(findTestObject("1. CURA Object button/Hospital Readmission")): Object: 'Object Repository/1. CURA Object button/Hospital Readmission' is clicked on

17-07-2024T13:47:28 - [MESSAGE][PASSED] - Object: 'Object Repository/1. CURA Object button/Hospital Readmission' is clicked on

17-07-2024T13:47:28 - [TEST_STEP][PASSED] - click(findTestObject("1. CURA Object button/None")): Object: 'Object Repository/1. CURA Object button/None' is clicked on

17-07-2024T13:47:28 - [MESSAGE][PASSED] - Object: 'Object Repository/1. CURA Object button/None' is clicked on

17-07-2024T13:47:28 - [TEST_STEP][PASSED] - click(findTestObject("1. CURA Object button/Visit Date")): Object: 'Object Repository/1. CURA Object button/Visit Date' is clicked on

17-07-2024T13:47:29 - [MESSAGE][PASSED] - Object: 'Object Repository/1. CURA Object button/Visit Date' is clicked on

17-07-2024T13:47:29 - [TEST_STEP][PASSED] - setText(findTestObject("1. CURA Object button/Visit Date"), visitdate): Text '02/01/2025' is set on object 'Object Repository/1. CURA Object button/Visit Date'

17-07-2024T13:47:30 - [MESSAGE][PASSED] - Text '02/01/2025' is set on object 'Object Repository/1. CURA Object button/Visit Date'

17-07-2024T13:47:30 - [TEST_STEP][PASSED] - setText(findTestObject("1. CURA Object button/Comment"), comment): Text 'Visit time: 7:00 AM' is set on object 'Object Repository/1. CURA Object button/Comment'

17-07-2024T13:47:31 - [MESSAGE][PASSED] - Text 'Visit time: 7:00 AM' is set on object 'Object Repository/1. CURA Object button/Comment'

17-07-2024T13:47:31 - [TEST_STEP][PASSED] - click(findTestObject("1. CURA Object button/Book Appointment")): Object: 'Object Repository/1. CURA Object button/Book Appointment' is clicked on

17-07-2024T13:47:31 - [MESSAGE][PASSED] - Object: 'Object Repository/1. CURA Object button/Book Appointment' is clicked on

17-07-2024T13:47:31 - [TEST_STEP][PASSED] - click(findTestObject("1. CURA Object button/Menu")): Object: 'Object Repository/1. CURA Object button/Menu' is clicked on

17-07-2024T13:47:32 - [MESSAGE][PASSED] - Object: 'Object Repository/1. CURA Object button/Menu' is clicked on

17-07-2024T13:47:32 - [TEST_STEP][PASSED] - click(findTestObject("1. CURA Object button/Home")): Object: 'Object Repository/1. CURA Object button/Home' is clicked on

17-07-2024T13:47:32 - [MESSAGE][PASSED] - Object: 'Object Repository/1. CURA Object button/Home' is clicked on

17-07-2024T13:47:32 - [TEST_STEP][PASSED] - click(findTestObject("1. CURA Object button/Make Appointment")): Object: 'Object Repository/1. CURA Object button/Make Appointment' is clicked on

17-07-2024T13:47:33 - [MESSAGE][PASSED] - Object: 'Object Repository/1. CURA Object button/Make Appointment' is clicked on]]></system-out>
         <system-err><![CDATA[]]></system-err>
      </testcase>
      <testcase name="Test Cases/CURA Web Test/Properties/TCP03 - Logout" time="2.33" classname="Test Cases/CURA Web Test/Properties/TCP03 - Logout" status="PASSED">
         <system-out><![CDATA[17-07-2024T13:47:33 - [TEST_CASE][PASSED] - Test Cases/CURA Web Test/Properties/TCP03 - Logout: Test Cases/CURA Web Test/Properties/TCP03 - Logout

17-07-2024T13:47:33 - [TEST_STEP][PASSED] - verifyElementText(findTestObject("2. CURA Object Text/Make Appointment"), "Make Appointment"): Actual text and expected text of test object 'Object Repository/2. CURA Object Text/Make Appointment' are matched.

17-07-2024T13:47:33 - [MESSAGE][PASSED] - Actual text and expected text of test object 'Object Repository/2. CURA Object Text/Make Appointment' are matched.

17-07-2024T13:47:33 - [TEST_STEP][PASSED] - click(findTestObject("1. CURA Object button/Menu")): Object: 'Object Repository/1. CURA Object button/Menu' is clicked on

17-07-2024T13:47:34 - [MESSAGE][PASSED] - Object: 'Object Repository/1. CURA Object button/Menu' is clicked on

17-07-2024T13:47:34 - [TEST_STEP][PASSED] - click(findTestObject("1. CURA Object button/Logout")): Object: 'Object Repository/1. CURA Object button/Logout' is clicked on

17-07-2024T13:47:35 - [MESSAGE][PASSED] - Object: 'Object Repository/1. CURA Object button/Logout' is clicked on

17-07-2024T13:47:35 - [TEST_STEP][PASSED] - closeBrowser(): Browser is closed

17-07-2024T13:47:35 - [MESSAGE][PASSED] - Browser is closed]]></system-out>
         <system-err><![CDATA[]]></system-err>
      </testcase>
      <system-out><![CDATA[17-07-2024T13:46:31 - [TEST_SUITE][PASSED] - TS11 - Hongkong appointment using data driven: Test Cases/CURA Web Test/Properties/TCP03 - Logout]]></system-out>
      <system-err><![CDATA[]]></system-err>
   </testsuite>
   <testsuite name="TS12 - Tokyo appointment using data driven" tests="4" failures="0" errors="0" time="50.733" skipped="0" timestamp="17-07-2024T13:47:49" hostname="Lenovo - LAPTOP-7QB5JFLU" id="Test Suites/CURA Test suites/TS12 - Tokyo appointment using data driven">
      <properties>
         <property name="deviceName" value=""/>
         <property name="devicePlatform"/>
         <property name="logFolder" value="C:\\Users\\Lenovo\\git\\KatalonPractitionerLevel\\Reports\\20240717_133439\\CURA Test suites\\TS12 - Tokyo appointment using data driven\\20240717_133503"/>
         <property name="logFiles" value="C:\\Users\\Lenovo\\git\\KatalonPractitionerLevel\\Reports\\20240717_133439\\CURA Test suites\\TS12 - Tokyo appointment using data driven\\20240717_133503\\execution0.log"/>
         <property name="attachments" value=""/>
         <property name="hostName" value="Lenovo - LAPTOP-7QB5JFLU"/>
         <property name="os" value="Windows 11 64bit"/>
         <property name="katalonVersion" value="9.6.0.217"/>
         <property name="browser" value="Chrome 126.0.0.0"/>
         <property name="hostAddress" value="192.168.1.12"/>
         <property name="sessionId" value="f4ba951edf7c5b08fd828b7fec4ef6c6"/>
         <property name="seleniumVersion" value="3.141.59"/>
         <property name="proxyInformation" value="ProxyInformation { proxyOption=NO_PROXY, proxyServerType=HTTP, username=, password=********, proxyServerAddress=, proxyServerPort=0, executionList=&quot;&quot;, isApplyToDesiredCapabilities=true }"/>
         <property name="platform" value="Windows 11"/>
      </properties>
      <testcase name="Test Cases/CURA Web Test/TC20 - Tokyo appointment using data driven" time="16.765" classname="Test Cases/CURA Web Test/TC20 - Tokyo appointment using data driven" status="PASSED">
         <system-out><![CDATA[17-07-2024T13:47:50 - [TEST_CASE][PASSED] - Test Cases/CURA Web Test/TC20 - Tokyo appointment using data driven: Test Cases/CURA Web Test/TC20 - Tokyo appointment using data driven

17-07-2024T13:47:50 - [TEST_STEP][PASSED] - propertiesPage.openBrowser.main(): propertiesPage.openBrowser.main is PASSED

17-07-2024T13:47:51 - [MESSAGE][INFO] - Starting 'Chrome' driver

17-07-2024T13:47:51 - [MESSAGE][INFO] - Action delay is set to 0 milliseconds

17-07-2024T13:47:52 - [MESSAGE][PASSED] - Browser is opened with url: ''

17-07-2024T13:47:56 - [MESSAGE][PASSED] - Navigate to 'https://katalon-demo-cura.herokuapp.com/' successfully

17-07-2024T13:47:56 - [MESSAGE][PASSED] - propertiesPage.openBrowser.main is PASSED

17-07-2024T13:47:56 - [TEST_STEP][PASSED] - propertiesPage.loginMenu.main(): propertiesPage.loginMenu.main is PASSED

17-07-2024T13:47:57 - [MESSAGE][PASSED] - Object: 'Object Repository/1. CURA Object button/Make Appointment' is clicked on

17-07-2024T13:47:57 - [MESSAGE][PASSED] - Actual text and expected text of test object 'Object Repository/2. CURA Object Text/Login Text' are matched.

17-07-2024T13:47:58 - [MESSAGE][PASSED] - Text 'John Doe' is set on object 'Object Repository/1. CURA Object button/Username'

17-07-2024T13:47:59 - [MESSAGE][PASSED] - Text 'ThisIsNotAPassword' is set on object 'Object Repository/1. CURA Object button/Password'

17-07-2024T13:48:00 - [MESSAGE][PASSED] - Object: 'Object Repository/1. CURA Object button/Login Button' is clicked on

17-07-2024T13:48:00 - [MESSAGE][PASSED] - propertiesPage.loginMenu.main is PASSED

17-07-2024T13:48:00 - [TEST_STEP][PASSED] - selectOptionByValue(findTestObject("1. CURA Object button/Facility"), facility, true): All options with value 'Tokyo CURA Healthcare Center' are selected in object 'Object Repository/1. CURA Object button/Facility'  using regular expression

17-07-2024T13:48:01 - [MESSAGE][PASSED] - All options with value 'Tokyo CURA Healthcare Center' are selected in object 'Object Repository/1. CURA Object button/Facility'  using regular expression

17-07-2024T13:48:01 - [TEST_STEP][PASSED] - click(findTestObject("1. CURA Object button/Medicare")): Object: 'Object Repository/1. CURA Object button/Medicare' is clicked on

17-07-2024T13:48:01 - [MESSAGE][PASSED] - Object: 'Object Repository/1. CURA Object button/Medicare' is clicked on

17-07-2024T13:48:01 - [TEST_STEP][PASSED] - click(findTestObject("1. CURA Object button/Visit Date")): Object: 'Object Repository/1. CURA Object button/Visit Date' is clicked on

17-07-2024T13:48:02 - [MESSAGE][PASSED] - Object: 'Object Repository/1. CURA Object button/Visit Date' is clicked on

17-07-2024T13:48:02 - [TEST_STEP][PASSED] - setText(findTestObject("1. CURA Object button/Visit Date"), datevisit): Text '01/07/2024' is set on object 'Object Repository/1. CURA Object button/Visit Date'

17-07-2024T13:48:03 - [MESSAGE][PASSED] - Text '01/07/2024' is set on object 'Object Repository/1. CURA Object button/Visit Date'

17-07-2024T13:48:03 - [TEST_STEP][PASSED] - setText(findTestObject("1. CURA Object button/Comment"), commentbook): Text 'Reschedule to 08/07/2024' is set on object 'Object Repository/1. CURA Object button/Comment'

17-07-2024T13:48:04 - [MESSAGE][PASSED] - Text 'Reschedule to 08/07/2024' is set on object 'Object Repository/1. CURA Object button/Comment'

17-07-2024T13:48:04 - [TEST_STEP][PASSED] - click(findTestObject("1. CURA Object button/Book Appointment")): Object: 'Object Repository/1. CURA Object button/Book Appointment' is clicked on

17-07-2024T13:48:04 - [MESSAGE][PASSED] - Object: 'Object Repository/1. CURA Object button/Book Appointment' is clicked on

17-07-2024T13:48:04 - [TEST_STEP][PASSED] - click(findTestObject("1. CURA Object button/Menu")): Object: 'Object Repository/1. CURA Object button/Menu' is clicked on

17-07-2024T13:48:05 - [MESSAGE][PASSED] - Object: 'Object Repository/1. CURA Object button/Menu' is clicked on

17-07-2024T13:48:05 - [TEST_STEP][PASSED] - click(findTestObject("1. CURA Object button/Home")): Object: 'Object Repository/1. CURA Object button/Home' is clicked on

17-07-2024T13:48:06 - [MESSAGE][PASSED] - Object: 'Object Repository/1. CURA Object button/Home' is clicked on

17-07-2024T13:48:06 - [TEST_STEP][PASSED] - verifyElementPresent(findTestObject("2. CURA Object Text/Healthcare Service"), 0): Object 'Object Repository/2. CURA Object Text/Healthcare Service' is present

17-07-2024T13:48:06 - [MESSAGE][WARNING] - Timeout '0' is invalid. Using default page load timeout: '30'

17-07-2024T13:48:06 - [MESSAGE][PASSED] - Object 'Object Repository/2. CURA Object Text/Healthcare Service' is present

17-07-2024T13:48:06 - [TEST_STEP][PASSED] - click(findTestObject("1. CURA Object button/Make Appointment")): Object: 'Object Repository/1. CURA Object button/Make Appointment' is clicked on

17-07-2024T13:48:07 - [MESSAGE][PASSED] - Object: 'Object Repository/1. CURA Object button/Make Appointment' is clicked on]]></system-out>
         <system-err><![CDATA[]]></system-err>
      </testcase>
      <testcase name="Test Cases/CURA Web Test/TC20 - Tokyo appointment using data driven" time="15.569" classname="Test Cases/CURA Web Test/TC20 - Tokyo appointment using data driven" status="PASSED">
         <system-out><![CDATA[17-07-2024T13:48:07 - [TEST_CASE][PASSED] - Test Cases/CURA Web Test/TC20 - Tokyo appointment using data driven: Test Cases/CURA Web Test/TC20 - Tokyo appointment using data driven

17-07-2024T13:48:07 - [TEST_STEP][PASSED] - propertiesPage.openBrowser.main(): propertiesPage.openBrowser.main is PASSED

17-07-2024T13:48:07 - [MESSAGE][WARNING] - A browser is already opened. Closing browser and opening a new one

17-07-2024T13:48:07 - [MESSAGE][INFO] - Starting 'Chrome' driver

17-07-2024T13:48:07 - [MESSAGE][INFO] - Action delay is set to 0 milliseconds

17-07-2024T13:48:08 - [MESSAGE][PASSED] - Browser is opened with url: ''

17-07-2024T13:48:12 - [MESSAGE][PASSED] - Navigate to 'https://katalon-demo-cura.herokuapp.com/' successfully

17-07-2024T13:48:12 - [MESSAGE][PASSED] - propertiesPage.openBrowser.main is PASSED

17-07-2024T13:48:12 - [TEST_STEP][PASSED] - propertiesPage.loginMenu.main(): propertiesPage.loginMenu.main is PASSED

17-07-2024T13:48:12 - [MESSAGE][PASSED] - Object: 'Object Repository/1. CURA Object button/Make Appointment' is clicked on

17-07-2024T13:48:13 - [MESSAGE][PASSED] - Actual text and expected text of test object 'Object Repository/2. CURA Object Text/Login Text' are matched.

17-07-2024T13:48:14 - [MESSAGE][PASSED] - Text 'John Doe' is set on object 'Object Repository/1. CURA Object button/Username'

17-07-2024T13:48:15 - [MESSAGE][PASSED] - Text 'ThisIsNotAPassword' is set on object 'Object Repository/1. CURA Object button/Password'

17-07-2024T13:48:15 - [MESSAGE][PASSED] - Object: 'Object Repository/1. CURA Object button/Login Button' is clicked on

17-07-2024T13:48:15 - [MESSAGE][PASSED] - propertiesPage.loginMenu.main is PASSED

17-07-2024T13:48:15 - [TEST_STEP][PASSED] - selectOptionByValue(findTestObject("1. CURA Object button/Facility"), facility, true): All options with value 'Tokyo CURA Healthcare Center' are selected in object 'Object Repository/1. CURA Object button/Facility'  using regular expression

17-07-2024T13:48:17 - [MESSAGE][PASSED] - All options with value 'Tokyo CURA Healthcare Center' are selected in object 'Object Repository/1. CURA Object button/Facility'  using regular expression

17-07-2024T13:48:17 - [TEST_STEP][PASSED] - click(findTestObject("1. CURA Object button/Medicare")): Object: 'Object Repository/1. CURA Object button/Medicare' is clicked on

17-07-2024T13:48:17 - [MESSAGE][PASSED] - Object: 'Object Repository/1. CURA Object button/Medicare' is clicked on

17-07-2024T13:48:17 - [TEST_STEP][PASSED] - click(findTestObject("1. CURA Object button/Visit Date")): Object: 'Object Repository/1. CURA Object button/Visit Date' is clicked on

17-07-2024T13:48:18 - [MESSAGE][PASSED] - Object: 'Object Repository/1. CURA Object button/Visit Date' is clicked on

17-07-2024T13:48:18 - [TEST_STEP][PASSED] - setText(findTestObject("1. CURA Object button/Visit Date"), datevisit): Text '09/09/2024' is set on object 'Object Repository/1. CURA Object button/Visit Date'

17-07-2024T13:48:18 - [MESSAGE][PASSED] - Text '09/09/2024' is set on object 'Object Repository/1. CURA Object button/Visit Date'

17-07-2024T13:48:18 - [TEST_STEP][PASSED] - setText(findTestObject("1. CURA Object button/Comment"), commentbook): Text 'Meet dr. Yuki' is set on object 'Object Repository/1. CURA Object button/Comment'

17-07-2024T13:48:20 - [MESSAGE][PASSED] - Text 'Meet dr. Yuki' is set on object 'Object Repository/1. CURA Object button/Comment'

17-07-2024T13:48:20 - [TEST_STEP][PASSED] - click(findTestObject("1. CURA Object button/Book Appointment")): Object: 'Object Repository/1. CURA Object button/Book Appointment' is clicked on

17-07-2024T13:48:20 - [MESSAGE][PASSED] - Object: 'Object Repository/1. CURA Object button/Book Appointment' is clicked on

17-07-2024T13:48:20 - [TEST_STEP][PASSED] - click(findTestObject("1. CURA Object button/Menu")): Object: 'Object Repository/1. CURA Object button/Menu' is clicked on

17-07-2024T13:48:21 - [MESSAGE][PASSED] - Object: 'Object Repository/1. CURA Object button/Menu' is clicked on

17-07-2024T13:48:21 - [TEST_STEP][PASSED] - click(findTestObject("1. CURA Object button/Home")): Object: 'Object Repository/1. CURA Object button/Home' is clicked on

17-07-2024T13:48:21 - [MESSAGE][PASSED] - Object: 'Object Repository/1. CURA Object button/Home' is clicked on

17-07-2024T13:48:21 - [TEST_STEP][PASSED] - verifyElementPresent(findTestObject("2. CURA Object Text/Healthcare Service"), 0): Object 'Object Repository/2. CURA Object Text/Healthcare Service' is present

17-07-2024T13:48:21 - [MESSAGE][WARNING] - Timeout '0' is invalid. Using default page load timeout: '30'

17-07-2024T13:48:22 - [MESSAGE][PASSED] - Object 'Object Repository/2. CURA Object Text/Healthcare Service' is present

17-07-2024T13:48:22 - [TEST_STEP][PASSED] - click(findTestObject("1. CURA Object button/Make Appointment")): Object: 'Object Repository/1. CURA Object button/Make Appointment' is clicked on

17-07-2024T13:48:22 - [MESSAGE][PASSED] - Object: 'Object Repository/1. CURA Object button/Make Appointment' is clicked on]]></system-out>
         <system-err><![CDATA[]]></system-err>
      </testcase>
      <testcase name="Test Cases/CURA Web Test/TC20 - Tokyo appointment using data driven" time="15.354" classname="Test Cases/CURA Web Test/TC20 - Tokyo appointment using data driven" status="PASSED">
         <system-out><![CDATA[17-07-2024T13:48:22 - [TEST_CASE][PASSED] - Test Cases/CURA Web Test/TC20 - Tokyo appointment using data driven: Test Cases/CURA Web Test/TC20 - Tokyo appointment using data driven

17-07-2024T13:48:22 - [TEST_STEP][PASSED] - propertiesPage.openBrowser.main(): propertiesPage.openBrowser.main is PASSED

17-07-2024T13:48:22 - [MESSAGE][WARNING] - A browser is already opened. Closing browser and opening a new one

17-07-2024T13:48:23 - [MESSAGE][INFO] - Starting 'Chrome' driver

17-07-2024T13:48:23 - [MESSAGE][INFO] - Action delay is set to 0 milliseconds

17-07-2024T13:48:24 - [MESSAGE][PASSED] - Browser is opened with url: ''

17-07-2024T13:48:27 - [MESSAGE][PASSED] - Navigate to 'https://katalon-demo-cura.herokuapp.com/' successfully

17-07-2024T13:48:27 - [MESSAGE][PASSED] - propertiesPage.openBrowser.main is PASSED

17-07-2024T13:48:27 - [TEST_STEP][PASSED] - propertiesPage.loginMenu.main(): propertiesPage.loginMenu.main is PASSED

17-07-2024T13:48:28 - [MESSAGE][PASSED] - Object: 'Object Repository/1. CURA Object button/Make Appointment' is clicked on

17-07-2024T13:48:29 - [MESSAGE][PASSED] - Actual text and expected text of test object 'Object Repository/2. CURA Object Text/Login Text' are matched.

17-07-2024T13:48:30 - [MESSAGE][PASSED] - Text 'John Doe' is set on object 'Object Repository/1. CURA Object button/Username'

17-07-2024T13:48:30 - [MESSAGE][PASSED] - Text 'ThisIsNotAPassword' is set on object 'Object Repository/1. CURA Object button/Password'

17-07-2024T13:48:31 - [MESSAGE][PASSED] - Object: 'Object Repository/1. CURA Object button/Login Button' is clicked on

17-07-2024T13:48:31 - [MESSAGE][PASSED] - propertiesPage.loginMenu.main is PASSED

17-07-2024T13:48:31 - [TEST_STEP][PASSED] - selectOptionByValue(findTestObject("1. CURA Object button/Facility"), facility, true): All options with value 'Tokyo CURA Healthcare Center' are selected in object 'Object Repository/1. CURA Object button/Facility'  using regular expression

17-07-2024T13:48:33 - [MESSAGE][PASSED] - All options with value 'Tokyo CURA Healthcare Center' are selected in object 'Object Repository/1. CURA Object button/Facility'  using regular expression

17-07-2024T13:48:33 - [TEST_STEP][PASSED] - click(findTestObject("1. CURA Object button/Medicare")): Object: 'Object Repository/1. CURA Object button/Medicare' is clicked on

17-07-2024T13:48:33 - [MESSAGE][PASSED] - Object: 'Object Repository/1. CURA Object button/Medicare' is clicked on

17-07-2024T13:48:33 - [TEST_STEP][PASSED] - click(findTestObject("1. CURA Object button/Visit Date")): Object: 'Object Repository/1. CURA Object button/Visit Date' is clicked on

17-07-2024T13:48:33 - [MESSAGE][PASSED] - Object: 'Object Repository/1. CURA Object button/Visit Date' is clicked on

17-07-2024T13:48:33 - [TEST_STEP][PASSED] - setText(findTestObject("1. CURA Object button/Visit Date"), datevisit): Text '24/12/2024' is set on object 'Object Repository/1. CURA Object button/Visit Date'

17-07-2024T13:48:34 - [MESSAGE][PASSED] - Text '24/12/2024' is set on object 'Object Repository/1. CURA Object button/Visit Date'

17-07-2024T13:48:34 - [TEST_STEP][PASSED] - setText(findTestObject("1. CURA Object button/Comment"), commentbook): Text 'Meet dr. Kento Momota' is set on object 'Object Repository/1. CURA Object button/Comment'

17-07-2024T13:48:35 - [MESSAGE][PASSED] - Text 'Meet dr. Kento Momota' is set on object 'Object Repository/1. CURA Object button/Comment'

17-07-2024T13:48:35 - [TEST_STEP][PASSED] - click(findTestObject("1. CURA Object button/Book Appointment")): Object: 'Object Repository/1. CURA Object button/Book Appointment' is clicked on

17-07-2024T13:48:36 - [MESSAGE][PASSED] - Object: 'Object Repository/1. CURA Object button/Book Appointment' is clicked on

17-07-2024T13:48:36 - [TEST_STEP][PASSED] - click(findTestObject("1. CURA Object button/Menu")): Object: 'Object Repository/1. CURA Object button/Menu' is clicked on

17-07-2024T13:48:36 - [MESSAGE][PASSED] - Object: 'Object Repository/1. CURA Object button/Menu' is clicked on

17-07-2024T13:48:36 - [TEST_STEP][PASSED] - click(findTestObject("1. CURA Object button/Home")): Object: 'Object Repository/1. CURA Object button/Home' is clicked on

17-07-2024T13:48:37 - [MESSAGE][PASSED] - Object: 'Object Repository/1. CURA Object button/Home' is clicked on

17-07-2024T13:48:37 - [TEST_STEP][PASSED] - verifyElementPresent(findTestObject("2. CURA Object Text/Healthcare Service"), 0): Object 'Object Repository/2. CURA Object Text/Healthcare Service' is present

17-07-2024T13:48:37 - [MESSAGE][WARNING] - Timeout '0' is invalid. Using default page load timeout: '30'

17-07-2024T13:48:37 - [MESSAGE][PASSED] - Object 'Object Repository/2. CURA Object Text/Healthcare Service' is present

17-07-2024T13:48:37 - [TEST_STEP][PASSED] - click(findTestObject("1. CURA Object button/Make Appointment")): Object: 'Object Repository/1. CURA Object button/Make Appointment' is clicked on

17-07-2024T13:48:38 - [MESSAGE][PASSED] - Object: 'Object Repository/1. CURA Object button/Make Appointment' is clicked on]]></system-out>
         <system-err><![CDATA[]]></system-err>
      </testcase>
      <testcase name="Test Cases/CURA Web Test/Properties/TCP03 - Logout" time="2.623" classname="Test Cases/CURA Web Test/Properties/TCP03 - Logout" status="PASSED">
         <system-out><![CDATA[17-07-2024T13:48:38 - [TEST_CASE][PASSED] - Test Cases/CURA Web Test/Properties/TCP03 - Logout: Test Cases/CURA Web Test/Properties/TCP03 - Logout

17-07-2024T13:48:38 - [TEST_STEP][PASSED] - verifyElementText(findTestObject("2. CURA Object Text/Make Appointment"), "Make Appointment"): Actual text and expected text of test object 'Object Repository/2. CURA Object Text/Make Appointment' are matched.

17-07-2024T13:48:38 - [MESSAGE][PASSED] - Actual text and expected text of test object 'Object Repository/2. CURA Object Text/Make Appointment' are matched.

17-07-2024T13:48:38 - [TEST_STEP][PASSED] - click(findTestObject("1. CURA Object button/Menu")): Object: 'Object Repository/1. CURA Object button/Menu' is clicked on

17-07-2024T13:48:39 - [MESSAGE][PASSED] - Object: 'Object Repository/1. CURA Object button/Menu' is clicked on

17-07-2024T13:48:39 - [TEST_STEP][PASSED] - click(findTestObject("1. CURA Object button/Logout")): Object: 'Object Repository/1. CURA Object button/Logout' is clicked on

17-07-2024T13:48:40 - [MESSAGE][PASSED] - Object: 'Object Repository/1. CURA Object button/Logout' is clicked on

17-07-2024T13:48:40 - [TEST_STEP][PASSED] - closeBrowser(): Browser is closed

17-07-2024T13:48:40 - [MESSAGE][PASSED] - Browser is closed]]></system-out>
         <system-err><![CDATA[]]></system-err>
      </testcase>
      <system-out><![CDATA[17-07-2024T13:47:49 - [TEST_SUITE][PASSED] - TS12 - Tokyo appointment using data driven: Test Cases/CURA Web Test/Properties/TCP03 - Logout]]></system-out>
      <system-err><![CDATA[]]></system-err>
   </testsuite>
   <testsuite name="TS13 - Script using StudioAssist" tests="4" failures="0" errors="0" time="27.439" skipped="0" timestamp="17-07-2024T13:48:53" hostname="Lenovo - LAPTOP-7QB5JFLU" id="Test Suites/CURA Test suites/TS13 - Script using StudioAssist">
      <properties>
         <property name="deviceName" value=""/>
         <property name="devicePlatform"/>
         <property name="logFolder" value="C:\\Users\\Lenovo\\git\\KatalonPractitionerLevel\\Reports\\20240717_133439\\CURA Test suites\\TS13 - Script using StudioAssist\\20240717_133505"/>
         <property name="logFiles" value="C:\\Users\\Lenovo\\git\\KatalonPractitionerLevel\\Reports\\20240717_133439\\CURA Test suites\\TS13 - Script using StudioAssist\\20240717_133505\\execution0.log"/>
         <property name="attachments" value=""/>
         <property name="hostName" value="Lenovo - LAPTOP-7QB5JFLU"/>
         <property name="os" value="Windows 11 64bit"/>
         <property name="katalonVersion" value="9.6.0.217"/>
         <property name="browser" value="Chrome 126.0.0.0"/>
         <property name="hostAddress" value="192.168.1.12"/>
         <property name="sessionId" value="3a4539947e8233f3c6721ae7df40d201"/>
         <property name="seleniumVersion" value="3.141.59"/>
         <property name="proxyInformation" value="ProxyInformation { proxyOption=NO_PROXY, proxyServerType=HTTP, username=, password=********, proxyServerAddress=, proxyServerPort=0, executionList=&quot;&quot;, isApplyToDesiredCapabilities=true }"/>
         <property name="platform" value="Windows 11"/>
      </properties>
      <testcase name="Test Cases/CURA Web Test/TC21 - Login using StudioAssist" time="9.543" classname="Test Cases/CURA Web Test/TC21 - Login using StudioAssist" status="PASSED">
         <system-out><![CDATA[17-07-2024T13:48:53 - [TEST_CASE][PASSED] - Test Cases/CURA Web Test/TC21 - Login using StudioAssist: Test Cases/CURA Web Test/TC21 - Login using StudioAssist

17-07-2024T13:48:54 - [TEST_STEP][PASSED] - openBrowser(""): Browser is opened with url: ''

17-07-2024T13:48:54 - [MESSAGE][INFO] - Starting 'Chrome' driver

17-07-2024T13:48:54 - [MESSAGE][INFO] - Action delay is set to 0 milliseconds

17-07-2024T13:48:56 - [MESSAGE][PASSED] - Browser is opened with url: ''

17-07-2024T13:48:56 - [TEST_STEP][PASSED] - navigateToUrl("https://katalon-demo-cura.herokuapp.com/"): Navigate to 'https://katalon-demo-cura.herokuapp.com/' successfully

17-07-2024T13:48:59 - [MESSAGE][PASSED] - Navigate to 'https://katalon-demo-cura.herokuapp.com/' successfully

17-07-2024T13:48:59 - [TEST_STEP][PASSED] - click(findTestObject("1. CURA Object button/Make Appointment")): Object: 'Object Repository/1. CURA Object button/Make Appointment' is clicked on

17-07-2024T13:49:00 - [MESSAGE][PASSED] - Object: 'Object Repository/1. CURA Object button/Make Appointment' is clicked on

17-07-2024T13:49:00 - [TEST_STEP][PASSED] - setText(findTestObject("1. CURA Object button/Username"), username): Text 'John Doe' is set on object 'Object Repository/1. CURA Object button/Username'

17-07-2024T13:49:01 - [MESSAGE][PASSED] - Text 'John Doe' is set on object 'Object Repository/1. CURA Object button/Username'

17-07-2024T13:49:01 - [TEST_STEP][PASSED] - setText(findTestObject("1. CURA Object button/Password"), password): Text 'ThisIsNotAPassword' is set on object 'Object Repository/1. CURA Object button/Password'

17-07-2024T13:49:02 - [MESSAGE][PASSED] - Text 'ThisIsNotAPassword' is set on object 'Object Repository/1. CURA Object button/Password'

17-07-2024T13:49:02 - [TEST_STEP][PASSED] - click(findTestObject("1. CURA Object button/Login Button")): Object: 'Object Repository/1. CURA Object button/Login Button' is clicked on

17-07-2024T13:49:03 - [MESSAGE][PASSED] - Object: 'Object Repository/1. CURA Object button/Login Button' is clicked on

17-07-2024T13:49:03 - [TEST_STEP][PASSED] - verifyElementText(findTestObject("2. CURA Object Text/Make Appointment"), "Make Appointment"): Actual text and expected text of test object 'Object Repository/2. CURA Object Text/Make Appointment' are matched.

17-07-2024T13:49:03 - [MESSAGE][PASSED] - Actual text and expected text of test object 'Object Repository/2. CURA Object Text/Make Appointment' are matched.]]></system-out>
         <system-err><![CDATA[]]></system-err>
      </testcase>
      <testcase name="Test Cases/CURA Web Test/TC22 - Hongkong appointment using StudioAssist" time="6.219" classname="Test Cases/CURA Web Test/TC22 - Hongkong appointment using StudioAssist" status="PASSED">
         <system-out><![CDATA[17-07-2024T13:49:03 - [TEST_CASE][PASSED] - Test Cases/CURA Web Test/TC22 - Hongkong appointment using StudioAssist: Test Cases/CURA Web Test/TC22 - Hongkong appointment using StudioAssist

17-07-2024T13:49:03 - [TEST_STEP][PASSED] - verifyElementText(findTestObject("2. CURA Object Text/Make Appointment"), "Make Appointment"): Actual text and expected text of test object 'Object Repository/2. CURA Object Text/Make Appointment' are matched.

17-07-2024T13:49:03 - [MESSAGE][PASSED] - Actual text and expected text of test object 'Object Repository/2. CURA Object Text/Make Appointment' are matched.

17-07-2024T13:49:03 - [TEST_STEP][PASSED] - selectOptionByValue(findTestObject("1. CURA Object button/Facility"), "Hongkong CURA Healthcare Center", true): All options with value 'Hongkong CURA Healthcare Center' are selected in object 'Object Repository/1. CURA Object button/Facility'  using regular expression

17-07-2024T13:49:04 - [MESSAGE][PASSED] - All options with value 'Hongkong CURA Healthcare Center' are selected in object 'Object Repository/1. CURA Object button/Facility'  using regular expression

17-07-2024T13:49:04 - [TEST_STEP][PASSED] - click(findTestObject("1. CURA Object button/Hospital Readmission")): Object: 'Object Repository/1. CURA Object button/Hospital Readmission' is clicked on

17-07-2024T13:49:05 - [MESSAGE][PASSED] - Object: 'Object Repository/1. CURA Object button/Hospital Readmission' is clicked on

17-07-2024T13:49:05 - [TEST_STEP][PASSED] - click(findTestObject("1. CURA Object button/None")): Object: 'Object Repository/1. CURA Object button/None' is clicked on

17-07-2024T13:49:05 - [MESSAGE][PASSED] - Object: 'Object Repository/1. CURA Object button/None' is clicked on

17-07-2024T13:49:05 - [TEST_STEP][PASSED] - setText(findTestObject("1. CURA Object button/Visit Date"), "02/07/2025"): Text '02/07/2025' is set on object 'Object Repository/1. CURA Object button/Visit Date'

17-07-2024T13:49:06 - [MESSAGE][PASSED] - Text '02/07/2025' is set on object 'Object Repository/1. CURA Object button/Visit Date'

17-07-2024T13:49:06 - [TEST_STEP][PASSED] - setText(findTestObject("1. CURA Object button/Comment"), "Meet dr. Alexandra Abraham"): Text 'Meet dr. Alexandra Abraham' is set on object 'Object Repository/1. CURA Object button/Comment'

17-07-2024T13:49:07 - [MESSAGE][PASSED] - Text 'Meet dr. Alexandra Abraham' is set on object 'Object Repository/1. CURA Object button/Comment'

17-07-2024T13:49:07 - [TEST_STEP][PASSED] - click(findTestObject("1. CURA Object button/Book Appointment")): Object: 'Object Repository/1. CURA Object button/Book Appointment' is clicked on

17-07-2024T13:49:08 - [MESSAGE][PASSED] - Object: 'Object Repository/1. CURA Object button/Book Appointment' is clicked on

17-07-2024T13:49:08 - [TEST_STEP][PASSED] - click(findTestObject("1. CURA Object button/Menu")): Object: 'Object Repository/1. CURA Object button/Menu' is clicked on

17-07-2024T13:49:08 - [MESSAGE][PASSED] - Object: 'Object Repository/1. CURA Object button/Menu' is clicked on

17-07-2024T13:49:08 - [TEST_STEP][PASSED] - click(findTestObject("1. CURA Object button/Home")): Object: 'Object Repository/1. CURA Object button/Home' is clicked on

17-07-2024T13:49:09 - [MESSAGE][PASSED] - Object: 'Object Repository/1. CURA Object button/Home' is clicked on

17-07-2024T13:49:09 - [TEST_STEP][PASSED] - click(findTestObject("1. CURA Object button/Make Appointment")): Object: 'Object Repository/1. CURA Object button/Make Appointment' is clicked on

17-07-2024T13:49:09 - [MESSAGE][PASSED] - Object: 'Object Repository/1. CURA Object button/Make Appointment' is clicked on]]></system-out>
         <system-err><![CDATA[]]></system-err>
      </testcase>
      <testcase name="Test Cases/CURA Web Test/TC23 - Seoul appointment using StudioAssist" time="6.446" classname="Test Cases/CURA Web Test/TC23 - Seoul appointment using StudioAssist" status="PASSED">
         <system-out><![CDATA[17-07-2024T13:49:09 - [TEST_CASE][PASSED] - Test Cases/CURA Web Test/TC23 - Seoul appointment using StudioAssist: Test Cases/CURA Web Test/TC23 - Seoul appointment using StudioAssist

17-07-2024T13:49:09 - [TEST_STEP][PASSED] - selectOptionByValue(findTestObject("1. CURA Object button/Facility"), "Seoul CURA Healthcare Center", true): All options with value 'Seoul CURA Healthcare Center' are selected in object 'Object Repository/1. CURA Object button/Facility'  using regular expression

17-07-2024T13:49:11 - [MESSAGE][PASSED] - All options with value 'Seoul CURA Healthcare Center' are selected in object 'Object Repository/1. CURA Object button/Facility'  using regular expression

17-07-2024T13:49:11 - [TEST_STEP][PASSED] - click(findTestObject("1. CURA Object button/Hospital Readmission")): Object: 'Object Repository/1. CURA Object button/Hospital Readmission' is clicked on

17-07-2024T13:49:11 - [MESSAGE][PASSED] - Object: 'Object Repository/1. CURA Object button/Hospital Readmission' is clicked on

17-07-2024T13:49:11 - [TEST_STEP][PASSED] - click(findTestObject("1. CURA Object button/Medicare")): Object: 'Object Repository/1. CURA Object button/Medicare' is clicked on

17-07-2024T13:49:11 - [MESSAGE][PASSED] - Object: 'Object Repository/1. CURA Object button/Medicare' is clicked on

17-07-2024T13:49:11 - [TEST_STEP][PASSED] - setText(findTestObject("1. CURA Object button/Visit Date"), "05/08/2024"): Text '05/08/2024' is set on object 'Object Repository/1. CURA Object button/Visit Date'

17-07-2024T13:49:12 - [MESSAGE][PASSED] - Text '05/08/2024' is set on object 'Object Repository/1. CURA Object button/Visit Date'

17-07-2024T13:49:12 - [TEST_STEP][PASSED] - setText(findTestObject("1. CURA Object button/Comment"), "I wanna reschedule to 06 August 2024"): Text 'I wanna reschedule to 06 August 2024' is set on object 'Object Repository/1. CURA Object button/Comment'

17-07-2024T13:49:13 - [MESSAGE][PASSED] - Text 'I wanna reschedule to 06 August 2024' is set on object 'Object Repository/1. CURA Object button/Comment'

17-07-2024T13:49:13 - [TEST_STEP][PASSED] - click(findTestObject("1. CURA Object button/Book Appointment")): Object: 'Object Repository/1. CURA Object button/Book Appointment' is clicked on

17-07-2024T13:49:14 - [MESSAGE][PASSED] - Object: 'Object Repository/1. CURA Object button/Book Appointment' is clicked on

17-07-2024T13:49:14 - [TEST_STEP][PASSED] - click(findTestObject("1. CURA Object button/Menu")): Object: 'Object Repository/1. CURA Object button/Menu' is clicked on

17-07-2024T13:49:15 - [MESSAGE][PASSED] - Object: 'Object Repository/1. CURA Object button/Menu' is clicked on

17-07-2024T13:49:15 - [TEST_STEP][PASSED] - click(findTestObject("1. CURA Object button/Home")): Object: 'Object Repository/1. CURA Object button/Home' is clicked on

17-07-2024T13:49:15 - [MESSAGE][PASSED] - Object: 'Object Repository/1. CURA Object button/Home' is clicked on

17-07-2024T13:49:15 - [TEST_STEP][PASSED] - click(findTestObject("1. CURA Object button/Make Appointment")): Object: 'Object Repository/1. CURA Object button/Make Appointment' is clicked on

17-07-2024T13:49:16 - [MESSAGE][PASSED] - Object: 'Object Repository/1. CURA Object button/Make Appointment' is clicked on]]></system-out>
         <system-err><![CDATA[]]></system-err>
      </testcase>
      <testcase name="Test Cases/CURA Web Test/TC24 - Tokyo appointment using StudioAssist" time="4.892" classname="Test Cases/CURA Web Test/TC24 - Tokyo appointment using StudioAssist" status="PASSED">
         <system-out><![CDATA[17-07-2024T13:49:16 - [TEST_CASE][PASSED] - Test Cases/CURA Web Test/TC24 - Tokyo appointment using StudioAssist: Test Cases/CURA Web Test/TC24 - Tokyo appointment using StudioAssist

17-07-2024T13:49:16 - [TEST_STEP][PASSED] - selectOptionByValue(findTestObject("1. CURA Object button/Facility"), "Tokyo CURA Healthcare Center", true): All options with value 'Tokyo CURA Healthcare Center' are selected in object 'Object Repository/1. CURA Object button/Facility'  using regular expression

17-07-2024T13:49:17 - [MESSAGE][PASSED] - All options with value 'Tokyo CURA Healthcare Center' are selected in object 'Object Repository/1. CURA Object button/Facility'  using regular expression

17-07-2024T13:49:17 - [TEST_STEP][PASSED] - click(findTestObject("1. CURA Object button/Medicaid")): Object: 'Object Repository/1. CURA Object button/Medicaid' is clicked on

17-07-2024T13:49:17 - [MESSAGE][PASSED] - Object: 'Object Repository/1. CURA Object button/Medicaid' is clicked on

17-07-2024T13:49:17 - [TEST_STEP][PASSED] - click(findTestObject("1. CURA Object button/Visit Date")): Object: 'Object Repository/1. CURA Object button/Visit Date' is clicked on

17-07-2024T13:49:18 - [MESSAGE][PASSED] - Object: 'Object Repository/1. CURA Object button/Visit Date' is clicked on

17-07-2024T13:49:18 - [TEST_STEP][PASSED] - setText(findTestObject("1. CURA Object button/Visit Date"), "09/09/2024"): Text '09/09/2024' is set on object 'Object Repository/1. CURA Object button/Visit Date'

17-07-2024T13:49:19 - [MESSAGE][PASSED] - Text '09/09/2024' is set on object 'Object Repository/1. CURA Object button/Visit Date'

17-07-2024T13:49:19 - [TEST_STEP][PASSED] - setText(findTestObject("1. CURA Object button/Comment"), "Meet dr. Setiadi at 09:00 AM"): Text 'Meet dr. Setiadi at 09:00 AM' is set on object 'Object Repository/1. CURA Object button/Comment'

17-07-2024T13:49:20 - [MESSAGE][PASSED] - Text 'Meet dr. Setiadi at 09:00 AM' is set on object 'Object Repository/1. CURA Object button/Comment'

17-07-2024T13:49:20 - [TEST_STEP][PASSED] - click(findTestObject("1. CURA Object button/Book Appointment")): Object: 'Object Repository/1. CURA Object button/Book Appointment' is clicked on

17-07-2024T13:49:21 - [MESSAGE][PASSED] - Object: 'Object Repository/1. CURA Object button/Book Appointment' is clicked on]]></system-out>
         <system-err><![CDATA[]]></system-err>
      </testcase>
      <system-out><![CDATA[17-07-2024T13:48:53 - [TEST_SUITE][PASSED] - TS13 - Script using StudioAssist: Test Cases/CURA Web Test/TC24 - Tokyo appointment using StudioAssist]]></system-out>
      <system-err><![CDATA[]]></system-err>
   </testsuite>
   <testsuite name="TS14 - Login and Logout using Keywords" tests="3" failures="0" errors="0" time="12.29" skipped="0" timestamp="17-07-2024T13:49:35" hostname="Lenovo - LAPTOP-7QB5JFLU" id="Test Suites/CURA Test suites/TS14 - Login and Logout using Keywords">
      <properties>
         <property name="deviceName" value=""/>
         <property name="devicePlatform"/>
         <property name="logFolder" value="C:\\Users\\Lenovo\\git\\KatalonPractitionerLevel\\Reports\\20240717_133439\\CURA Test suites\\TS14 - Login and Logout using Keywords\\20240717_133507"/>
         <property name="logFiles" value="C:\\Users\\Lenovo\\git\\KatalonPractitionerLevel\\Reports\\20240717_133439\\CURA Test suites\\TS14 - Login and Logout using Keywords\\20240717_133507\\execution0.log"/>
         <property name="attachments" value=""/>
         <property name="hostName" value="Lenovo - LAPTOP-7QB5JFLU"/>
         <property name="os" value="Windows 11 64bit"/>
         <property name="katalonVersion" value="9.6.0.217"/>
         <property name="browser" value="Chrome 126.0.0.0"/>
         <property name="hostAddress" value="192.168.1.12"/>
         <property name="sessionId" value="fbdd80b60b8ec81b556eb516db017d4a"/>
         <property name="seleniumVersion" value="3.141.59"/>
         <property name="proxyInformation" value="ProxyInformation { proxyOption=NO_PROXY, proxyServerType=HTTP, username=, password=********, proxyServerAddress=, proxyServerPort=0, executionList=&quot;&quot;, isApplyToDesiredCapabilities=true }"/>
         <property name="platform" value="Windows 11"/>
      </properties>
      <testcase name="Test Cases/CURA Web Test/TC26 - Open browser using Keywords" time="5.252" classname="Test Cases/CURA Web Test/TC26 - Open browser using Keywords" status="PASSED">
         <system-out><![CDATA[17-07-2024T13:49:35 - [TEST_CASE][PASSED] - Test Cases/CURA Web Test/TC26 - Open browser using Keywords: Test Cases/CURA Web Test/TC26 - Open browser using Keywords

17-07-2024T13:49:36 - [TEST_STEP][PASSED] - propertiesPage.openBrowser.main(): propertiesPage.openBrowser.main is PASSED

17-07-2024T13:49:36 - [MESSAGE][INFO] - Starting 'Chrome' driver

17-07-2024T13:49:36 - [MESSAGE][INFO] - Action delay is set to 0 milliseconds

17-07-2024T13:49:38 - [MESSAGE][PASSED] - Browser is opened with url: ''

17-07-2024T13:49:41 - [MESSAGE][PASSED] - Navigate to 'https://katalon-demo-cura.herokuapp.com/' successfully

17-07-2024T13:49:41 - [MESSAGE][PASSED] - propertiesPage.openBrowser.main is PASSED]]></system-out>
         <system-err><![CDATA[]]></system-err>
      </testcase>
      <testcase name="Test Cases/CURA Web Test/TC27 - Login using Keywords" time="4.272" classname="Test Cases/CURA Web Test/TC27 - Login using Keywords" status="PASSED">
         <system-out><![CDATA[17-07-2024T13:49:41 - [TEST_CASE][PASSED] - Test Cases/CURA Web Test/TC27 - Login using Keywords: Test Cases/CURA Web Test/TC27 - Login using Keywords

17-07-2024T13:49:41 - [TEST_STEP][PASSED] - propertiesPage.loginMenu.main(): propertiesPage.loginMenu.main is PASSED

17-07-2024T13:49:42 - [MESSAGE][PASSED] - Object: 'Object Repository/1. CURA Object button/Make Appointment' is clicked on

17-07-2024T13:49:42 - [MESSAGE][PASSED] - Actual text and expected text of test object 'Object Repository/2. CURA Object Text/Login Text' are matched.

17-07-2024T13:49:43 - [MESSAGE][PASSED] - Text 'John Doe' is set on object 'Object Repository/1. CURA Object button/Username'

17-07-2024T13:49:44 - [MESSAGE][PASSED] - Text 'ThisIsNotAPassword' is set on object 'Object Repository/1. CURA Object button/Password'

17-07-2024T13:49:45 - [MESSAGE][PASSED] - Object: 'Object Repository/1. CURA Object button/Login Button' is clicked on

17-07-2024T13:49:45 - [MESSAGE][PASSED] - propertiesPage.loginMenu.main is PASSED]]></system-out>
         <system-err><![CDATA[]]></system-err>
      </testcase>
      <testcase name="Test Cases/CURA Web Test/TC31- Logout using Keywords" time="2.389" classname="Test Cases/CURA Web Test/TC31- Logout using Keywords" status="PASSED">
         <system-out><![CDATA[17-07-2024T13:49:45 - [TEST_CASE][PASSED] - Test Cases/CURA Web Test/TC31- Logout using Keywords: Test Cases/CURA Web Test/TC31- Logout using Keywords

17-07-2024T13:49:45 - [TEST_STEP][PASSED] - propertiesPage.logoutMenu.main(): propertiesPage.logoutMenu.main is PASSED

17-07-2024T13:49:45 - [MESSAGE][PASSED] - Actual text and expected text of test object 'Object Repository/2. CURA Object Text/Make Appointment' are matched.

17-07-2024T13:49:46 - [MESSAGE][PASSED] - Object: 'Object Repository/1. CURA Object button/Menu' is clicked on

17-07-2024T13:49:47 - [MESSAGE][PASSED] - Object: 'Object Repository/1. CURA Object button/Logout' is clicked on

17-07-2024T13:49:47 - [MESSAGE][PASSED] - Browser is closed

17-07-2024T13:49:47 - [MESSAGE][PASSED] - propertiesPage.logoutMenu.main is PASSED]]></system-out>
         <system-err><![CDATA[]]></system-err>
      </testcase>
      <system-out><![CDATA[17-07-2024T13:49:35 - [TEST_SUITE][PASSED] - TS14 - Login and Logout using Keywords: Test Cases/CURA Web Test/TC31- Logout using Keywords]]></system-out>
      <system-err><![CDATA[]]></system-err>
   </testsuite>
   <testsuite name="TS15 - Make appointment using Keywords" tests="6" failures="0" errors="0" time="55.079" skipped="0" timestamp="17-07-2024T13:49:59" hostname="Lenovo - LAPTOP-7QB5JFLU" id="Test Suites/CURA Test suites/TS15 - Make appointment using Keywords">
      <properties>
         <property name="deviceName" value=""/>
         <property name="devicePlatform"/>
         <property name="logFolder" value="C:\\Users\\Lenovo\\git\\KatalonPractitionerLevel\\Reports\\20240717_133439\\CURA Test suites\\TS15 - Make appointment using Keywords\\20240717_133509"/>
         <property name="logFiles" value="C:\\Users\\Lenovo\\git\\KatalonPractitionerLevel\\Reports\\20240717_133439\\CURA Test suites\\TS15 - Make appointment using Keywords\\20240717_133509\\execution0.log"/>
         <property name="attachments" value=""/>
         <property name="hostName" value="Lenovo - LAPTOP-7QB5JFLU"/>
         <property name="os" value="Windows 11 64bit"/>
         <property name="katalonVersion" value="9.6.0.217"/>
         <property name="browser" value="Chrome 126.0.0.0"/>
         <property name="hostAddress" value="192.168.1.12"/>
         <property name="sessionId" value="b9e586b6d620d1e6901a8eec41d8a1b3"/>
         <property name="seleniumVersion" value="3.141.59"/>
         <property name="proxyInformation" value="ProxyInformation { proxyOption=NO_PROXY, proxyServerType=HTTP, username=, password=********, proxyServerAddress=, proxyServerPort=0, executionList=&quot;&quot;, isApplyToDesiredCapabilities=true }"/>
         <property name="platform" value="Windows 11"/>
      </properties>
      <testcase name="Test Cases/CURA Web Test/TC26 - Open browser using Keywords" time="4.696" classname="Test Cases/CURA Web Test/TC26 - Open browser using Keywords" status="PASSED">
         <system-out><![CDATA[17-07-2024T13:49:59 - [TEST_CASE][PASSED] - Test Cases/CURA Web Test/TC26 - Open browser using Keywords: Test Cases/CURA Web Test/TC26 - Open browser using Keywords

17-07-2024T13:50:00 - [TEST_STEP][PASSED] - propertiesPage.openBrowser.main(): propertiesPage.openBrowser.main is PASSED

17-07-2024T13:50:00 - [MESSAGE][INFO] - Starting 'Chrome' driver

17-07-2024T13:50:00 - [MESSAGE][INFO] - Action delay is set to 0 milliseconds

17-07-2024T13:50:01 - [MESSAGE][PASSED] - Browser is opened with url: ''

17-07-2024T13:50:04 - [MESSAGE][PASSED] - Navigate to 'https://katalon-demo-cura.herokuapp.com/' successfully

17-07-2024T13:50:04 - [MESSAGE][PASSED] - propertiesPage.openBrowser.main is PASSED]]></system-out>
         <system-err><![CDATA[]]></system-err>
      </testcase>
      <testcase name="Test Cases/CURA Web Test/TC27 - Login using Keywords" time="4.36" classname="Test Cases/CURA Web Test/TC27 - Login using Keywords" status="PASSED">
         <system-out><![CDATA[17-07-2024T13:50:04 - [TEST_CASE][PASSED] - Test Cases/CURA Web Test/TC27 - Login using Keywords: Test Cases/CURA Web Test/TC27 - Login using Keywords

17-07-2024T13:50:04 - [TEST_STEP][PASSED] - propertiesPage.loginMenu.main(): propertiesPage.loginMenu.main is PASSED

17-07-2024T13:50:05 - [MESSAGE][PASSED] - Object: 'Object Repository/1. CURA Object button/Make Appointment' is clicked on

17-07-2024T13:50:06 - [MESSAGE][PASSED] - Actual text and expected text of test object 'Object Repository/2. CURA Object Text/Login Text' are matched.

17-07-2024T13:50:07 - [MESSAGE][PASSED] - Text 'John Doe' is set on object 'Object Repository/1. CURA Object button/Username'

17-07-2024T13:50:07 - [MESSAGE][PASSED] - Text 'ThisIsNotAPassword' is set on object 'Object Repository/1. CURA Object button/Password'

17-07-2024T13:50:09 - [MESSAGE][PASSED] - Object: 'Object Repository/1. CURA Object button/Login Button' is clicked on

17-07-2024T13:50:09 - [MESSAGE][PASSED] - propertiesPage.loginMenu.main is PASSED]]></system-out>
         <system-err><![CDATA[]]></system-err>
      </testcase>
      <testcase name="Test Cases/CURA Web Test/TC31- Logout using Keywords" time="2.193" classname="Test Cases/CURA Web Test/TC31- Logout using Keywords" status="PASSED">
         <system-out><![CDATA[17-07-2024T13:50:09 - [TEST_CASE][PASSED] - Test Cases/CURA Web Test/TC31- Logout using Keywords: Test Cases/CURA Web Test/TC31- Logout using Keywords

17-07-2024T13:50:09 - [TEST_STEP][PASSED] - propertiesPage.logoutMenu.main(): propertiesPage.logoutMenu.main is PASSED

17-07-2024T13:50:09 - [MESSAGE][PASSED] - Actual text and expected text of test object 'Object Repository/2. CURA Object Text/Make Appointment' are matched.

17-07-2024T13:50:09 - [MESSAGE][PASSED] - Object: 'Object Repository/1. CURA Object button/Menu' is clicked on

17-07-2024T13:50:10 - [MESSAGE][PASSED] - Object: 'Object Repository/1. CURA Object button/Logout' is clicked on

17-07-2024T13:50:11 - [MESSAGE][PASSED] - Browser is closed

17-07-2024T13:50:11 - [MESSAGE][PASSED] - propertiesPage.logoutMenu.main is PASSED]]></system-out>
         <system-err><![CDATA[]]></system-err>
      </testcase>
      <testcase name="Test Cases/CURA Web Test/TC28 - Seoul Appointment using Keywords" time="14.757" classname="Test Cases/CURA Web Test/TC28 - Seoul Appointment using Keywords" status="PASSED">
         <system-out><![CDATA[17-07-2024T13:50:11 - [TEST_CASE][PASSED] - Test Cases/CURA Web Test/TC28 - Seoul Appointment using Keywords: Test Cases/CURA Web Test/TC28 - Seoul Appointment using Keywords

17-07-2024T13:50:11 - [TEST_STEP][PASSED] - propertiesPage.openBrowser.main(): propertiesPage.openBrowser.main is PASSED

17-07-2024T13:50:11 - [MESSAGE][INFO] - Starting 'Chrome' driver

17-07-2024T13:50:11 - [MESSAGE][INFO] - Action delay is set to 0 milliseconds

17-07-2024T13:50:12 - [MESSAGE][PASSED] - Browser is opened with url: ''

17-07-2024T13:50:15 - [MESSAGE][PASSED] - Navigate to 'https://katalon-demo-cura.herokuapp.com/' successfully

17-07-2024T13:50:15 - [MESSAGE][PASSED] - propertiesPage.openBrowser.main is PASSED

17-07-2024T13:50:15 - [TEST_STEP][PASSED] - propertiesPage.loginMenu.main(): propertiesPage.loginMenu.main is PASSED

17-07-2024T13:50:15 - [MESSAGE][PASSED] - Object: 'Object Repository/1. CURA Object button/Make Appointment' is clicked on

17-07-2024T13:50:16 - [MESSAGE][PASSED] - Actual text and expected text of test object 'Object Repository/2. CURA Object Text/Login Text' are matched.

17-07-2024T13:50:17 - [MESSAGE][PASSED] - Text 'John Doe' is set on object 'Object Repository/1. CURA Object button/Username'

17-07-2024T13:50:17 - [MESSAGE][PASSED] - Text 'ThisIsNotAPassword' is set on object 'Object Repository/1. CURA Object button/Password'

17-07-2024T13:50:19 - [MESSAGE][PASSED] - Object: 'Object Repository/1. CURA Object button/Login Button' is clicked on

17-07-2024T13:50:19 - [MESSAGE][PASSED] - propertiesPage.loginMenu.main is PASSED

17-07-2024T13:50:19 - [TEST_STEP][PASSED] - appointmentPage.facilitySeoul.menu(): appointmentPage.facilitySeoul.menu is PASSED

17-07-2024T13:50:20 - [MESSAGE][PASSED] - All options with value 'Seoul CURA Healthcare Center' are selected in object 'Object Repository/1. CURA Object button/Facility'  using regular expression

17-07-2024T13:50:20 - [MESSAGE][PASSED] - appointmentPage.facilitySeoul.menu is PASSED

17-07-2024T13:50:20 - [TEST_STEP][PASSED] - click(findTestObject("1. CURA Object button/Hospital Readmission")): Object: 'Object Repository/1. CURA Object button/Hospital Readmission' is clicked on

17-07-2024T13:50:20 - [MESSAGE][PASSED] - Object: 'Object Repository/1. CURA Object button/Hospital Readmission' is clicked on

17-07-2024T13:50:20 - [TEST_STEP][PASSED] - healthcareProgram.medicaidProgram.main(): healthcareProgram.medicaidProgram.main is PASSED

17-07-2024T13:50:21 - [MESSAGE][PASSED] - Object: 'Object Repository/1. CURA Object button/Medicaid' is clicked on

17-07-2024T13:50:21 - [MESSAGE][PASSED] - healthcareProgram.medicaidProgram.main is PASSED

17-07-2024T13:50:21 - [TEST_STEP][PASSED] - setText(findTestObject("1. CURA Object button/Visit Date"), "03/08/2024"): Text '03/08/2024' is set on object 'Object Repository/1. CURA Object button/Visit Date'

17-07-2024T13:50:22 - [MESSAGE][PASSED] - Text '03/08/2024' is set on object 'Object Repository/1. CURA Object button/Visit Date'

17-07-2024T13:50:22 - [TEST_STEP][PASSED] - setText(findTestObject("1. CURA Object button/Comment"), "I wanna meet dr. Andira"): Text 'I wanna meet dr. Andira' is set on object 'Object Repository/1. CURA Object button/Comment'

17-07-2024T13:50:23 - [MESSAGE][PASSED] - Text 'I wanna meet dr. Andira' is set on object 'Object Repository/1. CURA Object button/Comment'

17-07-2024T13:50:23 - [TEST_STEP][PASSED] - click(findTestObject("1. CURA Object button/Book Appointment")): Object: 'Object Repository/1. CURA Object button/Book Appointment' is clicked on

17-07-2024T13:50:23 - [MESSAGE][PASSED] - Object: 'Object Repository/1. CURA Object button/Book Appointment' is clicked on

17-07-2024T13:50:23 - [TEST_STEP][PASSED] - propertiesPage.logoutMenu.main(): propertiesPage.logoutMenu.main is PASSED

17-07-2024T13:50:24 - [MESSAGE][PASSED] - Actual text and expected text of test object 'Object Repository/2. CURA Object Text/Make Appointment' are matched.

17-07-2024T13:50:24 - [MESSAGE][PASSED] - Object: 'Object Repository/1. CURA Object button/Menu' is clicked on

17-07-2024T13:50:25 - [MESSAGE][PASSED] - Object: 'Object Repository/1. CURA Object button/Logout' is clicked on

17-07-2024T13:50:25 - [MESSAGE][PASSED] - Browser is closed

17-07-2024T13:50:26 - [MESSAGE][PASSED] - propertiesPage.logoutMenu.main is PASSED]]></system-out>
         <system-err><![CDATA[]]></system-err>
      </testcase>
      <testcase name="Test Cases/CURA Web Test/TC29 - Hongkong appointment using Keywords" time="15.346" classname="Test Cases/CURA Web Test/TC29 - Hongkong appointment using Keywords" status="PASSED">
         <system-out><![CDATA[17-07-2024T13:50:26 - [TEST_CASE][PASSED] - Test Cases/CURA Web Test/TC29 - Hongkong appointment using Keywords: Test Cases/CURA Web Test/TC29 - Hongkong appointment using Keywords

17-07-2024T13:50:26 - [TEST_STEP][PASSED] - propertiesPage.openBrowser.main(): propertiesPage.openBrowser.main is PASSED

17-07-2024T13:50:26 - [MESSAGE][INFO] - Starting 'Chrome' driver

17-07-2024T13:50:26 - [MESSAGE][INFO] - Action delay is set to 0 milliseconds

17-07-2024T13:50:27 - [MESSAGE][PASSED] - Browser is opened with url: ''

17-07-2024T13:50:28 - [MESSAGE][PASSED] - Navigate to 'https://katalon-demo-cura.herokuapp.com/' successfully

17-07-2024T13:50:28 - [MESSAGE][PASSED] - propertiesPage.openBrowser.main is PASSED

17-07-2024T13:50:28 - [TEST_STEP][PASSED] - propertiesPage.loginMenu.main(): propertiesPage.loginMenu.main is PASSED

17-07-2024T13:50:30 - [MESSAGE][PASSED] - Object: 'Object Repository/1. CURA Object button/Make Appointment' is clicked on

17-07-2024T13:50:31 - [MESSAGE][PASSED] - Actual text and expected text of test object 'Object Repository/2. CURA Object Text/Login Text' are matched.

17-07-2024T13:50:32 - [MESSAGE][PASSED] - Text 'John Doe' is set on object 'Object Repository/1. CURA Object button/Username'

17-07-2024T13:50:32 - [MESSAGE][PASSED] - Text 'ThisIsNotAPassword' is set on object 'Object Repository/1. CURA Object button/Password'

17-07-2024T13:50:34 - [MESSAGE][PASSED] - Object: 'Object Repository/1. CURA Object button/Login Button' is clicked on

17-07-2024T13:50:34 - [MESSAGE][PASSED] - propertiesPage.loginMenu.main is PASSED

17-07-2024T13:50:34 - [TEST_STEP][PASSED] - appointmentPage.facilityHongkong.main(): appointmentPage.facilityHongkong.main is PASSED

17-07-2024T13:50:35 - [MESSAGE][PASSED] - All options with value 'Hongkong CURA Healthcare Center' are selected in object 'Object Repository/1. CURA Object button/Facility'  using regular expression

17-07-2024T13:50:35 - [MESSAGE][PASSED] - appointmentPage.facilityHongkong.main is PASSED

17-07-2024T13:50:35 - [TEST_STEP][PASSED] - healthcareProgram.medicareProgram.main(): healthcareProgram.medicareProgram.main is PASSED

17-07-2024T13:50:35 - [MESSAGE][PASSED] - Object: 'Object Repository/1. CURA Object button/Medicare' is clicked on

17-07-2024T13:50:35 - [MESSAGE][PASSED] - healthcareProgram.medicareProgram.main is PASSED

17-07-2024T13:50:35 - [TEST_STEP][PASSED] - setText(findTestObject("1. CURA Object button/Visit Date"), "04/09/2024"): Text '04/09/2024' is set on object 'Object Repository/1. CURA Object button/Visit Date'

17-07-2024T13:50:36 - [MESSAGE][PASSED] - Text '04/09/2024' is set on object 'Object Repository/1. CURA Object button/Visit Date'

17-07-2024T13:50:36 - [TEST_STEP][PASSED] - setText(findTestObject("1. CURA Object button/Comment"), "I wanna reschedule my appointment to 05/09/2024"): Text 'I wanna reschedule my appointment to 05/09/2024' is set on object 'Object Repository/1. CURA Object button/Comment'

17-07-2024T13:50:37 - [MESSAGE][PASSED] - Text 'I wanna reschedule my appointment to 05/09/2024' is set on object 'Object Repository/1. CURA Object button/Comment'

17-07-2024T13:50:37 - [TEST_STEP][PASSED] - click(findTestObject("1. CURA Object button/Book Appointment")): Object: 'Object Repository/1. CURA Object button/Book Appointment' is clicked on

17-07-2024T13:50:38 - [MESSAGE][PASSED] - Object: 'Object Repository/1. CURA Object button/Book Appointment' is clicked on

17-07-2024T13:50:38 - [TEST_STEP][PASSED] - propertiesPage.logoutMenu.main(): propertiesPage.logoutMenu.main is PASSED

17-07-2024T13:50:38 - [MESSAGE][PASSED] - Actual text and expected text of test object 'Object Repository/2. CURA Object Text/Make Appointment' are matched.

17-07-2024T13:50:39 - [MESSAGE][PASSED] - Object: 'Object Repository/1. CURA Object button/Menu' is clicked on

17-07-2024T13:50:40 - [MESSAGE][PASSED] - Object: 'Object Repository/1. CURA Object button/Logout' is clicked on

17-07-2024T13:50:41 - [MESSAGE][PASSED] - Browser is closed

17-07-2024T13:50:41 - [MESSAGE][PASSED] - propertiesPage.logoutMenu.main is PASSED]]></system-out>
         <system-err><![CDATA[]]></system-err>
      </testcase>
      <testcase name="Test Cases/CURA Web Test/TC30 - Tokyo appointment using Keywords" time="13.36" classname="Test Cases/CURA Web Test/TC30 - Tokyo appointment using Keywords" status="PASSED">
         <system-out><![CDATA[17-07-2024T13:50:41 - [TEST_CASE][PASSED] - Test Cases/CURA Web Test/TC30 - Tokyo appointment using Keywords: Test Cases/CURA Web Test/TC30 - Tokyo appointment using Keywords

17-07-2024T13:50:41 - [TEST_STEP][PASSED] - propertiesPage.openBrowser.main(): propertiesPage.openBrowser.main is PASSED

17-07-2024T13:50:41 - [MESSAGE][INFO] - Starting 'Chrome' driver

17-07-2024T13:50:41 - [MESSAGE][INFO] - Action delay is set to 0 milliseconds

17-07-2024T13:50:42 - [MESSAGE][PASSED] - Browser is opened with url: ''

17-07-2024T13:50:45 - [MESSAGE][PASSED] - Navigate to 'https://katalon-demo-cura.herokuapp.com/' successfully

17-07-2024T13:50:45 - [MESSAGE][PASSED] - propertiesPage.openBrowser.main is PASSED

17-07-2024T13:50:45 - [TEST_STEP][PASSED] - propertiesPage.loginMenu.main(): propertiesPage.loginMenu.main is PASSED

17-07-2024T13:50:45 - [MESSAGE][PASSED] - Object: 'Object Repository/1. CURA Object button/Make Appointment' is clicked on

17-07-2024T13:50:46 - [MESSAGE][PASSED] - Actual text and expected text of test object 'Object Repository/2. CURA Object Text/Login Text' are matched.

17-07-2024T13:50:47 - [MESSAGE][PASSED] - Text 'John Doe' is set on object 'Object Repository/1. CURA Object button/Username'

17-07-2024T13:50:48 - [MESSAGE][PASSED] - Text 'ThisIsNotAPassword' is set on object 'Object Repository/1. CURA Object button/Password'

17-07-2024T13:50:49 - [MESSAGE][PASSED] - Object: 'Object Repository/1. CURA Object button/Login Button' is clicked on

17-07-2024T13:50:49 - [MESSAGE][PASSED] - propertiesPage.loginMenu.main is PASSED

17-07-2024T13:50:49 - [TEST_STEP][PASSED] - appointmentPage.facilityTokyo.main(): appointmentPage.facilityTokyo.main is PASSED

17-07-2024T13:50:50 - [MESSAGE][PASSED] - All options with value 'Tokyo CURA Healthcare Center' are selected in object 'Object Repository/1. CURA Object button/Facility'  using regular expression

17-07-2024T13:50:50 - [MESSAGE][PASSED] - appointmentPage.facilityTokyo.main is PASSED

17-07-2024T13:50:50 - [TEST_STEP][PASSED] - click(findTestObject("1. CURA Object button/Hospital Readmission")): Object: 'Object Repository/1. CURA Object button/Hospital Readmission' is clicked on

17-07-2024T13:50:50 - [MESSAGE][PASSED] - Object: 'Object Repository/1. CURA Object button/Hospital Readmission' is clicked on

17-07-2024T13:50:50 - [TEST_STEP][PASSED] - healthcareProgram.noneProgram.main(): healthcareProgram.noneProgram.main is PASSED

17-07-2024T13:50:51 - [MESSAGE][PASSED] - Object: 'Object Repository/1. CURA Object button/None' is clicked on

17-07-2024T13:50:51 - [MESSAGE][PASSED] - healthcareProgram.noneProgram.main is PASSED

17-07-2024T13:50:51 - [TEST_STEP][PASSED] - setText(findTestObject("1. CURA Object button/Visit Date"), "03/07/2024"): Text '03/07/2024' is set on object 'Object Repository/1. CURA Object button/Visit Date'

17-07-2024T13:50:51 - [MESSAGE][PASSED] - Text '03/07/2024' is set on object 'Object Repository/1. CURA Object button/Visit Date'

17-07-2024T13:50:51 - [TEST_STEP][PASSED] - click(findTestObject("1. CURA Object button/Book Appointment")): Object: 'Object Repository/1. CURA Object button/Book Appointment' is clicked on

17-07-2024T13:50:52 - [MESSAGE][PASSED] - Object: 'Object Repository/1. CURA Object button/Book Appointment' is clicked on

17-07-2024T13:50:52 - [TEST_STEP][PASSED] - propertiesPage.logoutMenu.main(): propertiesPage.logoutMenu.main is PASSED

17-07-2024T13:50:53 - [MESSAGE][PASSED] - Actual text and expected text of test object 'Object Repository/2. CURA Object Text/Make Appointment' are matched.

17-07-2024T13:50:53 - [MESSAGE][PASSED] - Object: 'Object Repository/1. CURA Object button/Menu' is clicked on

17-07-2024T13:50:54 - [MESSAGE][PASSED] - Object: 'Object Repository/1. CURA Object button/Logout' is clicked on

17-07-2024T13:50:54 - [MESSAGE][PASSED] - Browser is closed

17-07-2024T13:50:54 - [MESSAGE][PASSED] - propertiesPage.logoutMenu.main is PASSED]]></system-out>
         <system-err><![CDATA[]]></system-err>
      </testcase>
      <system-out><![CDATA[17-07-2024T13:49:59 - [TEST_SUITE][PASSED] - TS15 - Make appointment using Keywords: Test Cases/CURA Web Test/TC30 - Tokyo appointment using Keywords]]></system-out>
      <system-err><![CDATA[]]></system-err>
   </testsuite>
   <testsuite name="TS17 - CURA test" tests="2" failures="0" errors="0" time="34.048" skipped="0" timestamp="17-07-2024T13:51:08" hostname="Lenovo - LAPTOP-7QB5JFLU" id="Test Suites/CURA Test suites/TS17 - CURA test">
      <properties>
         <property name="deviceName" value=""/>
         <property name="devicePlatform"/>
         <property name="logFolder" value="C:\\Users\\Lenovo\\git\\KatalonPractitionerLevel\\Reports\\20240717_133439\\CURA Test suites\\TS17 - CURA test\\20240717_133511"/>
         <property name="logFiles" value="C:\\Users\\Lenovo\\git\\KatalonPractitionerLevel\\Reports\\20240717_133439\\CURA Test suites\\TS17 - CURA test\\20240717_133511\\execution0.log"/>
         <property name="attachments" value=""/>
         <property name="hostName" value="Lenovo - LAPTOP-7QB5JFLU"/>
         <property name="os" value="Windows 11 64bit"/>
         <property name="katalonVersion" value="9.6.0.217"/>
         <property name="browser" value="Chrome 126.0.0.0"/>
         <property name="hostAddress" value="192.168.1.12"/>
         <property name="sessionId" value="36c6a49f264538bca5fd4d819cad1eb9"/>
         <property name="seleniumVersion" value="3.141.59"/>
         <property name="proxyInformation" value="ProxyInformation { proxyOption=NO_PROXY, proxyServerType=HTTP, username=, password=********, proxyServerAddress=, proxyServerPort=0, executionList=&quot;&quot;, isApplyToDesiredCapabilities=true }"/>
         <property name="platform" value="Windows 11"/>
      </properties>
      <testcase name="Test Cases/CURA Web Test/TC33 - Button check" time="20.794" classname="Test Cases/CURA Web Test/TC33 - Button check" status="PASSED">
         <system-out><![CDATA[17-07-2024T13:51:08 - [TEST_CASE][PASSED] - Test Cases/CURA Web Test/TC33 - Button check: Test Cases/CURA Web Test/TC33 - Button check

17-07-2024T13:51:09 - [TEST_STEP][PASSED] - callTestCase(findTestCase("CURA Web Test/Properties/TCP01 - Open browser"), [:], STOP_ON_FAILURE): Call Test Case 'Test Cases/CURA Web Test/Properties/TCP01 - Open browser' successfully

17-07-2024T13:51:10 - [TEST_CASE][PASSED] - Test Cases/CURA Web Test/Properties/TCP01 - Open browser: Test Cases/CURA Web Test/Properties/TCP01 - Open browser

17-07-2024T13:51:10 - [TEST_STEP][PASSED] - openBrowser(""): Browser is opened with url: ''

17-07-2024T13:51:10 - [MESSAGE][INFO] - Starting 'Chrome' driver

17-07-2024T13:51:10 - [MESSAGE][INFO] - Action delay is set to 0 milliseconds

17-07-2024T13:51:11 - [MESSAGE][PASSED] - Browser is opened with url: ''

17-07-2024T13:51:11 - [TEST_STEP][PASSED] - navigateToUrl(URL): Navigate to 'https://katalon-demo-cura.herokuapp.com/' successfully

17-07-2024T13:51:15 - [MESSAGE][PASSED] - Navigate to 'https://katalon-demo-cura.herokuapp.com/' successfully

17-07-2024T13:51:15 - [MESSAGE][PASSED] - Call Test Case 'Test Cases/CURA Web Test/Properties/TCP01 - Open browser' successfully

17-07-2024T13:51:15 - [TEST_STEP][PASSED] - verifyElementClickable(findTestObject("1. CURA Object button/Make Appointment"), CONTINUE_ON_FAILURE): Object 'Object Repository/1. CURA Object button/Make Appointment' is clickable

17-07-2024T13:51:16 - [MESSAGE][PASSED] - Object 'Object Repository/1. CURA Object button/Make Appointment' is clickable

17-07-2024T13:51:16 - [TEST_STEP][PASSED] - verifyElementClickable(findTestObject("1. CURA Object button/facebook"), CONTINUE_ON_FAILURE): Object 'Object Repository/1. CURA Object button/facebook' is clickable

17-07-2024T13:51:16 - [MESSAGE][PASSED] - Object 'Object Repository/1. CURA Object button/facebook' is clickable

17-07-2024T13:51:16 - [TEST_STEP][PASSED] - verifyElementClickable(findTestObject("1. CURA Object button/twitter"), CONTINUE_ON_FAILURE): Object 'Object Repository/1. CURA Object button/twitter' is clickable

17-07-2024T13:51:17 - [MESSAGE][PASSED] - Object 'Object Repository/1. CURA Object button/twitter' is clickable

17-07-2024T13:51:17 - [TEST_STEP][PASSED] - verifyElementClickable(findTestObject("1. CURA Object button/dribble"), CONTINUE_ON_FAILURE): Object 'Object Repository/1. CURA Object button/dribble' is clickable

17-07-2024T13:51:17 - [MESSAGE][PASSED] - Object 'Object Repository/1. CURA Object button/dribble' is clickable

17-07-2024T13:51:17 - [TEST_STEP][PASSED] - click(findTestObject("1. CURA Object button/Make Appointment"), CONTINUE_ON_FAILURE): Object: 'Object Repository/1. CURA Object button/Make Appointment' is clicked on

17-07-2024T13:51:18 - [MESSAGE][PASSED] - Object: 'Object Repository/1. CURA Object button/Make Appointment' is clicked on

17-07-2024T13:51:18 - [TEST_STEP][PASSED] - verifyElementClickable(findTestObject("1. CURA Object button/Login Button"), CONTINUE_ON_FAILURE): Object 'Object Repository/1. CURA Object button/Login Button' is clickable

17-07-2024T13:51:18 - [MESSAGE][PASSED] - Object 'Object Repository/1. CURA Object button/Login Button' is clickable

17-07-2024T13:51:18 - [TEST_STEP][PASSED] - click(findTestObject("1. CURA Object button/Menu"), CONTINUE_ON_FAILURE): Object: 'Object Repository/1. CURA Object button/Menu' is clicked on

17-07-2024T13:51:19 - [MESSAGE][PASSED] - Object: 'Object Repository/1. CURA Object button/Menu' is clicked on

17-07-2024T13:51:19 - [TEST_STEP][PASSED] - verifyElementClickable(findTestObject("1. CURA Object button/Home"), CONTINUE_ON_FAILURE): Object 'Object Repository/1. CURA Object button/Home' is clickable

17-07-2024T13:51:19 - [MESSAGE][PASSED] - Object 'Object Repository/1. CURA Object button/Home' is clickable

17-07-2024T13:51:19 - [TEST_STEP][PASSED] - verifyElementClickable(findTestObject("1. CURA Object button/Login"), CONTINUE_ON_FAILURE): Object 'Object Repository/1. CURA Object button/Login' is clickable

17-07-2024T13:51:19 - [MESSAGE][PASSED] - Object 'Object Repository/1. CURA Object button/Login' is clickable

17-07-2024T13:51:19 - [TEST_STEP][PASSED] - callTestCase(findTestCase("CURA Web Test/Properties/TCP02 - Login"), [:], CONTINUE_ON_FAILURE): Call Test Case 'Test Cases/CURA Web Test/Properties/TCP02 - Login' successfully

17-07-2024T13:51:20 - [TEST_CASE][PASSED] - Test Cases/CURA Web Test/Properties/TCP02 - Login: Test Cases/CURA Web Test/Properties/TCP02 - Login

17-07-2024T13:51:20 - [TEST_STEP][PASSED] - click(findTestObject("1. CURA Object button/Make Appointment")): Object: 'Object Repository/1. CURA Object button/Make Appointment' is clicked on

17-07-2024T13:51:20 - [MESSAGE][PASSED] - Object: 'Object Repository/1. CURA Object button/Make Appointment' is clicked on

17-07-2024T13:51:20 - [TEST_STEP][PASSED] - verifyElementText(findTestObject("2. CURA Object Text/Login Text"), "Login"): Actual text and expected text of test object 'Object Repository/2. CURA Object Text/Login Text' are matched.

17-07-2024T13:51:20 - [MESSAGE][PASSED] - Actual text and expected text of test object 'Object Repository/2. CURA Object Text/Login Text' are matched.

17-07-2024T13:51:20 - [TEST_STEP][PASSED] - setText(findTestObject("1. CURA Object button/Username"), Username): Text 'John Doe' is set on object 'Object Repository/1. CURA Object button/Username'

17-07-2024T13:51:21 - [MESSAGE][PASSED] - Text 'John Doe' is set on object 'Object Repository/1. CURA Object button/Username'

17-07-2024T13:51:21 - [TEST_STEP][PASSED] - setText(findTestObject("1. CURA Object button/Password"), Password): Text 'ThisIsNotAPassword' is set on object 'Object Repository/1. CURA Object button/Password'

17-07-2024T13:51:22 - [MESSAGE][PASSED] - Text 'ThisIsNotAPassword' is set on object 'Object Repository/1. CURA Object button/Password'

17-07-2024T13:51:22 - [TEST_STEP][PASSED] - click(findTestObject("1. CURA Object button/Login Button")): Object: 'Object Repository/1. CURA Object button/Login Button' is clicked on

17-07-2024T13:51:23 - [MESSAGE][PASSED] - Object: 'Object Repository/1. CURA Object button/Login Button' is clicked on

17-07-2024T13:51:23 - [MESSAGE][PASSED] - Call Test Case 'Test Cases/CURA Web Test/Properties/TCP02 - Login' successfully

17-07-2024T13:51:23 - [TEST_STEP][PASSED] - verifyElementClickable(findTestObject("1. CURA Object button/Facility"), CONTINUE_ON_FAILURE): Object 'Object Repository/1. CURA Object button/Facility' is clickable

17-07-2024T13:51:24 - [MESSAGE][PASSED] - Object 'Object Repository/1. CURA Object button/Facility' is clickable

17-07-2024T13:51:24 - [TEST_STEP][PASSED] - verifyElementNotChecked(findTestObject("1. CURA Object button/Hospital Readmission"), 0): Object 'Object Repository/1. CURA Object button/Hospital Readmission' is not checked

17-07-2024T13:51:24 - [MESSAGE][WARNING] - Timeout '0' is invalid. Using default page load timeout: '30'

17-07-2024T13:51:24 - [MESSAGE][PASSED] - Object 'Object Repository/1. CURA Object button/Hospital Readmission' is not checked

17-07-2024T13:51:24 - [TEST_STEP][PASSED] - verifyElementClickable(findTestObject("1. CURA Object button/Hospital Readmission")): Object 'Object Repository/1. CURA Object button/Hospital Readmission' is clickable

17-07-2024T13:51:25 - [MESSAGE][PASSED] - Object 'Object Repository/1. CURA Object button/Hospital Readmission' is clickable

17-07-2024T13:51:25 - [TEST_STEP][PASSED] - verifyElementClickable(findTestObject("1. CURA Object button/Medicaid")): Object 'Object Repository/1. CURA Object button/Medicaid' is clickable

17-07-2024T13:51:25 - [MESSAGE][PASSED] - Object 'Object Repository/1. CURA Object button/Medicaid' is clickable

17-07-2024T13:51:25 - [TEST_STEP][PASSED] - verifyElementChecked(findTestObject("1. CURA Object button/Medicare"), 0): Object 'Object Repository/1. CURA Object button/Medicare' is checked

17-07-2024T13:51:25 - [MESSAGE][WARNING] - Timeout '0' is invalid. Using default page load timeout: '30'

17-07-2024T13:51:25 - [MESSAGE][PASSED] - Object 'Object Repository/1. CURA Object button/Medicare' is checked

17-07-2024T13:51:25 - [TEST_STEP][PASSED] - verifyElementClickable(findTestObject("1. CURA Object button/Medicare")): Object 'Object Repository/1. CURA Object button/Medicare' is clickable

17-07-2024T13:51:26 - [MESSAGE][PASSED] - Object 'Object Repository/1. CURA Object button/Medicare' is clickable

17-07-2024T13:51:26 - [TEST_STEP][PASSED] - verifyElementClickable(findTestObject("1. CURA Object button/None")): Object 'Object Repository/1. CURA Object button/None' is clickable

17-07-2024T13:51:26 - [MESSAGE][PASSED] - Object 'Object Repository/1. CURA Object button/None' is clickable

17-07-2024T13:51:26 - [TEST_STEP][PASSED] - verifyElementClickable(findTestObject("1. CURA Object button/Calendar Visit Date"), CONTINUE_ON_FAILURE): Object 'Object Repository/1. CURA Object button/Calendar Visit Date' is clickable

17-07-2024T13:51:26 - [MESSAGE][PASSED] - Object 'Object Repository/1. CURA Object button/Calendar Visit Date' is clickable

17-07-2024T13:51:26 - [TEST_STEP][PASSED] - verifyElementClickable(findTestObject("1. CURA Object button/Comment"), CONTINUE_ON_FAILURE): Object 'Object Repository/1. CURA Object button/Comment' is clickable

17-07-2024T13:51:27 - [MESSAGE][PASSED] - Object 'Object Repository/1. CURA Object button/Comment' is clickable

17-07-2024T13:51:27 - [TEST_STEP][PASSED] - verifyElementClickable(findTestObject("1. CURA Object button/Book Appointment"), CONTINUE_ON_FAILURE): Object 'Object Repository/1. CURA Object button/Book Appointment' is clickable

17-07-2024T13:51:27 - [MESSAGE][PASSED] - Object 'Object Repository/1. CURA Object button/Book Appointment' is clickable

17-07-2024T13:51:27 - [TEST_STEP][PASSED] - click(findTestObject("1. CURA Object button/Menu"), CONTINUE_ON_FAILURE): Object: 'Object Repository/1. CURA Object button/Menu' is clicked on

17-07-2024T13:51:27 - [MESSAGE][PASSED] - Object: 'Object Repository/1. CURA Object button/Menu' is clicked on

17-07-2024T13:51:27 - [TEST_STEP][PASSED] - verifyElementClickable(findTestObject("1. CURA Object button/Home"), CONTINUE_ON_FAILURE): Object 'Object Repository/1. CURA Object button/Home' is clickable

17-07-2024T13:51:28 - [MESSAGE][PASSED] - Object 'Object Repository/1. CURA Object button/Home' is clickable

17-07-2024T13:51:28 - [TEST_STEP][PASSED] - verifyElementClickable(findTestObject("1. CURA Object button/History"), CONTINUE_ON_FAILURE): Object 'Object Repository/1. CURA Object button/History' is clickable

17-07-2024T13:51:28 - [MESSAGE][PASSED] - Object 'Object Repository/1. CURA Object button/History' is clickable

17-07-2024T13:51:28 - [TEST_STEP][PASSED] - verifyElementClickable(findTestObject("1. CURA Object button/Profile"), CONTINUE_ON_FAILURE): Object 'Object Repository/1. CURA Object button/Profile' is clickable

17-07-2024T13:51:28 - [MESSAGE][PASSED] - Object 'Object Repository/1. CURA Object button/Profile' is clickable

17-07-2024T13:51:28 - [TEST_STEP][PASSED] - verifyElementClickable(findTestObject("1. CURA Object button/Logout"), CONTINUE_ON_FAILURE): Object 'Object Repository/1. CURA Object button/Logout' is clickable

17-07-2024T13:51:29 - [MESSAGE][PASSED] - Object 'Object Repository/1. CURA Object button/Logout' is clickable

17-07-2024T13:51:29 - [TEST_STEP][PASSED] - closeBrowser(): Browser is closed

17-07-2024T13:51:29 - [MESSAGE][PASSED] - Browser is closed]]></system-out>
         <system-err><![CDATA[]]></system-err>
      </testcase>
      <testcase name="Test Cases/CURA Web Test/TC34 - Verify Text" time="12.95" classname="Test Cases/CURA Web Test/TC34 - Verify Text" status="PASSED">
         <system-out><![CDATA[17-07-2024T13:51:29 - [TEST_CASE][PASSED] - Test Cases/CURA Web Test/TC34 - Verify Text: Test Cases/CURA Web Test/TC34 - Verify Text

17-07-2024T13:51:29 - [TEST_STEP][PASSED] - callTestCase(findTestCase("CURA Web Test/Properties/TCP01 - Open browser"), [:], STOP_ON_FAILURE): Call Test Case 'Test Cases/CURA Web Test/Properties/TCP01 - Open browser' successfully

17-07-2024T13:51:29 - [TEST_CASE][PASSED] - Test Cases/CURA Web Test/Properties/TCP01 - Open browser: Test Cases/CURA Web Test/Properties/TCP01 - Open browser

17-07-2024T13:51:29 - [TEST_STEP][PASSED] - openBrowser(""): Browser is opened with url: ''

17-07-2024T13:51:29 - [MESSAGE][INFO] - Starting 'Chrome' driver

17-07-2024T13:51:29 - [MESSAGE][INFO] - Action delay is set to 0 milliseconds

17-07-2024T13:51:30 - [MESSAGE][PASSED] - Browser is opened with url: ''

17-07-2024T13:51:30 - [TEST_STEP][PASSED] - navigateToUrl(URL): Navigate to 'https://katalon-demo-cura.herokuapp.com/' successfully

17-07-2024T13:51:33 - [MESSAGE][PASSED] - Navigate to 'https://katalon-demo-cura.herokuapp.com/' successfully

17-07-2024T13:51:33 - [MESSAGE][PASSED] - Call Test Case 'Test Cases/CURA Web Test/Properties/TCP01 - Open browser' successfully

17-07-2024T13:51:33 - [TEST_STEP][PASSED] - verifyElementPresent(findTestObject("2. CURA Object Text/Healthcare Service"), 0, CONTINUE_ON_FAILURE): Object 'Object Repository/2. CURA Object Text/Healthcare Service' is present

17-07-2024T13:51:33 - [MESSAGE][WARNING] - Timeout '0' is invalid. Using default page load timeout: '30'

17-07-2024T13:51:34 - [MESSAGE][PASSED] - Object 'Object Repository/2. CURA Object Text/Healthcare Service' is present

17-07-2024T13:51:34 - [TEST_STEP][PASSED] - verifyElementPresent(findTestObject("2. CURA Object Text/About Your Health"), 0, CONTINUE_ON_FAILURE): Object 'Object Repository/2. CURA Object Text/About Your Health' is present

17-07-2024T13:51:34 - [MESSAGE][WARNING] - Timeout '0' is invalid. Using default page load timeout: '30'

17-07-2024T13:51:34 - [MESSAGE][PASSED] - Object 'Object Repository/2. CURA Object Text/About Your Health' is present

17-07-2024T13:51:34 - [TEST_STEP][PASSED] - verifyElementPresent(findTestObject("2. CURA Object Text/strong Healthcare"), 0, CONTINUE_ON_FAILURE): Object 'Object Repository/2. CURA Object Text/strong Healthcare' is present

17-07-2024T13:51:34 - [MESSAGE][WARNING] - Timeout '0' is invalid. Using default page load timeout: '30'

17-07-2024T13:51:34 - [MESSAGE][PASSED] - Object 'Object Repository/2. CURA Object Text/strong Healthcare' is present

17-07-2024T13:51:34 - [TEST_STEP][PASSED] - verifyElementPresent(findTestObject("2. CURA Object Text/Office Address"), 0, CONTINUE_ON_FAILURE): Object 'Object Repository/2. CURA Object Text/Office Address' is present

17-07-2024T13:51:34 - [MESSAGE][WARNING] - Timeout '0' is invalid. Using default page load timeout: '30'

17-07-2024T13:51:34 - [MESSAGE][PASSED] - Object 'Object Repository/2. CURA Object Text/Office Address' is present

17-07-2024T13:51:34 - [TEST_STEP][PASSED] - verifyElementPresent(findTestObject("2. CURA Object Text/Phone"), 0, CONTINUE_ON_FAILURE): Object 'Object Repository/2. CURA Object Text/Phone' is present

17-07-2024T13:51:35 - [MESSAGE][WARNING] - Timeout '0' is invalid. Using default page load timeout: '30'

17-07-2024T13:51:35 - [MESSAGE][PASSED] - Object 'Object Repository/2. CURA Object Text/Phone' is present

17-07-2024T13:51:35 - [TEST_STEP][PASSED] - verifyElementPresent(findTestObject("2. CURA Object Text/Email"), 0, CONTINUE_ON_FAILURE): Object 'Object Repository/2. CURA Object Text/Email' is present

17-07-2024T13:51:35 - [MESSAGE][WARNING] - Timeout '0' is invalid. Using default page load timeout: '30'

17-07-2024T13:51:35 - [MESSAGE][PASSED] - Object 'Object Repository/2. CURA Object Text/Email' is present

17-07-2024T13:51:35 - [TEST_STEP][PASSED] - click(findTestObject("1. CURA Object button/Make Appointment"), CONTINUE_ON_FAILURE): Object: 'Object Repository/1. CURA Object button/Make Appointment' is clicked on

17-07-2024T13:51:36 - [MESSAGE][PASSED] - Object: 'Object Repository/1. CURA Object button/Make Appointment' is clicked on

17-07-2024T13:51:36 - [TEST_STEP][PASSED] - verifyElementPresent(findTestObject("2. CURA Object Text/Login Text"), 0, CONTINUE_ON_FAILURE): Object 'Object Repository/2. CURA Object Text/Login Text' is present

17-07-2024T13:51:36 - [MESSAGE][WARNING] - Timeout '0' is invalid. Using default page load timeout: '30'

17-07-2024T13:51:36 - [MESSAGE][PASSED] - Object 'Object Repository/2. CURA Object Text/Login Text' is present

17-07-2024T13:51:36 - [TEST_STEP][PASSED] - verifyElementPresent(findTestObject("2. CURA Object Text/Make Appointment login"), 0, CONTINUE_ON_FAILURE): Object 'Object Repository/2. CURA Object Text/Make Appointment login' is present

17-07-2024T13:51:36 - [MESSAGE][WARNING] - Timeout '0' is invalid. Using default page load timeout: '30'

17-07-2024T13:51:37 - [MESSAGE][PASSED] - Object 'Object Repository/2. CURA Object Text/Make Appointment login' is present

17-07-2024T13:51:37 - [TEST_STEP][PASSED] - callTestCase(findTestCase("CURA Web Test/Properties/TCP02 - Login"), [:], CONTINUE_ON_FAILURE): Call Test Case 'Test Cases/CURA Web Test/Properties/TCP02 - Login' successfully

17-07-2024T13:51:37 - [TEST_CASE][PASSED] - Test Cases/CURA Web Test/Properties/TCP02 - Login: Test Cases/CURA Web Test/Properties/TCP02 - Login

17-07-2024T13:51:37 - [TEST_STEP][PASSED] - click(findTestObject("1. CURA Object button/Make Appointment")): Object: 'Object Repository/1. CURA Object button/Make Appointment' is clicked on

17-07-2024T13:51:37 - [MESSAGE][PASSED] - Object: 'Object Repository/1. CURA Object button/Make Appointment' is clicked on

17-07-2024T13:51:37 - [TEST_STEP][PASSED] - verifyElementText(findTestObject("2. CURA Object Text/Login Text"), "Login"): Actual text and expected text of test object 'Object Repository/2. CURA Object Text/Login Text' are matched.

17-07-2024T13:51:38 - [MESSAGE][PASSED] - Actual text and expected text of test object 'Object Repository/2. CURA Object Text/Login Text' are matched.

17-07-2024T13:51:38 - [TEST_STEP][PASSED] - setText(findTestObject("1. CURA Object button/Username"), Username): Text 'John Doe' is set on object 'Object Repository/1. CURA Object button/Username'

17-07-2024T13:51:38 - [MESSAGE][PASSED] - Text 'John Doe' is set on object 'Object Repository/1. CURA Object button/Username'

17-07-2024T13:51:38 - [TEST_STEP][PASSED] - setText(findTestObject("1. CURA Object button/Password"), Password): Text 'ThisIsNotAPassword' is set on object 'Object Repository/1. CURA Object button/Password'

17-07-2024T13:51:39 - [MESSAGE][PASSED] - Text 'ThisIsNotAPassword' is set on object 'Object Repository/1. CURA Object button/Password'

17-07-2024T13:51:39 - [TEST_STEP][PASSED] - click(findTestObject("1. CURA Object button/Login Button")): Object: 'Object Repository/1. CURA Object button/Login Button' is clicked on

17-07-2024T13:51:40 - [MESSAGE][PASSED] - Object: 'Object Repository/1. CURA Object button/Login Button' is clicked on

17-07-2024T13:51:40 - [MESSAGE][PASSED] - Call Test Case 'Test Cases/CURA Web Test/Properties/TCP02 - Login' successfully

17-07-2024T13:51:40 - [TEST_STEP][PASSED] - verifyElementPresent(findTestObject("2. CURA Object Text/Make Appointment"), 0, CONTINUE_ON_FAILURE): Object 'Object Repository/2. CURA Object Text/Make Appointment' is present

17-07-2024T13:51:40 - [MESSAGE][WARNING] - Timeout '0' is invalid. Using default page load timeout: '30'

17-07-2024T13:51:40 - [MESSAGE][PASSED] - Object 'Object Repository/2. CURA Object Text/Make Appointment' is present

17-07-2024T13:51:40 - [TEST_STEP][PASSED] - verifyElementPresent(findTestObject("2. CURA Object Text/Healthcare Program (1)"), 0, CONTINUE_ON_FAILURE): Object 'Object Repository/2. CURA Object Text/Healthcare Program (1)' is present

17-07-2024T13:51:40 - [MESSAGE][WARNING] - Timeout '0' is invalid. Using default page load timeout: '30'

17-07-2024T13:51:41 - [MESSAGE][PASSED] - Object 'Object Repository/2. CURA Object Text/Healthcare Program (1)' is present

17-07-2024T13:51:41 - [TEST_STEP][PASSED] - verifyElementPresent(findTestObject("2. CURA Object Text/label_Facility"), 0, CONTINUE_ON_FAILURE): Object 'Object Repository/2. CURA Object Text/label_Facility' is present

17-07-2024T13:51:41 - [MESSAGE][WARNING] - Timeout '0' is invalid. Using default page load timeout: '30'

17-07-2024T13:51:41 - [MESSAGE][PASSED] - Object 'Object Repository/2. CURA Object Text/label_Facility' is present

17-07-2024T13:51:41 - [TEST_STEP][PASSED] - verifyElementPresent(findTestObject("2. CURA Object Text/label_Visit Date"), 0, CONTINUE_ON_FAILURE): Object 'Object Repository/2. CURA Object Text/label_Visit Date' is present

17-07-2024T13:51:41 - [MESSAGE][WARNING] - Timeout '0' is invalid. Using default page load timeout: '30'

17-07-2024T13:51:41 - [MESSAGE][PASSED] - Object 'Object Repository/2. CURA Object Text/label_Visit Date' is present

17-07-2024T13:51:41 - [TEST_STEP][PASSED] - verifyElementPresent(findTestObject("2. CURA Object Text/label_Comment"), 0, CONTINUE_ON_FAILURE): Object 'Object Repository/2. CURA Object Text/label_Comment' is present

17-07-2024T13:51:41 - [MESSAGE][WARNING] - Timeout '0' is invalid. Using default page load timeout: '30'

17-07-2024T13:51:42 - [MESSAGE][PASSED] - Object 'Object Repository/2. CURA Object Text/label_Comment' is present

17-07-2024T13:51:42 - [TEST_STEP][PASSED] - closeBrowser(): Browser is closed

17-07-2024T13:51:42 - [MESSAGE][PASSED] - Browser is closed]]></system-out>
         <system-err><![CDATA[]]></system-err>
      </testcase>
      <system-out><![CDATA[17-07-2024T13:51:08 - [TEST_SUITE][PASSED] - TS17 - CURA test: Test Cases/CURA Web Test/TC34 - Verify Text]]></system-out>
      <system-err><![CDATA[]]></system-err>
   </testsuite>
</testsuites>
