<?xml version="1.0" encoding="UTF-8"?>
<testsuites name="TSC04 - Regression Test" time="700.613" tests="63" failures="1" errors="0">
   <testsuite name="TS01 - Verify CURA page" tests="2" failures="0" errors="0" time="23.44" skipped="0" timestamp="12-07-2024T13:02:27" hostname="Lenovo - LAPTOP-7QB5JFLU" id="Test Suites/CURA Test suites/TS01 - Verify CURA page">
      <properties>
         <property name="deviceName" value=""/>
         <property name="devicePlatform"/>
         <property name="logFolder" value="C:\\Users\\Lenovo\\git\\KatalonPractitionerLevel\\Reports\\20240712_130150\\CURA Test suites\\TS01 - Verify CURA page\\20240712_130151"/>
         <property name="logFiles" value="C:\\Users\\Lenovo\\git\\KatalonPractitionerLevel\\Reports\\20240712_130150\\CURA Test suites\\TS01 - Verify CURA page\\20240712_130151\\execution0.log"/>
         <property name="attachments" value="keyes\keyes-CURA Homepage.png"/>
         <property name="hostName" value="Lenovo - LAPTOP-7QB5JFLU"/>
         <property name="os" value="Windows 11 64bit"/>
         <property name="katalonVersion" value="9.6.0.217"/>
         <property name="browser" value="Chrome 126.0.0.0"/>
         <property name="hostAddress" value="192.168.1.12"/>
         <property name="sessionId" value="f92b077e78f4e3cc80b4e2178858d472"/>
         <property name="seleniumVersion" value="3.141.59"/>
         <property name="proxyInformation" value="ProxyInformation { proxyOption=NO_PROXY, proxyServerType=HTTP, username=, password=********, proxyServerAddress=, proxyServerPort=0, executionList=&quot;&quot;, isApplyToDesiredCapabilities=true }"/>
         <property name="platform" value="Windows 11"/>
      </properties>
      <testcase name="Test Cases/CURA Web Test/TC01 - Verify homepage of CURA" time="9.022" classname="Test Cases/CURA Web Test/TC01 - Verify homepage of CURA" status="PASSED">
         <system-out><![CDATA[12-07-2024T13:02:27 - [TEST_CASE][PASSED] - Test Cases/CURA Web Test/TC01 - Verify homepage of CURA: Test Cases/CURA Web Test/TC01 - Verify homepage of CURA

12-07-2024T13:02:28 - [TEST_STEP][PASSED] - openBrowser(""): Browser is opened with url: ''

12-07-2024T13:02:28 - [MESSAGE][INFO] - Starting 'Chrome' driver

12-07-2024T13:02:28 - [MESSAGE][INFO] - Action delay is set to 0 milliseconds

12-07-2024T13:02:29 - [MESSAGE][PASSED] - Browser is opened with url: ''

12-07-2024T13:02:29 - [TEST_STEP][PASSED] - navigateToUrl("https://katalon-demo-cura.herokuapp.com/"): Navigate to 'https://katalon-demo-cura.herokuapp.com/' successfully

12-07-2024T13:02:33 - [MESSAGE][PASSED] - Navigate to 'https://katalon-demo-cura.herokuapp.com/' successfully

12-07-2024T13:02:33 - [TEST_STEP][PASSED] - takeScreenshotAsCheckpoint("CURA Homepage"): Taking screenshot successfully

12-07-2024T13:02:33 - [MESSAGE][INFO] - 0 hidden object(s)

12-07-2024T13:02:33 - [MESSAGE][PASSED] - Taking screenshot successfully
[[ATTACHMENT|keyes\keyes-CURA Homepage.png]]

12-07-2024T13:02:33 - [TEST_STEP][PASSED] - verifyElementText(findTestObject("Object Repository/9. Homepage of CURA/Page_CURA Healthcare Service/h1_CURA Healthcare Service"), "CURA Healthcare Service"): Actual text and expected text of test object 'Object Repository/9. Homepage of CURA/Page_CURA Healthcare Service/h1_CURA Healthcare Service' are matched.

12-07-2024T13:02:34 - [MESSAGE][PASSED] - Actual text and expected text of test object 'Object Repository/9. Homepage of CURA/Page_CURA Healthcare Service/h1_CURA Healthcare Service' are matched.

12-07-2024T13:02:34 - [TEST_STEP][PASSED] - verifyElementText(findTestObject("Object Repository/9. Homepage of CURA/Page_CURA Healthcare Service/h3_We Care About Your Health"), "We Care About Your Health"): Actual text and expected text of test object 'Object Repository/9. Homepage of CURA/Page_CURA Healthcare Service/h3_We Care About Your Health' are matched.

12-07-2024T13:02:34 - [MESSAGE][PASSED] - Actual text and expected text of test object 'Object Repository/9. Homepage of CURA/Page_CURA Healthcare Service/h3_We Care About Your Health' are matched.

12-07-2024T13:02:34 - [TEST_STEP][PASSED] - verifyElementText(findTestObject("Object Repository/9. Homepage of CURA/Page_CURA Healthcare Service/strong_CURA Healthcare Service"), "CURA Healthcare Service"): Actual text and expected text of test object 'Object Repository/9. Homepage of CURA/Page_CURA Healthcare Service/strong_CURA Healthcare Service' are matched.

12-07-2024T13:02:34 - [MESSAGE][PASSED] - Actual text and expected text of test object 'Object Repository/9. Homepage of CURA/Page_CURA Healthcare Service/strong_CURA Healthcare Service' are matched.

12-07-2024T13:02:34 - [TEST_STEP][PASSED] - ExpectedValue = "Atlanta 550 Pharr Road NE Suite 525
Atlanta, GA 30305": null

12-07-2024T13:02:34 - [TEST_STEP][PASSED] - verifyElementText(findTestObject("Object Repository/9. Homepage of CURA/Page_CURA Healthcare Service/p_Atlanta 550 Pharr Road NE Suite 525Atlant_8f4c85"), ExpectedValue): Actual text and expected text of test object 'Object Repository/9. Homepage of CURA/Page_CURA Healthcare Service/p_Atlanta 550 Pharr Road NE Suite 525Atlant_8f4c85' are matched.

12-07-2024T13:02:35 - [MESSAGE][PASSED] - Actual text and expected text of test object 'Object Repository/9. Homepage of CURA/Page_CURA Healthcare Service/p_Atlanta 550 Pharr Road NE Suite 525Atlant_8f4c85' are matched.

12-07-2024T13:02:35 - [TEST_STEP][PASSED] - verifyElementText(findTestObject("Object Repository/9. Homepage of CURA/Page_CURA Healthcare Service/li_(678) 813-1KMS"), "(678) 813-1KMS"): Actual text and expected text of test object 'Object Repository/9. Homepage of CURA/Page_CURA Healthcare Service/li_(678) 813-1KMS' are matched.

12-07-2024T13:02:35 - [MESSAGE][PASSED] - Actual text and expected text of test object 'Object Repository/9. Homepage of CURA/Page_CURA Healthcare Service/li_(678) 813-1KMS' are matched.

12-07-2024T13:02:35 - [TEST_STEP][PASSED] - verifyElementText(findTestObject("Object Repository/9. Homepage of CURA/Page_CURA Healthcare Service/li_infokatalon.com"), "info@katalon.com"): Actual text and expected text of test object 'Object Repository/9. Homepage of CURA/Page_CURA Healthcare Service/li_infokatalon.com' are matched.

12-07-2024T13:02:35 - [MESSAGE][PASSED] - Actual text and expected text of test object 'Object Repository/9. Homepage of CURA/Page_CURA Healthcare Service/li_infokatalon.com' are matched.

12-07-2024T13:02:35 - [TEST_STEP][PASSED] - verifyElementClickable(findTestObject("Object Repository/9. Homepage of CURA/Page_CURA Healthcare Service/i_infokatalon.com_fa fa-facebook fa-fw fa-3x")): Object 'Object Repository/9. Homepage of CURA/Page_CURA Healthcare Service/i_infokatalon.com_fa fa-facebook fa-fw fa-3x' is clickable

12-07-2024T13:02:35 - [MESSAGE][PASSED] - Object 'Object Repository/9. Homepage of CURA/Page_CURA Healthcare Service/i_infokatalon.com_fa fa-facebook fa-fw fa-3x' is clickable

12-07-2024T13:02:35 - [TEST_STEP][PASSED] - verifyElementClickable(findTestObject("Object Repository/9. Homepage of CURA/Page_CURA Healthcare Service/i_infokatalon.com_fa fa-twitter fa-fw fa-3x")): Object 'Object Repository/9. Homepage of CURA/Page_CURA Healthcare Service/i_infokatalon.com_fa fa-twitter fa-fw fa-3x' is clickable

12-07-2024T13:02:36 - [MESSAGE][PASSED] - Object 'Object Repository/9. Homepage of CURA/Page_CURA Healthcare Service/i_infokatalon.com_fa fa-twitter fa-fw fa-3x' is clickable

12-07-2024T13:02:36 - [TEST_STEP][PASSED] - verifyElementClickable(findTestObject("Object Repository/9. Homepage of CURA/Page_CURA Healthcare Service/i_infokatalon.com_fa fa-dribbble fa-fw fa-3x")): Object 'Object Repository/9. Homepage of CURA/Page_CURA Healthcare Service/i_infokatalon.com_fa fa-dribbble fa-fw fa-3x' is clickable

12-07-2024T13:02:36 - [MESSAGE][PASSED] - Object 'Object Repository/9. Homepage of CURA/Page_CURA Healthcare Service/i_infokatalon.com_fa fa-dribbble fa-fw fa-3x' is clickable

12-07-2024T13:02:36 - [TEST_STEP][PASSED] - verifyElementText(findTestObject("Object Repository/9. Homepage of CURA/Page_CURA Healthcare Service/p_Copyright  CURA Healthcare Service 2024"), "Copyright Â© CURA Healthcare Service 2024"): Actual text and expected text of test object 'Object Repository/9. Homepage of CURA/Page_CURA Healthcare Service/p_Copyright  CURA Healthcare Service 2024' are matched.

12-07-2024T13:02:36 - [MESSAGE][PASSED] - Actual text and expected text of test object 'Object Repository/9. Homepage of CURA/Page_CURA Healthcare Service/p_Copyright  CURA Healthcare Service 2024' are matched.

12-07-2024T13:02:36 - [TEST_STEP][PASSED] - verifyElementClickable(findTestObject("Object Repository/9. Homepage of CURA/Page_CURA Healthcare Service/a_Make Appointment")): Object 'Object Repository/9. Homepage of CURA/Page_CURA Healthcare Service/a_Make Appointment' is clickable

12-07-2024T13:02:36 - [MESSAGE][PASSED] - Object 'Object Repository/9. Homepage of CURA/Page_CURA Healthcare Service/a_Make Appointment' is clickable]]></system-out>
         <system-err><![CDATA[]]></system-err>
      </testcase>
      <testcase name="Test Cases/CURA Web Test/TC09 - CURA menu check" time="14.252" classname="Test Cases/CURA Web Test/TC09 - CURA menu check" status="PASSED">
         <system-out><![CDATA[12-07-2024T13:02:36 - [TEST_CASE][PASSED] - Test Cases/CURA Web Test/TC09 - CURA menu check: Test Cases/CURA Web Test/TC09 - CURA menu check

12-07-2024T13:02:37 - [TEST_STEP][PASSED] - openBrowser(""): Browser is opened with url: ''

12-07-2024T13:02:37 - [MESSAGE][WARNING] - A browser is already opened. Closing browser and opening a new one

12-07-2024T13:02:37 - [MESSAGE][INFO] - Starting 'Chrome' driver

12-07-2024T13:02:37 - [MESSAGE][INFO] - Action delay is set to 0 milliseconds

12-07-2024T13:02:37 - [MESSAGE][PASSED] - Browser is opened with url: ''

12-07-2024T13:02:37 - [TEST_STEP][PASSED] - navigateToUrl("https://katalon-demo-cura.herokuapp.com/"): Navigate to 'https://katalon-demo-cura.herokuapp.com/' successfully

12-07-2024T13:02:41 - [MESSAGE][PASSED] - Navigate to 'https://katalon-demo-cura.herokuapp.com/' successfully

12-07-2024T13:02:41 - [TEST_STEP][PASSED] - verifyElementClickable(findTestObject("6. CURA menu/Page_CURA Healthcare Service/a_CURA Healthcare_menu-toggle")): Object 'Object Repository/6. CURA menu/Page_CURA Healthcare Service/a_CURA Healthcare_menu-toggle' is clickable

12-07-2024T13:02:41 - [MESSAGE][PASSED] - Object 'Object Repository/6. CURA menu/Page_CURA Healthcare Service/a_CURA Healthcare_menu-toggle' is clickable

12-07-2024T13:02:41 - [TEST_STEP][PASSED] - click(findTestObject("Object Repository/6. CURA menu/Page_CURA Healthcare Service/a_CURA Healthcare_menu-toggle")): Object: 'Object Repository/6. CURA menu/Page_CURA Healthcare Service/a_CURA Healthcare_menu-toggle' is clicked on

12-07-2024T13:02:41 - [MESSAGE][PASSED] - Object: 'Object Repository/6. CURA menu/Page_CURA Healthcare Service/a_CURA Healthcare_menu-toggle' is clicked on

12-07-2024T13:02:41 - [TEST_STEP][PASSED] - click(findTestObject("Object Repository/6. CURA menu/Page_CURA Healthcare Service/a_Home")): Object: 'Object Repository/6. CURA menu/Page_CURA Healthcare Service/a_Home' is clicked on

12-07-2024T13:02:42 - [MESSAGE][PASSED] - Object: 'Object Repository/6. CURA menu/Page_CURA Healthcare Service/a_Home' is clicked on

12-07-2024T13:02:42 - [TEST_STEP][PASSED] - verifyElementText(findTestObject("Object Repository/6. CURA menu/Page_CURA Healthcare Service/h1_CURA Healthcare Service"), "CURA Healthcare Service"): Actual text and expected text of test object 'Object Repository/6. CURA menu/Page_CURA Healthcare Service/h1_CURA Healthcare Service' are matched.

12-07-2024T13:02:42 - [MESSAGE][PASSED] - Actual text and expected text of test object 'Object Repository/6. CURA menu/Page_CURA Healthcare Service/h1_CURA Healthcare Service' are matched.

12-07-2024T13:02:42 - [TEST_STEP][PASSED] - verifyElementClickable(findTestObject("6. CURA menu/Page_CURA Healthcare Service/i_CURA Healthcare_fa fa-bars")): Object 'Object Repository/6. CURA menu/Page_CURA Healthcare Service/i_CURA Healthcare_fa fa-bars' is clickable

12-07-2024T13:02:42 - [MESSAGE][PASSED] - Object 'Object Repository/6. CURA menu/Page_CURA Healthcare Service/i_CURA Healthcare_fa fa-bars' is clickable

12-07-2024T13:02:42 - [TEST_STEP][PASSED] - click(findTestObject("Object Repository/6. CURA menu/Page_CURA Healthcare Service/i_CURA Healthcare_fa fa-bars")): Object: 'Object Repository/6. CURA menu/Page_CURA Healthcare Service/i_CURA Healthcare_fa fa-bars' is clicked on

12-07-2024T13:02:43 - [MESSAGE][PASSED] - Object: 'Object Repository/6. CURA menu/Page_CURA Healthcare Service/i_CURA Healthcare_fa fa-bars' is clicked on

12-07-2024T13:02:43 - [TEST_STEP][PASSED] - click(findTestObject("Object Repository/6. CURA menu/Page_CURA Healthcare Service/a_Login")): Object: 'Object Repository/6. CURA menu/Page_CURA Healthcare Service/a_Login' is clicked on

12-07-2024T13:02:43 - [MESSAGE][PASSED] - Object: 'Object Repository/6. CURA menu/Page_CURA Healthcare Service/a_Login' is clicked on

12-07-2024T13:02:43 - [TEST_STEP][PASSED] - verifyElementText(findTestObject("Object Repository/6. CURA menu/Page_CURA Healthcare Service/h2_Login"), "Login"): Actual text and expected text of test object 'Object Repository/6. CURA menu/Page_CURA Healthcare Service/h2_Login' are matched.

12-07-2024T13:02:44 - [MESSAGE][PASSED] - Actual text and expected text of test object 'Object Repository/6. CURA menu/Page_CURA Healthcare Service/h2_Login' are matched.

12-07-2024T13:02:44 - [TEST_STEP][PASSED] - setText(findTestObject("Object Repository/6. CURA menu/Page_CURA Healthcare Service/input_Username_username"), "John Doe"): Text 'John Doe' is set on object 'Object Repository/6. CURA menu/Page_CURA Healthcare Service/input_Username_username'

12-07-2024T13:02:44 - [MESSAGE][PASSED] - Text 'John Doe' is set on object 'Object Repository/6. CURA menu/Page_CURA Healthcare Service/input_Username_username'

12-07-2024T13:02:44 - [TEST_STEP][PASSED] - setEncryptedText(findTestObject("Object Repository/6. CURA menu/Page_CURA Healthcare Service/input_Password_password"), "g3/DOGG74jC3Flrr3yH+3D/yKbOqqUNM"): Text ****** has been set on object 'Object Repository/6. CURA menu/Page_CURA Healthcare Service/input_Password_password'

12-07-2024T13:02:45 - [MESSAGE][PASSED] - Text ****** has been set on object 'Object Repository/6. CURA menu/Page_CURA Healthcare Service/input_Password_password'

12-07-2024T13:02:45 - [TEST_STEP][PASSED] - click(findTestObject("Object Repository/6. CURA menu/Page_CURA Healthcare Service/button_Login")): Object: 'Object Repository/6. CURA menu/Page_CURA Healthcare Service/button_Login' is clicked on

12-07-2024T13:02:45 - [MESSAGE][PASSED] - Object: 'Object Repository/6. CURA menu/Page_CURA Healthcare Service/button_Login' is clicked on

12-07-2024T13:02:45 - [TEST_STEP][PASSED] - click(findTestObject("Object Repository/6. CURA menu/Page_CURA Healthcare Service/a_CURA Healthcare_menu-toggle")): Object: 'Object Repository/6. CURA menu/Page_CURA Healthcare Service/a_CURA Healthcare_menu-toggle' is clicked on

12-07-2024T13:02:46 - [MESSAGE][PASSED] - Object: 'Object Repository/6. CURA menu/Page_CURA Healthcare Service/a_CURA Healthcare_menu-toggle' is clicked on

12-07-2024T13:02:46 - [TEST_STEP][PASSED] - click(findTestObject("Object Repository/6. CURA menu/Page_CURA Healthcare Service/a_Home")): Object: 'Object Repository/6. CURA menu/Page_CURA Healthcare Service/a_Home' is clicked on

12-07-2024T13:02:46 - [MESSAGE][PASSED] - Object: 'Object Repository/6. CURA menu/Page_CURA Healthcare Service/a_Home' is clicked on

12-07-2024T13:02:46 - [TEST_STEP][PASSED] - verifyElementText(findTestObject("Object Repository/6. CURA menu/Page_CURA Healthcare Service/h1_CURA Healthcare Service"), "CURA Healthcare Service"): Actual text and expected text of test object 'Object Repository/6. CURA menu/Page_CURA Healthcare Service/h1_CURA Healthcare Service' are matched.

12-07-2024T13:02:46 - [MESSAGE][PASSED] - Actual text and expected text of test object 'Object Repository/6. CURA menu/Page_CURA Healthcare Service/h1_CURA Healthcare Service' are matched.

12-07-2024T13:02:46 - [TEST_STEP][PASSED] - click(findTestObject("Object Repository/6. CURA menu/Page_CURA Healthcare Service/a_CURA Healthcare_menu-toggle")): Object: 'Object Repository/6. CURA menu/Page_CURA Healthcare Service/a_CURA Healthcare_menu-toggle' is clicked on

12-07-2024T13:02:47 - [MESSAGE][PASSED] - Object: 'Object Repository/6. CURA menu/Page_CURA Healthcare Service/a_CURA Healthcare_menu-toggle' is clicked on

12-07-2024T13:02:47 - [TEST_STEP][PASSED] - click(findTestObject("Object Repository/6. CURA menu/Page_CURA Healthcare Service/a_History")): Object: 'Object Repository/6. CURA menu/Page_CURA Healthcare Service/a_History' is clicked on

12-07-2024T13:02:47 - [MESSAGE][PASSED] - Object: 'Object Repository/6. CURA menu/Page_CURA Healthcare Service/a_History' is clicked on

12-07-2024T13:02:47 - [TEST_STEP][PASSED] - verifyElementText(findTestObject("Object Repository/6. CURA menu/Page_CURA Healthcare Service/h2_History"), "History"): Actual text and expected text of test object 'Object Repository/6. CURA menu/Page_CURA Healthcare Service/h2_History' are matched.

12-07-2024T13:02:48 - [MESSAGE][PASSED] - Actual text and expected text of test object 'Object Repository/6. CURA menu/Page_CURA Healthcare Service/h2_History' are matched.

12-07-2024T13:02:48 - [TEST_STEP][PASSED] - click(findTestObject("Object Repository/6. CURA menu/Page_CURA Healthcare Service/a_CURA Healthcare_menu-toggle")): Object: 'Object Repository/6. CURA menu/Page_CURA Healthcare Service/a_CURA Healthcare_menu-toggle' is clicked on

12-07-2024T13:02:48 - [MESSAGE][PASSED] - Object: 'Object Repository/6. CURA menu/Page_CURA Healthcare Service/a_CURA Healthcare_menu-toggle' is clicked on

12-07-2024T13:02:48 - [TEST_STEP][PASSED] - click(findTestObject("Object Repository/6. CURA menu/Page_CURA Healthcare Service/a_Profile")): Object: 'Object Repository/6. CURA menu/Page_CURA Healthcare Service/a_Profile' is clicked on

12-07-2024T13:02:49 - [MESSAGE][PASSED] - Object: 'Object Repository/6. CURA menu/Page_CURA Healthcare Service/a_Profile' is clicked on

12-07-2024T13:02:49 - [TEST_STEP][PASSED] - verifyElementText(findTestObject("Object Repository/6. CURA menu/Page_CURA Healthcare Service/h2_Profile"), "Profile"): Actual text and expected text of test object 'Object Repository/6. CURA menu/Page_CURA Healthcare Service/h2_Profile' are matched.

12-07-2024T13:02:49 - [MESSAGE][PASSED] - Actual text and expected text of test object 'Object Repository/6. CURA menu/Page_CURA Healthcare Service/h2_Profile' are matched.

12-07-2024T13:02:49 - [TEST_STEP][PASSED] - click(findTestObject("Object Repository/6. CURA menu/Page_CURA Healthcare Service/i_CURA Healthcare_fa fa-bars")): Object: 'Object Repository/6. CURA menu/Page_CURA Healthcare Service/i_CURA Healthcare_fa fa-bars' is clicked on

12-07-2024T13:02:49 - [MESSAGE][PASSED] - Object: 'Object Repository/6. CURA menu/Page_CURA Healthcare Service/i_CURA Healthcare_fa fa-bars' is clicked on

12-07-2024T13:02:49 - [TEST_STEP][PASSED] - click(findTestObject("Object Repository/6. CURA menu/Page_CURA Healthcare Service/a_Logout")): Object: 'Object Repository/6. CURA menu/Page_CURA Healthcare Service/a_Logout' is clicked on

12-07-2024T13:02:50 - [MESSAGE][PASSED] - Object: 'Object Repository/6. CURA menu/Page_CURA Healthcare Service/a_Logout' is clicked on

12-07-2024T13:02:50 - [TEST_STEP][PASSED] - verifyElementText(findTestObject("Object Repository/6. CURA menu/Page_CURA Healthcare Service/h1_CURA Healthcare Service"), "CURA Healthcare Service"): Actual text and expected text of test object 'Object Repository/6. CURA menu/Page_CURA Healthcare Service/h1_CURA Healthcare Service' are matched.

12-07-2024T13:02:51 - [MESSAGE][PASSED] - Actual text and expected text of test object 'Object Repository/6. CURA menu/Page_CURA Healthcare Service/h1_CURA Healthcare Service' are matched.

12-07-2024T13:02:51 - [TEST_STEP][PASSED] - closeBrowser(): Browser is closed

12-07-2024T13:02:51 - [MESSAGE][PASSED] - Browser is closed]]></system-out>
         <system-err><![CDATA[]]></system-err>
      </testcase>
      <system-out><![CDATA[12-07-2024T13:02:27 - [TEST_SUITE][PASSED] - TS01 - Verify CURA page: Test Cases/CURA Web Test/TC09 - CURA menu check]]></system-out>
      <system-err><![CDATA[]]></system-err>
   </testsuite>
   <testsuite name="TS02 - Login variation" tests="5" failures="0" errors="0" time="38.7" skipped="0" timestamp="12-07-2024T13:03:01" hostname="Lenovo - LAPTOP-7QB5JFLU" id="Test Suites/CURA Test suites/TS02 - Login variation">
      <properties>
         <property name="deviceName" value=""/>
         <property name="devicePlatform"/>
         <property name="logFolder" value="C:\\Users\\Lenovo\\git\\KatalonPractitionerLevel\\Reports\\20240712_130150\\CURA Test suites\\TS02 - Login variation\\20240712_130153"/>
         <property name="logFiles" value="C:\\Users\\Lenovo\\git\\KatalonPractitionerLevel\\Reports\\20240712_130150\\CURA Test suites\\TS02 - Login variation\\20240712_130153\\execution0.log"/>
         <property name="attachments" value="keyes\keyes-Login page.png, keyes\keyes-Login page.png, C:\\Users\\Lenovo\\git\\KatalonPractitionerLevel\\Reports\\20240712_130150\\CURA Test suites\\TS02 - Login variation\\20240712_130153\\1720764212228.png, keyes\keyes-Login page.png, keyes\keyes-Make appointment page.png"/>
         <property name="hostName" value="Lenovo - LAPTOP-7QB5JFLU"/>
         <property name="os" value="Windows 11 64bit"/>
         <property name="katalonVersion" value="9.6.0.217"/>
         <property name="browser" value="Chrome 126.0.0.0"/>
         <property name="hostAddress" value="192.168.1.12"/>
         <property name="sessionId" value="a10095d1fc72240e9c24cb1467fdecef"/>
         <property name="seleniumVersion" value="3.141.59"/>
         <property name="proxyInformation" value="ProxyInformation { proxyOption=NO_PROXY, proxyServerType=HTTP, username=, password=********, proxyServerAddress=, proxyServerPort=0, executionList=&quot;&quot;, isApplyToDesiredCapabilities=true }"/>
         <property name="platform" value="Windows 11"/>
      </properties>
      <testcase name="Test Cases/CURA Web Test/TC05 - Login in another way" time="10.44" classname="Test Cases/CURA Web Test/TC05 - Login in another way" status="PASSED">
         <system-out><![CDATA[12-07-2024T13:03:01 - [TEST_CASE][PASSED] - Test Cases/CURA Web Test/TC05 - Login in another way: Test Cases/CURA Web Test/TC05 - Login in another way

12-07-2024T13:03:01 - [TEST_STEP][PASSED] - callTestCase(findTestCase("CURA Web Test/Properties/TCP01 - Open browser"), [:], STOP_ON_FAILURE): Call Test Case 'Test Cases/CURA Web Test/Properties/TCP01 - Open browser' successfully

12-07-2024T13:03:01 - [TEST_CASE][PASSED] - Test Cases/CURA Web Test/Properties/TCP01 - Open browser: Test Cases/CURA Web Test/Properties/TCP01 - Open browser

12-07-2024T13:03:01 - [TEST_STEP][PASSED] - openBrowser(""): Browser is opened with url: ''

12-07-2024T13:03:01 - [MESSAGE][INFO] - Starting 'Chrome' driver

12-07-2024T13:03:01 - [MESSAGE][INFO] - Action delay is set to 0 milliseconds

12-07-2024T13:03:02 - [MESSAGE][PASSED] - Browser is opened with url: ''

12-07-2024T13:03:02 - [TEST_STEP][PASSED] - navigateToUrl(URL): Navigate to 'https://katalon-demo-cura.herokuapp.com/' successfully

12-07-2024T13:03:05 - [MESSAGE][PASSED] - Navigate to 'https://katalon-demo-cura.herokuapp.com/' successfully

12-07-2024T13:03:05 - [MESSAGE][PASSED] - Call Test Case 'Test Cases/CURA Web Test/Properties/TCP01 - Open browser' successfully

12-07-2024T13:03:05 - [TEST_STEP][PASSED] - verifyElementText(findTestObject("Object Repository/11. Login menu check/Page_CURA Healthcare Service/h1_CURA Healthcare Service"), "CURA Healthcare Service"): Actual text and expected text of test object 'Object Repository/11. Login menu check/Page_CURA Healthcare Service/h1_CURA Healthcare Service' are matched.

12-07-2024T13:03:06 - [MESSAGE][PASSED] - Actual text and expected text of test object 'Object Repository/11. Login menu check/Page_CURA Healthcare Service/h1_CURA Healthcare Service' are matched.

12-07-2024T13:03:06 - [TEST_STEP][PASSED] - click(findTestObject("Object Repository/11. Login menu check/Page_CURA Healthcare Service/a_Make Appointment")): Object: 'Object Repository/11. Login menu check/Page_CURA Healthcare Service/a_Make Appointment' is clicked on

12-07-2024T13:03:06 - [MESSAGE][PASSED] - Object: 'Object Repository/11. Login menu check/Page_CURA Healthcare Service/a_Make Appointment' is clicked on

12-07-2024T13:03:06 - [TEST_STEP][PASSED] - takeScreenshotAsCheckpoint("Login page"): Taking screenshot successfully

12-07-2024T13:03:07 - [MESSAGE][INFO] - 0 hidden object(s)

12-07-2024T13:03:07 - [MESSAGE][PASSED] - Taking screenshot successfully
[[ATTACHMENT|keyes\keyes-Login page.png]]

12-07-2024T13:03:07 - [TEST_STEP][PASSED] - verifyElementText(findTestObject("Object Repository/11. Login menu check/Page_CURA Healthcare Service/h2_Login"), "Login"): Actual text and expected text of test object 'Object Repository/11. Login menu check/Page_CURA Healthcare Service/h2_Login' are matched.

12-07-2024T13:03:07 - [MESSAGE][PASSED] - Actual text and expected text of test object 'Object Repository/11. Login menu check/Page_CURA Healthcare Service/h2_Login' are matched.

12-07-2024T13:03:07 - [TEST_STEP][PASSED] - click(findTestObject("Object Repository/11. Login menu check/Page_CURA Healthcare Service/a_CURA Healthcare_menu-toggle")): Object: 'Object Repository/11. Login menu check/Page_CURA Healthcare Service/a_CURA Healthcare_menu-toggle' is clicked on

12-07-2024T13:03:08 - [MESSAGE][PASSED] - Object: 'Object Repository/11. Login menu check/Page_CURA Healthcare Service/a_CURA Healthcare_menu-toggle' is clicked on

12-07-2024T13:03:08 - [TEST_STEP][PASSED] - click(findTestObject("Object Repository/11. Login menu check/Page_CURA Healthcare Service/a_Login")): Object: 'Object Repository/11. Login menu check/Page_CURA Healthcare Service/a_Login' is clicked on

12-07-2024T13:03:08 - [MESSAGE][PASSED] - Object: 'Object Repository/11. Login menu check/Page_CURA Healthcare Service/a_Login' is clicked on

12-07-2024T13:03:08 - [TEST_STEP][PASSED] - takeScreenshotAsCheckpoint("Login page"): Taking screenshot successfully

12-07-2024T13:03:08 - [MESSAGE][INFO] - 0 hidden object(s)

12-07-2024T13:03:08 - [MESSAGE][PASSED] - Taking screenshot successfully
[[ATTACHMENT|keyes\keyes-Login page.png]]

12-07-2024T13:03:08 - [TEST_STEP][PASSED] - verifyElementText(findTestObject("Object Repository/11. Login menu check/Page_CURA Healthcare Service/h2_Login"), "Login"): Actual text and expected text of test object 'Object Repository/11. Login menu check/Page_CURA Healthcare Service/h2_Login' are matched.

12-07-2024T13:03:09 - [MESSAGE][PASSED] - Actual text and expected text of test object 'Object Repository/11. Login menu check/Page_CURA Healthcare Service/h2_Login' are matched.

12-07-2024T13:03:09 - [TEST_STEP][PASSED] - click(findTestObject("Object Repository/11. Login menu check/Page_CURA Healthcare Service/i_CURA Healthcare_fa fa-bars")): Object: 'Object Repository/11. Login menu check/Page_CURA Healthcare Service/i_CURA Healthcare_fa fa-bars' is clicked on

12-07-2024T13:03:09 - [MESSAGE][PASSED] - Object: 'Object Repository/11. Login menu check/Page_CURA Healthcare Service/i_CURA Healthcare_fa fa-bars' is clicked on

12-07-2024T13:03:09 - [TEST_STEP][PASSED] - click(findTestObject("Object Repository/11. Login menu check/Page_CURA Healthcare Service/a_Home")): Object: 'Object Repository/11. Login menu check/Page_CURA Healthcare Service/a_Home' is clicked on

12-07-2024T13:03:10 - [MESSAGE][PASSED] - Object: 'Object Repository/11. Login menu check/Page_CURA Healthcare Service/a_Home' is clicked on

12-07-2024T13:03:10 - [TEST_STEP][PASSED] - verifyElementText(findTestObject("Object Repository/11. Login menu check/Page_CURA Healthcare Service/h1_CURA Healthcare Service"), "CURA Healthcare Service"): Actual text and expected text of test object 'Object Repository/11. Login menu check/Page_CURA Healthcare Service/h1_CURA Healthcare Service' are matched.

12-07-2024T13:03:10 - [MESSAGE][PASSED] - Actual text and expected text of test object 'Object Repository/11. Login menu check/Page_CURA Healthcare Service/h1_CURA Healthcare Service' are matched.

12-07-2024T13:03:10 - [TEST_STEP][PASSED] - click(findTestObject("Object Repository/11. Login menu check/Page_CURA Healthcare Service/i_CURA Healthcare_fa fa-bars")): Object: 'Object Repository/11. Login menu check/Page_CURA Healthcare Service/i_CURA Healthcare_fa fa-bars' is clicked on

12-07-2024T13:03:10 - [MESSAGE][PASSED] - Object: 'Object Repository/11. Login menu check/Page_CURA Healthcare Service/i_CURA Healthcare_fa fa-bars' is clicked on

12-07-2024T13:03:10 - [TEST_STEP][PASSED] - click(findTestObject("Object Repository/11. Login menu check/Page_CURA Healthcare Service/a_Login")): Object: 'Object Repository/11. Login menu check/Page_CURA Healthcare Service/a_Login' is clicked on

12-07-2024T13:03:11 - [MESSAGE][PASSED] - Object: 'Object Repository/11. Login menu check/Page_CURA Healthcare Service/a_Login' is clicked on

12-07-2024T13:03:11 - [TEST_STEP][PASSED] - verifyElementText(findTestObject("Object Repository/11. Login menu check/Page_CURA Healthcare Service/h2_Login"), "Login"): Actual text and expected text of test object 'Object Repository/11. Login menu check/Page_CURA Healthcare Service/h2_Login' are matched.

12-07-2024T13:03:11 - [MESSAGE][PASSED] - Actual text and expected text of test object 'Object Repository/11. Login menu check/Page_CURA Healthcare Service/h2_Login' are matched.]]></system-out>
         <system-err><![CDATA[]]></system-err>
      </testcase>
      <testcase name="Test Cases/CURA Web Test/TC04 - Login wrong password" time="7.725" classname="Test Cases/CURA Web Test/TC04 - Login wrong password" status="PASSED">
         <system-out><![CDATA[12-07-2024T13:03:11 - [TEST_CASE][PASSED] - Test Cases/CURA Web Test/TC04 - Login wrong password: Test Cases/CURA Web Test/TC04 - Login wrong password

12-07-2024T13:03:11 - [TEST_STEP][PASSED] - callTestCase(findTestCase("CURA Web Test/Properties/TCP01 - Open browser"), [:], STOP_ON_FAILURE): Call Test Case 'Test Cases/CURA Web Test/Properties/TCP01 - Open browser' successfully

12-07-2024T13:03:11 - [TEST_CASE][PASSED] - Test Cases/CURA Web Test/Properties/TCP01 - Open browser: Test Cases/CURA Web Test/Properties/TCP01 - Open browser

12-07-2024T13:03:11 - [TEST_STEP][PASSED] - openBrowser(""): Browser is opened with url: ''

12-07-2024T13:03:11 - [MESSAGE][WARNING] - A browser is already opened. Closing browser and opening a new one

12-07-2024T13:03:11 - [MESSAGE][INFO] - Starting 'Chrome' driver

12-07-2024T13:03:11 - [MESSAGE][INFO] - Action delay is set to 0 milliseconds

12-07-2024T13:03:12 - [MESSAGE][PASSED] - Browser is opened with url: ''

12-07-2024T13:03:12 - [TEST_STEP][PASSED] - navigateToUrl(URL): Navigate to 'https://katalon-demo-cura.herokuapp.com/' successfully

12-07-2024T13:03:15 - [MESSAGE][PASSED] - Navigate to 'https://katalon-demo-cura.herokuapp.com/' successfully

12-07-2024T13:03:15 - [MESSAGE][PASSED] - Call Test Case 'Test Cases/CURA Web Test/Properties/TCP01 - Open browser' successfully

12-07-2024T13:03:15 - [TEST_STEP][PASSED] - click(findTestObject("7. Failed Login/Page_CURA Healthcare Service/a_Make Appointment")): Object: 'Object Repository/7. Failed Login/Page_CURA Healthcare Service/a_Make Appointment' is clicked on

12-07-2024T13:03:15 - [MESSAGE][PASSED] - Object: 'Object Repository/7. Failed Login/Page_CURA Healthcare Service/a_Make Appointment' is clicked on

12-07-2024T13:03:15 - [TEST_STEP][PASSED] - userName = getAttribute(findTestObject("Object Repository/7. Failed Login/Page_CURA Healthcare Service/input_Username_username"), "username"): Attribute 'username' of object 'Object Repository/7. Failed Login/Page_CURA Healthcare Service/input_Username_username' is: 'null'

12-07-2024T13:03:16 - [MESSAGE][PASSED] - Attribute 'username' of object 'Object Repository/7. Failed Login/Page_CURA Healthcare Service/input_Username_username' is: 'null'

12-07-2024T13:03:16 - [TEST_STEP][PASSED] - passWord = getAttribute(findTestObject("Object Repository/7. Failed Login/Page_CURA Healthcare Service/input_Password_password"), "password"): Attribute 'password' of object 'Object Repository/7. Failed Login/Page_CURA Healthcare Service/input_Password_password' is: 'null'

12-07-2024T13:03:16 - [MESSAGE][PASSED] - Attribute 'password' of object 'Object Repository/7. Failed Login/Page_CURA Healthcare Service/input_Password_password' is: 'null'

12-07-2024T13:03:16 - [TEST_STEP][PASSED] - click(findTestObject("Object Repository/7. Failed Login/Page_CURA Healthcare Service/a_Make Appointment")): Object: 'Object Repository/7. Failed Login/Page_CURA Healthcare Service/a_Make Appointment' is clicked on

12-07-2024T13:03:16 - [MESSAGE][PASSED] - Object: 'Object Repository/7. Failed Login/Page_CURA Healthcare Service/a_Make Appointment' is clicked on

12-07-2024T13:03:16 - [TEST_STEP][PASSED] - setText(findTestObject("Object Repository/7. Failed Login/Page_CURA Healthcare Service/input_Username_username"), " John Doe"): Text ' John Doe' is set on object 'Object Repository/7. Failed Login/Page_CURA Healthcare Service/input_Username_username'

12-07-2024T13:03:17 - [MESSAGE][PASSED] - Text ' John Doe' is set on object 'Object Repository/7. Failed Login/Page_CURA Healthcare Service/input_Username_username'

12-07-2024T13:03:17 - [TEST_STEP][PASSED] - setText(findTestObject("10. Login page/Page_CURA Healthcare Service/input_Password_password"), "This"): Text 'This' is set on object 'Object Repository/10. Login page/Page_CURA Healthcare Service/input_Password_password'

12-07-2024T13:03:18 - [MESSAGE][PASSED] - Text 'This' is set on object 'Object Repository/10. Login page/Page_CURA Healthcare Service/input_Password_password'

12-07-2024T13:03:18 - [TEST_STEP][PASSED] - click(findTestObject("Object Repository/7. Failed Login/Page_CURA Healthcare Service/button_Login")): Object: 'Object Repository/7. Failed Login/Page_CURA Healthcare Service/button_Login' is clicked on

12-07-2024T13:03:18 - [MESSAGE][PASSED] - Object: 'Object Repository/7. Failed Login/Page_CURA Healthcare Service/button_Login' is clicked on

12-07-2024T13:03:18 - [TEST_STEP][PASSED] - if (userName == "John Doe" && passWord == "g3/DOGG74jC3Flrr3yH+3D/yKbOqqUNM"): null

12-07-2024T13:03:18 - [TEST_STEP][PASSED] - else: Object 'Object Repository/7. Failed Login/Page_CURA Healthcare Service/p_Login failed Please ensure the username a_eb55b5' is visible

12-07-2024T13:03:18 - [TEST_STEP][PASSED] - verifyElementVisible(findTestObject("Object Repository/7. Failed Login/Page_CURA Healthcare Service/p_Login failed Please ensure the username a_eb55b5")): Object 'Object Repository/7. Failed Login/Page_CURA Healthcare Service/p_Login failed Please ensure the username a_eb55b5' is visible

12-07-2024T13:03:19 - [MESSAGE][PASSED] - Object 'Object Repository/7. Failed Login/Page_CURA Healthcare Service/p_Login failed Please ensure the username a_eb55b5' is visible]]></system-out>
         <system-err><![CDATA[]]></system-err>
      </testcase>
      <testcase name="Test Cases/CURA Web Test/TC03 - Login wrong username" time="7.32" classname="Test Cases/CURA Web Test/TC03 - Login wrong username" status="PASSED">
         <system-out><![CDATA[12-07-2024T13:03:19 - [TEST_CASE][PASSED] - Test Cases/CURA Web Test/TC03 - Login wrong username: Test Cases/CURA Web Test/TC03 - Login wrong username

12-07-2024T13:03:19 - [TEST_STEP][PASSED] - callTestCase(findTestCase("CURA Web Test/Properties/TCP01 - Open browser"), [:], STOP_ON_FAILURE): Call Test Case 'Test Cases/CURA Web Test/Properties/TCP01 - Open browser' successfully

12-07-2024T13:03:19 - [TEST_CASE][PASSED] - Test Cases/CURA Web Test/Properties/TCP01 - Open browser: Test Cases/CURA Web Test/Properties/TCP01 - Open browser

12-07-2024T13:03:19 - [TEST_STEP][PASSED] - openBrowser(""): Browser is opened with url: ''

12-07-2024T13:03:19 - [MESSAGE][WARNING] - A browser is already opened. Closing browser and opening a new one

12-07-2024T13:03:19 - [MESSAGE][INFO] - Starting 'Chrome' driver

12-07-2024T13:03:19 - [MESSAGE][INFO] - Action delay is set to 0 milliseconds

12-07-2024T13:03:20 - [MESSAGE][PASSED] - Browser is opened with url: ''

12-07-2024T13:03:20 - [TEST_STEP][PASSED] - navigateToUrl(URL): Navigate to 'https://katalon-demo-cura.herokuapp.com/' successfully

12-07-2024T13:03:23 - [MESSAGE][PASSED] - Navigate to 'https://katalon-demo-cura.herokuapp.com/' successfully

12-07-2024T13:03:23 - [MESSAGE][PASSED] - Call Test Case 'Test Cases/CURA Web Test/Properties/TCP01 - Open browser' successfully

12-07-2024T13:03:23 - [TEST_STEP][PASSED] - click(findTestObject("7. Failed Login/Page_CURA Healthcare Service/a_Make Appointment")): Object: 'Object Repository/7. Failed Login/Page_CURA Healthcare Service/a_Make Appointment' is clicked on

12-07-2024T13:03:23 - [MESSAGE][PASSED] - Object: 'Object Repository/7. Failed Login/Page_CURA Healthcare Service/a_Make Appointment' is clicked on

12-07-2024T13:03:23 - [TEST_STEP][PASSED] - userName = getAttribute(findTestObject("Object Repository/7. Failed Login/Page_CURA Healthcare Service/input_Username_username"), "username"): Attribute 'username' of object 'Object Repository/7. Failed Login/Page_CURA Healthcare Service/input_Username_username' is: 'null'

12-07-2024T13:03:24 - [MESSAGE][PASSED] - Attribute 'username' of object 'Object Repository/7. Failed Login/Page_CURA Healthcare Service/input_Username_username' is: 'null'

12-07-2024T13:03:24 - [TEST_STEP][PASSED] - passWord = getAttribute(findTestObject("Object Repository/7. Failed Login/Page_CURA Healthcare Service/input_Password_password"), "password"): Attribute 'password' of object 'Object Repository/7. Failed Login/Page_CURA Healthcare Service/input_Password_password' is: 'null'

12-07-2024T13:03:24 - [MESSAGE][PASSED] - Attribute 'password' of object 'Object Repository/7. Failed Login/Page_CURA Healthcare Service/input_Password_password' is: 'null'

12-07-2024T13:03:24 - [TEST_STEP][PASSED] - click(findTestObject("Object Repository/7. Failed Login/Page_CURA Healthcare Service/a_Make Appointment")): Object: 'Object Repository/7. Failed Login/Page_CURA Healthcare Service/a_Make Appointment' is clicked on

12-07-2024T13:03:24 - [MESSAGE][PASSED] - Object: 'Object Repository/7. Failed Login/Page_CURA Healthcare Service/a_Make Appointment' is clicked on

12-07-2024T13:03:24 - [TEST_STEP][PASSED] - setText(findTestObject("Object Repository/7. Failed Login/Page_CURA Healthcare Service/input_Username_username"), "John"): Text 'John' is set on object 'Object Repository/7. Failed Login/Page_CURA Healthcare Service/input_Username_username'

12-07-2024T13:03:25 - [MESSAGE][PASSED] - Text 'John' is set on object 'Object Repository/7. Failed Login/Page_CURA Healthcare Service/input_Username_username'

12-07-2024T13:03:25 - [TEST_STEP][PASSED] - click(findTestObject("Object Repository/7. Failed Login/Page_CURA Healthcare Service/button_Login")): Object: 'Object Repository/7. Failed Login/Page_CURA Healthcare Service/button_Login' is clicked on

12-07-2024T13:03:26 - [MESSAGE][PASSED] - Object: 'Object Repository/7. Failed Login/Page_CURA Healthcare Service/button_Login' is clicked on

12-07-2024T13:03:26 - [TEST_STEP][PASSED] - if (userName == "John Doe" && passWord == "g3/DOGG74jC3Flrr3yH+3D/yKbOqqUNM"): null

12-07-2024T13:03:26 - [TEST_STEP][PASSED] - else: Object 'Object Repository/7. Failed Login/Page_CURA Healthcare Service/p_Login failed Please ensure the username a_eb55b5' is visible

12-07-2024T13:03:26 - [TEST_STEP][PASSED] - verifyElementVisible(findTestObject("Object Repository/7. Failed Login/Page_CURA Healthcare Service/p_Login failed Please ensure the username a_eb55b5")): Object 'Object Repository/7. Failed Login/Page_CURA Healthcare Service/p_Login failed Please ensure the username a_eb55b5' is visible

12-07-2024T13:03:26 - [MESSAGE][PASSED] - Object 'Object Repository/7. Failed Login/Page_CURA Healthcare Service/p_Login failed Please ensure the username a_eb55b5' is visible]]></system-out>
         <system-err><![CDATA[]]></system-err>
      </testcase>
      <testcase name="Test Cases/CURA Web Test/TC02 - Login normally" time="11.528" classname="Test Cases/CURA Web Test/TC02 - Login normally" status="PASSED">
         <system-out><![CDATA[12-07-2024T13:03:26 - [TEST_CASE][PASSED] - Test Cases/CURA Web Test/TC02 - Login normally: Test Cases/CURA Web Test/TC02 - Login normally

12-07-2024T13:03:26 - [TEST_STEP][PASSED] - callTestCase(findTestCase("CURA Web Test/Properties/TCP01 - Open browser"), [:], STOP_ON_FAILURE): Call Test Case 'Test Cases/CURA Web Test/Properties/TCP01 - Open browser' successfully

12-07-2024T13:03:26 - [TEST_CASE][PASSED] - Test Cases/CURA Web Test/Properties/TCP01 - Open browser: Test Cases/CURA Web Test/Properties/TCP01 - Open browser

12-07-2024T13:03:26 - [TEST_STEP][PASSED] - openBrowser(""): Browser is opened with url: ''

12-07-2024T13:03:26 - [MESSAGE][WARNING] - A browser is already opened. Closing browser and opening a new one

12-07-2024T13:03:26 - [MESSAGE][INFO] - Starting 'Chrome' driver

12-07-2024T13:03:26 - [MESSAGE][INFO] - Action delay is set to 0 milliseconds

12-07-2024T13:03:27 - [MESSAGE][PASSED] - Browser is opened with url: ''

12-07-2024T13:03:27 - [TEST_STEP][PASSED] - navigateToUrl(URL): Navigate to 'https://katalon-demo-cura.herokuapp.com/' successfully

12-07-2024T13:03:30 - [MESSAGE][PASSED] - Navigate to 'https://katalon-demo-cura.herokuapp.com/' successfully

12-07-2024T13:03:30 - [MESSAGE][PASSED] - Call Test Case 'Test Cases/CURA Web Test/Properties/TCP01 - Open browser' successfully

12-07-2024T13:03:30 - [TEST_STEP][PASSED] - delay(2): Delayed 2 second(s)

12-07-2024T13:03:32 - [MESSAGE][PASSED] - Delayed 2 second(s)

12-07-2024T13:03:32 - [TEST_STEP][PASSED] - takeFullPageScreenshot(): Taking screenshot successfully

12-07-2024T13:03:32 - [MESSAGE][INFO] - 0 hidden object(s)

12-07-2024T13:03:32 - [MESSAGE][PASSED] - Taking screenshot successfully
[[ATTACHMENT|C:\\Users\\Lenovo\\git\\KatalonPractitionerLevel\\Reports\\20240712_130150\\CURA Test suites\\TS02 - Login variation\\20240712_130153\\1720764212228.png]]

12-07-2024T13:03:32 - [TEST_STEP][PASSED] - click(findTestObject("1. CURA Test Object (Click, Set, Dropdown)/Make Appointment")): Object: 'Object Repository/1. CURA Test Object (Click, Set, Dropdown)/Make Appointment' is clicked on

12-07-2024T13:03:33 - [MESSAGE][PASSED] - Object: 'Object Repository/1. CURA Test Object (Click, Set, Dropdown)/Make Appointment' is clicked on

12-07-2024T13:03:33 - [TEST_STEP][PASSED] - takeScreenshotAsCheckpoint("Login page"): Taking screenshot successfully

12-07-2024T13:03:34 - [MESSAGE][INFO] - 0 hidden object(s)

12-07-2024T13:03:34 - [MESSAGE][PASSED] - Taking screenshot successfully
[[ATTACHMENT|keyes\keyes-Login page.png]]

12-07-2024T13:03:34 - [TEST_STEP][PASSED] - setText(findTestObject("1. CURA Test Object (Click, Set, Dropdown)/Username"), Username): Text 'John Doe' is set on object 'Object Repository/1. CURA Test Object (Click, Set, Dropdown)/Username'

12-07-2024T13:03:34 - [MESSAGE][PASSED] - Text 'John Doe' is set on object 'Object Repository/1. CURA Test Object (Click, Set, Dropdown)/Username'

12-07-2024T13:03:34 - [TEST_STEP][PASSED] - setEncryptedText(findTestObject("1. CURA Test Object (Click, Set, Dropdown)/Password"), "g3/DOGG74jC3Flrr3yH+3D/yKbOqqUNM"): Text ****** has been set on object 'Object Repository/1. CURA Test Object (Click, Set, Dropdown)/Password'

12-07-2024T13:03:35 - [MESSAGE][PASSED] - Text ****** has been set on object 'Object Repository/1. CURA Test Object (Click, Set, Dropdown)/Password'

12-07-2024T13:03:35 - [TEST_STEP][PASSED] - click(findTestObject("1. CURA Test Object (Click, Set, Dropdown)/Login Button")): Object: 'Object Repository/1. CURA Test Object (Click, Set, Dropdown)/Login Button' is clicked on

12-07-2024T13:03:35 - [MESSAGE][PASSED] - Object: 'Object Repository/1. CURA Test Object (Click, Set, Dropdown)/Login Button' is clicked on

12-07-2024T13:03:35 - [TEST_STEP][PASSED] - delay(2): Delayed 2 second(s)

12-07-2024T13:03:37 - [MESSAGE][PASSED] - Delayed 2 second(s)

12-07-2024T13:03:37 - [TEST_STEP][PASSED] - takeScreenshotAsCheckpoint("Make appointment page"): Taking screenshot successfully

12-07-2024T13:03:38 - [MESSAGE][INFO] - 0 hidden object(s)

12-07-2024T13:03:38 - [MESSAGE][PASSED] - Taking screenshot successfully
[[ATTACHMENT|keyes\keyes-Make appointment page.png]]]]></system-out>
         <system-err><![CDATA[]]></system-err>
      </testcase>
      <testcase name="Test Cases/CURA Web Test/Properties/TCP03 - Logout" time="1.527" classname="Test Cases/CURA Web Test/Properties/TCP03 - Logout" status="PASSED">
         <system-out><![CDATA[12-07-2024T13:03:38 - [TEST_CASE][PASSED] - Test Cases/CURA Web Test/Properties/TCP03 - Logout: Test Cases/CURA Web Test/Properties/TCP03 - Logout

12-07-2024T13:03:38 - [TEST_STEP][PASSED] - verifyElementText(findTestObject("2. CURA Test Object (Verify parameter)/Make Appointment Text"), "Make Appointment"): Actual text and expected text of test object 'Object Repository/2. CURA Test Object (Verify parameter)/Make Appointment Text' are matched.

12-07-2024T13:03:38 - [MESSAGE][PASSED] - Actual text and expected text of test object 'Object Repository/2. CURA Test Object (Verify parameter)/Make Appointment Text' are matched.

12-07-2024T13:03:38 - [TEST_STEP][PASSED] - click(findTestObject("1. CURA Test Object (Click, Set, Dropdown)/Menu")): Object: 'Object Repository/1. CURA Test Object (Click, Set, Dropdown)/Menu' is clicked on

12-07-2024T13:03:38 - [MESSAGE][PASSED] - Object: 'Object Repository/1. CURA Test Object (Click, Set, Dropdown)/Menu' is clicked on

12-07-2024T13:03:38 - [TEST_STEP][PASSED] - click(findTestObject("1. CURA Test Object (Click, Set, Dropdown)/Logout")): Object: 'Object Repository/1. CURA Test Object (Click, Set, Dropdown)/Logout' is clicked on

12-07-2024T13:03:39 - [MESSAGE][PASSED] - Object: 'Object Repository/1. CURA Test Object (Click, Set, Dropdown)/Logout' is clicked on

12-07-2024T13:03:39 - [TEST_STEP][PASSED] - closeBrowser(): Browser is closed

12-07-2024T13:03:39 - [MESSAGE][PASSED] - Browser is closed]]></system-out>
         <system-err><![CDATA[]]></system-err>
      </testcase>
      <system-out><![CDATA[12-07-2024T13:03:01 - [TEST_SUITE][PASSED] - TS02 - Login variation: Test Cases/CURA Web Test/Properties/TCP03 - Logout]]></system-out>
      <system-err><![CDATA[]]></system-err>
   </testsuite>
   <testsuite name="TS03 - Logout variation" tests="5" failures="1" errors="0" time="12.97" skipped="0" timestamp="12-07-2024T13:03:49" hostname="Lenovo - LAPTOP-7QB5JFLU" id="Test Suites/CURA Test suites/TS03 - Logout variation">
      <properties>
         <property name="deviceName" value=""/>
         <property name="devicePlatform"/>
         <property name="logFolder" value="C:\\Users\\Lenovo\\git\\KatalonPractitionerLevel\\Reports\\20240712_130150\\CURA Test suites\\TS03 - Logout variation\\20240712_130155"/>
         <property name="logFiles" value="C:\\Users\\Lenovo\\git\\KatalonPractitionerLevel\\Reports\\20240712_130150\\CURA Test suites\\TS03 - Logout variation\\20240712_130155\\execution0.log"/>
         <property name="attachments" value="C:\\Users\\Lenovo\\git\\KatalonPractitionerLevel\\Reports\\20240712_130150\\CURA Test suites\\TS03 - Logout variation\\20240712_130155\\1720764242274.png, C:\\Users\\Lenovo\\git\\KatalonPractitionerLevel\\Reports\\20240712_130150\\CURA Test suites\\TS03 - Logout variation\\20240712_130155\\1720764242438.png, C:\\Users\\Lenovo\\git\\KatalonPractitionerLevel\\Reports\\20240712_130150\\CURA Test suites\\TS03 - Logout variation\\20240712_130155\\1720764242578.png, C:\\Users\\Lenovo\\git\\KatalonPractitionerLevel\\Reports\\20240712_130150\\CURA Test suites\\TS03 - Logout variation\\20240712_130155\\1720764242721.png"/>
         <property name="hostName" value="Lenovo - LAPTOP-7QB5JFLU"/>
         <property name="os" value="Windows 11 64bit"/>
         <property name="katalonVersion" value="9.6.0.217"/>
         <property name="browser" value="Chrome 126.0.0.0"/>
         <property name="hostAddress" value="192.168.1.12"/>
         <property name="sessionId" value="ed657447c7709a488a54a77818440223"/>
         <property name="seleniumVersion" value="3.141.59"/>
         <property name="proxyInformation" value="ProxyInformation { proxyOption=NO_PROXY, proxyServerType=HTTP, username=, password=********, proxyServerAddress=, proxyServerPort=0, executionList=&quot;&quot;, isApplyToDesiredCapabilities=true }"/>
         <property name="platform" value="Windows 11"/>
      </properties>
      <testcase name="Test Cases/CURA Web Test/Properties/TCP01 - Open browser" time="4.314" classname="Test Cases/CURA Web Test/Properties/TCP01 - Open browser" status="PASSED">
         <system-out><![CDATA[12-07-2024T13:03:49 - [TEST_CASE][PASSED] - Test Cases/CURA Web Test/Properties/TCP01 - Open browser: Test Cases/CURA Web Test/Properties/TCP01 - Open browser

12-07-2024T13:03:50 - [TEST_STEP][PASSED] - openBrowser(""): Browser is opened with url: ''

12-07-2024T13:03:50 - [MESSAGE][INFO] - Starting 'Chrome' driver

12-07-2024T13:03:50 - [MESSAGE][INFO] - Action delay is set to 0 milliseconds

12-07-2024T13:03:51 - [MESSAGE][PASSED] - Browser is opened with url: ''

12-07-2024T13:03:51 - [TEST_STEP][PASSED] - navigateToUrl(URL): Navigate to 'https://katalon-demo-cura.herokuapp.com/' successfully

12-07-2024T13:03:54 - [MESSAGE][PASSED] - Navigate to 'https://katalon-demo-cura.herokuapp.com/' successfully]]></system-out>
         <system-err><![CDATA[]]></system-err>
      </testcase>
      <testcase name="Test Cases/CURA Web Test/Properties/TCP02 - Login" time="3.234" classname="Test Cases/CURA Web Test/Properties/TCP02 - Login" status="PASSED">
         <system-out><![CDATA[12-07-2024T13:03:54 - [TEST_CASE][PASSED] - Test Cases/CURA Web Test/Properties/TCP02 - Login: Test Cases/CURA Web Test/Properties/TCP02 - Login

12-07-2024T13:03:54 - [TEST_STEP][PASSED] - click(findTestObject("1. CURA Test Object (Click, Set, Dropdown)/Make Appointment")): Object: 'Object Repository/1. CURA Test Object (Click, Set, Dropdown)/Make Appointment' is clicked on

12-07-2024T13:03:55 - [MESSAGE][PASSED] - Object: 'Object Repository/1. CURA Test Object (Click, Set, Dropdown)/Make Appointment' is clicked on

12-07-2024T13:03:55 - [TEST_STEP][PASSED] - verifyElementText(findTestObject("2. CURA Test Object (Verify parameter)/Login Text"), "Login"): Actual text and expected text of test object 'Object Repository/2. CURA Test Object (Verify parameter)/Login Text' are matched.

12-07-2024T13:03:55 - [MESSAGE][PASSED] - Actual text and expected text of test object 'Object Repository/2. CURA Test Object (Verify parameter)/Login Text' are matched.

12-07-2024T13:03:55 - [TEST_STEP][PASSED] - setText(findTestObject("1. CURA Test Object (Click, Set, Dropdown)/Username"), Username): Text 'John Doe' is set on object 'Object Repository/1. CURA Test Object (Click, Set, Dropdown)/Username'

12-07-2024T13:03:56 - [MESSAGE][PASSED] - Text 'John Doe' is set on object 'Object Repository/1. CURA Test Object (Click, Set, Dropdown)/Username'

12-07-2024T13:03:56 - [TEST_STEP][PASSED] - setText(findTestObject("1. CURA Test Object (Click, Set, Dropdown)/Password"), Password): Text 'ThisIsNotAPassword' is set on object 'Object Repository/1. CURA Test Object (Click, Set, Dropdown)/Password'

12-07-2024T13:03:56 - [MESSAGE][PASSED] - Text 'ThisIsNotAPassword' is set on object 'Object Repository/1. CURA Test Object (Click, Set, Dropdown)/Password'

12-07-2024T13:03:56 - [TEST_STEP][PASSED] - click(findTestObject("1. CURA Test Object (Click, Set, Dropdown)/Login Button")): Object: 'Object Repository/1. CURA Test Object (Click, Set, Dropdown)/Login Button' is clicked on

12-07-2024T13:03:57 - [MESSAGE][PASSED] - Object: 'Object Repository/1. CURA Test Object (Click, Set, Dropdown)/Login Button' is clicked on]]></system-out>
         <system-err><![CDATA[]]></system-err>
      </testcase>
      <testcase name="Test Cases/CURA Web Test/TC12 - Logout via button toggle" time="1.593" classname="Test Cases/CURA Web Test/TC12 - Logout via button toggle" status="PASSED">
         <system-out><![CDATA[12-07-2024T13:03:57 - [TEST_CASE][PASSED] - Test Cases/CURA Web Test/TC12 - Logout via button toggle: Test Cases/CURA Web Test/TC12 - Logout via button toggle

12-07-2024T13:03:57 - [TEST_STEP][PASSED] - click(findTestObject("1. CURA Test Object (Click, Set, Dropdown)/Menu"), STOP_ON_FAILURE): Object: 'Object Repository/1. CURA Test Object (Click, Set, Dropdown)/Menu' is clicked on

12-07-2024T13:03:58 - [MESSAGE][PASSED] - Object: 'Object Repository/1. CURA Test Object (Click, Set, Dropdown)/Menu' is clicked on

12-07-2024T13:03:58 - [TEST_STEP][PASSED] - click(findTestObject("1. CURA Test Object (Click, Set, Dropdown)/Logout")): Object: 'Object Repository/1. CURA Test Object (Click, Set, Dropdown)/Logout' is clicked on

12-07-2024T13:03:58 - [MESSAGE][PASSED] - Object: 'Object Repository/1. CURA Test Object (Click, Set, Dropdown)/Logout' is clicked on

12-07-2024T13:03:58 - [TEST_STEP][PASSED] - verifyElementText(findTestObject("2. CURA Test Object (Verify parameter)/CURA Healthcare Service Label"), "CURA Healthcare Service"): Actual text and expected text of test object 'Object Repository/2. CURA Test Object (Verify parameter)/CURA Healthcare Service Label' are matched.

12-07-2024T13:03:59 - [MESSAGE][PASSED] - Actual text and expected text of test object 'Object Repository/2. CURA Test Object (Verify parameter)/CURA Healthcare Service Label' are matched.]]></system-out>
         <system-err><![CDATA[]]></system-err>
      </testcase>
      <testcase name="Test Cases/CURA Web Test/Properties/TCP02 - Login" time="3.077" classname="Test Cases/CURA Web Test/Properties/TCP02 - Login" status="PASSED">
         <system-out><![CDATA[12-07-2024T13:03:59 - [TEST_CASE][PASSED] - Test Cases/CURA Web Test/Properties/TCP02 - Login: Test Cases/CURA Web Test/Properties/TCP02 - Login

12-07-2024T13:03:59 - [TEST_STEP][PASSED] - click(findTestObject("1. CURA Test Object (Click, Set, Dropdown)/Make Appointment")): Object: 'Object Repository/1. CURA Test Object (Click, Set, Dropdown)/Make Appointment' is clicked on

12-07-2024T13:03:59 - [MESSAGE][PASSED] - Object: 'Object Repository/1. CURA Test Object (Click, Set, Dropdown)/Make Appointment' is clicked on

12-07-2024T13:03:59 - [TEST_STEP][PASSED] - verifyElementText(findTestObject("2. CURA Test Object (Verify parameter)/Login Text"), "Login"): Actual text and expected text of test object 'Object Repository/2. CURA Test Object (Verify parameter)/Login Text' are matched.

12-07-2024T13:04:00 - [MESSAGE][PASSED] - Actual text and expected text of test object 'Object Repository/2. CURA Test Object (Verify parameter)/Login Text' are matched.

12-07-2024T13:04:00 - [TEST_STEP][PASSED] - setText(findTestObject("1. CURA Test Object (Click, Set, Dropdown)/Username"), Username): Text 'John Doe' is set on object 'Object Repository/1. CURA Test Object (Click, Set, Dropdown)/Username'

12-07-2024T13:04:00 - [MESSAGE][PASSED] - Text 'John Doe' is set on object 'Object Repository/1. CURA Test Object (Click, Set, Dropdown)/Username'

12-07-2024T13:04:00 - [TEST_STEP][PASSED] - setText(findTestObject("1. CURA Test Object (Click, Set, Dropdown)/Password"), Password): Text 'ThisIsNotAPassword' is set on object 'Object Repository/1. CURA Test Object (Click, Set, Dropdown)/Password'

12-07-2024T13:04:01 - [MESSAGE][PASSED] - Text 'ThisIsNotAPassword' is set on object 'Object Repository/1. CURA Test Object (Click, Set, Dropdown)/Password'

12-07-2024T13:04:01 - [TEST_STEP][PASSED] - click(findTestObject("1. CURA Test Object (Click, Set, Dropdown)/Login Button")): Object: 'Object Repository/1. CURA Test Object (Click, Set, Dropdown)/Login Button' is clicked on

12-07-2024T13:04:02 - [MESSAGE][PASSED] - Object: 'Object Repository/1. CURA Test Object (Click, Set, Dropdown)/Login Button' is clicked on]]></system-out>
         <system-err><![CDATA[]]></system-err>
      </testcase>
      <testcase name="Test Cases/CURA Web Test/TC13 - Logout via profile menu" time="0.105" classname="Test Cases/CURA Web Test/TC13 - Logout via profile menu" status="FAILED">
         <failure type="FAILED" message="Test Cases/CURA Web Test/TC13 - Logout via profile menu FAILED.&#xa;Reason:&#xa;com.kms.katalon.core.exception.StepFailedException: Unable to click on object&#xa;	at com.kms.katalon.core.webui.keyword.internal.WebUIKeywordMain.stepFailed(WebUIKeywordMain.groovy:64)&#xa;	at com.kms.katalon.core.webui.keyword.internal.WebUIKeywordMain.runKeyword(WebUIKeywordMain.groovy:26)&#xa;	at com.kms.katalon.core.webui.keyword.builtin.ClickKeyword.click(ClickKeyword.groovy:74)&#xa;	at com.kms.katalon.core.webui.keyword.builtin.ClickKeyword.execute(ClickKeyword.groovy:40)&#xa;	at com.kms.katalon.core.keyword.internal.KeywordExecutor.executeKeywordForPlatform(KeywordExecutor.groovy:74)&#xa;	at com.kms.katalon.core.webui.keyword.WebUiBuiltInKeywords.click(WebUiBuiltInKeywords.groovy:659)&#xa;	at TC13 - Logout via profile menu.run(TC13 - Logout via profile menu:20)&#xa;	at com.kms.katalon.core.main.ScriptEngine.run(ScriptEngine.java:194)&#xa;	at com.kms.katalon.core.main.ScriptEngine.runScriptAsRawText(ScriptEngine.java:119)&#xa;	at com.kms.katalon.core.main.TestCaseExecutor.runScript(TestCaseExecutor.java:448)&#xa;	at com.kms.katalon.core.main.TestCaseExecutor.doExecute(TestCaseExecutor.java:439)&#xa;	at com.kms.katalon.core.main.TestCaseExecutor.processExecutionPhase(TestCaseExecutor.java:418)&#xa;	at com.kms.katalon.core.main.TestCaseExecutor.accessMainPhase(TestCaseExecutor.java:410)&#xa;	at com.kms.katalon.core.main.TestCaseExecutor.execute(TestCaseExecutor.java:285)&#xa;	at com.kms.katalon.core.main.TestCaseExecutor.execute(TestCaseExecutor.java:369)&#xa;	at com.kms.katalon.core.main.TestCaseExecutor.execute(TestCaseExecutor.java:369)&#xa;	at com.kms.katalon.core.main.TestCaseExecutor.execute(TestCaseExecutor.java:369)&#xa;	at com.kms.katalon.core.common.CommonExecutor.accessTestCaseMainPhase(CommonExecutor.java:65)&#xa;	at com.kms.katalon.core.main.TestSuiteExecutor.accessTestSuiteMainPhase(TestSuiteExecutor.java:150)&#xa;	at com.kms.katalon.core.main.TestSuiteExecutor.execute(TestSuiteExecutor.java:106)&#xa;	at com.kms.katalon.core.main.TestCaseMain.startTestSuite(TestCaseMain.java:180)&#xa;	at TempTestSuite1720764115029.run(TempTestSuite1720764115029.groovy:35)&#xa;	at java.base/jdk.internal.reflect.NativeMethodAccessorImpl.invoke0(Native Method)&#xa;	at java.base/jdk.internal.reflect.NativeMethodAccessorImpl.invoke(NativeMethodAccessorImpl.java:77)&#xa;	at java.base/jdk.internal.reflect.DelegatingMethodAccessorImpl.invoke(DelegatingMethodAccessorImpl.java:43)&#xa;Caused by: java.lang.IllegalArgumentException: Object is null&#xa;	at com.kms.katalon.core.helper.KeywordHelper.checkTestObjectParameter(KeywordHelper.java:33)&#xa;	at com.kms.katalon.core.webui.keyword.builtin.ClickKeyword$_click_closure1.doCall(ClickKeyword.groovy:62)&#xa;	at com.kms.katalon.core.webui.keyword.builtin.ClickKeyword$_click_closure1.call(ClickKeyword.groovy)&#xa;	at com.kms.katalon.core.webui.keyword.internal.WebUIKeywordMain.runKeyword(WebUIKeywordMain.groovy:20)&#xa;	... 23 more&#xa;"/>
         <system-out><![CDATA[12-07-2024T13:04:02 - [TEST_CASE][FAILED] - Test Cases/CURA Web Test/TC13 - Logout via profile menu: Test Cases/CURA Web Test/TC13 - Logout via profile menu FAILED.
Reason:
com.kms.katalon.core.exception.StepFailedException: Unable to click on object
	at com.kms.katalon.core.webui.keyword.internal.WebUIKeywordMain.stepFailed(WebUIKeywordMain.groovy:64)
	at com.kms.katalon.core.webui.keyword.internal.WebUIKeywordMain.runKeyword(WebUIKeywordMain.groovy:26)
	at com.kms.katalon.core.webui.keyword.builtin.ClickKeyword.click(ClickKeyword.groovy:74)
	at com.kms.katalon.core.webui.keyword.builtin.ClickKeyword.execute(ClickKeyword.groovy:40)
	at com.kms.katalon.core.keyword.internal.KeywordExecutor.executeKeywordForPlatform(KeywordExecutor.groovy:74)
	at com.kms.katalon.core.webui.keyword.WebUiBuiltInKeywords.click(WebUiBuiltInKeywords.groovy:659)
	at TC13 - Logout via profile menu.run(TC13 - Logout via profile menu:20)
	at com.kms.katalon.core.main.ScriptEngine.run(ScriptEngine.java:194)
	at com.kms.katalon.core.main.ScriptEngine.runScriptAsRawText(ScriptEngine.java:119)
	at com.kms.katalon.core.main.TestCaseExecutor.runScript(TestCaseExecutor.java:448)
	at com.kms.katalon.core.main.TestCaseExecutor.doExecute(TestCaseExecutor.java:439)
	at com.kms.katalon.core.main.TestCaseExecutor.processExecutionPhase(TestCaseExecutor.java:418)
	at com.kms.katalon.core.main.TestCaseExecutor.accessMainPhase(TestCaseExecutor.java:410)
	at com.kms.katalon.core.main.TestCaseExecutor.execute(TestCaseExecutor.java:285)
	at com.kms.katalon.core.main.TestCaseExecutor.execute(TestCaseExecutor.java:369)
	at com.kms.katalon.core.main.TestCaseExecutor.execute(TestCaseExecutor.java:369)
	at com.kms.katalon.core.main.TestCaseExecutor.execute(TestCaseExecutor.java:369)
	at com.kms.katalon.core.common.CommonExecutor.accessTestCaseMainPhase(CommonExecutor.java:65)
	at com.kms.katalon.core.main.TestSuiteExecutor.accessTestSuiteMainPhase(TestSuiteExecutor.java:150)
	at com.kms.katalon.core.main.TestSuiteExecutor.execute(TestSuiteExecutor.java:106)
	at com.kms.katalon.core.main.TestCaseMain.startTestSuite(TestCaseMain.java:180)
	at TempTestSuite1720764115029.run(TempTestSuite1720764115029.groovy:35)
	at java.base/jdk.internal.reflect.NativeMethodAccessorImpl.invoke0(Native Method)
	at java.base/jdk.internal.reflect.NativeMethodAccessorImpl.invoke(NativeMethodAccessorImpl.java:77)
	at java.base/jdk.internal.reflect.DelegatingMethodAccessorImpl.invoke(DelegatingMethodAccessorImpl.java:43)
Caused by: java.lang.IllegalArgumentException: Object is null
	at com.kms.katalon.core.helper.KeywordHelper.checkTestObjectParameter(KeywordHelper.java:33)
	at com.kms.katalon.core.webui.keyword.builtin.ClickKeyword$_click_closure1.doCall(ClickKeyword.groovy:62)
	at com.kms.katalon.core.webui.keyword.builtin.ClickKeyword$_click_closure1.call(ClickKeyword.groovy)
	at com.kms.katalon.core.webui.keyword.internal.WebUIKeywordMain.runKeyword(WebUIKeywordMain.groovy:20)
	... 23 more


12-07-2024T13:04:02 - [TEST_STEP][FAILED] - click(findTestObject("Object Repository/10. Log out/Page_CURA Healthcare Service/i_CURA Healthcare_fa fa-bars")): Unable to click on object (Root cause: com.kms.katalon.core.exception.StepFailedException: Unable to click on object
	at com.kms.katalon.core.webui.keyword.internal.WebUIKeywordMain.stepFailed(WebUIKeywordMain.groovy:64)
	at com.kms.katalon.core.webui.keyword.internal.WebUIKeywordMain.runKeyword(WebUIKeywordMain.groovy:26)
	at com.kms.katalon.core.webui.keyword.builtin.ClickKeyword.click(ClickKeyword.groovy:74)
	at com.kms.katalon.core.webui.keyword.builtin.ClickKeyword.execute(ClickKeyword.groovy:40)
	at com.kms.katalon.core.keyword.internal.KeywordExecutor.executeKeywordForPlatform(KeywordExecutor.groovy:74)
	at com.kms.katalon.core.webui.keyword.WebUiBuiltInKeywords.click(WebUiBuiltInKeywords.groovy:659)
	at TC13 - Logout via profile menu.run(TC13 - Logout via profile menu:20)
	at com.kms.katalon.core.main.ScriptEngine.run(ScriptEngine.java:194)
	at com.kms.katalon.core.main.ScriptEngine.runScriptAsRawText(ScriptEngine.java:119)
	at com.kms.katalon.core.main.TestCaseExecutor.runScript(TestCaseExecutor.java:448)
	at com.kms.katalon.core.main.TestCaseExecutor.doExecute(TestCaseExecutor.java:439)
	at com.kms.katalon.core.main.TestCaseExecutor.processExecutionPhase(TestCaseExecutor.java:418)
	at com.kms.katalon.core.main.TestCaseExecutor.accessMainPhase(TestCaseExecutor.java:410)
	at com.kms.katalon.core.main.TestCaseExecutor.execute(TestCaseExecutor.java:285)
	at com.kms.katalon.core.main.TestCaseExecutor.execute(TestCaseExecutor.java:369)
	at com.kms.katalon.core.main.TestCaseExecutor.execute(TestCaseExecutor.java:369)
	at com.kms.katalon.core.main.TestCaseExecutor.execute(TestCaseExecutor.java:369)
	at com.kms.katalon.core.common.CommonExecutor.accessTestCaseMainPhase(CommonExecutor.java:65)
	at com.kms.katalon.core.main.TestSuiteExecutor.accessTestSuiteMainPhase(TestSuiteExecutor.java:150)
	at com.kms.katalon.core.main.TestSuiteExecutor.execute(TestSuiteExecutor.java:106)
	at com.kms.katalon.core.main.TestCaseMain.startTestSuite(TestCaseMain.java:180)
	at TempTestSuite1720764115029.run(TempTestSuite1720764115029.groovy:35)
	at java.base/jdk.internal.reflect.NativeMethodAccessorImpl.invoke0(Native Method)
	at java.base/jdk.internal.reflect.NativeMethodAccessorImpl.invoke(NativeMethodAccessorImpl.java:77)
	at java.base/jdk.internal.reflect.DelegatingMethodAccessorImpl.invoke(DelegatingMethodAccessorImpl.java:43)
Caused by: java.lang.IllegalArgumentException: Object is null
	at com.kms.katalon.core.helper.KeywordHelper.checkTestObjectParameter(KeywordHelper.java:33)
	at com.kms.katalon.core.webui.keyword.builtin.ClickKeyword$_click_closure1.doCall(ClickKeyword.groovy:62)
	at com.kms.katalon.core.webui.keyword.builtin.ClickKeyword$_click_closure1.call(ClickKeyword.groovy)
	at com.kms.katalon.core.webui.keyword.internal.WebUIKeywordMain.runKeyword(WebUIKeywordMain.groovy:20)
	at com.kms.katalon.core.webui.keyword.builtin.ClickKeyword.click(ClickKeyword.groovy:74)
	at com.kms.katalon.core.webui.keyword.builtin.ClickKeyword.execute(ClickKeyword.groovy:40)
	at com.kms.katalon.core.keyword.internal.KeywordExecutor.executeKeywordForPlatform(KeywordExecutor.groovy:74)
	at com.kms.katalon.core.webui.keyword.WebUiBuiltInKeywords.click(WebUiBuiltInKeywords.groovy:659)
	at Script1719642594865.run(Script1719642594865.groovy:20)
	... 18 more
)

12-07-2024T13:04:02 - [MESSAGE][WARNING] - Test object with id 'Object Repository/10. Log out/Page_CURA Healthcare Service/i_CURA Healthcare_fa fa-bars' does not exist

12-07-2024T13:04:02 - [MESSAGE][WARNING] - Test object with id 'Object Repository/' does not exist

12-07-2024T13:04:02 - [MESSAGE][FAILED] - Unable to click on object (Root cause: com.kms.katalon.core.exception.StepFailedException: Unable to click on object
	at com.kms.katalon.core.webui.keyword.internal.WebUIKeywordMain.stepFailed(WebUIKeywordMain.groovy:64)
	at com.kms.katalon.core.webui.keyword.internal.WebUIKeywordMain.runKeyword(WebUIKeywordMain.groovy:26)
	at com.kms.katalon.core.webui.keyword.builtin.ClickKeyword.click(ClickKeyword.groovy:74)
	at com.kms.katalon.core.webui.keyword.builtin.ClickKeyword.execute(ClickKeyword.groovy:40)
	at com.kms.katalon.core.keyword.internal.KeywordExecutor.executeKeywordForPlatform(KeywordExecutor.groovy:74)
	at com.kms.katalon.core.webui.keyword.WebUiBuiltInKeywords.click(WebUiBuiltInKeywords.groovy:659)
	at TC13 - Logout via profile menu.run(TC13 - Logout via profile menu:20)
	at com.kms.katalon.core.main.ScriptEngine.run(ScriptEngine.java:194)
	at com.kms.katalon.core.main.ScriptEngine.runScriptAsRawText(ScriptEngine.java:119)
	at com.kms.katalon.core.main.TestCaseExecutor.runScript(TestCaseExecutor.java:448)
	at com.kms.katalon.core.main.TestCaseExecutor.doExecute(TestCaseExecutor.java:439)
	at com.kms.katalon.core.main.TestCaseExecutor.processExecutionPhase(TestCaseExecutor.java:418)
	at com.kms.katalon.core.main.TestCaseExecutor.accessMainPhase(TestCaseExecutor.java:410)
	at com.kms.katalon.core.main.TestCaseExecutor.execute(TestCaseExecutor.java:285)
	at com.kms.katalon.core.main.TestCaseExecutor.execute(TestCaseExecutor.java:369)
	at com.kms.katalon.core.main.TestCaseExecutor.execute(TestCaseExecutor.java:369)
	at com.kms.katalon.core.main.TestCaseExecutor.execute(TestCaseExecutor.java:369)
	at com.kms.katalon.core.common.CommonExecutor.accessTestCaseMainPhase(CommonExecutor.java:65)
	at com.kms.katalon.core.main.TestSuiteExecutor.accessTestSuiteMainPhase(TestSuiteExecutor.java:150)
	at com.kms.katalon.core.main.TestSuiteExecutor.execute(TestSuiteExecutor.java:106)
	at com.kms.katalon.core.main.TestCaseMain.startTestSuite(TestCaseMain.java:180)
	at TempTestSuite1720764115029.run(TempTestSuite1720764115029.groovy:35)
	at java.base/jdk.internal.reflect.NativeMethodAccessorImpl.invoke0(Native Method)
	at java.base/jdk.internal.reflect.NativeMethodAccessorImpl.invoke(NativeMethodAccessorImpl.java:77)
	at java.base/jdk.internal.reflect.DelegatingMethodAccessorImpl.invoke(DelegatingMethodAccessorImpl.java:43)
Caused by: java.lang.IllegalArgumentException: Object is null
	at com.kms.katalon.core.helper.KeywordHelper.checkTestObjectParameter(KeywordHelper.java:33)
	at com.kms.katalon.core.webui.keyword.builtin.ClickKeyword$_click_closure1.doCall(ClickKeyword.groovy:62)
	at com.kms.katalon.core.webui.keyword.builtin.ClickKeyword$_click_closure1.call(ClickKeyword.groovy)
	at com.kms.katalon.core.webui.keyword.internal.WebUIKeywordMain.runKeyword(WebUIKeywordMain.groovy:20)
	at com.kms.katalon.core.webui.keyword.builtin.ClickKeyword.click(ClickKeyword.groovy:74)
	at com.kms.katalon.core.webui.keyword.builtin.ClickKeyword.execute(ClickKeyword.groovy:40)
	at com.kms.katalon.core.keyword.internal.KeywordExecutor.executeKeywordForPlatform(KeywordExecutor.groovy:74)
	at com.kms.katalon.core.webui.keyword.WebUiBuiltInKeywords.click(WebUiBuiltInKeywords.groovy:659)
	at Script1719642594865.run(Script1719642594865.groovy:20)
	... 18 more
)
[[ATTACHMENT|C:\\Users\\Lenovo\\git\\KatalonPractitionerLevel\\Reports\\20240712_130150\\CURA Test suites\\TS03 - Logout variation\\20240712_130155\\1720764242721.png]]]]></system-out>
         <system-err><![CDATA[12-07-2024T13:04:02 - [TEST_CASE][FAILED] - Test Cases/CURA Web Test/TC13 - Logout via profile menu: Test Cases/CURA Web Test/TC13 - Logout via profile menu FAILED.
Reason:
com.kms.katalon.core.exception.StepFailedException: Unable to click on object
	at com.kms.katalon.core.webui.keyword.internal.WebUIKeywordMain.stepFailed(WebUIKeywordMain.groovy:64)
	at com.kms.katalon.core.webui.keyword.internal.WebUIKeywordMain.runKeyword(WebUIKeywordMain.groovy:26)
	at com.kms.katalon.core.webui.keyword.builtin.ClickKeyword.click(ClickKeyword.groovy:74)
	at com.kms.katalon.core.webui.keyword.builtin.ClickKeyword.execute(ClickKeyword.groovy:40)
	at com.kms.katalon.core.keyword.internal.KeywordExecutor.executeKeywordForPlatform(KeywordExecutor.groovy:74)
	at com.kms.katalon.core.webui.keyword.WebUiBuiltInKeywords.click(WebUiBuiltInKeywords.groovy:659)
	at TC13 - Logout via profile menu.run(TC13 - Logout via profile menu:20)
	at com.kms.katalon.core.main.ScriptEngine.run(ScriptEngine.java:194)
	at com.kms.katalon.core.main.ScriptEngine.runScriptAsRawText(ScriptEngine.java:119)
	at com.kms.katalon.core.main.TestCaseExecutor.runScript(TestCaseExecutor.java:448)
	at com.kms.katalon.core.main.TestCaseExecutor.doExecute(TestCaseExecutor.java:439)
	at com.kms.katalon.core.main.TestCaseExecutor.processExecutionPhase(TestCaseExecutor.java:418)
	at com.kms.katalon.core.main.TestCaseExecutor.accessMainPhase(TestCaseExecutor.java:410)
	at com.kms.katalon.core.main.TestCaseExecutor.execute(TestCaseExecutor.java:285)
	at com.kms.katalon.core.main.TestCaseExecutor.execute(TestCaseExecutor.java:369)
	at com.kms.katalon.core.main.TestCaseExecutor.execute(TestCaseExecutor.java:369)
	at com.kms.katalon.core.main.TestCaseExecutor.execute(TestCaseExecutor.java:369)
	at com.kms.katalon.core.common.CommonExecutor.accessTestCaseMainPhase(CommonExecutor.java:65)
	at com.kms.katalon.core.main.TestSuiteExecutor.accessTestSuiteMainPhase(TestSuiteExecutor.java:150)
	at com.kms.katalon.core.main.TestSuiteExecutor.execute(TestSuiteExecutor.java:106)
	at com.kms.katalon.core.main.TestCaseMain.startTestSuite(TestCaseMain.java:180)
	at TempTestSuite1720764115029.run(TempTestSuite1720764115029.groovy:35)
	at java.base/jdk.internal.reflect.NativeMethodAccessorImpl.invoke0(Native Method)
	at java.base/jdk.internal.reflect.NativeMethodAccessorImpl.invoke(NativeMethodAccessorImpl.java:77)
	at java.base/jdk.internal.reflect.DelegatingMethodAccessorImpl.invoke(DelegatingMethodAccessorImpl.java:43)
Caused by: java.lang.IllegalArgumentException: Object is null
	at com.kms.katalon.core.helper.KeywordHelper.checkTestObjectParameter(KeywordHelper.java:33)
	at com.kms.katalon.core.webui.keyword.builtin.ClickKeyword$_click_closure1.doCall(ClickKeyword.groovy:62)
	at com.kms.katalon.core.webui.keyword.builtin.ClickKeyword$_click_closure1.call(ClickKeyword.groovy)
	at com.kms.katalon.core.webui.keyword.internal.WebUIKeywordMain.runKeyword(WebUIKeywordMain.groovy:20)
	... 23 more]]></system-err>
      </testcase>
      <system-out><![CDATA[12-07-2024T13:03:49 - [TEST_SUITE][FAILED] - TS03 - Logout variation: Test Cases/CURA Web Test/TC13 - Logout via profile menu FAILED.
Reason:
com.kms.katalon.core.exception.StepFailedException: Unable to click on object
	at com.kms.katalon.core.webui.keyword.internal.WebUIKeywordMain.stepFailed(WebUIKeywordMain.groovy:64)
	at com.kms.katalon.core.webui.keyword.internal.WebUIKeywordMain.runKeyword(WebUIKeywordMain.groovy:26)
	at com.kms.katalon.core.webui.keyword.builtin.ClickKeyword.click(ClickKeyword.groovy:74)
	at com.kms.katalon.core.webui.keyword.builtin.ClickKeyword.execute(ClickKeyword.groovy:40)
	at com.kms.katalon.core.keyword.internal.KeywordExecutor.executeKeywordForPlatform(KeywordExecutor.groovy:74)
	at com.kms.katalon.core.webui.keyword.WebUiBuiltInKeywords.click(WebUiBuiltInKeywords.groovy:659)
	at TC13 - Logout via profile menu.run(TC13 - Logout via profile menu:20)
	at com.kms.katalon.core.main.ScriptEngine.run(ScriptEngine.java:194)
	at com.kms.katalon.core.main.ScriptEngine.runScriptAsRawText(ScriptEngine.java:119)
	at com.kms.katalon.core.main.TestCaseExecutor.runScript(TestCaseExecutor.java:448)
	at com.kms.katalon.core.main.TestCaseExecutor.doExecute(TestCaseExecutor.java:439)
	at com.kms.katalon.core.main.TestCaseExecutor.processExecutionPhase(TestCaseExecutor.java:418)
	at com.kms.katalon.core.main.TestCaseExecutor.accessMainPhase(TestCaseExecutor.java:410)
	at com.kms.katalon.core.main.TestCaseExecutor.execute(TestCaseExecutor.java:285)
	at com.kms.katalon.core.common.CommonExecutor.accessTestCaseMainPhase(CommonExecutor.java:65)
	at com.kms.katalon.core.main.TestSuiteExecutor.accessTestSuiteMainPhase(TestSuiteExecutor.java:150)
	at com.kms.katalon.core.main.TestSuiteExecutor.execute(TestSuiteExecutor.java:106)
	at com.kms.katalon.core.main.TestCaseMain.startTestSuite(TestCaseMain.java:180)
	at TempTestSuite1720764115029.run(TempTestSuite1720764115029.groovy:35)
	at java.base/jdk.internal.reflect.NativeMethodAccessorImpl.invoke0(Native Method)
	at java.base/jdk.internal.reflect.NativeMethodAccessorImpl.invoke(NativeMethodAccessorImpl.java:77)
	at java.base/jdk.internal.reflect.DelegatingMethodAccessorImpl.invoke(DelegatingMethodAccessorImpl.java:43)
Caused by: java.lang.IllegalArgumentException: Object is null
	at com.kms.katalon.core.helper.KeywordHelper.checkTestObjectParameter(KeywordHelper.java:33)
	at com.kms.katalon.core.webui.keyword.builtin.ClickKeyword$_click_closure1.doCall(ClickKeyword.groovy:62)
	at com.kms.katalon.core.webui.keyword.builtin.ClickKeyword$_click_closure1.call(ClickKeyword.groovy)
	at com.kms.katalon.core.webui.keyword.internal.WebUIKeywordMain.runKeyword(WebUIKeywordMain.groovy:20)
	... 20 more]]></system-out>
      <system-err><![CDATA[12-07-2024T13:03:49 - [TEST_SUITE][FAILED] - TS03 - Logout variation: Test Cases/CURA Web Test/TC13 - Logout via profile menu FAILED.
Reason:
com.kms.katalon.core.exception.StepFailedException: Unable to click on object
	at com.kms.katalon.core.webui.keyword.internal.WebUIKeywordMain.stepFailed(WebUIKeywordMain.groovy:64)
	at com.kms.katalon.core.webui.keyword.internal.WebUIKeywordMain.runKeyword(WebUIKeywordMain.groovy:26)
	at com.kms.katalon.core.webui.keyword.builtin.ClickKeyword.click(ClickKeyword.groovy:74)
	at com.kms.katalon.core.webui.keyword.builtin.ClickKeyword.execute(ClickKeyword.groovy:40)
	at com.kms.katalon.core.keyword.internal.KeywordExecutor.executeKeywordForPlatform(KeywordExecutor.groovy:74)
	at com.kms.katalon.core.webui.keyword.WebUiBuiltInKeywords.click(WebUiBuiltInKeywords.groovy:659)
	at TC13 - Logout via profile menu.run(TC13 - Logout via profile menu:20)
	at com.kms.katalon.core.main.ScriptEngine.run(ScriptEngine.java:194)
	at com.kms.katalon.core.main.ScriptEngine.runScriptAsRawText(ScriptEngine.java:119)
	at com.kms.katalon.core.main.TestCaseExecutor.runScript(TestCaseExecutor.java:448)
	at com.kms.katalon.core.main.TestCaseExecutor.doExecute(TestCaseExecutor.java:439)
	at com.kms.katalon.core.main.TestCaseExecutor.processExecutionPhase(TestCaseExecutor.java:418)
	at com.kms.katalon.core.main.TestCaseExecutor.accessMainPhase(TestCaseExecutor.java:410)
	at com.kms.katalon.core.main.TestCaseExecutor.execute(TestCaseExecutor.java:285)
	at com.kms.katalon.core.common.CommonExecutor.accessTestCaseMainPhase(CommonExecutor.java:65)
	at com.kms.katalon.core.main.TestSuiteExecutor.accessTestSuiteMainPhase(TestSuiteExecutor.java:150)
	at com.kms.katalon.core.main.TestSuiteExecutor.execute(TestSuiteExecutor.java:106)
	at com.kms.katalon.core.main.TestCaseMain.startTestSuite(TestCaseMain.java:180)
	at TempTestSuite1720764115029.run(TempTestSuite1720764115029.groovy:35)
	at java.base/jdk.internal.reflect.NativeMethodAccessorImpl.invoke0(Native Method)
	at java.base/jdk.internal.reflect.NativeMethodAccessorImpl.invoke(NativeMethodAccessorImpl.java:77)
	at java.base/jdk.internal.reflect.DelegatingMethodAccessorImpl.invoke(DelegatingMethodAccessorImpl.java:43)
Caused by: java.lang.IllegalArgumentException: Object is null
	at com.kms.katalon.core.helper.KeywordHelper.checkTestObjectParameter(KeywordHelper.java:33)
	at com.kms.katalon.core.webui.keyword.builtin.ClickKeyword$_click_closure1.doCall(ClickKeyword.groovy:62)
	at com.kms.katalon.core.webui.keyword.builtin.ClickKeyword$_click_closure1.call(ClickKeyword.groovy)
	at com.kms.katalon.core.webui.keyword.internal.WebUIKeywordMain.runKeyword(WebUIKeywordMain.groovy:20)
	... 20 more]]></system-err>
   </testsuite>
   <testsuite name="TS04 - Appointment check" tests="4" failures="0" errors="0" time="51.911" skipped="0" timestamp="12-07-2024T13:04:19" hostname="Lenovo - LAPTOP-7QB5JFLU" id="Test Suites/CURA Test suites/TS04 - Appointment check">
      <properties>
         <property name="deviceName" value=""/>
         <property name="devicePlatform"/>
         <property name="logFolder" value="C:\\Users\\Lenovo\\git\\KatalonPractitionerLevel\\Reports\\20240712_130150\\CURA Test suites\\TS04 - Appointment check\\20240712_130157"/>
         <property name="logFiles" value="C:\\Users\\Lenovo\\git\\KatalonPractitionerLevel\\Reports\\20240712_130150\\CURA Test suites\\TS04 - Appointment check\\20240712_130157\\execution0.log"/>
         <property name="attachments" value="keyes\keyes-CURA Homepage.png, keyes\keyes-Tokyo Appointment Confirmation.png, keyes\keyes-Hongkong Appointment Confirmation.png, keyes\keyes-History Hongkong Appointment.png"/>
         <property name="hostName" value="Lenovo - LAPTOP-7QB5JFLU"/>
         <property name="os" value="Windows 11 64bit"/>
         <property name="katalonVersion" value="9.6.0.217"/>
         <property name="browser" value="Chrome 126.0.0.0"/>
         <property name="hostAddress" value="192.168.1.12"/>
         <property name="sessionId" value="2f3894a407253a633820bdb9433354df"/>
         <property name="seleniumVersion" value="3.141.59"/>
         <property name="proxyInformation" value="ProxyInformation { proxyOption=NO_PROXY, proxyServerType=HTTP, username=, password=********, proxyServerAddress=, proxyServerPort=0, executionList=&quot;&quot;, isApplyToDesiredCapabilities=true }"/>
         <property name="platform" value="Windows 11"/>
      </properties>
      <testcase name="Test Cases/CURA Web Test/TC01 - Verify homepage of CURA" time="8.07" classname="Test Cases/CURA Web Test/TC01 - Verify homepage of CURA" status="PASSED">
         <system-out><![CDATA[12-07-2024T13:04:19 - [TEST_CASE][PASSED] - Test Cases/CURA Web Test/TC01 - Verify homepage of CURA: Test Cases/CURA Web Test/TC01 - Verify homepage of CURA

12-07-2024T13:04:19 - [TEST_STEP][PASSED] - openBrowser(""): Browser is opened with url: ''

12-07-2024T13:04:20 - [MESSAGE][INFO] - Starting 'Chrome' driver

12-07-2024T13:04:20 - [MESSAGE][INFO] - Action delay is set to 0 milliseconds

12-07-2024T13:04:21 - [MESSAGE][PASSED] - Browser is opened with url: ''

12-07-2024T13:04:21 - [TEST_STEP][PASSED] - navigateToUrl("https://katalon-demo-cura.herokuapp.com/"): Navigate to 'https://katalon-demo-cura.herokuapp.com/' successfully

12-07-2024T13:04:23 - [MESSAGE][PASSED] - Navigate to 'https://katalon-demo-cura.herokuapp.com/' successfully

12-07-2024T13:04:23 - [TEST_STEP][PASSED] - takeScreenshotAsCheckpoint("CURA Homepage"): Taking screenshot successfully

12-07-2024T13:04:24 - [MESSAGE][INFO] - 0 hidden object(s)

12-07-2024T13:04:24 - [MESSAGE][PASSED] - Taking screenshot successfully
[[ATTACHMENT|keyes\keyes-CURA Homepage.png]]

12-07-2024T13:04:24 - [TEST_STEP][PASSED] - verifyElementText(findTestObject("Object Repository/9. Homepage of CURA/Page_CURA Healthcare Service/h1_CURA Healthcare Service"), "CURA Healthcare Service"): Actual text and expected text of test object 'Object Repository/9. Homepage of CURA/Page_CURA Healthcare Service/h1_CURA Healthcare Service' are matched.

12-07-2024T13:04:24 - [MESSAGE][PASSED] - Actual text and expected text of test object 'Object Repository/9. Homepage of CURA/Page_CURA Healthcare Service/h1_CURA Healthcare Service' are matched.

12-07-2024T13:04:24 - [TEST_STEP][PASSED] - verifyElementText(findTestObject("Object Repository/9. Homepage of CURA/Page_CURA Healthcare Service/h3_We Care About Your Health"), "We Care About Your Health"): Actual text and expected text of test object 'Object Repository/9. Homepage of CURA/Page_CURA Healthcare Service/h3_We Care About Your Health' are matched.

12-07-2024T13:04:25 - [MESSAGE][PASSED] - Actual text and expected text of test object 'Object Repository/9. Homepage of CURA/Page_CURA Healthcare Service/h3_We Care About Your Health' are matched.

12-07-2024T13:04:25 - [TEST_STEP][PASSED] - verifyElementText(findTestObject("Object Repository/9. Homepage of CURA/Page_CURA Healthcare Service/strong_CURA Healthcare Service"), "CURA Healthcare Service"): Actual text and expected text of test object 'Object Repository/9. Homepage of CURA/Page_CURA Healthcare Service/strong_CURA Healthcare Service' are matched.

12-07-2024T13:04:25 - [MESSAGE][PASSED] - Actual text and expected text of test object 'Object Repository/9. Homepage of CURA/Page_CURA Healthcare Service/strong_CURA Healthcare Service' are matched.

12-07-2024T13:04:25 - [TEST_STEP][PASSED] - ExpectedValue = "Atlanta 550 Pharr Road NE Suite 525
Atlanta, GA 30305": null

12-07-2024T13:04:25 - [TEST_STEP][PASSED] - verifyElementText(findTestObject("Object Repository/9. Homepage of CURA/Page_CURA Healthcare Service/p_Atlanta 550 Pharr Road NE Suite 525Atlant_8f4c85"), ExpectedValue): Actual text and expected text of test object 'Object Repository/9. Homepage of CURA/Page_CURA Healthcare Service/p_Atlanta 550 Pharr Road NE Suite 525Atlant_8f4c85' are matched.

12-07-2024T13:04:25 - [MESSAGE][PASSED] - Actual text and expected text of test object 'Object Repository/9. Homepage of CURA/Page_CURA Healthcare Service/p_Atlanta 550 Pharr Road NE Suite 525Atlant_8f4c85' are matched.

12-07-2024T13:04:25 - [TEST_STEP][PASSED] - verifyElementText(findTestObject("Object Repository/9. Homepage of CURA/Page_CURA Healthcare Service/li_(678) 813-1KMS"), "(678) 813-1KMS"): Actual text and expected text of test object 'Object Repository/9. Homepage of CURA/Page_CURA Healthcare Service/li_(678) 813-1KMS' are matched.

12-07-2024T13:04:25 - [MESSAGE][PASSED] - Actual text and expected text of test object 'Object Repository/9. Homepage of CURA/Page_CURA Healthcare Service/li_(678) 813-1KMS' are matched.

12-07-2024T13:04:25 - [TEST_STEP][PASSED] - verifyElementText(findTestObject("Object Repository/9. Homepage of CURA/Page_CURA Healthcare Service/li_infokatalon.com"), "info@katalon.com"): Actual text and expected text of test object 'Object Repository/9. Homepage of CURA/Page_CURA Healthcare Service/li_infokatalon.com' are matched.

12-07-2024T13:04:26 - [MESSAGE][PASSED] - Actual text and expected text of test object 'Object Repository/9. Homepage of CURA/Page_CURA Healthcare Service/li_infokatalon.com' are matched.

12-07-2024T13:04:26 - [TEST_STEP][PASSED] - verifyElementClickable(findTestObject("Object Repository/9. Homepage of CURA/Page_CURA Healthcare Service/i_infokatalon.com_fa fa-facebook fa-fw fa-3x")): Object 'Object Repository/9. Homepage of CURA/Page_CURA Healthcare Service/i_infokatalon.com_fa fa-facebook fa-fw fa-3x' is clickable

12-07-2024T13:04:26 - [MESSAGE][PASSED] - Object 'Object Repository/9. Homepage of CURA/Page_CURA Healthcare Service/i_infokatalon.com_fa fa-facebook fa-fw fa-3x' is clickable

12-07-2024T13:04:26 - [TEST_STEP][PASSED] - verifyElementClickable(findTestObject("Object Repository/9. Homepage of CURA/Page_CURA Healthcare Service/i_infokatalon.com_fa fa-twitter fa-fw fa-3x")): Object 'Object Repository/9. Homepage of CURA/Page_CURA Healthcare Service/i_infokatalon.com_fa fa-twitter fa-fw fa-3x' is clickable

12-07-2024T13:04:26 - [MESSAGE][PASSED] - Object 'Object Repository/9. Homepage of CURA/Page_CURA Healthcare Service/i_infokatalon.com_fa fa-twitter fa-fw fa-3x' is clickable

12-07-2024T13:04:26 - [TEST_STEP][PASSED] - verifyElementClickable(findTestObject("Object Repository/9. Homepage of CURA/Page_CURA Healthcare Service/i_infokatalon.com_fa fa-dribbble fa-fw fa-3x")): Object 'Object Repository/9. Homepage of CURA/Page_CURA Healthcare Service/i_infokatalon.com_fa fa-dribbble fa-fw fa-3x' is clickable

12-07-2024T13:04:27 - [MESSAGE][PASSED] - Object 'Object Repository/9. Homepage of CURA/Page_CURA Healthcare Service/i_infokatalon.com_fa fa-dribbble fa-fw fa-3x' is clickable

12-07-2024T13:04:27 - [TEST_STEP][PASSED] - verifyElementText(findTestObject("Object Repository/9. Homepage of CURA/Page_CURA Healthcare Service/p_Copyright  CURA Healthcare Service 2024"), "Copyright Â© CURA Healthcare Service 2024"): Actual text and expected text of test object 'Object Repository/9. Homepage of CURA/Page_CURA Healthcare Service/p_Copyright  CURA Healthcare Service 2024' are matched.

12-07-2024T13:04:27 - [MESSAGE][PASSED] - Actual text and expected text of test object 'Object Repository/9. Homepage of CURA/Page_CURA Healthcare Service/p_Copyright  CURA Healthcare Service 2024' are matched.

12-07-2024T13:04:27 - [TEST_STEP][PASSED] - verifyElementClickable(findTestObject("Object Repository/9. Homepage of CURA/Page_CURA Healthcare Service/a_Make Appointment")): Object 'Object Repository/9. Homepage of CURA/Page_CURA Healthcare Service/a_Make Appointment' is clickable

12-07-2024T13:04:27 - [MESSAGE][PASSED] - Object 'Object Repository/9. Homepage of CURA/Page_CURA Healthcare Service/a_Make Appointment' is clickable]]></system-out>
         <system-err><![CDATA[]]></system-err>
      </testcase>
      <testcase name="Test Cases/CURA Web Test/TC08 - Appointment Tokyo" time="14.456" classname="Test Cases/CURA Web Test/TC08 - Appointment Tokyo" status="PASSED">
         <system-out><![CDATA[12-07-2024T13:04:27 - [TEST_CASE][PASSED] - Test Cases/CURA Web Test/TC08 - Appointment Tokyo: Test Cases/CURA Web Test/TC08 - Appointment Tokyo

12-07-2024T13:04:27 - [TEST_STEP][PASSED] - openBrowser(""): Browser is opened with url: ''

12-07-2024T13:04:27 - [MESSAGE][WARNING] - A browser is already opened. Closing browser and opening a new one

12-07-2024T13:04:27 - [MESSAGE][INFO] - Starting 'Chrome' driver

12-07-2024T13:04:27 - [MESSAGE][INFO] - Action delay is set to 0 milliseconds

12-07-2024T13:04:28 - [MESSAGE][PASSED] - Browser is opened with url: ''

12-07-2024T13:04:28 - [TEST_STEP][PASSED] - navigateToUrl("https://katalon-demo-cura.herokuapp.com/"): Navigate to 'https://katalon-demo-cura.herokuapp.com/' successfully

12-07-2024T13:04:31 - [MESSAGE][PASSED] - Navigate to 'https://katalon-demo-cura.herokuapp.com/' successfully

12-07-2024T13:04:31 - [TEST_STEP][PASSED] - click(findTestObject("1. CURA Test Object (Click, Set, Dropdown)/Make Appointment")): Object: 'Object Repository/1. CURA Test Object (Click, Set, Dropdown)/Make Appointment' is clicked on

12-07-2024T13:04:31 - [MESSAGE][PASSED] - Object: 'Object Repository/1. CURA Test Object (Click, Set, Dropdown)/Make Appointment' is clicked on

12-07-2024T13:04:31 - [TEST_STEP][PASSED] - setText(findTestObject("1. CURA Test Object (Click, Set, Dropdown)/Username"), "John Doe"): Text 'John Doe' is set on object 'Object Repository/1. CURA Test Object (Click, Set, Dropdown)/Username'

12-07-2024T13:04:32 - [MESSAGE][PASSED] - Text 'John Doe' is set on object 'Object Repository/1. CURA Test Object (Click, Set, Dropdown)/Username'

12-07-2024T13:04:32 - [TEST_STEP][PASSED] - setEncryptedText(findTestObject("1. CURA Test Object (Click, Set, Dropdown)/Password"), "g3/DOGG74jC3Flrr3yH+3D/yKbOqqUNM"): Text ****** has been set on object 'Object Repository/1. CURA Test Object (Click, Set, Dropdown)/Password'

12-07-2024T13:04:32 - [MESSAGE][PASSED] - Text ****** has been set on object 'Object Repository/1. CURA Test Object (Click, Set, Dropdown)/Password'

12-07-2024T13:04:32 - [TEST_STEP][PASSED] - click(findTestObject("1. CURA Test Object (Click, Set, Dropdown)/Login Button")): Object: 'Object Repository/1. CURA Test Object (Click, Set, Dropdown)/Login Button' is clicked on

12-07-2024T13:04:33 - [MESSAGE][PASSED] - Object: 'Object Repository/1. CURA Test Object (Click, Set, Dropdown)/Login Button' is clicked on

12-07-2024T13:04:33 - [TEST_STEP][PASSED] - selectOptionByValue(findTestObject("1. CURA Test Object (Click, Set, Dropdown)/Facility"), "Hongkong CURA Healthcare Center", true): All options with value 'Hongkong CURA Healthcare Center' are selected in object 'Object Repository/1. CURA Test Object (Click, Set, Dropdown)/Facility'  using regular expression

12-07-2024T13:04:34 - [MESSAGE][PASSED] - All options with value 'Hongkong CURA Healthcare Center' are selected in object 'Object Repository/1. CURA Test Object (Click, Set, Dropdown)/Facility'  using regular expression

12-07-2024T13:04:34 - [TEST_STEP][PASSED] - selectOptionByValue(findTestObject("1. CURA Test Object (Click, Set, Dropdown)/Facility"), "Tokyo CURA Healthcare Center", true): All options with value 'Tokyo CURA Healthcare Center' are selected in object 'Object Repository/1. CURA Test Object (Click, Set, Dropdown)/Facility'  using regular expression

12-07-2024T13:04:35 - [MESSAGE][PASSED] - All options with value 'Tokyo CURA Healthcare Center' are selected in object 'Object Repository/1. CURA Test Object (Click, Set, Dropdown)/Facility'  using regular expression

12-07-2024T13:04:35 - [TEST_STEP][PASSED] - click(findTestObject("1. CURA Test Object (Click, Set, Dropdown)/Apply for Hospital Readmission")): Object: 'Object Repository/1. CURA Test Object (Click, Set, Dropdown)/Apply for Hospital Readmission' is clicked on

12-07-2024T13:04:35 - [MESSAGE][PASSED] - Object: 'Object Repository/1. CURA Test Object (Click, Set, Dropdown)/Apply for Hospital Readmission' is clicked on

12-07-2024T13:04:35 - [TEST_STEP][PASSED] - uncheck(findTestObject("1. CURA Test Object (Click, Set, Dropdown)/Apply for Hospital Readmission")): Object 'Object Repository/1. CURA Test Object (Click, Set, Dropdown)/Apply for Hospital Readmission' is un-checked

12-07-2024T13:04:36 - [MESSAGE][PASSED] - Object 'Object Repository/1. CURA Test Object (Click, Set, Dropdown)/Apply for Hospital Readmission' is un-checked

12-07-2024T13:04:36 - [TEST_STEP][PASSED] - click(findTestObject("1. CURA Test Object (Click, Set, Dropdown)/None"), CONTINUE_ON_FAILURE): Object: 'Object Repository/1. CURA Test Object (Click, Set, Dropdown)/None' is clicked on

12-07-2024T13:04:36 - [MESSAGE][PASSED] - Object: 'Object Repository/1. CURA Test Object (Click, Set, Dropdown)/None' is clicked on

12-07-2024T13:04:36 - [TEST_STEP][PASSED] - click(findTestObject("1. CURA Test Object (Click, Set, Dropdown)/Medicare"), CONTINUE_ON_FAILURE): Object: 'Object Repository/1. CURA Test Object (Click, Set, Dropdown)/Medicare' is clicked on

12-07-2024T13:04:36 - [MESSAGE][PASSED] - Object: 'Object Repository/1. CURA Test Object (Click, Set, Dropdown)/Medicare' is clicked on

12-07-2024T13:04:36 - [TEST_STEP][PASSED] - click(findTestObject("1. CURA Test Object (Click, Set, Dropdown)/Medicaid")): Object: 'Object Repository/1. CURA Test Object (Click, Set, Dropdown)/Medicaid' is clicked on

12-07-2024T13:04:36 - [MESSAGE][PASSED] - Object: 'Object Repository/1. CURA Test Object (Click, Set, Dropdown)/Medicaid' is clicked on

12-07-2024T13:04:36 - [TEST_STEP][PASSED] - click(findTestObject("1. CURA Test Object (Click, Set, Dropdown)/Medicare")): Object: 'Object Repository/1. CURA Test Object (Click, Set, Dropdown)/Medicare' is clicked on

12-07-2024T13:04:37 - [MESSAGE][PASSED] - Object: 'Object Repository/1. CURA Test Object (Click, Set, Dropdown)/Medicare' is clicked on

12-07-2024T13:04:37 - [TEST_STEP][PASSED] - setText(findTestObject("1. CURA Test Object (Click, Set, Dropdown)/Visit Date"), "30/06/2024"): Text '30/06/2024' is set on object 'Object Repository/1. CURA Test Object (Click, Set, Dropdown)/Visit Date'

12-07-2024T13:04:37 - [MESSAGE][PASSED] - Text '30/06/2024' is set on object 'Object Repository/1. CURA Test Object (Click, Set, Dropdown)/Visit Date'

12-07-2024T13:04:37 - [TEST_STEP][PASSED] - click(findTestObject("1. CURA Test Object (Click, Set, Dropdown)/Book Appointment")): Object: 'Object Repository/1. CURA Test Object (Click, Set, Dropdown)/Book Appointment' is clicked on

12-07-2024T13:04:38 - [MESSAGE][PASSED] - Object: 'Object Repository/1. CURA Test Object (Click, Set, Dropdown)/Book Appointment' is clicked on

12-07-2024T13:04:38 - [TEST_STEP][PASSED] - takeScreenshotAsCheckpoint("Tokyo Appointment Confirmation"): Taking screenshot successfully

12-07-2024T13:04:39 - [MESSAGE][INFO] - 0 hidden object(s)

12-07-2024T13:04:39 - [MESSAGE][PASSED] - Taking screenshot successfully
[[ATTACHMENT|keyes\keyes-Tokyo Appointment Confirmation.png]]

12-07-2024T13:04:39 - [TEST_STEP][PASSED] - verifyElementText(findTestObject("Object Repository/5. Appointment Tokyo/Page_CURA Healthcare Service/h2_Appointment Confirmation"), "Appointment Confirmation"): Actual text and expected text of test object 'Object Repository/5. Appointment Tokyo/Page_CURA Healthcare Service/h2_Appointment Confirmation' are matched.

12-07-2024T13:04:39 - [MESSAGE][PASSED] - Actual text and expected text of test object 'Object Repository/5. Appointment Tokyo/Page_CURA Healthcare Service/h2_Appointment Confirmation' are matched.

12-07-2024T13:04:39 - [TEST_STEP][PASSED] - verifyElementText(findTestObject("Object Repository/5. Appointment Tokyo/Page_CURA Healthcare Service/p_Please be informed that your appointment _11813a"), "Please be informed that your appointment has been booked as following:"): Actual text and expected text of test object 'Object Repository/5. Appointment Tokyo/Page_CURA Healthcare Service/p_Please be informed that your appointment _11813a' are matched.

12-07-2024T13:04:39 - [MESSAGE][PASSED] - Actual text and expected text of test object 'Object Repository/5. Appointment Tokyo/Page_CURA Healthcare Service/p_Please be informed that your appointment _11813a' are matched.

12-07-2024T13:04:39 - [TEST_STEP][PASSED] - verifyElementText(findTestObject("Object Repository/5. Appointment Tokyo/Page_CURA Healthcare Service/p_Tokyo CURA Healthcare Center"), "Tokyo CURA Healthcare Center"): Actual text and expected text of test object 'Object Repository/5. Appointment Tokyo/Page_CURA Healthcare Service/p_Tokyo CURA Healthcare Center' are matched.

12-07-2024T13:04:40 - [MESSAGE][PASSED] - Actual text and expected text of test object 'Object Repository/5. Appointment Tokyo/Page_CURA Healthcare Service/p_Tokyo CURA Healthcare Center' are matched.

12-07-2024T13:04:40 - [TEST_STEP][PASSED] - verifyElementText(findTestObject("Object Repository/5. Appointment Tokyo/Page_CURA Healthcare Service/p_Yes"), "No"): Actual text and expected text of test object 'Object Repository/5. Appointment Tokyo/Page_CURA Healthcare Service/p_Yes' are matched.

12-07-2024T13:04:40 - [MESSAGE][PASSED] - Actual text and expected text of test object 'Object Repository/5. Appointment Tokyo/Page_CURA Healthcare Service/p_Yes' are matched.

12-07-2024T13:04:40 - [TEST_STEP][PASSED] - verifyElementText(findTestObject("Object Repository/5. Appointment Tokyo/Page_CURA Healthcare Service/p_Medicare"), "Medicare"): Actual text and expected text of test object 'Object Repository/5. Appointment Tokyo/Page_CURA Healthcare Service/p_Medicare' are matched.

12-07-2024T13:04:40 - [MESSAGE][PASSED] - Actual text and expected text of test object 'Object Repository/5. Appointment Tokyo/Page_CURA Healthcare Service/p_Medicare' are matched.

12-07-2024T13:04:40 - [TEST_STEP][PASSED] - verifyElementText(findTestObject("Object Repository/5. Appointment Tokyo/Page_CURA Healthcare Service/p_30062024"), "30/06/2024"): Actual text and expected text of test object 'Object Repository/5. Appointment Tokyo/Page_CURA Healthcare Service/p_30062024' are matched.

12-07-2024T13:04:40 - [MESSAGE][PASSED] - Actual text and expected text of test object 'Object Repository/5. Appointment Tokyo/Page_CURA Healthcare Service/p_30062024' are matched.

12-07-2024T13:04:40 - [TEST_STEP][PASSED] - verifyElementText(findTestObject("Object Repository/5. Appointment Tokyo/Page_CURA Healthcare Service/div_Comment_col-xs-8"), ""): Actual text and expected text of test object 'Object Repository/5. Appointment Tokyo/Page_CURA Healthcare Service/div_Comment_col-xs-8' are matched.

12-07-2024T13:04:41 - [MESSAGE][PASSED] - Actual text and expected text of test object 'Object Repository/5. Appointment Tokyo/Page_CURA Healthcare Service/div_Comment_col-xs-8' are matched.

12-07-2024T13:04:41 - [TEST_STEP][PASSED] - click(findTestObject("Object Repository/5. Appointment Tokyo/Page_CURA Healthcare Service/a_Go to Homepage")): Object: 'Object Repository/5. Appointment Tokyo/Page_CURA Healthcare Service/a_Go to Homepage' is clicked on

12-07-2024T13:04:41 - [MESSAGE][PASSED] - Object: 'Object Repository/5. Appointment Tokyo/Page_CURA Healthcare Service/a_Go to Homepage' is clicked on

12-07-2024T13:04:41 - [TEST_STEP][PASSED] - verifyElementText(findTestObject("Object Repository/5. Appointment Tokyo/Page_CURA Healthcare Service/h1_CURA Healthcare Service"), "CURA Healthcare Service"): Actual text and expected text of test object 'Object Repository/5. Appointment Tokyo/Page_CURA Healthcare Service/h1_CURA Healthcare Service' are matched.

12-07-2024T13:04:41 - [MESSAGE][PASSED] - Actual text and expected text of test object 'Object Repository/5. Appointment Tokyo/Page_CURA Healthcare Service/h1_CURA Healthcare Service' are matched.

12-07-2024T13:04:41 - [TEST_STEP][PASSED] - closeBrowser(): Browser is closed

12-07-2024T13:04:42 - [MESSAGE][PASSED] - Browser is closed]]></system-out>
         <system-err><![CDATA[]]></system-err>
      </testcase>
      <testcase name="Test Cases/CURA Web Test/TC06 - Appointment Hongkong" time="14.985" classname="Test Cases/CURA Web Test/TC06 - Appointment Hongkong" status="PASSED">
         <system-out><![CDATA[12-07-2024T13:04:42 - [TEST_CASE][PASSED] - Test Cases/CURA Web Test/TC06 - Appointment Hongkong: Test Cases/CURA Web Test/TC06 - Appointment Hongkong

12-07-2024T13:04:42 - [TEST_STEP][PASSED] - openBrowser(""): Browser is opened with url: ''

12-07-2024T13:04:42 - [MESSAGE][INFO] - Starting 'Chrome' driver

12-07-2024T13:04:42 - [MESSAGE][INFO] - Action delay is set to 0 milliseconds

12-07-2024T13:04:42 - [MESSAGE][PASSED] - Browser is opened with url: ''

12-07-2024T13:04:42 - [TEST_STEP][PASSED] - navigateToUrl("https://katalon-demo-cura.herokuapp.com/"): Navigate to 'https://katalon-demo-cura.herokuapp.com/' successfully

12-07-2024T13:04:45 - [MESSAGE][PASSED] - Navigate to 'https://katalon-demo-cura.herokuapp.com/' successfully

12-07-2024T13:04:45 - [TEST_STEP][PASSED] - click(findTestObject("Object Repository/4. Appointment Hongkong/Page_CURA Healthcare Service/a_Make Appointment")): Object: 'Object Repository/4. Appointment Hongkong/Page_CURA Healthcare Service/a_Make Appointment' is clicked on

12-07-2024T13:04:46 - [MESSAGE][PASSED] - Object: 'Object Repository/4. Appointment Hongkong/Page_CURA Healthcare Service/a_Make Appointment' is clicked on

12-07-2024T13:04:46 - [TEST_STEP][PASSED] - setText(findTestObject("Object Repository/4. Appointment Hongkong/Page_CURA Healthcare Service/input_Username_username"), "John Doe"): Text 'John Doe' is set on object 'Object Repository/4. Appointment Hongkong/Page_CURA Healthcare Service/input_Username_username'

12-07-2024T13:04:46 - [MESSAGE][PASSED] - Text 'John Doe' is set on object 'Object Repository/4. Appointment Hongkong/Page_CURA Healthcare Service/input_Username_username'

12-07-2024T13:04:46 - [TEST_STEP][PASSED] - setEncryptedText(findTestObject("Object Repository/4. Appointment Hongkong/Page_CURA Healthcare Service/input_Password_password"), "g3/DOGG74jC3Flrr3yH+3D/yKbOqqUNM"): Text ****** has been set on object 'Object Repository/4. Appointment Hongkong/Page_CURA Healthcare Service/input_Password_password'

12-07-2024T13:04:47 - [MESSAGE][PASSED] - Text ****** has been set on object 'Object Repository/4. Appointment Hongkong/Page_CURA Healthcare Service/input_Password_password'

12-07-2024T13:04:47 - [TEST_STEP][PASSED] - click(findTestObject("Object Repository/4. Appointment Hongkong/Page_CURA Healthcare Service/button_Login")): Object: 'Object Repository/4. Appointment Hongkong/Page_CURA Healthcare Service/button_Login' is clicked on

12-07-2024T13:04:48 - [MESSAGE][PASSED] - Object: 'Object Repository/4. Appointment Hongkong/Page_CURA Healthcare Service/button_Login' is clicked on

12-07-2024T13:04:48 - [TEST_STEP][PASSED] - selectOptionByValue(findTestObject("Object Repository/4. Appointment Hongkong/Page_CURA Healthcare Service/select_Tokyo CURA Healthcare Center        _5b4107"), "Seoul CURA Healthcare Center", true): All options with value 'Seoul CURA Healthcare Center' are selected in object 'Object Repository/4. Appointment Hongkong/Page_CURA Healthcare Service/select_Tokyo CURA Healthcare Center        _5b4107'  using regular expression

12-07-2024T13:04:48 - [MESSAGE][WARNING] - [SELF-HEALING] Failed to find element with id 'Object Repository/4. Appointment Hongkong/Page_CURA Healthcare Service/select_Tokyo CURA Healthcare Center        _5b4107'. Try using Self-healing.

12-07-2024T13:04:48 - [MESSAGE][INFO] - [SELF-HEALING] Screenshot: C:/Users/Lenovo/git/KatalonPractitionerLevel/Reports/Self-healing/Object Repository/4. Appointment Hongkong/Page_CURA Healthcare Service/select_Tokyo CURA Healthcare Center        _5b4107_XPATH.png

12-07-2024T13:04:48 - [MESSAGE][WARNING] - [SELF-HEALING] The current locator of test object 'Object Repository/4. Appointment Hongkong/Page_CURA Healthcare Service/select_Tokyo CURA Healthcare Center        _5b4107' was broken. Propose an alternative one: '//select[@id='combo_facility']'.

12-07-2024T13:04:49 - [MESSAGE][PASSED] - All options with value 'Seoul CURA Healthcare Center' are selected in object 'Object Repository/4. Appointment Hongkong/Page_CURA Healthcare Service/select_Tokyo CURA Healthcare Center        _5b4107'  using regular expression

12-07-2024T13:04:49 - [TEST_STEP][PASSED] - selectOptionByValue(findTestObject("Object Repository/4. Appointment Hongkong/Page_CURA Healthcare Service/select_Tokyo CURA Healthcare Center        _5b4107"), "Hongkong CURA Healthcare Center", true): All options with value 'Hongkong CURA Healthcare Center' are selected in object 'Object Repository/4. Appointment Hongkong/Page_CURA Healthcare Service/select_Tokyo CURA Healthcare Center        _5b4107'  using regular expression

12-07-2024T13:04:49 - [MESSAGE][WARNING] - [SELF-HEALING] Failed to find element with id 'Object Repository/4. Appointment Hongkong/Page_CURA Healthcare Service/select_Tokyo CURA Healthcare Center        _5b4107'. Try using Self-healing.

12-07-2024T13:04:49 - [MESSAGE][WARNING] - [SELF-HEALING] The current locator of test object 'Object Repository/4. Appointment Hongkong/Page_CURA Healthcare Service/select_Tokyo CURA Healthcare Center        _5b4107' was broken. Propose an alternative one: '//select[@id='combo_facility']'.

12-07-2024T13:04:50 - [MESSAGE][PASSED] - All options with value 'Hongkong CURA Healthcare Center' are selected in object 'Object Repository/4. Appointment Hongkong/Page_CURA Healthcare Service/select_Tokyo CURA Healthcare Center        _5b4107'  using regular expression

12-07-2024T13:04:50 - [TEST_STEP][PASSED] - click(findTestObject("Object Repository/4. Appointment Hongkong/Page_CURA Healthcare Service/input_Apply for hospital readmission_hospit_63901f")): Object: 'Object Repository/4. Appointment Hongkong/Page_CURA Healthcare Service/input_Apply for hospital readmission_hospit_63901f' is clicked on

12-07-2024T13:04:50 - [MESSAGE][PASSED] - Object: 'Object Repository/4. Appointment Hongkong/Page_CURA Healthcare Service/input_Apply for hospital readmission_hospit_63901f' is clicked on

12-07-2024T13:04:50 - [TEST_STEP][PASSED] - click(findTestObject("Object Repository/4. Appointment Hongkong/Page_CURA Healthcare Service/input_None_programs")): Object: 'Object Repository/4. Appointment Hongkong/Page_CURA Healthcare Service/input_None_programs' is clicked on

12-07-2024T13:04:50 - [MESSAGE][PASSED] - Object: 'Object Repository/4. Appointment Hongkong/Page_CURA Healthcare Service/input_None_programs' is clicked on

12-07-2024T13:04:50 - [TEST_STEP][PASSED] - click(findTestObject("Object Repository/4. Appointment Hongkong/Page_CURA Healthcare Service/input_Medicare_programs")): Object: 'Object Repository/4. Appointment Hongkong/Page_CURA Healthcare Service/input_Medicare_programs' is clicked on

12-07-2024T13:04:50 - [MESSAGE][PASSED] - Object: 'Object Repository/4. Appointment Hongkong/Page_CURA Healthcare Service/input_Medicare_programs' is clicked on

12-07-2024T13:04:50 - [TEST_STEP][PASSED] - click(findTestObject("Object Repository/4. Appointment Hongkong/Page_CURA Healthcare Service/span_Visit Date (Required)_glyphicon glyphi_cada34")): Object: 'Object Repository/4. Appointment Hongkong/Page_CURA Healthcare Service/span_Visit Date (Required)_glyphicon glyphi_cada34' is clicked on

12-07-2024T13:04:51 - [MESSAGE][PASSED] - Object: 'Object Repository/4. Appointment Hongkong/Page_CURA Healthcare Service/span_Visit Date (Required)_glyphicon glyphi_cada34' is clicked on

12-07-2024T13:04:51 - [TEST_STEP][PASSED] - click(findTestObject("Object Repository/4. Appointment Hongkong/Page_CURA Healthcare Service/td_1")): Object: 'Object Repository/4. Appointment Hongkong/Page_CURA Healthcare Service/td_1' is clicked on

12-07-2024T13:04:51 - [MESSAGE][PASSED] - Object: 'Object Repository/4. Appointment Hongkong/Page_CURA Healthcare Service/td_1' is clicked on

12-07-2024T13:04:51 - [TEST_STEP][PASSED] - click(findTestObject("Object Repository/4. Appointment Hongkong/Page_CURA Healthcare Service/input_Visit Date (Required)_visit_date")): Object: 'Object Repository/4. Appointment Hongkong/Page_CURA Healthcare Service/input_Visit Date (Required)_visit_date' is clicked on

12-07-2024T13:04:52 - [MESSAGE][PASSED] - Object: 'Object Repository/4. Appointment Hongkong/Page_CURA Healthcare Service/input_Visit Date (Required)_visit_date' is clicked on

12-07-2024T13:04:52 - [TEST_STEP][PASSED] - setText(findTestObject("Object Repository/4. Appointment Hongkong/Page_CURA Healthcare Service/textarea_Comment_comment"), "Lets meet at 8 PM"): Text 'Lets meet at 8 PM' is set on object 'Object Repository/4. Appointment Hongkong/Page_CURA Healthcare Service/textarea_Comment_comment'

12-07-2024T13:04:53 - [MESSAGE][PASSED] - Text 'Lets meet at 8 PM' is set on object 'Object Repository/4. Appointment Hongkong/Page_CURA Healthcare Service/textarea_Comment_comment'

12-07-2024T13:04:53 - [TEST_STEP][PASSED] - click(findTestObject("Object Repository/4. Appointment Hongkong/Page_CURA Healthcare Service/button_Book Appointment")): Object: 'Object Repository/4. Appointment Hongkong/Page_CURA Healthcare Service/button_Book Appointment' is clicked on

12-07-2024T13:04:53 - [MESSAGE][PASSED] - Object: 'Object Repository/4. Appointment Hongkong/Page_CURA Healthcare Service/button_Book Appointment' is clicked on

12-07-2024T13:04:53 - [TEST_STEP][PASSED] - takeScreenshotAsCheckpoint("Hongkong Appointment Confirmation"): Taking screenshot successfully

12-07-2024T13:04:54 - [MESSAGE][INFO] - 0 hidden object(s)

12-07-2024T13:04:54 - [MESSAGE][PASSED] - Taking screenshot successfully
[[ATTACHMENT|keyes\keyes-Hongkong Appointment Confirmation.png]]

12-07-2024T13:04:54 - [TEST_STEP][PASSED] - click(findTestObject("Object Repository/4. Appointment Hongkong/Page_CURA Healthcare Service/h2_Appointment Confirmation")): Object: 'Object Repository/4. Appointment Hongkong/Page_CURA Healthcare Service/h2_Appointment Confirmation' is clicked on

12-07-2024T13:04:54 - [MESSAGE][PASSED] - Object: 'Object Repository/4. Appointment Hongkong/Page_CURA Healthcare Service/h2_Appointment Confirmation' is clicked on

12-07-2024T13:04:54 - [TEST_STEP][PASSED] - click(findTestObject("Object Repository/4. Appointment Hongkong/Page_CURA Healthcare Service/p_Please be informed that your appointment _11813a")): Object: 'Object Repository/4. Appointment Hongkong/Page_CURA Healthcare Service/p_Please be informed that your appointment _11813a' is clicked on

12-07-2024T13:04:54 - [MESSAGE][PASSED] - Object: 'Object Repository/4. Appointment Hongkong/Page_CURA Healthcare Service/p_Please be informed that your appointment _11813a' is clicked on

12-07-2024T13:04:54 - [TEST_STEP][PASSED] - click(findTestObject("Object Repository/4. Appointment Hongkong/Page_CURA Healthcare Service/p_Hongkong CURA Healthcare Center")): Object: 'Object Repository/4. Appointment Hongkong/Page_CURA Healthcare Service/p_Hongkong CURA Healthcare Center' is clicked on

12-07-2024T13:04:55 - [MESSAGE][PASSED] - Object: 'Object Repository/4. Appointment Hongkong/Page_CURA Healthcare Service/p_Hongkong CURA Healthcare Center' is clicked on

12-07-2024T13:04:55 - [TEST_STEP][PASSED] - verifyElementPresent(findTestObject("Object Repository/4. Appointment Hongkong/Page_CURA Healthcare Service/p_Yes"), 0): Object 'Object Repository/4. Appointment Hongkong/Page_CURA Healthcare Service/p_Yes' is present

12-07-2024T13:04:55 - [MESSAGE][WARNING] - Timeout '0' is invalid. Using default page load timeout: '30'

12-07-2024T13:04:55 - [MESSAGE][PASSED] - Object 'Object Repository/4. Appointment Hongkong/Page_CURA Healthcare Service/p_Yes' is present

12-07-2024T13:04:55 - [TEST_STEP][PASSED] - verifyElementPresent(findTestObject("Object Repository/4. Appointment Hongkong/Page_CURA Healthcare Service/p_Medicare"), 0): Object 'Object Repository/4. Appointment Hongkong/Page_CURA Healthcare Service/p_Medicare' is present

12-07-2024T13:04:55 - [MESSAGE][WARNING] - Timeout '0' is invalid. Using default page load timeout: '30'

12-07-2024T13:04:55 - [MESSAGE][PASSED] - Object 'Object Repository/4. Appointment Hongkong/Page_CURA Healthcare Service/p_Medicare' is present

12-07-2024T13:04:55 - [TEST_STEP][PASSED] - verifyElementPresent(findTestObject("Object Repository/4. Appointment Hongkong/Page_CURA Healthcare Service/p_01072024"), 0): Object 'Object Repository/4. Appointment Hongkong/Page_CURA Healthcare Service/p_01072024' is present

12-07-2024T13:04:55 - [MESSAGE][WARNING] - Timeout '0' is invalid. Using default page load timeout: '30'

12-07-2024T13:04:55 - [MESSAGE][PASSED] - Object 'Object Repository/4. Appointment Hongkong/Page_CURA Healthcare Service/p_01072024' is present

12-07-2024T13:04:55 - [TEST_STEP][PASSED] - verifyElementPresent(findTestObject("Object Repository/4. Appointment Hongkong/Page_CURA Healthcare Service/p_Lets meet at 8 PM"), 0): Object 'Object Repository/4. Appointment Hongkong/Page_CURA Healthcare Service/p_Lets meet at 8 PM' is present

12-07-2024T13:04:55 - [MESSAGE][WARNING] - Timeout '0' is invalid. Using default page load timeout: '30'

12-07-2024T13:04:56 - [MESSAGE][PASSED] - Object 'Object Repository/4. Appointment Hongkong/Page_CURA Healthcare Service/p_Lets meet at 8 PM' is present

12-07-2024T13:04:56 - [TEST_STEP][PASSED] - click(findTestObject("Object Repository/4. Appointment Hongkong/Page_CURA Healthcare Service/a_Go to Homepage")): Object: 'Object Repository/4. Appointment Hongkong/Page_CURA Healthcare Service/a_Go to Homepage' is clicked on

12-07-2024T13:04:56 - [MESSAGE][PASSED] - Object: 'Object Repository/4. Appointment Hongkong/Page_CURA Healthcare Service/a_Go to Homepage' is clicked on

12-07-2024T13:04:56 - [TEST_STEP][PASSED] - click(findTestObject("Object Repository/4. Appointment Hongkong/Page_CURA Healthcare Service/h1_CURA Healthcare Service")): Object: 'Object Repository/4. Appointment Hongkong/Page_CURA Healthcare Service/h1_CURA Healthcare Service' is clicked on

12-07-2024T13:04:56 - [MESSAGE][PASSED] - Object: 'Object Repository/4. Appointment Hongkong/Page_CURA Healthcare Service/h1_CURA Healthcare Service' is clicked on

12-07-2024T13:04:56 - [TEST_STEP][PASSED] - closeBrowser(): Browser is closed

12-07-2024T13:04:57 - [MESSAGE][PASSED] - Browser is closed]]></system-out>
         <system-err><![CDATA[]]></system-err>
      </testcase>
      <testcase name="Test Cases/CURA Web Test/TC10 - History menu check" time="14.248" classname="Test Cases/CURA Web Test/TC10 - History menu check" status="PASSED">
         <system-out><![CDATA[12-07-2024T13:04:57 - [TEST_CASE][PASSED] - Test Cases/CURA Web Test/TC10 - History menu check: Test Cases/CURA Web Test/TC10 - History menu check

12-07-2024T13:04:57 - [TEST_STEP][PASSED] - openBrowser(""): Browser is opened with url: ''

12-07-2024T13:04:57 - [MESSAGE][INFO] - Starting 'Chrome' driver

12-07-2024T13:04:57 - [MESSAGE][INFO] - Action delay is set to 0 milliseconds

12-07-2024T13:04:57 - [MESSAGE][PASSED] - Browser is opened with url: ''

12-07-2024T13:04:57 - [TEST_STEP][PASSED] - navigateToUrl("https://katalon-demo-cura.herokuapp.com/"): Navigate to 'https://katalon-demo-cura.herokuapp.com/' successfully

12-07-2024T13:05:00 - [MESSAGE][PASSED] - Navigate to 'https://katalon-demo-cura.herokuapp.com/' successfully

12-07-2024T13:05:00 - [TEST_STEP][PASSED] - click(findTestObject("1. CURA Test Object (Click, Set, Dropdown)/Make Appointment")): Object: 'Object Repository/1. CURA Test Object (Click, Set, Dropdown)/Make Appointment' is clicked on

12-07-2024T13:05:01 - [MESSAGE][PASSED] - Object: 'Object Repository/1. CURA Test Object (Click, Set, Dropdown)/Make Appointment' is clicked on

12-07-2024T13:05:01 - [TEST_STEP][PASSED] - setText(findTestObject("1. CURA Test Object (Click, Set, Dropdown)/Username"), "John Doe"): Text 'John Doe' is set on object 'Object Repository/1. CURA Test Object (Click, Set, Dropdown)/Username'

12-07-2024T13:05:02 - [MESSAGE][PASSED] - Text 'John Doe' is set on object 'Object Repository/1. CURA Test Object (Click, Set, Dropdown)/Username'

12-07-2024T13:05:02 - [TEST_STEP][PASSED] - setEncryptedText(findTestObject("1. CURA Test Object (Click, Set, Dropdown)/Password"), "g3/DOGG74jC3Flrr3yH+3D/yKbOqqUNM"): Text ****** has been set on object 'Object Repository/1. CURA Test Object (Click, Set, Dropdown)/Password'

12-07-2024T13:05:02 - [MESSAGE][PASSED] - Text ****** has been set on object 'Object Repository/1. CURA Test Object (Click, Set, Dropdown)/Password'

12-07-2024T13:05:02 - [TEST_STEP][PASSED] - click(findTestObject("1. CURA Test Object (Click, Set, Dropdown)/Login Button")): Object: 'Object Repository/1. CURA Test Object (Click, Set, Dropdown)/Login Button' is clicked on

12-07-2024T13:05:03 - [MESSAGE][PASSED] - Object: 'Object Repository/1. CURA Test Object (Click, Set, Dropdown)/Login Button' is clicked on

12-07-2024T13:05:03 - [TEST_STEP][PASSED] - selectOptionByValue(findTestObject("1. CURA Test Object (Click, Set, Dropdown)/Facility"), "Hongkong CURA Healthcare Center", true): All options with value 'Hongkong CURA Healthcare Center' are selected in object 'Object Repository/1. CURA Test Object (Click, Set, Dropdown)/Facility'  using regular expression

12-07-2024T13:05:04 - [MESSAGE][PASSED] - All options with value 'Hongkong CURA Healthcare Center' are selected in object 'Object Repository/1. CURA Test Object (Click, Set, Dropdown)/Facility'  using regular expression

12-07-2024T13:05:04 - [TEST_STEP][PASSED] - click(findTestObject("1. CURA Test Object (Click, Set, Dropdown)/Apply for Hospital Readmission")): Object: 'Object Repository/1. CURA Test Object (Click, Set, Dropdown)/Apply for Hospital Readmission' is clicked on

12-07-2024T13:05:04 - [MESSAGE][PASSED] - Object: 'Object Repository/1. CURA Test Object (Click, Set, Dropdown)/Apply for Hospital Readmission' is clicked on

12-07-2024T13:05:04 - [TEST_STEP][PASSED] - setText(findTestObject("1. CURA Test Object (Click, Set, Dropdown)/Visit Date"), "28/06/2024"): Text '28/06/2024' is set on object 'Object Repository/1. CURA Test Object (Click, Set, Dropdown)/Visit Date'

12-07-2024T13:05:05 - [MESSAGE][PASSED] - Text '28/06/2024' is set on object 'Object Repository/1. CURA Test Object (Click, Set, Dropdown)/Visit Date'

12-07-2024T13:05:05 - [TEST_STEP][PASSED] - setText(findTestObject("1. CURA Test Object (Click, Set, Dropdown)/Comment"), "Let's meet at 9 AM"): Text 'Let's meet at 9 AM' is set on object 'Object Repository/1. CURA Test Object (Click, Set, Dropdown)/Comment'

12-07-2024T13:05:06 - [MESSAGE][PASSED] - Text 'Let's meet at 9 AM' is set on object 'Object Repository/1. CURA Test Object (Click, Set, Dropdown)/Comment'

12-07-2024T13:05:06 - [TEST_STEP][PASSED] - click(findTestObject("1. CURA Test Object (Click, Set, Dropdown)/Book Appointment")): Object: 'Object Repository/1. CURA Test Object (Click, Set, Dropdown)/Book Appointment' is clicked on

12-07-2024T13:05:06 - [MESSAGE][PASSED] - Object: 'Object Repository/1. CURA Test Object (Click, Set, Dropdown)/Book Appointment' is clicked on

12-07-2024T13:05:06 - [TEST_STEP][PASSED] - verifyElementText(findTestObject("4. Appointment Hongkong/Page_CURA Healthcare Service/h2_Appointment Confirmation"), "Appointment Confirmation"): Actual text and expected text of test object 'Object Repository/4. Appointment Hongkong/Page_CURA Healthcare Service/h2_Appointment Confirmation' are matched.

12-07-2024T13:05:07 - [MESSAGE][PASSED] - Actual text and expected text of test object 'Object Repository/4. Appointment Hongkong/Page_CURA Healthcare Service/h2_Appointment Confirmation' are matched.

12-07-2024T13:05:07 - [TEST_STEP][PASSED] - click(findTestObject("1. CURA Test Object (Click, Set, Dropdown)/Menu")): Object: 'Object Repository/1. CURA Test Object (Click, Set, Dropdown)/Menu' is clicked on

12-07-2024T13:05:07 - [MESSAGE][PASSED] - Object: 'Object Repository/1. CURA Test Object (Click, Set, Dropdown)/Menu' is clicked on

12-07-2024T13:05:07 - [TEST_STEP][PASSED] - click(findTestObject("1. CURA Test Object (Click, Set, Dropdown)/History")): Object: 'Object Repository/1. CURA Test Object (Click, Set, Dropdown)/History' is clicked on

12-07-2024T13:05:08 - [MESSAGE][PASSED] - Object: 'Object Repository/1. CURA Test Object (Click, Set, Dropdown)/History' is clicked on

12-07-2024T13:05:08 - [TEST_STEP][PASSED] - takeScreenshotAsCheckpoint("History Hongkong Appointment"): Taking screenshot successfully

12-07-2024T13:05:08 - [MESSAGE][INFO] - 0 hidden object(s)

12-07-2024T13:05:08 - [MESSAGE][PASSED] - Taking screenshot successfully
[[ATTACHMENT|keyes\keyes-History Hongkong Appointment.png]]

12-07-2024T13:05:08 - [TEST_STEP][PASSED] - verifyElementText(findTestObject("Object Repository/8. History check/Page_CURA Healthcare Service/h2_History"), "History"): Actual text and expected text of test object 'Object Repository/8. History check/Page_CURA Healthcare Service/h2_History' are matched.

12-07-2024T13:05:09 - [MESSAGE][PASSED] - Actual text and expected text of test object 'Object Repository/8. History check/Page_CURA Healthcare Service/h2_History' are matched.

12-07-2024T13:05:09 - [TEST_STEP][PASSED] - verifyElementText(findTestObject("Object Repository/8. History check/Page_CURA Healthcare Service/div_28062024"), "28/06/2024"): Actual text and expected text of test object 'Object Repository/8. History check/Page_CURA Healthcare Service/div_28062024' are matched.

12-07-2024T13:05:09 - [MESSAGE][PASSED] - Actual text and expected text of test object 'Object Repository/8. History check/Page_CURA Healthcare Service/div_28062024' are matched.

12-07-2024T13:05:09 - [TEST_STEP][PASSED] - verifyElementText(findTestObject("Object Repository/8. History check/Page_CURA Healthcare Service/p_Hongkong CURA Healthcare Center"), "Hongkong CURA Healthcare Center"): Actual text and expected text of test object 'Object Repository/8. History check/Page_CURA Healthcare Service/p_Hongkong CURA Healthcare Center' are matched.

12-07-2024T13:05:09 - [MESSAGE][PASSED] - Actual text and expected text of test object 'Object Repository/8. History check/Page_CURA Healthcare Service/p_Hongkong CURA Healthcare Center' are matched.

12-07-2024T13:05:09 - [TEST_STEP][PASSED] - verifyElementText(findTestObject("Object Repository/8. History check/Page_CURA Healthcare Service/p_Yes"), "Yes"): Actual text and expected text of test object 'Object Repository/8. History check/Page_CURA Healthcare Service/p_Yes' are matched.

12-07-2024T13:05:09 - [MESSAGE][PASSED] - Actual text and expected text of test object 'Object Repository/8. History check/Page_CURA Healthcare Service/p_Yes' are matched.

12-07-2024T13:05:09 - [TEST_STEP][PASSED] - verifyElementText(findTestObject("Object Repository/8. History check/Page_CURA Healthcare Service/p_Medicare"), "Medicare"): Actual text and expected text of test object 'Object Repository/8. History check/Page_CURA Healthcare Service/p_Medicare' are matched.

12-07-2024T13:05:10 - [MESSAGE][PASSED] - Actual text and expected text of test object 'Object Repository/8. History check/Page_CURA Healthcare Service/p_Medicare' are matched.

12-07-2024T13:05:10 - [TEST_STEP][PASSED] - verifyElementText(findTestObject("Object Repository/8. History check/Page_CURA Healthcare Service/p_Lets meet at 9 AM"), "Let's meet at 9 AM"): Actual text and expected text of test object 'Object Repository/8. History check/Page_CURA Healthcare Service/p_Lets meet at 9 AM' are matched.

12-07-2024T13:05:10 - [MESSAGE][PASSED] - Actual text and expected text of test object 'Object Repository/8. History check/Page_CURA Healthcare Service/p_Lets meet at 9 AM' are matched.

12-07-2024T13:05:10 - [TEST_STEP][PASSED] - click(findTestObject("1. CURA Test Object (Click, Set, Dropdown)/Go to Homepage")): Object: 'Object Repository/1. CURA Test Object (Click, Set, Dropdown)/Go to Homepage' is clicked on

12-07-2024T13:05:11 - [MESSAGE][PASSED] - Object: 'Object Repository/1. CURA Test Object (Click, Set, Dropdown)/Go to Homepage' is clicked on

12-07-2024T13:05:11 - [TEST_STEP][PASSED] - verifyElementText(findTestObject("2. CURA Test Object (Verify parameter)/CURA Healthcare Service Label"), "CURA Healthcare Service"): Actual text and expected text of test object 'Object Repository/2. CURA Test Object (Verify parameter)/CURA Healthcare Service Label' are matched.

12-07-2024T13:05:11 - [MESSAGE][PASSED] - Actual text and expected text of test object 'Object Repository/2. CURA Test Object (Verify parameter)/CURA Healthcare Service Label' are matched.]]></system-out>
         <system-err><![CDATA[]]></system-err>
      </testcase>
      <system-out><![CDATA[12-07-2024T13:04:19 - [TEST_SUITE][PASSED] - TS04 - Appointment check: Test Cases/CURA Web Test/TC10 - History menu check]]></system-out>
      <system-err><![CDATA[]]></system-err>
   </testsuite>
   <testsuite name="TS05 - History check" tests="2" failures="0" errors="0" time="16.727" skipped="0" timestamp="12-07-2024T13:05:21" hostname="Lenovo - LAPTOP-7QB5JFLU" id="Test Suites/CURA Test suites/TS05 - History check">
      <properties>
         <property name="deviceName" value=""/>
         <property name="devicePlatform"/>
         <property name="logFolder" value="C:\\Users\\Lenovo\\git\\KatalonPractitionerLevel\\Reports\\20240712_130150\\CURA Test suites\\TS05 - History check\\20240712_130159"/>
         <property name="logFiles" value="C:\\Users\\Lenovo\\git\\KatalonPractitionerLevel\\Reports\\20240712_130150\\CURA Test suites\\TS05 - History check\\20240712_130159\\execution0.log"/>
         <property name="attachments" value="keyes\keyes-History Hongkong Appointment.png"/>
         <property name="hostName" value="Lenovo - LAPTOP-7QB5JFLU"/>
         <property name="os" value="Windows 11 64bit"/>
         <property name="katalonVersion" value="9.6.0.217"/>
         <property name="browser" value="Chrome 126.0.0.0"/>
         <property name="hostAddress" value="192.168.1.12"/>
         <property name="sessionId" value="aa58c515ddb496fdffaf449fde6b0153"/>
         <property name="seleniumVersion" value="3.141.59"/>
         <property name="proxyInformation" value="ProxyInformation { proxyOption=NO_PROXY, proxyServerType=HTTP, username=, password=********, proxyServerAddress=, proxyServerPort=0, executionList=&quot;&quot;, isApplyToDesiredCapabilities=true }"/>
         <property name="platform" value="Windows 11"/>
      </properties>
      <testcase name="Test Cases/CURA Web Test/TC10 - History menu check" time="15.01" classname="Test Cases/CURA Web Test/TC10 - History menu check" status="PASSED">
         <system-out><![CDATA[12-07-2024T13:05:21 - [TEST_CASE][PASSED] - Test Cases/CURA Web Test/TC10 - History menu check: Test Cases/CURA Web Test/TC10 - History menu check

12-07-2024T13:05:21 - [TEST_STEP][PASSED] - openBrowser(""): Browser is opened with url: ''

12-07-2024T13:05:21 - [MESSAGE][INFO] - Starting 'Chrome' driver

12-07-2024T13:05:21 - [MESSAGE][INFO] - Action delay is set to 0 milliseconds

12-07-2024T13:05:23 - [MESSAGE][PASSED] - Browser is opened with url: ''

12-07-2024T13:05:23 - [TEST_STEP][PASSED] - navigateToUrl("https://katalon-demo-cura.herokuapp.com/"): Navigate to 'https://katalon-demo-cura.herokuapp.com/' successfully

12-07-2024T13:05:25 - [MESSAGE][PASSED] - Navigate to 'https://katalon-demo-cura.herokuapp.com/' successfully

12-07-2024T13:05:25 - [TEST_STEP][PASSED] - click(findTestObject("1. CURA Test Object (Click, Set, Dropdown)/Make Appointment")): Object: 'Object Repository/1. CURA Test Object (Click, Set, Dropdown)/Make Appointment' is clicked on

12-07-2024T13:05:26 - [MESSAGE][PASSED] - Object: 'Object Repository/1. CURA Test Object (Click, Set, Dropdown)/Make Appointment' is clicked on

12-07-2024T13:05:26 - [TEST_STEP][PASSED] - setText(findTestObject("1. CURA Test Object (Click, Set, Dropdown)/Username"), "John Doe"): Text 'John Doe' is set on object 'Object Repository/1. CURA Test Object (Click, Set, Dropdown)/Username'

12-07-2024T13:05:27 - [MESSAGE][PASSED] - Text 'John Doe' is set on object 'Object Repository/1. CURA Test Object (Click, Set, Dropdown)/Username'

12-07-2024T13:05:27 - [TEST_STEP][PASSED] - setEncryptedText(findTestObject("1. CURA Test Object (Click, Set, Dropdown)/Password"), "g3/DOGG74jC3Flrr3yH+3D/yKbOqqUNM"): Text ****** has been set on object 'Object Repository/1. CURA Test Object (Click, Set, Dropdown)/Password'

12-07-2024T13:05:27 - [MESSAGE][PASSED] - Text ****** has been set on object 'Object Repository/1. CURA Test Object (Click, Set, Dropdown)/Password'

12-07-2024T13:05:27 - [TEST_STEP][PASSED] - click(findTestObject("1. CURA Test Object (Click, Set, Dropdown)/Login Button")): Object: 'Object Repository/1. CURA Test Object (Click, Set, Dropdown)/Login Button' is clicked on

12-07-2024T13:05:28 - [MESSAGE][PASSED] - Object: 'Object Repository/1. CURA Test Object (Click, Set, Dropdown)/Login Button' is clicked on

12-07-2024T13:05:28 - [TEST_STEP][PASSED] - selectOptionByValue(findTestObject("1. CURA Test Object (Click, Set, Dropdown)/Facility"), "Hongkong CURA Healthcare Center", true): All options with value 'Hongkong CURA Healthcare Center' are selected in object 'Object Repository/1. CURA Test Object (Click, Set, Dropdown)/Facility'  using regular expression

12-07-2024T13:05:29 - [MESSAGE][PASSED] - All options with value 'Hongkong CURA Healthcare Center' are selected in object 'Object Repository/1. CURA Test Object (Click, Set, Dropdown)/Facility'  using regular expression

12-07-2024T13:05:29 - [TEST_STEP][PASSED] - click(findTestObject("1. CURA Test Object (Click, Set, Dropdown)/Apply for Hospital Readmission")): Object: 'Object Repository/1. CURA Test Object (Click, Set, Dropdown)/Apply for Hospital Readmission' is clicked on

12-07-2024T13:05:29 - [MESSAGE][PASSED] - Object: 'Object Repository/1. CURA Test Object (Click, Set, Dropdown)/Apply for Hospital Readmission' is clicked on

12-07-2024T13:05:29 - [TEST_STEP][PASSED] - setText(findTestObject("1. CURA Test Object (Click, Set, Dropdown)/Visit Date"), "28/06/2024"): Text '28/06/2024' is set on object 'Object Repository/1. CURA Test Object (Click, Set, Dropdown)/Visit Date'

12-07-2024T13:05:30 - [MESSAGE][PASSED] - Text '28/06/2024' is set on object 'Object Repository/1. CURA Test Object (Click, Set, Dropdown)/Visit Date'

12-07-2024T13:05:30 - [TEST_STEP][PASSED] - setText(findTestObject("1. CURA Test Object (Click, Set, Dropdown)/Comment"), "Let's meet at 9 AM"): Text 'Let's meet at 9 AM' is set on object 'Object Repository/1. CURA Test Object (Click, Set, Dropdown)/Comment'

12-07-2024T13:05:31 - [MESSAGE][PASSED] - Text 'Let's meet at 9 AM' is set on object 'Object Repository/1. CURA Test Object (Click, Set, Dropdown)/Comment'

12-07-2024T13:05:31 - [TEST_STEP][PASSED] - click(findTestObject("1. CURA Test Object (Click, Set, Dropdown)/Book Appointment")): Object: 'Object Repository/1. CURA Test Object (Click, Set, Dropdown)/Book Appointment' is clicked on

12-07-2024T13:05:31 - [MESSAGE][PASSED] - Object: 'Object Repository/1. CURA Test Object (Click, Set, Dropdown)/Book Appointment' is clicked on

12-07-2024T13:05:31 - [TEST_STEP][PASSED] - verifyElementText(findTestObject("4. Appointment Hongkong/Page_CURA Healthcare Service/h2_Appointment Confirmation"), "Appointment Confirmation"): Actual text and expected text of test object 'Object Repository/4. Appointment Hongkong/Page_CURA Healthcare Service/h2_Appointment Confirmation' are matched.

12-07-2024T13:05:32 - [MESSAGE][PASSED] - Actual text and expected text of test object 'Object Repository/4. Appointment Hongkong/Page_CURA Healthcare Service/h2_Appointment Confirmation' are matched.

12-07-2024T13:05:32 - [TEST_STEP][PASSED] - click(findTestObject("1. CURA Test Object (Click, Set, Dropdown)/Menu")): Object: 'Object Repository/1. CURA Test Object (Click, Set, Dropdown)/Menu' is clicked on

12-07-2024T13:05:32 - [MESSAGE][PASSED] - Object: 'Object Repository/1. CURA Test Object (Click, Set, Dropdown)/Menu' is clicked on

12-07-2024T13:05:32 - [TEST_STEP][PASSED] - click(findTestObject("1. CURA Test Object (Click, Set, Dropdown)/History")): Object: 'Object Repository/1. CURA Test Object (Click, Set, Dropdown)/History' is clicked on

12-07-2024T13:05:33 - [MESSAGE][PASSED] - Object: 'Object Repository/1. CURA Test Object (Click, Set, Dropdown)/History' is clicked on

12-07-2024T13:05:33 - [TEST_STEP][PASSED] - takeScreenshotAsCheckpoint("History Hongkong Appointment"): Taking screenshot successfully

12-07-2024T13:05:33 - [MESSAGE][INFO] - 0 hidden object(s)

12-07-2024T13:05:34 - [MESSAGE][PASSED] - Taking screenshot successfully
[[ATTACHMENT|keyes\keyes-History Hongkong Appointment.png]]

12-07-2024T13:05:34 - [TEST_STEP][PASSED] - verifyElementText(findTestObject("Object Repository/8. History check/Page_CURA Healthcare Service/h2_History"), "History"): Actual text and expected text of test object 'Object Repository/8. History check/Page_CURA Healthcare Service/h2_History' are matched.

12-07-2024T13:05:34 - [MESSAGE][PASSED] - Actual text and expected text of test object 'Object Repository/8. History check/Page_CURA Healthcare Service/h2_History' are matched.

12-07-2024T13:05:34 - [TEST_STEP][PASSED] - verifyElementText(findTestObject("Object Repository/8. History check/Page_CURA Healthcare Service/div_28062024"), "28/06/2024"): Actual text and expected text of test object 'Object Repository/8. History check/Page_CURA Healthcare Service/div_28062024' are matched.

12-07-2024T13:05:34 - [MESSAGE][PASSED] - Actual text and expected text of test object 'Object Repository/8. History check/Page_CURA Healthcare Service/div_28062024' are matched.

12-07-2024T13:05:34 - [TEST_STEP][PASSED] - verifyElementText(findTestObject("Object Repository/8. History check/Page_CURA Healthcare Service/p_Hongkong CURA Healthcare Center"), "Hongkong CURA Healthcare Center"): Actual text and expected text of test object 'Object Repository/8. History check/Page_CURA Healthcare Service/p_Hongkong CURA Healthcare Center' are matched.

12-07-2024T13:05:34 - [MESSAGE][PASSED] - Actual text and expected text of test object 'Object Repository/8. History check/Page_CURA Healthcare Service/p_Hongkong CURA Healthcare Center' are matched.

12-07-2024T13:05:34 - [TEST_STEP][PASSED] - verifyElementText(findTestObject("Object Repository/8. History check/Page_CURA Healthcare Service/p_Yes"), "Yes"): Actual text and expected text of test object 'Object Repository/8. History check/Page_CURA Healthcare Service/p_Yes' are matched.

12-07-2024T13:05:35 - [MESSAGE][PASSED] - Actual text and expected text of test object 'Object Repository/8. History check/Page_CURA Healthcare Service/p_Yes' are matched.

12-07-2024T13:05:35 - [TEST_STEP][PASSED] - verifyElementText(findTestObject("Object Repository/8. History check/Page_CURA Healthcare Service/p_Medicare"), "Medicare"): Actual text and expected text of test object 'Object Repository/8. History check/Page_CURA Healthcare Service/p_Medicare' are matched.

12-07-2024T13:05:35 - [MESSAGE][PASSED] - Actual text and expected text of test object 'Object Repository/8. History check/Page_CURA Healthcare Service/p_Medicare' are matched.

12-07-2024T13:05:35 - [TEST_STEP][PASSED] - verifyElementText(findTestObject("Object Repository/8. History check/Page_CURA Healthcare Service/p_Lets meet at 9 AM"), "Let's meet at 9 AM"): Actual text and expected text of test object 'Object Repository/8. History check/Page_CURA Healthcare Service/p_Lets meet at 9 AM' are matched.

12-07-2024T13:05:35 - [MESSAGE][PASSED] - Actual text and expected text of test object 'Object Repository/8. History check/Page_CURA Healthcare Service/p_Lets meet at 9 AM' are matched.

12-07-2024T13:05:35 - [TEST_STEP][PASSED] - click(findTestObject("1. CURA Test Object (Click, Set, Dropdown)/Go to Homepage")): Object: 'Object Repository/1. CURA Test Object (Click, Set, Dropdown)/Go to Homepage' is clicked on

12-07-2024T13:05:36 - [MESSAGE][PASSED] - Object: 'Object Repository/1. CURA Test Object (Click, Set, Dropdown)/Go to Homepage' is clicked on

12-07-2024T13:05:36 - [TEST_STEP][PASSED] - verifyElementText(findTestObject("2. CURA Test Object (Verify parameter)/CURA Healthcare Service Label"), "CURA Healthcare Service"): Actual text and expected text of test object 'Object Repository/2. CURA Test Object (Verify parameter)/CURA Healthcare Service Label' are matched.

12-07-2024T13:05:36 - [MESSAGE][PASSED] - Actual text and expected text of test object 'Object Repository/2. CURA Test Object (Verify parameter)/CURA Healthcare Service Label' are matched.]]></system-out>
         <system-err><![CDATA[]]></system-err>
      </testcase>
      <testcase name="Test Cases/CURA Web Test/Properties/TCP03 - Logout" time="1.603" classname="Test Cases/CURA Web Test/Properties/TCP03 - Logout" status="PASSED">
         <system-out><![CDATA[12-07-2024T13:05:36 - [TEST_CASE][PASSED] - Test Cases/CURA Web Test/Properties/TCP03 - Logout: Test Cases/CURA Web Test/Properties/TCP03 - Logout

12-07-2024T13:05:36 - [TEST_STEP][PASSED] - verifyElementText(findTestObject("2. CURA Test Object (Verify parameter)/Make Appointment Text"), "Make Appointment"): Actual text and expected text of test object 'Object Repository/2. CURA Test Object (Verify parameter)/Make Appointment Text' are matched.

12-07-2024T13:05:36 - [MESSAGE][PASSED] - Actual text and expected text of test object 'Object Repository/2. CURA Test Object (Verify parameter)/Make Appointment Text' are matched.

12-07-2024T13:05:36 - [TEST_STEP][PASSED] - click(findTestObject("1. CURA Test Object (Click, Set, Dropdown)/Menu")): Object: 'Object Repository/1. CURA Test Object (Click, Set, Dropdown)/Menu' is clicked on

12-07-2024T13:05:37 - [MESSAGE][PASSED] - Object: 'Object Repository/1. CURA Test Object (Click, Set, Dropdown)/Menu' is clicked on

12-07-2024T13:05:37 - [TEST_STEP][PASSED] - click(findTestObject("1. CURA Test Object (Click, Set, Dropdown)/Logout")): Object: 'Object Repository/1. CURA Test Object (Click, Set, Dropdown)/Logout' is clicked on

12-07-2024T13:05:37 - [MESSAGE][PASSED] - Object: 'Object Repository/1. CURA Test Object (Click, Set, Dropdown)/Logout' is clicked on

12-07-2024T13:05:37 - [TEST_STEP][PASSED] - closeBrowser(): Browser is closed

12-07-2024T13:05:38 - [MESSAGE][PASSED] - Browser is closed]]></system-out>
         <system-err><![CDATA[]]></system-err>
      </testcase>
      <system-out><![CDATA[12-07-2024T13:05:21 - [TEST_SUITE][PASSED] - TS05 - History check: Test Cases/CURA Web Test/Properties/TCP03 - Logout]]></system-out>
      <system-err><![CDATA[]]></system-err>
   </testsuite>
   <testsuite name="TS06 - Button check" tests="3" failures="0" errors="0" time="73.206" skipped="0" timestamp="12-07-2024T13:05:48" hostname="Lenovo - LAPTOP-7QB5JFLU" id="Test Suites/CURA Test suites/TS06 - Button check">
      <properties>
         <property name="deviceName" value=""/>
         <property name="devicePlatform"/>
         <property name="logFolder" value="C:\\Users\\Lenovo\\git\\KatalonPractitionerLevel\\Reports\\20240712_130150\\CURA Test suites\\TS06 - Button check\\20240712_130201"/>
         <property name="logFiles" value="C:\\Users\\Lenovo\\git\\KatalonPractitionerLevel\\Reports\\20240712_130150\\CURA Test suites\\TS06 - Button check\\20240712_130201\\execution0.log"/>
         <property name="attachments" value=""/>
         <property name="hostName" value="Lenovo - LAPTOP-7QB5JFLU"/>
         <property name="os" value="Windows 11 64bit"/>
         <property name="katalonVersion" value="9.6.0.217"/>
         <property name="browser" value="Chrome 126.0.0.0"/>
         <property name="hostAddress" value="192.168.1.12"/>
         <property name="sessionId" value="8a53b26e57b5e4f4f16af5506bd608a7"/>
         <property name="seleniumVersion" value="3.141.59"/>
         <property name="proxyInformation" value="ProxyInformation { proxyOption=NO_PROXY, proxyServerType=HTTP, username=, password=********, proxyServerAddress=, proxyServerPort=0, executionList=&quot;&quot;, isApplyToDesiredCapabilities=true }"/>
         <property name="platform" value="Windows 11"/>
      </properties>
      <testcase name="Test Cases/CURA Web Test/Properties/TCP01 - Open browser" time="4.243" classname="Test Cases/CURA Web Test/Properties/TCP01 - Open browser" status="PASSED">
         <system-out><![CDATA[12-07-2024T13:05:48 - [TEST_CASE][PASSED] - Test Cases/CURA Web Test/Properties/TCP01 - Open browser: Test Cases/CURA Web Test/Properties/TCP01 - Open browser

12-07-2024T13:05:48 - [TEST_STEP][PASSED] - openBrowser(""): Browser is opened with url: ''

12-07-2024T13:05:48 - [MESSAGE][INFO] - Starting 'Chrome' driver

12-07-2024T13:05:48 - [MESSAGE][INFO] - Action delay is set to 0 milliseconds

12-07-2024T13:05:49 - [MESSAGE][PASSED] - Browser is opened with url: ''

12-07-2024T13:05:49 - [TEST_STEP][PASSED] - navigateToUrl(URL): Navigate to 'https://katalon-demo-cura.herokuapp.com/' successfully

12-07-2024T13:05:52 - [MESSAGE][PASSED] - Navigate to 'https://katalon-demo-cura.herokuapp.com/' successfully]]></system-out>
         <system-err><![CDATA[]]></system-err>
      </testcase>
      <testcase name="Test Cases/CURA Web Test/TC11 - All button check" time="67.11" classname="Test Cases/CURA Web Test/TC11 - All button check" status="PASSED">
         <system-out><![CDATA[12-07-2024T13:05:52 - [TEST_CASE][PASSED] - Test Cases/CURA Web Test/TC11 - All button check: Test Cases/CURA Web Test/TC11 - All button check

12-07-2024T13:05:52 - [TEST_STEP][PASSED] - verifyElementClickable(findTestObject("10. Login page/Page_CURA Healthcare Service/a_Make Appointment")): Object 'Object Repository/10. Login page/Page_CURA Healthcare Service/a_Make Appointment' is clickable

12-07-2024T13:05:52 - [MESSAGE][PASSED] - Object 'Object Repository/10. Login page/Page_CURA Healthcare Service/a_Make Appointment' is clickable

12-07-2024T13:05:52 - [TEST_STEP][PASSED] - click(findTestObject("10. Login page/Page_CURA Healthcare Service/a_Make Appointment")): Object: 'Object Repository/10. Login page/Page_CURA Healthcare Service/a_Make Appointment' is clicked on

12-07-2024T13:05:53 - [MESSAGE][PASSED] - Object: 'Object Repository/10. Login page/Page_CURA Healthcare Service/a_Make Appointment' is clicked on

12-07-2024T13:05:53 - [TEST_STEP][PASSED] - setText(findTestObject("10. Login page/Page_CURA Healthcare Service/input_Username_username"), "John Doe"): Text 'John Doe' is set on object 'Object Repository/10. Login page/Page_CURA Healthcare Service/input_Username_username'

12-07-2024T13:06:24 - [MESSAGE][INFO] - Unable to find the element located by 'By.xpath: John'. Please recheck the objects properties to make sure the desired element is located. 

12-07-2024T13:06:24 - [MESSAGE][WARNING] - [SELF-HEALING] Failed to find element with id 'Object Repository/10. Login page/Page_CURA Healthcare Service/input_Username_username'. Try using Self-healing.

12-07-2024T13:06:24 - [MESSAGE][INFO] - [SELF-HEALING] Working Locator: '//input[@id='txt-username']'.

12-07-2024T13:06:25 - [MESSAGE][INFO] - [SELF-HEALING] Screenshot: C:/Users/Lenovo/git/KatalonPractitionerLevel/Reports/Self-healing/Object Repository/10. Login page/Page_CURA Healthcare Service/input_Username_username_attributes.png

12-07-2024T13:06:25 - [MESSAGE][WARNING] - [SELF-HEALING] The current locator of test object 'Object Repository/10. Login page/Page_CURA Healthcare Service/input_Username_username' was broken. Propose an alternative one: '//input[@id='txt-username']'.

12-07-2024T13:06:56 - [MESSAGE][INFO] - Unable to find the element located by 'By.xpath: John'. Please recheck the objects properties to make sure the desired element is located. 

12-07-2024T13:06:56 - [MESSAGE][WARNING] - [SELF-HEALING] Failed to find element with id 'Object Repository/10. Login page/Page_CURA Healthcare Service/input_Username_username'. Try using Self-healing.

12-07-2024T13:06:56 - [MESSAGE][WARNING] - [SELF-HEALING] The current locator of test object 'Object Repository/10. Login page/Page_CURA Healthcare Service/input_Username_username' was broken. Propose an alternative one: '//input[@id='txt-username']'.

12-07-2024T13:06:56 - [MESSAGE][PASSED] - Text 'John Doe' is set on object 'Object Repository/10. Login page/Page_CURA Healthcare Service/input_Username_username'

12-07-2024T13:06:56 - [TEST_STEP][PASSED] - setText(findTestObject("10. Login page/Page_CURA Healthcare Service/input_Password_password"), "ThisIsNotAPassword"): Text 'ThisIsNotAPassword' is set on object 'Object Repository/10. Login page/Page_CURA Healthcare Service/input_Password_password'

12-07-2024T13:06:57 - [MESSAGE][PASSED] - Text 'ThisIsNotAPassword' is set on object 'Object Repository/10. Login page/Page_CURA Healthcare Service/input_Password_password'

12-07-2024T13:06:57 - [TEST_STEP][PASSED] - verifyElementClickable(findTestObject("10. Login page/Page_CURA Healthcare Service/button_Login")): Object 'Object Repository/10. Login page/Page_CURA Healthcare Service/button_Login' is clickable

12-07-2024T13:06:57 - [MESSAGE][PASSED] - Object 'Object Repository/10. Login page/Page_CURA Healthcare Service/button_Login' is clickable

12-07-2024T13:06:57 - [TEST_STEP][PASSED] - click(findTestObject("10. Login page/Page_CURA Healthcare Service/button_Login")): Object: 'Object Repository/10. Login page/Page_CURA Healthcare Service/button_Login' is clicked on

12-07-2024T13:06:58 - [MESSAGE][PASSED] - Object: 'Object Repository/10. Login page/Page_CURA Healthcare Service/button_Login' is clicked on

12-07-2024T13:06:58 - [TEST_STEP][PASSED] - verifyElementClickable(findTestObject("3. Appointment/Page_CURA Healthcare Service/button_Book Appointment")): Object 'Object Repository/3. Appointment/Page_CURA Healthcare Service/button_Book Appointment' is clickable

12-07-2024T13:06:59 - [MESSAGE][PASSED] - Object 'Object Repository/3. Appointment/Page_CURA Healthcare Service/button_Book Appointment' is clickable

12-07-2024T13:06:59 - [TEST_STEP][PASSED] - verifyElementClickable(findTestObject("8. History check/Page_CURA Healthcare Service/i_CURA Healthcare_fa fa-bars")): Object 'Object Repository/8. History check/Page_CURA Healthcare Service/i_CURA Healthcare_fa fa-bars' is clickable

12-07-2024T13:06:59 - [MESSAGE][PASSED] - Object 'Object Repository/8. History check/Page_CURA Healthcare Service/i_CURA Healthcare_fa fa-bars' is clickable]]></system-out>
         <system-err><![CDATA[]]></system-err>
      </testcase>
      <testcase name="Test Cases/CURA Web Test/Properties/TCP03 - Logout" time="1.685" classname="Test Cases/CURA Web Test/Properties/TCP03 - Logout" status="PASSED">
         <system-out><![CDATA[12-07-2024T13:06:59 - [TEST_CASE][PASSED] - Test Cases/CURA Web Test/Properties/TCP03 - Logout: Test Cases/CURA Web Test/Properties/TCP03 - Logout

12-07-2024T13:06:59 - [TEST_STEP][PASSED] - verifyElementText(findTestObject("2. CURA Test Object (Verify parameter)/Make Appointment Text"), "Make Appointment"): Actual text and expected text of test object 'Object Repository/2. CURA Test Object (Verify parameter)/Make Appointment Text' are matched.

12-07-2024T13:06:59 - [MESSAGE][PASSED] - Actual text and expected text of test object 'Object Repository/2. CURA Test Object (Verify parameter)/Make Appointment Text' are matched.

12-07-2024T13:06:59 - [TEST_STEP][PASSED] - click(findTestObject("1. CURA Test Object (Click, Set, Dropdown)/Menu")): Object: 'Object Repository/1. CURA Test Object (Click, Set, Dropdown)/Menu' is clicked on

12-07-2024T13:07:00 - [MESSAGE][PASSED] - Object: 'Object Repository/1. CURA Test Object (Click, Set, Dropdown)/Menu' is clicked on

12-07-2024T13:07:00 - [TEST_STEP][PASSED] - click(findTestObject("1. CURA Test Object (Click, Set, Dropdown)/Logout")): Object: 'Object Repository/1. CURA Test Object (Click, Set, Dropdown)/Logout' is clicked on

12-07-2024T13:07:01 - [MESSAGE][PASSED] - Object: 'Object Repository/1. CURA Test Object (Click, Set, Dropdown)/Logout' is clicked on

12-07-2024T13:07:01 - [TEST_STEP][PASSED] - closeBrowser(): Browser is closed

12-07-2024T13:07:01 - [MESSAGE][PASSED] - Browser is closed]]></system-out>
         <system-err><![CDATA[]]></system-err>
      </testcase>
      <system-out><![CDATA[12-07-2024T13:05:48 - [TEST_SUITE][PASSED] - TS06 - Button check: Test Cases/CURA Web Test/Properties/TCP03 - Logout]]></system-out>
      <system-err><![CDATA[]]></system-err>
   </testsuite>
   <testsuite name="TS07 - Home button variation" tests="4" failures="0" errors="0" time="12.965" skipped="0" timestamp="12-07-2024T13:07:10" hostname="Lenovo - LAPTOP-7QB5JFLU" id="Test Suites/CURA Test suites/TS07 - Home button variation">
      <properties>
         <property name="deviceName" value=""/>
         <property name="devicePlatform"/>
         <property name="logFolder" value="C:\\Users\\Lenovo\\git\\KatalonPractitionerLevel\\Reports\\20240712_130150\\CURA Test suites\\TS07 - Home button variation\\20240712_130203"/>
         <property name="logFiles" value="C:\\Users\\Lenovo\\git\\KatalonPractitionerLevel\\Reports\\20240712_130150\\CURA Test suites\\TS07 - Home button variation\\20240712_130203\\execution0.log"/>
         <property name="attachments" value=""/>
         <property name="hostName" value="Lenovo - LAPTOP-7QB5JFLU"/>
         <property name="os" value="Windows 11 64bit"/>
         <property name="katalonVersion" value="9.6.0.217"/>
         <property name="browser" value="Chrome 126.0.0.0"/>
         <property name="hostAddress" value="192.168.1.12"/>
         <property name="sessionId" value="99ff065439d7de1a432ea44ae4e223a9"/>
         <property name="seleniumVersion" value="3.141.59"/>
         <property name="proxyInformation" value="ProxyInformation { proxyOption=NO_PROXY, proxyServerType=HTTP, username=, password=********, proxyServerAddress=, proxyServerPort=0, executionList=&quot;&quot;, isApplyToDesiredCapabilities=true }"/>
         <property name="platform" value="Windows 11"/>
      </properties>
      <testcase name="Test Cases/CURA Web Test/Properties/TCP01 - Open browser" time="4.67" classname="Test Cases/CURA Web Test/Properties/TCP01 - Open browser" status="PASSED">
         <system-out><![CDATA[12-07-2024T13:07:10 - [TEST_CASE][PASSED] - Test Cases/CURA Web Test/Properties/TCP01 - Open browser: Test Cases/CURA Web Test/Properties/TCP01 - Open browser

12-07-2024T13:07:11 - [TEST_STEP][PASSED] - openBrowser(""): Browser is opened with url: ''

12-07-2024T13:07:11 - [MESSAGE][INFO] - Starting 'Chrome' driver

12-07-2024T13:07:11 - [MESSAGE][INFO] - Action delay is set to 0 milliseconds

12-07-2024T13:07:12 - [MESSAGE][PASSED] - Browser is opened with url: ''

12-07-2024T13:07:12 - [TEST_STEP][PASSED] - navigateToUrl(URL): Navigate to 'https://katalon-demo-cura.herokuapp.com/' successfully

12-07-2024T13:07:15 - [MESSAGE][PASSED] - Navigate to 'https://katalon-demo-cura.herokuapp.com/' successfully]]></system-out>
         <system-err><![CDATA[]]></system-err>
      </testcase>
      <testcase name="Test Cases/CURA Web Test/Properties/TCP02 - Login" time="3.353" classname="Test Cases/CURA Web Test/Properties/TCP02 - Login" status="PASSED">
         <system-out><![CDATA[12-07-2024T13:07:15 - [TEST_CASE][PASSED] - Test Cases/CURA Web Test/Properties/TCP02 - Login: Test Cases/CURA Web Test/Properties/TCP02 - Login

12-07-2024T13:07:15 - [TEST_STEP][PASSED] - click(findTestObject("1. CURA Test Object (Click, Set, Dropdown)/Make Appointment")): Object: 'Object Repository/1. CURA Test Object (Click, Set, Dropdown)/Make Appointment' is clicked on

12-07-2024T13:07:16 - [MESSAGE][PASSED] - Object: 'Object Repository/1. CURA Test Object (Click, Set, Dropdown)/Make Appointment' is clicked on

12-07-2024T13:07:16 - [TEST_STEP][PASSED] - verifyElementText(findTestObject("2. CURA Test Object (Verify parameter)/Login Text"), "Login"): Actual text and expected text of test object 'Object Repository/2. CURA Test Object (Verify parameter)/Login Text' are matched.

12-07-2024T13:07:16 - [MESSAGE][PASSED] - Actual text and expected text of test object 'Object Repository/2. CURA Test Object (Verify parameter)/Login Text' are matched.

12-07-2024T13:07:16 - [TEST_STEP][PASSED] - setText(findTestObject("1. CURA Test Object (Click, Set, Dropdown)/Username"), Username): Text 'John Doe' is set on object 'Object Repository/1. CURA Test Object (Click, Set, Dropdown)/Username'

12-07-2024T13:07:17 - [MESSAGE][PASSED] - Text 'John Doe' is set on object 'Object Repository/1. CURA Test Object (Click, Set, Dropdown)/Username'

12-07-2024T13:07:17 - [TEST_STEP][PASSED] - setText(findTestObject("1. CURA Test Object (Click, Set, Dropdown)/Password"), Password): Text 'ThisIsNotAPassword' is set on object 'Object Repository/1. CURA Test Object (Click, Set, Dropdown)/Password'

12-07-2024T13:07:18 - [MESSAGE][PASSED] - Text 'ThisIsNotAPassword' is set on object 'Object Repository/1. CURA Test Object (Click, Set, Dropdown)/Password'

12-07-2024T13:07:18 - [TEST_STEP][PASSED] - click(findTestObject("1. CURA Test Object (Click, Set, Dropdown)/Login Button")): Object: 'Object Repository/1. CURA Test Object (Click, Set, Dropdown)/Login Button' is clicked on

12-07-2024T13:07:19 - [MESSAGE][PASSED] - Object: 'Object Repository/1. CURA Test Object (Click, Set, Dropdown)/Login Button' is clicked on]]></system-out>
         <system-err><![CDATA[]]></system-err>
      </testcase>
      <testcase name="Test Cases/CURA Web Test/TC14 - Home button" time="3.188" classname="Test Cases/CURA Web Test/TC14 - Home button" status="PASSED">
         <system-out><![CDATA[12-07-2024T13:07:19 - [TEST_CASE][PASSED] - Test Cases/CURA Web Test/TC14 - Home button: Test Cases/CURA Web Test/TC14 - Home button

12-07-2024T13:07:19 - [TEST_STEP][PASSED] - verifyElementPresent(findTestObject("9. Homepage of CURA/Page_CURA Healthcare Service/h1_CURA Healthcare Service"), 0): Object 'Object Repository/9. Homepage of CURA/Page_CURA Healthcare Service/h1_CURA Healthcare Service' is present

12-07-2024T13:07:19 - [MESSAGE][WARNING] - Timeout '0' is invalid. Using default page load timeout: '30'

12-07-2024T13:07:19 - [MESSAGE][PASSED] - Object 'Object Repository/9. Homepage of CURA/Page_CURA Healthcare Service/h1_CURA Healthcare Service' is present

12-07-2024T13:07:19 - [TEST_STEP][PASSED] - click(findTestObject("6. CURA menu/Page_CURA Healthcare Service/i_CURA Healthcare_fa fa-bars")): Object: 'Object Repository/6. CURA menu/Page_CURA Healthcare Service/i_CURA Healthcare_fa fa-bars' is clicked on

12-07-2024T13:07:19 - [MESSAGE][PASSED] - Object: 'Object Repository/6. CURA menu/Page_CURA Healthcare Service/i_CURA Healthcare_fa fa-bars' is clicked on

12-07-2024T13:07:19 - [TEST_STEP][PASSED] - click(findTestObject("11. Login menu check/Page_CURA Healthcare Service/a_Home")): Object: 'Object Repository/11. Login menu check/Page_CURA Healthcare Service/a_Home' is clicked on

12-07-2024T13:07:20 - [MESSAGE][PASSED] - Object: 'Object Repository/11. Login menu check/Page_CURA Healthcare Service/a_Home' is clicked on

12-07-2024T13:07:20 - [TEST_STEP][PASSED] - verifyElementPresent(findTestObject("11. Login menu check/Page_CURA Healthcare Service/h1_CURA Healthcare Service"), 0): Object 'Object Repository/11. Login menu check/Page_CURA Healthcare Service/h1_CURA Healthcare Service' is present

12-07-2024T13:07:20 - [MESSAGE][WARNING] - Timeout '0' is invalid. Using default page load timeout: '30'

12-07-2024T13:07:20 - [MESSAGE][PASSED] - Object 'Object Repository/11. Login menu check/Page_CURA Healthcare Service/h1_CURA Healthcare Service' is present

12-07-2024T13:07:20 - [TEST_STEP][PASSED] - click(findTestObject("11. Login menu check/Page_CURA Healthcare Service/i_CURA Healthcare_fa fa-bars")): Object: 'Object Repository/11. Login menu check/Page_CURA Healthcare Service/i_CURA Healthcare_fa fa-bars' is clicked on

12-07-2024T13:07:20 - [MESSAGE][PASSED] - Object: 'Object Repository/11. Login menu check/Page_CURA Healthcare Service/i_CURA Healthcare_fa fa-bars' is clicked on

12-07-2024T13:07:20 - [TEST_STEP][PASSED] - click(findTestObject("8. History check/Page_CURA Healthcare Service/a_History")): Object: 'Object Repository/8. History check/Page_CURA Healthcare Service/a_History' is clicked on

12-07-2024T13:07:21 - [MESSAGE][PASSED] - Object: 'Object Repository/8. History check/Page_CURA Healthcare Service/a_History' is clicked on

12-07-2024T13:07:21 - [TEST_STEP][PASSED] - click(findTestObject("8. History check/Page_CURA Healthcare Service/a_Go to Homepage")): Object: 'Object Repository/8. History check/Page_CURA Healthcare Service/a_Go to Homepage' is clicked on

12-07-2024T13:07:22 - [MESSAGE][PASSED] - Object: 'Object Repository/8. History check/Page_CURA Healthcare Service/a_Go to Homepage' is clicked on]]></system-out>
         <system-err><![CDATA[]]></system-err>
      </testcase>
      <testcase name="Test Cases/CURA Web Test/Properties/TCP03 - Logout" time="1.637" classname="Test Cases/CURA Web Test/Properties/TCP03 - Logout" status="PASSED">
         <system-out><![CDATA[12-07-2024T13:07:22 - [TEST_CASE][PASSED] - Test Cases/CURA Web Test/Properties/TCP03 - Logout: Test Cases/CURA Web Test/Properties/TCP03 - Logout

12-07-2024T13:07:22 - [TEST_STEP][PASSED] - verifyElementText(findTestObject("2. CURA Test Object (Verify parameter)/Make Appointment Text"), "Make Appointment"): Actual text and expected text of test object 'Object Repository/2. CURA Test Object (Verify parameter)/Make Appointment Text' are matched.

12-07-2024T13:07:22 - [MESSAGE][PASSED] - Actual text and expected text of test object 'Object Repository/2. CURA Test Object (Verify parameter)/Make Appointment Text' are matched.

12-07-2024T13:07:22 - [TEST_STEP][PASSED] - click(findTestObject("1. CURA Test Object (Click, Set, Dropdown)/Menu")): Object: 'Object Repository/1. CURA Test Object (Click, Set, Dropdown)/Menu' is clicked on

12-07-2024T13:07:22 - [MESSAGE][PASSED] - Object: 'Object Repository/1. CURA Test Object (Click, Set, Dropdown)/Menu' is clicked on

12-07-2024T13:07:22 - [TEST_STEP][PASSED] - click(findTestObject("1. CURA Test Object (Click, Set, Dropdown)/Logout")): Object: 'Object Repository/1. CURA Test Object (Click, Set, Dropdown)/Logout' is clicked on

12-07-2024T13:07:23 - [MESSAGE][PASSED] - Object: 'Object Repository/1. CURA Test Object (Click, Set, Dropdown)/Logout' is clicked on

12-07-2024T13:07:23 - [TEST_STEP][PASSED] - closeBrowser(): Browser is closed

12-07-2024T13:07:23 - [MESSAGE][PASSED] - Browser is closed]]></system-out>
         <system-err><![CDATA[]]></system-err>
      </testcase>
      <system-out><![CDATA[12-07-2024T13:07:10 - [TEST_SUITE][PASSED] - TS07 - Home button variation: Test Cases/CURA Web Test/Properties/TCP03 - Logout]]></system-out>
      <system-err><![CDATA[]]></system-err>
   </testsuite>
   <testsuite name="TS08 - Hongkong appointment using variable" tests="3" failures="0" errors="0" time="13.582" skipped="0" timestamp="12-07-2024T13:07:33" hostname="Lenovo - LAPTOP-7QB5JFLU" id="Test Suites/CURA Test suites/TS08 - Hongkong appointment using variable">
      <properties>
         <property name="deviceName" value=""/>
         <property name="devicePlatform"/>
         <property name="logFolder" value="C:\\Users\\Lenovo\\git\\KatalonPractitionerLevel\\Reports\\20240712_130150\\CURA Test suites\\TS08 - Hongkong appointment using variable\\20240712_130205"/>
         <property name="logFiles" value="C:\\Users\\Lenovo\\git\\KatalonPractitionerLevel\\Reports\\20240712_130150\\CURA Test suites\\TS08 - Hongkong appointment using variable\\20240712_130205\\execution0.log"/>
         <property name="attachments" value=""/>
         <property name="hostName" value="Lenovo - LAPTOP-7QB5JFLU"/>
         <property name="os" value="Windows 11 64bit"/>
         <property name="katalonVersion" value="9.6.0.217"/>
         <property name="browser" value="Chrome 126.0.0.0"/>
         <property name="hostAddress" value="192.168.1.12"/>
         <property name="sessionId" value="a45ef8c4f563745d2a538ceb7d500b7c"/>
         <property name="seleniumVersion" value="3.141.59"/>
         <property name="proxyInformation" value="ProxyInformation { proxyOption=NO_PROXY, proxyServerType=HTTP, username=, password=********, proxyServerAddress=, proxyServerPort=0, executionList=&quot;&quot;, isApplyToDesiredCapabilities=true }"/>
         <property name="platform" value="Windows 11"/>
      </properties>
      <testcase name="Test Cases/CURA Web Test/TC15 - Login using variable" time="7.617" classname="Test Cases/CURA Web Test/TC15 - Login using variable" status="PASSED">
         <system-out><![CDATA[12-07-2024T13:07:33 - [TEST_CASE][PASSED] - Test Cases/CURA Web Test/TC15 - Login using variable: Test Cases/CURA Web Test/TC15 - Login using variable

12-07-2024T13:07:33 - [TEST_STEP][PASSED] - openBrowser(""): Browser is opened with url: ''

12-07-2024T13:07:34 - [MESSAGE][INFO] - Starting 'Chrome' driver

12-07-2024T13:07:34 - [MESSAGE][INFO] - Action delay is set to 0 milliseconds

12-07-2024T13:07:35 - [MESSAGE][PASSED] - Browser is opened with url: ''

12-07-2024T13:07:35 - [TEST_STEP][PASSED] - navigateToUrl("https://katalon-demo-cura.herokuapp.com/"): Navigate to 'https://katalon-demo-cura.herokuapp.com/' successfully

12-07-2024T13:07:38 - [MESSAGE][PASSED] - Navigate to 'https://katalon-demo-cura.herokuapp.com/' successfully

12-07-2024T13:07:38 - [TEST_STEP][PASSED] - loginParameter = "varibleLogin": null

12-07-2024T13:07:38 - [TEST_STEP][PASSED] - click(findTestObject("1. CURA Test Object (Click, Set, Dropdown)/Make Appointment")): Object: 'Object Repository/1. CURA Test Object (Click, Set, Dropdown)/Make Appointment' is clicked on

12-07-2024T13:07:39 - [MESSAGE][PASSED] - Object: 'Object Repository/1. CURA Test Object (Click, Set, Dropdown)/Make Appointment' is clicked on

12-07-2024T13:07:39 - [TEST_STEP][PASSED] - setText(findTestObject("1. CURA Test Object (Click, Set, Dropdown)/Username"), Username): Text 'John Doe' is set on object 'Object Repository/1. CURA Test Object (Click, Set, Dropdown)/Username'

12-07-2024T13:07:39 - [MESSAGE][PASSED] - Text 'John Doe' is set on object 'Object Repository/1. CURA Test Object (Click, Set, Dropdown)/Username'

12-07-2024T13:07:39 - [TEST_STEP][PASSED] - setText(findTestObject("1. CURA Test Object (Click, Set, Dropdown)/Password"), Password): Text 'ThisIsNotAPassword' is set on object 'Object Repository/1. CURA Test Object (Click, Set, Dropdown)/Password'

12-07-2024T13:07:40 - [MESSAGE][PASSED] - Text 'ThisIsNotAPassword' is set on object 'Object Repository/1. CURA Test Object (Click, Set, Dropdown)/Password'

12-07-2024T13:07:40 - [TEST_STEP][PASSED] - click(findTestObject("1. CURA Test Object (Click, Set, Dropdown)/Login Button")): Object: 'Object Repository/1. CURA Test Object (Click, Set, Dropdown)/Login Button' is clicked on

12-07-2024T13:07:41 - [MESSAGE][PASSED] - Object: 'Object Repository/1. CURA Test Object (Click, Set, Dropdown)/Login Button' is clicked on]]></system-out>
         <system-err><![CDATA[]]></system-err>
      </testcase>
      <testcase name="Test Cases/CURA Web Test/TC16 - Appointment Hongkong using variable" time="4.223" classname="Test Cases/CURA Web Test/TC16 - Appointment Hongkong using variable" status="PASSED">
         <system-out><![CDATA[12-07-2024T13:07:41 - [TEST_CASE][PASSED] - Test Cases/CURA Web Test/TC16 - Appointment Hongkong using variable: Test Cases/CURA Web Test/TC16 - Appointment Hongkong using variable

12-07-2024T13:07:41 - [TEST_STEP][PASSED] - selectOptionByValue(findTestObject("1. CURA Test Object (Click, Set, Dropdown)/Facility"), "Hongkong CURA Healthcare Center", true, CONTINUE_ON_FAILURE): All options with value 'Hongkong CURA Healthcare Center' are selected in object 'Object Repository/1. CURA Test Object (Click, Set, Dropdown)/Facility'  using regular expression

12-07-2024T13:07:42 - [MESSAGE][PASSED] - All options with value 'Hongkong CURA Healthcare Center' are selected in object 'Object Repository/1. CURA Test Object (Click, Set, Dropdown)/Facility'  using regular expression

12-07-2024T13:07:42 - [TEST_STEP][PASSED] - click(findTestObject("1. CURA Test Object (Click, Set, Dropdown)/Apply for Hospital Readmission")): Object: 'Object Repository/1. CURA Test Object (Click, Set, Dropdown)/Apply for Hospital Readmission' is clicked on

12-07-2024T13:07:42 - [MESSAGE][PASSED] - Object: 'Object Repository/1. CURA Test Object (Click, Set, Dropdown)/Apply for Hospital Readmission' is clicked on

12-07-2024T13:07:42 - [TEST_STEP][PASSED] - click(findTestObject("1. CURA Test Object (Click, Set, Dropdown)/Medicaid")): Object: 'Object Repository/1. CURA Test Object (Click, Set, Dropdown)/Medicaid' is clicked on

12-07-2024T13:07:43 - [MESSAGE][PASSED] - Object: 'Object Repository/1. CURA Test Object (Click, Set, Dropdown)/Medicaid' is clicked on

12-07-2024T13:07:43 - [TEST_STEP][PASSED] - click(findTestObject("1. CURA Test Object (Click, Set, Dropdown)/Visit Date")): Object: 'Object Repository/1. CURA Test Object (Click, Set, Dropdown)/Visit Date' is clicked on

12-07-2024T13:07:43 - [MESSAGE][PASSED] - Object: 'Object Repository/1. CURA Test Object (Click, Set, Dropdown)/Visit Date' is clicked on

12-07-2024T13:07:43 - [TEST_STEP][PASSED] - setText(findTestObject("1. CURA Test Object (Click, Set, Dropdown)/Visit Date"), "18/07/2024"): Text '18/07/2024' is set on object 'Object Repository/1. CURA Test Object (Click, Set, Dropdown)/Visit Date'

12-07-2024T13:07:44 - [MESSAGE][PASSED] - Text '18/07/2024' is set on object 'Object Repository/1. CURA Test Object (Click, Set, Dropdown)/Visit Date'

12-07-2024T13:07:44 - [TEST_STEP][PASSED] - setText(findTestObject("1. CURA Test Object (Click, Set, Dropdown)/Comment"), Comment4): Text '' is set on object 'Object Repository/1. CURA Test Object (Click, Set, Dropdown)/Comment'

12-07-2024T13:07:44 - [MESSAGE][PASSED] - Text '' is set on object 'Object Repository/1. CURA Test Object (Click, Set, Dropdown)/Comment'

12-07-2024T13:07:44 - [TEST_STEP][PASSED] - click(findTestObject("1. CURA Test Object (Click, Set, Dropdown)/Book Appointment")): Object: 'Object Repository/1. CURA Test Object (Click, Set, Dropdown)/Book Appointment' is clicked on

12-07-2024T13:07:45 - [MESSAGE][PASSED] - Object: 'Object Repository/1. CURA Test Object (Click, Set, Dropdown)/Book Appointment' is clicked on]]></system-out>
         <system-err><![CDATA[]]></system-err>
      </testcase>
      <testcase name="Test Cases/CURA Web Test/TC12 - Logout via button toggle" time="1.535" classname="Test Cases/CURA Web Test/TC12 - Logout via button toggle" status="PASSED">
         <system-out><![CDATA[12-07-2024T13:07:45 - [TEST_CASE][PASSED] - Test Cases/CURA Web Test/TC12 - Logout via button toggle: Test Cases/CURA Web Test/TC12 - Logout via button toggle

12-07-2024T13:07:45 - [TEST_STEP][PASSED] - click(findTestObject("1. CURA Test Object (Click, Set, Dropdown)/Menu"), STOP_ON_FAILURE): Object: 'Object Repository/1. CURA Test Object (Click, Set, Dropdown)/Menu' is clicked on

12-07-2024T13:07:45 - [MESSAGE][PASSED] - Object: 'Object Repository/1. CURA Test Object (Click, Set, Dropdown)/Menu' is clicked on

12-07-2024T13:07:45 - [TEST_STEP][PASSED] - click(findTestObject("1. CURA Test Object (Click, Set, Dropdown)/Logout")): Object: 'Object Repository/1. CURA Test Object (Click, Set, Dropdown)/Logout' is clicked on

12-07-2024T13:07:46 - [MESSAGE][PASSED] - Object: 'Object Repository/1. CURA Test Object (Click, Set, Dropdown)/Logout' is clicked on

12-07-2024T13:07:46 - [TEST_STEP][PASSED] - verifyElementText(findTestObject("2. CURA Test Object (Verify parameter)/CURA Healthcare Service Label"), "CURA Healthcare Service"): Actual text and expected text of test object 'Object Repository/2. CURA Test Object (Verify parameter)/CURA Healthcare Service Label' are matched.

12-07-2024T13:07:47 - [MESSAGE][PASSED] - Actual text and expected text of test object 'Object Repository/2. CURA Test Object (Verify parameter)/CURA Healthcare Service Label' are matched.]]></system-out>
         <system-err><![CDATA[]]></system-err>
      </testcase>
      <system-out><![CDATA[12-07-2024T13:07:33 - [TEST_SUITE][PASSED] - TS08 - Hongkong appointment using variable: Test Cases/CURA Web Test/TC12 - Logout via button toggle]]></system-out>
      <system-err><![CDATA[]]></system-err>
   </testsuite>
   <testsuite name="TS09 - Login using data driven" tests="7" failures="0" errors="0" time="79.507" skipped="0" timestamp="12-07-2024T13:07:57" hostname="Lenovo - LAPTOP-7QB5JFLU" id="Test Suites/CURA Test suites/TS09 - Login using data driven">
      <properties>
         <property name="deviceName" value=""/>
         <property name="devicePlatform"/>
         <property name="logFolder" value="C:\\Users\\Lenovo\\git\\KatalonPractitionerLevel\\Reports\\20240712_130150\\CURA Test suites\\TS09 - Login using data driven\\20240712_130207"/>
         <property name="logFiles" value="C:\\Users\\Lenovo\\git\\KatalonPractitionerLevel\\Reports\\20240712_130150\\CURA Test suites\\TS09 - Login using data driven\\20240712_130207\\execution0.log"/>
         <property name="attachments" value=""/>
         <property name="hostName" value="Lenovo - LAPTOP-7QB5JFLU"/>
         <property name="os" value="Windows 11 64bit"/>
         <property name="katalonVersion" value="9.6.0.217"/>
         <property name="browser" value="Chrome 126.0.0.0"/>
         <property name="hostAddress" value="192.168.1.12"/>
         <property name="sessionId" value="d6bd71d670826d2f04af57b240e69c66"/>
         <property name="seleniumVersion" value="3.141.59"/>
         <property name="proxyInformation" value="ProxyInformation { proxyOption=NO_PROXY, proxyServerType=HTTP, username=, password=********, proxyServerAddress=, proxyServerPort=0, executionList=&quot;&quot;, isApplyToDesiredCapabilities=true }"/>
         <property name="platform" value="Windows 11"/>
      </properties>
      <testcase name="Test Cases/CURA Web Test/TC17 - Login using data driven" time="9.272" classname="Test Cases/CURA Web Test/TC17 - Login using data driven" status="PASSED">
         <system-out><![CDATA[12-07-2024T13:07:57 - [TEST_CASE][PASSED] - Test Cases/CURA Web Test/TC17 - Login using data driven: Test Cases/CURA Web Test/TC17 - Login using data driven

12-07-2024T13:07:58 - [TEST_STEP][PASSED] - callTestCase(findTestCase("CURA Web Test/Properties/TCP01 - Open browser"), [:], STOP_ON_FAILURE): Call Test Case 'Test Cases/CURA Web Test/Properties/TCP01 - Open browser' successfully

12-07-2024T13:07:58 - [TEST_CASE][PASSED] - Test Cases/CURA Web Test/Properties/TCP01 - Open browser: Test Cases/CURA Web Test/Properties/TCP01 - Open browser

12-07-2024T13:07:58 - [TEST_STEP][PASSED] - openBrowser(""): Browser is opened with url: ''

12-07-2024T13:07:58 - [MESSAGE][INFO] - Starting 'Chrome' driver

12-07-2024T13:07:58 - [MESSAGE][INFO] - Action delay is set to 0 milliseconds

12-07-2024T13:07:59 - [MESSAGE][PASSED] - Browser is opened with url: ''

12-07-2024T13:07:59 - [TEST_STEP][PASSED] - navigateToUrl(URL): Navigate to 'https://katalon-demo-cura.herokuapp.com/' successfully

12-07-2024T13:08:02 - [MESSAGE][PASSED] - Navigate to 'https://katalon-demo-cura.herokuapp.com/' successfully

12-07-2024T13:08:02 - [MESSAGE][PASSED] - Call Test Case 'Test Cases/CURA Web Test/Properties/TCP01 - Open browser' successfully

12-07-2024T13:08:02 - [TEST_STEP][PASSED] - click(findTestObject("1. CURA Test Object (Click, Set, Dropdown)/Make Appointment")): Object: 'Object Repository/1. CURA Test Object (Click, Set, Dropdown)/Make Appointment' is clicked on

12-07-2024T13:08:03 - [MESSAGE][PASSED] - Object: 'Object Repository/1. CURA Test Object (Click, Set, Dropdown)/Make Appointment' is clicked on

12-07-2024T13:08:03 - [TEST_STEP][PASSED] - loginParameter = "varibleLogin": null

12-07-2024T13:08:03 - [TEST_STEP][PASSED] - username = getAttribute(findTestObject("1. CURA Test Object (Click, Set, Dropdown)/Username"), Username): Attribute 'John' of object 'Object Repository/1. CURA Test Object (Click, Set, Dropdown)/Username' is: 'null'

12-07-2024T13:08:03 - [MESSAGE][PASSED] - Attribute 'John' of object 'Object Repository/1. CURA Test Object (Click, Set, Dropdown)/Username' is: 'null'

12-07-2024T13:08:03 - [TEST_STEP][PASSED] - password = getAttribute(findTestObject("1. CURA Test Object (Click, Set, Dropdown)/Password"), Password): Attribute '' of object 'Object Repository/1. CURA Test Object (Click, Set, Dropdown)/Password' is: 'null'

12-07-2024T13:08:04 - [MESSAGE][PASSED] - Attribute '' of object 'Object Repository/1. CURA Test Object (Click, Set, Dropdown)/Password' is: 'null'

12-07-2024T13:08:04 - [TEST_STEP][PASSED] - setText(findTestObject("1. CURA Test Object (Click, Set, Dropdown)/Username"), Username): Text 'John' is set on object 'Object Repository/1. CURA Test Object (Click, Set, Dropdown)/Username'

12-07-2024T13:08:04 - [MESSAGE][PASSED] - Text 'John' is set on object 'Object Repository/1. CURA Test Object (Click, Set, Dropdown)/Username'

12-07-2024T13:08:04 - [TEST_STEP][PASSED] - setText(findTestObject("1. CURA Test Object (Click, Set, Dropdown)/Password"), Password): Text '' is set on object 'Object Repository/1. CURA Test Object (Click, Set, Dropdown)/Password'

12-07-2024T13:08:05 - [MESSAGE][PASSED] - Text '' is set on object 'Object Repository/1. CURA Test Object (Click, Set, Dropdown)/Password'

12-07-2024T13:08:05 - [TEST_STEP][PASSED] - click(findTestObject("1. CURA Test Object (Click, Set, Dropdown)/Login Button")): Object: 'Object Repository/1. CURA Test Object (Click, Set, Dropdown)/Login Button' is clicked on

12-07-2024T13:08:06 - [MESSAGE][PASSED] - Object: 'Object Repository/1. CURA Test Object (Click, Set, Dropdown)/Login Button' is clicked on

12-07-2024T13:08:06 - [TEST_STEP][PASSED] - if (username == "John Doe" && password == "ThisIsNotAPassword"): null

12-07-2024T13:08:06 - [TEST_STEP][PASSED] - else: Object 'Object Repository/7. Failed Login/Page_CURA Healthcare Service/p_Login failed Please ensure the username a_eb55b5' is visible

12-07-2024T13:08:06 - [TEST_STEP][PASSED] - verifyElementVisible(findTestObject("Object Repository/7. Failed Login/Page_CURA Healthcare Service/p_Login failed Please ensure the username a_eb55b5")): Object 'Object Repository/7. Failed Login/Page_CURA Healthcare Service/p_Login failed Please ensure the username a_eb55b5' is visible

12-07-2024T13:08:06 - [MESSAGE][PASSED] - Object 'Object Repository/7. Failed Login/Page_CURA Healthcare Service/p_Login failed Please ensure the username a_eb55b5' is visible]]></system-out>
         <system-err><![CDATA[]]></system-err>
      </testcase>
      <testcase name="Test Cases/CURA Web Test/TC17 - Login using data driven" time="7.417" classname="Test Cases/CURA Web Test/TC17 - Login using data driven" status="PASSED">
         <system-out><![CDATA[12-07-2024T13:08:06 - [TEST_CASE][PASSED] - Test Cases/CURA Web Test/TC17 - Login using data driven: Test Cases/CURA Web Test/TC17 - Login using data driven

12-07-2024T13:08:06 - [TEST_STEP][PASSED] - callTestCase(findTestCase("CURA Web Test/Properties/TCP01 - Open browser"), [:], STOP_ON_FAILURE): Call Test Case 'Test Cases/CURA Web Test/Properties/TCP01 - Open browser' successfully

12-07-2024T13:08:06 - [TEST_CASE][PASSED] - Test Cases/CURA Web Test/Properties/TCP01 - Open browser: Test Cases/CURA Web Test/Properties/TCP01 - Open browser

12-07-2024T13:08:06 - [TEST_STEP][PASSED] - openBrowser(""): Browser is opened with url: ''

12-07-2024T13:08:06 - [MESSAGE][WARNING] - A browser is already opened. Closing browser and opening a new one

12-07-2024T13:08:06 - [MESSAGE][INFO] - Starting 'Chrome' driver

12-07-2024T13:08:06 - [MESSAGE][INFO] - Action delay is set to 0 milliseconds

12-07-2024T13:08:07 - [MESSAGE][PASSED] - Browser is opened with url: ''

12-07-2024T13:08:07 - [TEST_STEP][PASSED] - navigateToUrl(URL): Navigate to 'https://katalon-demo-cura.herokuapp.com/' successfully

12-07-2024T13:08:10 - [MESSAGE][PASSED] - Navigate to 'https://katalon-demo-cura.herokuapp.com/' successfully

12-07-2024T13:08:10 - [MESSAGE][PASSED] - Call Test Case 'Test Cases/CURA Web Test/Properties/TCP01 - Open browser' successfully

12-07-2024T13:08:10 - [TEST_STEP][PASSED] - click(findTestObject("1. CURA Test Object (Click, Set, Dropdown)/Make Appointment")): Object: 'Object Repository/1. CURA Test Object (Click, Set, Dropdown)/Make Appointment' is clicked on

12-07-2024T13:08:10 - [MESSAGE][PASSED] - Object: 'Object Repository/1. CURA Test Object (Click, Set, Dropdown)/Make Appointment' is clicked on

12-07-2024T13:08:10 - [TEST_STEP][PASSED] - loginParameter = "varibleLogin": null

12-07-2024T13:08:10 - [TEST_STEP][PASSED] - username = getAttribute(findTestObject("1. CURA Test Object (Click, Set, Dropdown)/Username"), Username): Attribute 'John Doe' of object 'Object Repository/1. CURA Test Object (Click, Set, Dropdown)/Username' is: 'null'

12-07-2024T13:08:11 - [MESSAGE][PASSED] - Attribute 'John Doe' of object 'Object Repository/1. CURA Test Object (Click, Set, Dropdown)/Username' is: 'null'

12-07-2024T13:08:11 - [TEST_STEP][PASSED] - password = getAttribute(findTestObject("1. CURA Test Object (Click, Set, Dropdown)/Password"), Password): Attribute '' of object 'Object Repository/1. CURA Test Object (Click, Set, Dropdown)/Password' is: 'null'

12-07-2024T13:08:11 - [MESSAGE][PASSED] - Attribute '' of object 'Object Repository/1. CURA Test Object (Click, Set, Dropdown)/Password' is: 'null'

12-07-2024T13:08:11 - [TEST_STEP][PASSED] - setText(findTestObject("1. CURA Test Object (Click, Set, Dropdown)/Username"), Username): Text 'John Doe' is set on object 'Object Repository/1. CURA Test Object (Click, Set, Dropdown)/Username'

12-07-2024T13:08:12 - [MESSAGE][PASSED] - Text 'John Doe' is set on object 'Object Repository/1. CURA Test Object (Click, Set, Dropdown)/Username'

12-07-2024T13:08:12 - [TEST_STEP][PASSED] - setText(findTestObject("1. CURA Test Object (Click, Set, Dropdown)/Password"), Password): Text '' is set on object 'Object Repository/1. CURA Test Object (Click, Set, Dropdown)/Password'

12-07-2024T13:08:12 - [MESSAGE][PASSED] - Text '' is set on object 'Object Repository/1. CURA Test Object (Click, Set, Dropdown)/Password'

12-07-2024T13:08:12 - [TEST_STEP][PASSED] - click(findTestObject("1. CURA Test Object (Click, Set, Dropdown)/Login Button")): Object: 'Object Repository/1. CURA Test Object (Click, Set, Dropdown)/Login Button' is clicked on

12-07-2024T13:08:13 - [MESSAGE][PASSED] - Object: 'Object Repository/1. CURA Test Object (Click, Set, Dropdown)/Login Button' is clicked on

12-07-2024T13:08:13 - [TEST_STEP][PASSED] - if (username == "John Doe" && password == "ThisIsNotAPassword"): null

12-07-2024T13:08:13 - [TEST_STEP][PASSED] - else: Object 'Object Repository/7. Failed Login/Page_CURA Healthcare Service/p_Login failed Please ensure the username a_eb55b5' is visible

12-07-2024T13:08:13 - [TEST_STEP][PASSED] - verifyElementVisible(findTestObject("Object Repository/7. Failed Login/Page_CURA Healthcare Service/p_Login failed Please ensure the username a_eb55b5")): Object 'Object Repository/7. Failed Login/Page_CURA Healthcare Service/p_Login failed Please ensure the username a_eb55b5' is visible

12-07-2024T13:08:14 - [MESSAGE][PASSED] - Object 'Object Repository/7. Failed Login/Page_CURA Healthcare Service/p_Login failed Please ensure the username a_eb55b5' is visible]]></system-out>
         <system-err><![CDATA[]]></system-err>
      </testcase>
      <testcase name="Test Cases/CURA Web Test/TC17 - Login using data driven" time="7.303" classname="Test Cases/CURA Web Test/TC17 - Login using data driven" status="PASSED">
         <system-out><![CDATA[12-07-2024T13:08:14 - [TEST_CASE][PASSED] - Test Cases/CURA Web Test/TC17 - Login using data driven: Test Cases/CURA Web Test/TC17 - Login using data driven

12-07-2024T13:08:14 - [TEST_STEP][PASSED] - callTestCase(findTestCase("CURA Web Test/Properties/TCP01 - Open browser"), [:], STOP_ON_FAILURE): Call Test Case 'Test Cases/CURA Web Test/Properties/TCP01 - Open browser' successfully

12-07-2024T13:08:14 - [TEST_CASE][PASSED] - Test Cases/CURA Web Test/Properties/TCP01 - Open browser: Test Cases/CURA Web Test/Properties/TCP01 - Open browser

12-07-2024T13:08:14 - [TEST_STEP][PASSED] - openBrowser(""): Browser is opened with url: ''

12-07-2024T13:08:14 - [MESSAGE][WARNING] - A browser is already opened. Closing browser and opening a new one

12-07-2024T13:08:14 - [MESSAGE][INFO] - Starting 'Chrome' driver

12-07-2024T13:08:14 - [MESSAGE][INFO] - Action delay is set to 0 milliseconds

12-07-2024T13:08:15 - [MESSAGE][PASSED] - Browser is opened with url: ''

12-07-2024T13:08:15 - [TEST_STEP][PASSED] - navigateToUrl(URL): Navigate to 'https://katalon-demo-cura.herokuapp.com/' successfully

12-07-2024T13:08:17 - [MESSAGE][PASSED] - Navigate to 'https://katalon-demo-cura.herokuapp.com/' successfully

12-07-2024T13:08:17 - [MESSAGE][PASSED] - Call Test Case 'Test Cases/CURA Web Test/Properties/TCP01 - Open browser' successfully

12-07-2024T13:08:17 - [TEST_STEP][PASSED] - click(findTestObject("1. CURA Test Object (Click, Set, Dropdown)/Make Appointment")): Object: 'Object Repository/1. CURA Test Object (Click, Set, Dropdown)/Make Appointment' is clicked on

12-07-2024T13:08:18 - [MESSAGE][PASSED] - Object: 'Object Repository/1. CURA Test Object (Click, Set, Dropdown)/Make Appointment' is clicked on

12-07-2024T13:08:18 - [TEST_STEP][PASSED] - loginParameter = "varibleLogin": null

12-07-2024T13:08:18 - [TEST_STEP][PASSED] - username = getAttribute(findTestObject("1. CURA Test Object (Click, Set, Dropdown)/Username"), Username): Attribute 'John Doe' of object 'Object Repository/1. CURA Test Object (Click, Set, Dropdown)/Username' is: 'null'

12-07-2024T13:08:18 - [MESSAGE][PASSED] - Attribute 'John Doe' of object 'Object Repository/1. CURA Test Object (Click, Set, Dropdown)/Username' is: 'null'

12-07-2024T13:08:18 - [TEST_STEP][PASSED] - password = getAttribute(findTestObject("1. CURA Test Object (Click, Set, Dropdown)/Password"), Password): Attribute 'This' of object 'Object Repository/1. CURA Test Object (Click, Set, Dropdown)/Password' is: 'null'

12-07-2024T13:08:19 - [MESSAGE][PASSED] - Attribute 'This' of object 'Object Repository/1. CURA Test Object (Click, Set, Dropdown)/Password' is: 'null'

12-07-2024T13:08:19 - [TEST_STEP][PASSED] - setText(findTestObject("1. CURA Test Object (Click, Set, Dropdown)/Username"), Username): Text 'John Doe' is set on object 'Object Repository/1. CURA Test Object (Click, Set, Dropdown)/Username'

12-07-2024T13:08:19 - [MESSAGE][PASSED] - Text 'John Doe' is set on object 'Object Repository/1. CURA Test Object (Click, Set, Dropdown)/Username'

12-07-2024T13:08:19 - [TEST_STEP][PASSED] - setText(findTestObject("1. CURA Test Object (Click, Set, Dropdown)/Password"), Password): Text 'This' is set on object 'Object Repository/1. CURA Test Object (Click, Set, Dropdown)/Password'

12-07-2024T13:08:20 - [MESSAGE][PASSED] - Text 'This' is set on object 'Object Repository/1. CURA Test Object (Click, Set, Dropdown)/Password'

12-07-2024T13:08:20 - [TEST_STEP][PASSED] - click(findTestObject("1. CURA Test Object (Click, Set, Dropdown)/Login Button")): Object: 'Object Repository/1. CURA Test Object (Click, Set, Dropdown)/Login Button' is clicked on

12-07-2024T13:08:21 - [MESSAGE][PASSED] - Object: 'Object Repository/1. CURA Test Object (Click, Set, Dropdown)/Login Button' is clicked on

12-07-2024T13:08:21 - [TEST_STEP][PASSED] - if (username == "John Doe" && password == "ThisIsNotAPassword"): null

12-07-2024T13:08:21 - [TEST_STEP][PASSED] - else: Object 'Object Repository/7. Failed Login/Page_CURA Healthcare Service/p_Login failed Please ensure the username a_eb55b5' is visible

12-07-2024T13:08:21 - [TEST_STEP][PASSED] - verifyElementVisible(findTestObject("Object Repository/7. Failed Login/Page_CURA Healthcare Service/p_Login failed Please ensure the username a_eb55b5")): Object 'Object Repository/7. Failed Login/Page_CURA Healthcare Service/p_Login failed Please ensure the username a_eb55b5' is visible

12-07-2024T13:08:21 - [MESSAGE][PASSED] - Object 'Object Repository/7. Failed Login/Page_CURA Healthcare Service/p_Login failed Please ensure the username a_eb55b5' is visible]]></system-out>
         <system-err><![CDATA[]]></system-err>
      </testcase>
      <testcase name="Test Cases/CURA Web Test/TC17 - Login using data driven" time="7.468" classname="Test Cases/CURA Web Test/TC17 - Login using data driven" status="PASSED">
         <system-out><![CDATA[12-07-2024T13:08:21 - [TEST_CASE][PASSED] - Test Cases/CURA Web Test/TC17 - Login using data driven: Test Cases/CURA Web Test/TC17 - Login using data driven

12-07-2024T13:08:21 - [TEST_STEP][PASSED] - callTestCase(findTestCase("CURA Web Test/Properties/TCP01 - Open browser"), [:], STOP_ON_FAILURE): Call Test Case 'Test Cases/CURA Web Test/Properties/TCP01 - Open browser' successfully

12-07-2024T13:08:21 - [TEST_CASE][PASSED] - Test Cases/CURA Web Test/Properties/TCP01 - Open browser: Test Cases/CURA Web Test/Properties/TCP01 - Open browser

12-07-2024T13:08:21 - [TEST_STEP][PASSED] - openBrowser(""): Browser is opened with url: ''

12-07-2024T13:08:21 - [MESSAGE][WARNING] - A browser is already opened. Closing browser and opening a new one

12-07-2024T13:08:21 - [MESSAGE][INFO] - Starting 'Chrome' driver

12-07-2024T13:08:21 - [MESSAGE][INFO] - Action delay is set to 0 milliseconds

12-07-2024T13:08:22 - [MESSAGE][PASSED] - Browser is opened with url: ''

12-07-2024T13:08:22 - [TEST_STEP][PASSED] - navigateToUrl(URL): Navigate to 'https://katalon-demo-cura.herokuapp.com/' successfully

12-07-2024T13:08:25 - [MESSAGE][PASSED] - Navigate to 'https://katalon-demo-cura.herokuapp.com/' successfully

12-07-2024T13:08:25 - [MESSAGE][PASSED] - Call Test Case 'Test Cases/CURA Web Test/Properties/TCP01 - Open browser' successfully

12-07-2024T13:08:25 - [TEST_STEP][PASSED] - click(findTestObject("1. CURA Test Object (Click, Set, Dropdown)/Make Appointment")): Object: 'Object Repository/1. CURA Test Object (Click, Set, Dropdown)/Make Appointment' is clicked on

12-07-2024T13:08:25 - [MESSAGE][PASSED] - Object: 'Object Repository/1. CURA Test Object (Click, Set, Dropdown)/Make Appointment' is clicked on

12-07-2024T13:08:25 - [TEST_STEP][PASSED] - loginParameter = "varibleLogin": null

12-07-2024T13:08:25 - [TEST_STEP][PASSED] - username = getAttribute(findTestObject("1. CURA Test Object (Click, Set, Dropdown)/Username"), Username): Attribute '' of object 'Object Repository/1. CURA Test Object (Click, Set, Dropdown)/Username' is: 'null'

12-07-2024T13:08:26 - [MESSAGE][PASSED] - Attribute '' of object 'Object Repository/1. CURA Test Object (Click, Set, Dropdown)/Username' is: 'null'

12-07-2024T13:08:26 - [TEST_STEP][PASSED] - password = getAttribute(findTestObject("1. CURA Test Object (Click, Set, Dropdown)/Password"), Password): Attribute 'ThisIsNotAPassword' of object 'Object Repository/1. CURA Test Object (Click, Set, Dropdown)/Password' is: 'null'

12-07-2024T13:08:26 - [MESSAGE][PASSED] - Attribute 'ThisIsNotAPassword' of object 'Object Repository/1. CURA Test Object (Click, Set, Dropdown)/Password' is: 'null'

12-07-2024T13:08:26 - [TEST_STEP][PASSED] - setText(findTestObject("1. CURA Test Object (Click, Set, Dropdown)/Username"), Username): Text '' is set on object 'Object Repository/1. CURA Test Object (Click, Set, Dropdown)/Username'

12-07-2024T13:08:27 - [MESSAGE][PASSED] - Text '' is set on object 'Object Repository/1. CURA Test Object (Click, Set, Dropdown)/Username'

12-07-2024T13:08:27 - [TEST_STEP][PASSED] - setText(findTestObject("1. CURA Test Object (Click, Set, Dropdown)/Password"), Password): Text 'ThisIsNotAPassword' is set on object 'Object Repository/1. CURA Test Object (Click, Set, Dropdown)/Password'

12-07-2024T13:08:27 - [MESSAGE][PASSED] - Text 'ThisIsNotAPassword' is set on object 'Object Repository/1. CURA Test Object (Click, Set, Dropdown)/Password'

12-07-2024T13:08:27 - [TEST_STEP][PASSED] - click(findTestObject("1. CURA Test Object (Click, Set, Dropdown)/Login Button")): Object: 'Object Repository/1. CURA Test Object (Click, Set, Dropdown)/Login Button' is clicked on

12-07-2024T13:08:28 - [MESSAGE][PASSED] - Object: 'Object Repository/1. CURA Test Object (Click, Set, Dropdown)/Login Button' is clicked on

12-07-2024T13:08:28 - [TEST_STEP][PASSED] - if (username == "John Doe" && password == "ThisIsNotAPassword"): null

12-07-2024T13:08:28 - [TEST_STEP][PASSED] - else: Object 'Object Repository/7. Failed Login/Page_CURA Healthcare Service/p_Login failed Please ensure the username a_eb55b5' is visible

12-07-2024T13:08:28 - [TEST_STEP][PASSED] - verifyElementVisible(findTestObject("Object Repository/7. Failed Login/Page_CURA Healthcare Service/p_Login failed Please ensure the username a_eb55b5")): Object 'Object Repository/7. Failed Login/Page_CURA Healthcare Service/p_Login failed Please ensure the username a_eb55b5' is visible

12-07-2024T13:08:28 - [MESSAGE][PASSED] - Object 'Object Repository/7. Failed Login/Page_CURA Healthcare Service/p_Login failed Please ensure the username a_eb55b5' is visible]]></system-out>
         <system-err><![CDATA[]]></system-err>
      </testcase>
      <testcase name="Test Cases/CURA Web Test/TC17 - Login using data driven" time="7.277" classname="Test Cases/CURA Web Test/TC17 - Login using data driven" status="PASSED">
         <system-out><![CDATA[12-07-2024T13:08:28 - [TEST_CASE][PASSED] - Test Cases/CURA Web Test/TC17 - Login using data driven: Test Cases/CURA Web Test/TC17 - Login using data driven

12-07-2024T13:08:28 - [TEST_STEP][PASSED] - callTestCase(findTestCase("CURA Web Test/Properties/TCP01 - Open browser"), [:], STOP_ON_FAILURE): Call Test Case 'Test Cases/CURA Web Test/Properties/TCP01 - Open browser' successfully

12-07-2024T13:08:29 - [TEST_CASE][PASSED] - Test Cases/CURA Web Test/Properties/TCP01 - Open browser: Test Cases/CURA Web Test/Properties/TCP01 - Open browser

12-07-2024T13:08:29 - [TEST_STEP][PASSED] - openBrowser(""): Browser is opened with url: ''

12-07-2024T13:08:29 - [MESSAGE][WARNING] - A browser is already opened. Closing browser and opening a new one

12-07-2024T13:08:29 - [MESSAGE][INFO] - Starting 'Chrome' driver

12-07-2024T13:08:29 - [MESSAGE][INFO] - Action delay is set to 0 milliseconds

12-07-2024T13:08:29 - [MESSAGE][PASSED] - Browser is opened with url: ''

12-07-2024T13:08:29 - [TEST_STEP][PASSED] - navigateToUrl(URL): Navigate to 'https://katalon-demo-cura.herokuapp.com/' successfully

12-07-2024T13:08:32 - [MESSAGE][PASSED] - Navigate to 'https://katalon-demo-cura.herokuapp.com/' successfully

12-07-2024T13:08:32 - [MESSAGE][PASSED] - Call Test Case 'Test Cases/CURA Web Test/Properties/TCP01 - Open browser' successfully

12-07-2024T13:08:32 - [TEST_STEP][PASSED] - click(findTestObject("1. CURA Test Object (Click, Set, Dropdown)/Make Appointment")): Object: 'Object Repository/1. CURA Test Object (Click, Set, Dropdown)/Make Appointment' is clicked on

12-07-2024T13:08:33 - [MESSAGE][PASSED] - Object: 'Object Repository/1. CURA Test Object (Click, Set, Dropdown)/Make Appointment' is clicked on

12-07-2024T13:08:33 - [TEST_STEP][PASSED] - loginParameter = "varibleLogin": null

12-07-2024T13:08:33 - [TEST_STEP][PASSED] - username = getAttribute(findTestObject("1. CURA Test Object (Click, Set, Dropdown)/Username"), Username): Attribute 'John' of object 'Object Repository/1. CURA Test Object (Click, Set, Dropdown)/Username' is: 'null'

12-07-2024T13:08:33 - [MESSAGE][PASSED] - Attribute 'John' of object 'Object Repository/1. CURA Test Object (Click, Set, Dropdown)/Username' is: 'null'

12-07-2024T13:08:33 - [TEST_STEP][PASSED] - password = getAttribute(findTestObject("1. CURA Test Object (Click, Set, Dropdown)/Password"), Password): Attribute 'This' of object 'Object Repository/1. CURA Test Object (Click, Set, Dropdown)/Password' is: 'null'

12-07-2024T13:08:33 - [MESSAGE][PASSED] - Attribute 'This' of object 'Object Repository/1. CURA Test Object (Click, Set, Dropdown)/Password' is: 'null'

12-07-2024T13:08:33 - [TEST_STEP][PASSED] - setText(findTestObject("1. CURA Test Object (Click, Set, Dropdown)/Username"), Username): Text 'John' is set on object 'Object Repository/1. CURA Test Object (Click, Set, Dropdown)/Username'

12-07-2024T13:08:34 - [MESSAGE][PASSED] - Text 'John' is set on object 'Object Repository/1. CURA Test Object (Click, Set, Dropdown)/Username'

12-07-2024T13:08:34 - [TEST_STEP][PASSED] - setText(findTestObject("1. CURA Test Object (Click, Set, Dropdown)/Password"), Password): Text 'This' is set on object 'Object Repository/1. CURA Test Object (Click, Set, Dropdown)/Password'

12-07-2024T13:08:35 - [MESSAGE][PASSED] - Text 'This' is set on object 'Object Repository/1. CURA Test Object (Click, Set, Dropdown)/Password'

12-07-2024T13:08:35 - [TEST_STEP][PASSED] - click(findTestObject("1. CURA Test Object (Click, Set, Dropdown)/Login Button")): Object: 'Object Repository/1. CURA Test Object (Click, Set, Dropdown)/Login Button' is clicked on

12-07-2024T13:08:35 - [MESSAGE][PASSED] - Object: 'Object Repository/1. CURA Test Object (Click, Set, Dropdown)/Login Button' is clicked on

12-07-2024T13:08:35 - [TEST_STEP][PASSED] - if (username == "John Doe" && password == "ThisIsNotAPassword"): null

12-07-2024T13:08:35 - [TEST_STEP][PASSED] - else: Object 'Object Repository/7. Failed Login/Page_CURA Healthcare Service/p_Login failed Please ensure the username a_eb55b5' is visible

12-07-2024T13:08:35 - [TEST_STEP][PASSED] - verifyElementVisible(findTestObject("Object Repository/7. Failed Login/Page_CURA Healthcare Service/p_Login failed Please ensure the username a_eb55b5")): Object 'Object Repository/7. Failed Login/Page_CURA Healthcare Service/p_Login failed Please ensure the username a_eb55b5' is visible

12-07-2024T13:08:36 - [MESSAGE][PASSED] - Object 'Object Repository/7. Failed Login/Page_CURA Healthcare Service/p_Login failed Please ensure the username a_eb55b5' is visible]]></system-out>
         <system-err><![CDATA[]]></system-err>
      </testcase>
      <testcase name="Test Cases/CURA Web Test/TC17 - Login using data driven" time="38.81" classname="Test Cases/CURA Web Test/TC17 - Login using data driven" status="PASSED">
         <system-out><![CDATA[12-07-2024T13:08:36 - [TEST_CASE][PASSED] - Test Cases/CURA Web Test/TC17 - Login using data driven: Test Cases/CURA Web Test/TC17 - Login using data driven

12-07-2024T13:08:36 - [TEST_STEP][PASSED] - callTestCase(findTestCase("CURA Web Test/Properties/TCP01 - Open browser"), [:], STOP_ON_FAILURE): Call Test Case 'Test Cases/CURA Web Test/Properties/TCP01 - Open browser' successfully

12-07-2024T13:08:36 - [TEST_CASE][PASSED] - Test Cases/CURA Web Test/Properties/TCP01 - Open browser: Test Cases/CURA Web Test/Properties/TCP01 - Open browser

12-07-2024T13:08:36 - [TEST_STEP][PASSED] - openBrowser(""): Browser is opened with url: ''

12-07-2024T13:08:36 - [MESSAGE][WARNING] - A browser is already opened. Closing browser and opening a new one

12-07-2024T13:08:36 - [MESSAGE][INFO] - Starting 'Chrome' driver

12-07-2024T13:08:36 - [MESSAGE][INFO] - Action delay is set to 0 milliseconds

12-07-2024T13:08:37 - [MESSAGE][PASSED] - Browser is opened with url: ''

12-07-2024T13:08:37 - [TEST_STEP][PASSED] - navigateToUrl(URL): Navigate to 'https://katalon-demo-cura.herokuapp.com/' successfully

12-07-2024T13:08:39 - [MESSAGE][PASSED] - Navigate to 'https://katalon-demo-cura.herokuapp.com/' successfully

12-07-2024T13:08:39 - [MESSAGE][PASSED] - Call Test Case 'Test Cases/CURA Web Test/Properties/TCP01 - Open browser' successfully

12-07-2024T13:08:39 - [TEST_STEP][PASSED] - click(findTestObject("1. CURA Test Object (Click, Set, Dropdown)/Make Appointment")): Object: 'Object Repository/1. CURA Test Object (Click, Set, Dropdown)/Make Appointment' is clicked on

12-07-2024T13:08:40 - [MESSAGE][PASSED] - Object: 'Object Repository/1. CURA Test Object (Click, Set, Dropdown)/Make Appointment' is clicked on

12-07-2024T13:08:40 - [TEST_STEP][PASSED] - loginParameter = "varibleLogin": null

12-07-2024T13:08:40 - [TEST_STEP][PASSED] - username = getAttribute(findTestObject("1. CURA Test Object (Click, Set, Dropdown)/Username"), Username): Attribute 'John Doe' of object 'Object Repository/1. CURA Test Object (Click, Set, Dropdown)/Username' is: 'null'

12-07-2024T13:08:40 - [MESSAGE][PASSED] - Attribute 'John Doe' of object 'Object Repository/1. CURA Test Object (Click, Set, Dropdown)/Username' is: 'null'

12-07-2024T13:08:40 - [TEST_STEP][PASSED] - password = getAttribute(findTestObject("1. CURA Test Object (Click, Set, Dropdown)/Password"), Password): Attribute 'ThisIsNotAPassword' of object 'Object Repository/1. CURA Test Object (Click, Set, Dropdown)/Password' is: 'null'

12-07-2024T13:08:41 - [MESSAGE][PASSED] - Attribute 'ThisIsNotAPassword' of object 'Object Repository/1. CURA Test Object (Click, Set, Dropdown)/Password' is: 'null'

12-07-2024T13:08:41 - [TEST_STEP][PASSED] - setText(findTestObject("1. CURA Test Object (Click, Set, Dropdown)/Username"), Username): Text 'John Doe' is set on object 'Object Repository/1. CURA Test Object (Click, Set, Dropdown)/Username'

12-07-2024T13:08:41 - [MESSAGE][PASSED] - Text 'John Doe' is set on object 'Object Repository/1. CURA Test Object (Click, Set, Dropdown)/Username'

12-07-2024T13:08:41 - [TEST_STEP][PASSED] - setText(findTestObject("1. CURA Test Object (Click, Set, Dropdown)/Password"), Password): Text 'ThisIsNotAPassword' is set on object 'Object Repository/1. CURA Test Object (Click, Set, Dropdown)/Password'

12-07-2024T13:08:42 - [MESSAGE][PASSED] - Text 'ThisIsNotAPassword' is set on object 'Object Repository/1. CURA Test Object (Click, Set, Dropdown)/Password'

12-07-2024T13:08:42 - [TEST_STEP][PASSED] - click(findTestObject("1. CURA Test Object (Click, Set, Dropdown)/Login Button")): Object: 'Object Repository/1. CURA Test Object (Click, Set, Dropdown)/Login Button' is clicked on

12-07-2024T13:08:42 - [MESSAGE][PASSED] - Object: 'Object Repository/1. CURA Test Object (Click, Set, Dropdown)/Login Button' is clicked on

12-07-2024T13:08:42 - [TEST_STEP][PASSED] - if (username == "John Doe" && password == "ThisIsNotAPassword"): null

12-07-2024T13:08:42 - [TEST_STEP][PASSED] - else: Object 'Object Repository/7. Failed Login/Page_CURA Healthcare Service/p_Login failed Please ensure the username a_eb55b5' is visible

12-07-2024T13:08:42 - [TEST_STEP][PASSED] - verifyElementVisible(findTestObject("Object Repository/7. Failed Login/Page_CURA Healthcare Service/p_Login failed Please ensure the username a_eb55b5")): Object 'Object Repository/7. Failed Login/Page_CURA Healthcare Service/p_Login failed Please ensure the username a_eb55b5' is visible

12-07-2024T13:09:14 - [MESSAGE][INFO] - Unable to find the element located by 'By.xpath: //section[@id='login']/div/div/div/p[2]'. Please recheck the objects properties to make sure the desired element is located. 

12-07-2024T13:09:14 - [MESSAGE][WARNING] - [SELF-HEALING] Failed to find element with id 'Object Repository/7. Failed Login/Page_CURA Healthcare Service/p_Login failed Please ensure the username a_eb55b5'. Try using Self-healing.

12-07-2024T13:09:14 - [MESSAGE][INFO] - [SELF-HEALING] Failed Locator: '//section[@id='login']/div/div/div/p[2]'.

12-07-2024T13:09:14 - [MESSAGE][INFO] - [SELF-HEALING] Failed Locator: '(.//*[normalize-space(text()) and normalize-space(.)='Login'])[2]/following::p[2]'.

12-07-2024T13:09:14 - [MESSAGE][INFO] - [SELF-HEALING] Working Locator: '(.//*[normalize-space(text()) and normalize-space(.)='Make Appointment'])[1]/following::p[2]'.

12-07-2024T13:09:15 - [MESSAGE][INFO] - [SELF-HEALING] Screenshot: C:/Users/Lenovo/git/KatalonPractitionerLevel/Reports/Self-healing/Object Repository/7. Failed Login/Page_CURA Healthcare Service/p_Login failed Please ensure the username a_eb55b5_neighbor.png

12-07-2024T13:09:15 - [MESSAGE][WARNING] - [SELF-HEALING] The current locator of test object 'Object Repository/7. Failed Login/Page_CURA Healthcare Service/p_Login failed Please ensure the username a_eb55b5' was broken. Propose an alternative one: '(.//*[normalize-space(text()) and normalize-space(.)='Make Appointment'])[1]/following::p[2]'.

12-07-2024T13:09:15 - [MESSAGE][PASSED] - Object 'Object Repository/7. Failed Login/Page_CURA Healthcare Service/p_Login failed Please ensure the username a_eb55b5' is visible]]></system-out>
         <system-err><![CDATA[]]></system-err>
      </testcase>
      <testcase name="Test Cases/CURA Web Test/Properties/TCP03 - Logout" time="1.644" classname="Test Cases/CURA Web Test/Properties/TCP03 - Logout" status="PASSED">
         <system-out><![CDATA[12-07-2024T13:09:15 - [TEST_CASE][PASSED] - Test Cases/CURA Web Test/Properties/TCP03 - Logout: Test Cases/CURA Web Test/Properties/TCP03 - Logout

12-07-2024T13:09:15 - [TEST_STEP][PASSED] - verifyElementText(findTestObject("2. CURA Test Object (Verify parameter)/Make Appointment Text"), "Make Appointment"): Actual text and expected text of test object 'Object Repository/2. CURA Test Object (Verify parameter)/Make Appointment Text' are matched.

12-07-2024T13:09:15 - [MESSAGE][PASSED] - Actual text and expected text of test object 'Object Repository/2. CURA Test Object (Verify parameter)/Make Appointment Text' are matched.

12-07-2024T13:09:15 - [TEST_STEP][PASSED] - click(findTestObject("1. CURA Test Object (Click, Set, Dropdown)/Menu")): Object: 'Object Repository/1. CURA Test Object (Click, Set, Dropdown)/Menu' is clicked on

12-07-2024T13:09:15 - [MESSAGE][PASSED] - Object: 'Object Repository/1. CURA Test Object (Click, Set, Dropdown)/Menu' is clicked on

12-07-2024T13:09:15 - [TEST_STEP][PASSED] - click(findTestObject("1. CURA Test Object (Click, Set, Dropdown)/Logout")): Object: 'Object Repository/1. CURA Test Object (Click, Set, Dropdown)/Logout' is clicked on

12-07-2024T13:09:16 - [MESSAGE][PASSED] - Object: 'Object Repository/1. CURA Test Object (Click, Set, Dropdown)/Logout' is clicked on

12-07-2024T13:09:16 - [TEST_STEP][PASSED] - closeBrowser(): Browser is closed

12-07-2024T13:09:16 - [MESSAGE][PASSED] - Browser is closed]]></system-out>
         <system-err><![CDATA[]]></system-err>
      </testcase>
      <system-out><![CDATA[12-07-2024T13:07:57 - [TEST_SUITE][PASSED] - TS09 - Login using data driven: Test Cases/CURA Web Test/Properties/TCP03 - Logout]]></system-out>
      <system-err><![CDATA[]]></system-err>
   </testsuite>
   <testsuite name="TS10 - Seoul appointment using data driven" tests="6" failures="0" errors="0" time="64.432" skipped="0" timestamp="12-07-2024T13:09:28" hostname="Lenovo - LAPTOP-7QB5JFLU" id="Test Suites/CURA Test suites/TS10 - Seoul appointment using data driven">
      <properties>
         <property name="deviceName" value=""/>
         <property name="devicePlatform"/>
         <property name="logFolder" value="C:\\Users\\Lenovo\\git\\KatalonPractitionerLevel\\Reports\\20240712_130150\\CURA Test suites\\TS10 - Seoul appointment using data driven\\20240712_130209"/>
         <property name="logFiles" value="C:\\Users\\Lenovo\\git\\KatalonPractitionerLevel\\Reports\\20240712_130150\\CURA Test suites\\TS10 - Seoul appointment using data driven\\20240712_130209\\execution0.log"/>
         <property name="attachments" value=""/>
         <property name="hostName" value="Lenovo - LAPTOP-7QB5JFLU"/>
         <property name="os" value="Windows 11 64bit"/>
         <property name="katalonVersion" value="9.6.0.217"/>
         <property name="browser" value="Chrome 126.0.0.0"/>
         <property name="hostAddress" value="192.168.1.12"/>
         <property name="sessionId" value="3063d2f4a937b544c0a7dafbae7d8000"/>
         <property name="seleniumVersion" value="3.141.59"/>
         <property name="proxyInformation" value="ProxyInformation { proxyOption=NO_PROXY, proxyServerType=HTTP, username=, password=********, proxyServerAddress=, proxyServerPort=0, executionList=&quot;&quot;, isApplyToDesiredCapabilities=true }"/>
         <property name="platform" value="Windows 11"/>
      </properties>
      <testcase name="Test Cases/CURA Web Test/TC18 - Seoul Appointment using data driven" time="13.247" classname="Test Cases/CURA Web Test/TC18 - Seoul Appointment using data driven" status="PASSED">
         <system-out><![CDATA[12-07-2024T13:09:28 - [TEST_CASE][PASSED] - Test Cases/CURA Web Test/TC18 - Seoul Appointment using data driven: Test Cases/CURA Web Test/TC18 - Seoul Appointment using data driven

12-07-2024T13:09:29 - [TEST_STEP][PASSED] - propertiesPage.openBrowser.main(): propertiesPage.openBrowser.main is PASSED

12-07-2024T13:09:29 - [MESSAGE][INFO] - Starting 'Chrome' driver

12-07-2024T13:09:29 - [MESSAGE][INFO] - Action delay is set to 0 milliseconds

12-07-2024T13:09:30 - [MESSAGE][PASSED] - Browser is opened with url: ''

12-07-2024T13:09:33 - [MESSAGE][PASSED] - Navigate to 'https://katalon-demo-cura.herokuapp.com/' successfully

12-07-2024T13:09:33 - [MESSAGE][PASSED] - propertiesPage.openBrowser.main is PASSED

12-07-2024T13:09:33 - [TEST_STEP][PASSED] - propertiesPage.loginMenu.main(): propertiesPage.loginMenu.main is PASSED

12-07-2024T13:09:34 - [MESSAGE][PASSED] - Object: 'Object Repository/1. CURA Test Object (Click, Set, Dropdown)/Make Appointment' is clicked on

12-07-2024T13:09:35 - [MESSAGE][PASSED] - Text 'John Doe' is set on object 'Object Repository/1. CURA Test Object (Click, Set, Dropdown)/Username'

12-07-2024T13:09:35 - [MESSAGE][PASSED] - Text 'ThisIsNotAPassword' is set on object 'Object Repository/1. CURA Test Object (Click, Set, Dropdown)/Password'

12-07-2024T13:09:36 - [MESSAGE][PASSED] - Object: 'Object Repository/1. CURA Test Object (Click, Set, Dropdown)/Login Button' is clicked on

12-07-2024T13:09:36 - [MESSAGE][PASSED] - propertiesPage.loginMenu.main is PASSED

12-07-2024T13:09:36 - [TEST_STEP][PASSED] - selectOptionByValue(findTestObject("1. CURA Test Object (Click, Set, Dropdown)/Facility"), facilityBook, true, CONTINUE_ON_FAILURE): All options with value 'Seoul CURA Healthcare Center' are selected in object 'Object Repository/1. CURA Test Object (Click, Set, Dropdown)/Facility'  using regular expression

12-07-2024T13:09:37 - [MESSAGE][PASSED] - All options with value 'Seoul CURA Healthcare Center' are selected in object 'Object Repository/1. CURA Test Object (Click, Set, Dropdown)/Facility'  using regular expression

12-07-2024T13:09:37 - [TEST_STEP][PASSED] - click(findTestObject("1. CURA Test Object (Click, Set, Dropdown)/Apply for Hospital Readmission")): Object: 'Object Repository/1. CURA Test Object (Click, Set, Dropdown)/Apply for Hospital Readmission' is clicked on

12-07-2024T13:09:37 - [MESSAGE][PASSED] - Object: 'Object Repository/1. CURA Test Object (Click, Set, Dropdown)/Apply for Hospital Readmission' is clicked on

12-07-2024T13:09:37 - [TEST_STEP][PASSED] - click(findTestObject("1. CURA Test Object (Click, Set, Dropdown)/Medicaid")): Object: 'Object Repository/1. CURA Test Object (Click, Set, Dropdown)/Medicaid' is clicked on

12-07-2024T13:09:38 - [MESSAGE][PASSED] - Object: 'Object Repository/1. CURA Test Object (Click, Set, Dropdown)/Medicaid' is clicked on

12-07-2024T13:09:38 - [TEST_STEP][PASSED] - click(findTestObject("1. CURA Test Object (Click, Set, Dropdown)/Visit Date")): Object: 'Object Repository/1. CURA Test Object (Click, Set, Dropdown)/Visit Date' is clicked on

12-07-2024T13:09:38 - [MESSAGE][PASSED] - Object: 'Object Repository/1. CURA Test Object (Click, Set, Dropdown)/Visit Date' is clicked on

12-07-2024T13:09:38 - [TEST_STEP][PASSED] - setText(findTestObject("1. CURA Test Object (Click, Set, Dropdown)/Visit Date"), visitDateBook): Text '09/07/2024' is set on object 'Object Repository/1. CURA Test Object (Click, Set, Dropdown)/Visit Date'

12-07-2024T13:09:39 - [MESSAGE][PASSED] - Text '09/07/2024' is set on object 'Object Repository/1. CURA Test Object (Click, Set, Dropdown)/Visit Date'

12-07-2024T13:09:39 - [TEST_STEP][PASSED] - setText(findTestObject("1. CURA Test Object (Click, Set, Dropdown)/Comment"), commentBook): Text 'Meet dr. Irsyad' is set on object 'Object Repository/1. CURA Test Object (Click, Set, Dropdown)/Comment'

12-07-2024T13:09:40 - [MESSAGE][PASSED] - Text 'Meet dr. Irsyad' is set on object 'Object Repository/1. CURA Test Object (Click, Set, Dropdown)/Comment'

12-07-2024T13:09:40 - [TEST_STEP][PASSED] - click(findTestObject("1. CURA Test Object (Click, Set, Dropdown)/Book Appointment")): Object: 'Object Repository/1. CURA Test Object (Click, Set, Dropdown)/Book Appointment' is clicked on

12-07-2024T13:09:40 - [MESSAGE][PASSED] - Object: 'Object Repository/1. CURA Test Object (Click, Set, Dropdown)/Book Appointment' is clicked on

12-07-2024T13:09:40 - [TEST_STEP][PASSED] - click(findTestObject("1. CURA Test Object (Click, Set, Dropdown)/Menu")): Object: 'Object Repository/1. CURA Test Object (Click, Set, Dropdown)/Menu' is clicked on

12-07-2024T13:09:41 - [MESSAGE][PASSED] - Object: 'Object Repository/1. CURA Test Object (Click, Set, Dropdown)/Menu' is clicked on

12-07-2024T13:09:41 - [TEST_STEP][PASSED] - click(findTestObject("1. CURA Test Object (Click, Set, Dropdown)/Home")): Object: 'Object Repository/1. CURA Test Object (Click, Set, Dropdown)/Home' is clicked on

12-07-2024T13:09:41 - [MESSAGE][PASSED] - Object: 'Object Repository/1. CURA Test Object (Click, Set, Dropdown)/Home' is clicked on

12-07-2024T13:09:41 - [TEST_STEP][PASSED] - click(findTestObject("1. CURA Test Object (Click, Set, Dropdown)/Make Appointment")): Object: 'Object Repository/1. CURA Test Object (Click, Set, Dropdown)/Make Appointment' is clicked on

12-07-2024T13:09:42 - [MESSAGE][PASSED] - Object: 'Object Repository/1. CURA Test Object (Click, Set, Dropdown)/Make Appointment' is clicked on]]></system-out>
         <system-err><![CDATA[]]></system-err>
      </testcase>
      <testcase name="Test Cases/CURA Web Test/TC18 - Seoul Appointment using data driven" time="12.403" classname="Test Cases/CURA Web Test/TC18 - Seoul Appointment using data driven" status="PASSED">
         <system-out><![CDATA[12-07-2024T13:09:42 - [TEST_CASE][PASSED] - Test Cases/CURA Web Test/TC18 - Seoul Appointment using data driven: Test Cases/CURA Web Test/TC18 - Seoul Appointment using data driven

12-07-2024T13:09:42 - [TEST_STEP][PASSED] - propertiesPage.openBrowser.main(): propertiesPage.openBrowser.main is PASSED

12-07-2024T13:09:42 - [MESSAGE][WARNING] - A browser is already opened. Closing browser and opening a new one

12-07-2024T13:09:42 - [MESSAGE][INFO] - Starting 'Chrome' driver

12-07-2024T13:09:42 - [MESSAGE][INFO] - Action delay is set to 0 milliseconds

12-07-2024T13:09:42 - [MESSAGE][PASSED] - Browser is opened with url: ''

12-07-2024T13:09:46 - [MESSAGE][PASSED] - Navigate to 'https://katalon-demo-cura.herokuapp.com/' successfully

12-07-2024T13:09:46 - [MESSAGE][PASSED] - propertiesPage.openBrowser.main is PASSED

12-07-2024T13:09:46 - [TEST_STEP][PASSED] - propertiesPage.loginMenu.main(): propertiesPage.loginMenu.main is PASSED

12-07-2024T13:09:46 - [MESSAGE][PASSED] - Object: 'Object Repository/1. CURA Test Object (Click, Set, Dropdown)/Make Appointment' is clicked on

12-07-2024T13:09:47 - [MESSAGE][PASSED] - Text 'John Doe' is set on object 'Object Repository/1. CURA Test Object (Click, Set, Dropdown)/Username'

12-07-2024T13:09:48 - [MESSAGE][PASSED] - Text 'ThisIsNotAPassword' is set on object 'Object Repository/1. CURA Test Object (Click, Set, Dropdown)/Password'

12-07-2024T13:09:49 - [MESSAGE][PASSED] - Object: 'Object Repository/1. CURA Test Object (Click, Set, Dropdown)/Login Button' is clicked on

12-07-2024T13:09:49 - [MESSAGE][PASSED] - propertiesPage.loginMenu.main is PASSED

12-07-2024T13:09:49 - [TEST_STEP][PASSED] - selectOptionByValue(findTestObject("1. CURA Test Object (Click, Set, Dropdown)/Facility"), facilityBook, true, CONTINUE_ON_FAILURE): All options with value 'Seoul CURA Healthcare Center' are selected in object 'Object Repository/1. CURA Test Object (Click, Set, Dropdown)/Facility'  using regular expression

12-07-2024T13:09:50 - [MESSAGE][PASSED] - All options with value 'Seoul CURA Healthcare Center' are selected in object 'Object Repository/1. CURA Test Object (Click, Set, Dropdown)/Facility'  using regular expression

12-07-2024T13:09:50 - [TEST_STEP][PASSED] - click(findTestObject("1. CURA Test Object (Click, Set, Dropdown)/Apply for Hospital Readmission")): Object: 'Object Repository/1. CURA Test Object (Click, Set, Dropdown)/Apply for Hospital Readmission' is clicked on

12-07-2024T13:09:50 - [MESSAGE][PASSED] - Object: 'Object Repository/1. CURA Test Object (Click, Set, Dropdown)/Apply for Hospital Readmission' is clicked on

12-07-2024T13:09:50 - [TEST_STEP][PASSED] - click(findTestObject("1. CURA Test Object (Click, Set, Dropdown)/Medicaid")): Object: 'Object Repository/1. CURA Test Object (Click, Set, Dropdown)/Medicaid' is clicked on

12-07-2024T13:09:50 - [MESSAGE][PASSED] - Object: 'Object Repository/1. CURA Test Object (Click, Set, Dropdown)/Medicaid' is clicked on

12-07-2024T13:09:50 - [TEST_STEP][PASSED] - click(findTestObject("1. CURA Test Object (Click, Set, Dropdown)/Visit Date")): Object: 'Object Repository/1. CURA Test Object (Click, Set, Dropdown)/Visit Date' is clicked on

12-07-2024T13:09:50 - [MESSAGE][PASSED] - Object: 'Object Repository/1. CURA Test Object (Click, Set, Dropdown)/Visit Date' is clicked on

12-07-2024T13:09:50 - [TEST_STEP][PASSED] - setText(findTestObject("1. CURA Test Object (Click, Set, Dropdown)/Visit Date"), visitDateBook): Text '04/07/2024' is set on object 'Object Repository/1. CURA Test Object (Click, Set, Dropdown)/Visit Date'

12-07-2024T13:09:51 - [MESSAGE][PASSED] - Text '04/07/2024' is set on object 'Object Repository/1. CURA Test Object (Click, Set, Dropdown)/Visit Date'

12-07-2024T13:09:51 - [TEST_STEP][PASSED] - setText(findTestObject("1. CURA Test Object (Click, Set, Dropdown)/Comment"), commentBook): Text 'Reschedule, Meet dr. Indahsari' is set on object 'Object Repository/1. CURA Test Object (Click, Set, Dropdown)/Comment'

12-07-2024T13:09:52 - [MESSAGE][PASSED] - Text 'Reschedule, Meet dr. Indahsari' is set on object 'Object Repository/1. CURA Test Object (Click, Set, Dropdown)/Comment'

12-07-2024T13:09:52 - [TEST_STEP][PASSED] - click(findTestObject("1. CURA Test Object (Click, Set, Dropdown)/Book Appointment")): Object: 'Object Repository/1. CURA Test Object (Click, Set, Dropdown)/Book Appointment' is clicked on

12-07-2024T13:09:53 - [MESSAGE][PASSED] - Object: 'Object Repository/1. CURA Test Object (Click, Set, Dropdown)/Book Appointment' is clicked on

12-07-2024T13:09:53 - [TEST_STEP][PASSED] - click(findTestObject("1. CURA Test Object (Click, Set, Dropdown)/Menu")): Object: 'Object Repository/1. CURA Test Object (Click, Set, Dropdown)/Menu' is clicked on

12-07-2024T13:09:53 - [MESSAGE][PASSED] - Object: 'Object Repository/1. CURA Test Object (Click, Set, Dropdown)/Menu' is clicked on

12-07-2024T13:09:53 - [TEST_STEP][PASSED] - click(findTestObject("1. CURA Test Object (Click, Set, Dropdown)/Home")): Object: 'Object Repository/1. CURA Test Object (Click, Set, Dropdown)/Home' is clicked on

12-07-2024T13:09:54 - [MESSAGE][PASSED] - Object: 'Object Repository/1. CURA Test Object (Click, Set, Dropdown)/Home' is clicked on

12-07-2024T13:09:54 - [TEST_STEP][PASSED] - click(findTestObject("1. CURA Test Object (Click, Set, Dropdown)/Make Appointment")): Object: 'Object Repository/1. CURA Test Object (Click, Set, Dropdown)/Make Appointment' is clicked on

12-07-2024T13:09:54 - [MESSAGE][PASSED] - Object: 'Object Repository/1. CURA Test Object (Click, Set, Dropdown)/Make Appointment' is clicked on]]></system-out>
         <system-err><![CDATA[]]></system-err>
      </testcase>
      <testcase name="Test Cases/CURA Web Test/TC18 - Seoul Appointment using data driven" time="11.526" classname="Test Cases/CURA Web Test/TC18 - Seoul Appointment using data driven" status="PASSED">
         <system-out><![CDATA[12-07-2024T13:09:54 - [TEST_CASE][PASSED] - Test Cases/CURA Web Test/TC18 - Seoul Appointment using data driven: Test Cases/CURA Web Test/TC18 - Seoul Appointment using data driven

12-07-2024T13:09:54 - [TEST_STEP][PASSED] - propertiesPage.openBrowser.main(): propertiesPage.openBrowser.main is PASSED

12-07-2024T13:09:54 - [MESSAGE][WARNING] - A browser is already opened. Closing browser and opening a new one

12-07-2024T13:09:54 - [MESSAGE][INFO] - Starting 'Chrome' driver

12-07-2024T13:09:54 - [MESSAGE][INFO] - Action delay is set to 0 milliseconds

12-07-2024T13:09:55 - [MESSAGE][PASSED] - Browser is opened with url: ''

12-07-2024T13:09:58 - [MESSAGE][PASSED] - Navigate to 'https://katalon-demo-cura.herokuapp.com/' successfully

12-07-2024T13:09:58 - [MESSAGE][PASSED] - propertiesPage.openBrowser.main is PASSED

12-07-2024T13:09:58 - [TEST_STEP][PASSED] - propertiesPage.loginMenu.main(): propertiesPage.loginMenu.main is PASSED

12-07-2024T13:09:58 - [MESSAGE][PASSED] - Object: 'Object Repository/1. CURA Test Object (Click, Set, Dropdown)/Make Appointment' is clicked on

12-07-2024T13:09:59 - [MESSAGE][PASSED] - Text 'John Doe' is set on object 'Object Repository/1. CURA Test Object (Click, Set, Dropdown)/Username'

12-07-2024T13:10:00 - [MESSAGE][PASSED] - Text 'ThisIsNotAPassword' is set on object 'Object Repository/1. CURA Test Object (Click, Set, Dropdown)/Password'

12-07-2024T13:10:00 - [MESSAGE][PASSED] - Object: 'Object Repository/1. CURA Test Object (Click, Set, Dropdown)/Login Button' is clicked on

12-07-2024T13:10:00 - [MESSAGE][PASSED] - propertiesPage.loginMenu.main is PASSED

12-07-2024T13:10:00 - [TEST_STEP][PASSED] - selectOptionByValue(findTestObject("1. CURA Test Object (Click, Set, Dropdown)/Facility"), facilityBook, true, CONTINUE_ON_FAILURE): All options with value 'Seoul CURA Healthcare Center' are selected in object 'Object Repository/1. CURA Test Object (Click, Set, Dropdown)/Facility'  using regular expression

12-07-2024T13:10:01 - [MESSAGE][PASSED] - All options with value 'Seoul CURA Healthcare Center' are selected in object 'Object Repository/1. CURA Test Object (Click, Set, Dropdown)/Facility'  using regular expression

12-07-2024T13:10:01 - [TEST_STEP][PASSED] - click(findTestObject("1. CURA Test Object (Click, Set, Dropdown)/Apply for Hospital Readmission")): Object: 'Object Repository/1. CURA Test Object (Click, Set, Dropdown)/Apply for Hospital Readmission' is clicked on

12-07-2024T13:10:02 - [MESSAGE][PASSED] - Object: 'Object Repository/1. CURA Test Object (Click, Set, Dropdown)/Apply for Hospital Readmission' is clicked on

12-07-2024T13:10:02 - [TEST_STEP][PASSED] - click(findTestObject("1. CURA Test Object (Click, Set, Dropdown)/Medicaid")): Object: 'Object Repository/1. CURA Test Object (Click, Set, Dropdown)/Medicaid' is clicked on

12-07-2024T13:10:02 - [MESSAGE][PASSED] - Object: 'Object Repository/1. CURA Test Object (Click, Set, Dropdown)/Medicaid' is clicked on

12-07-2024T13:10:02 - [TEST_STEP][PASSED] - click(findTestObject("1. CURA Test Object (Click, Set, Dropdown)/Visit Date")): Object: 'Object Repository/1. CURA Test Object (Click, Set, Dropdown)/Visit Date' is clicked on

12-07-2024T13:10:02 - [MESSAGE][PASSED] - Object: 'Object Repository/1. CURA Test Object (Click, Set, Dropdown)/Visit Date' is clicked on

12-07-2024T13:10:02 - [TEST_STEP][PASSED] - setText(findTestObject("1. CURA Test Object (Click, Set, Dropdown)/Visit Date"), visitDateBook): Text '01/03/2025' is set on object 'Object Repository/1. CURA Test Object (Click, Set, Dropdown)/Visit Date'

12-07-2024T13:10:03 - [MESSAGE][PASSED] - Text '01/03/2025' is set on object 'Object Repository/1. CURA Test Object (Click, Set, Dropdown)/Visit Date'

12-07-2024T13:10:03 - [TEST_STEP][PASSED] - setText(findTestObject("1. CURA Test Object (Click, Set, Dropdown)/Comment"), commentBook): Text 'Meet dr. Andika' is set on object 'Object Repository/1. CURA Test Object (Click, Set, Dropdown)/Comment'

12-07-2024T13:10:04 - [MESSAGE][PASSED] - Text 'Meet dr. Andika' is set on object 'Object Repository/1. CURA Test Object (Click, Set, Dropdown)/Comment'

12-07-2024T13:10:04 - [TEST_STEP][PASSED] - click(findTestObject("1. CURA Test Object (Click, Set, Dropdown)/Book Appointment")): Object: 'Object Repository/1. CURA Test Object (Click, Set, Dropdown)/Book Appointment' is clicked on

12-07-2024T13:10:04 - [MESSAGE][PASSED] - Object: 'Object Repository/1. CURA Test Object (Click, Set, Dropdown)/Book Appointment' is clicked on

12-07-2024T13:10:04 - [TEST_STEP][PASSED] - click(findTestObject("1. CURA Test Object (Click, Set, Dropdown)/Menu")): Object: 'Object Repository/1. CURA Test Object (Click, Set, Dropdown)/Menu' is clicked on

12-07-2024T13:10:05 - [MESSAGE][PASSED] - Object: 'Object Repository/1. CURA Test Object (Click, Set, Dropdown)/Menu' is clicked on

12-07-2024T13:10:05 - [TEST_STEP][PASSED] - click(findTestObject("1. CURA Test Object (Click, Set, Dropdown)/Home")): Object: 'Object Repository/1. CURA Test Object (Click, Set, Dropdown)/Home' is clicked on

12-07-2024T13:10:05 - [MESSAGE][PASSED] - Object: 'Object Repository/1. CURA Test Object (Click, Set, Dropdown)/Home' is clicked on

12-07-2024T13:10:05 - [TEST_STEP][PASSED] - click(findTestObject("1. CURA Test Object (Click, Set, Dropdown)/Make Appointment")): Object: 'Object Repository/1. CURA Test Object (Click, Set, Dropdown)/Make Appointment' is clicked on

12-07-2024T13:10:06 - [MESSAGE][PASSED] - Object: 'Object Repository/1. CURA Test Object (Click, Set, Dropdown)/Make Appointment' is clicked on]]></system-out>
         <system-err><![CDATA[]]></system-err>
      </testcase>
      <testcase name="Test Cases/CURA Web Test/TC18 - Seoul Appointment using data driven" time="12.544" classname="Test Cases/CURA Web Test/TC18 - Seoul Appointment using data driven" status="PASSED">
         <system-out><![CDATA[12-07-2024T13:10:06 - [TEST_CASE][PASSED] - Test Cases/CURA Web Test/TC18 - Seoul Appointment using data driven: Test Cases/CURA Web Test/TC18 - Seoul Appointment using data driven

12-07-2024T13:10:06 - [TEST_STEP][PASSED] - propertiesPage.openBrowser.main(): propertiesPage.openBrowser.main is PASSED

12-07-2024T13:10:06 - [MESSAGE][WARNING] - A browser is already opened. Closing browser and opening a new one

12-07-2024T13:10:06 - [MESSAGE][INFO] - Starting 'Chrome' driver

12-07-2024T13:10:06 - [MESSAGE][INFO] - Action delay is set to 0 milliseconds

12-07-2024T13:10:06 - [MESSAGE][PASSED] - Browser is opened with url: ''

12-07-2024T13:10:09 - [MESSAGE][PASSED] - Navigate to 'https://katalon-demo-cura.herokuapp.com/' successfully

12-07-2024T13:10:09 - [MESSAGE][PASSED] - propertiesPage.openBrowser.main is PASSED

12-07-2024T13:10:09 - [TEST_STEP][PASSED] - propertiesPage.loginMenu.main(): propertiesPage.loginMenu.main is PASSED

12-07-2024T13:10:10 - [MESSAGE][PASSED] - Object: 'Object Repository/1. CURA Test Object (Click, Set, Dropdown)/Make Appointment' is clicked on

12-07-2024T13:10:10 - [MESSAGE][PASSED] - Text 'John Doe' is set on object 'Object Repository/1. CURA Test Object (Click, Set, Dropdown)/Username'

12-07-2024T13:10:11 - [MESSAGE][PASSED] - Text 'ThisIsNotAPassword' is set on object 'Object Repository/1. CURA Test Object (Click, Set, Dropdown)/Password'

12-07-2024T13:10:13 - [MESSAGE][PASSED] - Object: 'Object Repository/1. CURA Test Object (Click, Set, Dropdown)/Login Button' is clicked on

12-07-2024T13:10:13 - [MESSAGE][PASSED] - propertiesPage.loginMenu.main is PASSED

12-07-2024T13:10:13 - [TEST_STEP][PASSED] - selectOptionByValue(findTestObject("1. CURA Test Object (Click, Set, Dropdown)/Facility"), facilityBook, true, CONTINUE_ON_FAILURE): All options with value 'Seoul CURA Healthcare Center' are selected in object 'Object Repository/1. CURA Test Object (Click, Set, Dropdown)/Facility'  using regular expression

12-07-2024T13:10:14 - [MESSAGE][PASSED] - All options with value 'Seoul CURA Healthcare Center' are selected in object 'Object Repository/1. CURA Test Object (Click, Set, Dropdown)/Facility'  using regular expression

12-07-2024T13:10:14 - [TEST_STEP][PASSED] - click(findTestObject("1. CURA Test Object (Click, Set, Dropdown)/Apply for Hospital Readmission")): Object: 'Object Repository/1. CURA Test Object (Click, Set, Dropdown)/Apply for Hospital Readmission' is clicked on

12-07-2024T13:10:14 - [MESSAGE][PASSED] - Object: 'Object Repository/1. CURA Test Object (Click, Set, Dropdown)/Apply for Hospital Readmission' is clicked on

12-07-2024T13:10:14 - [TEST_STEP][PASSED] - click(findTestObject("1. CURA Test Object (Click, Set, Dropdown)/Medicaid")): Object: 'Object Repository/1. CURA Test Object (Click, Set, Dropdown)/Medicaid' is clicked on

12-07-2024T13:10:14 - [MESSAGE][PASSED] - Object: 'Object Repository/1. CURA Test Object (Click, Set, Dropdown)/Medicaid' is clicked on

12-07-2024T13:10:14 - [TEST_STEP][PASSED] - click(findTestObject("1. CURA Test Object (Click, Set, Dropdown)/Visit Date")): Object: 'Object Repository/1. CURA Test Object (Click, Set, Dropdown)/Visit Date' is clicked on

12-07-2024T13:10:15 - [MESSAGE][PASSED] - Object: 'Object Repository/1. CURA Test Object (Click, Set, Dropdown)/Visit Date' is clicked on

12-07-2024T13:10:15 - [TEST_STEP][PASSED] - setText(findTestObject("1. CURA Test Object (Click, Set, Dropdown)/Visit Date"), visitDateBook): Text '12/12/2024' is set on object 'Object Repository/1. CURA Test Object (Click, Set, Dropdown)/Visit Date'

12-07-2024T13:10:15 - [MESSAGE][PASSED] - Text '12/12/2024' is set on object 'Object Repository/1. CURA Test Object (Click, Set, Dropdown)/Visit Date'

12-07-2024T13:10:15 - [TEST_STEP][PASSED] - setText(findTestObject("1. CURA Test Object (Click, Set, Dropdown)/Comment"), commentBook): Text 'Meet dr. Azani' is set on object 'Object Repository/1. CURA Test Object (Click, Set, Dropdown)/Comment'

12-07-2024T13:10:16 - [MESSAGE][PASSED] - Text 'Meet dr. Azani' is set on object 'Object Repository/1. CURA Test Object (Click, Set, Dropdown)/Comment'

12-07-2024T13:10:16 - [TEST_STEP][PASSED] - click(findTestObject("1. CURA Test Object (Click, Set, Dropdown)/Book Appointment")): Object: 'Object Repository/1. CURA Test Object (Click, Set, Dropdown)/Book Appointment' is clicked on

12-07-2024T13:10:17 - [MESSAGE][PASSED] - Object: 'Object Repository/1. CURA Test Object (Click, Set, Dropdown)/Book Appointment' is clicked on

12-07-2024T13:10:17 - [TEST_STEP][PASSED] - click(findTestObject("1. CURA Test Object (Click, Set, Dropdown)/Menu")): Object: 'Object Repository/1. CURA Test Object (Click, Set, Dropdown)/Menu' is clicked on

12-07-2024T13:10:17 - [MESSAGE][PASSED] - Object: 'Object Repository/1. CURA Test Object (Click, Set, Dropdown)/Menu' is clicked on

12-07-2024T13:10:17 - [TEST_STEP][PASSED] - click(findTestObject("1. CURA Test Object (Click, Set, Dropdown)/Home")): Object: 'Object Repository/1. CURA Test Object (Click, Set, Dropdown)/Home' is clicked on

12-07-2024T13:10:18 - [MESSAGE][PASSED] - Object: 'Object Repository/1. CURA Test Object (Click, Set, Dropdown)/Home' is clicked on

12-07-2024T13:10:18 - [TEST_STEP][PASSED] - click(findTestObject("1. CURA Test Object (Click, Set, Dropdown)/Make Appointment")): Object: 'Object Repository/1. CURA Test Object (Click, Set, Dropdown)/Make Appointment' is clicked on

12-07-2024T13:10:18 - [MESSAGE][PASSED] - Object: 'Object Repository/1. CURA Test Object (Click, Set, Dropdown)/Make Appointment' is clicked on]]></system-out>
         <system-err><![CDATA[]]></system-err>
      </testcase>
      <testcase name="Test Cases/CURA Web Test/TC18 - Seoul Appointment using data driven" time="12.206" classname="Test Cases/CURA Web Test/TC18 - Seoul Appointment using data driven" status="PASSED">
         <system-out><![CDATA[12-07-2024T13:10:18 - [TEST_CASE][PASSED] - Test Cases/CURA Web Test/TC18 - Seoul Appointment using data driven: Test Cases/CURA Web Test/TC18 - Seoul Appointment using data driven

12-07-2024T13:10:18 - [TEST_STEP][PASSED] - propertiesPage.openBrowser.main(): propertiesPage.openBrowser.main is PASSED

12-07-2024T13:10:18 - [MESSAGE][WARNING] - A browser is already opened. Closing browser and opening a new one

12-07-2024T13:10:18 - [MESSAGE][INFO] - Starting 'Chrome' driver

12-07-2024T13:10:18 - [MESSAGE][INFO] - Action delay is set to 0 milliseconds

12-07-2024T13:10:19 - [MESSAGE][PASSED] - Browser is opened with url: ''

12-07-2024T13:10:22 - [MESSAGE][PASSED] - Navigate to 'https://katalon-demo-cura.herokuapp.com/' successfully

12-07-2024T13:10:22 - [MESSAGE][PASSED] - propertiesPage.openBrowser.main is PASSED

12-07-2024T13:10:22 - [TEST_STEP][PASSED] - propertiesPage.loginMenu.main(): propertiesPage.loginMenu.main is PASSED

12-07-2024T13:10:22 - [MESSAGE][PASSED] - Object: 'Object Repository/1. CURA Test Object (Click, Set, Dropdown)/Make Appointment' is clicked on

12-07-2024T13:10:23 - [MESSAGE][PASSED] - Text 'John Doe' is set on object 'Object Repository/1. CURA Test Object (Click, Set, Dropdown)/Username'

12-07-2024T13:10:24 - [MESSAGE][PASSED] - Text 'ThisIsNotAPassword' is set on object 'Object Repository/1. CURA Test Object (Click, Set, Dropdown)/Password'

12-07-2024T13:10:25 - [MESSAGE][PASSED] - Object: 'Object Repository/1. CURA Test Object (Click, Set, Dropdown)/Login Button' is clicked on

12-07-2024T13:10:25 - [MESSAGE][PASSED] - propertiesPage.loginMenu.main is PASSED

12-07-2024T13:10:25 - [TEST_STEP][PASSED] - selectOptionByValue(findTestObject("1. CURA Test Object (Click, Set, Dropdown)/Facility"), facilityBook, true, CONTINUE_ON_FAILURE): All options with value 'Seoul CURA Healthcare Center' are selected in object 'Object Repository/1. CURA Test Object (Click, Set, Dropdown)/Facility'  using regular expression

12-07-2024T13:10:26 - [MESSAGE][PASSED] - All options with value 'Seoul CURA Healthcare Center' are selected in object 'Object Repository/1. CURA Test Object (Click, Set, Dropdown)/Facility'  using regular expression

12-07-2024T13:10:26 - [TEST_STEP][PASSED] - click(findTestObject("1. CURA Test Object (Click, Set, Dropdown)/Apply for Hospital Readmission")): Object: 'Object Repository/1. CURA Test Object (Click, Set, Dropdown)/Apply for Hospital Readmission' is clicked on

12-07-2024T13:10:26 - [MESSAGE][PASSED] - Object: 'Object Repository/1. CURA Test Object (Click, Set, Dropdown)/Apply for Hospital Readmission' is clicked on

12-07-2024T13:10:26 - [TEST_STEP][PASSED] - click(findTestObject("1. CURA Test Object (Click, Set, Dropdown)/Medicaid")): Object: 'Object Repository/1. CURA Test Object (Click, Set, Dropdown)/Medicaid' is clicked on

12-07-2024T13:10:26 - [MESSAGE][PASSED] - Object: 'Object Repository/1. CURA Test Object (Click, Set, Dropdown)/Medicaid' is clicked on

12-07-2024T13:10:26 - [TEST_STEP][PASSED] - click(findTestObject("1. CURA Test Object (Click, Set, Dropdown)/Visit Date")): Object: 'Object Repository/1. CURA Test Object (Click, Set, Dropdown)/Visit Date' is clicked on

12-07-2024T13:10:27 - [MESSAGE][PASSED] - Object: 'Object Repository/1. CURA Test Object (Click, Set, Dropdown)/Visit Date' is clicked on

12-07-2024T13:10:27 - [TEST_STEP][PASSED] - setText(findTestObject("1. CURA Test Object (Click, Set, Dropdown)/Visit Date"), visitDateBook): Text '05/07/2024' is set on object 'Object Repository/1. CURA Test Object (Click, Set, Dropdown)/Visit Date'

12-07-2024T13:10:28 - [MESSAGE][PASSED] - Text '05/07/2024' is set on object 'Object Repository/1. CURA Test Object (Click, Set, Dropdown)/Visit Date'

12-07-2024T13:10:28 - [TEST_STEP][PASSED] - setText(findTestObject("1. CURA Test Object (Click, Set, Dropdown)/Comment"), commentBook): Text 'Reschedule to 06/07/2024 with dr. Ava' is set on object 'Object Repository/1. CURA Test Object (Click, Set, Dropdown)/Comment'

12-07-2024T13:10:28 - [MESSAGE][PASSED] - Text 'Reschedule to 06/07/2024 with dr. Ava' is set on object 'Object Repository/1. CURA Test Object (Click, Set, Dropdown)/Comment'

12-07-2024T13:10:28 - [TEST_STEP][PASSED] - click(findTestObject("1. CURA Test Object (Click, Set, Dropdown)/Book Appointment")): Object: 'Object Repository/1. CURA Test Object (Click, Set, Dropdown)/Book Appointment' is clicked on

12-07-2024T13:10:29 - [MESSAGE][PASSED] - Object: 'Object Repository/1. CURA Test Object (Click, Set, Dropdown)/Book Appointment' is clicked on

12-07-2024T13:10:29 - [TEST_STEP][PASSED] - click(findTestObject("1. CURA Test Object (Click, Set, Dropdown)/Menu")): Object: 'Object Repository/1. CURA Test Object (Click, Set, Dropdown)/Menu' is clicked on

12-07-2024T13:10:29 - [MESSAGE][PASSED] - Object: 'Object Repository/1. CURA Test Object (Click, Set, Dropdown)/Menu' is clicked on

12-07-2024T13:10:29 - [TEST_STEP][PASSED] - click(findTestObject("1. CURA Test Object (Click, Set, Dropdown)/Home")): Object: 'Object Repository/1. CURA Test Object (Click, Set, Dropdown)/Home' is clicked on

12-07-2024T13:10:30 - [MESSAGE][PASSED] - Object: 'Object Repository/1. CURA Test Object (Click, Set, Dropdown)/Home' is clicked on

12-07-2024T13:10:30 - [TEST_STEP][PASSED] - click(findTestObject("1. CURA Test Object (Click, Set, Dropdown)/Make Appointment")): Object: 'Object Repository/1. CURA Test Object (Click, Set, Dropdown)/Make Appointment' is clicked on

12-07-2024T13:10:30 - [MESSAGE][PASSED] - Object: 'Object Repository/1. CURA Test Object (Click, Set, Dropdown)/Make Appointment' is clicked on]]></system-out>
         <system-err><![CDATA[]]></system-err>
      </testcase>
      <testcase name="Test Cases/CURA Web Test/Properties/TCP03 - Logout" time="2.136" classname="Test Cases/CURA Web Test/Properties/TCP03 - Logout" status="PASSED">
         <system-out><![CDATA[12-07-2024T13:10:30 - [TEST_CASE][PASSED] - Test Cases/CURA Web Test/Properties/TCP03 - Logout: Test Cases/CURA Web Test/Properties/TCP03 - Logout

12-07-2024T13:10:31 - [TEST_STEP][PASSED] - verifyElementText(findTestObject("2. CURA Test Object (Verify parameter)/Make Appointment Text"), "Make Appointment"): Actual text and expected text of test object 'Object Repository/2. CURA Test Object (Verify parameter)/Make Appointment Text' are matched.

12-07-2024T13:10:31 - [MESSAGE][PASSED] - Actual text and expected text of test object 'Object Repository/2. CURA Test Object (Verify parameter)/Make Appointment Text' are matched.

12-07-2024T13:10:31 - [TEST_STEP][PASSED] - click(findTestObject("1. CURA Test Object (Click, Set, Dropdown)/Menu")): Object: 'Object Repository/1. CURA Test Object (Click, Set, Dropdown)/Menu' is clicked on

12-07-2024T13:10:32 - [MESSAGE][PASSED] - Object: 'Object Repository/1. CURA Test Object (Click, Set, Dropdown)/Menu' is clicked on

12-07-2024T13:10:32 - [TEST_STEP][PASSED] - click(findTestObject("1. CURA Test Object (Click, Set, Dropdown)/Logout")): Object: 'Object Repository/1. CURA Test Object (Click, Set, Dropdown)/Logout' is clicked on

12-07-2024T13:10:32 - [MESSAGE][PASSED] - Object: 'Object Repository/1. CURA Test Object (Click, Set, Dropdown)/Logout' is clicked on

12-07-2024T13:10:32 - [TEST_STEP][PASSED] - closeBrowser(): Browser is closed

12-07-2024T13:10:33 - [MESSAGE][PASSED] - Browser is closed]]></system-out>
         <system-err><![CDATA[]]></system-err>
      </testcase>
      <system-out><![CDATA[12-07-2024T13:09:28 - [TEST_SUITE][PASSED] - TS10 - Seoul appointment using data driven: Test Cases/CURA Web Test/Properties/TCP03 - Logout]]></system-out>
      <system-err><![CDATA[]]></system-err>
   </testsuite>
   <testsuite name="TS11 - Hongkong appointment using data driven" tests="5" failures="0" errors="0" time="54.628" skipped="0" timestamp="12-07-2024T13:10:43" hostname="Lenovo - LAPTOP-7QB5JFLU" id="Test Suites/CURA Test suites/TS11 - Hongkong appointment using data driven">
      <properties>
         <property name="deviceName" value=""/>
         <property name="devicePlatform"/>
         <property name="logFolder" value="C:\\Users\\Lenovo\\git\\KatalonPractitionerLevel\\Reports\\20240712_130150\\CURA Test suites\\TS11 - Hongkong appointment using data driven\\20240712_130211"/>
         <property name="logFiles" value="C:\\Users\\Lenovo\\git\\KatalonPractitionerLevel\\Reports\\20240712_130150\\CURA Test suites\\TS11 - Hongkong appointment using data driven\\20240712_130211\\execution0.log"/>
         <property name="attachments" value=""/>
         <property name="hostName" value="Lenovo - LAPTOP-7QB5JFLU"/>
         <property name="os" value="Windows 11 64bit"/>
         <property name="katalonVersion" value="9.6.0.217"/>
         <property name="browser" value="Chrome 126.0.0.0"/>
         <property name="hostAddress" value="192.168.1.12"/>
         <property name="sessionId" value="fbb2a9f2450ab159e021e89890f5277e"/>
         <property name="seleniumVersion" value="3.141.59"/>
         <property name="proxyInformation" value="ProxyInformation { proxyOption=NO_PROXY, proxyServerType=HTTP, username=, password=********, proxyServerAddress=, proxyServerPort=0, executionList=&quot;&quot;, isApplyToDesiredCapabilities=true }"/>
         <property name="platform" value="Windows 11"/>
      </properties>
      <testcase name="Test Cases/CURA Web Test/TC19 - Hongkong Appointment using data driven" time="14.648" classname="Test Cases/CURA Web Test/TC19 - Hongkong Appointment using data driven" status="PASSED">
         <system-out><![CDATA[12-07-2024T13:10:43 - [TEST_CASE][PASSED] - Test Cases/CURA Web Test/TC19 - Hongkong Appointment using data driven: Test Cases/CURA Web Test/TC19 - Hongkong Appointment using data driven

12-07-2024T13:10:43 - [TEST_STEP][PASSED] - callTestCase(findTestCase("CURA Web Test/Properties/TCP01 - Open browser"), [:], STOP_ON_FAILURE): Call Test Case 'Test Cases/CURA Web Test/Properties/TCP01 - Open browser' successfully

12-07-2024T13:10:43 - [TEST_CASE][PASSED] - Test Cases/CURA Web Test/Properties/TCP01 - Open browser: Test Cases/CURA Web Test/Properties/TCP01 - Open browser

12-07-2024T13:10:44 - [TEST_STEP][PASSED] - openBrowser(""): Browser is opened with url: ''

12-07-2024T13:10:44 - [MESSAGE][INFO] - Starting 'Chrome' driver

12-07-2024T13:10:44 - [MESSAGE][INFO] - Action delay is set to 0 milliseconds

12-07-2024T13:10:45 - [MESSAGE][PASSED] - Browser is opened with url: ''

12-07-2024T13:10:45 - [TEST_STEP][PASSED] - navigateToUrl(URL): Navigate to 'https://katalon-demo-cura.herokuapp.com/' successfully

12-07-2024T13:10:49 - [MESSAGE][PASSED] - Navigate to 'https://katalon-demo-cura.herokuapp.com/' successfully

12-07-2024T13:10:49 - [MESSAGE][PASSED] - Call Test Case 'Test Cases/CURA Web Test/Properties/TCP01 - Open browser' successfully

12-07-2024T13:10:49 - [TEST_STEP][PASSED] - callTestCase(findTestCase("CURA Web Test/Properties/TCP02 - Login"), [:], STOP_ON_FAILURE): Call Test Case 'Test Cases/CURA Web Test/Properties/TCP02 - Login' successfully

12-07-2024T13:10:49 - [TEST_CASE][PASSED] - Test Cases/CURA Web Test/Properties/TCP02 - Login: Test Cases/CURA Web Test/Properties/TCP02 - Login

12-07-2024T13:10:49 - [TEST_STEP][PASSED] - click(findTestObject("1. CURA Test Object (Click, Set, Dropdown)/Make Appointment")): Object: 'Object Repository/1. CURA Test Object (Click, Set, Dropdown)/Make Appointment' is clicked on

12-07-2024T13:10:49 - [MESSAGE][PASSED] - Object: 'Object Repository/1. CURA Test Object (Click, Set, Dropdown)/Make Appointment' is clicked on

12-07-2024T13:10:49 - [TEST_STEP][PASSED] - verifyElementText(findTestObject("2. CURA Test Object (Verify parameter)/Login Text"), "Login"): Actual text and expected text of test object 'Object Repository/2. CURA Test Object (Verify parameter)/Login Text' are matched.

12-07-2024T13:10:50 - [MESSAGE][PASSED] - Actual text and expected text of test object 'Object Repository/2. CURA Test Object (Verify parameter)/Login Text' are matched.

12-07-2024T13:10:50 - [TEST_STEP][PASSED] - setText(findTestObject("1. CURA Test Object (Click, Set, Dropdown)/Username"), Username): Text 'John Doe' is set on object 'Object Repository/1. CURA Test Object (Click, Set, Dropdown)/Username'

12-07-2024T13:10:50 - [MESSAGE][PASSED] - Text 'John Doe' is set on object 'Object Repository/1. CURA Test Object (Click, Set, Dropdown)/Username'

12-07-2024T13:10:50 - [TEST_STEP][PASSED] - setText(findTestObject("1. CURA Test Object (Click, Set, Dropdown)/Password"), Password): Text 'ThisIsNotAPassword' is set on object 'Object Repository/1. CURA Test Object (Click, Set, Dropdown)/Password'

12-07-2024T13:10:51 - [MESSAGE][PASSED] - Text 'ThisIsNotAPassword' is set on object 'Object Repository/1. CURA Test Object (Click, Set, Dropdown)/Password'

12-07-2024T13:10:51 - [TEST_STEP][PASSED] - click(findTestObject("1. CURA Test Object (Click, Set, Dropdown)/Login Button")): Object: 'Object Repository/1. CURA Test Object (Click, Set, Dropdown)/Login Button' is clicked on

12-07-2024T13:10:52 - [MESSAGE][PASSED] - Object: 'Object Repository/1. CURA Test Object (Click, Set, Dropdown)/Login Button' is clicked on

12-07-2024T13:10:52 - [MESSAGE][PASSED] - Call Test Case 'Test Cases/CURA Web Test/Properties/TCP02 - Login' successfully

12-07-2024T13:10:52 - [TEST_STEP][PASSED] - selectOptionByValue(findTestObject("1. CURA Test Object (Click, Set, Dropdown)/Facility"), facility, true): All options with value 'Hongkong CURA Healthcare Center' are selected in object 'Object Repository/1. CURA Test Object (Click, Set, Dropdown)/Facility'  using regular expression

12-07-2024T13:10:53 - [MESSAGE][PASSED] - All options with value 'Hongkong CURA Healthcare Center' are selected in object 'Object Repository/1. CURA Test Object (Click, Set, Dropdown)/Facility'  using regular expression

12-07-2024T13:10:53 - [TEST_STEP][PASSED] - click(findTestObject("1. CURA Test Object (Click, Set, Dropdown)/Apply for Hospital Readmission")): Object: 'Object Repository/1. CURA Test Object (Click, Set, Dropdown)/Apply for Hospital Readmission' is clicked on

12-07-2024T13:10:53 - [MESSAGE][PASSED] - Object: 'Object Repository/1. CURA Test Object (Click, Set, Dropdown)/Apply for Hospital Readmission' is clicked on

12-07-2024T13:10:53 - [TEST_STEP][PASSED] - click(findTestObject("1. CURA Test Object (Click, Set, Dropdown)/None")): Object: 'Object Repository/1. CURA Test Object (Click, Set, Dropdown)/None' is clicked on

12-07-2024T13:10:54 - [MESSAGE][PASSED] - Object: 'Object Repository/1. CURA Test Object (Click, Set, Dropdown)/None' is clicked on

12-07-2024T13:10:54 - [TEST_STEP][PASSED] - click(findTestObject("1. CURA Test Object (Click, Set, Dropdown)/Visit Date")): Object: 'Object Repository/1. CURA Test Object (Click, Set, Dropdown)/Visit Date' is clicked on

12-07-2024T13:10:54 - [MESSAGE][PASSED] - Object: 'Object Repository/1. CURA Test Object (Click, Set, Dropdown)/Visit Date' is clicked on

12-07-2024T13:10:54 - [TEST_STEP][PASSED] - setText(findTestObject("1. CURA Test Object (Click, Set, Dropdown)/Visit Date"), visitdate): Text '22/07/2024' is set on object 'Object Repository/1. CURA Test Object (Click, Set, Dropdown)/Visit Date'

12-07-2024T13:10:55 - [MESSAGE][PASSED] - Text '22/07/2024' is set on object 'Object Repository/1. CURA Test Object (Click, Set, Dropdown)/Visit Date'

12-07-2024T13:10:55 - [TEST_STEP][PASSED] - setText(findTestObject("1. CURA Test Object (Click, Set, Dropdown)/Comment"), comment): Text 'Visit time: 9:00 AM' is set on object 'Object Repository/1. CURA Test Object (Click, Set, Dropdown)/Comment'

12-07-2024T13:10:56 - [MESSAGE][PASSED] - Text 'Visit time: 9:00 AM' is set on object 'Object Repository/1. CURA Test Object (Click, Set, Dropdown)/Comment'

12-07-2024T13:10:56 - [TEST_STEP][PASSED] - click(findTestObject("1. CURA Test Object (Click, Set, Dropdown)/Book Appointment")): Object: 'Object Repository/1. CURA Test Object (Click, Set, Dropdown)/Book Appointment' is clicked on

12-07-2024T13:10:56 - [MESSAGE][PASSED] - Object: 'Object Repository/1. CURA Test Object (Click, Set, Dropdown)/Book Appointment' is clicked on

12-07-2024T13:10:56 - [TEST_STEP][PASSED] - click(findTestObject("1. CURA Test Object (Click, Set, Dropdown)/Menu")): Object: 'Object Repository/1. CURA Test Object (Click, Set, Dropdown)/Menu' is clicked on

12-07-2024T13:10:57 - [MESSAGE][PASSED] - Object: 'Object Repository/1. CURA Test Object (Click, Set, Dropdown)/Menu' is clicked on

12-07-2024T13:10:57 - [TEST_STEP][PASSED] - click(findTestObject("1. CURA Test Object (Click, Set, Dropdown)/Home")): Object: 'Object Repository/1. CURA Test Object (Click, Set, Dropdown)/Home' is clicked on

12-07-2024T13:10:57 - [MESSAGE][PASSED] - Object: 'Object Repository/1. CURA Test Object (Click, Set, Dropdown)/Home' is clicked on

12-07-2024T13:10:57 - [TEST_STEP][PASSED] - click(findTestObject("1. CURA Test Object (Click, Set, Dropdown)/Make Appointment")): Object: 'Object Repository/1. CURA Test Object (Click, Set, Dropdown)/Make Appointment' is clicked on

12-07-2024T13:10:58 - [MESSAGE][PASSED] - Object: 'Object Repository/1. CURA Test Object (Click, Set, Dropdown)/Make Appointment' is clicked on]]></system-out>
         <system-err><![CDATA[]]></system-err>
      </testcase>
      <testcase name="Test Cases/CURA Web Test/TC19 - Hongkong Appointment using data driven" time="12.41" classname="Test Cases/CURA Web Test/TC19 - Hongkong Appointment using data driven" status="PASSED">
         <system-out><![CDATA[12-07-2024T13:10:58 - [TEST_CASE][PASSED] - Test Cases/CURA Web Test/TC19 - Hongkong Appointment using data driven: Test Cases/CURA Web Test/TC19 - Hongkong Appointment using data driven

12-07-2024T13:10:58 - [TEST_STEP][PASSED] - callTestCase(findTestCase("CURA Web Test/Properties/TCP01 - Open browser"), [:], STOP_ON_FAILURE): Call Test Case 'Test Cases/CURA Web Test/Properties/TCP01 - Open browser' successfully

12-07-2024T13:10:58 - [TEST_CASE][PASSED] - Test Cases/CURA Web Test/Properties/TCP01 - Open browser: Test Cases/CURA Web Test/Properties/TCP01 - Open browser

12-07-2024T13:10:58 - [TEST_STEP][PASSED] - openBrowser(""): Browser is opened with url: ''

12-07-2024T13:10:58 - [MESSAGE][WARNING] - A browser is already opened. Closing browser and opening a new one

12-07-2024T13:10:58 - [MESSAGE][INFO] - Starting 'Chrome' driver

12-07-2024T13:10:58 - [MESSAGE][INFO] - Action delay is set to 0 milliseconds

12-07-2024T13:10:58 - [MESSAGE][PASSED] - Browser is opened with url: ''

12-07-2024T13:10:58 - [TEST_STEP][PASSED] - navigateToUrl(URL): Navigate to 'https://katalon-demo-cura.herokuapp.com/' successfully

12-07-2024T13:11:01 - [MESSAGE][PASSED] - Navigate to 'https://katalon-demo-cura.herokuapp.com/' successfully

12-07-2024T13:11:01 - [MESSAGE][PASSED] - Call Test Case 'Test Cases/CURA Web Test/Properties/TCP01 - Open browser' successfully

12-07-2024T13:11:01 - [TEST_STEP][PASSED] - callTestCase(findTestCase("CURA Web Test/Properties/TCP02 - Login"), [:], STOP_ON_FAILURE): Call Test Case 'Test Cases/CURA Web Test/Properties/TCP02 - Login' successfully

12-07-2024T13:11:01 - [TEST_CASE][PASSED] - Test Cases/CURA Web Test/Properties/TCP02 - Login: Test Cases/CURA Web Test/Properties/TCP02 - Login

12-07-2024T13:11:01 - [TEST_STEP][PASSED] - click(findTestObject("1. CURA Test Object (Click, Set, Dropdown)/Make Appointment")): Object: 'Object Repository/1. CURA Test Object (Click, Set, Dropdown)/Make Appointment' is clicked on

12-07-2024T13:11:02 - [MESSAGE][PASSED] - Object: 'Object Repository/1. CURA Test Object (Click, Set, Dropdown)/Make Appointment' is clicked on

12-07-2024T13:11:02 - [TEST_STEP][PASSED] - verifyElementText(findTestObject("2. CURA Test Object (Verify parameter)/Login Text"), "Login"): Actual text and expected text of test object 'Object Repository/2. CURA Test Object (Verify parameter)/Login Text' are matched.

12-07-2024T13:11:03 - [MESSAGE][PASSED] - Actual text and expected text of test object 'Object Repository/2. CURA Test Object (Verify parameter)/Login Text' are matched.

12-07-2024T13:11:03 - [TEST_STEP][PASSED] - setText(findTestObject("1. CURA Test Object (Click, Set, Dropdown)/Username"), Username): Text 'John Doe' is set on object 'Object Repository/1. CURA Test Object (Click, Set, Dropdown)/Username'

12-07-2024T13:11:03 - [MESSAGE][PASSED] - Text 'John Doe' is set on object 'Object Repository/1. CURA Test Object (Click, Set, Dropdown)/Username'

12-07-2024T13:11:03 - [TEST_STEP][PASSED] - setText(findTestObject("1. CURA Test Object (Click, Set, Dropdown)/Password"), Password): Text 'ThisIsNotAPassword' is set on object 'Object Repository/1. CURA Test Object (Click, Set, Dropdown)/Password'

12-07-2024T13:11:04 - [MESSAGE][PASSED] - Text 'ThisIsNotAPassword' is set on object 'Object Repository/1. CURA Test Object (Click, Set, Dropdown)/Password'

12-07-2024T13:11:04 - [TEST_STEP][PASSED] - click(findTestObject("1. CURA Test Object (Click, Set, Dropdown)/Login Button")): Object: 'Object Repository/1. CURA Test Object (Click, Set, Dropdown)/Login Button' is clicked on

12-07-2024T13:11:05 - [MESSAGE][PASSED] - Object: 'Object Repository/1. CURA Test Object (Click, Set, Dropdown)/Login Button' is clicked on

12-07-2024T13:11:05 - [MESSAGE][PASSED] - Call Test Case 'Test Cases/CURA Web Test/Properties/TCP02 - Login' successfully

12-07-2024T13:11:05 - [TEST_STEP][PASSED] - selectOptionByValue(findTestObject("1. CURA Test Object (Click, Set, Dropdown)/Facility"), facility, true): All options with value 'Hongkong CURA Healthcare Center' are selected in object 'Object Repository/1. CURA Test Object (Click, Set, Dropdown)/Facility'  using regular expression

12-07-2024T13:11:06 - [MESSAGE][PASSED] - All options with value 'Hongkong CURA Healthcare Center' are selected in object 'Object Repository/1. CURA Test Object (Click, Set, Dropdown)/Facility'  using regular expression

12-07-2024T13:11:06 - [TEST_STEP][PASSED] - click(findTestObject("1. CURA Test Object (Click, Set, Dropdown)/Apply for Hospital Readmission")): Object: 'Object Repository/1. CURA Test Object (Click, Set, Dropdown)/Apply for Hospital Readmission' is clicked on

12-07-2024T13:11:06 - [MESSAGE][PASSED] - Object: 'Object Repository/1. CURA Test Object (Click, Set, Dropdown)/Apply for Hospital Readmission' is clicked on

12-07-2024T13:11:06 - [TEST_STEP][PASSED] - click(findTestObject("1. CURA Test Object (Click, Set, Dropdown)/None")): Object: 'Object Repository/1. CURA Test Object (Click, Set, Dropdown)/None' is clicked on

12-07-2024T13:11:06 - [MESSAGE][PASSED] - Object: 'Object Repository/1. CURA Test Object (Click, Set, Dropdown)/None' is clicked on

12-07-2024T13:11:06 - [TEST_STEP][PASSED] - click(findTestObject("1. CURA Test Object (Click, Set, Dropdown)/Visit Date")): Object: 'Object Repository/1. CURA Test Object (Click, Set, Dropdown)/Visit Date' is clicked on

12-07-2024T13:11:06 - [MESSAGE][PASSED] - Object: 'Object Repository/1. CURA Test Object (Click, Set, Dropdown)/Visit Date' is clicked on

12-07-2024T13:11:06 - [TEST_STEP][PASSED] - setText(findTestObject("1. CURA Test Object (Click, Set, Dropdown)/Visit Date"), visitdate): Text '01/08/2024' is set on object 'Object Repository/1. CURA Test Object (Click, Set, Dropdown)/Visit Date'

12-07-2024T13:11:07 - [MESSAGE][PASSED] - Text '01/08/2024' is set on object 'Object Repository/1. CURA Test Object (Click, Set, Dropdown)/Visit Date'

12-07-2024T13:11:07 - [TEST_STEP][PASSED] - setText(findTestObject("1. CURA Test Object (Click, Set, Dropdown)/Comment"), comment): Text 'Visit time: 1:00 PM' is set on object 'Object Repository/1. CURA Test Object (Click, Set, Dropdown)/Comment'

12-07-2024T13:11:08 - [MESSAGE][PASSED] - Text 'Visit time: 1:00 PM' is set on object 'Object Repository/1. CURA Test Object (Click, Set, Dropdown)/Comment'

12-07-2024T13:11:08 - [TEST_STEP][PASSED] - click(findTestObject("1. CURA Test Object (Click, Set, Dropdown)/Book Appointment")): Object: 'Object Repository/1. CURA Test Object (Click, Set, Dropdown)/Book Appointment' is clicked on

12-07-2024T13:11:09 - [MESSAGE][PASSED] - Object: 'Object Repository/1. CURA Test Object (Click, Set, Dropdown)/Book Appointment' is clicked on

12-07-2024T13:11:09 - [TEST_STEP][PASSED] - click(findTestObject("1. CURA Test Object (Click, Set, Dropdown)/Menu")): Object: 'Object Repository/1. CURA Test Object (Click, Set, Dropdown)/Menu' is clicked on

12-07-2024T13:11:09 - [MESSAGE][PASSED] - Object: 'Object Repository/1. CURA Test Object (Click, Set, Dropdown)/Menu' is clicked on

12-07-2024T13:11:09 - [TEST_STEP][PASSED] - click(findTestObject("1. CURA Test Object (Click, Set, Dropdown)/Home")): Object: 'Object Repository/1. CURA Test Object (Click, Set, Dropdown)/Home' is clicked on

12-07-2024T13:11:10 - [MESSAGE][PASSED] - Object: 'Object Repository/1. CURA Test Object (Click, Set, Dropdown)/Home' is clicked on

12-07-2024T13:11:10 - [TEST_STEP][PASSED] - click(findTestObject("1. CURA Test Object (Click, Set, Dropdown)/Make Appointment")): Object: 'Object Repository/1. CURA Test Object (Click, Set, Dropdown)/Make Appointment' is clicked on

12-07-2024T13:11:10 - [MESSAGE][PASSED] - Object: 'Object Repository/1. CURA Test Object (Click, Set, Dropdown)/Make Appointment' is clicked on]]></system-out>
         <system-err><![CDATA[]]></system-err>
      </testcase>
      <testcase name="Test Cases/CURA Web Test/TC19 - Hongkong Appointment using data driven" time="13.141" classname="Test Cases/CURA Web Test/TC19 - Hongkong Appointment using data driven" status="PASSED">
         <system-out><![CDATA[12-07-2024T13:11:10 - [TEST_CASE][PASSED] - Test Cases/CURA Web Test/TC19 - Hongkong Appointment using data driven: Test Cases/CURA Web Test/TC19 - Hongkong Appointment using data driven

12-07-2024T13:11:10 - [TEST_STEP][PASSED] - callTestCase(findTestCase("CURA Web Test/Properties/TCP01 - Open browser"), [:], STOP_ON_FAILURE): Call Test Case 'Test Cases/CURA Web Test/Properties/TCP01 - Open browser' successfully

12-07-2024T13:11:10 - [TEST_CASE][PASSED] - Test Cases/CURA Web Test/Properties/TCP01 - Open browser: Test Cases/CURA Web Test/Properties/TCP01 - Open browser

12-07-2024T13:11:10 - [TEST_STEP][PASSED] - openBrowser(""): Browser is opened with url: ''

12-07-2024T13:11:10 - [MESSAGE][WARNING] - A browser is already opened. Closing browser and opening a new one

12-07-2024T13:11:11 - [MESSAGE][INFO] - Starting 'Chrome' driver

12-07-2024T13:11:11 - [MESSAGE][INFO] - Action delay is set to 0 milliseconds

12-07-2024T13:11:12 - [MESSAGE][PASSED] - Browser is opened with url: ''

12-07-2024T13:11:12 - [TEST_STEP][PASSED] - navigateToUrl(URL): Navigate to 'https://katalon-demo-cura.herokuapp.com/' successfully

12-07-2024T13:11:15 - [MESSAGE][PASSED] - Navigate to 'https://katalon-demo-cura.herokuapp.com/' successfully

12-07-2024T13:11:15 - [MESSAGE][PASSED] - Call Test Case 'Test Cases/CURA Web Test/Properties/TCP01 - Open browser' successfully

12-07-2024T13:11:15 - [TEST_STEP][PASSED] - callTestCase(findTestCase("CURA Web Test/Properties/TCP02 - Login"), [:], STOP_ON_FAILURE): Call Test Case 'Test Cases/CURA Web Test/Properties/TCP02 - Login' successfully

12-07-2024T13:11:15 - [TEST_CASE][PASSED] - Test Cases/CURA Web Test/Properties/TCP02 - Login: Test Cases/CURA Web Test/Properties/TCP02 - Login

12-07-2024T13:11:15 - [TEST_STEP][PASSED] - click(findTestObject("1. CURA Test Object (Click, Set, Dropdown)/Make Appointment")): Object: 'Object Repository/1. CURA Test Object (Click, Set, Dropdown)/Make Appointment' is clicked on

12-07-2024T13:11:15 - [MESSAGE][PASSED] - Object: 'Object Repository/1. CURA Test Object (Click, Set, Dropdown)/Make Appointment' is clicked on

12-07-2024T13:11:15 - [TEST_STEP][PASSED] - verifyElementText(findTestObject("2. CURA Test Object (Verify parameter)/Login Text"), "Login"): Actual text and expected text of test object 'Object Repository/2. CURA Test Object (Verify parameter)/Login Text' are matched.

12-07-2024T13:11:16 - [MESSAGE][PASSED] - Actual text and expected text of test object 'Object Repository/2. CURA Test Object (Verify parameter)/Login Text' are matched.

12-07-2024T13:11:16 - [TEST_STEP][PASSED] - setText(findTestObject("1. CURA Test Object (Click, Set, Dropdown)/Username"), Username): Text 'John Doe' is set on object 'Object Repository/1. CURA Test Object (Click, Set, Dropdown)/Username'

12-07-2024T13:11:16 - [MESSAGE][PASSED] - Text 'John Doe' is set on object 'Object Repository/1. CURA Test Object (Click, Set, Dropdown)/Username'

12-07-2024T13:11:16 - [TEST_STEP][PASSED] - setText(findTestObject("1. CURA Test Object (Click, Set, Dropdown)/Password"), Password): Text 'ThisIsNotAPassword' is set on object 'Object Repository/1. CURA Test Object (Click, Set, Dropdown)/Password'

12-07-2024T13:11:17 - [MESSAGE][PASSED] - Text 'ThisIsNotAPassword' is set on object 'Object Repository/1. CURA Test Object (Click, Set, Dropdown)/Password'

12-07-2024T13:11:17 - [TEST_STEP][PASSED] - click(findTestObject("1. CURA Test Object (Click, Set, Dropdown)/Login Button")): Object: 'Object Repository/1. CURA Test Object (Click, Set, Dropdown)/Login Button' is clicked on

12-07-2024T13:11:18 - [MESSAGE][PASSED] - Object: 'Object Repository/1. CURA Test Object (Click, Set, Dropdown)/Login Button' is clicked on

12-07-2024T13:11:18 - [MESSAGE][PASSED] - Call Test Case 'Test Cases/CURA Web Test/Properties/TCP02 - Login' successfully

12-07-2024T13:11:18 - [TEST_STEP][PASSED] - selectOptionByValue(findTestObject("1. CURA Test Object (Click, Set, Dropdown)/Facility"), facility, true): All options with value 'Hongkong CURA Healthcare Center' are selected in object 'Object Repository/1. CURA Test Object (Click, Set, Dropdown)/Facility'  using regular expression

12-07-2024T13:11:19 - [MESSAGE][PASSED] - All options with value 'Hongkong CURA Healthcare Center' are selected in object 'Object Repository/1. CURA Test Object (Click, Set, Dropdown)/Facility'  using regular expression

12-07-2024T13:11:19 - [TEST_STEP][PASSED] - click(findTestObject("1. CURA Test Object (Click, Set, Dropdown)/Apply for Hospital Readmission")): Object: 'Object Repository/1. CURA Test Object (Click, Set, Dropdown)/Apply for Hospital Readmission' is clicked on

12-07-2024T13:11:19 - [MESSAGE][PASSED] - Object: 'Object Repository/1. CURA Test Object (Click, Set, Dropdown)/Apply for Hospital Readmission' is clicked on

12-07-2024T13:11:19 - [TEST_STEP][PASSED] - click(findTestObject("1. CURA Test Object (Click, Set, Dropdown)/None")): Object: 'Object Repository/1. CURA Test Object (Click, Set, Dropdown)/None' is clicked on

12-07-2024T13:11:19 - [MESSAGE][PASSED] - Object: 'Object Repository/1. CURA Test Object (Click, Set, Dropdown)/None' is clicked on

12-07-2024T13:11:19 - [TEST_STEP][PASSED] - click(findTestObject("1. CURA Test Object (Click, Set, Dropdown)/Visit Date")): Object: 'Object Repository/1. CURA Test Object (Click, Set, Dropdown)/Visit Date' is clicked on

12-07-2024T13:11:20 - [MESSAGE][PASSED] - Object: 'Object Repository/1. CURA Test Object (Click, Set, Dropdown)/Visit Date' is clicked on

12-07-2024T13:11:20 - [TEST_STEP][PASSED] - setText(findTestObject("1. CURA Test Object (Click, Set, Dropdown)/Visit Date"), visitdate): Text '17/08/2024' is set on object 'Object Repository/1. CURA Test Object (Click, Set, Dropdown)/Visit Date'

12-07-2024T13:11:20 - [MESSAGE][PASSED] - Text '17/08/2024' is set on object 'Object Repository/1. CURA Test Object (Click, Set, Dropdown)/Visit Date'

12-07-2024T13:11:20 - [TEST_STEP][PASSED] - setText(findTestObject("1. CURA Test Object (Click, Set, Dropdown)/Comment"), comment): Text 'Visit time: 3:00 PM' is set on object 'Object Repository/1. CURA Test Object (Click, Set, Dropdown)/Comment'

12-07-2024T13:11:21 - [MESSAGE][PASSED] - Text 'Visit time: 3:00 PM' is set on object 'Object Repository/1. CURA Test Object (Click, Set, Dropdown)/Comment'

12-07-2024T13:11:21 - [TEST_STEP][PASSED] - click(findTestObject("1. CURA Test Object (Click, Set, Dropdown)/Book Appointment")): Object: 'Object Repository/1. CURA Test Object (Click, Set, Dropdown)/Book Appointment' is clicked on

12-07-2024T13:11:22 - [MESSAGE][PASSED] - Object: 'Object Repository/1. CURA Test Object (Click, Set, Dropdown)/Book Appointment' is clicked on

12-07-2024T13:11:22 - [TEST_STEP][PASSED] - click(findTestObject("1. CURA Test Object (Click, Set, Dropdown)/Menu")): Object: 'Object Repository/1. CURA Test Object (Click, Set, Dropdown)/Menu' is clicked on

12-07-2024T13:11:22 - [MESSAGE][PASSED] - Object: 'Object Repository/1. CURA Test Object (Click, Set, Dropdown)/Menu' is clicked on

12-07-2024T13:11:22 - [TEST_STEP][PASSED] - click(findTestObject("1. CURA Test Object (Click, Set, Dropdown)/Home")): Object: 'Object Repository/1. CURA Test Object (Click, Set, Dropdown)/Home' is clicked on

12-07-2024T13:11:23 - [MESSAGE][PASSED] - Object: 'Object Repository/1. CURA Test Object (Click, Set, Dropdown)/Home' is clicked on

12-07-2024T13:11:23 - [TEST_STEP][PASSED] - click(findTestObject("1. CURA Test Object (Click, Set, Dropdown)/Make Appointment")): Object: 'Object Repository/1. CURA Test Object (Click, Set, Dropdown)/Make Appointment' is clicked on

12-07-2024T13:11:23 - [MESSAGE][PASSED] - Object: 'Object Repository/1. CURA Test Object (Click, Set, Dropdown)/Make Appointment' is clicked on]]></system-out>
         <system-err><![CDATA[]]></system-err>
      </testcase>
      <testcase name="Test Cases/CURA Web Test/TC19 - Hongkong Appointment using data driven" time="12.178" classname="Test Cases/CURA Web Test/TC19 - Hongkong Appointment using data driven" status="PASSED">
         <system-out><![CDATA[12-07-2024T13:11:23 - [TEST_CASE][PASSED] - Test Cases/CURA Web Test/TC19 - Hongkong Appointment using data driven: Test Cases/CURA Web Test/TC19 - Hongkong Appointment using data driven

12-07-2024T13:11:23 - [TEST_STEP][PASSED] - callTestCase(findTestCase("CURA Web Test/Properties/TCP01 - Open browser"), [:], STOP_ON_FAILURE): Call Test Case 'Test Cases/CURA Web Test/Properties/TCP01 - Open browser' successfully

12-07-2024T13:11:23 - [TEST_CASE][PASSED] - Test Cases/CURA Web Test/Properties/TCP01 - Open browser: Test Cases/CURA Web Test/Properties/TCP01 - Open browser

12-07-2024T13:11:23 - [TEST_STEP][PASSED] - openBrowser(""): Browser is opened with url: ''

12-07-2024T13:11:23 - [MESSAGE][WARNING] - A browser is already opened. Closing browser and opening a new one

12-07-2024T13:11:23 - [MESSAGE][INFO] - Starting 'Chrome' driver

12-07-2024T13:11:23 - [MESSAGE][INFO] - Action delay is set to 0 milliseconds

12-07-2024T13:11:24 - [MESSAGE][PASSED] - Browser is opened with url: ''

12-07-2024T13:11:24 - [TEST_STEP][PASSED] - navigateToUrl(URL): Navigate to 'https://katalon-demo-cura.herokuapp.com/' successfully

12-07-2024T13:11:27 - [MESSAGE][PASSED] - Navigate to 'https://katalon-demo-cura.herokuapp.com/' successfully

12-07-2024T13:11:27 - [MESSAGE][PASSED] - Call Test Case 'Test Cases/CURA Web Test/Properties/TCP01 - Open browser' successfully

12-07-2024T13:11:27 - [TEST_STEP][PASSED] - callTestCase(findTestCase("CURA Web Test/Properties/TCP02 - Login"), [:], STOP_ON_FAILURE): Call Test Case 'Test Cases/CURA Web Test/Properties/TCP02 - Login' successfully

12-07-2024T13:11:27 - [TEST_CASE][PASSED] - Test Cases/CURA Web Test/Properties/TCP02 - Login: Test Cases/CURA Web Test/Properties/TCP02 - Login

12-07-2024T13:11:27 - [TEST_STEP][PASSED] - click(findTestObject("1. CURA Test Object (Click, Set, Dropdown)/Make Appointment")): Object: 'Object Repository/1. CURA Test Object (Click, Set, Dropdown)/Make Appointment' is clicked on

12-07-2024T13:11:27 - [MESSAGE][PASSED] - Object: 'Object Repository/1. CURA Test Object (Click, Set, Dropdown)/Make Appointment' is clicked on

12-07-2024T13:11:27 - [TEST_STEP][PASSED] - verifyElementText(findTestObject("2. CURA Test Object (Verify parameter)/Login Text"), "Login"): Actual text and expected text of test object 'Object Repository/2. CURA Test Object (Verify parameter)/Login Text' are matched.

12-07-2024T13:11:28 - [MESSAGE][PASSED] - Actual text and expected text of test object 'Object Repository/2. CURA Test Object (Verify parameter)/Login Text' are matched.

12-07-2024T13:11:28 - [TEST_STEP][PASSED] - setText(findTestObject("1. CURA Test Object (Click, Set, Dropdown)/Username"), Username): Text 'John Doe' is set on object 'Object Repository/1. CURA Test Object (Click, Set, Dropdown)/Username'

12-07-2024T13:11:29 - [MESSAGE][PASSED] - Text 'John Doe' is set on object 'Object Repository/1. CURA Test Object (Click, Set, Dropdown)/Username'

12-07-2024T13:11:29 - [TEST_STEP][PASSED] - setText(findTestObject("1. CURA Test Object (Click, Set, Dropdown)/Password"), Password): Text 'ThisIsNotAPassword' is set on object 'Object Repository/1. CURA Test Object (Click, Set, Dropdown)/Password'

12-07-2024T13:11:29 - [MESSAGE][PASSED] - Text 'ThisIsNotAPassword' is set on object 'Object Repository/1. CURA Test Object (Click, Set, Dropdown)/Password'

12-07-2024T13:11:29 - [TEST_STEP][PASSED] - click(findTestObject("1. CURA Test Object (Click, Set, Dropdown)/Login Button")): Object: 'Object Repository/1. CURA Test Object (Click, Set, Dropdown)/Login Button' is clicked on

12-07-2024T13:11:30 - [MESSAGE][PASSED] - Object: 'Object Repository/1. CURA Test Object (Click, Set, Dropdown)/Login Button' is clicked on

12-07-2024T13:11:30 - [MESSAGE][PASSED] - Call Test Case 'Test Cases/CURA Web Test/Properties/TCP02 - Login' successfully

12-07-2024T13:11:30 - [TEST_STEP][PASSED] - selectOptionByValue(findTestObject("1. CURA Test Object (Click, Set, Dropdown)/Facility"), facility, true): All options with value 'Hongkong CURA Healthcare Center' are selected in object 'Object Repository/1. CURA Test Object (Click, Set, Dropdown)/Facility'  using regular expression

12-07-2024T13:11:31 - [MESSAGE][PASSED] - All options with value 'Hongkong CURA Healthcare Center' are selected in object 'Object Repository/1. CURA Test Object (Click, Set, Dropdown)/Facility'  using regular expression

12-07-2024T13:11:31 - [TEST_STEP][PASSED] - click(findTestObject("1. CURA Test Object (Click, Set, Dropdown)/Apply for Hospital Readmission")): Object: 'Object Repository/1. CURA Test Object (Click, Set, Dropdown)/Apply for Hospital Readmission' is clicked on

12-07-2024T13:11:31 - [MESSAGE][PASSED] - Object: 'Object Repository/1. CURA Test Object (Click, Set, Dropdown)/Apply for Hospital Readmission' is clicked on

12-07-2024T13:11:31 - [TEST_STEP][PASSED] - click(findTestObject("1. CURA Test Object (Click, Set, Dropdown)/None")): Object: 'Object Repository/1. CURA Test Object (Click, Set, Dropdown)/None' is clicked on

12-07-2024T13:11:31 - [MESSAGE][PASSED] - Object: 'Object Repository/1. CURA Test Object (Click, Set, Dropdown)/None' is clicked on

12-07-2024T13:11:31 - [TEST_STEP][PASSED] - click(findTestObject("1. CURA Test Object (Click, Set, Dropdown)/Visit Date")): Object: 'Object Repository/1. CURA Test Object (Click, Set, Dropdown)/Visit Date' is clicked on

12-07-2024T13:11:32 - [MESSAGE][PASSED] - Object: 'Object Repository/1. CURA Test Object (Click, Set, Dropdown)/Visit Date' is clicked on

12-07-2024T13:11:32 - [TEST_STEP][PASSED] - setText(findTestObject("1. CURA Test Object (Click, Set, Dropdown)/Visit Date"), visitdate): Text '02/01/2025' is set on object 'Object Repository/1. CURA Test Object (Click, Set, Dropdown)/Visit Date'

12-07-2024T13:11:33 - [MESSAGE][PASSED] - Text '02/01/2025' is set on object 'Object Repository/1. CURA Test Object (Click, Set, Dropdown)/Visit Date'

12-07-2024T13:11:33 - [TEST_STEP][PASSED] - setText(findTestObject("1. CURA Test Object (Click, Set, Dropdown)/Comment"), comment): Text 'Visit time: 7:00 AM' is set on object 'Object Repository/1. CURA Test Object (Click, Set, Dropdown)/Comment'

12-07-2024T13:11:33 - [MESSAGE][PASSED] - Text 'Visit time: 7:00 AM' is set on object 'Object Repository/1. CURA Test Object (Click, Set, Dropdown)/Comment'

12-07-2024T13:11:33 - [TEST_STEP][PASSED] - click(findTestObject("1. CURA Test Object (Click, Set, Dropdown)/Book Appointment")): Object: 'Object Repository/1. CURA Test Object (Click, Set, Dropdown)/Book Appointment' is clicked on

12-07-2024T13:11:34 - [MESSAGE][PASSED] - Object: 'Object Repository/1. CURA Test Object (Click, Set, Dropdown)/Book Appointment' is clicked on

12-07-2024T13:11:34 - [TEST_STEP][PASSED] - click(findTestObject("1. CURA Test Object (Click, Set, Dropdown)/Menu")): Object: 'Object Repository/1. CURA Test Object (Click, Set, Dropdown)/Menu' is clicked on

12-07-2024T13:11:34 - [MESSAGE][PASSED] - Object: 'Object Repository/1. CURA Test Object (Click, Set, Dropdown)/Menu' is clicked on

12-07-2024T13:11:34 - [TEST_STEP][PASSED] - click(findTestObject("1. CURA Test Object (Click, Set, Dropdown)/Home")): Object: 'Object Repository/1. CURA Test Object (Click, Set, Dropdown)/Home' is clicked on

12-07-2024T13:11:35 - [MESSAGE][PASSED] - Object: 'Object Repository/1. CURA Test Object (Click, Set, Dropdown)/Home' is clicked on

12-07-2024T13:11:35 - [TEST_STEP][PASSED] - click(findTestObject("1. CURA Test Object (Click, Set, Dropdown)/Make Appointment")): Object: 'Object Repository/1. CURA Test Object (Click, Set, Dropdown)/Make Appointment' is clicked on

12-07-2024T13:11:35 - [MESSAGE][PASSED] - Object: 'Object Repository/1. CURA Test Object (Click, Set, Dropdown)/Make Appointment' is clicked on]]></system-out>
         <system-err><![CDATA[]]></system-err>
      </testcase>
      <testcase name="Test Cases/CURA Web Test/Properties/TCP03 - Logout" time="1.958" classname="Test Cases/CURA Web Test/Properties/TCP03 - Logout" status="PASSED">
         <system-out><![CDATA[12-07-2024T13:11:35 - [TEST_CASE][PASSED] - Test Cases/CURA Web Test/Properties/TCP03 - Logout: Test Cases/CURA Web Test/Properties/TCP03 - Logout

12-07-2024T13:11:35 - [TEST_STEP][PASSED] - verifyElementText(findTestObject("2. CURA Test Object (Verify parameter)/Make Appointment Text"), "Make Appointment"): Actual text and expected text of test object 'Object Repository/2. CURA Test Object (Verify parameter)/Make Appointment Text' are matched.

12-07-2024T13:11:36 - [MESSAGE][PASSED] - Actual text and expected text of test object 'Object Repository/2. CURA Test Object (Verify parameter)/Make Appointment Text' are matched.

12-07-2024T13:11:36 - [TEST_STEP][PASSED] - click(findTestObject("1. CURA Test Object (Click, Set, Dropdown)/Menu")): Object: 'Object Repository/1. CURA Test Object (Click, Set, Dropdown)/Menu' is clicked on

12-07-2024T13:11:36 - [MESSAGE][PASSED] - Object: 'Object Repository/1. CURA Test Object (Click, Set, Dropdown)/Menu' is clicked on

12-07-2024T13:11:36 - [TEST_STEP][PASSED] - click(findTestObject("1. CURA Test Object (Click, Set, Dropdown)/Logout")): Object: 'Object Repository/1. CURA Test Object (Click, Set, Dropdown)/Logout' is clicked on

12-07-2024T13:11:37 - [MESSAGE][PASSED] - Object: 'Object Repository/1. CURA Test Object (Click, Set, Dropdown)/Logout' is clicked on

12-07-2024T13:11:37 - [TEST_STEP][PASSED] - closeBrowser(): Browser is closed

12-07-2024T13:11:37 - [MESSAGE][PASSED] - Browser is closed]]></system-out>
         <system-err><![CDATA[]]></system-err>
      </testcase>
      <system-out><![CDATA[12-07-2024T13:10:43 - [TEST_SUITE][PASSED] - TS11 - Hongkong appointment using data driven: Test Cases/CURA Web Test/Properties/TCP03 - Logout]]></system-out>
      <system-err><![CDATA[]]></system-err>
   </testsuite>
   <testsuite name="TS12 - Tokyo appointment using data driven" tests="4" failures="0" errors="0" time="38.969" skipped="0" timestamp="12-07-2024T13:11:47" hostname="Lenovo - LAPTOP-7QB5JFLU" id="Test Suites/CURA Test suites/TS12 - Tokyo appointment using data driven">
      <properties>
         <property name="deviceName" value=""/>
         <property name="devicePlatform"/>
         <property name="logFolder" value="C:\\Users\\Lenovo\\git\\KatalonPractitionerLevel\\Reports\\20240712_130150\\CURA Test suites\\TS12 - Tokyo appointment using data driven\\20240712_130213"/>
         <property name="logFiles" value="C:\\Users\\Lenovo\\git\\KatalonPractitionerLevel\\Reports\\20240712_130150\\CURA Test suites\\TS12 - Tokyo appointment using data driven\\20240712_130213\\execution0.log"/>
         <property name="attachments" value=""/>
         <property name="hostName" value="Lenovo - LAPTOP-7QB5JFLU"/>
         <property name="os" value="Windows 11 64bit"/>
         <property name="katalonVersion" value="9.6.0.217"/>
         <property name="browser" value="Chrome 126.0.0.0"/>
         <property name="hostAddress" value="192.168.1.12"/>
         <property name="sessionId" value="f105452ae6912fc0f55c98a5a7b99067"/>
         <property name="seleniumVersion" value="3.141.59"/>
         <property name="proxyInformation" value="ProxyInformation { proxyOption=NO_PROXY, proxyServerType=HTTP, username=, password=********, proxyServerAddress=, proxyServerPort=0, executionList=&quot;&quot;, isApplyToDesiredCapabilities=true }"/>
         <property name="platform" value="Windows 11"/>
      </properties>
      <testcase name="Test Cases/CURA Web Test/TC20 - Tokyo appointment using data driven" time="13.355" classname="Test Cases/CURA Web Test/TC20 - Tokyo appointment using data driven" status="PASSED">
         <system-out><![CDATA[12-07-2024T13:11:47 - [TEST_CASE][PASSED] - Test Cases/CURA Web Test/TC20 - Tokyo appointment using data driven: Test Cases/CURA Web Test/TC20 - Tokyo appointment using data driven

12-07-2024T13:11:48 - [TEST_STEP][PASSED] - propertiesPage.openBrowser.main(): propertiesPage.openBrowser.main is PASSED

12-07-2024T13:11:48 - [MESSAGE][INFO] - Starting 'Chrome' driver

12-07-2024T13:11:48 - [MESSAGE][INFO] - Action delay is set to 0 milliseconds

12-07-2024T13:11:49 - [MESSAGE][PASSED] - Browser is opened with url: ''

12-07-2024T13:11:52 - [MESSAGE][PASSED] - Navigate to 'https://katalon-demo-cura.herokuapp.com/' successfully

12-07-2024T13:11:52 - [MESSAGE][PASSED] - propertiesPage.openBrowser.main is PASSED

12-07-2024T13:11:52 - [TEST_STEP][PASSED] - propertiesPage.loginMenu.main(): propertiesPage.loginMenu.main is PASSED

12-07-2024T13:11:53 - [MESSAGE][PASSED] - Object: 'Object Repository/1. CURA Test Object (Click, Set, Dropdown)/Make Appointment' is clicked on

12-07-2024T13:11:54 - [MESSAGE][PASSED] - Text 'John Doe' is set on object 'Object Repository/1. CURA Test Object (Click, Set, Dropdown)/Username'

12-07-2024T13:11:54 - [MESSAGE][PASSED] - Text 'ThisIsNotAPassword' is set on object 'Object Repository/1. CURA Test Object (Click, Set, Dropdown)/Password'

12-07-2024T13:11:55 - [MESSAGE][PASSED] - Object: 'Object Repository/1. CURA Test Object (Click, Set, Dropdown)/Login Button' is clicked on

12-07-2024T13:11:55 - [MESSAGE][PASSED] - propertiesPage.loginMenu.main is PASSED

12-07-2024T13:11:55 - [TEST_STEP][PASSED] - selectOptionByValue(findTestObject("1. CURA Test Object (Click, Set, Dropdown)/Facility"), facility, true): All options with value 'Tokyo CURA Healthcare Center' are selected in object 'Object Repository/1. CURA Test Object (Click, Set, Dropdown)/Facility'  using regular expression

12-07-2024T13:11:56 - [MESSAGE][PASSED] - All options with value 'Tokyo CURA Healthcare Center' are selected in object 'Object Repository/1. CURA Test Object (Click, Set, Dropdown)/Facility'  using regular expression

12-07-2024T13:11:56 - [TEST_STEP][PASSED] - click(findTestObject("1. CURA Test Object (Click, Set, Dropdown)/Medicare")): Object: 'Object Repository/1. CURA Test Object (Click, Set, Dropdown)/Medicare' is clicked on

12-07-2024T13:11:57 - [MESSAGE][PASSED] - Object: 'Object Repository/1. CURA Test Object (Click, Set, Dropdown)/Medicare' is clicked on

12-07-2024T13:11:57 - [TEST_STEP][PASSED] - click(findTestObject("1. CURA Test Object (Click, Set, Dropdown)/Visit Date")): Object: 'Object Repository/1. CURA Test Object (Click, Set, Dropdown)/Visit Date' is clicked on

12-07-2024T13:11:57 - [MESSAGE][PASSED] - Object: 'Object Repository/1. CURA Test Object (Click, Set, Dropdown)/Visit Date' is clicked on

12-07-2024T13:11:57 - [TEST_STEP][PASSED] - setText(findTestObject("1. CURA Test Object (Click, Set, Dropdown)/Visit Date"), datevisit): Text '01/07/2024' is set on object 'Object Repository/1. CURA Test Object (Click, Set, Dropdown)/Visit Date'

12-07-2024T13:11:58 - [MESSAGE][PASSED] - Text '01/07/2024' is set on object 'Object Repository/1. CURA Test Object (Click, Set, Dropdown)/Visit Date'

12-07-2024T13:11:58 - [TEST_STEP][PASSED] - setText(findTestObject("1. CURA Test Object (Click, Set, Dropdown)/Comment"), commentbook): Text 'Reschedule to 08/07/2024' is set on object 'Object Repository/1. CURA Test Object (Click, Set, Dropdown)/Comment'

12-07-2024T13:11:58 - [MESSAGE][PASSED] - Text 'Reschedule to 08/07/2024' is set on object 'Object Repository/1. CURA Test Object (Click, Set, Dropdown)/Comment'

12-07-2024T13:11:59 - [TEST_STEP][PASSED] - click(findTestObject("1. CURA Test Object (Click, Set, Dropdown)/Book Appointment")): Object: 'Object Repository/1. CURA Test Object (Click, Set, Dropdown)/Book Appointment' is clicked on

12-07-2024T13:11:59 - [MESSAGE][PASSED] - Object: 'Object Repository/1. CURA Test Object (Click, Set, Dropdown)/Book Appointment' is clicked on

12-07-2024T13:11:59 - [TEST_STEP][PASSED] - click(findTestObject("1. CURA Test Object (Click, Set, Dropdown)/Menu")): Object: 'Object Repository/1. CURA Test Object (Click, Set, Dropdown)/Menu' is clicked on

12-07-2024T13:12:00 - [MESSAGE][PASSED] - Object: 'Object Repository/1. CURA Test Object (Click, Set, Dropdown)/Menu' is clicked on

12-07-2024T13:12:00 - [TEST_STEP][PASSED] - click(findTestObject("1. CURA Test Object (Click, Set, Dropdown)/Home")): Object: 'Object Repository/1. CURA Test Object (Click, Set, Dropdown)/Home' is clicked on

12-07-2024T13:12:00 - [MESSAGE][PASSED] - Object: 'Object Repository/1. CURA Test Object (Click, Set, Dropdown)/Home' is clicked on

12-07-2024T13:12:00 - [TEST_STEP][PASSED] - verifyElementPresent(findTestObject("2. CURA Test Object (Verify parameter)/CURA Healthcare Service Label"), 0): Object 'Object Repository/2. CURA Test Object (Verify parameter)/CURA Healthcare Service Label' is present

12-07-2024T13:12:00 - [MESSAGE][WARNING] - Timeout '0' is invalid. Using default page load timeout: '30'

12-07-2024T13:12:00 - [MESSAGE][PASSED] - Object 'Object Repository/2. CURA Test Object (Verify parameter)/CURA Healthcare Service Label' is present

12-07-2024T13:12:00 - [TEST_STEP][PASSED] - click(findTestObject("1. CURA Test Object (Click, Set, Dropdown)/Make Appointment")): Object: 'Object Repository/1. CURA Test Object (Click, Set, Dropdown)/Make Appointment' is clicked on

12-07-2024T13:12:01 - [MESSAGE][PASSED] - Object: 'Object Repository/1. CURA Test Object (Click, Set, Dropdown)/Make Appointment' is clicked on]]></system-out>
         <system-err><![CDATA[]]></system-err>
      </testcase>
      <testcase name="Test Cases/CURA Web Test/TC20 - Tokyo appointment using data driven" time="11.791" classname="Test Cases/CURA Web Test/TC20 - Tokyo appointment using data driven" status="PASSED">
         <system-out><![CDATA[12-07-2024T13:12:01 - [TEST_CASE][PASSED] - Test Cases/CURA Web Test/TC20 - Tokyo appointment using data driven: Test Cases/CURA Web Test/TC20 - Tokyo appointment using data driven

12-07-2024T13:12:01 - [TEST_STEP][PASSED] - propertiesPage.openBrowser.main(): propertiesPage.openBrowser.main is PASSED

12-07-2024T13:12:01 - [MESSAGE][WARNING] - A browser is already opened. Closing browser and opening a new one

12-07-2024T13:12:01 - [MESSAGE][INFO] - Starting 'Chrome' driver

12-07-2024T13:12:01 - [MESSAGE][INFO] - Action delay is set to 0 milliseconds

12-07-2024T13:12:01 - [MESSAGE][PASSED] - Browser is opened with url: ''

12-07-2024T13:12:04 - [MESSAGE][PASSED] - Navigate to 'https://katalon-demo-cura.herokuapp.com/' successfully

12-07-2024T13:12:04 - [MESSAGE][PASSED] - propertiesPage.openBrowser.main is PASSED

12-07-2024T13:12:04 - [TEST_STEP][PASSED] - propertiesPage.loginMenu.main(): propertiesPage.loginMenu.main is PASSED

12-07-2024T13:12:05 - [MESSAGE][PASSED] - Object: 'Object Repository/1. CURA Test Object (Click, Set, Dropdown)/Make Appointment' is clicked on

12-07-2024T13:12:06 - [MESSAGE][PASSED] - Text 'John Doe' is set on object 'Object Repository/1. CURA Test Object (Click, Set, Dropdown)/Username'

12-07-2024T13:12:06 - [MESSAGE][PASSED] - Text 'ThisIsNotAPassword' is set on object 'Object Repository/1. CURA Test Object (Click, Set, Dropdown)/Password'

12-07-2024T13:12:07 - [MESSAGE][PASSED] - Object: 'Object Repository/1. CURA Test Object (Click, Set, Dropdown)/Login Button' is clicked on

12-07-2024T13:12:07 - [MESSAGE][PASSED] - propertiesPage.loginMenu.main is PASSED

12-07-2024T13:12:07 - [TEST_STEP][PASSED] - selectOptionByValue(findTestObject("1. CURA Test Object (Click, Set, Dropdown)/Facility"), facility, true): All options with value 'Tokyo CURA Healthcare Center' are selected in object 'Object Repository/1. CURA Test Object (Click, Set, Dropdown)/Facility'  using regular expression

12-07-2024T13:12:08 - [MESSAGE][PASSED] - All options with value 'Tokyo CURA Healthcare Center' are selected in object 'Object Repository/1. CURA Test Object (Click, Set, Dropdown)/Facility'  using regular expression

12-07-2024T13:12:08 - [TEST_STEP][PASSED] - click(findTestObject("1. CURA Test Object (Click, Set, Dropdown)/Medicare")): Object: 'Object Repository/1. CURA Test Object (Click, Set, Dropdown)/Medicare' is clicked on

12-07-2024T13:12:08 - [MESSAGE][PASSED] - Object: 'Object Repository/1. CURA Test Object (Click, Set, Dropdown)/Medicare' is clicked on

12-07-2024T13:12:08 - [TEST_STEP][PASSED] - click(findTestObject("1. CURA Test Object (Click, Set, Dropdown)/Visit Date")): Object: 'Object Repository/1. CURA Test Object (Click, Set, Dropdown)/Visit Date' is clicked on

12-07-2024T13:12:09 - [MESSAGE][PASSED] - Object: 'Object Repository/1. CURA Test Object (Click, Set, Dropdown)/Visit Date' is clicked on

12-07-2024T13:12:09 - [TEST_STEP][PASSED] - setText(findTestObject("1. CURA Test Object (Click, Set, Dropdown)/Visit Date"), datevisit): Text '09/09/2024' is set on object 'Object Repository/1. CURA Test Object (Click, Set, Dropdown)/Visit Date'

12-07-2024T13:12:10 - [MESSAGE][PASSED] - Text '09/09/2024' is set on object 'Object Repository/1. CURA Test Object (Click, Set, Dropdown)/Visit Date'

12-07-2024T13:12:10 - [TEST_STEP][PASSED] - setText(findTestObject("1. CURA Test Object (Click, Set, Dropdown)/Comment"), commentbook): Text 'Meet dr. Yuki' is set on object 'Object Repository/1. CURA Test Object (Click, Set, Dropdown)/Comment'

12-07-2024T13:12:10 - [MESSAGE][PASSED] - Text 'Meet dr. Yuki' is set on object 'Object Repository/1. CURA Test Object (Click, Set, Dropdown)/Comment'

12-07-2024T13:12:10 - [TEST_STEP][PASSED] - click(findTestObject("1. CURA Test Object (Click, Set, Dropdown)/Book Appointment")): Object: 'Object Repository/1. CURA Test Object (Click, Set, Dropdown)/Book Appointment' is clicked on

12-07-2024T13:12:11 - [MESSAGE][PASSED] - Object: 'Object Repository/1. CURA Test Object (Click, Set, Dropdown)/Book Appointment' is clicked on

12-07-2024T13:12:11 - [TEST_STEP][PASSED] - click(findTestObject("1. CURA Test Object (Click, Set, Dropdown)/Menu")): Object: 'Object Repository/1. CURA Test Object (Click, Set, Dropdown)/Menu' is clicked on

12-07-2024T13:12:11 - [MESSAGE][PASSED] - Object: 'Object Repository/1. CURA Test Object (Click, Set, Dropdown)/Menu' is clicked on

12-07-2024T13:12:11 - [TEST_STEP][PASSED] - click(findTestObject("1. CURA Test Object (Click, Set, Dropdown)/Home")): Object: 'Object Repository/1. CURA Test Object (Click, Set, Dropdown)/Home' is clicked on

12-07-2024T13:12:12 - [MESSAGE][PASSED] - Object: 'Object Repository/1. CURA Test Object (Click, Set, Dropdown)/Home' is clicked on

12-07-2024T13:12:12 - [TEST_STEP][PASSED] - verifyElementPresent(findTestObject("2. CURA Test Object (Verify parameter)/CURA Healthcare Service Label"), 0): Object 'Object Repository/2. CURA Test Object (Verify parameter)/CURA Healthcare Service Label' is present

12-07-2024T13:12:12 - [MESSAGE][WARNING] - Timeout '0' is invalid. Using default page load timeout: '30'

12-07-2024T13:12:12 - [MESSAGE][PASSED] - Object 'Object Repository/2. CURA Test Object (Verify parameter)/CURA Healthcare Service Label' is present

12-07-2024T13:12:12 - [TEST_STEP][PASSED] - click(findTestObject("1. CURA Test Object (Click, Set, Dropdown)/Make Appointment")): Object: 'Object Repository/1. CURA Test Object (Click, Set, Dropdown)/Make Appointment' is clicked on

12-07-2024T13:12:12 - [MESSAGE][PASSED] - Object: 'Object Repository/1. CURA Test Object (Click, Set, Dropdown)/Make Appointment' is clicked on]]></system-out>
         <system-err><![CDATA[]]></system-err>
      </testcase>
      <testcase name="Test Cases/CURA Web Test/TC20 - Tokyo appointment using data driven" time="11.669" classname="Test Cases/CURA Web Test/TC20 - Tokyo appointment using data driven" status="PASSED">
         <system-out><![CDATA[12-07-2024T13:12:13 - [TEST_CASE][PASSED] - Test Cases/CURA Web Test/TC20 - Tokyo appointment using data driven: Test Cases/CURA Web Test/TC20 - Tokyo appointment using data driven

12-07-2024T13:12:13 - [TEST_STEP][PASSED] - propertiesPage.openBrowser.main(): propertiesPage.openBrowser.main is PASSED

12-07-2024T13:12:13 - [MESSAGE][WARNING] - A browser is already opened. Closing browser and opening a new one

12-07-2024T13:12:13 - [MESSAGE][INFO] - Starting 'Chrome' driver

12-07-2024T13:12:13 - [MESSAGE][INFO] - Action delay is set to 0 milliseconds

12-07-2024T13:12:13 - [MESSAGE][PASSED] - Browser is opened with url: ''

12-07-2024T13:12:16 - [MESSAGE][PASSED] - Navigate to 'https://katalon-demo-cura.herokuapp.com/' successfully

12-07-2024T13:12:16 - [MESSAGE][PASSED] - propertiesPage.openBrowser.main is PASSED

12-07-2024T13:12:16 - [TEST_STEP][PASSED] - propertiesPage.loginMenu.main(): propertiesPage.loginMenu.main is PASSED

12-07-2024T13:12:17 - [MESSAGE][PASSED] - Object: 'Object Repository/1. CURA Test Object (Click, Set, Dropdown)/Make Appointment' is clicked on

12-07-2024T13:12:17 - [MESSAGE][PASSED] - Text 'John Doe' is set on object 'Object Repository/1. CURA Test Object (Click, Set, Dropdown)/Username'

12-07-2024T13:12:18 - [MESSAGE][PASSED] - Text 'ThisIsNotAPassword' is set on object 'Object Repository/1. CURA Test Object (Click, Set, Dropdown)/Password'

12-07-2024T13:12:19 - [MESSAGE][PASSED] - Object: 'Object Repository/1. CURA Test Object (Click, Set, Dropdown)/Login Button' is clicked on

12-07-2024T13:12:19 - [MESSAGE][PASSED] - propertiesPage.loginMenu.main is PASSED

12-07-2024T13:12:19 - [TEST_STEP][PASSED] - selectOptionByValue(findTestObject("1. CURA Test Object (Click, Set, Dropdown)/Facility"), facility, true): All options with value 'Tokyo CURA Healthcare Center' are selected in object 'Object Repository/1. CURA Test Object (Click, Set, Dropdown)/Facility'  using regular expression

12-07-2024T13:12:20 - [MESSAGE][PASSED] - All options with value 'Tokyo CURA Healthcare Center' are selected in object 'Object Repository/1. CURA Test Object (Click, Set, Dropdown)/Facility'  using regular expression

12-07-2024T13:12:20 - [TEST_STEP][PASSED] - click(findTestObject("1. CURA Test Object (Click, Set, Dropdown)/Medicare")): Object: 'Object Repository/1. CURA Test Object (Click, Set, Dropdown)/Medicare' is clicked on

12-07-2024T13:12:20 - [MESSAGE][PASSED] - Object: 'Object Repository/1. CURA Test Object (Click, Set, Dropdown)/Medicare' is clicked on

12-07-2024T13:12:20 - [TEST_STEP][PASSED] - click(findTestObject("1. CURA Test Object (Click, Set, Dropdown)/Visit Date")): Object: 'Object Repository/1. CURA Test Object (Click, Set, Dropdown)/Visit Date' is clicked on

12-07-2024T13:12:20 - [MESSAGE][PASSED] - Object: 'Object Repository/1. CURA Test Object (Click, Set, Dropdown)/Visit Date' is clicked on

12-07-2024T13:12:20 - [TEST_STEP][PASSED] - setText(findTestObject("1. CURA Test Object (Click, Set, Dropdown)/Visit Date"), datevisit): Text '24/12/2024' is set on object 'Object Repository/1. CURA Test Object (Click, Set, Dropdown)/Visit Date'

12-07-2024T13:12:21 - [MESSAGE][PASSED] - Text '24/12/2024' is set on object 'Object Repository/1. CURA Test Object (Click, Set, Dropdown)/Visit Date'

12-07-2024T13:12:21 - [TEST_STEP][PASSED] - setText(findTestObject("1. CURA Test Object (Click, Set, Dropdown)/Comment"), commentbook): Text 'Meet dr. Kento Momota' is set on object 'Object Repository/1. CURA Test Object (Click, Set, Dropdown)/Comment'

12-07-2024T13:12:22 - [MESSAGE][PASSED] - Text 'Meet dr. Kento Momota' is set on object 'Object Repository/1. CURA Test Object (Click, Set, Dropdown)/Comment'

12-07-2024T13:12:22 - [TEST_STEP][PASSED] - click(findTestObject("1. CURA Test Object (Click, Set, Dropdown)/Book Appointment")): Object: 'Object Repository/1. CURA Test Object (Click, Set, Dropdown)/Book Appointment' is clicked on

12-07-2024T13:12:23 - [MESSAGE][PASSED] - Object: 'Object Repository/1. CURA Test Object (Click, Set, Dropdown)/Book Appointment' is clicked on

12-07-2024T13:12:23 - [TEST_STEP][PASSED] - click(findTestObject("1. CURA Test Object (Click, Set, Dropdown)/Menu")): Object: 'Object Repository/1. CURA Test Object (Click, Set, Dropdown)/Menu' is clicked on

12-07-2024T13:12:23 - [MESSAGE][PASSED] - Object: 'Object Repository/1. CURA Test Object (Click, Set, Dropdown)/Menu' is clicked on

12-07-2024T13:12:23 - [TEST_STEP][PASSED] - click(findTestObject("1. CURA Test Object (Click, Set, Dropdown)/Home")): Object: 'Object Repository/1. CURA Test Object (Click, Set, Dropdown)/Home' is clicked on

12-07-2024T13:12:24 - [MESSAGE][PASSED] - Object: 'Object Repository/1. CURA Test Object (Click, Set, Dropdown)/Home' is clicked on

12-07-2024T13:12:24 - [TEST_STEP][PASSED] - verifyElementPresent(findTestObject("2. CURA Test Object (Verify parameter)/CURA Healthcare Service Label"), 0): Object 'Object Repository/2. CURA Test Object (Verify parameter)/CURA Healthcare Service Label' is present

12-07-2024T13:12:24 - [MESSAGE][WARNING] - Timeout '0' is invalid. Using default page load timeout: '30'

12-07-2024T13:12:24 - [MESSAGE][PASSED] - Object 'Object Repository/2. CURA Test Object (Verify parameter)/CURA Healthcare Service Label' is present

12-07-2024T13:12:24 - [TEST_STEP][PASSED] - click(findTestObject("1. CURA Test Object (Click, Set, Dropdown)/Make Appointment")): Object: 'Object Repository/1. CURA Test Object (Click, Set, Dropdown)/Make Appointment' is clicked on

12-07-2024T13:12:24 - [MESSAGE][PASSED] - Object: 'Object Repository/1. CURA Test Object (Click, Set, Dropdown)/Make Appointment' is clicked on]]></system-out>
         <system-err><![CDATA[]]></system-err>
      </testcase>
      <testcase name="Test Cases/CURA Web Test/Properties/TCP03 - Logout" time="1.923" classname="Test Cases/CURA Web Test/Properties/TCP03 - Logout" status="PASSED">
         <system-out><![CDATA[12-07-2024T13:12:24 - [TEST_CASE][PASSED] - Test Cases/CURA Web Test/Properties/TCP03 - Logout: Test Cases/CURA Web Test/Properties/TCP03 - Logout

12-07-2024T13:12:24 - [TEST_STEP][PASSED] - verifyElementText(findTestObject("2. CURA Test Object (Verify parameter)/Make Appointment Text"), "Make Appointment"): Actual text and expected text of test object 'Object Repository/2. CURA Test Object (Verify parameter)/Make Appointment Text' are matched.

12-07-2024T13:12:24 - [MESSAGE][PASSED] - Actual text and expected text of test object 'Object Repository/2. CURA Test Object (Verify parameter)/Make Appointment Text' are matched.

12-07-2024T13:12:24 - [TEST_STEP][PASSED] - click(findTestObject("1. CURA Test Object (Click, Set, Dropdown)/Menu")): Object: 'Object Repository/1. CURA Test Object (Click, Set, Dropdown)/Menu' is clicked on

12-07-2024T13:12:25 - [MESSAGE][PASSED] - Object: 'Object Repository/1. CURA Test Object (Click, Set, Dropdown)/Menu' is clicked on

12-07-2024T13:12:25 - [TEST_STEP][PASSED] - click(findTestObject("1. CURA Test Object (Click, Set, Dropdown)/Logout")): Object: 'Object Repository/1. CURA Test Object (Click, Set, Dropdown)/Logout' is clicked on

12-07-2024T13:12:26 - [MESSAGE][PASSED] - Object: 'Object Repository/1. CURA Test Object (Click, Set, Dropdown)/Logout' is clicked on

12-07-2024T13:12:26 - [TEST_STEP][PASSED] - closeBrowser(): Browser is closed

12-07-2024T13:12:26 - [MESSAGE][PASSED] - Browser is closed]]></system-out>
         <system-err><![CDATA[]]></system-err>
      </testcase>
      <system-out><![CDATA[12-07-2024T13:11:47 - [TEST_SUITE][PASSED] - TS12 - Tokyo appointment using data driven: Test Cases/CURA Web Test/Properties/TCP03 - Logout]]></system-out>
      <system-err><![CDATA[]]></system-err>
   </testsuite>
   <testsuite name="TS13 - Script using StudioAssist" tests="4" failures="0" errors="0" time="22.891" skipped="0" timestamp="12-07-2024T13:12:36" hostname="Lenovo - LAPTOP-7QB5JFLU" id="Test Suites/CURA Test suites/TS13 - Script using StudioAssist">
      <properties>
         <property name="deviceName" value=""/>
         <property name="devicePlatform"/>
         <property name="logFolder" value="C:\\Users\\Lenovo\\git\\KatalonPractitionerLevel\\Reports\\20240712_130150\\CURA Test suites\\TS13 - Script using StudioAssist\\20240712_130215"/>
         <property name="logFiles" value="C:\\Users\\Lenovo\\git\\KatalonPractitionerLevel\\Reports\\20240712_130150\\CURA Test suites\\TS13 - Script using StudioAssist\\20240712_130215\\execution0.log"/>
         <property name="attachments" value=""/>
         <property name="hostName" value="Lenovo - LAPTOP-7QB5JFLU"/>
         <property name="os" value="Windows 11 64bit"/>
         <property name="katalonVersion" value="9.6.0.217"/>
         <property name="browser" value="Chrome 126.0.0.0"/>
         <property name="hostAddress" value="192.168.1.12"/>
         <property name="sessionId" value="d669bffc336400c89474d226f28eee9c"/>
         <property name="seleniumVersion" value="3.141.59"/>
         <property name="proxyInformation" value="ProxyInformation { proxyOption=NO_PROXY, proxyServerType=HTTP, username=, password=********, proxyServerAddress=, proxyServerPort=0, executionList=&quot;&quot;, isApplyToDesiredCapabilities=true }"/>
         <property name="platform" value="Windows 11"/>
      </properties>
      <testcase name="Test Cases/CURA Web Test/TC21 - Login using StudioAssist" time="8.411" classname="Test Cases/CURA Web Test/TC21 - Login using StudioAssist" status="PASSED">
         <system-out><![CDATA[12-07-2024T13:12:36 - [TEST_CASE][PASSED] - Test Cases/CURA Web Test/TC21 - Login using StudioAssist: Test Cases/CURA Web Test/TC21 - Login using StudioAssist

12-07-2024T13:12:36 - [TEST_STEP][PASSED] - openBrowser(""): Browser is opened with url: ''

12-07-2024T13:12:37 - [MESSAGE][INFO] - Starting 'Chrome' driver

12-07-2024T13:12:37 - [MESSAGE][INFO] - Action delay is set to 0 milliseconds

12-07-2024T13:12:38 - [MESSAGE][PASSED] - Browser is opened with url: ''

12-07-2024T13:12:38 - [TEST_STEP][PASSED] - navigateToUrl("https://katalon-demo-cura.herokuapp.com/"): Navigate to 'https://katalon-demo-cura.herokuapp.com/' successfully

12-07-2024T13:12:41 - [MESSAGE][PASSED] - Navigate to 'https://katalon-demo-cura.herokuapp.com/' successfully

12-07-2024T13:12:41 - [TEST_STEP][PASSED] - click(findTestObject("1. CURA Test Object (Click, Set, Dropdown)/Make Appointment")): Object: 'Object Repository/1. CURA Test Object (Click, Set, Dropdown)/Make Appointment' is clicked on

12-07-2024T13:12:42 - [MESSAGE][PASSED] - Object: 'Object Repository/1. CURA Test Object (Click, Set, Dropdown)/Make Appointment' is clicked on

12-07-2024T13:12:42 - [TEST_STEP][PASSED] - setText(findTestObject("1. CURA Test Object (Click, Set, Dropdown)/Username"), username): Text 'John Doe' is set on object 'Object Repository/1. CURA Test Object (Click, Set, Dropdown)/Username'

12-07-2024T13:12:43 - [MESSAGE][PASSED] - Text 'John Doe' is set on object 'Object Repository/1. CURA Test Object (Click, Set, Dropdown)/Username'

12-07-2024T13:12:43 - [TEST_STEP][PASSED] - setText(findTestObject("1. CURA Test Object (Click, Set, Dropdown)/Password"), password): Text 'ThisIsNotAPassword' is set on object 'Object Repository/1. CURA Test Object (Click, Set, Dropdown)/Password'

12-07-2024T13:12:43 - [MESSAGE][PASSED] - Text 'ThisIsNotAPassword' is set on object 'Object Repository/1. CURA Test Object (Click, Set, Dropdown)/Password'

12-07-2024T13:12:43 - [TEST_STEP][PASSED] - click(findTestObject("1. CURA Test Object (Click, Set, Dropdown)/Login Button")): Object: 'Object Repository/1. CURA Test Object (Click, Set, Dropdown)/Login Button' is clicked on

12-07-2024T13:12:44 - [MESSAGE][PASSED] - Object: 'Object Repository/1. CURA Test Object (Click, Set, Dropdown)/Login Button' is clicked on

12-07-2024T13:12:44 - [TEST_STEP][PASSED] - verifyElementText(findTestObject("2. CURA Test Object (Verify parameter)/Make Appointment Text"), "Make Appointment"): Actual text and expected text of test object 'Object Repository/2. CURA Test Object (Verify parameter)/Make Appointment Text' are matched.

12-07-2024T13:12:44 - [MESSAGE][PASSED] - Actual text and expected text of test object 'Object Repository/2. CURA Test Object (Verify parameter)/Make Appointment Text' are matched.]]></system-out>
         <system-err><![CDATA[]]></system-err>
      </testcase>
      <testcase name="Test Cases/CURA Web Test/TC22 - Hongkong appointment using StudioAssist" time="5.119" classname="Test Cases/CURA Web Test/TC22 - Hongkong appointment using StudioAssist" status="PASSED">
         <system-out><![CDATA[12-07-2024T13:12:45 - [TEST_CASE][PASSED] - Test Cases/CURA Web Test/TC22 - Hongkong appointment using StudioAssist: Test Cases/CURA Web Test/TC22 - Hongkong appointment using StudioAssist

12-07-2024T13:12:45 - [TEST_STEP][PASSED] - verifyElementText(findTestObject("2. CURA Test Object (Verify parameter)/Make Appointment Text"), "Make Appointment"): Actual text and expected text of test object 'Object Repository/2. CURA Test Object (Verify parameter)/Make Appointment Text' are matched.

12-07-2024T13:12:45 - [MESSAGE][PASSED] - Actual text and expected text of test object 'Object Repository/2. CURA Test Object (Verify parameter)/Make Appointment Text' are matched.

12-07-2024T13:12:45 - [TEST_STEP][PASSED] - selectOptionByValue(findTestObject("1. CURA Test Object (Click, Set, Dropdown)/Facility"), "Hongkong CURA Healthcare Center", true): All options with value 'Hongkong CURA Healthcare Center' are selected in object 'Object Repository/1. CURA Test Object (Click, Set, Dropdown)/Facility'  using regular expression

12-07-2024T13:12:46 - [MESSAGE][PASSED] - All options with value 'Hongkong CURA Healthcare Center' are selected in object 'Object Repository/1. CURA Test Object (Click, Set, Dropdown)/Facility'  using regular expression

12-07-2024T13:12:46 - [TEST_STEP][PASSED] - click(findTestObject("1. CURA Test Object (Click, Set, Dropdown)/Apply for Hospital Readmission")): Object: 'Object Repository/1. CURA Test Object (Click, Set, Dropdown)/Apply for Hospital Readmission' is clicked on

12-07-2024T13:12:46 - [MESSAGE][PASSED] - Object: 'Object Repository/1. CURA Test Object (Click, Set, Dropdown)/Apply for Hospital Readmission' is clicked on

12-07-2024T13:12:46 - [TEST_STEP][PASSED] - click(findTestObject("1. CURA Test Object (Click, Set, Dropdown)/None")): Object: 'Object Repository/1. CURA Test Object (Click, Set, Dropdown)/None' is clicked on

12-07-2024T13:12:46 - [MESSAGE][PASSED] - Object: 'Object Repository/1. CURA Test Object (Click, Set, Dropdown)/None' is clicked on

12-07-2024T13:12:46 - [TEST_STEP][PASSED] - setText(findTestObject("1. CURA Test Object (Click, Set, Dropdown)/Visit Date"), "02/07/2025"): Text '02/07/2025' is set on object 'Object Repository/1. CURA Test Object (Click, Set, Dropdown)/Visit Date'

12-07-2024T13:12:47 - [MESSAGE][PASSED] - Text '02/07/2025' is set on object 'Object Repository/1. CURA Test Object (Click, Set, Dropdown)/Visit Date'

12-07-2024T13:12:47 - [TEST_STEP][PASSED] - setText(findTestObject("1. CURA Test Object (Click, Set, Dropdown)/Comment"), "Meet dr. Alexandra Abraham"): Text 'Meet dr. Alexandra Abraham' is set on object 'Object Repository/1. CURA Test Object (Click, Set, Dropdown)/Comment'

12-07-2024T13:12:48 - [MESSAGE][PASSED] - Text 'Meet dr. Alexandra Abraham' is set on object 'Object Repository/1. CURA Test Object (Click, Set, Dropdown)/Comment'

12-07-2024T13:12:48 - [TEST_STEP][PASSED] - click(findTestObject("1. CURA Test Object (Click, Set, Dropdown)/Book Appointment")): Object: 'Object Repository/1. CURA Test Object (Click, Set, Dropdown)/Book Appointment' is clicked on

12-07-2024T13:12:48 - [MESSAGE][PASSED] - Object: 'Object Repository/1. CURA Test Object (Click, Set, Dropdown)/Book Appointment' is clicked on

12-07-2024T13:12:48 - [TEST_STEP][PASSED] - click(findTestObject("1. CURA Test Object (Click, Set, Dropdown)/Menu")): Object: 'Object Repository/1. CURA Test Object (Click, Set, Dropdown)/Menu' is clicked on

12-07-2024T13:12:49 - [MESSAGE][PASSED] - Object: 'Object Repository/1. CURA Test Object (Click, Set, Dropdown)/Menu' is clicked on

12-07-2024T13:12:49 - [TEST_STEP][PASSED] - click(findTestObject("1. CURA Test Object (Click, Set, Dropdown)/Home")): Object: 'Object Repository/1. CURA Test Object (Click, Set, Dropdown)/Home' is clicked on

12-07-2024T13:12:49 - [MESSAGE][PASSED] - Object: 'Object Repository/1. CURA Test Object (Click, Set, Dropdown)/Home' is clicked on

12-07-2024T13:12:49 - [TEST_STEP][PASSED] - click(findTestObject("1. CURA Test Object (Click, Set, Dropdown)/Make Appointment")): Object: 'Object Repository/1. CURA Test Object (Click, Set, Dropdown)/Make Appointment' is clicked on

12-07-2024T13:12:50 - [MESSAGE][PASSED] - Object: 'Object Repository/1. CURA Test Object (Click, Set, Dropdown)/Make Appointment' is clicked on]]></system-out>
         <system-err><![CDATA[]]></system-err>
      </testcase>
      <testcase name="Test Cases/CURA Web Test/TC23 - Seoul appointment using StudioAssist" time="5.165" classname="Test Cases/CURA Web Test/TC23 - Seoul appointment using StudioAssist" status="PASSED">
         <system-out><![CDATA[12-07-2024T13:12:50 - [TEST_CASE][PASSED] - Test Cases/CURA Web Test/TC23 - Seoul appointment using StudioAssist: Test Cases/CURA Web Test/TC23 - Seoul appointment using StudioAssist

12-07-2024T13:12:50 - [TEST_STEP][PASSED] - selectOptionByValue(findTestObject("1. CURA Test Object (Click, Set, Dropdown)/Facility"), "Seoul CURA Healthcare Center", true): All options with value 'Seoul CURA Healthcare Center' are selected in object 'Object Repository/1. CURA Test Object (Click, Set, Dropdown)/Facility'  using regular expression

12-07-2024T13:12:51 - [MESSAGE][PASSED] - All options with value 'Seoul CURA Healthcare Center' are selected in object 'Object Repository/1. CURA Test Object (Click, Set, Dropdown)/Facility'  using regular expression

12-07-2024T13:12:51 - [TEST_STEP][PASSED] - click(findTestObject("1. CURA Test Object (Click, Set, Dropdown)/Apply for Hospital Readmission")): Object: 'Object Repository/1. CURA Test Object (Click, Set, Dropdown)/Apply for Hospital Readmission' is clicked on

12-07-2024T13:12:51 - [MESSAGE][PASSED] - Object: 'Object Repository/1. CURA Test Object (Click, Set, Dropdown)/Apply for Hospital Readmission' is clicked on

12-07-2024T13:12:51 - [TEST_STEP][PASSED] - click(findTestObject("1. CURA Test Object (Click, Set, Dropdown)/Medicare")): Object: 'Object Repository/1. CURA Test Object (Click, Set, Dropdown)/Medicare' is clicked on

12-07-2024T13:12:51 - [MESSAGE][PASSED] - Object: 'Object Repository/1. CURA Test Object (Click, Set, Dropdown)/Medicare' is clicked on

12-07-2024T13:12:51 - [TEST_STEP][PASSED] - setText(findTestObject("1. CURA Test Object (Click, Set, Dropdown)/Visit Date"), "05/08/2024"): Text '05/08/2024' is set on object 'Object Repository/1. CURA Test Object (Click, Set, Dropdown)/Visit Date'

12-07-2024T13:12:52 - [MESSAGE][PASSED] - Text '05/08/2024' is set on object 'Object Repository/1. CURA Test Object (Click, Set, Dropdown)/Visit Date'

12-07-2024T13:12:52 - [TEST_STEP][PASSED] - setText(findTestObject("1. CURA Test Object (Click, Set, Dropdown)/Comment"), "I wanna reschedule to 06 August 2024"): Text 'I wanna reschedule to 06 August 2024' is set on object 'Object Repository/1. CURA Test Object (Click, Set, Dropdown)/Comment'

12-07-2024T13:12:53 - [MESSAGE][PASSED] - Text 'I wanna reschedule to 06 August 2024' is set on object 'Object Repository/1. CURA Test Object (Click, Set, Dropdown)/Comment'

12-07-2024T13:12:53 - [TEST_STEP][PASSED] - click(findTestObject("1. CURA Test Object (Click, Set, Dropdown)/Book Appointment")): Object: 'Object Repository/1. CURA Test Object (Click, Set, Dropdown)/Book Appointment' is clicked on

12-07-2024T13:12:53 - [MESSAGE][PASSED] - Object: 'Object Repository/1. CURA Test Object (Click, Set, Dropdown)/Book Appointment' is clicked on

12-07-2024T13:12:53 - [TEST_STEP][PASSED] - click(findTestObject("1. CURA Test Object (Click, Set, Dropdown)/Menu")): Object: 'Object Repository/1. CURA Test Object (Click, Set, Dropdown)/Menu' is clicked on

12-07-2024T13:12:54 - [MESSAGE][PASSED] - Object: 'Object Repository/1. CURA Test Object (Click, Set, Dropdown)/Menu' is clicked on

12-07-2024T13:12:54 - [TEST_STEP][PASSED] - click(findTestObject("1. CURA Test Object (Click, Set, Dropdown)/Home")): Object: 'Object Repository/1. CURA Test Object (Click, Set, Dropdown)/Home' is clicked on

12-07-2024T13:12:55 - [MESSAGE][PASSED] - Object: 'Object Repository/1. CURA Test Object (Click, Set, Dropdown)/Home' is clicked on

12-07-2024T13:12:55 - [TEST_STEP][PASSED] - click(findTestObject("1. CURA Test Object (Click, Set, Dropdown)/Make Appointment")): Object: 'Object Repository/1. CURA Test Object (Click, Set, Dropdown)/Make Appointment' is clicked on

12-07-2024T13:12:55 - [MESSAGE][PASSED] - Object: 'Object Repository/1. CURA Test Object (Click, Set, Dropdown)/Make Appointment' is clicked on]]></system-out>
         <system-err><![CDATA[]]></system-err>
      </testcase>
      <testcase name="Test Cases/CURA Web Test/TC24 - Tokyo appointment using StudioAssist" time="4.02" classname="Test Cases/CURA Web Test/TC24 - Tokyo appointment using StudioAssist" status="PASSED">
         <system-out><![CDATA[12-07-2024T13:12:55 - [TEST_CASE][PASSED] - Test Cases/CURA Web Test/TC24 - Tokyo appointment using StudioAssist: Test Cases/CURA Web Test/TC24 - Tokyo appointment using StudioAssist

12-07-2024T13:12:55 - [TEST_STEP][PASSED] - selectOptionByValue(findTestObject("1. CURA Test Object (Click, Set, Dropdown)/Facility"), "Tokyo CURA Healthcare Center", true): All options with value 'Tokyo CURA Healthcare Center' are selected in object 'Object Repository/1. CURA Test Object (Click, Set, Dropdown)/Facility'  using regular expression

12-07-2024T13:12:56 - [MESSAGE][PASSED] - All options with value 'Tokyo CURA Healthcare Center' are selected in object 'Object Repository/1. CURA Test Object (Click, Set, Dropdown)/Facility'  using regular expression

12-07-2024T13:12:56 - [TEST_STEP][PASSED] - click(findTestObject("1. CURA Test Object (Click, Set, Dropdown)/Medicaid")): Object: 'Object Repository/1. CURA Test Object (Click, Set, Dropdown)/Medicaid' is clicked on

12-07-2024T13:12:56 - [MESSAGE][PASSED] - Object: 'Object Repository/1. CURA Test Object (Click, Set, Dropdown)/Medicaid' is clicked on

12-07-2024T13:12:56 - [TEST_STEP][PASSED] - click(findTestObject("1. CURA Test Object (Click, Set, Dropdown)/Visit Date")): Object: 'Object Repository/1. CURA Test Object (Click, Set, Dropdown)/Visit Date' is clicked on

12-07-2024T13:12:57 - [MESSAGE][PASSED] - Object: 'Object Repository/1. CURA Test Object (Click, Set, Dropdown)/Visit Date' is clicked on

12-07-2024T13:12:57 - [TEST_STEP][PASSED] - setText(findTestObject("1. CURA Test Object (Click, Set, Dropdown)/Visit Date"), "09/09/2024"): Text '09/09/2024' is set on object 'Object Repository/1. CURA Test Object (Click, Set, Dropdown)/Visit Date'

12-07-2024T13:12:57 - [MESSAGE][PASSED] - Text '09/09/2024' is set on object 'Object Repository/1. CURA Test Object (Click, Set, Dropdown)/Visit Date'

12-07-2024T13:12:57 - [TEST_STEP][PASSED] - setText(findTestObject("1. CURA Test Object (Click, Set, Dropdown)/Comment"), "Meet dr. Setiadi at 09:00 AM"): Text 'Meet dr. Setiadi at 09:00 AM' is set on object 'Object Repository/1. CURA Test Object (Click, Set, Dropdown)/Comment'

12-07-2024T13:12:58 - [MESSAGE][PASSED] - Text 'Meet dr. Setiadi at 09:00 AM' is set on object 'Object Repository/1. CURA Test Object (Click, Set, Dropdown)/Comment'

12-07-2024T13:12:58 - [TEST_STEP][PASSED] - click(findTestObject("1. CURA Test Object (Click, Set, Dropdown)/Book Appointment")): Object: 'Object Repository/1. CURA Test Object (Click, Set, Dropdown)/Book Appointment' is clicked on

12-07-2024T13:12:59 - [MESSAGE][PASSED] - Object: 'Object Repository/1. CURA Test Object (Click, Set, Dropdown)/Book Appointment' is clicked on]]></system-out>
         <system-err><![CDATA[]]></system-err>
      </testcase>
      <system-out><![CDATA[12-07-2024T13:12:36 - [TEST_SUITE][PASSED] - TS13 - Script using StudioAssist: Test Cases/CURA Web Test/TC24 - Tokyo appointment using StudioAssist]]></system-out>
      <system-err><![CDATA[]]></system-err>
   </testsuite>
   <testsuite name="TS14 - Login and Logout using Keywords" tests="3" failures="0" errors="0" time="9.735" skipped="0" timestamp="12-07-2024T13:13:09" hostname="Lenovo - LAPTOP-7QB5JFLU" id="Test Suites/CURA Test suites/TS14 - Login and Logout using Keywords">
      <properties>
         <property name="deviceName" value=""/>
         <property name="devicePlatform"/>
         <property name="logFolder" value="C:\\Users\\Lenovo\\git\\KatalonPractitionerLevel\\Reports\\20240712_130150\\CURA Test suites\\TS14 - Login and Logout using Keywords\\20240712_130217"/>
         <property name="logFiles" value="C:\\Users\\Lenovo\\git\\KatalonPractitionerLevel\\Reports\\20240712_130150\\CURA Test suites\\TS14 - Login and Logout using Keywords\\20240712_130217\\execution0.log"/>
         <property name="attachments" value=""/>
         <property name="hostName" value="Lenovo - LAPTOP-7QB5JFLU"/>
         <property name="os" value="Windows 11 64bit"/>
         <property name="katalonVersion" value="9.6.0.217"/>
         <property name="browser" value="Chrome 126.0.0.0"/>
         <property name="hostAddress" value="192.168.1.12"/>
         <property name="sessionId" value="1752c5fe7592aece3c707e41cae7bdfe"/>
         <property name="seleniumVersion" value="3.141.59"/>
         <property name="proxyInformation" value="ProxyInformation { proxyOption=NO_PROXY, proxyServerType=HTTP, username=, password=********, proxyServerAddress=, proxyServerPort=0, executionList=&quot;&quot;, isApplyToDesiredCapabilities=true }"/>
         <property name="platform" value="Windows 11"/>
      </properties>
      <testcase name="Test Cases/CURA Web Test/TC26 - Open browser using Keywords" time="4.78" classname="Test Cases/CURA Web Test/TC26 - Open browser using Keywords" status="PASSED">
         <system-out><![CDATA[12-07-2024T13:13:09 - [TEST_CASE][PASSED] - Test Cases/CURA Web Test/TC26 - Open browser using Keywords: Test Cases/CURA Web Test/TC26 - Open browser using Keywords

12-07-2024T13:13:09 - [TEST_STEP][PASSED] - propertiesPage.openBrowser.main(): propertiesPage.openBrowser.main is PASSED

12-07-2024T13:13:09 - [MESSAGE][INFO] - Starting 'Chrome' driver

12-07-2024T13:13:09 - [MESSAGE][INFO] - Action delay is set to 0 milliseconds

12-07-2024T13:13:11 - [MESSAGE][PASSED] - Browser is opened with url: ''

12-07-2024T13:13:14 - [MESSAGE][PASSED] - Navigate to 'https://katalon-demo-cura.herokuapp.com/' successfully

12-07-2024T13:13:14 - [MESSAGE][PASSED] - propertiesPage.openBrowser.main is PASSED]]></system-out>
         <system-err><![CDATA[]]></system-err>
      </testcase>
      <testcase name="Test Cases/CURA Web Test/TC27 - Login using Keywords" time="3.084" classname="Test Cases/CURA Web Test/TC27 - Login using Keywords" status="PASSED">
         <system-out><![CDATA[12-07-2024T13:13:14 - [TEST_CASE][PASSED] - Test Cases/CURA Web Test/TC27 - Login using Keywords: Test Cases/CURA Web Test/TC27 - Login using Keywords

12-07-2024T13:13:14 - [TEST_STEP][PASSED] - propertiesPage.loginMenu.main(): propertiesPage.loginMenu.main is PASSED

12-07-2024T13:13:14 - [MESSAGE][PASSED] - Object: 'Object Repository/1. CURA Test Object (Click, Set, Dropdown)/Make Appointment' is clicked on

12-07-2024T13:13:15 - [MESSAGE][PASSED] - Text 'John Doe' is set on object 'Object Repository/1. CURA Test Object (Click, Set, Dropdown)/Username'

12-07-2024T13:13:16 - [MESSAGE][PASSED] - Text 'ThisIsNotAPassword' is set on object 'Object Repository/1. CURA Test Object (Click, Set, Dropdown)/Password'

12-07-2024T13:13:17 - [MESSAGE][PASSED] - Object: 'Object Repository/1. CURA Test Object (Click, Set, Dropdown)/Login Button' is clicked on

12-07-2024T13:13:17 - [MESSAGE][PASSED] - propertiesPage.loginMenu.main is PASSED]]></system-out>
         <system-err><![CDATA[]]></system-err>
      </testcase>
      <testcase name="Test Cases/CURA Web Test/TC31- Logout using Keywords" time="1.746" classname="Test Cases/CURA Web Test/TC31- Logout using Keywords" status="PASSED">
         <system-out><![CDATA[12-07-2024T13:13:17 - [TEST_CASE][PASSED] - Test Cases/CURA Web Test/TC31- Logout using Keywords: Test Cases/CURA Web Test/TC31- Logout using Keywords

12-07-2024T13:13:17 - [TEST_STEP][PASSED] - propertiesPage.logoutMenu.main(): propertiesPage.logoutMenu.main is PASSED

12-07-2024T13:13:17 - [MESSAGE][PASSED] - Actual text and expected text of test object 'Object Repository/2. CURA Test Object (Verify parameter)/Make Appointment Text' are matched.

12-07-2024T13:13:17 - [MESSAGE][PASSED] - Object: 'Object Repository/1. CURA Test Object (Click, Set, Dropdown)/Menu' is clicked on

12-07-2024T13:13:18 - [MESSAGE][PASSED] - Object: 'Object Repository/1. CURA Test Object (Click, Set, Dropdown)/Logout' is clicked on

12-07-2024T13:13:18 - [MESSAGE][PASSED] - Browser is closed

12-07-2024T13:13:18 - [MESSAGE][PASSED] - propertiesPage.logoutMenu.main is PASSED]]></system-out>
         <system-err><![CDATA[]]></system-err>
      </testcase>
      <system-out><![CDATA[12-07-2024T13:13:09 - [TEST_SUITE][PASSED] - TS14 - Login and Logout using Keywords: Test Cases/CURA Web Test/TC31- Logout using Keywords]]></system-out>
      <system-err><![CDATA[]]></system-err>
   </testsuite>
   <testsuite name="TS15 - Make appointment using Keywords" tests="6" failures="0" errors="0" time="44.138" skipped="0" timestamp="12-07-2024T13:13:28" hostname="Lenovo - LAPTOP-7QB5JFLU" id="Test Suites/CURA Test suites/TS15 - Make appointment using Keywords">
      <properties>
         <property name="deviceName" value=""/>
         <property name="devicePlatform"/>
         <property name="logFolder" value="C:\\Users\\Lenovo\\git\\KatalonPractitionerLevel\\Reports\\20240712_130150\\CURA Test suites\\TS15 - Make appointment using Keywords\\20240712_130219"/>
         <property name="logFiles" value="C:\\Users\\Lenovo\\git\\KatalonPractitionerLevel\\Reports\\20240712_130150\\CURA Test suites\\TS15 - Make appointment using Keywords\\20240712_130219\\execution0.log"/>
         <property name="attachments" value=""/>
         <property name="hostName" value="Lenovo - LAPTOP-7QB5JFLU"/>
         <property name="os" value="Windows 11 64bit"/>
         <property name="katalonVersion" value="9.6.0.217"/>
         <property name="browser" value="Chrome 126.0.0.0"/>
         <property name="hostAddress" value="192.168.1.12"/>
         <property name="sessionId" value="224acd774a56a1fe82adce64ef723ca9"/>
         <property name="seleniumVersion" value="3.141.59"/>
         <property name="proxyInformation" value="ProxyInformation { proxyOption=NO_PROXY, proxyServerType=HTTP, username=, password=********, proxyServerAddress=, proxyServerPort=0, executionList=&quot;&quot;, isApplyToDesiredCapabilities=true }"/>
         <property name="platform" value="Windows 11"/>
      </properties>
      <testcase name="Test Cases/CURA Web Test/TC26 - Open browser using Keywords" time="4.796" classname="Test Cases/CURA Web Test/TC26 - Open browser using Keywords" status="PASSED">
         <system-out><![CDATA[12-07-2024T13:13:28 - [TEST_CASE][PASSED] - Test Cases/CURA Web Test/TC26 - Open browser using Keywords: Test Cases/CURA Web Test/TC26 - Open browser using Keywords

12-07-2024T13:13:28 - [TEST_STEP][PASSED] - propertiesPage.openBrowser.main(): propertiesPage.openBrowser.main is PASSED

12-07-2024T13:13:29 - [MESSAGE][INFO] - Starting 'Chrome' driver

12-07-2024T13:13:29 - [MESSAGE][INFO] - Action delay is set to 0 milliseconds

12-07-2024T13:13:30 - [MESSAGE][PASSED] - Browser is opened with url: ''

12-07-2024T13:13:33 - [MESSAGE][PASSED] - Navigate to 'https://katalon-demo-cura.herokuapp.com/' successfully

12-07-2024T13:13:33 - [MESSAGE][PASSED] - propertiesPage.openBrowser.main is PASSED]]></system-out>
         <system-err><![CDATA[]]></system-err>
      </testcase>
      <testcase name="Test Cases/CURA Web Test/TC27 - Login using Keywords" time="2.979" classname="Test Cases/CURA Web Test/TC27 - Login using Keywords" status="PASSED">
         <system-out><![CDATA[12-07-2024T13:13:33 - [TEST_CASE][PASSED] - Test Cases/CURA Web Test/TC27 - Login using Keywords: Test Cases/CURA Web Test/TC27 - Login using Keywords

12-07-2024T13:13:33 - [TEST_STEP][PASSED] - propertiesPage.loginMenu.main(): propertiesPage.loginMenu.main is PASSED

12-07-2024T13:13:34 - [MESSAGE][PASSED] - Object: 'Object Repository/1. CURA Test Object (Click, Set, Dropdown)/Make Appointment' is clicked on

12-07-2024T13:13:35 - [MESSAGE][PASSED] - Text 'John Doe' is set on object 'Object Repository/1. CURA Test Object (Click, Set, Dropdown)/Username'

12-07-2024T13:13:35 - [MESSAGE][PASSED] - Text 'ThisIsNotAPassword' is set on object 'Object Repository/1. CURA Test Object (Click, Set, Dropdown)/Password'

12-07-2024T13:13:36 - [MESSAGE][PASSED] - Object: 'Object Repository/1. CURA Test Object (Click, Set, Dropdown)/Login Button' is clicked on

12-07-2024T13:13:36 - [MESSAGE][PASSED] - propertiesPage.loginMenu.main is PASSED]]></system-out>
         <system-err><![CDATA[]]></system-err>
      </testcase>
      <testcase name="Test Cases/CURA Web Test/TC31- Logout using Keywords" time="1.638" classname="Test Cases/CURA Web Test/TC31- Logout using Keywords" status="PASSED">
         <system-out><![CDATA[12-07-2024T13:13:36 - [TEST_CASE][PASSED] - Test Cases/CURA Web Test/TC31- Logout using Keywords: Test Cases/CURA Web Test/TC31- Logout using Keywords

12-07-2024T13:13:36 - [TEST_STEP][PASSED] - propertiesPage.logoutMenu.main(): propertiesPage.logoutMenu.main is PASSED

12-07-2024T13:13:36 - [MESSAGE][PASSED] - Actual text and expected text of test object 'Object Repository/2. CURA Test Object (Verify parameter)/Make Appointment Text' are matched.

12-07-2024T13:13:37 - [MESSAGE][PASSED] - Object: 'Object Repository/1. CURA Test Object (Click, Set, Dropdown)/Menu' is clicked on

12-07-2024T13:13:38 - [MESSAGE][PASSED] - Object: 'Object Repository/1. CURA Test Object (Click, Set, Dropdown)/Logout' is clicked on

12-07-2024T13:13:38 - [MESSAGE][PASSED] - Browser is closed

12-07-2024T13:13:38 - [MESSAGE][PASSED] - propertiesPage.logoutMenu.main is PASSED]]></system-out>
         <system-err><![CDATA[]]></system-err>
      </testcase>
      <testcase name="Test Cases/CURA Web Test/TC28 - Seoul Appointment using Keywords" time="11.868" classname="Test Cases/CURA Web Test/TC28 - Seoul Appointment using Keywords" status="PASSED">
         <system-out><![CDATA[12-07-2024T13:13:38 - [TEST_CASE][PASSED] - Test Cases/CURA Web Test/TC28 - Seoul Appointment using Keywords: Test Cases/CURA Web Test/TC28 - Seoul Appointment using Keywords

12-07-2024T13:13:38 - [TEST_STEP][PASSED] - propertiesPage.openBrowser.main(): propertiesPage.openBrowser.main is PASSED

12-07-2024T13:13:38 - [MESSAGE][INFO] - Starting 'Chrome' driver

12-07-2024T13:13:38 - [MESSAGE][INFO] - Action delay is set to 0 milliseconds

12-07-2024T13:13:38 - [MESSAGE][PASSED] - Browser is opened with url: ''

12-07-2024T13:13:41 - [MESSAGE][PASSED] - Navigate to 'https://katalon-demo-cura.herokuapp.com/' successfully

12-07-2024T13:13:41 - [MESSAGE][PASSED] - propertiesPage.openBrowser.main is PASSED

12-07-2024T13:13:41 - [TEST_STEP][PASSED] - propertiesPage.loginMenu.main(): propertiesPage.loginMenu.main is PASSED

12-07-2024T13:13:42 - [MESSAGE][PASSED] - Object: 'Object Repository/1. CURA Test Object (Click, Set, Dropdown)/Make Appointment' is clicked on

12-07-2024T13:13:43 - [MESSAGE][PASSED] - Text 'John Doe' is set on object 'Object Repository/1. CURA Test Object (Click, Set, Dropdown)/Username'

12-07-2024T13:13:43 - [MESSAGE][PASSED] - Text 'ThisIsNotAPassword' is set on object 'Object Repository/1. CURA Test Object (Click, Set, Dropdown)/Password'

12-07-2024T13:13:44 - [MESSAGE][PASSED] - Object: 'Object Repository/1. CURA Test Object (Click, Set, Dropdown)/Login Button' is clicked on

12-07-2024T13:13:44 - [MESSAGE][PASSED] - propertiesPage.loginMenu.main is PASSED

12-07-2024T13:13:44 - [TEST_STEP][PASSED] - appointmentPage.facilitySeoul.menu(): appointmentPage.facilitySeoul.menu is PASSED

12-07-2024T13:13:45 - [MESSAGE][PASSED] - All options with value 'Seoul CURA Healthcare Center' are selected in object 'Object Repository/1. CURA Test Object (Click, Set, Dropdown)/Facility'  using regular expression

12-07-2024T13:13:45 - [MESSAGE][PASSED] - appointmentPage.facilitySeoul.menu is PASSED

12-07-2024T13:13:45 - [TEST_STEP][PASSED] - click(findTestObject("1. CURA Test Object (Click, Set, Dropdown)/Apply for Hospital Readmission")): Object: 'Object Repository/1. CURA Test Object (Click, Set, Dropdown)/Apply for Hospital Readmission' is clicked on

12-07-2024T13:13:46 - [MESSAGE][PASSED] - Object: 'Object Repository/1. CURA Test Object (Click, Set, Dropdown)/Apply for Hospital Readmission' is clicked on

12-07-2024T13:13:46 - [TEST_STEP][PASSED] - healthcareProgram.medicaidProgram.main(): healthcareProgram.medicaidProgram.main is PASSED

12-07-2024T13:13:46 - [MESSAGE][PASSED] - Object: 'Object Repository/1. CURA Test Object (Click, Set, Dropdown)/Medicaid' is clicked on

12-07-2024T13:13:46 - [MESSAGE][PASSED] - healthcareProgram.medicaidProgram.main is PASSED

12-07-2024T13:13:46 - [TEST_STEP][PASSED] - setText(findTestObject("1. CURA Test Object (Click, Set, Dropdown)/Visit Date"), "03/08/2024"): Text '03/08/2024' is set on object 'Object Repository/1. CURA Test Object (Click, Set, Dropdown)/Visit Date'

12-07-2024T13:13:46 - [MESSAGE][PASSED] - Text '03/08/2024' is set on object 'Object Repository/1. CURA Test Object (Click, Set, Dropdown)/Visit Date'

12-07-2024T13:13:46 - [TEST_STEP][PASSED] - setText(findTestObject("1. CURA Test Object (Click, Set, Dropdown)/Comment"), "I wanna meet dr. Andira"): Text 'I wanna meet dr. Andira' is set on object 'Object Repository/1. CURA Test Object (Click, Set, Dropdown)/Comment'

12-07-2024T13:13:47 - [MESSAGE][PASSED] - Text 'I wanna meet dr. Andira' is set on object 'Object Repository/1. CURA Test Object (Click, Set, Dropdown)/Comment'

12-07-2024T13:13:47 - [TEST_STEP][PASSED] - click(findTestObject("1. CURA Test Object (Click, Set, Dropdown)/Book Appointment")): Object: 'Object Repository/1. CURA Test Object (Click, Set, Dropdown)/Book Appointment' is clicked on

12-07-2024T13:13:48 - [MESSAGE][PASSED] - Object: 'Object Repository/1. CURA Test Object (Click, Set, Dropdown)/Book Appointment' is clicked on

12-07-2024T13:13:48 - [TEST_STEP][PASSED] - propertiesPage.logoutMenu.main(): propertiesPage.logoutMenu.main is PASSED

12-07-2024T13:13:48 - [MESSAGE][PASSED] - Actual text and expected text of test object 'Object Repository/2. CURA Test Object (Verify parameter)/Make Appointment Text' are matched.

12-07-2024T13:13:49 - [MESSAGE][PASSED] - Object: 'Object Repository/1. CURA Test Object (Click, Set, Dropdown)/Menu' is clicked on

12-07-2024T13:13:49 - [MESSAGE][PASSED] - Object: 'Object Repository/1. CURA Test Object (Click, Set, Dropdown)/Logout' is clicked on

12-07-2024T13:13:50 - [MESSAGE][PASSED] - Browser is closed

12-07-2024T13:13:50 - [MESSAGE][PASSED] - propertiesPage.logoutMenu.main is PASSED]]></system-out>
         <system-err><![CDATA[]]></system-err>
      </testcase>
      <testcase name="Test Cases/CURA Web Test/TC29 - Hongkong appointment using Keywords" time="10.912" classname="Test Cases/CURA Web Test/TC29 - Hongkong appointment using Keywords" status="PASSED">
         <system-out><![CDATA[12-07-2024T13:13:50 - [TEST_CASE][PASSED] - Test Cases/CURA Web Test/TC29 - Hongkong appointment using Keywords: Test Cases/CURA Web Test/TC29 - Hongkong appointment using Keywords

12-07-2024T13:13:50 - [TEST_STEP][PASSED] - propertiesPage.openBrowser.main(): propertiesPage.openBrowser.main is PASSED

12-07-2024T13:13:50 - [MESSAGE][INFO] - Starting 'Chrome' driver

12-07-2024T13:13:50 - [MESSAGE][INFO] - Action delay is set to 0 milliseconds

12-07-2024T13:13:50 - [MESSAGE][PASSED] - Browser is opened with url: ''

12-07-2024T13:13:53 - [MESSAGE][PASSED] - Navigate to 'https://katalon-demo-cura.herokuapp.com/' successfully

12-07-2024T13:13:53 - [MESSAGE][PASSED] - propertiesPage.openBrowser.main is PASSED

12-07-2024T13:13:53 - [TEST_STEP][PASSED] - propertiesPage.loginMenu.main(): propertiesPage.loginMenu.main is PASSED

12-07-2024T13:13:54 - [MESSAGE][PASSED] - Object: 'Object Repository/1. CURA Test Object (Click, Set, Dropdown)/Make Appointment' is clicked on

12-07-2024T13:13:54 - [MESSAGE][PASSED] - Text 'John Doe' is set on object 'Object Repository/1. CURA Test Object (Click, Set, Dropdown)/Username'

12-07-2024T13:13:55 - [MESSAGE][PASSED] - Text 'ThisIsNotAPassword' is set on object 'Object Repository/1. CURA Test Object (Click, Set, Dropdown)/Password'

12-07-2024T13:13:56 - [MESSAGE][PASSED] - Object: 'Object Repository/1. CURA Test Object (Click, Set, Dropdown)/Login Button' is clicked on

12-07-2024T13:13:56 - [MESSAGE][PASSED] - propertiesPage.loginMenu.main is PASSED

12-07-2024T13:13:56 - [TEST_STEP][PASSED] - appointmentPage.facilityHongkong.main(): appointmentPage.facilityHongkong.main is PASSED

12-07-2024T13:13:57 - [MESSAGE][PASSED] - All options with value 'Hongkong CURA Healthcare Center' are selected in object 'Object Repository/1. CURA Test Object (Click, Set, Dropdown)/Facility'  using regular expression

12-07-2024T13:13:57 - [MESSAGE][PASSED] - appointmentPage.facilityHongkong.main is PASSED

12-07-2024T13:13:57 - [TEST_STEP][PASSED] - healthcareProgram.medicareProgram.main(): healthcareProgram.medicareProgram.main is PASSED

12-07-2024T13:13:57 - [MESSAGE][PASSED] - Object: 'Object Repository/1. CURA Test Object (Click, Set, Dropdown)/Medicare' is clicked on

12-07-2024T13:13:57 - [MESSAGE][PASSED] - healthcareProgram.medicareProgram.main is PASSED

12-07-2024T13:13:57 - [TEST_STEP][PASSED] - setText(findTestObject("1. CURA Test Object (Click, Set, Dropdown)/Visit Date"), "04/09/2024"): Text '04/09/2024' is set on object 'Object Repository/1. CURA Test Object (Click, Set, Dropdown)/Visit Date'

12-07-2024T13:13:58 - [MESSAGE][PASSED] - Text '04/09/2024' is set on object 'Object Repository/1. CURA Test Object (Click, Set, Dropdown)/Visit Date'

12-07-2024T13:13:58 - [TEST_STEP][PASSED] - setText(findTestObject("1. CURA Test Object (Click, Set, Dropdown)/Comment"), "I wanna reschedule my appointment to 05/09/2024"): Text 'I wanna reschedule my appointment to 05/09/2024' is set on object 'Object Repository/1. CURA Test Object (Click, Set, Dropdown)/Comment'

12-07-2024T13:13:58 - [MESSAGE][PASSED] - Text 'I wanna reschedule my appointment to 05/09/2024' is set on object 'Object Repository/1. CURA Test Object (Click, Set, Dropdown)/Comment'

12-07-2024T13:13:58 - [TEST_STEP][PASSED] - click(findTestObject("1. CURA Test Object (Click, Set, Dropdown)/Book Appointment")): Object: 'Object Repository/1. CURA Test Object (Click, Set, Dropdown)/Book Appointment' is clicked on

12-07-2024T13:13:59 - [MESSAGE][PASSED] - Object: 'Object Repository/1. CURA Test Object (Click, Set, Dropdown)/Book Appointment' is clicked on

12-07-2024T13:13:59 - [TEST_STEP][PASSED] - propertiesPage.logoutMenu.main(): propertiesPage.logoutMenu.main is PASSED

12-07-2024T13:13:59 - [MESSAGE][PASSED] - Actual text and expected text of test object 'Object Repository/2. CURA Test Object (Verify parameter)/Make Appointment Text' are matched.

12-07-2024T13:13:59 - [MESSAGE][PASSED] - Object: 'Object Repository/1. CURA Test Object (Click, Set, Dropdown)/Menu' is clicked on

12-07-2024T13:14:00 - [MESSAGE][PASSED] - Object: 'Object Repository/1. CURA Test Object (Click, Set, Dropdown)/Logout' is clicked on

12-07-2024T13:14:00 - [MESSAGE][PASSED] - Browser is closed

12-07-2024T13:14:00 - [MESSAGE][PASSED] - propertiesPage.logoutMenu.main is PASSED]]></system-out>
         <system-err><![CDATA[]]></system-err>
      </testcase>
      <testcase name="Test Cases/CURA Web Test/TC30 - Tokyo appointment using Keywords" time="11.827" classname="Test Cases/CURA Web Test/TC30 - Tokyo appointment using Keywords" status="PASSED">
         <system-out><![CDATA[12-07-2024T13:14:00 - [TEST_CASE][PASSED] - Test Cases/CURA Web Test/TC30 - Tokyo appointment using Keywords: Test Cases/CURA Web Test/TC30 - Tokyo appointment using Keywords

12-07-2024T13:14:01 - [TEST_STEP][PASSED] - propertiesPage.openBrowser.main(): propertiesPage.openBrowser.main is PASSED

12-07-2024T13:14:01 - [MESSAGE][INFO] - Starting 'Chrome' driver

12-07-2024T13:14:01 - [MESSAGE][INFO] - Action delay is set to 0 milliseconds

12-07-2024T13:14:01 - [MESSAGE][PASSED] - Browser is opened with url: ''

12-07-2024T13:14:04 - [MESSAGE][PASSED] - Navigate to 'https://katalon-demo-cura.herokuapp.com/' successfully

12-07-2024T13:14:04 - [MESSAGE][PASSED] - propertiesPage.openBrowser.main is PASSED

12-07-2024T13:14:04 - [TEST_STEP][PASSED] - propertiesPage.loginMenu.main(): propertiesPage.loginMenu.main is PASSED

12-07-2024T13:14:05 - [MESSAGE][PASSED] - Object: 'Object Repository/1. CURA Test Object (Click, Set, Dropdown)/Make Appointment' is clicked on

12-07-2024T13:14:05 - [MESSAGE][PASSED] - Text 'John Doe' is set on object 'Object Repository/1. CURA Test Object (Click, Set, Dropdown)/Username'

12-07-2024T13:14:06 - [MESSAGE][PASSED] - Text 'ThisIsNotAPassword' is set on object 'Object Repository/1. CURA Test Object (Click, Set, Dropdown)/Password'

12-07-2024T13:14:07 - [MESSAGE][PASSED] - Object: 'Object Repository/1. CURA Test Object (Click, Set, Dropdown)/Login Button' is clicked on

12-07-2024T13:14:07 - [MESSAGE][PASSED] - propertiesPage.loginMenu.main is PASSED

12-07-2024T13:14:07 - [TEST_STEP][PASSED] - appointmentPage.facilityTokyo.main(): appointmentPage.facilityTokyo.main is PASSED

12-07-2024T13:14:08 - [MESSAGE][PASSED] - All options with value 'Tokyo CURA Healthcare Center' are selected in object 'Object Repository/1. CURA Test Object (Click, Set, Dropdown)/Facility'  using regular expression

12-07-2024T13:14:08 - [MESSAGE][PASSED] - appointmentPage.facilityTokyo.main is PASSED

12-07-2024T13:14:08 - [TEST_STEP][PASSED] - click(findTestObject("1. CURA Test Object (Click, Set, Dropdown)/Apply for Hospital Readmission")): Object: 'Object Repository/1. CURA Test Object (Click, Set, Dropdown)/Apply for Hospital Readmission' is clicked on

12-07-2024T13:14:08 - [MESSAGE][PASSED] - Object: 'Object Repository/1. CURA Test Object (Click, Set, Dropdown)/Apply for Hospital Readmission' is clicked on

12-07-2024T13:14:08 - [TEST_STEP][PASSED] - healthcareProgram.noneProgram.main(): healthcareProgram.noneProgram.main is PASSED

12-07-2024T13:14:08 - [MESSAGE][PASSED] - Object: 'Object Repository/1. CURA Test Object (Click, Set, Dropdown)/None' is clicked on

12-07-2024T13:14:08 - [MESSAGE][PASSED] - healthcareProgram.noneProgram.main is PASSED

12-07-2024T13:14:08 - [TEST_STEP][PASSED] - setText(findTestObject("1. CURA Test Object (Click, Set, Dropdown)/Visit Date"), "03/07/2024"): Text '03/07/2024' is set on object 'Object Repository/1. CURA Test Object (Click, Set, Dropdown)/Visit Date'

12-07-2024T13:14:09 - [MESSAGE][PASSED] - Text '03/07/2024' is set on object 'Object Repository/1. CURA Test Object (Click, Set, Dropdown)/Visit Date'

12-07-2024T13:14:09 - [TEST_STEP][PASSED] - click(findTestObject("1. CURA Test Object (Click, Set, Dropdown)/Book Appointment")): Object: 'Object Repository/1. CURA Test Object (Click, Set, Dropdown)/Book Appointment' is clicked on

12-07-2024T13:14:10 - [MESSAGE][PASSED] - Object: 'Object Repository/1. CURA Test Object (Click, Set, Dropdown)/Book Appointment' is clicked on

12-07-2024T13:14:10 - [TEST_STEP][PASSED] - propertiesPage.logoutMenu.main(): propertiesPage.logoutMenu.main is PASSED

12-07-2024T13:14:10 - [MESSAGE][PASSED] - Actual text and expected text of test object 'Object Repository/2. CURA Test Object (Verify parameter)/Make Appointment Text' are matched.

12-07-2024T13:14:10 - [MESSAGE][PASSED] - Object: 'Object Repository/1. CURA Test Object (Click, Set, Dropdown)/Menu' is clicked on

12-07-2024T13:14:11 - [MESSAGE][PASSED] - Object: 'Object Repository/1. CURA Test Object (Click, Set, Dropdown)/Logout' is clicked on

12-07-2024T13:14:12 - [MESSAGE][PASSED] - Browser is closed

12-07-2024T13:14:12 - [MESSAGE][PASSED] - propertiesPage.logoutMenu.main is PASSED]]></system-out>
         <system-err><![CDATA[]]></system-err>
      </testcase>
      <system-out><![CDATA[12-07-2024T13:13:28 - [TEST_SUITE][PASSED] - TS15 - Make appointment using Keywords: Test Cases/CURA Web Test/TC30 - Tokyo appointment using Keywords]]></system-out>
      <system-err><![CDATA[]]></system-err>
   </testsuite>
</testsuites>
