<?xml version="1.0" encoding="UTF-8"?>
<testsuites name="TS003 - Sign Up Via Sign In Page Variation" time="41.817" tests="2" failures="0" errors="0">
   <testsuite name="TS003 - Sign Up Via Sign In Page Variation" tests="2" failures="0" errors="0" time="41.817" skipped="0" timestamp="13-07-2024T23:04:52" hostname="Lenovo - LAPTOP-7QB5JFLU" id="Test Suites/Eklipse Test suite/TS003 - Sign Up Via Sign In Page Variation">
      <properties>
         <property name="deviceName" value=""/>
         <property name="devicePlatform"/>
         <property name="logFolder" value="C:\\Users\\Lenovo\\git\\KatalonPractitionerLevel\\Reports\\20240713_230445\\Eklipse Test suite\\TS003 - Sign Up Via Sign In Page Variation\\20240713_230446"/>
         <property name="logFiles" value="C:\\Users\\Lenovo\\git\\KatalonPractitionerLevel\\Reports\\20240713_230445\\Eklipse Test suite\\TS003 - Sign Up Via Sign In Page Variation\\20240713_230446\\execution0.log"/>
         <property name="attachments" value=""/>
         <property name="hostName" value="Lenovo - LAPTOP-7QB5JFLU"/>
         <property name="os" value="Windows 11 64bit"/>
         <property name="katalonVersion" value="9.6.0.217"/>
         <property name="browser" value="Chrome 126.0.0.0"/>
         <property name="hostAddress" value="192.168.1.12"/>
         <property name="sessionId" value="9b47842bc08461eb5c3d600575b7af47"/>
         <property name="seleniumVersion" value="3.141.59"/>
         <property name="proxyInformation" value="ProxyInformation { proxyOption=NO_PROXY, proxyServerType=HTTP, username=, password=********, proxyServerAddress=, proxyServerPort=0, executionList=&quot;&quot;, isApplyToDesiredCapabilities=true }"/>
         <property name="platform" value="Windows 11"/>
      </properties>
      <testcase name="Test Cases/Eklipse Test/Sign in and Sign Up/TC003 - Negative Test - Sign Up Variation" time="41.638" classname="Test Cases/Eklipse Test/Sign in and Sign Up/TC003 - Negative Test - Sign Up Variation" status="PASSED">
         <system-out><![CDATA[13-07-2024T23:04:52 - [TEST_CASE][PASSED] - Test Cases/Eklipse Test/Sign in and Sign Up/TC003 - Negative Test - Sign Up Variation: Test Cases/Eklipse Test/Sign in and Sign Up/TC003 - Negative Test - Sign Up Variation

13-07-2024T23:04:52 - [TEST_STEP][PASSED] - eklipse_keywords.openBrowserEklipse.main(): eklipse_keywords.openBrowserEklipse.main is PASSED

13-07-2024T23:04:53 - [MESSAGE][INFO] - Starting 'Chrome' driver

13-07-2024T23:04:53 - [MESSAGE][INFO] - Action delay is set to 0 milliseconds

13-07-2024T23:04:54 - [MESSAGE][PASSED] - Browser is opened with url: ''

13-07-2024T23:05:03 - [MESSAGE][PASSED] - Navigate to 'https://eklipse.gg/' successfully

13-07-2024T23:05:03 - [MESSAGE][PASSED] - eklipse_keywords.openBrowserEklipse.main is PASSED

13-07-2024T23:05:03 - [TEST_STEP][PASSED] - eklipse_keywords.signInToEklipse.main(): eklipse_keywords.signInToEklipse.main is PASSED

13-07-2024T23:05:07 - [MESSAGE][PASSED] - Object: 'Object Repository/Eklipse Landing Page/Page_Eklipse/Sign In' is clicked on

13-07-2024T23:05:07 - [MESSAGE][PASSED] - eklipse_keywords.signInToEklipse.main is PASSED

13-07-2024T23:05:07 - [TEST_STEP][PASSED] - click(findTestObject("Sign in page/Page_Eklipse/button_Sign Up")): Object: 'Object Repository/Sign in page/Page_Eklipse/button_Sign Up' is clicked on

13-07-2024T23:05:08 - [MESSAGE][PASSED] - Object: 'Object Repository/Sign in page/Page_Eklipse/button_Sign Up' is clicked on

13-07-2024T23:05:08 - [TEST_STEP][PASSED] - setText(findTestObject("Sign up page/Page_Eklipse/input_OR_name"), "April"): Text 'April' is set on object 'Object Repository/Sign up page/Page_Eklipse/input_OR_name'

13-07-2024T23:05:09 - [MESSAGE][PASSED] - Text 'April' is set on object 'Object Repository/Sign up page/Page_Eklipse/input_OR_name'

13-07-2024T23:05:09 - [TEST_STEP][PASSED] - setText(findTestObject("Sign up page/Page_Eklipse/input_OR_email"), "titaapratama@gmail.com"): Text 'titaapratama@gmail.com' is set on object 'Object Repository/Sign up page/Page_Eklipse/input_OR_email'

13-07-2024T23:05:09 - [MESSAGE][PASSED] - Text 'titaapratama@gmail.com' is set on object 'Object Repository/Sign up page/Page_Eklipse/input_OR_email'

13-07-2024T23:05:09 - [TEST_STEP][PASSED] - setText(findTestObject("Sign up page/Page_Eklipse/input_OR_password"), "Tita123."): Text 'Tita123.' is set on object 'Object Repository/Sign up page/Page_Eklipse/input_OR_password'

13-07-2024T23:05:10 - [MESSAGE][PASSED] - Text 'Tita123.' is set on object 'Object Repository/Sign up page/Page_Eklipse/input_OR_password'

13-07-2024T23:05:10 - [TEST_STEP][PASSED] - setText(findTestObject("Sign up page/Page_Eklipse/input_password_confirmation"), "Tita123."): Text 'Tita123.' is set on object 'Object Repository/Sign up page/Page_Eklipse/input_password_confirmation'

13-07-2024T23:05:11 - [MESSAGE][PASSED] - Text 'Tita123.' is set on object 'Object Repository/Sign up page/Page_Eklipse/input_password_confirmation'

13-07-2024T23:05:11 - [TEST_STEP][PASSED] - click(findTestObject("Sign up page/Page_Eklipse/button_Sign Up")): Object: 'Object Repository/Sign up page/Page_Eklipse/button_Sign Up' is clicked on

13-07-2024T23:05:11 - [MESSAGE][PASSED] - Object: 'Object Repository/Sign up page/Page_Eklipse/button_Sign Up' is clicked on

13-07-2024T23:05:11 - [TEST_STEP][PASSED] - delay(3): Delayed 3 second(s)

13-07-2024T23:05:14 - [MESSAGE][PASSED] - Delayed 3 second(s)

13-07-2024T23:05:14 - [TEST_STEP][PASSED] - result = "": null

13-07-2024T23:05:14 - [TEST_STEP][PASSED] - if (verifyElementPresent(findTestObject("Sign up page/Page_Eklipse/email already taken"), 0)): null

13-07-2024T23:05:14 - [MESSAGE][WARNING] - Timeout '0' is invalid. Using default page load timeout: '30'

13-07-2024T23:05:14 - [MESSAGE][PASSED] - Object 'Object Repository/Sign up page/Page_Eklipse/email already taken' is present

13-07-2024T23:05:14 - [TEST_STEP][PASSED] - result += "1. Passed: The email has already ben taken
": null

13-07-2024T23:05:14 - [TEST_STEP][PASSED] - setText(findTestObject("Sign up page/Page_Eklipse/input_OR_name"), "April"): Text 'April' is set on object 'Object Repository/Sign up page/Page_Eklipse/input_OR_name'

13-07-2024T23:05:15 - [MESSAGE][PASSED] - Text 'April' is set on object 'Object Repository/Sign up page/Page_Eklipse/input_OR_name'

13-07-2024T23:05:15 - [TEST_STEP][PASSED] - setText(findTestObject("Sign up page/Page_Eklipse/input_OR_email"), "titaapratama@gmail.com"): Text 'titaapratama@gmail.com' is set on object 'Object Repository/Sign up page/Page_Eklipse/input_OR_email'

13-07-2024T23:05:16 - [MESSAGE][PASSED] - Text 'titaapratama@gmail.com' is set on object 'Object Repository/Sign up page/Page_Eklipse/input_OR_email'

13-07-2024T23:05:16 - [TEST_STEP][PASSED] - setText(findTestObject("Sign up page/Page_Eklipse/input_OR_password"), "Tita123."): Text 'Tita123.' is set on object 'Object Repository/Sign up page/Page_Eklipse/input_OR_password'

13-07-2024T23:05:16 - [MESSAGE][PASSED] - Text 'Tita123.' is set on object 'Object Repository/Sign up page/Page_Eklipse/input_OR_password'

13-07-2024T23:05:16 - [TEST_STEP][PASSED] - setText(findTestObject("Sign up page/Page_Eklipse/input_password_confirmation"), "tita123."): Text 'tita123.' is set on object 'Object Repository/Sign up page/Page_Eklipse/input_password_confirmation'

13-07-2024T23:05:17 - [MESSAGE][PASSED] - Text 'tita123.' is set on object 'Object Repository/Sign up page/Page_Eklipse/input_password_confirmation'

13-07-2024T23:05:17 - [TEST_STEP][PASSED] - click(findTestObject("Sign up page/Page_Eklipse/button_Sign Up")): Object: 'Object Repository/Sign up page/Page_Eklipse/button_Sign Up' is clicked on

13-07-2024T23:05:17 - [MESSAGE][PASSED] - Object: 'Object Repository/Sign up page/Page_Eklipse/button_Sign Up' is clicked on

13-07-2024T23:05:17 - [TEST_STEP][PASSED] - delay(3): Delayed 3 second(s)

13-07-2024T23:05:20 - [MESSAGE][PASSED] - Delayed 3 second(s)

13-07-2024T23:05:21 - [TEST_STEP][PASSED] - if (verifyElementPresent(findTestObject("Sign up page/Page_Eklipse/Password Confirm not match"), 0)): null

13-07-2024T23:05:21 - [MESSAGE][WARNING] - Timeout '0' is invalid. Using default page load timeout: '30'

13-07-2024T23:05:21 - [MESSAGE][PASSED] - Object 'Object Repository/Sign up page/Page_Eklipse/Password Confirm not match' is present

13-07-2024T23:05:21 - [TEST_STEP][PASSED] - result += "1. Passed: Password confirm Password does not match
": null

13-07-2024T23:05:21 - [TEST_STEP][PASSED] - setText(findTestObject("Sign up page/Page_Eklipse/input_OR_name"), "April"): Text 'April' is set on object 'Object Repository/Sign up page/Page_Eklipse/input_OR_name'

13-07-2024T23:05:21 - [MESSAGE][PASSED] - Text 'April' is set on object 'Object Repository/Sign up page/Page_Eklipse/input_OR_name'

13-07-2024T23:05:21 - [TEST_STEP][PASSED] - setText(findTestObject("Sign up page/Page_Eklipse/input_OR_email"), "titaapratama@gmail.com"): Text 'titaapratama@gmail.com' is set on object 'Object Repository/Sign up page/Page_Eklipse/input_OR_email'

13-07-2024T23:05:22 - [MESSAGE][PASSED] - Text 'titaapratama@gmail.com' is set on object 'Object Repository/Sign up page/Page_Eklipse/input_OR_email'

13-07-2024T23:05:22 - [TEST_STEP][PASSED] - setText(findTestObject("Sign up page/Page_Eklipse/input_OR_password"), "Tita12."): Text 'Tita12.' is set on object 'Object Repository/Sign up page/Page_Eklipse/input_OR_password'

13-07-2024T23:05:23 - [MESSAGE][PASSED] - Text 'Tita12.' is set on object 'Object Repository/Sign up page/Page_Eklipse/input_OR_password'

13-07-2024T23:05:23 - [TEST_STEP][PASSED] - setText(findTestObject("Sign up page/Page_Eklipse/input_password_confirmation"), "Tita12."): Text 'Tita12.' is set on object 'Object Repository/Sign up page/Page_Eklipse/input_password_confirmation'

13-07-2024T23:05:24 - [MESSAGE][PASSED] - Text 'Tita12.' is set on object 'Object Repository/Sign up page/Page_Eklipse/input_password_confirmation'

13-07-2024T23:05:24 - [TEST_STEP][PASSED] - click(findTestObject("Sign up page/Page_Eklipse/button_Sign Up")): Object: 'Object Repository/Sign up page/Page_Eklipse/button_Sign Up' is clicked on

13-07-2024T23:05:24 - [MESSAGE][PASSED] - Object: 'Object Repository/Sign up page/Page_Eklipse/button_Sign Up' is clicked on

13-07-2024T23:05:24 - [TEST_STEP][PASSED] - delay(3): Delayed 3 second(s)

13-07-2024T23:05:27 - [MESSAGE][PASSED] - Delayed 3 second(s)

13-07-2024T23:05:27 - [TEST_STEP][PASSED] - if (verifyElementPresent(findTestObject("Sign up page/Page_Eklipse/The password must be 8car"), 0)): null

13-07-2024T23:05:27 - [MESSAGE][WARNING] - Timeout '0' is invalid. Using default page load timeout: '30'

13-07-2024T23:05:27 - [MESSAGE][PASSED] - Object 'Object Repository/Sign up page/Page_Eklipse/The password must be 8car' is present

13-07-2024T23:05:27 - [TEST_STEP][PASSED] - result += "1. Passed: The password field must be at least 8 characters
": null

13-07-2024T23:05:27 - [TEST_STEP][PASSED] - setText(findTestObject("Sign up page/Page_Eklipse/input_OR_name"), ""): Text '' is set on object 'Object Repository/Sign up page/Page_Eklipse/input_OR_name'

13-07-2024T23:05:28 - [MESSAGE][PASSED] - Text '' is set on object 'Object Repository/Sign up page/Page_Eklipse/input_OR_name'

13-07-2024T23:05:28 - [TEST_STEP][PASSED] - setText(findTestObject("Sign up page/Page_Eklipse/input_OR_email"), ""): Text '' is set on object 'Object Repository/Sign up page/Page_Eklipse/input_OR_email'

13-07-2024T23:05:28 - [MESSAGE][PASSED] - Text '' is set on object 'Object Repository/Sign up page/Page_Eklipse/input_OR_email'

13-07-2024T23:05:28 - [TEST_STEP][PASSED] - setText(findTestObject("Sign up page/Page_Eklipse/input_OR_password"), ""): Text '' is set on object 'Object Repository/Sign up page/Page_Eklipse/input_OR_password'

13-07-2024T23:05:29 - [MESSAGE][PASSED] - Text '' is set on object 'Object Repository/Sign up page/Page_Eklipse/input_OR_password'

13-07-2024T23:05:29 - [TEST_STEP][PASSED] - setText(findTestObject("Sign up page/Page_Eklipse/input_password_confirmation"), ""): Text '' is set on object 'Object Repository/Sign up page/Page_Eklipse/input_password_confirmation'

13-07-2024T23:05:30 - [MESSAGE][PASSED] - Text '' is set on object 'Object Repository/Sign up page/Page_Eklipse/input_password_confirmation'

13-07-2024T23:05:30 - [TEST_STEP][PASSED] - click(findTestObject("Sign up page/Page_Eklipse/button_Sign Up")): Object: 'Object Repository/Sign up page/Page_Eklipse/button_Sign Up' is clicked on

13-07-2024T23:05:30 - [MESSAGE][PASSED] - Object: 'Object Repository/Sign up page/Page_Eklipse/button_Sign Up' is clicked on

13-07-2024T23:05:30 - [TEST_STEP][PASSED] - delay(3): Delayed 3 second(s)

13-07-2024T23:05:33 - [MESSAGE][PASSED] - Delayed 3 second(s)

13-07-2024T23:05:33 - [TEST_STEP][PASSED] - isWarningDisplayed = verifyElementPresent(findTestObject("Sign up page/Page_Eklipse/input_OR_name"), 10): Object 'Object Repository/Sign up page/Page_Eklipse/input_OR_name' is present

13-07-2024T23:05:33 - [MESSAGE][PASSED] - Object 'Object Repository/Sign up page/Page_Eklipse/input_OR_name' is present

13-07-2024T23:05:33 - [TEST_STEP][PASSED] - warningText = getAttribute(findTestObject("Sign up page/Page_Eklipse/input_OR_name"), "validationMessage"): Attribute 'validationMessage' of object 'Object Repository/Sign up page/Page_Eklipse/input_OR_name' is: 'Please fill out this field.'

13-07-2024T23:05:33 - [MESSAGE][PASSED] - Attribute 'validationMessage' of object 'Object Repository/Sign up page/Page_Eklipse/input_OR_name' is: 'Please fill out this field.'

13-07-2024T23:05:33 - [TEST_STEP][PASSED] - if (isWarningDisplayed && warningText == "Please fill out this field."): null

13-07-2024T23:05:33 - [TEST_STEP][PASSED] - println("Test Passed: Warning text detected correctly."): null

13-07-2024T23:05:33 - [TEST_STEP][PASSED] - closeBrowser(): Browser is closed

13-07-2024T23:05:34 - [MESSAGE][PASSED] - Browser is closed]]></system-out>
         <system-err><![CDATA[]]></system-err>
      </testcase>
      <testcase name="Test Cases/Eklipse Test/Sign in and Sign Up/TC000 - Close browser" time="0.049" classname="Test Cases/Eklipse Test/Sign in and Sign Up/TC000 - Close browser" status="PASSED">
         <system-out><![CDATA[13-07-2024T23:05:34 - [TEST_CASE][PASSED] - Test Cases/Eklipse Test/Sign in and Sign Up/TC000 - Close browser: Test Cases/Eklipse Test/Sign in and Sign Up/TC000 - Close browser

13-07-2024T23:05:34 - [TEST_STEP][PASSED] - closeBrowser(): Browser is closed

13-07-2024T23:05:34 - [MESSAGE][PASSED] - Browser is closed]]></system-out>
         <system-err><![CDATA[]]></system-err>
      </testcase>
      <system-out><![CDATA[13-07-2024T23:04:52 - [TEST_SUITE][PASSED] - TS003 - Sign Up Via Sign In Page Variation: Test Cases/Eklipse Test/Sign in and Sign Up/TC000 - Close browser]]></system-out>
      <system-err><![CDATA[]]></system-err>
   </testsuite>
</testsuites>
