<?xml version="1.0" encoding="UTF-8"?>
<testsuites name="TS07 - Home button variation" time="16.886" tests="4" failures="0" errors="0">
   <testsuite name="TS07 - Home button variation" tests="4" failures="0" errors="0" time="16.886" skipped="0" timestamp="16-07-2024T10:10:27" hostname="Lenovo - LAPTOP-7QB5JFLU" id="Test Suites/CURA Test suites/TS07 - Home button variation">
      <properties>
         <property name="deviceName" value=""/>
         <property name="devicePlatform"/>
         <property name="logFolder" value="C:\\Users\\Lenovo\\git\\KatalonPractitionerLevel\\Reports\\20240716_101018\\CURA Test suites\\TS07 - Home button variation\\20240716_101019"/>
         <property name="logFiles" value="C:\\Users\\Lenovo\\git\\KatalonPractitionerLevel\\Reports\\20240716_101018\\CURA Test suites\\TS07 - Home button variation\\20240716_101019\\execution0.log"/>
         <property name="attachments" value=""/>
         <property name="hostName" value="Lenovo - LAPTOP-7QB5JFLU"/>
         <property name="os" value="Windows 11 64bit"/>
         <property name="katalonVersion" value="9.6.0.217"/>
         <property name="browser" value="Chrome 126.0.0.0"/>
         <property name="hostAddress" value="192.168.1.12"/>
         <property name="sessionId" value="64c7b66b8f72785b5c3caca33fe025e7"/>
         <property name="seleniumVersion" value="3.141.59"/>
         <property name="proxyInformation" value="ProxyInformation { proxyOption=NO_PROXY, proxyServerType=HTTP, username=, password=********, proxyServerAddress=, proxyServerPort=0, executionList=&quot;&quot;, isApplyToDesiredCapabilities=true }"/>
         <property name="platform" value="Windows 11"/>
      </properties>
      <testcase name="Test Cases/CURA Web Test/Properties/TCP01 - Open browser" time="5.225" classname="Test Cases/CURA Web Test/Properties/TCP01 - Open browser" status="PASSED">
         <system-out><![CDATA[16-07-2024T10:10:27 - [TEST_CASE][PASSED] - Test Cases/CURA Web Test/Properties/TCP01 - Open browser: Test Cases/CURA Web Test/Properties/TCP01 - Open browser

16-07-2024T10:10:27 - [TEST_STEP][PASSED] - openBrowser(""): Browser is opened with url: ''

16-07-2024T10:10:27 - [MESSAGE][INFO] - Starting 'Chrome' driver

16-07-2024T10:10:28 - [MESSAGE][INFO] - Action delay is set to 0 milliseconds

16-07-2024T10:10:29 - [MESSAGE][PASSED] - Browser is opened with url: ''

16-07-2024T10:10:29 - [TEST_STEP][PASSED] - navigateToUrl(URL): Navigate to 'https://katalon-demo-cura.herokuapp.com/' successfully

16-07-2024T10:10:32 - [MESSAGE][PASSED] - Navigate to 'https://katalon-demo-cura.herokuapp.com/' successfully]]></system-out>
         <system-err><![CDATA[]]></system-err>
      </testcase>
      <testcase name="Test Cases/CURA Web Test/Properties/TCP02 - Login" time="5.02" classname="Test Cases/CURA Web Test/Properties/TCP02 - Login" status="PASSED">
         <system-out><![CDATA[16-07-2024T10:10:32 - [TEST_CASE][PASSED] - Test Cases/CURA Web Test/Properties/TCP02 - Login: Test Cases/CURA Web Test/Properties/TCP02 - Login

16-07-2024T10:10:32 - [TEST_STEP][PASSED] - click(findTestObject("1. CURA Object button/Make Appointment")): Object: 'Object Repository/1. CURA Object button/Make Appointment' is clicked on

16-07-2024T10:10:34 - [MESSAGE][PASSED] - Object: 'Object Repository/1. CURA Object button/Make Appointment' is clicked on

16-07-2024T10:10:34 - [TEST_STEP][PASSED] - verifyElementText(findTestObject("2. CURA Object Text/Login Text"), "Login"): Actual text and expected text of test object 'Object Repository/2. CURA Object Text/Login Text' are matched.

16-07-2024T10:10:34 - [MESSAGE][PASSED] - Actual text and expected text of test object 'Object Repository/2. CURA Object Text/Login Text' are matched.

16-07-2024T10:10:34 - [TEST_STEP][PASSED] - setText(findTestObject("1. CURA Object button/Username"), Username): Text 'John Doe' is set on object 'Object Repository/1. CURA Object button/Username'

16-07-2024T10:10:35 - [MESSAGE][PASSED] - Text 'John Doe' is set on object 'Object Repository/1. CURA Object button/Username'

16-07-2024T10:10:35 - [TEST_STEP][PASSED] - setText(findTestObject("1. CURA Object button/Password"), Password): Text 'ThisIsNotAPassword' is set on object 'Object Repository/1. CURA Object button/Password'

16-07-2024T10:10:36 - [MESSAGE][PASSED] - Text 'ThisIsNotAPassword' is set on object 'Object Repository/1. CURA Object button/Password'

16-07-2024T10:10:36 - [TEST_STEP][PASSED] - click(findTestObject("1. CURA Object button/Login Button")): Object: 'Object Repository/1. CURA Object button/Login Button' is clicked on

16-07-2024T10:10:37 - [MESSAGE][PASSED] - Object: 'Object Repository/1. CURA Object button/Login Button' is clicked on]]></system-out>
         <system-err><![CDATA[]]></system-err>
      </testcase>
      <testcase name="Test Cases/CURA Web Test/TC14 - Home button" time="4.023" classname="Test Cases/CURA Web Test/TC14 - Home button" status="PASSED">
         <system-out><![CDATA[16-07-2024T10:10:37 - [TEST_CASE][PASSED] - Test Cases/CURA Web Test/TC14 - Home button: Test Cases/CURA Web Test/TC14 - Home button

16-07-2024T10:10:37 - [TEST_STEP][PASSED] - verifyElementPresent(findTestObject("9. Homepage of CURA/Page_CURA/h1_CURA Service"), 0): Object 'Object Repository/9. Homepage of CURA/Page_CURA/h1_CURA Service' is present

16-07-2024T10:10:37 - [MESSAGE][WARNING] - Timeout '0' is invalid. Using default page load timeout: '30'

16-07-2024T10:10:38 - [MESSAGE][PASSED] - Object 'Object Repository/9. Homepage of CURA/Page_CURA/h1_CURA Service' is present

16-07-2024T10:10:38 - [TEST_STEP][PASSED] - click(findTestObject("6. CURA menu/Page_CURA/i_CURA_fa fa-bars")): Object: 'Object Repository/6. CURA menu/Page_CURA/i_CURA_fa fa-bars' is clicked on

16-07-2024T10:10:38 - [MESSAGE][PASSED] - Object: 'Object Repository/6. CURA menu/Page_CURA/i_CURA_fa fa-bars' is clicked on

16-07-2024T10:10:38 - [TEST_STEP][PASSED] - click(findTestObject("11. Login menu check/Page_CURA/a_Home")): Object: 'Object Repository/11. Login menu check/Page_CURA/a_Home' is clicked on

16-07-2024T10:10:39 - [MESSAGE][PASSED] - Object: 'Object Repository/11. Login menu check/Page_CURA/a_Home' is clicked on

16-07-2024T10:10:39 - [TEST_STEP][PASSED] - verifyElementPresent(findTestObject("11. Login menu check/Page_CURA/h1_CURA Service"), 0): Object 'Object Repository/11. Login menu check/Page_CURA/h1_CURA Service' is present

16-07-2024T10:10:39 - [MESSAGE][WARNING] - Timeout '0' is invalid. Using default page load timeout: '30'

16-07-2024T10:10:39 - [MESSAGE][PASSED] - Object 'Object Repository/11. Login menu check/Page_CURA/h1_CURA Service' is present

16-07-2024T10:10:39 - [TEST_STEP][PASSED] - click(findTestObject("11. Login menu check/Page_CURA/i_CURA fa fa-bars")): Object: 'Object Repository/11. Login menu check/Page_CURA/i_CURA fa fa-bars' is clicked on

16-07-2024T10:10:40 - [MESSAGE][PASSED] - Object: 'Object Repository/11. Login menu check/Page_CURA/i_CURA fa fa-bars' is clicked on

16-07-2024T10:10:40 - [TEST_STEP][PASSED] - click(findTestObject("8. History check/Page_CURA/a_History")): Object: 'Object Repository/8. History check/Page_CURA/a_History' is clicked on

16-07-2024T10:10:40 - [MESSAGE][PASSED] - Object: 'Object Repository/8. History check/Page_CURA/a_History' is clicked on

16-07-2024T10:10:40 - [TEST_STEP][PASSED] - click(findTestObject("8. History check/Page_CURA/a_Go Homepage")): Object: 'Object Repository/8. History check/Page_CURA/a_Go Homepage' is clicked on

16-07-2024T10:10:41 - [MESSAGE][PASSED] - Object: 'Object Repository/8. History check/Page_CURA/a_Go Homepage' is clicked on]]></system-out>
         <system-err><![CDATA[]]></system-err>
      </testcase>
      <testcase name="Test Cases/CURA Web Test/Properties/TCP03 - Logout" time="2.455" classname="Test Cases/CURA Web Test/Properties/TCP03 - Logout" status="PASSED">
         <system-out><![CDATA[16-07-2024T10:10:41 - [TEST_CASE][PASSED] - Test Cases/CURA Web Test/Properties/TCP03 - Logout: Test Cases/CURA Web Test/Properties/TCP03 - Logout

16-07-2024T10:10:41 - [TEST_STEP][PASSED] - verifyElementText(findTestObject("2. CURA Object Text/Make Appointment"), "Make Appointment"): Actual text and expected text of test object 'Object Repository/2. CURA Object Text/Make Appointment' are matched.

16-07-2024T10:10:42 - [MESSAGE][PASSED] - Actual text and expected text of test object 'Object Repository/2. CURA Object Text/Make Appointment' are matched.

16-07-2024T10:10:42 - [TEST_STEP][PASSED] - click(findTestObject("1. CURA Object button/Menu")): Object: 'Object Repository/1. CURA Object button/Menu' is clicked on

16-07-2024T10:10:42 - [MESSAGE][PASSED] - Object: 'Object Repository/1. CURA Object button/Menu' is clicked on

16-07-2024T10:10:42 - [TEST_STEP][PASSED] - click(findTestObject("1. CURA Object button/Logout")): Object: 'Object Repository/1. CURA Object button/Logout' is clicked on

16-07-2024T10:10:43 - [MESSAGE][PASSED] - Object: 'Object Repository/1. CURA Object button/Logout' is clicked on

16-07-2024T10:10:43 - [TEST_STEP][PASSED] - closeBrowser(): Browser is closed

16-07-2024T10:10:44 - [MESSAGE][PASSED] - Browser is closed]]></system-out>
         <system-err><![CDATA[]]></system-err>
      </testcase>
      <system-out><![CDATA[16-07-2024T10:10:27 - [TEST_SUITE][PASSED] - TS07 - Home button variation: Test Cases/CURA Web Test/Properties/TCP03 - Logout]]></system-out>
      <system-err><![CDATA[]]></system-err>
   </testsuite>
</testsuites>
