<?xml version="1.0" encoding="UTF-8"?>
<testsuites name="TS10 - Seoul appointment using data driven" time="43.479" tests="7" failures="0" errors="0">
   <testsuite name="TS10 - Seoul appointment using data driven" tests="7" failures="0" errors="0" time="43.479" skipped="0" timestamp="02-07-2024T17:17:23" hostname="Lenovo - LAPTOP-7QB5JFLU" id="Test Suites/TS10 - Seoul appointment using data driven">
      <properties>
         <property name="deviceName" value=""/>
         <property name="devicePlatform"/>
         <property name="logFolder" value="C:\\Users\\Lenovo\\git\\KatalonPractitionerLevel\\Reports\\20240702_171719\\TS10 - Seoul appointment using data driven\\20240702_171719"/>
         <property name="logFiles" value="C:\\Users\\Lenovo\\git\\KatalonPractitionerLevel\\Reports\\20240702_171719\\TS10 - Seoul appointment using data driven\\20240702_171719\\execution0.log"/>
         <property name="attachments" value=""/>
         <property name="hostName" value="Lenovo - LAPTOP-7QB5JFLU"/>
         <property name="os" value="Windows 11 64bit"/>
         <property name="katalonVersion" value="9.6.0.217"/>
         <property name="browser" value="Chrome 126.0.0.0"/>
         <property name="hostAddress" value="192.168.1.12"/>
         <property name="sessionId" value="88c1c10b63766f304eb055fcd443673b"/>
         <property name="seleniumVersion" value="3.141.59"/>
         <property name="proxyInformation" value="ProxyInformation { proxyOption=NO_PROXY, proxyServerType=HTTP, username=, password=********, proxyServerAddress=, proxyServerPort=0, executionList=&quot;&quot;, isApplyToDesiredCapabilities=true }"/>
         <property name="platform" value="Windows 11"/>
      </properties>
      <testcase name="Test Cases/Test Case Properties/TCP01 - Open browser" time="4.888" classname="Test Cases/Test Case Properties/TCP01 - Open browser" status="PASSED">
         <system-out><![CDATA[02-07-2024T17:17:24 - [TEST_CASE][PASSED] - Test Cases/Test Case Properties/TCP01 - Open browser: Test Cases/Test Case Properties/TCP01 - Open browser

02-07-2024T17:17:24 - [TEST_STEP][PASSED] - openBrowser(""): Browser is opened with url: ''

02-07-2024T17:17:24 - [MESSAGE][INFO] - Starting 'Chrome' driver

02-07-2024T17:17:24 - [MESSAGE][INFO] - Action delay is set to 0 milliseconds

02-07-2024T17:17:25 - [MESSAGE][PASSED] - Browser is opened with url: ''

02-07-2024T17:17:25 - [TEST_STEP][PASSED] - navigateToUrl("https://katalon-demo-cura.herokuapp.com/"): Navigate to 'https://katalon-demo-cura.herokuapp.com/' successfully

02-07-2024T17:17:28 - [MESSAGE][PASSED] - Navigate to 'https://katalon-demo-cura.herokuapp.com/' successfully]]></system-out>
         <system-err><![CDATA[]]></system-err>
      </testcase>
      <testcase name="Test Cases/Test Case Properties/TCP02 - Login" time="4.398" classname="Test Cases/Test Case Properties/TCP02 - Login" status="PASSED">
         <system-out><![CDATA[02-07-2024T17:17:28 - [TEST_CASE][PASSED] - Test Cases/Test Case Properties/TCP02 - Login: Test Cases/Test Case Properties/TCP02 - Login

02-07-2024T17:17:29 - [TEST_STEP][PASSED] - click(findTestObject("1. CURA Test Object (Click, Set, Dropdown)/Make Appointment")): Object: 'Object Repository/1. CURA Test Object (Click, Set, Dropdown)/Make Appointment' is clicked on

02-07-2024T17:17:29 - [MESSAGE][PASSED] - Object: 'Object Repository/1. CURA Test Object (Click, Set, Dropdown)/Make Appointment' is clicked on

02-07-2024T17:17:29 - [TEST_STEP][PASSED] - verifyElementText(findTestObject("2. CURA Test Object (Verify parameter)/Login Text"), "Login"): Actual text and expected text of test object 'Object Repository/2. CURA Test Object (Verify parameter)/Login Text' are matched.

02-07-2024T17:17:30 - [MESSAGE][PASSED] - Actual text and expected text of test object 'Object Repository/2. CURA Test Object (Verify parameter)/Login Text' are matched.

02-07-2024T17:17:30 - [TEST_STEP][PASSED] - setText(findTestObject("1. CURA Test Object (Click, Set, Dropdown)/Username"), "John Doe"): Text 'John Doe' is set on object 'Object Repository/1. CURA Test Object (Click, Set, Dropdown)/Username'

02-07-2024T17:17:31 - [MESSAGE][PASSED] - Text 'John Doe' is set on object 'Object Repository/1. CURA Test Object (Click, Set, Dropdown)/Username'

02-07-2024T17:17:31 - [TEST_STEP][PASSED] - setText(findTestObject("1. CURA Test Object (Click, Set, Dropdown)/Password"), "ThisIsNotAPassword"): Text 'ThisIsNotAPassword' is set on object 'Object Repository/1. CURA Test Object (Click, Set, Dropdown)/Password'

02-07-2024T17:17:32 - [MESSAGE][PASSED] - Text 'ThisIsNotAPassword' is set on object 'Object Repository/1. CURA Test Object (Click, Set, Dropdown)/Password'

02-07-2024T17:17:32 - [TEST_STEP][PASSED] - click(findTestObject("1. CURA Test Object (Click, Set, Dropdown)/Login Button")): Object: 'Object Repository/1. CURA Test Object (Click, Set, Dropdown)/Login Button' is clicked on

02-07-2024T17:17:33 - [MESSAGE][PASSED] - Object: 'Object Repository/1. CURA Test Object (Click, Set, Dropdown)/Login Button' is clicked on]]></system-out>
         <system-err><![CDATA[]]></system-err>
      </testcase>
      <testcase name="Test Cases/TC18 - Appointment Seoul using data driven" time="7.287" classname="Test Cases/TC18 - Appointment Seoul using data driven" status="PASSED">
         <system-out><![CDATA[02-07-2024T17:17:33 - [TEST_CASE][PASSED] - Test Cases/TC18 - Appointment Seoul using data driven: Test Cases/TC18 - Appointment Seoul using data driven

02-07-2024T17:17:33 - [TEST_STEP][PASSED] - selectOptionByValue(findTestObject("1. CURA Test Object (Click, Set, Dropdown)/Facility"), facilityBook, true, CONTINUE_ON_FAILURE): All options with value 'Seoul CURA Healthcare Center' are selected in object 'Object Repository/1. CURA Test Object (Click, Set, Dropdown)/Facility'  using regular expression

02-07-2024T17:17:34 - [MESSAGE][PASSED] - All options with value 'Seoul CURA Healthcare Center' are selected in object 'Object Repository/1. CURA Test Object (Click, Set, Dropdown)/Facility'  using regular expression

02-07-2024T17:17:34 - [TEST_STEP][PASSED] - click(findTestObject("1. CURA Test Object (Click, Set, Dropdown)/Apply for Hospital Readmission")): Object: 'Object Repository/1. CURA Test Object (Click, Set, Dropdown)/Apply for Hospital Readmission' is clicked on

02-07-2024T17:17:35 - [MESSAGE][PASSED] - Object: 'Object Repository/1. CURA Test Object (Click, Set, Dropdown)/Apply for Hospital Readmission' is clicked on

02-07-2024T17:17:35 - [TEST_STEP][PASSED] - click(findTestObject("1. CURA Test Object (Click, Set, Dropdown)/Medicaid")): Object: 'Object Repository/1. CURA Test Object (Click, Set, Dropdown)/Medicaid' is clicked on

02-07-2024T17:17:35 - [MESSAGE][PASSED] - Object: 'Object Repository/1. CURA Test Object (Click, Set, Dropdown)/Medicaid' is clicked on

02-07-2024T17:17:35 - [TEST_STEP][PASSED] - click(findTestObject("1. CURA Test Object (Click, Set, Dropdown)/Visit Date")): Object: 'Object Repository/1. CURA Test Object (Click, Set, Dropdown)/Visit Date' is clicked on

02-07-2024T17:17:35 - [MESSAGE][WARNING] - [SELF-HEALING] Failed to find element with id 'Object Repository/1. CURA Test Object (Click, Set, Dropdown)/Visit Date'. Try using Self-healing.

02-07-2024T17:17:36 - [MESSAGE][WARNING] - [SELF-HEALING] The current locator of test object 'Object Repository/1. CURA Test Object (Click, Set, Dropdown)/Visit Date' was broken. Propose an alternative one: '//*[@id = 'txt_visit_date' and @name = 'visit_date' and @type = 'text' and @placeholder = 'dd/mm/yyyy']'.

02-07-2024T17:17:36 - [MESSAGE][PASSED] - Object: 'Object Repository/1. CURA Test Object (Click, Set, Dropdown)/Visit Date' is clicked on

02-07-2024T17:17:36 - [TEST_STEP][PASSED] - setText(findTestObject("1. CURA Test Object (Click, Set, Dropdown)/Visit Date"), visitDateBook): Text '12/07/2024' is set on object 'Object Repository/1. CURA Test Object (Click, Set, Dropdown)/Visit Date'

02-07-2024T17:17:36 - [MESSAGE][WARNING] - [SELF-HEALING] Failed to find element with id 'Object Repository/1. CURA Test Object (Click, Set, Dropdown)/Visit Date'. Try using Self-healing.

02-07-2024T17:17:36 - [MESSAGE][WARNING] - [SELF-HEALING] The current locator of test object 'Object Repository/1. CURA Test Object (Click, Set, Dropdown)/Visit Date' was broken. Propose an alternative one: '//*[@id = 'txt_visit_date' and @name = 'visit_date' and @type = 'text' and @placeholder = 'dd/mm/yyyy']'.

02-07-2024T17:17:37 - [MESSAGE][WARNING] - [SELF-HEALING] Failed to find element with id 'Object Repository/1. CURA Test Object (Click, Set, Dropdown)/Visit Date'. Try using Self-healing.

02-07-2024T17:17:37 - [MESSAGE][WARNING] - [SELF-HEALING] The current locator of test object 'Object Repository/1. CURA Test Object (Click, Set, Dropdown)/Visit Date' was broken. Propose an alternative one: '//*[@id = 'txt_visit_date' and @name = 'visit_date' and @type = 'text' and @placeholder = 'dd/mm/yyyy']'.

02-07-2024T17:17:37 - [MESSAGE][PASSED] - Text '12/07/2024' is set on object 'Object Repository/1. CURA Test Object (Click, Set, Dropdown)/Visit Date'

02-07-2024T17:17:37 - [TEST_STEP][PASSED] - setText(findTestObject("1. CURA Test Object (Click, Set, Dropdown)/Comment"), commentBook): Text 'At 9 AM with dr. Riyadi' is set on object 'Object Repository/1. CURA Test Object (Click, Set, Dropdown)/Comment'

02-07-2024T17:17:38 - [MESSAGE][PASSED] - Text 'At 9 AM with dr. Riyadi' is set on object 'Object Repository/1. CURA Test Object (Click, Set, Dropdown)/Comment'

02-07-2024T17:17:38 - [TEST_STEP][PASSED] - click(findTestObject("1. CURA Test Object (Click, Set, Dropdown)/Book Appointment")): Object: 'Object Repository/1. CURA Test Object (Click, Set, Dropdown)/Book Appointment' is clicked on

02-07-2024T17:17:39 - [MESSAGE][PASSED] - Object: 'Object Repository/1. CURA Test Object (Click, Set, Dropdown)/Book Appointment' is clicked on

02-07-2024T17:17:39 - [TEST_STEP][PASSED] - click(findTestObject("1. CURA Test Object (Click, Set, Dropdown)/Menu")): Object: 'Object Repository/1. CURA Test Object (Click, Set, Dropdown)/Menu' is clicked on

02-07-2024T17:17:39 - [MESSAGE][PASSED] - Object: 'Object Repository/1. CURA Test Object (Click, Set, Dropdown)/Menu' is clicked on

02-07-2024T17:17:39 - [TEST_STEP][PASSED] - click(findTestObject("1. CURA Test Object (Click, Set, Dropdown)/Home")): Object: 'Object Repository/1. CURA Test Object (Click, Set, Dropdown)/Home' is clicked on

02-07-2024T17:17:40 - [MESSAGE][PASSED] - Object: 'Object Repository/1. CURA Test Object (Click, Set, Dropdown)/Home' is clicked on

02-07-2024T17:17:40 - [TEST_STEP][PASSED] - click(findTestObject("1. CURA Test Object (Click, Set, Dropdown)/Make Appointment")): Object: 'Object Repository/1. CURA Test Object (Click, Set, Dropdown)/Make Appointment' is clicked on

02-07-2024T17:17:40 - [MESSAGE][PASSED] - Object: 'Object Repository/1. CURA Test Object (Click, Set, Dropdown)/Make Appointment' is clicked on]]></system-out>
         <system-err><![CDATA[]]></system-err>
      </testcase>
      <testcase name="Test Cases/TC18 - Appointment Seoul using data driven" time="7.829" classname="Test Cases/TC18 - Appointment Seoul using data driven" status="PASSED">
         <system-out><![CDATA[02-07-2024T17:17:40 - [TEST_CASE][PASSED] - Test Cases/TC18 - Appointment Seoul using data driven: Test Cases/TC18 - Appointment Seoul using data driven

02-07-2024T17:17:40 - [TEST_STEP][PASSED] - selectOptionByValue(findTestObject("1. CURA Test Object (Click, Set, Dropdown)/Facility"), facilityBook, true, CONTINUE_ON_FAILURE): All options with value 'Seoul CURA Healthcare Center' are selected in object 'Object Repository/1. CURA Test Object (Click, Set, Dropdown)/Facility'  using regular expression

02-07-2024T17:17:42 - [MESSAGE][PASSED] - All options with value 'Seoul CURA Healthcare Center' are selected in object 'Object Repository/1. CURA Test Object (Click, Set, Dropdown)/Facility'  using regular expression

02-07-2024T17:17:42 - [TEST_STEP][PASSED] - click(findTestObject("1. CURA Test Object (Click, Set, Dropdown)/Apply for Hospital Readmission")): Object: 'Object Repository/1. CURA Test Object (Click, Set, Dropdown)/Apply for Hospital Readmission' is clicked on

02-07-2024T17:17:42 - [MESSAGE][PASSED] - Object: 'Object Repository/1. CURA Test Object (Click, Set, Dropdown)/Apply for Hospital Readmission' is clicked on

02-07-2024T17:17:42 - [TEST_STEP][PASSED] - click(findTestObject("1. CURA Test Object (Click, Set, Dropdown)/Medicaid")): Object: 'Object Repository/1. CURA Test Object (Click, Set, Dropdown)/Medicaid' is clicked on

02-07-2024T17:17:42 - [MESSAGE][PASSED] - Object: 'Object Repository/1. CURA Test Object (Click, Set, Dropdown)/Medicaid' is clicked on

02-07-2024T17:17:42 - [TEST_STEP][PASSED] - click(findTestObject("1. CURA Test Object (Click, Set, Dropdown)/Visit Date")): Object: 'Object Repository/1. CURA Test Object (Click, Set, Dropdown)/Visit Date' is clicked on

02-07-2024T17:17:43 - [MESSAGE][WARNING] - [SELF-HEALING] Failed to find element with id 'Object Repository/1. CURA Test Object (Click, Set, Dropdown)/Visit Date'. Try using Self-healing.

02-07-2024T17:17:43 - [MESSAGE][WARNING] - [SELF-HEALING] The current locator of test object 'Object Repository/1. CURA Test Object (Click, Set, Dropdown)/Visit Date' was broken. Propose an alternative one: '//*[@id = 'txt_visit_date' and @name = 'visit_date' and @type = 'text' and @placeholder = 'dd/mm/yyyy']'.

02-07-2024T17:17:43 - [MESSAGE][PASSED] - Object: 'Object Repository/1. CURA Test Object (Click, Set, Dropdown)/Visit Date' is clicked on

02-07-2024T17:17:43 - [TEST_STEP][PASSED] - setText(findTestObject("1. CURA Test Object (Click, Set, Dropdown)/Visit Date"), visitDateBook): Text '02/08/2024' is set on object 'Object Repository/1. CURA Test Object (Click, Set, Dropdown)/Visit Date'

02-07-2024T17:17:44 - [MESSAGE][WARNING] - [SELF-HEALING] Failed to find element with id 'Object Repository/1. CURA Test Object (Click, Set, Dropdown)/Visit Date'. Try using Self-healing.

02-07-2024T17:17:44 - [MESSAGE][WARNING] - [SELF-HEALING] The current locator of test object 'Object Repository/1. CURA Test Object (Click, Set, Dropdown)/Visit Date' was broken. Propose an alternative one: '//*[@id = 'txt_visit_date' and @name = 'visit_date' and @type = 'text' and @placeholder = 'dd/mm/yyyy']'.

02-07-2024T17:17:44 - [MESSAGE][WARNING] - [SELF-HEALING] Failed to find element with id 'Object Repository/1. CURA Test Object (Click, Set, Dropdown)/Visit Date'. Try using Self-healing.

02-07-2024T17:17:45 - [MESSAGE][WARNING] - [SELF-HEALING] The current locator of test object 'Object Repository/1. CURA Test Object (Click, Set, Dropdown)/Visit Date' was broken. Propose an alternative one: '//*[@id = 'txt_visit_date' and @name = 'visit_date' and @type = 'text' and @placeholder = 'dd/mm/yyyy']'.

02-07-2024T17:17:45 - [MESSAGE][PASSED] - Text '02/08/2024' is set on object 'Object Repository/1. CURA Test Object (Click, Set, Dropdown)/Visit Date'

02-07-2024T17:17:45 - [TEST_STEP][PASSED] - setText(findTestObject("1. CURA Test Object (Click, Set, Dropdown)/Comment"), commentBook): Text 'At 7 PM with dr. Abrar' is set on object 'Object Repository/1. CURA Test Object (Click, Set, Dropdown)/Comment'

02-07-2024T17:17:46 - [MESSAGE][PASSED] - Text 'At 7 PM with dr. Abrar' is set on object 'Object Repository/1. CURA Test Object (Click, Set, Dropdown)/Comment'

02-07-2024T17:17:46 - [TEST_STEP][PASSED] - click(findTestObject("1. CURA Test Object (Click, Set, Dropdown)/Book Appointment")): Object: 'Object Repository/1. CURA Test Object (Click, Set, Dropdown)/Book Appointment' is clicked on

02-07-2024T17:17:46 - [MESSAGE][PASSED] - Object: 'Object Repository/1. CURA Test Object (Click, Set, Dropdown)/Book Appointment' is clicked on

02-07-2024T17:17:46 - [TEST_STEP][PASSED] - click(findTestObject("1. CURA Test Object (Click, Set, Dropdown)/Menu")): Object: 'Object Repository/1. CURA Test Object (Click, Set, Dropdown)/Menu' is clicked on

02-07-2024T17:17:47 - [MESSAGE][PASSED] - Object: 'Object Repository/1. CURA Test Object (Click, Set, Dropdown)/Menu' is clicked on

02-07-2024T17:17:47 - [TEST_STEP][PASSED] - click(findTestObject("1. CURA Test Object (Click, Set, Dropdown)/Home")): Object: 'Object Repository/1. CURA Test Object (Click, Set, Dropdown)/Home' is clicked on

02-07-2024T17:17:48 - [MESSAGE][PASSED] - Object: 'Object Repository/1. CURA Test Object (Click, Set, Dropdown)/Home' is clicked on

02-07-2024T17:17:48 - [TEST_STEP][PASSED] - click(findTestObject("1. CURA Test Object (Click, Set, Dropdown)/Make Appointment")): Object: 'Object Repository/1. CURA Test Object (Click, Set, Dropdown)/Make Appointment' is clicked on

02-07-2024T17:17:48 - [MESSAGE][PASSED] - Object: 'Object Repository/1. CURA Test Object (Click, Set, Dropdown)/Make Appointment' is clicked on]]></system-out>
         <system-err><![CDATA[]]></system-err>
      </testcase>
      <testcase name="Test Cases/TC18 - Appointment Seoul using data driven" time="7.949" classname="Test Cases/TC18 - Appointment Seoul using data driven" status="PASSED">
         <system-out><![CDATA[02-07-2024T17:17:48 - [TEST_CASE][PASSED] - Test Cases/TC18 - Appointment Seoul using data driven: Test Cases/TC18 - Appointment Seoul using data driven

02-07-2024T17:17:48 - [TEST_STEP][PASSED] - selectOptionByValue(findTestObject("1. CURA Test Object (Click, Set, Dropdown)/Facility"), facilityBook, true, CONTINUE_ON_FAILURE): All options with value 'Seoul CURA Healthcare Center' are selected in object 'Object Repository/1. CURA Test Object (Click, Set, Dropdown)/Facility'  using regular expression

02-07-2024T17:17:50 - [MESSAGE][PASSED] - All options with value 'Seoul CURA Healthcare Center' are selected in object 'Object Repository/1. CURA Test Object (Click, Set, Dropdown)/Facility'  using regular expression

02-07-2024T17:17:50 - [TEST_STEP][PASSED] - click(findTestObject("1. CURA Test Object (Click, Set, Dropdown)/Apply for Hospital Readmission")): Object: 'Object Repository/1. CURA Test Object (Click, Set, Dropdown)/Apply for Hospital Readmission' is clicked on

02-07-2024T17:17:50 - [MESSAGE][PASSED] - Object: 'Object Repository/1. CURA Test Object (Click, Set, Dropdown)/Apply for Hospital Readmission' is clicked on

02-07-2024T17:17:50 - [TEST_STEP][PASSED] - click(findTestObject("1. CURA Test Object (Click, Set, Dropdown)/Medicaid")): Object: 'Object Repository/1. CURA Test Object (Click, Set, Dropdown)/Medicaid' is clicked on

02-07-2024T17:17:50 - [MESSAGE][PASSED] - Object: 'Object Repository/1. CURA Test Object (Click, Set, Dropdown)/Medicaid' is clicked on

02-07-2024T17:17:50 - [TEST_STEP][PASSED] - click(findTestObject("1. CURA Test Object (Click, Set, Dropdown)/Visit Date")): Object: 'Object Repository/1. CURA Test Object (Click, Set, Dropdown)/Visit Date' is clicked on

02-07-2024T17:17:51 - [MESSAGE][WARNING] - [SELF-HEALING] Failed to find element with id 'Object Repository/1. CURA Test Object (Click, Set, Dropdown)/Visit Date'. Try using Self-healing.

02-07-2024T17:17:51 - [MESSAGE][WARNING] - [SELF-HEALING] The current locator of test object 'Object Repository/1. CURA Test Object (Click, Set, Dropdown)/Visit Date' was broken. Propose an alternative one: '//*[@id = 'txt_visit_date' and @name = 'visit_date' and @type = 'text' and @placeholder = 'dd/mm/yyyy']'.

02-07-2024T17:17:51 - [MESSAGE][PASSED] - Object: 'Object Repository/1. CURA Test Object (Click, Set, Dropdown)/Visit Date' is clicked on

02-07-2024T17:17:51 - [TEST_STEP][PASSED] - setText(findTestObject("1. CURA Test Object (Click, Set, Dropdown)/Visit Date"), visitDateBook): Text '09/10/2024' is set on object 'Object Repository/1. CURA Test Object (Click, Set, Dropdown)/Visit Date'

02-07-2024T17:17:52 - [MESSAGE][WARNING] - [SELF-HEALING] Failed to find element with id 'Object Repository/1. CURA Test Object (Click, Set, Dropdown)/Visit Date'. Try using Self-healing.

02-07-2024T17:17:52 - [MESSAGE][WARNING] - [SELF-HEALING] The current locator of test object 'Object Repository/1. CURA Test Object (Click, Set, Dropdown)/Visit Date' was broken. Propose an alternative one: '//*[@id = 'txt_visit_date' and @name = 'visit_date' and @type = 'text' and @placeholder = 'dd/mm/yyyy']'.

02-07-2024T17:17:52 - [MESSAGE][WARNING] - [SELF-HEALING] Failed to find element with id 'Object Repository/1. CURA Test Object (Click, Set, Dropdown)/Visit Date'. Try using Self-healing.

02-07-2024T17:17:53 - [MESSAGE][WARNING] - [SELF-HEALING] The current locator of test object 'Object Repository/1. CURA Test Object (Click, Set, Dropdown)/Visit Date' was broken. Propose an alternative one: '//*[@id = 'txt_visit_date' and @name = 'visit_date' and @type = 'text' and @placeholder = 'dd/mm/yyyy']'.

02-07-2024T17:17:53 - [MESSAGE][PASSED] - Text '09/10/2024' is set on object 'Object Repository/1. CURA Test Object (Click, Set, Dropdown)/Visit Date'

02-07-2024T17:17:53 - [TEST_STEP][PASSED] - setText(findTestObject("1. CURA Test Object (Click, Set, Dropdown)/Comment"), commentBook): Text 'At 11 AM with dr. Andin' is set on object 'Object Repository/1. CURA Test Object (Click, Set, Dropdown)/Comment'

02-07-2024T17:17:54 - [MESSAGE][PASSED] - Text 'At 11 AM with dr. Andin' is set on object 'Object Repository/1. CURA Test Object (Click, Set, Dropdown)/Comment'

02-07-2024T17:17:54 - [TEST_STEP][PASSED] - click(findTestObject("1. CURA Test Object (Click, Set, Dropdown)/Book Appointment")): Object: 'Object Repository/1. CURA Test Object (Click, Set, Dropdown)/Book Appointment' is clicked on

02-07-2024T17:17:54 - [MESSAGE][PASSED] - Object: 'Object Repository/1. CURA Test Object (Click, Set, Dropdown)/Book Appointment' is clicked on

02-07-2024T17:17:54 - [TEST_STEP][PASSED] - click(findTestObject("1. CURA Test Object (Click, Set, Dropdown)/Menu")): Object: 'Object Repository/1. CURA Test Object (Click, Set, Dropdown)/Menu' is clicked on

02-07-2024T17:17:55 - [MESSAGE][PASSED] - Object: 'Object Repository/1. CURA Test Object (Click, Set, Dropdown)/Menu' is clicked on

02-07-2024T17:17:55 - [TEST_STEP][PASSED] - click(findTestObject("1. CURA Test Object (Click, Set, Dropdown)/Home")): Object: 'Object Repository/1. CURA Test Object (Click, Set, Dropdown)/Home' is clicked on

02-07-2024T17:17:56 - [MESSAGE][PASSED] - Object: 'Object Repository/1. CURA Test Object (Click, Set, Dropdown)/Home' is clicked on

02-07-2024T17:17:56 - [TEST_STEP][PASSED] - click(findTestObject("1. CURA Test Object (Click, Set, Dropdown)/Make Appointment")): Object: 'Object Repository/1. CURA Test Object (Click, Set, Dropdown)/Make Appointment' is clicked on

02-07-2024T17:17:56 - [MESSAGE][PASSED] - Object: 'Object Repository/1. CURA Test Object (Click, Set, Dropdown)/Make Appointment' is clicked on]]></system-out>
         <system-err><![CDATA[]]></system-err>
      </testcase>
      <testcase name="Test Cases/TC18 - Appointment Seoul using data driven" time="8.139" classname="Test Cases/TC18 - Appointment Seoul using data driven" status="PASSED">
         <system-out><![CDATA[02-07-2024T17:17:56 - [TEST_CASE][PASSED] - Test Cases/TC18 - Appointment Seoul using data driven: Test Cases/TC18 - Appointment Seoul using data driven

02-07-2024T17:17:56 - [TEST_STEP][PASSED] - selectOptionByValue(findTestObject("1. CURA Test Object (Click, Set, Dropdown)/Facility"), facilityBook, true, CONTINUE_ON_FAILURE): All options with value 'Seoul CURA Healthcare Center' are selected in object 'Object Repository/1. CURA Test Object (Click, Set, Dropdown)/Facility'  using regular expression

02-07-2024T17:17:58 - [MESSAGE][PASSED] - All options with value 'Seoul CURA Healthcare Center' are selected in object 'Object Repository/1. CURA Test Object (Click, Set, Dropdown)/Facility'  using regular expression

02-07-2024T17:17:58 - [TEST_STEP][PASSED] - click(findTestObject("1. CURA Test Object (Click, Set, Dropdown)/Apply for Hospital Readmission")): Object: 'Object Repository/1. CURA Test Object (Click, Set, Dropdown)/Apply for Hospital Readmission' is clicked on

02-07-2024T17:17:58 - [MESSAGE][PASSED] - Object: 'Object Repository/1. CURA Test Object (Click, Set, Dropdown)/Apply for Hospital Readmission' is clicked on

02-07-2024T17:17:58 - [TEST_STEP][PASSED] - click(findTestObject("1. CURA Test Object (Click, Set, Dropdown)/Medicaid")): Object: 'Object Repository/1. CURA Test Object (Click, Set, Dropdown)/Medicaid' is clicked on

02-07-2024T17:17:58 - [MESSAGE][PASSED] - Object: 'Object Repository/1. CURA Test Object (Click, Set, Dropdown)/Medicaid' is clicked on

02-07-2024T17:17:58 - [TEST_STEP][PASSED] - click(findTestObject("1. CURA Test Object (Click, Set, Dropdown)/Visit Date")): Object: 'Object Repository/1. CURA Test Object (Click, Set, Dropdown)/Visit Date' is clicked on

02-07-2024T17:17:59 - [MESSAGE][WARNING] - [SELF-HEALING] Failed to find element with id 'Object Repository/1. CURA Test Object (Click, Set, Dropdown)/Visit Date'. Try using Self-healing.

02-07-2024T17:17:59 - [MESSAGE][WARNING] - [SELF-HEALING] The current locator of test object 'Object Repository/1. CURA Test Object (Click, Set, Dropdown)/Visit Date' was broken. Propose an alternative one: '//*[@id = 'txt_visit_date' and @name = 'visit_date' and @type = 'text' and @placeholder = 'dd/mm/yyyy']'.

02-07-2024T17:17:59 - [MESSAGE][PASSED] - Object: 'Object Repository/1. CURA Test Object (Click, Set, Dropdown)/Visit Date' is clicked on

02-07-2024T17:17:59 - [TEST_STEP][PASSED] - setText(findTestObject("1. CURA Test Object (Click, Set, Dropdown)/Visit Date"), visitDateBook): Text '11/09/2027' is set on object 'Object Repository/1. CURA Test Object (Click, Set, Dropdown)/Visit Date'

02-07-2024T17:18:00 - [MESSAGE][WARNING] - [SELF-HEALING] Failed to find element with id 'Object Repository/1. CURA Test Object (Click, Set, Dropdown)/Visit Date'. Try using Self-healing.

02-07-2024T17:18:00 - [MESSAGE][WARNING] - [SELF-HEALING] The current locator of test object 'Object Repository/1. CURA Test Object (Click, Set, Dropdown)/Visit Date' was broken. Propose an alternative one: '//*[@id = 'txt_visit_date' and @name = 'visit_date' and @type = 'text' and @placeholder = 'dd/mm/yyyy']'.

02-07-2024T17:18:00 - [MESSAGE][WARNING] - [SELF-HEALING] Failed to find element with id 'Object Repository/1. CURA Test Object (Click, Set, Dropdown)/Visit Date'. Try using Self-healing.

02-07-2024T17:18:00 - [MESSAGE][WARNING] - [SELF-HEALING] The current locator of test object 'Object Repository/1. CURA Test Object (Click, Set, Dropdown)/Visit Date' was broken. Propose an alternative one: '//*[@id = 'txt_visit_date' and @name = 'visit_date' and @type = 'text' and @placeholder = 'dd/mm/yyyy']'.

02-07-2024T17:18:01 - [MESSAGE][PASSED] - Text '11/09/2027' is set on object 'Object Repository/1. CURA Test Object (Click, Set, Dropdown)/Visit Date'

02-07-2024T17:18:01 - [TEST_STEP][PASSED] - setText(findTestObject("1. CURA Test Object (Click, Set, Dropdown)/Comment"), commentBook): Text 'At 8 AM with dr. Diki' is set on object 'Object Repository/1. CURA Test Object (Click, Set, Dropdown)/Comment'

02-07-2024T17:18:02 - [MESSAGE][PASSED] - Text 'At 8 AM with dr. Diki' is set on object 'Object Repository/1. CURA Test Object (Click, Set, Dropdown)/Comment'

02-07-2024T17:18:02 - [TEST_STEP][PASSED] - click(findTestObject("1. CURA Test Object (Click, Set, Dropdown)/Book Appointment")): Object: 'Object Repository/1. CURA Test Object (Click, Set, Dropdown)/Book Appointment' is clicked on

02-07-2024T17:18:02 - [MESSAGE][PASSED] - Object: 'Object Repository/1. CURA Test Object (Click, Set, Dropdown)/Book Appointment' is clicked on

02-07-2024T17:18:02 - [TEST_STEP][PASSED] - click(findTestObject("1. CURA Test Object (Click, Set, Dropdown)/Menu")): Object: 'Object Repository/1. CURA Test Object (Click, Set, Dropdown)/Menu' is clicked on

02-07-2024T17:18:03 - [MESSAGE][PASSED] - Object: 'Object Repository/1. CURA Test Object (Click, Set, Dropdown)/Menu' is clicked on

02-07-2024T17:18:03 - [TEST_STEP][PASSED] - click(findTestObject("1. CURA Test Object (Click, Set, Dropdown)/Home")): Object: 'Object Repository/1. CURA Test Object (Click, Set, Dropdown)/Home' is clicked on

02-07-2024T17:18:04 - [MESSAGE][PASSED] - Object: 'Object Repository/1. CURA Test Object (Click, Set, Dropdown)/Home' is clicked on

02-07-2024T17:18:04 - [TEST_STEP][PASSED] - click(findTestObject("1. CURA Test Object (Click, Set, Dropdown)/Make Appointment")): Object: 'Object Repository/1. CURA Test Object (Click, Set, Dropdown)/Make Appointment' is clicked on

02-07-2024T17:18:04 - [MESSAGE][PASSED] - Object: 'Object Repository/1. CURA Test Object (Click, Set, Dropdown)/Make Appointment' is clicked on]]></system-out>
         <system-err><![CDATA[]]></system-err>
      </testcase>
      <testcase name="Test Cases/Test Case Properties/TCP03 - Logout" time="2.438" classname="Test Cases/Test Case Properties/TCP03 - Logout" status="PASSED">
         <system-out><![CDATA[02-07-2024T17:18:04 - [TEST_CASE][PASSED] - Test Cases/Test Case Properties/TCP03 - Logout: Test Cases/Test Case Properties/TCP03 - Logout

02-07-2024T17:18:04 - [TEST_STEP][PASSED] - verifyElementText(findTestObject("2. CURA Test Object (Verify parameter)/Make Appointment Text"), "Make Appointment"): Actual text and expected text of test object 'Object Repository/2. CURA Test Object (Verify parameter)/Make Appointment Text' are matched.

02-07-2024T17:18:05 - [MESSAGE][PASSED] - Actual text and expected text of test object 'Object Repository/2. CURA Test Object (Verify parameter)/Make Appointment Text' are matched.

02-07-2024T17:18:05 - [TEST_STEP][PASSED] - click(findTestObject("1. CURA Test Object (Click, Set, Dropdown)/Menu")): Object: 'Object Repository/1. CURA Test Object (Click, Set, Dropdown)/Menu' is clicked on

02-07-2024T17:18:05 - [MESSAGE][PASSED] - Object: 'Object Repository/1. CURA Test Object (Click, Set, Dropdown)/Menu' is clicked on

02-07-2024T17:18:05 - [TEST_STEP][PASSED] - click(findTestObject("1. CURA Test Object (Click, Set, Dropdown)/Logout")): Object: 'Object Repository/1. CURA Test Object (Click, Set, Dropdown)/Logout' is clicked on

02-07-2024T17:18:06 - [MESSAGE][PASSED] - Object: 'Object Repository/1. CURA Test Object (Click, Set, Dropdown)/Logout' is clicked on

02-07-2024T17:18:06 - [TEST_STEP][PASSED] - closeBrowser(): Browser is closed

02-07-2024T17:18:07 - [MESSAGE][PASSED] - Browser is closed]]></system-out>
         <system-err><![CDATA[]]></system-err>
      </testcase>
      <system-out><![CDATA[02-07-2024T17:17:23 - [TEST_SUITE][PASSED] - TS10 - Seoul appointment using data driven: Test Cases/Test Case Properties/TCP03 - Logout]]></system-out>
      <system-err><![CDATA[]]></system-err>
   </testsuite>
</testsuites>
