<?xml version="1.0" encoding="UTF-8"?>
<testsuites name="DTS03 - Script using StudioAssist" time="25.365" tests="5" failures="0" errors="0">
   <testsuite name="DTS03 - Script using StudioAssist" tests="5" failures="0" errors="0" time="25.365" skipped="0" timestamp="13-07-2024T21:55:18" hostname="Lenovo - LAPTOP-7QB5JFLU" id="Test Suites/CURA Test suites/DTS03 - Script using StudioAssist">
      <properties>
         <property name="deviceName" value=""/>
         <property name="devicePlatform"/>
         <property name="logFolder" value="C:\\Users\\Lenovo\\git\\KatalonPractitionerLevel\\Reports\\20240713_215509\\CURA Test suites\\DTS03 - Script using StudioAssist\\20240713_215510"/>
         <property name="logFiles" value="C:\\Users\\Lenovo\\git\\KatalonPractitionerLevel\\Reports\\20240713_215509\\CURA Test suites\\DTS03 - Script using StudioAssist\\20240713_215510\\execution0.log"/>
         <property name="attachments" value=""/>
         <property name="hostName" value="Lenovo - LAPTOP-7QB5JFLU"/>
         <property name="os" value="Windows 11 64bit"/>
         <property name="katalonVersion" value="9.6.0.217"/>
         <property name="browser" value="Chrome 126.0.0.0"/>
         <property name="hostAddress" value="192.168.1.12"/>
         <property name="sessionId" value="ebe447ba00f2df8e1a35396bc113aae0"/>
         <property name="seleniumVersion" value="3.141.59"/>
         <property name="proxyInformation" value="ProxyInformation { proxyOption=NO_PROXY, proxyServerType=HTTP, username=, password=********, proxyServerAddress=, proxyServerPort=0, executionList=&quot;&quot;, isApplyToDesiredCapabilities=true }"/>
         <property name="platform" value="Windows 11"/>
      </properties>
      <testcase name="Test Cases/CURA Web Test/TC21 - Login using StudioAssist" time="9.064" classname="Test Cases/CURA Web Test/TC21 - Login using StudioAssist" status="PASSED">
         <system-out><![CDATA[13-07-2024T21:55:18 - [TEST_CASE][PASSED] - Test Cases/CURA Web Test/TC21 - Login using StudioAssist: Test Cases/CURA Web Test/TC21 - Login using StudioAssist

13-07-2024T21:55:18 - [TEST_STEP][PASSED] - openBrowser(""): Browser is opened with url: ''

13-07-2024T21:55:18 - [MESSAGE][INFO] - Starting 'Chrome' driver

13-07-2024T21:55:18 - [MESSAGE][INFO] - Action delay is set to 0 milliseconds

13-07-2024T21:55:19 - [MESSAGE][PASSED] - Browser is opened with url: ''

13-07-2024T21:55:19 - [TEST_STEP][PASSED] - navigateToUrl("https://katalon-demo-cura.herokuapp.com/"): Navigate to 'https://katalon-demo-cura.herokuapp.com/' successfully

13-07-2024T21:55:23 - [MESSAGE][PASSED] - Navigate to 'https://katalon-demo-cura.herokuapp.com/' successfully

13-07-2024T21:55:23 - [TEST_STEP][PASSED] - click(findTestObject("1. CURA Object button/Make Appointment")): Object: 'Object Repository/1. CURA Object button/Make Appointment' is clicked on

13-07-2024T21:55:24 - [MESSAGE][PASSED] - Object: 'Object Repository/1. CURA Object button/Make Appointment' is clicked on

13-07-2024T21:55:24 - [TEST_STEP][PASSED] - setText(findTestObject("1. CURA Object button/Username"), username): Text 'John Doe' is set on object 'Object Repository/1. CURA Object button/Username'

13-07-2024T21:55:25 - [MESSAGE][PASSED] - Text 'John Doe' is set on object 'Object Repository/1. CURA Object button/Username'

13-07-2024T21:55:25 - [TEST_STEP][PASSED] - setText(findTestObject("1. CURA Object button/Password"), password): Text 'ThisIsNotAPassword' is set on object 'Object Repository/1. CURA Object button/Password'

13-07-2024T21:55:25 - [MESSAGE][PASSED] - Text 'ThisIsNotAPassword' is set on object 'Object Repository/1. CURA Object button/Password'

13-07-2024T21:55:25 - [TEST_STEP][PASSED] - click(findTestObject("1. CURA Object button/Login Button")): Object: 'Object Repository/1. CURA Object button/Login Button' is clicked on

13-07-2024T21:55:26 - [MESSAGE][PASSED] - Object: 'Object Repository/1. CURA Object button/Login Button' is clicked on

13-07-2024T21:55:26 - [TEST_STEP][PASSED] - verifyElementText(findTestObject("2. CURA Object Text/Make Appointment"), "Make Appointment"): Actual text and expected text of test object 'Object Repository/2. CURA Object Text/Make Appointment' are matched.

13-07-2024T21:55:27 - [MESSAGE][PASSED] - Actual text and expected text of test object 'Object Repository/2. CURA Object Text/Make Appointment' are matched.]]></system-out>
         <system-err><![CDATA[]]></system-err>
      </testcase>
      <testcase name="Test Cases/CURA Web Test/TC22 - Hongkong appointment using StudioAssist" time="5.33" classname="Test Cases/CURA Web Test/TC22 - Hongkong appointment using StudioAssist" status="PASSED">
         <system-out><![CDATA[13-07-2024T21:55:27 - [TEST_CASE][PASSED] - Test Cases/CURA Web Test/TC22 - Hongkong appointment using StudioAssist: Test Cases/CURA Web Test/TC22 - Hongkong appointment using StudioAssist

13-07-2024T21:55:27 - [TEST_STEP][PASSED] - verifyElementText(findTestObject("2. CURA Object Text/Make Appointment"), "Make Appointment"): Actual text and expected text of test object 'Object Repository/2. CURA Object Text/Make Appointment' are matched.

13-07-2024T21:55:27 - [MESSAGE][PASSED] - Actual text and expected text of test object 'Object Repository/2. CURA Object Text/Make Appointment' are matched.

13-07-2024T21:55:27 - [TEST_STEP][PASSED] - selectOptionByValue(findTestObject("1. CURA Object button/Facility"), "Hongkong CURA Healthcare Center", true): All options with value 'Hongkong CURA Healthcare Center' are selected in object 'Object Repository/1. CURA Object button/Facility'  using regular expression

13-07-2024T21:55:28 - [MESSAGE][PASSED] - All options with value 'Hongkong CURA Healthcare Center' are selected in object 'Object Repository/1. CURA Object button/Facility'  using regular expression

13-07-2024T21:55:28 - [TEST_STEP][PASSED] - click(findTestObject("1. CURA Object button/Hospital Readmission")): Object: 'Object Repository/1. CURA Object button/Hospital Readmission' is clicked on

13-07-2024T21:55:28 - [MESSAGE][PASSED] - Object: 'Object Repository/1. CURA Object button/Hospital Readmission' is clicked on

13-07-2024T21:55:28 - [TEST_STEP][PASSED] - click(findTestObject("1. CURA Object button/None")): Object: 'Object Repository/1. CURA Object button/None' is clicked on

13-07-2024T21:55:29 - [MESSAGE][PASSED] - Object: 'Object Repository/1. CURA Object button/None' is clicked on

13-07-2024T21:55:29 - [TEST_STEP][PASSED] - setText(findTestObject("1. CURA Object button/Visit Date"), "02/07/2025"): Text '02/07/2025' is set on object 'Object Repository/1. CURA Object button/Visit Date'

13-07-2024T21:55:29 - [MESSAGE][PASSED] - Text '02/07/2025' is set on object 'Object Repository/1. CURA Object button/Visit Date'

13-07-2024T21:55:29 - [TEST_STEP][PASSED] - setText(findTestObject("1. CURA Object button/Comment"), "Meet dr. Alexandra Abraham"): Text 'Meet dr. Alexandra Abraham' is set on object 'Object Repository/1. CURA Object button/Comment'

13-07-2024T21:55:30 - [MESSAGE][PASSED] - Text 'Meet dr. Alexandra Abraham' is set on object 'Object Repository/1. CURA Object button/Comment'

13-07-2024T21:55:30 - [TEST_STEP][PASSED] - click(findTestObject("1. CURA Object button/Book Appointment")): Object: 'Object Repository/1. CURA Object button/Book Appointment' is clicked on

13-07-2024T21:55:31 - [MESSAGE][PASSED] - Object: 'Object Repository/1. CURA Object button/Book Appointment' is clicked on

13-07-2024T21:55:31 - [TEST_STEP][PASSED] - click(findTestObject("1. CURA Object button/Menu")): Object: 'Object Repository/1. CURA Object button/Menu' is clicked on

13-07-2024T21:55:31 - [MESSAGE][PASSED] - Object: 'Object Repository/1. CURA Object button/Menu' is clicked on

13-07-2024T21:55:31 - [TEST_STEP][PASSED] - click(findTestObject("1. CURA Object button/Home")): Object: 'Object Repository/1. CURA Object button/Home' is clicked on

13-07-2024T21:55:32 - [MESSAGE][PASSED] - Object: 'Object Repository/1. CURA Object button/Home' is clicked on

13-07-2024T21:55:32 - [TEST_STEP][PASSED] - click(findTestObject("1. CURA Object button/Make Appointment")): Object: 'Object Repository/1. CURA Object button/Make Appointment' is clicked on

13-07-2024T21:55:32 - [MESSAGE][PASSED] - Object: 'Object Repository/1. CURA Object button/Make Appointment' is clicked on]]></system-out>
         <system-err><![CDATA[]]></system-err>
      </testcase>
      <testcase name="Test Cases/CURA Web Test/TC23 - Seoul appointment using StudioAssist" time="5.28" classname="Test Cases/CURA Web Test/TC23 - Seoul appointment using StudioAssist" status="PASSED">
         <system-out><![CDATA[13-07-2024T21:55:32 - [TEST_CASE][PASSED] - Test Cases/CURA Web Test/TC23 - Seoul appointment using StudioAssist: Test Cases/CURA Web Test/TC23 - Seoul appointment using StudioAssist

13-07-2024T21:55:32 - [TEST_STEP][PASSED] - selectOptionByValue(findTestObject("1. CURA Object button/Facility"), "Seoul CURA Healthcare Center", true): All options with value 'Seoul CURA Healthcare Center' are selected in object 'Object Repository/1. CURA Object button/Facility'  using regular expression

13-07-2024T21:55:33 - [MESSAGE][PASSED] - All options with value 'Seoul CURA Healthcare Center' are selected in object 'Object Repository/1. CURA Object button/Facility'  using regular expression

13-07-2024T21:55:33 - [TEST_STEP][PASSED] - click(findTestObject("1. CURA Object button/Hospital Readmission")): Object: 'Object Repository/1. CURA Object button/Hospital Readmission' is clicked on

13-07-2024T21:55:34 - [MESSAGE][PASSED] - Object: 'Object Repository/1. CURA Object button/Hospital Readmission' is clicked on

13-07-2024T21:55:34 - [TEST_STEP][PASSED] - click(findTestObject("1. CURA Object button/Medicare")): Object: 'Object Repository/1. CURA Object button/Medicare' is clicked on

13-07-2024T21:55:34 - [MESSAGE][PASSED] - Object: 'Object Repository/1. CURA Object button/Medicare' is clicked on

13-07-2024T21:55:34 - [TEST_STEP][PASSED] - setText(findTestObject("1. CURA Object button/Visit Date"), "05/08/2024"): Text '05/08/2024' is set on object 'Object Repository/1. CURA Object button/Visit Date'

13-07-2024T21:55:35 - [MESSAGE][PASSED] - Text '05/08/2024' is set on object 'Object Repository/1. CURA Object button/Visit Date'

13-07-2024T21:55:35 - [TEST_STEP][PASSED] - setText(findTestObject("1. CURA Object button/Comment"), "I wanna reschedule to 06 August 2024"): Text 'I wanna reschedule to 06 August 2024' is set on object 'Object Repository/1. CURA Object button/Comment'

13-07-2024T21:55:36 - [MESSAGE][PASSED] - Text 'I wanna reschedule to 06 August 2024' is set on object 'Object Repository/1. CURA Object button/Comment'

13-07-2024T21:55:36 - [TEST_STEP][PASSED] - click(findTestObject("1. CURA Object button/Book Appointment")): Object: 'Object Repository/1. CURA Object button/Book Appointment' is clicked on

13-07-2024T21:55:36 - [MESSAGE][PASSED] - Object: 'Object Repository/1. CURA Object button/Book Appointment' is clicked on

13-07-2024T21:55:36 - [TEST_STEP][PASSED] - click(findTestObject("1. CURA Object button/Menu")): Object: 'Object Repository/1. CURA Object button/Menu' is clicked on

13-07-2024T21:55:37 - [MESSAGE][PASSED] - Object: 'Object Repository/1. CURA Object button/Menu' is clicked on

13-07-2024T21:55:37 - [TEST_STEP][PASSED] - click(findTestObject("1. CURA Object button/Home")): Object: 'Object Repository/1. CURA Object button/Home' is clicked on

13-07-2024T21:55:37 - [MESSAGE][PASSED] - Object: 'Object Repository/1. CURA Object button/Home' is clicked on

13-07-2024T21:55:37 - [TEST_STEP][PASSED] - click(findTestObject("1. CURA Object button/Make Appointment")): Object: 'Object Repository/1. CURA Object button/Make Appointment' is clicked on

13-07-2024T21:55:37 - [MESSAGE][PASSED] - Object: 'Object Repository/1. CURA Object button/Make Appointment' is clicked on]]></system-out>
         <system-err><![CDATA[]]></system-err>
      </testcase>
      <testcase name="Test Cases/CURA Web Test/TC24 - Tokyo appointment using StudioAssist" time="4.005" classname="Test Cases/CURA Web Test/TC24 - Tokyo appointment using StudioAssist" status="PASSED">
         <system-out><![CDATA[13-07-2024T21:55:37 - [TEST_CASE][PASSED] - Test Cases/CURA Web Test/TC24 - Tokyo appointment using StudioAssist: Test Cases/CURA Web Test/TC24 - Tokyo appointment using StudioAssist

13-07-2024T21:55:37 - [TEST_STEP][PASSED] - selectOptionByValue(findTestObject("1. CURA Object button/Facility"), "Tokyo CURA Healthcare Center", true): All options with value 'Tokyo CURA Healthcare Center' are selected in object 'Object Repository/1. CURA Object button/Facility'  using regular expression

13-07-2024T21:55:39 - [MESSAGE][PASSED] - All options with value 'Tokyo CURA Healthcare Center' are selected in object 'Object Repository/1. CURA Object button/Facility'  using regular expression

13-07-2024T21:55:39 - [TEST_STEP][PASSED] - click(findTestObject("1. CURA Object button/Medicaid")): Object: 'Object Repository/1. CURA Object button/Medicaid' is clicked on

13-07-2024T21:55:39 - [MESSAGE][PASSED] - Object: 'Object Repository/1. CURA Object button/Medicaid' is clicked on

13-07-2024T21:55:39 - [TEST_STEP][PASSED] - click(findTestObject("1. CURA Object button/Visit Date")): Object: 'Object Repository/1. CURA Object button/Visit Date' is clicked on

13-07-2024T21:55:39 - [MESSAGE][PASSED] - Object: 'Object Repository/1. CURA Object button/Visit Date' is clicked on

13-07-2024T21:55:39 - [TEST_STEP][PASSED] - setText(findTestObject("1. CURA Object button/Visit Date"), "09/09/2024"): Text '09/09/2024' is set on object 'Object Repository/1. CURA Object button/Visit Date'

13-07-2024T21:55:40 - [MESSAGE][PASSED] - Text '09/09/2024' is set on object 'Object Repository/1. CURA Object button/Visit Date'

13-07-2024T21:55:40 - [TEST_STEP][PASSED] - setText(findTestObject("1. CURA Object button/Comment"), "Meet dr. Setiadi at 09:00 AM"): Text 'Meet dr. Setiadi at 09:00 AM' is set on object 'Object Repository/1. CURA Object button/Comment'

13-07-2024T21:55:41 - [MESSAGE][PASSED] - Text 'Meet dr. Setiadi at 09:00 AM' is set on object 'Object Repository/1. CURA Object button/Comment'

13-07-2024T21:55:41 - [TEST_STEP][PASSED] - click(findTestObject("1. CURA Object button/Book Appointment")): Object: 'Object Repository/1. CURA Object button/Book Appointment' is clicked on

13-07-2024T21:55:41 - [MESSAGE][PASSED] - Object: 'Object Repository/1. CURA Object button/Book Appointment' is clicked on]]></system-out>
         <system-err><![CDATA[]]></system-err>
      </testcase>
      <testcase name="Test Cases/CURA Web Test/TC25 - Logout using StudioAssist" time="1.547" classname="Test Cases/CURA Web Test/TC25 - Logout using StudioAssist" status="PASSED">
         <system-out><![CDATA[13-07-2024T21:55:41 - [TEST_CASE][PASSED] - Test Cases/CURA Web Test/TC25 - Logout using StudioAssist: Test Cases/CURA Web Test/TC25 - Logout using StudioAssist

13-07-2024T21:55:41 - [TEST_STEP][PASSED] - click(findTestObject("1. CURA Object button/Menu")): Object: 'Object Repository/1. CURA Object button/Menu' is clicked on

13-07-2024T21:55:42 - [MESSAGE][PASSED] - Object: 'Object Repository/1. CURA Object button/Menu' is clicked on

13-07-2024T21:55:42 - [TEST_STEP][PASSED] - click(findTestObject("1. CURA Object button/Logout")): Object: 'Object Repository/1. CURA Object button/Logout' is clicked on

13-07-2024T21:55:43 - [MESSAGE][PASSED] - Object: 'Object Repository/1. CURA Object button/Logout' is clicked on

13-07-2024T21:55:43 - [TEST_STEP][PASSED] - closeBrowser(): Browser is closed

13-07-2024T21:55:43 - [MESSAGE][PASSED] - Browser is closed]]></system-out>
         <system-err><![CDATA[]]></system-err>
      </testcase>
      <system-out><![CDATA[13-07-2024T21:55:18 - [TEST_SUITE][PASSED] - DTS03 - Script using StudioAssist: Test Cases/CURA Web Test/TC25 - Logout using StudioAssist]]></system-out>
      <system-err><![CDATA[]]></system-err>
   </testsuite>
</testsuites>
