<?xml version="1.0" encoding="UTF-8"?>
<testsuites name="DTS01 - Regression test" time="63.13" tests="5" failures="0" errors="0">
   <testsuite name="DTS01 - Regression test" tests="5" failures="0" errors="0" time="63.13" skipped="0" timestamp="13-07-2024T21:47:58" hostname="Lenovo - LAPTOP-7QB5JFLU" id="Test Suites/CURA Test suites/DTS01 - Regression test">
      <properties>
         <property name="deviceName" value=""/>
         <property name="devicePlatform"/>
         <property name="logFolder" value="C:\\Users\\Lenovo\\git\\KatalonPractitionerLevel\\Reports\\20240713_214743\\CURA Test suites\\DTS01 - Regression test\\20240713_214743"/>
         <property name="logFiles" value="C:\\Users\\Lenovo\\git\\KatalonPractitionerLevel\\Reports\\20240713_214743\\CURA Test suites\\DTS01 - Regression test\\20240713_214743\\execution0.log"/>
         <property name="attachments" value="keyes\keyes-CURA Homepage.png, C:\\Users\\Lenovo\\git\\KatalonPractitionerLevel\\Reports\\20240713_214743\\CURA Test suites\\DTS01 - Regression test\\20240713_214743\\1720882091420.png, keyes\keyes-Login page.png, keyes\keyes-Make appointment page.png, keyes\keyes-Hongkong Appointment Confirmation.png, keyes\keyes-History Hongkong Appointment.png"/>
         <property name="hostName" value="Lenovo - LAPTOP-7QB5JFLU"/>
         <property name="os" value="Windows 11 64bit"/>
         <property name="katalonVersion" value="9.6.0.217"/>
         <property name="browser" value="Chrome 126.0.0.0"/>
         <property name="hostAddress" value="192.168.1.12"/>
         <property name="sessionId" value="d7c6ab77975d0729615d310942f72e6f"/>
         <property name="seleniumVersion" value="3.141.59"/>
         <property name="proxyInformation" value="ProxyInformation { proxyOption=NO_PROXY, proxyServerType=HTTP, username=, password=********, proxyServerAddress=, proxyServerPort=0, executionList=&quot;&quot;, isApplyToDesiredCapabilities=true }"/>
         <property name="platform" value="Windows 11"/>
      </properties>
      <testcase name="Test Cases/CURA Web Test/TC01 - Verify homepage of CURA" time="8.418" classname="Test Cases/CURA Web Test/TC01 - Verify homepage of CURA" status="PASSED">
         <system-out><![CDATA[13-07-2024T21:47:58 - [TEST_CASE][PASSED] - Test Cases/CURA Web Test/TC01 - Verify homepage of CURA: Test Cases/CURA Web Test/TC01 - Verify homepage of CURA

13-07-2024T21:47:59 - [TEST_STEP][PASSED] - openBrowser(""): Browser is opened with url: ''

13-07-2024T21:47:59 - [MESSAGE][INFO] - Starting 'Chrome' driver

13-07-2024T21:47:59 - [MESSAGE][INFO] - Action delay is set to 0 milliseconds

13-07-2024T21:48:00 - [MESSAGE][PASSED] - Browser is opened with url: ''

13-07-2024T21:48:00 - [TEST_STEP][PASSED] - navigateToUrl("https://katalon-demo-cura.herokuapp.com/"): Navigate to 'https://katalon-demo-cura.herokuapp.com/' successfully

13-07-2024T21:48:03 - [MESSAGE][PASSED] - Navigate to 'https://katalon-demo-cura.herokuapp.com/' successfully

13-07-2024T21:48:03 - [TEST_STEP][PASSED] - takeScreenshotAsCheckpoint("CURA Homepage"): Taking screenshot successfully

13-07-2024T21:48:04 - [MESSAGE][INFO] - 0 hidden object(s)

13-07-2024T21:48:04 - [MESSAGE][PASSED] - Taking screenshot successfully
[[ATTACHMENT|keyes\keyes-CURA Homepage.png]]

13-07-2024T21:48:04 - [TEST_STEP][PASSED] - verifyElementText(findTestObject("2. CURA Object Text/Healthcare Service"), "CURA Healthcare Service"): Actual text and expected text of test object 'Object Repository/2. CURA Object Text/Healthcare Service' are matched.

13-07-2024T21:48:04 - [MESSAGE][PASSED] - Actual text and expected text of test object 'Object Repository/2. CURA Object Text/Healthcare Service' are matched.

13-07-2024T21:48:04 - [TEST_STEP][PASSED] - verifyElementText(findTestObject("2. CURA Object Text/About Your Health"), "We Care About Your Health"): Actual text and expected text of test object 'Object Repository/2. CURA Object Text/About Your Health' are matched.

13-07-2024T21:48:04 - [MESSAGE][PASSED] - Actual text and expected text of test object 'Object Repository/2. CURA Object Text/About Your Health' are matched.

13-07-2024T21:48:04 - [TEST_STEP][PASSED] - verifyElementText(findTestObject("2. CURA Object Text/strong Healthcare"), "CURA Healthcare Service"): Actual text and expected text of test object 'Object Repository/2. CURA Object Text/strong Healthcare' are matched.

13-07-2024T21:48:05 - [MESSAGE][PASSED] - Actual text and expected text of test object 'Object Repository/2. CURA Object Text/strong Healthcare' are matched.

13-07-2024T21:48:05 - [TEST_STEP][PASSED] - ExpectedValue = "Atlanta 550 Pharr Road NE Suite 525
Atlanta, GA 30305": null

13-07-2024T21:48:05 - [TEST_STEP][PASSED] - verifyElementText(findTestObject("2. CURA Object Text/Office Address"), ExpectedValue): Actual text and expected text of test object 'Object Repository/2. CURA Object Text/Office Address' are matched.

13-07-2024T21:48:05 - [MESSAGE][PASSED] - Actual text and expected text of test object 'Object Repository/2. CURA Object Text/Office Address' are matched.

13-07-2024T21:48:05 - [TEST_STEP][PASSED] - verifyElementText(findTestObject("2. CURA Object Text/Phone"), "(678) 813-1KMS"): Actual text and expected text of test object 'Object Repository/2. CURA Object Text/Phone' are matched.

13-07-2024T21:48:05 - [MESSAGE][PASSED] - Actual text and expected text of test object 'Object Repository/2. CURA Object Text/Phone' are matched.

13-07-2024T21:48:05 - [TEST_STEP][PASSED] - verifyElementText(findTestObject("2. CURA Object Text/Email"), "info@katalon.com"): Actual text and expected text of test object 'Object Repository/2. CURA Object Text/Email' are matched.

13-07-2024T21:48:05 - [MESSAGE][PASSED] - Actual text and expected text of test object 'Object Repository/2. CURA Object Text/Email' are matched.

13-07-2024T21:48:05 - [TEST_STEP][PASSED] - verifyElementClickable(findTestObject("Object Repository/9. Homepage of CURA/Page_CURA/i_fa fa-facebook")): Object 'Object Repository/9. Homepage of CURA/Page_CURA/i_fa fa-facebook' is clickable

13-07-2024T21:48:06 - [MESSAGE][PASSED] - Object 'Object Repository/9. Homepage of CURA/Page_CURA/i_fa fa-facebook' is clickable

13-07-2024T21:48:06 - [TEST_STEP][PASSED] - verifyElementClickable(findTestObject("Object Repository/9. Homepage of CURA/Page_CURA/i_fa fa-twitter")): Object 'Object Repository/9. Homepage of CURA/Page_CURA/i_fa fa-twitter' is clickable

13-07-2024T21:48:06 - [MESSAGE][PASSED] - Object 'Object Repository/9. Homepage of CURA/Page_CURA/i_fa fa-twitter' is clickable

13-07-2024T21:48:06 - [TEST_STEP][PASSED] - verifyElementClickable(findTestObject("Object Repository/9. Homepage of CURA/Page_CURA/i_fa fa-dribbble")): Object 'Object Repository/9. Homepage of CURA/Page_CURA/i_fa fa-dribbble' is clickable

13-07-2024T21:48:06 - [MESSAGE][PASSED] - Object 'Object Repository/9. Homepage of CURA/Page_CURA/i_fa fa-dribbble' is clickable

13-07-2024T21:48:06 - [TEST_STEP][PASSED] - verifyElementText(findTestObject("2. CURA Object Text/Copyright"), "Copyright Â© CURA Healthcare Service 2024"): Actual text and expected text of test object 'Object Repository/2. CURA Object Text/Copyright' are matched.

13-07-2024T21:48:06 - [MESSAGE][PASSED] - Actual text and expected text of test object 'Object Repository/2. CURA Object Text/Copyright' are matched.

13-07-2024T21:48:06 - [TEST_STEP][PASSED] - verifyElementClickable(findTestObject("2. CURA Object Text/Make Appointment")): Object 'Object Repository/2. CURA Object Text/Make Appointment' is clickable

13-07-2024T21:48:07 - [MESSAGE][PASSED] - Object 'Object Repository/2. CURA Object Text/Make Appointment' is clickable]]></system-out>
         <system-err><![CDATA[]]></system-err>
      </testcase>
      <testcase name="Test Cases/CURA Web Test/TC02 - Login normally" time="10.716" classname="Test Cases/CURA Web Test/TC02 - Login normally" status="PASSED">
         <system-out><![CDATA[13-07-2024T21:48:07 - [TEST_CASE][PASSED] - Test Cases/CURA Web Test/TC02 - Login normally: Test Cases/CURA Web Test/TC02 - Login normally

13-07-2024T21:48:07 - [TEST_STEP][PASSED] - callTestCase(findTestCase("CURA Web Test/Properties/TCP01 - Open browser"), [:], STOP_ON_FAILURE): Call Test Case 'Test Cases/CURA Web Test/Properties/TCP01 - Open browser' successfully

13-07-2024T21:48:07 - [TEST_CASE][PASSED] - Test Cases/CURA Web Test/Properties/TCP01 - Open browser: Test Cases/CURA Web Test/Properties/TCP01 - Open browser

13-07-2024T21:48:07 - [TEST_STEP][PASSED] - openBrowser(""): Browser is opened with url: ''

13-07-2024T21:48:07 - [MESSAGE][WARNING] - A browser is already opened. Closing browser and opening a new one

13-07-2024T21:48:07 - [MESSAGE][INFO] - Starting 'Chrome' driver

13-07-2024T21:48:07 - [MESSAGE][INFO] - Action delay is set to 0 milliseconds

13-07-2024T21:48:08 - [MESSAGE][PASSED] - Browser is opened with url: ''

13-07-2024T21:48:08 - [TEST_STEP][PASSED] - navigateToUrl(URL): Navigate to 'https://katalon-demo-cura.herokuapp.com/' successfully

13-07-2024T21:48:09 - [MESSAGE][PASSED] - Navigate to 'https://katalon-demo-cura.herokuapp.com/' successfully

13-07-2024T21:48:09 - [MESSAGE][PASSED] - Call Test Case 'Test Cases/CURA Web Test/Properties/TCP01 - Open browser' successfully

13-07-2024T21:48:09 - [TEST_STEP][PASSED] - delay(2): Delayed 2 second(s)

13-07-2024T21:48:11 - [MESSAGE][PASSED] - Delayed 2 second(s)

13-07-2024T21:48:11 - [TEST_STEP][PASSED] - takeFullPageScreenshot(): Taking screenshot successfully

13-07-2024T21:48:12 - [MESSAGE][INFO] - 0 hidden object(s)

13-07-2024T21:48:12 - [MESSAGE][PASSED] - Taking screenshot successfully
[[ATTACHMENT|C:\\Users\\Lenovo\\git\\KatalonPractitionerLevel\\Reports\\20240713_214743\\CURA Test suites\\DTS01 - Regression test\\20240713_214743\\1720882091420.png]]

13-07-2024T21:48:12 - [TEST_STEP][PASSED] - click(findTestObject("1. CURA Object button/Make Appointment")): Object: 'Object Repository/1. CURA Object button/Make Appointment' is clicked on

13-07-2024T21:48:12 - [MESSAGE][PASSED] - Object: 'Object Repository/1. CURA Object button/Make Appointment' is clicked on

13-07-2024T21:48:12 - [TEST_STEP][PASSED] - takeScreenshotAsCheckpoint("Login page"): Taking screenshot successfully

13-07-2024T21:48:13 - [MESSAGE][INFO] - 0 hidden object(s)

13-07-2024T21:48:13 - [MESSAGE][PASSED] - Taking screenshot successfully
[[ATTACHMENT|keyes\keyes-Login page.png]]

13-07-2024T21:48:13 - [TEST_STEP][PASSED] - setText(findTestObject("1. CURA Object button/Username"), Username): Text 'John Doe' is set on object 'Object Repository/1. CURA Object button/Username'

13-07-2024T21:48:14 - [MESSAGE][PASSED] - Text 'John Doe' is set on object 'Object Repository/1. CURA Object button/Username'

13-07-2024T21:48:14 - [TEST_STEP][PASSED] - setText(findTestObject("1. CURA Object button/Password"), Password): Text 'ThisIsNotAPassword' is set on object 'Object Repository/1. CURA Object button/Password'

13-07-2024T21:48:14 - [MESSAGE][PASSED] - Text 'ThisIsNotAPassword' is set on object 'Object Repository/1. CURA Object button/Password'

13-07-2024T21:48:14 - [TEST_STEP][PASSED] - click(findTestObject("1. CURA Object button/Login Button")): Object: 'Object Repository/1. CURA Object button/Login Button' is clicked on

13-07-2024T21:48:15 - [MESSAGE][PASSED] - Object: 'Object Repository/1. CURA Object button/Login Button' is clicked on

13-07-2024T21:48:15 - [TEST_STEP][PASSED] - delay(2): Delayed 2 second(s)

13-07-2024T21:48:17 - [MESSAGE][PASSED] - Delayed 2 second(s)

13-07-2024T21:48:17 - [TEST_STEP][PASSED] - takeScreenshotAsCheckpoint("Make appointment page"): Taking screenshot successfully

13-07-2024T21:48:17 - [MESSAGE][INFO] - 0 hidden object(s)

13-07-2024T21:48:17 - [MESSAGE][PASSED] - Taking screenshot successfully
[[ATTACHMENT|keyes\keyes-Make appointment page.png]]]]></system-out>
         <system-err><![CDATA[]]></system-err>
      </testcase>
      <testcase name="Test Cases/CURA Web Test/TC06 - Appointment Hongkong" time="15.843" classname="Test Cases/CURA Web Test/TC06 - Appointment Hongkong" status="PASSED">
         <system-out><![CDATA[13-07-2024T21:48:17 - [TEST_CASE][PASSED] - Test Cases/CURA Web Test/TC06 - Appointment Hongkong: Test Cases/CURA Web Test/TC06 - Appointment Hongkong

13-07-2024T21:48:18 - [TEST_STEP][PASSED] - openBrowser(""): Browser is opened with url: ''

13-07-2024T21:48:18 - [MESSAGE][WARNING] - A browser is already opened. Closing browser and opening a new one

13-07-2024T21:48:19 - [MESSAGE][INFO] - Starting 'Chrome' driver

13-07-2024T21:48:19 - [MESSAGE][INFO] - Action delay is set to 0 milliseconds

13-07-2024T21:48:19 - [MESSAGE][PASSED] - Browser is opened with url: ''

13-07-2024T21:48:19 - [TEST_STEP][PASSED] - navigateToUrl("https://katalon-demo-cura.herokuapp.com/"): Navigate to 'https://katalon-demo-cura.herokuapp.com/' successfully

13-07-2024T21:48:22 - [MESSAGE][PASSED] - Navigate to 'https://katalon-demo-cura.herokuapp.com/' successfully

13-07-2024T21:48:22 - [TEST_STEP][PASSED] - click(findTestObject("4. Appointment Hongkong/Page_CURA/a_Make Appointment")): Object: 'Object Repository/4. Appointment Hongkong/Page_CURA/a_Make Appointment' is clicked on

13-07-2024T21:48:22 - [MESSAGE][PASSED] - Object: 'Object Repository/4. Appointment Hongkong/Page_CURA/a_Make Appointment' is clicked on

13-07-2024T21:48:22 - [TEST_STEP][PASSED] - setText(findTestObject("4. Appointment Hongkong/Page_CURA/input_Username"), "John Doe"): Text 'John Doe' is set on object 'Object Repository/4. Appointment Hongkong/Page_CURA/input_Username'

13-07-2024T21:48:23 - [MESSAGE][PASSED] - Text 'John Doe' is set on object 'Object Repository/4. Appointment Hongkong/Page_CURA/input_Username'

13-07-2024T21:48:23 - [TEST_STEP][PASSED] - setEncryptedText(findTestObject("Object Repository/4. Appointment Hongkong/Page_CURA/input_Password"), "g3/DOGG74jC3Flrr3yH+3D/yKbOqqUNM"): Text ****** has been set on object 'Object Repository/4. Appointment Hongkong/Page_CURA/input_Password'

13-07-2024T21:48:24 - [MESSAGE][PASSED] - Text ****** has been set on object 'Object Repository/4. Appointment Hongkong/Page_CURA/input_Password'

13-07-2024T21:48:24 - [TEST_STEP][PASSED] - click(findTestObject("Object Repository/4. Appointment Hongkong/Page_CURA/button_Login")): Object: 'Object Repository/4. Appointment Hongkong/Page_CURA/button_Login' is clicked on

13-07-2024T21:48:24 - [MESSAGE][PASSED] - Object: 'Object Repository/4. Appointment Hongkong/Page_CURA/button_Login' is clicked on

13-07-2024T21:48:24 - [TEST_STEP][PASSED] - selectOptionByValue(findTestObject("Object Repository/4. Appointment Hongkong/Page_CURA/select_Tokyo"), "Seoul CURA Healthcare Center", true): All options with value 'Seoul CURA Healthcare Center' are selected in object 'Object Repository/4. Appointment Hongkong/Page_CURA/select_Tokyo'  using regular expression

13-07-2024T21:48:26 - [MESSAGE][PASSED] - All options with value 'Seoul CURA Healthcare Center' are selected in object 'Object Repository/4. Appointment Hongkong/Page_CURA/select_Tokyo'  using regular expression

13-07-2024T21:48:26 - [TEST_STEP][PASSED] - selectOptionByValue(findTestObject("Object Repository/4. Appointment Hongkong/Page_CURA/select_Tokyo"), "Hongkong CURA Healthcare Center", true): All options with value 'Hongkong CURA Healthcare Center' are selected in object 'Object Repository/4. Appointment Hongkong/Page_CURA/select_Tokyo'  using regular expression

13-07-2024T21:48:26 - [MESSAGE][PASSED] - All options with value 'Hongkong CURA Healthcare Center' are selected in object 'Object Repository/4. Appointment Hongkong/Page_CURA/select_Tokyo'  using regular expression

13-07-2024T21:48:26 - [TEST_STEP][PASSED] - click(findTestObject("Object Repository/4. Appointment Hongkong/Page_CURA/input_readmission")): Object: 'Object Repository/4. Appointment Hongkong/Page_CURA/input_readmission' is clicked on

13-07-2024T21:48:27 - [MESSAGE][PASSED] - Object: 'Object Repository/4. Appointment Hongkong/Page_CURA/input_readmission' is clicked on

13-07-2024T21:48:27 - [TEST_STEP][PASSED] - click(findTestObject("Object Repository/4. Appointment Hongkong/Page_CURA/input_None_programs")): Object: 'Object Repository/4. Appointment Hongkong/Page_CURA/input_None_programs' is clicked on

13-07-2024T21:48:27 - [MESSAGE][PASSED] - Object: 'Object Repository/4. Appointment Hongkong/Page_CURA/input_None_programs' is clicked on

13-07-2024T21:48:27 - [TEST_STEP][PASSED] - click(findTestObject("Object Repository/4. Appointment Hongkong/Page_CURA/input_Medicare_programs")): Object: 'Object Repository/4. Appointment Hongkong/Page_CURA/input_Medicare_programs' is clicked on

13-07-2024T21:48:27 - [MESSAGE][PASSED] - Object: 'Object Repository/4. Appointment Hongkong/Page_CURA/input_Medicare_programs' is clicked on

13-07-2024T21:48:27 - [TEST_STEP][PASSED] - click(findTestObject("Object Repository/4. Appointment Hongkong/Page_CURA/span_Visit Date")): Object: 'Object Repository/4. Appointment Hongkong/Page_CURA/span_Visit Date' is clicked on

13-07-2024T21:48:28 - [MESSAGE][PASSED] - Object: 'Object Repository/4. Appointment Hongkong/Page_CURA/span_Visit Date' is clicked on

13-07-2024T21:48:28 - [TEST_STEP][PASSED] - click(findTestObject("Object Repository/4. Appointment Hongkong/Page_CURA/td_1")): Object: 'Object Repository/4. Appointment Hongkong/Page_CURA/td_1' is clicked on

13-07-2024T21:48:28 - [MESSAGE][PASSED] - Object: 'Object Repository/4. Appointment Hongkong/Page_CURA/td_1' is clicked on

13-07-2024T21:48:28 - [TEST_STEP][PASSED] - click(findTestObject("Object Repository/4. Appointment Hongkong/Page_CURA/input_Visit Date")): Object: 'Object Repository/4. Appointment Hongkong/Page_CURA/input_Visit Date' is clicked on

13-07-2024T21:48:29 - [MESSAGE][PASSED] - Object: 'Object Repository/4. Appointment Hongkong/Page_CURA/input_Visit Date' is clicked on

13-07-2024T21:48:29 - [TEST_STEP][PASSED] - setText(findTestObject("Object Repository/4. Appointment Hongkong/Page_CURA/textarea_Comment"), "Lets meet at 8 PM"): Text 'Lets meet at 8 PM' is set on object 'Object Repository/4. Appointment Hongkong/Page_CURA/textarea_Comment'

13-07-2024T21:48:29 - [MESSAGE][PASSED] - Text 'Lets meet at 8 PM' is set on object 'Object Repository/4. Appointment Hongkong/Page_CURA/textarea_Comment'

13-07-2024T21:48:29 - [TEST_STEP][PASSED] - click(findTestObject("Object Repository/4. Appointment Hongkong/Page_CURA/button_Book Appointment")): Object: 'Object Repository/4. Appointment Hongkong/Page_CURA/button_Book Appointment' is clicked on

13-07-2024T21:48:30 - [MESSAGE][PASSED] - Object: 'Object Repository/4. Appointment Hongkong/Page_CURA/button_Book Appointment' is clicked on

13-07-2024T21:48:30 - [TEST_STEP][PASSED] - takeScreenshotAsCheckpoint("Hongkong Appointment Confirmation"): Taking screenshot successfully

13-07-2024T21:48:30 - [MESSAGE][INFO] - 0 hidden object(s)

13-07-2024T21:48:30 - [MESSAGE][PASSED] - Taking screenshot successfully
[[ATTACHMENT|keyes\keyes-Hongkong Appointment Confirmation.png]]

13-07-2024T21:48:30 - [TEST_STEP][PASSED] - click(findTestObject("Object Repository/4. Appointment Hongkong/Page_CURA/h2_Appointment Confirmation")): Object: 'Object Repository/4. Appointment Hongkong/Page_CURA/h2_Appointment Confirmation' is clicked on

13-07-2024T21:48:31 - [MESSAGE][PASSED] - Object: 'Object Repository/4. Appointment Hongkong/Page_CURA/h2_Appointment Confirmation' is clicked on

13-07-2024T21:48:31 - [TEST_STEP][PASSED] - click(findTestObject("Object Repository/4. Appointment Hongkong/Page_CURA/p_ your appointment")): Object: 'Object Repository/4. Appointment Hongkong/Page_CURA/p_ your appointment' is clicked on

13-07-2024T21:48:31 - [MESSAGE][PASSED] - Object: 'Object Repository/4. Appointment Hongkong/Page_CURA/p_ your appointment' is clicked on

13-07-2024T21:48:31 - [TEST_STEP][PASSED] - click(findTestObject("Object Repository/4. Appointment Hongkong/Page_CURA/p_Hongkong")): Object: 'Object Repository/4. Appointment Hongkong/Page_CURA/p_Hongkong' is clicked on

13-07-2024T21:48:31 - [MESSAGE][PASSED] - Object: 'Object Repository/4. Appointment Hongkong/Page_CURA/p_Hongkong' is clicked on

13-07-2024T21:48:31 - [TEST_STEP][PASSED] - verifyElementPresent(findTestObject("Object Repository/4. Appointment Hongkong/Page_CURA/p_Yes"), 0): Object 'Object Repository/4. Appointment Hongkong/Page_CURA/p_Yes' is present

13-07-2024T21:48:31 - [MESSAGE][WARNING] - Timeout '0' is invalid. Using default page load timeout: '30'

13-07-2024T21:48:32 - [MESSAGE][PASSED] - Object 'Object Repository/4. Appointment Hongkong/Page_CURA/p_Yes' is present

13-07-2024T21:48:32 - [TEST_STEP][PASSED] - verifyElementPresent(findTestObject("Object Repository/4. Appointment Hongkong/Page_CURA/p_Medicare"), 0): Object 'Object Repository/4. Appointment Hongkong/Page_CURA/p_Medicare' is present

13-07-2024T21:48:32 - [MESSAGE][WARNING] - Timeout '0' is invalid. Using default page load timeout: '30'

13-07-2024T21:48:32 - [MESSAGE][PASSED] - Object 'Object Repository/4. Appointment Hongkong/Page_CURA/p_Medicare' is present

13-07-2024T21:48:32 - [TEST_STEP][PASSED] - verifyElementPresent(findTestObject("Object Repository/4. Appointment Hongkong/Page_CURA/p_01072024"), 0): Object 'Object Repository/4. Appointment Hongkong/Page_CURA/p_01072024' is present

13-07-2024T21:48:32 - [MESSAGE][WARNING] - Timeout '0' is invalid. Using default page load timeout: '30'

13-07-2024T21:48:32 - [MESSAGE][PASSED] - Object 'Object Repository/4. Appointment Hongkong/Page_CURA/p_01072024' is present

13-07-2024T21:48:32 - [TEST_STEP][PASSED] - verifyElementPresent(findTestObject("Object Repository/4. Appointment Hongkong/Page_CURA/p_Lets meet at 8 PM"), 0): Object 'Object Repository/4. Appointment Hongkong/Page_CURA/p_Lets meet at 8 PM' is present

13-07-2024T21:48:32 - [MESSAGE][WARNING] - Timeout '0' is invalid. Using default page load timeout: '30'

13-07-2024T21:48:32 - [MESSAGE][PASSED] - Object 'Object Repository/4. Appointment Hongkong/Page_CURA/p_Lets meet at 8 PM' is present

13-07-2024T21:48:32 - [TEST_STEP][PASSED] - click(findTestObject("Object Repository/4. Appointment Hongkong/Page_CURA/Go Homepage")): Object: 'Object Repository/4. Appointment Hongkong/Page_CURA/Go Homepage' is clicked on

13-07-2024T21:48:33 - [MESSAGE][PASSED] - Object: 'Object Repository/4. Appointment Hongkong/Page_CURA/Go Homepage' is clicked on

13-07-2024T21:48:33 - [TEST_STEP][PASSED] - click(findTestObject("Object Repository/4. Appointment Hongkong/Page_CURA/h1_CURA Service")): Object: 'Object Repository/4. Appointment Hongkong/Page_CURA/h1_CURA Service' is clicked on

13-07-2024T21:48:33 - [MESSAGE][PASSED] - Object: 'Object Repository/4. Appointment Hongkong/Page_CURA/h1_CURA Service' is clicked on

13-07-2024T21:48:33 - [TEST_STEP][PASSED] - closeBrowser(): Browser is closed

13-07-2024T21:48:33 - [MESSAGE][PASSED] - Browser is closed]]></system-out>
         <system-err><![CDATA[]]></system-err>
      </testcase>
      <testcase name="Test Cases/CURA Web Test/TC09 - CURA menu check" time="13.713" classname="Test Cases/CURA Web Test/TC09 - CURA menu check" status="PASSED">
         <system-out><![CDATA[13-07-2024T21:48:33 - [TEST_CASE][PASSED] - Test Cases/CURA Web Test/TC09 - CURA menu check: Test Cases/CURA Web Test/TC09 - CURA menu check

13-07-2024T21:48:33 - [TEST_STEP][PASSED] - openBrowser(""): Browser is opened with url: ''

13-07-2024T21:48:33 - [MESSAGE][INFO] - Starting 'Chrome' driver

13-07-2024T21:48:33 - [MESSAGE][INFO] - Action delay is set to 0 milliseconds

13-07-2024T21:48:34 - [MESSAGE][PASSED] - Browser is opened with url: ''

13-07-2024T21:48:34 - [TEST_STEP][PASSED] - navigateToUrl("https://katalon-demo-cura.herokuapp.com/"): Navigate to 'https://katalon-demo-cura.herokuapp.com/' successfully

13-07-2024T21:48:37 - [MESSAGE][PASSED] - Navigate to 'https://katalon-demo-cura.herokuapp.com/' successfully

13-07-2024T21:48:37 - [TEST_STEP][PASSED] - verifyElementClickable(findTestObject("6. CURA menu/Page_CURA/a_CURA menu")): Object 'Object Repository/6. CURA menu/Page_CURA/a_CURA menu' is clickable

13-07-2024T21:48:37 - [MESSAGE][PASSED] - Object 'Object Repository/6. CURA menu/Page_CURA/a_CURA menu' is clickable

13-07-2024T21:48:37 - [TEST_STEP][PASSED] - click(findTestObject("Object Repository/6. CURA menu/Page_CURA/a_CURA menu")): Object: 'Object Repository/6. CURA menu/Page_CURA/a_CURA menu' is clicked on

13-07-2024T21:48:37 - [MESSAGE][PASSED] - Object: 'Object Repository/6. CURA menu/Page_CURA/a_CURA menu' is clicked on

13-07-2024T21:48:37 - [TEST_STEP][PASSED] - click(findTestObject("Object Repository/6. CURA menu/Page_CURA/a_Home")): Object: 'Object Repository/6. CURA menu/Page_CURA/a_Home' is clicked on

13-07-2024T21:48:38 - [MESSAGE][PASSED] - Object: 'Object Repository/6. CURA menu/Page_CURA/a_Home' is clicked on

13-07-2024T21:48:38 - [TEST_STEP][PASSED] - verifyElementText(findTestObject("Object Repository/6. CURA menu/Page_CURA/h1_CURA Service"), "CURA Healthcare Service"): Actual text and expected text of test object 'Object Repository/6. CURA menu/Page_CURA/h1_CURA Service' are matched.

13-07-2024T21:48:38 - [MESSAGE][PASSED] - Actual text and expected text of test object 'Object Repository/6. CURA menu/Page_CURA/h1_CURA Service' are matched.

13-07-2024T21:48:38 - [TEST_STEP][PASSED] - verifyElementClickable(findTestObject("6. CURA menu/Page_CURA/i_CURA_fa fa-bars")): Object 'Object Repository/6. CURA menu/Page_CURA/i_CURA_fa fa-bars' is clickable

13-07-2024T21:48:38 - [MESSAGE][PASSED] - Object 'Object Repository/6. CURA menu/Page_CURA/i_CURA_fa fa-bars' is clickable

13-07-2024T21:48:38 - [TEST_STEP][PASSED] - click(findTestObject("Object Repository/6. CURA menu/Page_CURA/i_CURA_fa fa-bars")): Object: 'Object Repository/6. CURA menu/Page_CURA/i_CURA_fa fa-bars' is clicked on

13-07-2024T21:48:39 - [MESSAGE][PASSED] - Object: 'Object Repository/6. CURA menu/Page_CURA/i_CURA_fa fa-bars' is clicked on

13-07-2024T21:48:39 - [TEST_STEP][PASSED] - click(findTestObject("Object Repository/6. CURA menu/Page_CURA/a_Login")): Object: 'Object Repository/6. CURA menu/Page_CURA/a_Login' is clicked on

13-07-2024T21:48:39 - [MESSAGE][PASSED] - Object: 'Object Repository/6. CURA menu/Page_CURA/a_Login' is clicked on

13-07-2024T21:48:39 - [TEST_STEP][PASSED] - verifyElementText(findTestObject("Object Repository/6. CURA menu/Page_CURA/h2_Login"), "Login"): Actual text and expected text of test object 'Object Repository/6. CURA menu/Page_CURA/h2_Login' are matched.

13-07-2024T21:48:40 - [MESSAGE][PASSED] - Actual text and expected text of test object 'Object Repository/6. CURA menu/Page_CURA/h2_Login' are matched.

13-07-2024T21:48:40 - [TEST_STEP][PASSED] - setText(findTestObject("Object Repository/6. CURA menu/Page_CURA/input_Username"), "John Doe"): Text 'John Doe' is set on object 'Object Repository/6. CURA menu/Page_CURA/input_Username'

13-07-2024T21:48:40 - [MESSAGE][PASSED] - Text 'John Doe' is set on object 'Object Repository/6. CURA menu/Page_CURA/input_Username'

13-07-2024T21:48:40 - [TEST_STEP][PASSED] - setText(findTestObject("Object Repository/6. CURA menu/Page_CURA/input_Password"), "ThisIsNotAPassword"): Text 'ThisIsNotAPassword' is set on object 'Object Repository/6. CURA menu/Page_CURA/input_Password'

13-07-2024T21:48:41 - [MESSAGE][PASSED] - Text 'ThisIsNotAPassword' is set on object 'Object Repository/6. CURA menu/Page_CURA/input_Password'

13-07-2024T21:48:41 - [TEST_STEP][PASSED] - click(findTestObject("Object Repository/6. CURA menu/Page_CURA/button_Login")): Object: 'Object Repository/6. CURA menu/Page_CURA/button_Login' is clicked on

13-07-2024T21:48:42 - [MESSAGE][PASSED] - Object: 'Object Repository/6. CURA menu/Page_CURA/button_Login' is clicked on

13-07-2024T21:48:42 - [TEST_STEP][PASSED] - click(findTestObject("Object Repository/6. CURA menu/Page_CURA/a_CURA menu")): Object: 'Object Repository/6. CURA menu/Page_CURA/a_CURA menu' is clicked on

13-07-2024T21:48:42 - [MESSAGE][PASSED] - Object: 'Object Repository/6. CURA menu/Page_CURA/a_CURA menu' is clicked on

13-07-2024T21:48:42 - [TEST_STEP][PASSED] - click(findTestObject("Object Repository/6. CURA menu/Page_CURA/a_Home")): Object: 'Object Repository/6. CURA menu/Page_CURA/a_Home' is clicked on

13-07-2024T21:48:43 - [MESSAGE][PASSED] - Object: 'Object Repository/6. CURA menu/Page_CURA/a_Home' is clicked on

13-07-2024T21:48:43 - [TEST_STEP][PASSED] - verifyElementText(findTestObject("Object Repository/6. CURA menu/Page_CURA/h1_CURA Service"), "CURA Healthcare Service"): Actual text and expected text of test object 'Object Repository/6. CURA menu/Page_CURA/h1_CURA Service' are matched.

13-07-2024T21:48:43 - [MESSAGE][PASSED] - Actual text and expected text of test object 'Object Repository/6. CURA menu/Page_CURA/h1_CURA Service' are matched.

13-07-2024T21:48:43 - [TEST_STEP][PASSED] - click(findTestObject("Object Repository/6. CURA menu/Page_CURA/a_CURA menu")): Object: 'Object Repository/6. CURA menu/Page_CURA/a_CURA menu' is clicked on

13-07-2024T21:48:43 - [MESSAGE][PASSED] - Object: 'Object Repository/6. CURA menu/Page_CURA/a_CURA menu' is clicked on

13-07-2024T21:48:43 - [TEST_STEP][PASSED] - click(findTestObject("Object Repository/6. CURA menu/Page_CURA/a_History")): Object: 'Object Repository/6. CURA menu/Page_CURA/a_History' is clicked on

13-07-2024T21:48:44 - [MESSAGE][PASSED] - Object: 'Object Repository/6. CURA menu/Page_CURA/a_History' is clicked on

13-07-2024T21:48:44 - [TEST_STEP][PASSED] - verifyElementText(findTestObject("Object Repository/6. CURA menu/Page_CURA/h2_History"), "History"): Actual text and expected text of test object 'Object Repository/6. CURA menu/Page_CURA/h2_History' are matched.

13-07-2024T21:48:44 - [MESSAGE][PASSED] - Actual text and expected text of test object 'Object Repository/6. CURA menu/Page_CURA/h2_History' are matched.

13-07-2024T21:48:44 - [TEST_STEP][PASSED] - click(findTestObject("Object Repository/6. CURA menu/Page_CURA/a_CURA menu")): Object: 'Object Repository/6. CURA menu/Page_CURA/a_CURA menu' is clicked on

13-07-2024T21:48:44 - [MESSAGE][PASSED] - Object: 'Object Repository/6. CURA menu/Page_CURA/a_CURA menu' is clicked on

13-07-2024T21:48:44 - [TEST_STEP][PASSED] - click(findTestObject("Object Repository/6. CURA menu/Page_CURA/a_Profile")): Object: 'Object Repository/6. CURA menu/Page_CURA/a_Profile' is clicked on

13-07-2024T21:48:45 - [MESSAGE][PASSED] - Object: 'Object Repository/6. CURA menu/Page_CURA/a_Profile' is clicked on

13-07-2024T21:48:45 - [TEST_STEP][PASSED] - verifyElementText(findTestObject("Object Repository/6. CURA menu/Page_CURA/h2_Profile"), "Profile"): Actual text and expected text of test object 'Object Repository/6. CURA menu/Page_CURA/h2_Profile' are matched.

13-07-2024T21:48:45 - [MESSAGE][PASSED] - Actual text and expected text of test object 'Object Repository/6. CURA menu/Page_CURA/h2_Profile' are matched.

13-07-2024T21:48:45 - [TEST_STEP][PASSED] - click(findTestObject("Object Repository/6. CURA menu/Page_CURA/i_CURA_fa fa-bars")): Object: 'Object Repository/6. CURA menu/Page_CURA/i_CURA_fa fa-bars' is clicked on

13-07-2024T21:48:46 - [MESSAGE][PASSED] - Object: 'Object Repository/6. CURA menu/Page_CURA/i_CURA_fa fa-bars' is clicked on

13-07-2024T21:48:46 - [TEST_STEP][PASSED] - click(findTestObject("Object Repository/6. CURA menu/Page_CURA/a_Logout")): Object: 'Object Repository/6. CURA menu/Page_CURA/a_Logout' is clicked on

13-07-2024T21:48:47 - [MESSAGE][PASSED] - Object: 'Object Repository/6. CURA menu/Page_CURA/a_Logout' is clicked on

13-07-2024T21:48:47 - [TEST_STEP][PASSED] - verifyElementText(findTestObject("Object Repository/6. CURA menu/Page_CURA/h1_CURA Service"), "CURA Healthcare Service"): Actual text and expected text of test object 'Object Repository/6. CURA menu/Page_CURA/h1_CURA Service' are matched.

13-07-2024T21:48:47 - [MESSAGE][PASSED] - Actual text and expected text of test object 'Object Repository/6. CURA menu/Page_CURA/h1_CURA Service' are matched.

13-07-2024T21:48:47 - [TEST_STEP][PASSED] - closeBrowser(): Browser is closed

13-07-2024T21:48:47 - [MESSAGE][PASSED] - Browser is closed]]></system-out>
         <system-err><![CDATA[]]></system-err>
      </testcase>
      <testcase name="Test Cases/CURA Web Test/TC10 - History menu check" time="14.29" classname="Test Cases/CURA Web Test/TC10 - History menu check" status="PASSED">
         <system-out><![CDATA[13-07-2024T21:48:47 - [TEST_CASE][PASSED] - Test Cases/CURA Web Test/TC10 - History menu check: Test Cases/CURA Web Test/TC10 - History menu check

13-07-2024T21:48:47 - [TEST_STEP][PASSED] - callTestCase(findTestCase("CURA Web Test/Properties/TCP01 - Open browser"), [:], STOP_ON_FAILURE): Call Test Case 'Test Cases/CURA Web Test/Properties/TCP01 - Open browser' successfully

13-07-2024T21:48:47 - [TEST_CASE][PASSED] - Test Cases/CURA Web Test/Properties/TCP01 - Open browser: Test Cases/CURA Web Test/Properties/TCP01 - Open browser

13-07-2024T21:48:47 - [TEST_STEP][PASSED] - openBrowser(""): Browser is opened with url: ''

13-07-2024T21:48:47 - [MESSAGE][INFO] - Starting 'Chrome' driver

13-07-2024T21:48:47 - [MESSAGE][INFO] - Action delay is set to 0 milliseconds

13-07-2024T21:48:48 - [MESSAGE][PASSED] - Browser is opened with url: ''

13-07-2024T21:48:48 - [TEST_STEP][PASSED] - navigateToUrl(URL): Navigate to 'https://katalon-demo-cura.herokuapp.com/' successfully

13-07-2024T21:48:50 - [MESSAGE][PASSED] - Navigate to 'https://katalon-demo-cura.herokuapp.com/' successfully

13-07-2024T21:48:50 - [MESSAGE][PASSED] - Call Test Case 'Test Cases/CURA Web Test/Properties/TCP01 - Open browser' successfully

13-07-2024T21:48:50 - [TEST_STEP][PASSED] - callTestCase(findTestCase("CURA Web Test/Properties/TCP02 - Login"), [:], STOP_ON_FAILURE): Call Test Case 'Test Cases/CURA Web Test/Properties/TCP02 - Login' successfully

13-07-2024T21:48:50 - [TEST_CASE][PASSED] - Test Cases/CURA Web Test/Properties/TCP02 - Login: Test Cases/CURA Web Test/Properties/TCP02 - Login

13-07-2024T21:48:50 - [TEST_STEP][PASSED] - click(findTestObject("1. CURA Object button/Make Appointment")): Object: 'Object Repository/1. CURA Object button/Make Appointment' is clicked on

13-07-2024T21:48:51 - [MESSAGE][PASSED] - Object: 'Object Repository/1. CURA Object button/Make Appointment' is clicked on

13-07-2024T21:48:51 - [TEST_STEP][PASSED] - verifyElementText(findTestObject("2. CURA Object Text/Login Text"), "Login"): Actual text and expected text of test object 'Object Repository/2. CURA Object Text/Login Text' are matched.

13-07-2024T21:48:52 - [MESSAGE][PASSED] - Actual text and expected text of test object 'Object Repository/2. CURA Object Text/Login Text' are matched.

13-07-2024T21:48:52 - [TEST_STEP][PASSED] - setText(findTestObject("1. CURA Object button/Username"), Username): Text 'John Doe' is set on object 'Object Repository/1. CURA Object button/Username'

13-07-2024T21:48:52 - [MESSAGE][PASSED] - Text 'John Doe' is set on object 'Object Repository/1. CURA Object button/Username'

13-07-2024T21:48:52 - [TEST_STEP][PASSED] - setText(findTestObject("1. CURA Object button/Password"), Password): Text 'ThisIsNotAPassword' is set on object 'Object Repository/1. CURA Object button/Password'

13-07-2024T21:48:53 - [MESSAGE][PASSED] - Text 'ThisIsNotAPassword' is set on object 'Object Repository/1. CURA Object button/Password'

13-07-2024T21:48:53 - [TEST_STEP][PASSED] - click(findTestObject("1. CURA Object button/Login Button")): Object: 'Object Repository/1. CURA Object button/Login Button' is clicked on

13-07-2024T21:48:54 - [MESSAGE][PASSED] - Object: 'Object Repository/1. CURA Object button/Login Button' is clicked on

13-07-2024T21:48:54 - [MESSAGE][PASSED] - Call Test Case 'Test Cases/CURA Web Test/Properties/TCP02 - Login' successfully

13-07-2024T21:48:54 - [TEST_STEP][PASSED] - selectOptionByValue(findTestObject("1. CURA Object button/Facility"), "Hongkong CURA Healthcare Center", true): All options with value 'Hongkong CURA Healthcare Center' are selected in object 'Object Repository/1. CURA Object button/Facility'  using regular expression

13-07-2024T21:48:55 - [MESSAGE][PASSED] - All options with value 'Hongkong CURA Healthcare Center' are selected in object 'Object Repository/1. CURA Object button/Facility'  using regular expression

13-07-2024T21:48:55 - [TEST_STEP][PASSED] - click(findTestObject("1. CURA Object button/Hospital Readmission")): Object: 'Object Repository/1. CURA Object button/Hospital Readmission' is clicked on

13-07-2024T21:48:55 - [MESSAGE][PASSED] - Object: 'Object Repository/1. CURA Object button/Hospital Readmission' is clicked on

13-07-2024T21:48:55 - [TEST_STEP][PASSED] - setText(findTestObject("1. CURA Object button/Visit Date"), "28/06/2024"): Text '28/06/2024' is set on object 'Object Repository/1. CURA Object button/Visit Date'

13-07-2024T21:48:56 - [MESSAGE][PASSED] - Text '28/06/2024' is set on object 'Object Repository/1. CURA Object button/Visit Date'

13-07-2024T21:48:56 - [TEST_STEP][PASSED] - setText(findTestObject("1. CURA Object button/Comment"), "Let's meet at 9 AM"): Text 'Let's meet at 9 AM' is set on object 'Object Repository/1. CURA Object button/Comment'

13-07-2024T21:48:56 - [MESSAGE][PASSED] - Text 'Let's meet at 9 AM' is set on object 'Object Repository/1. CURA Object button/Comment'

13-07-2024T21:48:56 - [TEST_STEP][PASSED] - click(findTestObject("1. CURA Object button/Book Appointment")): Object: 'Object Repository/1. CURA Object button/Book Appointment' is clicked on

13-07-2024T21:48:57 - [MESSAGE][PASSED] - Object: 'Object Repository/1. CURA Object button/Book Appointment' is clicked on

13-07-2024T21:48:57 - [TEST_STEP][PASSED] - verifyElementText(findTestObject("4. Appointment Hongkong/Page_CURA/h2_Appointment Confirmation"), "Appointment Confirmation"): Actual text and expected text of test object 'Object Repository/4. Appointment Hongkong/Page_CURA/h2_Appointment Confirmation' are matched.

13-07-2024T21:48:57 - [MESSAGE][PASSED] - Actual text and expected text of test object 'Object Repository/4. Appointment Hongkong/Page_CURA/h2_Appointment Confirmation' are matched.

13-07-2024T21:48:57 - [TEST_STEP][PASSED] - click(findTestObject("1. CURA Object button/Menu")): Object: 'Object Repository/1. CURA Object button/Menu' is clicked on

13-07-2024T21:48:58 - [MESSAGE][PASSED] - Object: 'Object Repository/1. CURA Object button/Menu' is clicked on

13-07-2024T21:48:58 - [TEST_STEP][PASSED] - click(findTestObject("1. CURA Object button/History")): Object: 'Object Repository/1. CURA Object button/History' is clicked on

13-07-2024T21:48:58 - [MESSAGE][PASSED] - Object: 'Object Repository/1. CURA Object button/History' is clicked on

13-07-2024T21:48:58 - [TEST_STEP][PASSED] - takeScreenshotAsCheckpoint("History Hongkong Appointment"): Taking screenshot successfully

13-07-2024T21:48:59 - [MESSAGE][INFO] - 0 hidden object(s)

13-07-2024T21:48:59 - [MESSAGE][PASSED] - Taking screenshot successfully
[[ATTACHMENT|keyes\keyes-History Hongkong Appointment.png]]

13-07-2024T21:48:59 - [TEST_STEP][PASSED] - verifyElementText(findTestObject("8. History check/Page_CURA/h2_History"), "History"): Actual text and expected text of test object 'Object Repository/8. History check/Page_CURA/h2_History' are matched.

13-07-2024T21:48:59 - [MESSAGE][PASSED] - Actual text and expected text of test object 'Object Repository/8. History check/Page_CURA/h2_History' are matched.

13-07-2024T21:48:59 - [TEST_STEP][PASSED] - verifyElementText(findTestObject("8. History check/Page_CURA/div_28062024"), "28/06/2024"): Actual text and expected text of test object 'Object Repository/8. History check/Page_CURA/div_28062024' are matched.

13-07-2024T21:48:59 - [MESSAGE][PASSED] - Actual text and expected text of test object 'Object Repository/8. History check/Page_CURA/div_28062024' are matched.

13-07-2024T21:48:59 - [TEST_STEP][PASSED] - verifyElementText(findTestObject("Object Repository/8. History check/Page_CURA/p_Hongkong"), "Hongkong CURA Healthcare Center"): Actual text and expected text of test object 'Object Repository/8. History check/Page_CURA/p_Hongkong' are matched.

13-07-2024T21:49:00 - [MESSAGE][PASSED] - Actual text and expected text of test object 'Object Repository/8. History check/Page_CURA/p_Hongkong' are matched.

13-07-2024T21:49:00 - [TEST_STEP][PASSED] - verifyElementText(findTestObject("Object Repository/8. History check/Page_CURA/p_Yes"), "Yes"): Actual text and expected text of test object 'Object Repository/8. History check/Page_CURA/p_Yes' are matched.

13-07-2024T21:49:00 - [MESSAGE][PASSED] - Actual text and expected text of test object 'Object Repository/8. History check/Page_CURA/p_Yes' are matched.

13-07-2024T21:49:00 - [TEST_STEP][PASSED] - verifyElementText(findTestObject("Object Repository/8. History check/Page_CURA/p_Medicare"), "Medicare"): Actual text and expected text of test object 'Object Repository/8. History check/Page_CURA/p_Medicare' are matched.

13-07-2024T21:49:00 - [MESSAGE][PASSED] - Actual text and expected text of test object 'Object Repository/8. History check/Page_CURA/p_Medicare' are matched.

13-07-2024T21:49:00 - [TEST_STEP][PASSED] - verifyElementText(findTestObject("8. History check/Page_CURA/p_Lets meet at 9 AM"), "Let's meet at 9 AM"): Actual text and expected text of test object 'Object Repository/8. History check/Page_CURA/p_Lets meet at 9 AM' are matched.

13-07-2024T21:49:00 - [MESSAGE][PASSED] - Actual text and expected text of test object 'Object Repository/8. History check/Page_CURA/p_Lets meet at 9 AM' are matched.

13-07-2024T21:49:00 - [TEST_STEP][PASSED] - click(findTestObject("1. CURA Object button/Go to Homepage")): Object: 'Object Repository/1. CURA Object button/Go to Homepage' is clicked on

13-07-2024T21:49:01 - [MESSAGE][PASSED] - Object: 'Object Repository/1. CURA Object button/Go to Homepage' is clicked on

13-07-2024T21:49:01 - [TEST_STEP][PASSED] - verifyElementText(findTestObject("2. CURA Object Text/Healthcare Service"), "CURA Healthcare Service"): Actual text and expected text of test object 'Object Repository/2. CURA Object Text/Healthcare Service' are matched.

13-07-2024T21:49:01 - [MESSAGE][PASSED] - Actual text and expected text of test object 'Object Repository/2. CURA Object Text/Healthcare Service' are matched.]]></system-out>
         <system-err><![CDATA[]]></system-err>
      </testcase>
      <system-out><![CDATA[13-07-2024T21:47:58 - [TEST_SUITE][PASSED] - DTS01 - Regression test: Test Cases/CURA Web Test/TC10 - History menu check]]></system-out>
      <system-err><![CDATA[]]></system-err>
   </testsuite>
</testsuites>
