<?xml version="1.0" encoding="UTF-8"?>
<testsuites name="TS007 - Verify landing page text" time="38.189" tests="1" failures="0" errors="0">
   <testsuite name="TS007 - Verify landing page text" tests="1" failures="0" errors="0" time="38.189" skipped="0" timestamp="15-07-2024T15:10:33" hostname="Lenovo - LAPTOP-7QB5JFLU" id="Test Suites/Eklipse Test suite/TS007 - Verify landing page text">
      <properties>
         <property name="deviceName" value=""/>
         <property name="devicePlatform"/>
         <property name="logFolder" value="C:\\Users\\Lenovo\\git\\KatalonPractitionerLevel\\Reports\\20240715_151024\\Eklipse Test suite\\TS007 - Verify landing page text\\20240715_151025"/>
         <property name="logFiles" value="C:\\Users\\Lenovo\\git\\KatalonPractitionerLevel\\Reports\\20240715_151024\\Eklipse Test suite\\TS007 - Verify landing page text\\20240715_151025\\execution0.log"/>
         <property name="attachments" value=""/>
         <property name="hostName" value="Lenovo - LAPTOP-7QB5JFLU"/>
         <property name="os" value="Windows 11 64bit"/>
         <property name="katalonVersion" value="9.6.0.217"/>
         <property name="browser" value="Chrome 126.0.0.0"/>
         <property name="hostAddress" value="192.168.1.12"/>
         <property name="sessionId" value="b28ed20c4ce58402a8f2771f85afaef3"/>
         <property name="seleniumVersion" value="3.141.59"/>
         <property name="proxyInformation" value="ProxyInformation { proxyOption=NO_PROXY, proxyServerType=HTTP, username=, password=********, proxyServerAddress=, proxyServerPort=0, executionList=&quot;&quot;, isApplyToDesiredCapabilities=true }"/>
         <property name="platform" value="Windows 11"/>
      </properties>
      <testcase name="Test Cases/Eklipse Test/Landing page/TC004 - Verify landing page text" time="38.013" classname="Test Cases/Eklipse Test/Landing page/TC004 - Verify landing page text" status="PASSED">
         <system-out><![CDATA[15-07-2024T15:10:33 - [TEST_CASE][PASSED] - Test Cases/Eklipse Test/Landing page/TC004 - Verify landing page text: Test Cases/Eklipse Test/Landing page/TC004 - Verify landing page text

15-07-2024T15:10:33 - [TEST_STEP][PASSED] - callTestCase(findTestCase("Eklipse Test/Landing page/TC001 - Open browser"), [:], CONTINUE_ON_FAILURE): Call Test Case 'Test Cases/Eklipse Test/Landing page/TC001 - Open browser' successfully

15-07-2024T15:10:34 - [TEST_CASE][PASSED] - Test Cases/Eklipse Test/Landing page/TC001 - Open browser: Test Cases/Eklipse Test/Landing page/TC001 - Open browser

15-07-2024T15:10:34 - [TEST_STEP][PASSED] - openBrowser(""): Browser is opened with url: ''

15-07-2024T15:10:34 - [MESSAGE][INFO] - Starting 'Chrome' driver

15-07-2024T15:10:34 - [MESSAGE][INFO] - Action delay is set to 0 milliseconds

15-07-2024T15:10:36 - [MESSAGE][PASSED] - Browser is opened with url: ''

15-07-2024T15:10:36 - [TEST_STEP][PASSED] - navigateToUrl("https://eklipse.gg/"): Navigate to 'https://eklipse.gg/' successfully

15-07-2024T15:10:43 - [MESSAGE][PASSED] - Navigate to 'https://eklipse.gg/' successfully

15-07-2024T15:10:43 - [TEST_STEP][NOT_RUN] - maximizeWindow(): NOT_RUN: maximizeWindow()

15-07-2024T15:10:43 - [MESSAGE][NOT_RUN] - NOT_RUN: maximizeWindow()

15-07-2024T15:10:43 - [MESSAGE][PASSED] - Call Test Case 'Test Cases/Eklipse Test/Landing page/TC001 - Open browser' successfully

15-07-2024T15:10:43 - [TEST_STEP][PASSED] - verifyElementPresent(findTestObject("Eklipse Landing Page/Page_Eklipse/200 games"), 0, CONTINUE_ON_FAILURE): Object 'Object Repository/Eklipse Landing Page/Page_Eklipse/200 games' is present

15-07-2024T15:10:43 - [MESSAGE][WARNING] - Timeout '0' is invalid. Using default page load timeout: '30'

15-07-2024T15:10:43 - [MESSAGE][PASSED] - Object 'Object Repository/Eklipse Landing Page/Page_Eklipse/200 games' is present

15-07-2024T15:10:43 - [TEST_STEP][PASSED] - verifyElementPresent(findTestObject("Eklipse Landing Page/Page_Eklipse/4.7 text"), 0, CONTINUE_ON_FAILURE): Object 'Object Repository/Eklipse Landing Page/Page_Eklipse/4.7 text' is present

15-07-2024T15:10:44 - [MESSAGE][WARNING] - Timeout '0' is invalid. Using default page load timeout: '30'

15-07-2024T15:10:44 - [MESSAGE][PASSED] - Object 'Object Repository/Eklipse Landing Page/Page_Eklipse/4.7 text' is present

15-07-2024T15:10:44 - [TEST_STEP][PASSED] - verifyElementPresent(findTestObject("Eklipse Landing Page/Page_Eklipse/about Eklipse text"), 0, CONTINUE_ON_FAILURE): Object 'Object Repository/Eklipse Landing Page/Page_Eklipse/about Eklipse text' is present

15-07-2024T15:10:44 - [MESSAGE][WARNING] - Timeout '0' is invalid. Using default page load timeout: '30'

15-07-2024T15:10:44 - [MESSAGE][PASSED] - Object 'Object Repository/Eklipse Landing Page/Page_Eklipse/about Eklipse text' is present

15-07-2024T15:10:44 - [TEST_STEP][PASSED] - verifyElementPresent(findTestObject("Eklipse Landing Page/Page_Eklipse/AI detection"), 0, CONTINUE_ON_FAILURE): Object 'Object Repository/Eklipse Landing Page/Page_Eklipse/AI detection' is present

15-07-2024T15:10:44 - [MESSAGE][WARNING] - Timeout '0' is invalid. Using default page load timeout: '30'

15-07-2024T15:10:45 - [MESSAGE][PASSED] - Object 'Object Repository/Eklipse Landing Page/Page_Eklipse/AI detection' is present

15-07-2024T15:10:45 - [TEST_STEP][PASSED] - verifyElementPresent(findTestObject("Eklipse Landing Page/Page_Eklipse/AI Sport div"), 0, CONTINUE_ON_FAILURE): Object 'Object Repository/Eklipse Landing Page/Page_Eklipse/AI Sport div' is present

15-07-2024T15:10:45 - [MESSAGE][WARNING] - Timeout '0' is invalid. Using default page load timeout: '30'

15-07-2024T15:10:45 - [MESSAGE][PASSED] - Object 'Object Repository/Eklipse Landing Page/Page_Eklipse/AI Sport div' is present

15-07-2024T15:10:45 - [TEST_STEP][PASSED] - verifyElementPresent(findTestObject("Eklipse Landing Page/Page_Eklipse/AI Sport text"), 0, CONTINUE_ON_FAILURE): Object 'Object Repository/Eklipse Landing Page/Page_Eklipse/AI Sport text' is present

15-07-2024T15:10:45 - [MESSAGE][WARNING] - Timeout '0' is invalid. Using default page load timeout: '30'

15-07-2024T15:10:45 - [MESSAGE][PASSED] - Object 'Object Repository/Eklipse Landing Page/Page_Eklipse/AI Sport text' is present

15-07-2024T15:10:45 - [TEST_STEP][PASSED] - verifyElementPresent(findTestObject("Eklipse Landing Page/Page_Eklipse/AI-Edit beta text"), 0, CONTINUE_ON_FAILURE): Object 'Object Repository/Eklipse Landing Page/Page_Eklipse/AI-Edit beta text' is present

15-07-2024T15:10:45 - [MESSAGE][WARNING] - Timeout '0' is invalid. Using default page load timeout: '30'

15-07-2024T15:10:45 - [MESSAGE][PASSED] - Object 'Object Repository/Eklipse Landing Page/Page_Eklipse/AI-Edit beta text' is present

15-07-2024T15:10:45 - [TEST_STEP][PASSED] - verifyElementPresent(findTestObject("Eklipse Landing Page/Page_Eklipse/AI-Edit div"), 0, CONTINUE_ON_FAILURE): Object 'Object Repository/Eklipse Landing Page/Page_Eklipse/AI-Edit div' is present

15-07-2024T15:10:45 - [MESSAGE][WARNING] - Timeout '0' is invalid. Using default page load timeout: '30'

15-07-2024T15:10:46 - [MESSAGE][PASSED] - Object 'Object Repository/Eklipse Landing Page/Page_Eklipse/AI-Edit div' is present

15-07-2024T15:10:46 - [TEST_STEP][PASSED] - verifyElementPresent(findTestObject("Eklipse Landing Page/Page_Eklipse/Apex Streamers"), 0, CONTINUE_ON_FAILURE): Object 'Object Repository/Eklipse Landing Page/Page_Eklipse/Apex Streamers' is present

15-07-2024T15:10:46 - [MESSAGE][WARNING] - Timeout '0' is invalid. Using default page load timeout: '30'

15-07-2024T15:10:46 - [MESSAGE][PASSED] - Object 'Object Repository/Eklipse Landing Page/Page_Eklipse/Apex Streamers' is present

15-07-2024T15:10:46 - [TEST_STEP][PASSED] - verifyElementPresent(findTestObject("Eklipse Landing Page/Page_Eklipse/Apex Streamers div"), 0, CONTINUE_ON_FAILURE): Object 'Object Repository/Eklipse Landing Page/Page_Eklipse/Apex Streamers div' is present

15-07-2024T15:10:46 - [MESSAGE][WARNING] - Timeout '0' is invalid. Using default page load timeout: '30'

15-07-2024T15:10:46 - [MESSAGE][PASSED] - Object 'Object Repository/Eklipse Landing Page/Page_Eklipse/Apex Streamers div' is present

15-07-2024T15:10:46 - [TEST_STEP][PASSED] - verifyElementPresent(findTestObject("Eklipse Landing Page/Page_Eklipse/Auto caption"), 0, CONTINUE_ON_FAILURE): Object 'Object Repository/Eklipse Landing Page/Page_Eklipse/Auto caption' is present

15-07-2024T15:10:46 - [MESSAGE][WARNING] - Timeout '0' is invalid. Using default page load timeout: '30'

15-07-2024T15:10:47 - [MESSAGE][PASSED] - Object 'Object Repository/Eklipse Landing Page/Page_Eklipse/Auto caption' is present

15-07-2024T15:10:47 - [TEST_STEP][PASSED] - verifyElementPresent(findTestObject("Eklipse Landing Page/Page_Eklipse/Automatically Capture"), 0, CONTINUE_ON_FAILURE): Object 'Object Repository/Eklipse Landing Page/Page_Eklipse/Automatically Capture' is present

15-07-2024T15:10:47 - [MESSAGE][WARNING] - Timeout '0' is invalid. Using default page load timeout: '30'

15-07-2024T15:10:47 - [MESSAGE][PASSED] - Object 'Object Repository/Eklipse Landing Page/Page_Eklipse/Automatically Capture' is present

15-07-2024T15:10:47 - [TEST_STEP][PASSED] - verifyElementPresent(findTestObject("Eklipse Landing Page/Page_Eklipse/Available Mobile"), 0, CONTINUE_ON_FAILURE): Object 'Object Repository/Eklipse Landing Page/Page_Eklipse/Available Mobile' is present

15-07-2024T15:10:47 - [MESSAGE][WARNING] - Timeout '0' is invalid. Using default page load timeout: '30'

15-07-2024T15:10:47 - [MESSAGE][PASSED] - Object 'Object Repository/Eklipse Landing Page/Page_Eklipse/Available Mobile' is present

15-07-2024T15:10:47 - [TEST_STEP][PASSED] - verifyElementPresent(findTestObject("Eklipse Landing Page/Page_Eklipse/Available Mobile text"), 0, CONTINUE_ON_FAILURE): Object 'Object Repository/Eklipse Landing Page/Page_Eklipse/Available Mobile text' is present

15-07-2024T15:10:47 - [MESSAGE][WARNING] - Timeout '0' is invalid. Using default page load timeout: '30'

15-07-2024T15:10:48 - [MESSAGE][PASSED] - Object 'Object Repository/Eklipse Landing Page/Page_Eklipse/Available Mobile text' is present

15-07-2024T15:10:48 - [TEST_STEP][PASSED] - verifyElementPresent(findTestObject("Eklipse Landing Page/Page_Eklipse/Built for everyone"), 0, CONTINUE_ON_FAILURE): Object 'Object Repository/Eklipse Landing Page/Page_Eklipse/Built for everyone' is present

15-07-2024T15:10:48 - [MESSAGE][WARNING] - Timeout '0' is invalid. Using default page load timeout: '30'

15-07-2024T15:10:48 - [MESSAGE][PASSED] - Object 'Object Repository/Eklipse Landing Page/Page_Eklipse/Built for everyone' is present

15-07-2024T15:10:48 - [TEST_STEP][PASSED] - verifyElementPresent(findTestObject("Eklipse Landing Page/Page_Eklipse/Channel sticker"), 0, CONTINUE_ON_FAILURE): Object 'Object Repository/Eklipse Landing Page/Page_Eklipse/Channel sticker' is present

15-07-2024T15:10:48 - [MESSAGE][WARNING] - Timeout '0' is invalid. Using default page load timeout: '30'

15-07-2024T15:10:48 - [MESSAGE][PASSED] - Object 'Object Repository/Eklipse Landing Page/Page_Eklipse/Channel sticker' is present

15-07-2024T15:10:48 - [TEST_STEP][PASSED] - verifyElementPresent(findTestObject("Eklipse Landing Page/Page_Eklipse/ChattingHighlights"), 0, CONTINUE_ON_FAILURE): Object 'Object Repository/Eklipse Landing Page/Page_Eklipse/ChattingHighlights' is present

15-07-2024T15:10:48 - [MESSAGE][WARNING] - Timeout '0' is invalid. Using default page load timeout: '30'

15-07-2024T15:10:48 - [MESSAGE][PASSED] - Object 'Object Repository/Eklipse Landing Page/Page_Eklipse/ChattingHighlights' is present

15-07-2024T15:10:48 - [TEST_STEP][PASSED] - verifyElementPresent(findTestObject("Eklipse Landing Page/Page_Eklipse/Check out 200"), 0, CONTINUE_ON_FAILURE): Object 'Object Repository/Eklipse Landing Page/Page_Eklipse/Check out 200' is present

15-07-2024T15:10:48 - [MESSAGE][WARNING] - Timeout '0' is invalid. Using default page load timeout: '30'

15-07-2024T15:10:49 - [MESSAGE][PASSED] - Object 'Object Repository/Eklipse Landing Page/Page_Eklipse/Check out 200' is present

15-07-2024T15:10:49 - [TEST_STEP][PASSED] - verifyElementPresent(findTestObject("Eklipse Landing Page/Page_Eklipse/COD Streamers"), 0, CONTINUE_ON_FAILURE): Object 'Object Repository/Eklipse Landing Page/Page_Eklipse/COD Streamers' is present

15-07-2024T15:10:49 - [MESSAGE][WARNING] - Timeout '0' is invalid. Using default page load timeout: '30'

15-07-2024T15:10:49 - [MESSAGE][PASSED] - Object 'Object Repository/Eklipse Landing Page/Page_Eklipse/COD Streamers' is present

15-07-2024T15:10:49 - [TEST_STEP][PASSED] - verifyElementPresent(findTestObject("Eklipse Landing Page/Page_Eklipse/COD Streamers div"), 0, CONTINUE_ON_FAILURE): Object 'Object Repository/Eklipse Landing Page/Page_Eklipse/COD Streamers div' is present

15-07-2024T15:10:49 - [MESSAGE][WARNING] - Timeout '0' is invalid. Using default page load timeout: '30'

15-07-2024T15:10:49 - [MESSAGE][PASSED] - Object 'Object Repository/Eklipse Landing Page/Page_Eklipse/COD Streamers div' is present

15-07-2024T15:10:49 - [TEST_STEP][PASSED] - verifyElementPresent(findTestObject("Eklipse Landing Page/Page_Eklipse/Compatible with console"), 0, CONTINUE_ON_FAILURE): Object 'Object Repository/Eklipse Landing Page/Page_Eklipse/Compatible with console' is present

15-07-2024T15:10:49 - [MESSAGE][WARNING] - Timeout '0' is invalid. Using default page load timeout: '30'

15-07-2024T15:10:50 - [MESSAGE][PASSED] - Object 'Object Repository/Eklipse Landing Page/Page_Eklipse/Compatible with console' is present

15-07-2024T15:10:50 - [TEST_STEP][PASSED] - verifyElementPresent(findTestObject("Eklipse Landing Page/Page_Eklipse/Compatible with console text"), 0, CONTINUE_ON_FAILURE): Object 'Object Repository/Eklipse Landing Page/Page_Eklipse/Compatible with console text' is present

15-07-2024T15:10:50 - [MESSAGE][WARNING] - Timeout '0' is invalid. Using default page load timeout: '30'

15-07-2024T15:10:50 - [MESSAGE][PASSED] - Object 'Object Repository/Eklipse Landing Page/Page_Eklipse/Compatible with console text' is present

15-07-2024T15:10:50 - [TEST_STEP][PASSED] - verifyElementPresent(findTestObject("Eklipse Landing Page/Page_Eklipse/Console streamers"), 0, CONTINUE_ON_FAILURE): Object 'Object Repository/Eklipse Landing Page/Page_Eklipse/Console streamers' is present

15-07-2024T15:10:50 - [MESSAGE][WARNING] - Timeout '0' is invalid. Using default page load timeout: '30'

15-07-2024T15:10:50 - [MESSAGE][PASSED] - Object 'Object Repository/Eklipse Landing Page/Page_Eklipse/Console streamers' is present

15-07-2024T15:10:50 - [TEST_STEP][PASSED] - verifyElementPresent(findTestObject("Eklipse Landing Page/Page_Eklipse/Console streamers div"), 0, CONTINUE_ON_FAILURE): Object 'Object Repository/Eklipse Landing Page/Page_Eklipse/Console streamers div' is present

15-07-2024T15:10:50 - [MESSAGE][WARNING] - Timeout '0' is invalid. Using default page load timeout: '30'

15-07-2024T15:10:50 - [MESSAGE][PASSED] - Object 'Object Repository/Eklipse Landing Page/Page_Eklipse/Console streamers div' is present

15-07-2024T15:10:50 - [TEST_STEP][PASSED] - verifyElementPresent(findTestObject("Eklipse Landing Page/Page_Eklipse/Content publisher test"), 0, CONTINUE_ON_FAILURE): Object 'Object Repository/Eklipse Landing Page/Page_Eklipse/Content publisher test' is present

15-07-2024T15:10:50 - [MESSAGE][WARNING] - Timeout '0' is invalid. Using default page load timeout: '30'

15-07-2024T15:10:51 - [MESSAGE][PASSED] - Object 'Object Repository/Eklipse Landing Page/Page_Eklipse/Content publisher test' is present

15-07-2024T15:10:51 - [TEST_STEP][PASSED] - verifyElementPresent(findTestObject("Eklipse Landing Page/Page_Eklipse/Conternt publisher div"), 0, CONTINUE_ON_FAILURE): Object 'Object Repository/Eklipse Landing Page/Page_Eklipse/Conternt publisher div' is present

15-07-2024T15:10:51 - [MESSAGE][WARNING] - Timeout '0' is invalid. Using default page load timeout: '30'

15-07-2024T15:10:51 - [MESSAGE][PASSED] - Object 'Object Repository/Eklipse Landing Page/Page_Eklipse/Conternt publisher div' is present

15-07-2024T15:10:51 - [TEST_STEP][PASSED] - verifyElementPresent(findTestObject("Eklipse Landing Page/Page_Eklipse/Convert to TikTok"), 0, CONTINUE_ON_FAILURE): Object 'Object Repository/Eklipse Landing Page/Page_Eklipse/Convert to TikTok' is present

15-07-2024T15:10:51 - [MESSAGE][WARNING] - Timeout '0' is invalid. Using default page load timeout: '30'

15-07-2024T15:10:51 - [MESSAGE][PASSED] - Object 'Object Repository/Eklipse Landing Page/Page_Eklipse/Convert to TikTok' is present

15-07-2024T15:10:51 - [TEST_STEP][PASSED] - verifyElementPresent(findTestObject("Eklipse Landing Page/Page_Eklipse/Copyright  2023 Eklipse text"), 0, CONTINUE_ON_FAILURE): Object 'Object Repository/Eklipse Landing Page/Page_Eklipse/Copyright  2023 Eklipse text' is present

15-07-2024T15:10:51 - [MESSAGE][WARNING] - Timeout '0' is invalid. Using default page load timeout: '30'

15-07-2024T15:10:52 - [MESSAGE][PASSED] - Object 'Object Repository/Eklipse Landing Page/Page_Eklipse/Copyright  2023 Eklipse text' is present

15-07-2024T15:10:52 - [TEST_STEP][PASSED] - verifyElementPresent(findTestObject("Eklipse Landing Page/Page_Eklipse/Create viral shortclips"), 0, CONTINUE_ON_FAILURE): Object 'Object Repository/Eklipse Landing Page/Page_Eklipse/Create viral shortclips' is present

15-07-2024T15:10:52 - [MESSAGE][WARNING] - Timeout '0' is invalid. Using default page load timeout: '30'

15-07-2024T15:10:52 - [MESSAGE][PASSED] - Object 'Object Repository/Eklipse Landing Page/Page_Eklipse/Create viral shortclips' is present

15-07-2024T15:10:52 - [TEST_STEP][PASSED] - verifyElementPresent(findTestObject("Eklipse Landing Page/Page_Eklipse/Create viral shortclips div"), 0, CONTINUE_ON_FAILURE): Object 'Object Repository/Eklipse Landing Page/Page_Eklipse/Create viral shortclips div' is present

15-07-2024T15:10:52 - [MESSAGE][WARNING] - Timeout '0' is invalid. Using default page load timeout: '30'

15-07-2024T15:10:52 - [MESSAGE][PASSED] - Object 'Object Repository/Eklipse Landing Page/Page_Eklipse/Create viral shortclips div' is present

15-07-2024T15:10:52 - [TEST_STEP][PASSED] - verifyElementPresent(findTestObject("Eklipse Landing Page/Page_Eklipse/Dadbotgaming5.0 div"), 0, CONTINUE_ON_FAILURE): Object 'Object Repository/Eklipse Landing Page/Page_Eklipse/Dadbotgaming5.0 div' is present

15-07-2024T15:10:52 - [MESSAGE][WARNING] - Timeout '0' is invalid. Using default page load timeout: '30'

15-07-2024T15:10:53 - [MESSAGE][PASSED] - Object 'Object Repository/Eklipse Landing Page/Page_Eklipse/Dadbotgaming5.0 div' is present

15-07-2024T15:10:53 - [TEST_STEP][PASSED] - verifyElementPresent(findTestObject("Eklipse Landing Page/Page_Eklipse/Discovery"), 0, CONTINUE_ON_FAILURE): Object 'Object Repository/Eklipse Landing Page/Page_Eklipse/Discovery' is present

15-07-2024T15:10:53 - [MESSAGE][WARNING] - Timeout '0' is invalid. Using default page load timeout: '30'

15-07-2024T15:10:53 - [MESSAGE][PASSED] - Object 'Object Repository/Eklipse Landing Page/Page_Eklipse/Discovery' is present

15-07-2024T15:10:53 - [TEST_STEP][PASSED] - verifyElementPresent(findTestObject("Eklipse Landing Page/Page_Eklipse/Easy to use"), 0, CONTINUE_ON_FAILURE): Object 'Object Repository/Eklipse Landing Page/Page_Eklipse/Easy to use' is present

15-07-2024T15:10:53 - [MESSAGE][WARNING] - Timeout '0' is invalid. Using default page load timeout: '30'

15-07-2024T15:10:53 - [MESSAGE][PASSED] - Object 'Object Repository/Eklipse Landing Page/Page_Eklipse/Easy to use' is present

15-07-2024T15:10:53 - [TEST_STEP][PASSED] - verifyElementPresent(findTestObject("Eklipse Landing Page/Page_Eklipse/Edit Directly on Eklipse text"), 0, CONTINUE_ON_FAILURE): Object 'Object Repository/Eklipse Landing Page/Page_Eklipse/Edit Directly on Eklipse text' is present

15-07-2024T15:10:53 - [MESSAGE][WARNING] - Timeout '0' is invalid. Using default page load timeout: '30'

15-07-2024T15:10:54 - [MESSAGE][PASSED] - Object 'Object Repository/Eklipse Landing Page/Page_Eklipse/Edit Directly on Eklipse text' is present

15-07-2024T15:10:54 - [TEST_STEP][PASSED] - verifyElementPresent(findTestObject("Eklipse Landing Page/Page_Eklipse/Eklipse is already FREE text"), 0, CONTINUE_ON_FAILURE): Object 'Object Repository/Eklipse Landing Page/Page_Eklipse/Eklipse is already FREE text' is present

15-07-2024T15:10:54 - [MESSAGE][WARNING] - Timeout '0' is invalid. Using default page load timeout: '30'

15-07-2024T15:10:54 - [MESSAGE][PASSED] - Object 'Object Repository/Eklipse Landing Page/Page_Eklipse/Eklipse is already FREE text' is present

15-07-2024T15:10:54 - [TEST_STEP][PASSED] - verifyElementPresent(findTestObject("Eklipse Landing Page/Page_Eklipse/Eklipse only AI Video text"), 0, CONTINUE_ON_FAILURE): Object 'Object Repository/Eklipse Landing Page/Page_Eklipse/Eklipse only AI Video text' is present

15-07-2024T15:10:54 - [MESSAGE][WARNING] - Timeout '0' is invalid. Using default page load timeout: '30'

15-07-2024T15:10:54 - [MESSAGE][PASSED] - Object 'Object Repository/Eklipse Landing Page/Page_Eklipse/Eklipse only AI Video text' is present

15-07-2024T15:10:54 - [TEST_STEP][PASSED] - verifyElementPresent(findTestObject("Eklipse Landing Page/Page_Eklipse/Eklipse studio text"), 0, CONTINUE_ON_FAILURE): Object 'Object Repository/Eklipse Landing Page/Page_Eklipse/Eklipse studio text' is present

15-07-2024T15:10:54 - [MESSAGE][WARNING] - Timeout '0' is invalid. Using default page load timeout: '30'

15-07-2024T15:10:54 - [MESSAGE][PASSED] - Object 'Object Repository/Eklipse Landing Page/Page_Eklipse/Eklipse studio text' is present

15-07-2024T15:10:54 - [TEST_STEP][PASSED] - verifyElementPresent(findTestObject("Eklipse Landing Page/Page_Eklipse/Eklipse.gg text"), 0, CONTINUE_ON_FAILURE): Object 'Object Repository/Eklipse Landing Page/Page_Eklipse/Eklipse.gg text' is present

15-07-2024T15:10:54 - [MESSAGE][WARNING] - Timeout '0' is invalid. Using default page load timeout: '30'

15-07-2024T15:10:55 - [MESSAGE][PASSED] - Object 'Object Repository/Eklipse Landing Page/Page_Eklipse/Eklipse.gg text' is present

15-07-2024T15:10:55 - [TEST_STEP][PASSED] - verifyElementPresent(findTestObject("Eklipse Landing Page/Page_Eklipse/FEATURES landing page"), 0, CONTINUE_ON_FAILURE): Object 'Object Repository/Eklipse Landing Page/Page_Eklipse/FEATURES landing page' is present

15-07-2024T15:10:55 - [MESSAGE][WARNING] - Timeout '0' is invalid. Using default page load timeout: '30'

15-07-2024T15:10:55 - [MESSAGE][PASSED] - Object 'Object Repository/Eklipse Landing Page/Page_Eklipse/FEATURES landing page' is present

15-07-2024T15:10:55 - [TEST_STEP][PASSED] - verifyElementPresent(findTestObject("Eklipse Landing Page/Page_Eklipse/Fortnite Streamers"), 0, CONTINUE_ON_FAILURE): Object 'Object Repository/Eklipse Landing Page/Page_Eklipse/Fortnite Streamers' is present

15-07-2024T15:10:55 - [MESSAGE][WARNING] - Timeout '0' is invalid. Using default page load timeout: '30'

15-07-2024T15:10:55 - [MESSAGE][PASSED] - Object 'Object Repository/Eklipse Landing Page/Page_Eklipse/Fortnite Streamers' is present

15-07-2024T15:10:55 - [TEST_STEP][PASSED] - verifyElementPresent(findTestObject("Eklipse Landing Page/Page_Eklipse/Fortnite streamers div"), 0, CONTINUE_ON_FAILURE): Object 'Object Repository/Eklipse Landing Page/Page_Eklipse/Fortnite streamers div' is present

15-07-2024T15:10:55 - [MESSAGE][WARNING] - Timeout '0' is invalid. Using default page load timeout: '30'

15-07-2024T15:10:55 - [MESSAGE][PASSED] - Object 'Object Repository/Eklipse Landing Page/Page_Eklipse/Fortnite streamers div' is present

15-07-2024T15:10:55 - [TEST_STEP][PASSED] - verifyElementPresent(findTestObject("Eklipse Landing Page/Page_Eklipse/FREE  Features"), 0, CONTINUE_ON_FAILURE): Object 'Object Repository/Eklipse Landing Page/Page_Eklipse/FREE  Features' is present

15-07-2024T15:10:55 - [MESSAGE][WARNING] - Timeout '0' is invalid. Using default page load timeout: '30'

15-07-2024T15:10:56 - [MESSAGE][PASSED] - Object 'Object Repository/Eklipse Landing Page/Page_Eklipse/FREE  Features' is present

15-07-2024T15:10:56 - [TEST_STEP][PASSED] - verifyElementPresent(findTestObject("Eklipse Landing Page/Page_Eklipse/Funny moment capture button"), 0, CONTINUE_ON_FAILURE): Object 'Object Repository/Eklipse Landing Page/Page_Eklipse/Funny moment capture button' is present

15-07-2024T15:10:56 - [MESSAGE][WARNING] - Timeout '0' is invalid. Using default page load timeout: '30'

15-07-2024T15:10:56 - [MESSAGE][PASSED] - Object 'Object Repository/Eklipse Landing Page/Page_Eklipse/Funny moment capture button' is present

15-07-2024T15:10:56 - [TEST_STEP][PASSED] - verifyElementPresent(findTestObject("Eklipse Landing Page/Page_Eklipse/Gaming Stream Highlights div"), 0, CONTINUE_ON_FAILURE): Object 'Object Repository/Eklipse Landing Page/Page_Eklipse/Gaming Stream Highlights div' is present

15-07-2024T15:10:56 - [MESSAGE][WARNING] - Timeout '0' is invalid. Using default page load timeout: '30'

15-07-2024T15:10:56 - [MESSAGE][PASSED] - Object 'Object Repository/Eklipse Landing Page/Page_Eklipse/Gaming Stream Highlights div' is present

15-07-2024T15:10:56 - [TEST_STEP][PASSED] - verifyElementPresent(findTestObject("Eklipse Landing Page/Page_Eklipse/Gaming stream text"), 0, CONTINUE_ON_FAILURE): Object 'Object Repository/Eklipse Landing Page/Page_Eklipse/Gaming stream text' is present

15-07-2024T15:10:56 - [MESSAGE][WARNING] - Timeout '0' is invalid. Using default page load timeout: '30'

15-07-2024T15:10:57 - [MESSAGE][PASSED] - Object 'Object Repository/Eklipse Landing Page/Page_Eklipse/Gaming stream text' is present

15-07-2024T15:10:57 - [TEST_STEP][PASSED] - verifyElementPresent(findTestObject("Eklipse Landing Page/Page_Eklipse/Gaming Streams to TikToks"), 0, CONTINUE_ON_FAILURE): Object 'Object Repository/Eklipse Landing Page/Page_Eklipse/Gaming Streams to TikToks' is present

15-07-2024T15:10:57 - [MESSAGE][WARNING] - Timeout '0' is invalid. Using default page load timeout: '30'

15-07-2024T15:10:57 - [MESSAGE][PASSED] - Object 'Object Repository/Eklipse Landing Page/Page_Eklipse/Gaming Streams to TikToks' is present

15-07-2024T15:10:57 - [TEST_STEP][PASSED] - verifyElementPresent(findTestObject("Eklipse Landing Page/Page_Eklipse/Gaming Streams to TikToks Text"), 0, CONTINUE_ON_FAILURE): Object 'Object Repository/Eklipse Landing Page/Page_Eklipse/Gaming Streams to TikToks Text' is present

15-07-2024T15:10:57 - [MESSAGE][WARNING] - Timeout '0' is invalid. Using default page load timeout: '30'

15-07-2024T15:10:57 - [MESSAGE][PASSED] - Object 'Object Repository/Eklipse Landing Page/Page_Eklipse/Gaming Streams to TikToks Text' is present

15-07-2024T15:10:57 - [TEST_STEP][PASSED] - verifyElementPresent(findTestObject("Eklipse Landing Page/Page_Eklipse/Get perfect highlight"), 0, CONTINUE_ON_FAILURE): Object 'Object Repository/Eklipse Landing Page/Page_Eklipse/Get perfect highlight' is present

15-07-2024T15:10:57 - [MESSAGE][WARNING] - Timeout '0' is invalid. Using default page load timeout: '30'

15-07-2024T15:10:58 - [MESSAGE][PASSED] - Object 'Object Repository/Eklipse Landing Page/Page_Eklipse/Get perfect highlight' is present

15-07-2024T15:10:58 - [TEST_STEP][PASSED] - verifyElementPresent(findTestObject("Eklipse Landing Page/Page_Eklipse/h2_Got More Questions"), 0, CONTINUE_ON_FAILURE): Object 'Object Repository/Eklipse Landing Page/Page_Eklipse/h2_Got More Questions' is present

15-07-2024T15:10:58 - [MESSAGE][WARNING] - Timeout '0' is invalid. Using default page load timeout: '30'

15-07-2024T15:10:58 - [MESSAGE][PASSED] - Object 'Object Repository/Eklipse Landing Page/Page_Eklipse/h2_Got More Questions' is present

15-07-2024T15:10:58 - [TEST_STEP][PASSED] - verifyElementPresent(findTestObject("Eklipse Landing Page/Page_Eklipse/h2_Process 3 streams"), 0, CONTINUE_ON_FAILURE): Object 'Object Repository/Eklipse Landing Page/Page_Eklipse/h2_Process 3 streams' is present

15-07-2024T15:10:58 - [MESSAGE][WARNING] - Timeout '0' is invalid. Using default page load timeout: '30'

15-07-2024T15:10:58 - [MESSAGE][PASSED] - Object 'Object Repository/Eklipse Landing Page/Page_Eklipse/h2_Process 3 streams' is present

15-07-2024T15:10:58 - [TEST_STEP][PASSED] - verifyElementPresent(findTestObject("Eklipse Landing Page/Page_Eklipse/How Clip Twitch YouTube"), 0, CONTINUE_ON_FAILURE): Object 'Object Repository/Eklipse Landing Page/Page_Eklipse/How Clip Twitch YouTube' is present

15-07-2024T15:10:58 - [MESSAGE][WARNING] - Timeout '0' is invalid. Using default page load timeout: '30'

15-07-2024T15:10:58 - [MESSAGE][PASSED] - Object 'Object Repository/Eklipse Landing Page/Page_Eklipse/How Clip Twitch YouTube' is present

15-07-2024T15:10:58 - [TEST_STEP][PASSED] - verifyElementPresent(findTestObject("Eklipse Landing Page/Page_Eklipse/How Stream Automatically"), 0, CONTINUE_ON_FAILURE): Object 'Object Repository/Eklipse Landing Page/Page_Eklipse/How Stream Automatically' is present

15-07-2024T15:10:58 - [MESSAGE][WARNING] - Timeout '0' is invalid. Using default page load timeout: '30'

15-07-2024T15:10:58 - [MESSAGE][PASSED] - Object 'Object Repository/Eklipse Landing Page/Page_Eklipse/How Stream Automatically' is present

15-07-2024T15:10:58 - [TEST_STEP][PASSED] - verifyElementPresent(findTestObject("Eklipse Landing Page/Page_Eklipse/How to YouTube"), 0, CONTINUE_ON_FAILURE): Object 'Object Repository/Eklipse Landing Page/Page_Eklipse/How to YouTube' is present

15-07-2024T15:10:58 - [MESSAGE][WARNING] - Timeout '0' is invalid. Using default page load timeout: '30'

15-07-2024T15:10:59 - [MESSAGE][PASSED] - Object 'Object Repository/Eklipse Landing Page/Page_Eklipse/How to YouTube' is present

15-07-2024T15:10:59 - [TEST_STEP][PASSED] - verifyElementPresent(findTestObject("Eklipse Landing Page/Page_Eklipse/How to YouTube div"), 0, CONTINUE_ON_FAILURE): Object 'Object Repository/Eklipse Landing Page/Page_Eklipse/How to YouTube div' is present

15-07-2024T15:10:59 - [MESSAGE][WARNING] - Timeout '0' is invalid. Using default page load timeout: '30'

15-07-2024T15:10:59 - [MESSAGE][PASSED] - Object 'Object Repository/Eklipse Landing Page/Page_Eklipse/How to YouTube div' is present

15-07-2024T15:10:59 - [TEST_STEP][PASSED] - verifyElementPresent(findTestObject("Eklipse Landing Page/Page_Eklipse/How to YouTube text"), 0, CONTINUE_ON_FAILURE): Object 'Object Repository/Eklipse Landing Page/Page_Eklipse/How to YouTube text' is present

15-07-2024T15:10:59 - [MESSAGE][WARNING] - Timeout '0' is invalid. Using default page load timeout: '30'

15-07-2024T15:10:59 - [MESSAGE][PASSED] - Object 'Object Repository/Eklipse Landing Page/Page_Eklipse/How to YouTube text' is present

15-07-2024T15:10:59 - [TEST_STEP][PASSED] - verifyElementPresent(findTestObject("Eklipse Landing Page/Page_Eklipse/Instagram"), 0, CONTINUE_ON_FAILURE): Object 'Object Repository/Eklipse Landing Page/Page_Eklipse/Instagram' is present

15-07-2024T15:10:59 - [MESSAGE][WARNING] - Timeout '0' is invalid. Using default page load timeout: '30'

15-07-2024T15:11:00 - [MESSAGE][PASSED] - Object 'Object Repository/Eklipse Landing Page/Page_Eklipse/Instagram' is present

15-07-2024T15:11:00 - [TEST_STEP][PASSED] - verifyElementPresent(findTestObject("Eklipse Landing Page/Page_Eklipse/Join Discord server_Discovery"), 0, CONTINUE_ON_FAILURE): Object 'Object Repository/Eklipse Landing Page/Page_Eklipse/Join Discord server_Discovery' is present

15-07-2024T15:11:00 - [MESSAGE][WARNING] - Timeout '0' is invalid. Using default page load timeout: '30'

15-07-2024T15:11:00 - [MESSAGE][PASSED] - Object 'Object Repository/Eklipse Landing Page/Page_Eklipse/Join Discord server_Discovery' is present

15-07-2024T15:11:00 - [TEST_STEP][PASSED] - verifyElementPresent(findTestObject("Eklipse Landing Page/Page_Eklipse/Just say clip it"), 0, CONTINUE_ON_FAILURE): Object 'Object Repository/Eklipse Landing Page/Page_Eklipse/Just say clip it' is present

15-07-2024T15:11:00 - [MESSAGE][WARNING] - Timeout '0' is invalid. Using default page load timeout: '30'

15-07-2024T15:11:00 - [MESSAGE][PASSED] - Object 'Object Repository/Eklipse Landing Page/Page_Eklipse/Just say clip it' is present

15-07-2024T15:11:00 - [TEST_STEP][PASSED] - verifyElementPresent(findTestObject("Eklipse Landing Page/Page_Eklipse/Kick Support div"), 0, CONTINUE_ON_FAILURE): Object 'Object Repository/Eklipse Landing Page/Page_Eklipse/Kick Support div' is present

15-07-2024T15:11:00 - [MESSAGE][WARNING] - Timeout '0' is invalid. Using default page load timeout: '30'

15-07-2024T15:11:00 - [MESSAGE][PASSED] - Object 'Object Repository/Eklipse Landing Page/Page_Eklipse/Kick Support div' is present

15-07-2024T15:11:00 - [TEST_STEP][PASSED] - verifyElementPresent(findTestObject("Eklipse Landing Page/Page_Eklipse/Kick support text"), 0, CONTINUE_ON_FAILURE): Object 'Object Repository/Eklipse Landing Page/Page_Eklipse/Kick support text' is present

15-07-2024T15:11:00 - [MESSAGE][WARNING] - Timeout '0' is invalid. Using default page load timeout: '30'

15-07-2024T15:11:01 - [MESSAGE][PASSED] - Object 'Object Repository/Eklipse Landing Page/Page_Eklipse/Kick support text' is present

15-07-2024T15:11:01 - [TEST_STEP][PASSED] - verifyElementPresent(findTestObject("Eklipse Landing Page/Page_Eklipse/Mobile app div"), 0, CONTINUE_ON_FAILURE): Object 'Object Repository/Eklipse Landing Page/Page_Eklipse/Mobile app div' is present

15-07-2024T15:11:01 - [MESSAGE][WARNING] - Timeout '0' is invalid. Using default page load timeout: '30'

15-07-2024T15:11:01 - [MESSAGE][PASSED] - Object 'Object Repository/Eklipse Landing Page/Page_Eklipse/Mobile app div' is present

15-07-2024T15:11:01 - [TEST_STEP][PASSED] - verifyElementPresent(findTestObject("Eklipse Landing Page/Page_Eklipse/Mobile app text"), 0, CONTINUE_ON_FAILURE): Object 'Object Repository/Eklipse Landing Page/Page_Eklipse/Mobile app text' is present

15-07-2024T15:11:01 - [MESSAGE][WARNING] - Timeout '0' is invalid. Using default page load timeout: '30'

15-07-2024T15:11:01 - [MESSAGE][PASSED] - Object 'Object Repository/Eklipse Landing Page/Page_Eklipse/Mobile app text' is present

15-07-2024T15:11:01 - [TEST_STEP][PASSED] - verifyElementPresent(findTestObject("Eklipse Landing Page/Page_Eklipse/Plan and Post Content text"), 0, CONTINUE_ON_FAILURE): Object 'Object Repository/Eklipse Landing Page/Page_Eklipse/Plan and Post Content text' is present

15-07-2024T15:11:01 - [MESSAGE][WARNING] - Timeout '0' is invalid. Using default page load timeout: '30'

15-07-2024T15:11:02 - [MESSAGE][PASSED] - Object 'Object Repository/Eklipse Landing Page/Page_Eklipse/Plan and Post Content text' is present

15-07-2024T15:11:02 - [TEST_STEP][PASSED] - verifyElementPresent(findTestObject("Eklipse Landing Page/Page_Eklipse/Post to socials"), 0, CONTINUE_ON_FAILURE): Object 'Object Repository/Eklipse Landing Page/Page_Eklipse/Post to socials' is present

15-07-2024T15:11:02 - [MESSAGE][WARNING] - Timeout '0' is invalid. Using default page load timeout: '30'

15-07-2024T15:11:02 - [MESSAGE][PASSED] - Object 'Object Repository/Eklipse Landing Page/Page_Eklipse/Post to socials' is present

15-07-2024T15:11:02 - [TEST_STEP][PASSED] - verifyElementPresent(findTestObject("Eklipse Landing Page/Page_Eklipse/PREMIUM Features"), 0, CONTINUE_ON_FAILURE): Object 'Object Repository/Eklipse Landing Page/Page_Eklipse/PREMIUM Features' is present

15-07-2024T15:11:02 - [MESSAGE][WARNING] - Timeout '0' is invalid. Using default page load timeout: '30'

15-07-2024T15:11:02 - [MESSAGE][PASSED] - Object 'Object Repository/Eklipse Landing Page/Page_Eklipse/PREMIUM Features' is present

15-07-2024T15:11:02 - [TEST_STEP][PASSED] - verifyElementPresent(findTestObject("Eklipse Landing Page/Page_Eklipse/Premium Just Got Better"), 0, CONTINUE_ON_FAILURE): Object 'Object Repository/Eklipse Landing Page/Page_Eklipse/Premium Just Got Better' is present

15-07-2024T15:11:02 - [MESSAGE][WARNING] - Timeout '0' is invalid. Using default page load timeout: '30'

15-07-2024T15:11:02 - [MESSAGE][PASSED] - Object 'Object Repository/Eklipse Landing Page/Page_Eklipse/Premium Just Got Better' is present

15-07-2024T15:11:02 - [TEST_STEP][PASSED] - verifyElementPresent(findTestObject("Eklipse Landing Page/Page_Eklipse/Pro Edits div"), 0, CONTINUE_ON_FAILURE): Object 'Object Repository/Eklipse Landing Page/Page_Eklipse/Pro Edits div' is present

15-07-2024T15:11:02 - [MESSAGE][WARNING] - Timeout '0' is invalid. Using default page load timeout: '30'

15-07-2024T15:11:03 - [MESSAGE][PASSED] - Object 'Object Repository/Eklipse Landing Page/Page_Eklipse/Pro Edits div' is present

15-07-2024T15:11:03 - [TEST_STEP][PASSED] - verifyElementPresent(findTestObject("Eklipse Landing Page/Page_Eklipse/Pro edits text"), 0, CONTINUE_ON_FAILURE): Object 'Object Repository/Eklipse Landing Page/Page_Eklipse/Pro edits text' is present

15-07-2024T15:11:03 - [MESSAGE][WARNING] - Timeout '0' is invalid. Using default page load timeout: '30'

15-07-2024T15:11:03 - [MESSAGE][PASSED] - Object 'Object Repository/Eklipse Landing Page/Page_Eklipse/Pro edits text' is present

15-07-2024T15:11:03 - [TEST_STEP][PASSED] - verifyElementPresent(findTestObject("Eklipse Landing Page/Page_Eklipse/Reviews 389 Excellent text"), 0, CONTINUE_ON_FAILURE): Object 'Object Repository/Eklipse Landing Page/Page_Eklipse/Reviews 389 Excellent text' is present

15-07-2024T15:11:03 - [MESSAGE][WARNING] - Timeout '0' is invalid. Using default page load timeout: '30'

15-07-2024T15:11:04 - [MESSAGE][PASSED] - Object 'Object Repository/Eklipse Landing Page/Page_Eklipse/Reviews 389 Excellent text' is present

15-07-2024T15:11:04 - [TEST_STEP][PASSED] - verifyElementPresent(findTestObject("Eklipse Landing Page/Page_Eklipse/Schedulling"), 0, CONTINUE_ON_FAILURE): Object 'Object Repository/Eklipse Landing Page/Page_Eklipse/Schedulling' is present

15-07-2024T15:11:04 - [MESSAGE][WARNING] - Timeout '0' is invalid. Using default page load timeout: '30'

15-07-2024T15:11:04 - [MESSAGE][PASSED] - Object 'Object Repository/Eklipse Landing Page/Page_Eklipse/Schedulling' is present

15-07-2024T15:11:04 - [TEST_STEP][PASSED] - verifyElementPresent(findTestObject("Eklipse Landing Page/Page_Eklipse/share highlights video"), 0, CONTINUE_ON_FAILURE): Object 'Object Repository/Eklipse Landing Page/Page_Eklipse/share highlights video' is present

15-07-2024T15:11:04 - [MESSAGE][WARNING] - Timeout '0' is invalid. Using default page load timeout: '30'

15-07-2024T15:11:04 - [MESSAGE][PASSED] - Object 'Object Repository/Eklipse Landing Page/Page_Eklipse/share highlights video' is present

15-07-2024T15:11:04 - [TEST_STEP][PASSED] - verifyElementPresent(findTestObject("Eklipse Landing Page/Page_Eklipse/Support all platforms"), 0, CONTINUE_ON_FAILURE): Object 'Object Repository/Eklipse Landing Page/Page_Eklipse/Support all platforms' is present

15-07-2024T15:11:04 - [MESSAGE][WARNING] - Timeout '0' is invalid. Using default page load timeout: '30'

15-07-2024T15:11:05 - [MESSAGE][PASSED] - Object 'Object Repository/Eklipse Landing Page/Page_Eklipse/Support all platforms' is present

15-07-2024T15:11:05 - [TEST_STEP][PASSED] - verifyElementPresent(findTestObject("Eklipse Landing Page/Page_Eklipse/Support all streaming text"), 0, CONTINUE_ON_FAILURE): Object 'Object Repository/Eklipse Landing Page/Page_Eklipse/Support all streaming text' is present

15-07-2024T15:11:05 - [MESSAGE][WARNING] - Timeout '0' is invalid. Using default page load timeout: '30'

15-07-2024T15:11:05 - [MESSAGE][PASSED] - Object 'Object Repository/Eklipse Landing Page/Page_Eklipse/Support all streaming text' is present

15-07-2024T15:11:05 - [TEST_STEP][PASSED] - verifyElementPresent(findTestObject("Eklipse Landing Page/Page_Eklipse/svg_Built for everyone"), 0, CONTINUE_ON_FAILURE): Object 'Object Repository/Eklipse Landing Page/Page_Eklipse/svg_Built for everyone' is present

15-07-2024T15:11:05 - [MESSAGE][WARNING] - Timeout '0' is invalid. Using default page load timeout: '30'

15-07-2024T15:11:05 - [MESSAGE][PASSED] - Object 'Object Repository/Eklipse Landing Page/Page_Eklipse/svg_Built for everyone' is present

15-07-2024T15:11:05 - [TEST_STEP][PASSED] - verifyElementPresent(findTestObject("Eklipse Landing Page/Page_Eklipse/TikTok"), 0, CONTINUE_ON_FAILURE): Object 'Object Repository/Eklipse Landing Page/Page_Eklipse/TikTok' is present

15-07-2024T15:11:05 - [MESSAGE][WARNING] - Timeout '0' is invalid. Using default page load timeout: '30'

15-07-2024T15:11:06 - [MESSAGE][PASSED] - Object 'Object Repository/Eklipse Landing Page/Page_Eklipse/TikTok' is present

15-07-2024T15:11:06 - [TEST_STEP][PASSED] - verifyElementPresent(findTestObject("Eklipse Landing Page/Page_Eklipse/Trusted by 100000"), 0, CONTINUE_ON_FAILURE): Object 'Object Repository/Eklipse Landing Page/Page_Eklipse/Trusted by 100000' is present

15-07-2024T15:11:06 - [MESSAGE][WARNING] - Timeout '0' is invalid. Using default page load timeout: '30'

15-07-2024T15:11:06 - [MESSAGE][PASSED] - Object 'Object Repository/Eklipse Landing Page/Page_Eklipse/Trusted by 100000' is present

15-07-2024T15:11:06 - [TEST_STEP][PASSED] - verifyElementPresent(findTestObject("Eklipse Landing Page/Page_Eklipse/Twitch clips into Tiktoks"), 0, CONTINUE_ON_FAILURE): Object 'Object Repository/Eklipse Landing Page/Page_Eklipse/Twitch clips into Tiktoks' is present

15-07-2024T15:11:06 - [MESSAGE][WARNING] - Timeout '0' is invalid. Using default page load timeout: '30'

15-07-2024T15:11:06 - [MESSAGE][PASSED] - Object 'Object Repository/Eklipse Landing Page/Page_Eklipse/Twitch clips into Tiktoks' is present

15-07-2024T15:11:06 - [TEST_STEP][PASSED] - verifyElementPresent(findTestObject("Eklipse Landing Page/Page_Eklipse/twitter"), 0, CONTINUE_ON_FAILURE): Object 'Object Repository/Eklipse Landing Page/Page_Eklipse/twitter' is present

15-07-2024T15:11:06 - [MESSAGE][WARNING] - Timeout '0' is invalid. Using default page load timeout: '30'

15-07-2024T15:11:06 - [MESSAGE][PASSED] - Object 'Object Repository/Eklipse Landing Page/Page_Eklipse/twitter' is present

15-07-2024T15:11:06 - [TEST_STEP][PASSED] - verifyElementPresent(findTestObject("Eklipse Landing Page/Page_Eklipse/UI Detection button"), 0, CONTINUE_ON_FAILURE): Object 'Object Repository/Eklipse Landing Page/Page_Eklipse/UI Detection button' is present

15-07-2024T15:11:06 - [MESSAGE][WARNING] - Timeout '0' is invalid. Using default page load timeout: '30'

15-07-2024T15:11:06 - [MESSAGE][PASSED] - Object 'Object Repository/Eklipse Landing Page/Page_Eklipse/UI Detection button' is present

15-07-2024T15:11:06 - [TEST_STEP][PASSED] - verifyElementPresent(findTestObject("Eklipse Landing Page/Page_Eklipse/Upgrade to premium"), 0, CONTINUE_ON_FAILURE): Object 'Object Repository/Eklipse Landing Page/Page_Eklipse/Upgrade to premium' is present

15-07-2024T15:11:06 - [MESSAGE][WARNING] - Timeout '0' is invalid. Using default page load timeout: '30'

15-07-2024T15:11:07 - [MESSAGE][PASSED] - Object 'Object Repository/Eklipse Landing Page/Page_Eklipse/Upgrade to premium' is present

15-07-2024T15:11:07 - [TEST_STEP][PASSED] - verifyElementPresent(findTestObject("Eklipse Landing Page/Page_Eklipse/Use Case COD streamer"), 0, CONTINUE_ON_FAILURE): Object 'Object Repository/Eklipse Landing Page/Page_Eklipse/Use Case COD streamer' is present

15-07-2024T15:11:07 - [MESSAGE][WARNING] - Timeout '0' is invalid. Using default page load timeout: '30'

15-07-2024T15:11:07 - [MESSAGE][PASSED] - Object 'Object Repository/Eklipse Landing Page/Page_Eklipse/Use Case COD streamer' is present

15-07-2024T15:11:07 - [TEST_STEP][PASSED] - verifyElementPresent(findTestObject("Eklipse Landing Page/Page_Eklipse/Using templates"), 0, CONTINUE_ON_FAILURE): Object 'Object Repository/Eklipse Landing Page/Page_Eklipse/Using templates' is present

15-07-2024T15:11:07 - [MESSAGE][WARNING] - Timeout '0' is invalid. Using default page load timeout: '30'

15-07-2024T15:11:07 - [MESSAGE][PASSED] - Object 'Object Repository/Eklipse Landing Page/Page_Eklipse/Using templates' is present

15-07-2024T15:11:07 - [TEST_STEP][PASSED] - verifyElementPresent(findTestObject("Eklipse Landing Page/Page_Eklipse/Video reviews 389"), 0, CONTINUE_ON_FAILURE): Object 'Object Repository/Eklipse Landing Page/Page_Eklipse/Video reviews 389' is present

15-07-2024T15:11:07 - [MESSAGE][WARNING] - Timeout '0' is invalid. Using default page load timeout: '30'

15-07-2024T15:11:08 - [MESSAGE][PASSED] - Object 'Object Repository/Eklipse Landing Page/Page_Eklipse/Video reviews 389' is present

15-07-2024T15:11:08 - [TEST_STEP][PASSED] - verifyElementPresent(findTestObject("Eklipse Landing Page/Page_Eklipse/Video Reviews 389 div"), 0, CONTINUE_ON_FAILURE): Object 'Object Repository/Eklipse Landing Page/Page_Eklipse/Video Reviews 389 div' is present

15-07-2024T15:11:08 - [MESSAGE][WARNING] - Timeout '0' is invalid. Using default page load timeout: '30'

15-07-2024T15:11:08 - [MESSAGE][PASSED] - Object 'Object Repository/Eklipse Landing Page/Page_Eklipse/Video Reviews 389 div' is present

15-07-2024T15:11:08 - [TEST_STEP][PASSED] - verifyElementPresent(findTestObject("Eklipse Landing Page/Page_Eklipse/Voice command button"), 0, CONTINUE_ON_FAILURE): Object 'Object Repository/Eklipse Landing Page/Page_Eklipse/Voice command button' is present

15-07-2024T15:11:08 - [MESSAGE][WARNING] - Timeout '0' is invalid. Using default page load timeout: '30'

15-07-2024T15:11:08 - [MESSAGE][PASSED] - Object 'Object Repository/Eklipse Landing Page/Page_Eklipse/Voice command button' is present

15-07-2024T15:11:08 - [TEST_STEP][PASSED] - verifyElementPresent(findTestObject("Eklipse Landing Page/Page_Eklipse/Voice Command div"), 0, CONTINUE_ON_FAILURE): Object 'Object Repository/Eklipse Landing Page/Page_Eklipse/Voice Command div' is present

15-07-2024T15:11:08 - [MESSAGE][WARNING] - Timeout '0' is invalid. Using default page load timeout: '30'

15-07-2024T15:11:08 - [MESSAGE][PASSED] - Object 'Object Repository/Eklipse Landing Page/Page_Eklipse/Voice Command div' is present

15-07-2024T15:11:08 - [TEST_STEP][PASSED] - verifyElementPresent(findTestObject("Eklipse Landing Page/Page_Eklipse/Voice command text"), 0, CONTINUE_ON_FAILURE): Object 'Object Repository/Eklipse Landing Page/Page_Eklipse/Voice command text' is present

15-07-2024T15:11:08 - [MESSAGE][WARNING] - Timeout '0' is invalid. Using default page load timeout: '30'

15-07-2024T15:11:09 - [MESSAGE][PASSED] - Object 'Object Repository/Eklipse Landing Page/Page_Eklipse/Voice command text' is present

15-07-2024T15:11:09 - [TEST_STEP][PASSED] - verifyElementPresent(findTestObject("Eklipse Landing Page/Page_Eklipse/We support 200 button"), 0, CONTINUE_ON_FAILURE): Object 'Object Repository/Eklipse Landing Page/Page_Eklipse/We support 200 button' is present

15-07-2024T15:11:09 - [MESSAGE][WARNING] - Timeout '0' is invalid. Using default page load timeout: '30'

15-07-2024T15:11:09 - [MESSAGE][PASSED] - Object 'Object Repository/Eklipse Landing Page/Page_Eklipse/We support 200 button' is present

15-07-2024T15:11:09 - [TEST_STEP][PASSED] - verifyElementPresent(findTestObject("Eklipse Landing Page/Page_Eklipse/What benefits of Eklipse.gg"), 0, CONTINUE_ON_FAILURE): Object 'Object Repository/Eklipse Landing Page/Page_Eklipse/What benefits of Eklipse.gg' is present

15-07-2024T15:11:09 - [MESSAGE][WARNING] - Timeout '0' is invalid. Using default page load timeout: '30'

15-07-2024T15:11:09 - [MESSAGE][PASSED] - Object 'Object Repository/Eklipse Landing Page/Page_Eklipse/What benefits of Eklipse.gg' is present

15-07-2024T15:11:09 - [TEST_STEP][PASSED] - verifyElementPresent(findTestObject("Eklipse Landing Page/Page_Eklipse/What can I do with Eklipse_preview"), 0, CONTINUE_ON_FAILURE): Object 'Object Repository/Eklipse Landing Page/Page_Eklipse/What can I do with Eklipse_preview' is present

15-07-2024T15:11:09 - [MESSAGE][WARNING] - Timeout '0' is invalid. Using default page load timeout: '30'

15-07-2024T15:11:09 - [MESSAGE][PASSED] - Object 'Object Repository/Eklipse Landing Page/Page_Eklipse/What can I do with Eklipse_preview' is present

15-07-2024T15:11:09 - [TEST_STEP][PASSED] - verifyElementPresent(findTestObject("Eklipse Landing Page/Page_Eklipse/What is Eklipse.gg"), 0, CONTINUE_ON_FAILURE): Object 'Object Repository/Eklipse Landing Page/Page_Eklipse/What is Eklipse.gg' is present

15-07-2024T15:11:09 - [MESSAGE][WARNING] - Timeout '0' is invalid. Using default page load timeout: '30'

15-07-2024T15:11:09 - [MESSAGE][PASSED] - Object 'Object Repository/Eklipse Landing Page/Page_Eklipse/What is Eklipse.gg' is present

15-07-2024T15:11:09 - [TEST_STEP][PASSED] - verifyElementPresent(findTestObject("Eklipse Landing Page/Page_Eklipse/What is Eklipse.gg div"), 0, CONTINUE_ON_FAILURE): Object 'Object Repository/Eklipse Landing Page/Page_Eklipse/What is Eklipse.gg div' is present

15-07-2024T15:11:09 - [MESSAGE][WARNING] - Timeout '0' is invalid. Using default page load timeout: '30'

15-07-2024T15:11:10 - [MESSAGE][PASSED] - Object 'Object Repository/Eklipse Landing Page/Page_Eklipse/What is Eklipse.gg div' is present

15-07-2024T15:11:10 - [TEST_STEP][PASSED] - verifyElementPresent(findTestObject("Eklipse Landing Page/Page_Eklipse/What is Eklipse.ggtext"), 0, CONTINUE_ON_FAILURE): Object 'Object Repository/Eklipse Landing Page/Page_Eklipse/What is Eklipse.ggtext' is present

15-07-2024T15:11:10 - [MESSAGE][WARNING] - Timeout '0' is invalid. Using default page load timeout: '30'

15-07-2024T15:11:10 - [MESSAGE][PASSED] - Object 'Object Repository/Eklipse Landing Page/Page_Eklipse/What is Eklipse.ggtext' is present

15-07-2024T15:11:10 - [TEST_STEP][PASSED] - verifyElementPresent(findTestObject("Eklipse Landing Page/Page_Eklipse/What is Eklipse_preview"), 0, CONTINUE_ON_FAILURE): Object 'Object Repository/Eklipse Landing Page/Page_Eklipse/What is Eklipse_preview' is present

15-07-2024T15:11:10 - [MESSAGE][WARNING] - Timeout '0' is invalid. Using default page load timeout: '30'

15-07-2024T15:11:10 - [MESSAGE][PASSED] - Object 'Object Repository/Eklipse Landing Page/Page_Eklipse/What is Eklipse_preview' is present

15-07-2024T15:11:10 - [TEST_STEP][PASSED] - verifyElementPresent(findTestObject("Eklipse Landing Page/Page_Eklipse/with AI text"), 0, CONTINUE_ON_FAILURE): Object 'Object Repository/Eklipse Landing Page/Page_Eklipse/with AI text' is present

15-07-2024T15:11:10 - [MESSAGE][WARNING] - Timeout '0' is invalid. Using default page load timeout: '30'

15-07-2024T15:11:10 - [MESSAGE][PASSED] - Object 'Object Repository/Eklipse Landing Page/Page_Eklipse/with AI text' is present

15-07-2024T15:11:10 - [TEST_STEP][PASSED] - verifyElementPresent(findTestObject("Eklipse Landing Page/Page_Eklipse/YouTube"), 0, CONTINUE_ON_FAILURE): Object 'Object Repository/Eklipse Landing Page/Page_Eklipse/YouTube' is present

15-07-2024T15:11:10 - [MESSAGE][WARNING] - Timeout '0' is invalid. Using default page load timeout: '30'

15-07-2024T15:11:10 - [MESSAGE][PASSED] - Object 'Object Repository/Eklipse Landing Page/Page_Eklipse/YouTube' is present

15-07-2024T15:11:10 - [TEST_STEP][PASSED] - closeBrowser(): Browser is closed

15-07-2024T15:11:11 - [MESSAGE][PASSED] - Browser is closed]]></system-out>
         <system-err><![CDATA[]]></system-err>
      </testcase>
      <system-out><![CDATA[15-07-2024T15:10:33 - [TEST_SUITE][PASSED] - TS007 - Verify landing page text: Test Cases/Eklipse Test/Landing page/TC004 - Verify landing page text]]></system-out>
      <system-err><![CDATA[]]></system-err>
   </testsuite>
</testsuites>
