<?xml version="1.0" encoding="UTF-8"?>
<testsuites name="TS11 - Hongkong appointment using data driven" time="67.983" tests="5" failures="0" errors="0">
   <testsuite name="TS11 - Hongkong appointment using data driven" tests="5" failures="0" errors="0" time="67.983" skipped="0" timestamp="15-07-2024T12:00:29" hostname="Lenovo - LAPTOP-7QB5JFLU" id="Test Suites/CURA Test suites/TS11 - Hongkong appointment using data driven">
      <properties>
         <property name="deviceName" value=""/>
         <property name="devicePlatform"/>
         <property name="logFolder" value="C:\\Users\\Lenovo\\git\\KatalonPractitionerLevel\\Reports\\20240715_120022\\CURA Test suites\\TS11 - Hongkong appointment using data driven\\20240715_120022"/>
         <property name="logFiles" value="C:\\Users\\Lenovo\\git\\KatalonPractitionerLevel\\Reports\\20240715_120022\\CURA Test suites\\TS11 - Hongkong appointment using data driven\\20240715_120022\\execution0.log"/>
         <property name="attachments" value=""/>
         <property name="hostName" value="Lenovo - LAPTOP-7QB5JFLU"/>
         <property name="os" value="Windows 11 64bit"/>
         <property name="katalonVersion" value="9.6.0.217"/>
         <property name="browser" value="Chrome 126.0.0.0"/>
         <property name="hostAddress" value="192.168.1.12"/>
         <property name="sessionId" value="0b1ee0f2c884fe9c51940f37e2ab0be9"/>
         <property name="seleniumVersion" value="3.141.59"/>
         <property name="proxyInformation" value="ProxyInformation { proxyOption=NO_PROXY, proxyServerType=HTTP, username=, password=********, proxyServerAddress=, proxyServerPort=0, executionList=&quot;&quot;, isApplyToDesiredCapabilities=true }"/>
         <property name="platform" value="Windows 11"/>
      </properties>
      <testcase name="Test Cases/CURA Web Test/TC19 - Hongkong Appointment using data driven" time="16.823" classname="Test Cases/CURA Web Test/TC19 - Hongkong Appointment using data driven" status="PASSED">
         <system-out><![CDATA[15-07-2024T12:00:30 - [TEST_CASE][PASSED] - Test Cases/CURA Web Test/TC19 - Hongkong Appointment using data driven: Test Cases/CURA Web Test/TC19 - Hongkong Appointment using data driven

15-07-2024T12:00:30 - [TEST_STEP][PASSED] - callTestCase(findTestCase("CURA Web Test/Properties/TCP01 - Open browser"), [:], STOP_ON_FAILURE): Call Test Case 'Test Cases/CURA Web Test/Properties/TCP01 - Open browser' successfully

15-07-2024T12:00:30 - [TEST_CASE][PASSED] - Test Cases/CURA Web Test/Properties/TCP01 - Open browser: Test Cases/CURA Web Test/Properties/TCP01 - Open browser

15-07-2024T12:00:30 - [TEST_STEP][PASSED] - openBrowser(""): Browser is opened with url: ''

15-07-2024T12:00:30 - [MESSAGE][INFO] - Starting 'Chrome' driver

15-07-2024T12:00:30 - [MESSAGE][INFO] - Action delay is set to 0 milliseconds

15-07-2024T12:00:32 - [MESSAGE][PASSED] - Browser is opened with url: ''

15-07-2024T12:00:32 - [TEST_STEP][PASSED] - navigateToUrl(URL): Navigate to 'https://katalon-demo-cura.herokuapp.com/' successfully

15-07-2024T12:00:35 - [MESSAGE][PASSED] - Navigate to 'https://katalon-demo-cura.herokuapp.com/' successfully

15-07-2024T12:00:35 - [MESSAGE][PASSED] - Call Test Case 'Test Cases/CURA Web Test/Properties/TCP01 - Open browser' successfully

15-07-2024T12:00:35 - [TEST_STEP][PASSED] - callTestCase(findTestCase("CURA Web Test/Properties/TCP02 - Login"), [:], STOP_ON_FAILURE): Call Test Case 'Test Cases/CURA Web Test/Properties/TCP02 - Login' successfully

15-07-2024T12:00:35 - [TEST_CASE][PASSED] - Test Cases/CURA Web Test/Properties/TCP02 - Login: Test Cases/CURA Web Test/Properties/TCP02 - Login

15-07-2024T12:00:35 - [TEST_STEP][PASSED] - click(findTestObject("1. CURA Object button/Make Appointment")): Object: 'Object Repository/1. CURA Object button/Make Appointment' is clicked on

15-07-2024T12:00:36 - [MESSAGE][PASSED] - Object: 'Object Repository/1. CURA Object button/Make Appointment' is clicked on

15-07-2024T12:00:36 - [TEST_STEP][PASSED] - verifyElementText(findTestObject("2. CURA Object Text/Login Text"), "Login"): Actual text and expected text of test object 'Object Repository/2. CURA Object Text/Login Text' are matched.

15-07-2024T12:00:37 - [MESSAGE][PASSED] - Actual text and expected text of test object 'Object Repository/2. CURA Object Text/Login Text' are matched.

15-07-2024T12:00:37 - [TEST_STEP][PASSED] - setText(findTestObject("1. CURA Object button/Username"), Username): Text 'John Doe' is set on object 'Object Repository/1. CURA Object button/Username'

15-07-2024T12:00:38 - [MESSAGE][PASSED] - Text 'John Doe' is set on object 'Object Repository/1. CURA Object button/Username'

15-07-2024T12:00:38 - [TEST_STEP][PASSED] - setText(findTestObject("1. CURA Object button/Password"), Password): Text 'ThisIsNotAPassword' is set on object 'Object Repository/1. CURA Object button/Password'

15-07-2024T12:00:38 - [MESSAGE][PASSED] - Text 'ThisIsNotAPassword' is set on object 'Object Repository/1. CURA Object button/Password'

15-07-2024T12:00:38 - [TEST_STEP][PASSED] - click(findTestObject("1. CURA Object button/Login Button")): Object: 'Object Repository/1. CURA Object button/Login Button' is clicked on

15-07-2024T12:00:39 - [MESSAGE][PASSED] - Object: 'Object Repository/1. CURA Object button/Login Button' is clicked on

15-07-2024T12:00:39 - [MESSAGE][PASSED] - Call Test Case 'Test Cases/CURA Web Test/Properties/TCP02 - Login' successfully

15-07-2024T12:00:39 - [TEST_STEP][PASSED] - selectOptionByValue(findTestObject("1. CURA Object button/Facility"), facility, true): All options with value 'Hongkong CURA Healthcare Center' are selected in object 'Object Repository/1. CURA Object button/Facility'  using regular expression

15-07-2024T12:00:41 - [MESSAGE][PASSED] - All options with value 'Hongkong CURA Healthcare Center' are selected in object 'Object Repository/1. CURA Object button/Facility'  using regular expression

15-07-2024T12:00:41 - [TEST_STEP][PASSED] - click(findTestObject("1. CURA Object button/Hospital Readmission")): Object: 'Object Repository/1. CURA Object button/Hospital Readmission' is clicked on

15-07-2024T12:00:41 - [MESSAGE][PASSED] - Object: 'Object Repository/1. CURA Object button/Hospital Readmission' is clicked on

15-07-2024T12:00:41 - [TEST_STEP][PASSED] - click(findTestObject("1. CURA Object button/None")): Object: 'Object Repository/1. CURA Object button/None' is clicked on

15-07-2024T12:00:42 - [MESSAGE][PASSED] - Object: 'Object Repository/1. CURA Object button/None' is clicked on

15-07-2024T12:00:42 - [TEST_STEP][PASSED] - click(findTestObject("1. CURA Object button/Visit Date")): Object: 'Object Repository/1. CURA Object button/Visit Date' is clicked on

15-07-2024T12:00:42 - [MESSAGE][PASSED] - Object: 'Object Repository/1. CURA Object button/Visit Date' is clicked on

15-07-2024T12:00:42 - [TEST_STEP][PASSED] - setText(findTestObject("1. CURA Object button/Visit Date"), visitdate): Text '22/07/2024' is set on object 'Object Repository/1. CURA Object button/Visit Date'

15-07-2024T12:00:43 - [MESSAGE][PASSED] - Text '22/07/2024' is set on object 'Object Repository/1. CURA Object button/Visit Date'

15-07-2024T12:00:43 - [TEST_STEP][PASSED] - setText(findTestObject("1. CURA Object button/Comment"), comment): Text 'Visit time: 9:00 AM' is set on object 'Object Repository/1. CURA Object button/Comment'

15-07-2024T12:00:44 - [MESSAGE][PASSED] - Text 'Visit time: 9:00 AM' is set on object 'Object Repository/1. CURA Object button/Comment'

15-07-2024T12:00:44 - [TEST_STEP][PASSED] - click(findTestObject("1. CURA Object button/Book Appointment")): Object: 'Object Repository/1. CURA Object button/Book Appointment' is clicked on

15-07-2024T12:00:45 - [MESSAGE][PASSED] - Object: 'Object Repository/1. CURA Object button/Book Appointment' is clicked on

15-07-2024T12:00:45 - [TEST_STEP][PASSED] - click(findTestObject("1. CURA Object button/Menu")): Object: 'Object Repository/1. CURA Object button/Menu' is clicked on

15-07-2024T12:00:45 - [MESSAGE][PASSED] - Object: 'Object Repository/1. CURA Object button/Menu' is clicked on

15-07-2024T12:00:45 - [TEST_STEP][PASSED] - click(findTestObject("1. CURA Object button/Home")): Object: 'Object Repository/1. CURA Object button/Home' is clicked on

15-07-2024T12:00:46 - [MESSAGE][PASSED] - Object: 'Object Repository/1. CURA Object button/Home' is clicked on

15-07-2024T12:00:46 - [TEST_STEP][PASSED] - click(findTestObject("1. CURA Object button/Make Appointment")): Object: 'Object Repository/1. CURA Object button/Make Appointment' is clicked on

15-07-2024T12:00:46 - [MESSAGE][PASSED] - Object: 'Object Repository/1. CURA Object button/Make Appointment' is clicked on]]></system-out>
         <system-err><![CDATA[]]></system-err>
      </testcase>
      <testcase name="Test Cases/CURA Web Test/TC19 - Hongkong Appointment using data driven" time="15.495" classname="Test Cases/CURA Web Test/TC19 - Hongkong Appointment using data driven" status="PASSED">
         <system-out><![CDATA[15-07-2024T12:00:46 - [TEST_CASE][PASSED] - Test Cases/CURA Web Test/TC19 - Hongkong Appointment using data driven: Test Cases/CURA Web Test/TC19 - Hongkong Appointment using data driven

15-07-2024T12:00:46 - [TEST_STEP][PASSED] - callTestCase(findTestCase("CURA Web Test/Properties/TCP01 - Open browser"), [:], STOP_ON_FAILURE): Call Test Case 'Test Cases/CURA Web Test/Properties/TCP01 - Open browser' successfully

15-07-2024T12:00:46 - [TEST_CASE][PASSED] - Test Cases/CURA Web Test/Properties/TCP01 - Open browser: Test Cases/CURA Web Test/Properties/TCP01 - Open browser

15-07-2024T12:00:47 - [TEST_STEP][PASSED] - openBrowser(""): Browser is opened with url: ''

15-07-2024T12:00:47 - [MESSAGE][WARNING] - A browser is already opened. Closing browser and opening a new one

15-07-2024T12:00:47 - [MESSAGE][INFO] - Starting 'Chrome' driver

15-07-2024T12:00:47 - [MESSAGE][INFO] - Action delay is set to 0 milliseconds

15-07-2024T12:00:48 - [MESSAGE][PASSED] - Browser is opened with url: ''

15-07-2024T12:00:48 - [TEST_STEP][PASSED] - navigateToUrl(URL): Navigate to 'https://katalon-demo-cura.herokuapp.com/' successfully

15-07-2024T12:00:51 - [MESSAGE][PASSED] - Navigate to 'https://katalon-demo-cura.herokuapp.com/' successfully

15-07-2024T12:00:51 - [MESSAGE][PASSED] - Call Test Case 'Test Cases/CURA Web Test/Properties/TCP01 - Open browser' successfully

15-07-2024T12:00:51 - [TEST_STEP][PASSED] - callTestCase(findTestCase("CURA Web Test/Properties/TCP02 - Login"), [:], STOP_ON_FAILURE): Call Test Case 'Test Cases/CURA Web Test/Properties/TCP02 - Login' successfully

15-07-2024T12:00:51 - [TEST_CASE][PASSED] - Test Cases/CURA Web Test/Properties/TCP02 - Login: Test Cases/CURA Web Test/Properties/TCP02 - Login

15-07-2024T12:00:51 - [TEST_STEP][PASSED] - click(findTestObject("1. CURA Object button/Make Appointment")): Object: 'Object Repository/1. CURA Object button/Make Appointment' is clicked on

15-07-2024T12:00:52 - [MESSAGE][PASSED] - Object: 'Object Repository/1. CURA Object button/Make Appointment' is clicked on

15-07-2024T12:00:52 - [TEST_STEP][PASSED] - verifyElementText(findTestObject("2. CURA Object Text/Login Text"), "Login"): Actual text and expected text of test object 'Object Repository/2. CURA Object Text/Login Text' are matched.

15-07-2024T12:00:52 - [MESSAGE][PASSED] - Actual text and expected text of test object 'Object Repository/2. CURA Object Text/Login Text' are matched.

15-07-2024T12:00:52 - [TEST_STEP][PASSED] - setText(findTestObject("1. CURA Object button/Username"), Username): Text 'John Doe' is set on object 'Object Repository/1. CURA Object button/Username'

15-07-2024T12:00:53 - [MESSAGE][PASSED] - Text 'John Doe' is set on object 'Object Repository/1. CURA Object button/Username'

15-07-2024T12:00:53 - [TEST_STEP][PASSED] - setText(findTestObject("1. CURA Object button/Password"), Password): Text 'ThisIsNotAPassword' is set on object 'Object Repository/1. CURA Object button/Password'

15-07-2024T12:00:54 - [MESSAGE][PASSED] - Text 'ThisIsNotAPassword' is set on object 'Object Repository/1. CURA Object button/Password'

15-07-2024T12:00:54 - [TEST_STEP][PASSED] - click(findTestObject("1. CURA Object button/Login Button")): Object: 'Object Repository/1. CURA Object button/Login Button' is clicked on

15-07-2024T12:00:55 - [MESSAGE][PASSED] - Object: 'Object Repository/1. CURA Object button/Login Button' is clicked on

15-07-2024T12:00:55 - [MESSAGE][PASSED] - Call Test Case 'Test Cases/CURA Web Test/Properties/TCP02 - Login' successfully

15-07-2024T12:00:55 - [TEST_STEP][PASSED] - selectOptionByValue(findTestObject("1. CURA Object button/Facility"), facility, true): All options with value 'Hongkong CURA Healthcare Center' are selected in object 'Object Repository/1. CURA Object button/Facility'  using regular expression

15-07-2024T12:00:56 - [MESSAGE][PASSED] - All options with value 'Hongkong CURA Healthcare Center' are selected in object 'Object Repository/1. CURA Object button/Facility'  using regular expression

15-07-2024T12:00:56 - [TEST_STEP][PASSED] - click(findTestObject("1. CURA Object button/Hospital Readmission")): Object: 'Object Repository/1. CURA Object button/Hospital Readmission' is clicked on

15-07-2024T12:00:57 - [MESSAGE][PASSED] - Object: 'Object Repository/1. CURA Object button/Hospital Readmission' is clicked on

15-07-2024T12:00:57 - [TEST_STEP][PASSED] - click(findTestObject("1. CURA Object button/None")): Object: 'Object Repository/1. CURA Object button/None' is clicked on

15-07-2024T12:00:57 - [MESSAGE][PASSED] - Object: 'Object Repository/1. CURA Object button/None' is clicked on

15-07-2024T12:00:57 - [TEST_STEP][PASSED] - click(findTestObject("1. CURA Object button/Visit Date")): Object: 'Object Repository/1. CURA Object button/Visit Date' is clicked on

15-07-2024T12:00:57 - [MESSAGE][PASSED] - Object: 'Object Repository/1. CURA Object button/Visit Date' is clicked on

15-07-2024T12:00:57 - [TEST_STEP][PASSED] - setText(findTestObject("1. CURA Object button/Visit Date"), visitdate): Text '01/08/2024' is set on object 'Object Repository/1. CURA Object button/Visit Date'

15-07-2024T12:00:58 - [MESSAGE][PASSED] - Text '01/08/2024' is set on object 'Object Repository/1. CURA Object button/Visit Date'

15-07-2024T12:00:58 - [TEST_STEP][PASSED] - setText(findTestObject("1. CURA Object button/Comment"), comment): Text 'Visit time: 1:00 PM' is set on object 'Object Repository/1. CURA Object button/Comment'

15-07-2024T12:00:59 - [MESSAGE][PASSED] - Text 'Visit time: 1:00 PM' is set on object 'Object Repository/1. CURA Object button/Comment'

15-07-2024T12:00:59 - [TEST_STEP][PASSED] - click(findTestObject("1. CURA Object button/Book Appointment")): Object: 'Object Repository/1. CURA Object button/Book Appointment' is clicked on

15-07-2024T12:01:00 - [MESSAGE][PASSED] - Object: 'Object Repository/1. CURA Object button/Book Appointment' is clicked on

15-07-2024T12:01:00 - [TEST_STEP][PASSED] - click(findTestObject("1. CURA Object button/Menu")): Object: 'Object Repository/1. CURA Object button/Menu' is clicked on

15-07-2024T12:01:01 - [MESSAGE][PASSED] - Object: 'Object Repository/1. CURA Object button/Menu' is clicked on

15-07-2024T12:01:01 - [TEST_STEP][PASSED] - click(findTestObject("1. CURA Object button/Home")): Object: 'Object Repository/1. CURA Object button/Home' is clicked on

15-07-2024T12:01:01 - [MESSAGE][PASSED] - Object: 'Object Repository/1. CURA Object button/Home' is clicked on

15-07-2024T12:01:01 - [TEST_STEP][PASSED] - click(findTestObject("1. CURA Object button/Make Appointment")): Object: 'Object Repository/1. CURA Object button/Make Appointment' is clicked on

15-07-2024T12:01:02 - [MESSAGE][PASSED] - Object: 'Object Repository/1. CURA Object button/Make Appointment' is clicked on]]></system-out>
         <system-err><![CDATA[]]></system-err>
      </testcase>
      <testcase name="Test Cases/CURA Web Test/TC19 - Hongkong Appointment using data driven" time="16.693" classname="Test Cases/CURA Web Test/TC19 - Hongkong Appointment using data driven" status="PASSED">
         <system-out><![CDATA[15-07-2024T12:01:02 - [TEST_CASE][PASSED] - Test Cases/CURA Web Test/TC19 - Hongkong Appointment using data driven: Test Cases/CURA Web Test/TC19 - Hongkong Appointment using data driven

15-07-2024T12:01:02 - [TEST_STEP][PASSED] - callTestCase(findTestCase("CURA Web Test/Properties/TCP01 - Open browser"), [:], STOP_ON_FAILURE): Call Test Case 'Test Cases/CURA Web Test/Properties/TCP01 - Open browser' successfully

15-07-2024T12:01:02 - [TEST_CASE][PASSED] - Test Cases/CURA Web Test/Properties/TCP01 - Open browser: Test Cases/CURA Web Test/Properties/TCP01 - Open browser

15-07-2024T12:01:02 - [TEST_STEP][PASSED] - openBrowser(""): Browser is opened with url: ''

15-07-2024T12:01:02 - [MESSAGE][WARNING] - A browser is already opened. Closing browser and opening a new one

15-07-2024T12:01:04 - [MESSAGE][INFO] - Starting 'Chrome' driver

15-07-2024T12:01:04 - [MESSAGE][INFO] - Action delay is set to 0 milliseconds

15-07-2024T12:01:05 - [MESSAGE][PASSED] - Browser is opened with url: ''

15-07-2024T12:01:05 - [TEST_STEP][PASSED] - navigateToUrl(URL): Navigate to 'https://katalon-demo-cura.herokuapp.com/' successfully

15-07-2024T12:01:08 - [MESSAGE][PASSED] - Navigate to 'https://katalon-demo-cura.herokuapp.com/' successfully

15-07-2024T12:01:08 - [MESSAGE][PASSED] - Call Test Case 'Test Cases/CURA Web Test/Properties/TCP01 - Open browser' successfully

15-07-2024T12:01:08 - [TEST_STEP][PASSED] - callTestCase(findTestCase("CURA Web Test/Properties/TCP02 - Login"), [:], STOP_ON_FAILURE): Call Test Case 'Test Cases/CURA Web Test/Properties/TCP02 - Login' successfully

15-07-2024T12:01:08 - [TEST_CASE][PASSED] - Test Cases/CURA Web Test/Properties/TCP02 - Login: Test Cases/CURA Web Test/Properties/TCP02 - Login

15-07-2024T12:01:08 - [TEST_STEP][PASSED] - click(findTestObject("1. CURA Object button/Make Appointment")): Object: 'Object Repository/1. CURA Object button/Make Appointment' is clicked on

15-07-2024T12:01:09 - [MESSAGE][PASSED] - Object: 'Object Repository/1. CURA Object button/Make Appointment' is clicked on

15-07-2024T12:01:09 - [TEST_STEP][PASSED] - verifyElementText(findTestObject("2. CURA Object Text/Login Text"), "Login"): Actual text and expected text of test object 'Object Repository/2. CURA Object Text/Login Text' are matched.

15-07-2024T12:01:09 - [MESSAGE][PASSED] - Actual text and expected text of test object 'Object Repository/2. CURA Object Text/Login Text' are matched.

15-07-2024T12:01:09 - [TEST_STEP][PASSED] - setText(findTestObject("1. CURA Object button/Username"), Username): Text 'John Doe' is set on object 'Object Repository/1. CURA Object button/Username'

15-07-2024T12:01:10 - [MESSAGE][PASSED] - Text 'John Doe' is set on object 'Object Repository/1. CURA Object button/Username'

15-07-2024T12:01:10 - [TEST_STEP][PASSED] - setText(findTestObject("1. CURA Object button/Password"), Password): Text 'ThisIsNotAPassword' is set on object 'Object Repository/1. CURA Object button/Password'

15-07-2024T12:01:11 - [MESSAGE][PASSED] - Text 'ThisIsNotAPassword' is set on object 'Object Repository/1. CURA Object button/Password'

15-07-2024T12:01:11 - [TEST_STEP][PASSED] - click(findTestObject("1. CURA Object button/Login Button")): Object: 'Object Repository/1. CURA Object button/Login Button' is clicked on

15-07-2024T12:01:12 - [MESSAGE][PASSED] - Object: 'Object Repository/1. CURA Object button/Login Button' is clicked on

15-07-2024T12:01:12 - [MESSAGE][PASSED] - Call Test Case 'Test Cases/CURA Web Test/Properties/TCP02 - Login' successfully

15-07-2024T12:01:12 - [TEST_STEP][PASSED] - selectOptionByValue(findTestObject("1. CURA Object button/Facility"), facility, true): All options with value 'Hongkong CURA Healthcare Center' are selected in object 'Object Repository/1. CURA Object button/Facility'  using regular expression

15-07-2024T12:01:13 - [MESSAGE][PASSED] - All options with value 'Hongkong CURA Healthcare Center' are selected in object 'Object Repository/1. CURA Object button/Facility'  using regular expression

15-07-2024T12:01:13 - [TEST_STEP][PASSED] - click(findTestObject("1. CURA Object button/Hospital Readmission")): Object: 'Object Repository/1. CURA Object button/Hospital Readmission' is clicked on

15-07-2024T12:01:14 - [MESSAGE][PASSED] - Object: 'Object Repository/1. CURA Object button/Hospital Readmission' is clicked on

15-07-2024T12:01:14 - [TEST_STEP][PASSED] - click(findTestObject("1. CURA Object button/None")): Object: 'Object Repository/1. CURA Object button/None' is clicked on

15-07-2024T12:01:14 - [MESSAGE][PASSED] - Object: 'Object Repository/1. CURA Object button/None' is clicked on

15-07-2024T12:01:14 - [TEST_STEP][PASSED] - click(findTestObject("1. CURA Object button/Visit Date")): Object: 'Object Repository/1. CURA Object button/Visit Date' is clicked on

15-07-2024T12:01:14 - [MESSAGE][PASSED] - Object: 'Object Repository/1. CURA Object button/Visit Date' is clicked on

15-07-2024T12:01:14 - [TEST_STEP][PASSED] - setText(findTestObject("1. CURA Object button/Visit Date"), visitdate): Text '17/08/2024' is set on object 'Object Repository/1. CURA Object button/Visit Date'

15-07-2024T12:01:15 - [MESSAGE][PASSED] - Text '17/08/2024' is set on object 'Object Repository/1. CURA Object button/Visit Date'

15-07-2024T12:01:15 - [TEST_STEP][PASSED] - setText(findTestObject("1. CURA Object button/Comment"), comment): Text 'Visit time: 3:00 PM' is set on object 'Object Repository/1. CURA Object button/Comment'

15-07-2024T12:01:16 - [MESSAGE][PASSED] - Text 'Visit time: 3:00 PM' is set on object 'Object Repository/1. CURA Object button/Comment'

15-07-2024T12:01:16 - [TEST_STEP][PASSED] - click(findTestObject("1. CURA Object button/Book Appointment")): Object: 'Object Repository/1. CURA Object button/Book Appointment' is clicked on

15-07-2024T12:01:17 - [MESSAGE][PASSED] - Object: 'Object Repository/1. CURA Object button/Book Appointment' is clicked on

15-07-2024T12:01:17 - [TEST_STEP][PASSED] - click(findTestObject("1. CURA Object button/Menu")): Object: 'Object Repository/1. CURA Object button/Menu' is clicked on

15-07-2024T12:01:18 - [MESSAGE][PASSED] - Object: 'Object Repository/1. CURA Object button/Menu' is clicked on

15-07-2024T12:01:18 - [TEST_STEP][PASSED] - click(findTestObject("1. CURA Object button/Home")): Object: 'Object Repository/1. CURA Object button/Home' is clicked on

15-07-2024T12:01:18 - [MESSAGE][PASSED] - Object: 'Object Repository/1. CURA Object button/Home' is clicked on

15-07-2024T12:01:18 - [TEST_STEP][PASSED] - click(findTestObject("1. CURA Object button/Make Appointment")): Object: 'Object Repository/1. CURA Object button/Make Appointment' is clicked on

15-07-2024T12:01:19 - [MESSAGE][PASSED] - Object: 'Object Repository/1. CURA Object button/Make Appointment' is clicked on]]></system-out>
         <system-err><![CDATA[]]></system-err>
      </testcase>
      <testcase name="Test Cases/CURA Web Test/TC19 - Hongkong Appointment using data driven" time="15.824" classname="Test Cases/CURA Web Test/TC19 - Hongkong Appointment using data driven" status="PASSED">
         <system-out><![CDATA[15-07-2024T12:01:19 - [TEST_CASE][PASSED] - Test Cases/CURA Web Test/TC19 - Hongkong Appointment using data driven: Test Cases/CURA Web Test/TC19 - Hongkong Appointment using data driven

15-07-2024T12:01:19 - [TEST_STEP][PASSED] - callTestCase(findTestCase("CURA Web Test/Properties/TCP01 - Open browser"), [:], STOP_ON_FAILURE): Call Test Case 'Test Cases/CURA Web Test/Properties/TCP01 - Open browser' successfully

15-07-2024T12:01:19 - [TEST_CASE][PASSED] - Test Cases/CURA Web Test/Properties/TCP01 - Open browser: Test Cases/CURA Web Test/Properties/TCP01 - Open browser

15-07-2024T12:01:19 - [TEST_STEP][PASSED] - openBrowser(""): Browser is opened with url: ''

15-07-2024T12:01:19 - [MESSAGE][WARNING] - A browser is already opened. Closing browser and opening a new one

15-07-2024T12:01:19 - [MESSAGE][INFO] - Starting 'Chrome' driver

15-07-2024T12:01:19 - [MESSAGE][INFO] - Action delay is set to 0 milliseconds

15-07-2024T12:01:21 - [MESSAGE][PASSED] - Browser is opened with url: ''

15-07-2024T12:01:21 - [TEST_STEP][PASSED] - navigateToUrl(URL): Navigate to 'https://katalon-demo-cura.herokuapp.com/' successfully

15-07-2024T12:01:23 - [MESSAGE][PASSED] - Navigate to 'https://katalon-demo-cura.herokuapp.com/' successfully

15-07-2024T12:01:23 - [MESSAGE][PASSED] - Call Test Case 'Test Cases/CURA Web Test/Properties/TCP01 - Open browser' successfully

15-07-2024T12:01:23 - [TEST_STEP][PASSED] - callTestCase(findTestCase("CURA Web Test/Properties/TCP02 - Login"), [:], STOP_ON_FAILURE): Call Test Case 'Test Cases/CURA Web Test/Properties/TCP02 - Login' successfully

15-07-2024T12:01:23 - [TEST_CASE][PASSED] - Test Cases/CURA Web Test/Properties/TCP02 - Login: Test Cases/CURA Web Test/Properties/TCP02 - Login

15-07-2024T12:01:23 - [TEST_STEP][PASSED] - click(findTestObject("1. CURA Object button/Make Appointment")): Object: 'Object Repository/1. CURA Object button/Make Appointment' is clicked on

15-07-2024T12:01:24 - [MESSAGE][PASSED] - Object: 'Object Repository/1. CURA Object button/Make Appointment' is clicked on

15-07-2024T12:01:24 - [TEST_STEP][PASSED] - verifyElementText(findTestObject("2. CURA Object Text/Login Text"), "Login"): Actual text and expected text of test object 'Object Repository/2. CURA Object Text/Login Text' are matched.

15-07-2024T12:01:25 - [MESSAGE][PASSED] - Actual text and expected text of test object 'Object Repository/2. CURA Object Text/Login Text' are matched.

15-07-2024T12:01:25 - [TEST_STEP][PASSED] - setText(findTestObject("1. CURA Object button/Username"), Username): Text 'John Doe' is set on object 'Object Repository/1. CURA Object button/Username'

15-07-2024T12:01:26 - [MESSAGE][PASSED] - Text 'John Doe' is set on object 'Object Repository/1. CURA Object button/Username'

15-07-2024T12:01:26 - [TEST_STEP][PASSED] - setText(findTestObject("1. CURA Object button/Password"), Password): Text 'ThisIsNotAPassword' is set on object 'Object Repository/1. CURA Object button/Password'

15-07-2024T12:01:27 - [MESSAGE][PASSED] - Text 'ThisIsNotAPassword' is set on object 'Object Repository/1. CURA Object button/Password'

15-07-2024T12:01:27 - [TEST_STEP][PASSED] - click(findTestObject("1. CURA Object button/Login Button")): Object: 'Object Repository/1. CURA Object button/Login Button' is clicked on

15-07-2024T12:01:28 - [MESSAGE][PASSED] - Object: 'Object Repository/1. CURA Object button/Login Button' is clicked on

15-07-2024T12:01:28 - [MESSAGE][PASSED] - Call Test Case 'Test Cases/CURA Web Test/Properties/TCP02 - Login' successfully

15-07-2024T12:01:28 - [TEST_STEP][PASSED] - selectOptionByValue(findTestObject("1. CURA Object button/Facility"), facility, true): All options with value 'Hongkong CURA Healthcare Center' are selected in object 'Object Repository/1. CURA Object button/Facility'  using regular expression

15-07-2024T12:01:29 - [MESSAGE][PASSED] - All options with value 'Hongkong CURA Healthcare Center' are selected in object 'Object Repository/1. CURA Object button/Facility'  using regular expression

15-07-2024T12:01:29 - [TEST_STEP][PASSED] - click(findTestObject("1. CURA Object button/Hospital Readmission")): Object: 'Object Repository/1. CURA Object button/Hospital Readmission' is clicked on

15-07-2024T12:01:29 - [MESSAGE][PASSED] - Object: 'Object Repository/1. CURA Object button/Hospital Readmission' is clicked on

15-07-2024T12:01:29 - [TEST_STEP][PASSED] - click(findTestObject("1. CURA Object button/None")): Object: 'Object Repository/1. CURA Object button/None' is clicked on

15-07-2024T12:01:30 - [MESSAGE][PASSED] - Object: 'Object Repository/1. CURA Object button/None' is clicked on

15-07-2024T12:01:30 - [TEST_STEP][PASSED] - click(findTestObject("1. CURA Object button/Visit Date")): Object: 'Object Repository/1. CURA Object button/Visit Date' is clicked on

15-07-2024T12:01:30 - [MESSAGE][PASSED] - Object: 'Object Repository/1. CURA Object button/Visit Date' is clicked on

15-07-2024T12:01:30 - [TEST_STEP][PASSED] - setText(findTestObject("1. CURA Object button/Visit Date"), visitdate): Text '02/01/2025' is set on object 'Object Repository/1. CURA Object button/Visit Date'

15-07-2024T12:01:31 - [MESSAGE][PASSED] - Text '02/01/2025' is set on object 'Object Repository/1. CURA Object button/Visit Date'

15-07-2024T12:01:31 - [TEST_STEP][PASSED] - setText(findTestObject("1. CURA Object button/Comment"), comment): Text 'Visit time: 7:00 AM' is set on object 'Object Repository/1. CURA Object button/Comment'

15-07-2024T12:01:32 - [MESSAGE][PASSED] - Text 'Visit time: 7:00 AM' is set on object 'Object Repository/1. CURA Object button/Comment'

15-07-2024T12:01:32 - [TEST_STEP][PASSED] - click(findTestObject("1. CURA Object button/Book Appointment")): Object: 'Object Repository/1. CURA Object button/Book Appointment' is clicked on

15-07-2024T12:01:33 - [MESSAGE][PASSED] - Object: 'Object Repository/1. CURA Object button/Book Appointment' is clicked on

15-07-2024T12:01:33 - [TEST_STEP][PASSED] - click(findTestObject("1. CURA Object button/Menu")): Object: 'Object Repository/1. CURA Object button/Menu' is clicked on

15-07-2024T12:01:33 - [MESSAGE][PASSED] - Object: 'Object Repository/1. CURA Object button/Menu' is clicked on

15-07-2024T12:01:33 - [TEST_STEP][PASSED] - click(findTestObject("1. CURA Object button/Home")): Object: 'Object Repository/1. CURA Object button/Home' is clicked on

15-07-2024T12:01:34 - [MESSAGE][PASSED] - Object: 'Object Repository/1. CURA Object button/Home' is clicked on

15-07-2024T12:01:34 - [TEST_STEP][PASSED] - click(findTestObject("1. CURA Object button/Make Appointment")): Object: 'Object Repository/1. CURA Object button/Make Appointment' is clicked on

15-07-2024T12:01:34 - [MESSAGE][PASSED] - Object: 'Object Repository/1. CURA Object button/Make Appointment' is clicked on]]></system-out>
         <system-err><![CDATA[]]></system-err>
      </testcase>
      <testcase name="Test Cases/CURA Web Test/Properties/TCP03 - Logout" time="2.573" classname="Test Cases/CURA Web Test/Properties/TCP03 - Logout" status="PASSED">
         <system-out><![CDATA[15-07-2024T12:01:34 - [TEST_CASE][PASSED] - Test Cases/CURA Web Test/Properties/TCP03 - Logout: Test Cases/CURA Web Test/Properties/TCP03 - Logout

15-07-2024T12:01:35 - [TEST_STEP][PASSED] - verifyElementText(findTestObject("2. CURA Object Text/Make Appointment"), "Make Appointment"): Actual text and expected text of test object 'Object Repository/2. CURA Object Text/Make Appointment' are matched.

15-07-2024T12:01:35 - [MESSAGE][PASSED] - Actual text and expected text of test object 'Object Repository/2. CURA Object Text/Make Appointment' are matched.

15-07-2024T12:01:35 - [TEST_STEP][PASSED] - click(findTestObject("1. CURA Object button/Menu")): Object: 'Object Repository/1. CURA Object button/Menu' is clicked on

15-07-2024T12:01:36 - [MESSAGE][PASSED] - Object: 'Object Repository/1. CURA Object button/Menu' is clicked on

15-07-2024T12:01:36 - [TEST_STEP][PASSED] - click(findTestObject("1. CURA Object button/Logout")): Object: 'Object Repository/1. CURA Object button/Logout' is clicked on

15-07-2024T12:01:37 - [MESSAGE][PASSED] - Object: 'Object Repository/1. CURA Object button/Logout' is clicked on

15-07-2024T12:01:37 - [TEST_STEP][PASSED] - closeBrowser(): Browser is closed

15-07-2024T12:01:37 - [MESSAGE][PASSED] - Browser is closed]]></system-out>
         <system-err><![CDATA[]]></system-err>
      </testcase>
      <system-out><![CDATA[15-07-2024T12:00:29 - [TEST_SUITE][PASSED] - TS11 - Hongkong appointment using data driven: Test Cases/CURA Web Test/Properties/TCP03 - Logout]]></system-out>
      <system-err><![CDATA[]]></system-err>
   </testsuite>
</testsuites>
